[yolo11n-cls] dataset=/ultralytics/zoo/dataset/CIFAR100 count=100 imgsz=224
Using CUDA runtime cudaDeviceSynchronize() for accurate TensorRT synchronization
/ultralytics/zoo/dataset/CIFAR100/airplane/data_batch_1_00029.png: 6.982 ms
/ultralytics/zoo/dataset/CIFAR100/airplane/data_batch_1_00030.png: 8.154 ms
/ultralytics/zoo/dataset/CIFAR100/airplane/data_batch_1_00035.png: 7.025 ms
/ultralytics/zoo/dataset/CIFAR100/airplane/data_batch_1_00049.png: 6.285 ms
/ultralytics/zoo/dataset/CIFAR100/airplane/data_batch_1_00077.png: 6.412 ms
/ultralytics/zoo/dataset/CIFAR100/airplane/data_batch_1_00093.png: 6.086 ms
/ultralytics/zoo/dataset/CIFAR100/airplane/data_batch_1_00115.png: 8.070 ms
/ultralytics/zoo/dataset/CIFAR100/airplane/data_batch_1_00116.png: 6.534 ms
/ultralytics/zoo/dataset/CIFAR100/airplane/data_batch_1_00129.png: 6.887 ms
/ultralytics/zoo/dataset/CIFAR100/airplane/data_batch_1_00165.png: 6.442 ms
/ultralytics/zoo/dataset/CIFAR100/automobile/data_batch_1_00004.png: 6.114 ms
/ultralytics/zoo/dataset/CIFAR100/automobile/data_batch_1_00005.png: 5.935 ms
/ultralytics/zoo/dataset/CIFAR100/automobile/data_batch_1_00032.png: 8.215 ms
/ultralytics/zoo/dataset/CIFAR100/automobile/data_batch_1_00044.png: 5.764 ms
/ultralytics/zoo/dataset/CIFAR100/automobile/data_batch_1_00045.png: 5.770 ms
/ultralytics/zoo/dataset/CIFAR100/automobile/data_batch_1_00046.png: 5.557 ms
/ultralytics/zoo/dataset/CIFAR100/automobile/data_batch_1_00060.png: 6.295 ms
/ultralytics/zoo/dataset/CIFAR100/automobile/data_batch_1_00061.png: 6.370 ms
/ultralytics/zoo/dataset/CIFAR100/automobile/data_batch_1_00064.png: 6.360 ms
/ultralytics/zoo/dataset/CIFAR100/automobile/data_batch_1_00065.png: 8.215 ms
/ultralytics/zoo/dataset/CIFAR100/bird/data_batch_1_00006.png: 6.859 ms
/ultralytics/zoo/dataset/CIFAR100/bird/data_batch_1_00013.png: 7.074 ms
/ultralytics/zoo/dataset/CIFAR100/bird/data_batch_1_00018.png: 6.042 ms
/ultralytics/zoo/dataset/CIFAR100/bird/data_batch_1_00024.png: 5.757 ms
/ultralytics/zoo/dataset/CIFAR100/bird/data_batch_1_00041.png: 5.669 ms
/ultralytics/zoo/dataset/CIFAR100/bird/data_batch_1_00042.png: 7.056 ms
/ultralytics/zoo/dataset/CIFAR100/bird/data_batch_1_00047.png: 6.843 ms
/ultralytics/zoo/dataset/CIFAR100/bird/data_batch_1_00048.png: 6.018 ms
/ultralytics/zoo/dataset/CIFAR100/bird/data_batch_1_00054.png: 5.759 ms
/ultralytics/zoo/dataset/CIFAR100/bird/data_batch_1_00055.png: 6.052 ms
/ultralytics/zoo/dataset/CIFAR100/cat/data_batch_1_00009.png: 7.960 ms
/ultralytics/zoo/dataset/CIFAR100/cat/data_batch_1_00017.png: 6.306 ms
/ultralytics/zoo/dataset/CIFAR100/cat/data_batch_1_00021.png: 6.670 ms
/ultralytics/zoo/dataset/CIFAR100/cat/data_batch_1_00026.png: 8.437 ms
/ultralytics/zoo/dataset/CIFAR100/cat/data_batch_1_00033.png: 6.777 ms
/ultralytics/zoo/dataset/CIFAR100/cat/data_batch_1_00036.png: 10.188 ms
/ultralytics/zoo/dataset/CIFAR100/cat/data_batch_1_00038.png: 6.454 ms
/ultralytics/zoo/dataset/CIFAR100/cat/data_batch_1_00039.png: 6.844 ms
/ultralytics/zoo/dataset/CIFAR100/cat/data_batch_1_00059.png: 6.969 ms
/ultralytics/zoo/dataset/CIFAR100/cat/data_batch_1_00074.png: 7.499 ms
/ultralytics/zoo/dataset/CIFAR100/deer/data_batch_1_00003.png: 7.122 ms
/ultralytics/zoo/dataset/CIFAR100/deer/data_batch_1_00010.png: 6.913 ms
/ultralytics/zoo/dataset/CIFAR100/deer/data_batch_1_00020.png: 7.836 ms
/ultralytics/zoo/dataset/CIFAR100/deer/data_batch_1_00028.png: 6.701 ms
/ultralytics/zoo/dataset/CIFAR100/deer/data_batch_1_00034.png: 5.987 ms
/ultralytics/zoo/dataset/CIFAR100/deer/data_batch_1_00058.png: 6.301 ms
/ultralytics/zoo/dataset/CIFAR100/deer/data_batch_1_00066.png: 6.111 ms
/ultralytics/zoo/dataset/CIFAR100/deer/data_batch_1_00082.png: 6.802 ms
/ultralytics/zoo/dataset/CIFAR100/deer/data_batch_1_00086.png: 6.431 ms
/ultralytics/zoo/dataset/CIFAR100/deer/data_batch_1_00089.png: 6.179 ms
/ultralytics/zoo/dataset/CIFAR100/dog/data_batch_1_00027.png: 5.869 ms
/ultralytics/zoo/dataset/CIFAR100/dog/data_batch_1_00040.png: 7.919 ms
/ultralytics/zoo/dataset/CIFAR100/dog/data_batch_1_00051.png: 5.936 ms
/ultralytics/zoo/dataset/CIFAR100/dog/data_batch_1_00056.png: 5.945 ms
/ultralytics/zoo/dataset/CIFAR100/dog/data_batch_1_00070.png: 7.309 ms
/ultralytics/zoo/dataset/CIFAR100/dog/data_batch_1_00081.png: 7.916 ms
/ultralytics/zoo/dataset/CIFAR100/dog/data_batch_1_00083.png: 6.742 ms
/ultralytics/zoo/dataset/CIFAR100/dog/data_batch_1_00107.png: 6.247 ms
/ultralytics/zoo/dataset/CIFAR100/dog/data_batch_1_00128.png: 6.094 ms
/ultralytics/zoo/dataset/CIFAR100/dog/data_batch_1_00148.png: 5.903 ms
/ultralytics/zoo/dataset/CIFAR100/frog/data_batch_1_00000.png: 6.808 ms
/ultralytics/zoo/dataset/CIFAR100/frog/data_batch_1_00019.png: 7.207 ms
/ultralytics/zoo/dataset/CIFAR100/frog/data_batch_1_00022.png: 7.161 ms
/ultralytics/zoo/dataset/CIFAR100/frog/data_batch_1_00023.png: 6.072 ms
/ultralytics/zoo/dataset/CIFAR100/frog/data_batch_1_00025.png: 5.732 ms
/ultralytics/zoo/dataset/CIFAR100/frog/data_batch_1_00072.png: 7.653 ms
/ultralytics/zoo/dataset/CIFAR100/frog/data_batch_1_00095.png: 7.043 ms
/ultralytics/zoo/dataset/CIFAR100/frog/data_batch_1_00103.png: 5.961 ms
/ultralytics/zoo/dataset/CIFAR100/frog/data_batch_1_00104.png: 8.173 ms
/ultralytics/zoo/dataset/CIFAR100/frog/data_batch_1_00117.png: 5.958 ms
/ultralytics/zoo/dataset/CIFAR100/horse/data_batch_1_00007.png: 6.210 ms
/ultralytics/zoo/dataset/CIFAR100/horse/data_batch_1_00011.png: 5.895 ms
/ultralytics/zoo/dataset/CIFAR100/horse/data_batch_1_00012.png: 5.685 ms
/ultralytics/zoo/dataset/CIFAR100/horse/data_batch_1_00037.png: 8.093 ms
/ultralytics/zoo/dataset/CIFAR100/horse/data_batch_1_00043.png: 6.706 ms
/ultralytics/zoo/dataset/CIFAR100/horse/data_batch_1_00052.png: 7.711 ms
/ultralytics/zoo/dataset/CIFAR100/horse/data_batch_1_00068.png: 5.772 ms
/ultralytics/zoo/dataset/CIFAR100/horse/data_batch_1_00073.png: 6.133 ms
/ultralytics/zoo/dataset/CIFAR100/horse/data_batch_1_00084.png: 5.878 ms
/ultralytics/zoo/dataset/CIFAR100/horse/data_batch_1_00085.png: 5.763 ms
/ultralytics/zoo/dataset/CIFAR100/ship/data_batch_1_00008.png: 6.727 ms
/ultralytics/zoo/dataset/CIFAR100/ship/data_batch_1_00062.png: 8.695 ms
/ultralytics/zoo/dataset/CIFAR100/ship/data_batch_1_00069.png: 7.229 ms
/ultralytics/zoo/dataset/CIFAR100/ship/data_batch_1_00092.png: 6.139 ms
/ultralytics/zoo/dataset/CIFAR100/ship/data_batch_1_00100.png: 6.010 ms
/ultralytics/zoo/dataset/CIFAR100/ship/data_batch_1_00106.png: 6.097 ms
/ultralytics/zoo/dataset/CIFAR100/ship/data_batch_1_00111.png: 6.183 ms
/ultralytics/zoo/dataset/CIFAR100/ship/data_batch_1_00135.png: 5.827 ms
/ultralytics/zoo/dataset/CIFAR100/ship/data_batch_1_00139.png: 8.767 ms
/ultralytics/zoo/dataset/CIFAR100/ship/data_batch_1_00155.png: 8.596 ms
/ultralytics/zoo/dataset/CIFAR100/truck/data_batch_1_00001.png: 5.822 ms
/ultralytics/zoo/dataset/CIFAR100/truck/data_batch_1_00002.png: 5.936 ms
/ultralytics/zoo/dataset/CIFAR100/truck/data_batch_1_00014.png: 7.841 ms
/ultralytics/zoo/dataset/CIFAR100/truck/data_batch_1_00015.png: 6.655 ms
/ultralytics/zoo/dataset/CIFAR100/truck/data_batch_1_00016.png: 5.996 ms
/ultralytics/zoo/dataset/CIFAR100/truck/data_batch_1_00031.png: 9.091 ms
/ultralytics/zoo/dataset/CIFAR100/truck/data_batch_1_00050.png: 8.648 ms
/ultralytics/zoo/dataset/CIFAR100/truck/data_batch_1_00053.png: 5.916 ms
/ultralytics/zoo/dataset/CIFAR100/truck/data_batch_1_00067.png: 6.165 ms
/ultralytics/zoo/dataset/CIFAR100/truck/data_batch_1_00071.png: 5.815 ms
avg: 6.727 ms
