[yolo11n-obb] dataset=/ultralytics/zoo/dataset/DOTA100/images count=100 imgsz=640
Using CUDA runtime cudaDeviceSynchronize() for accurate TensorRT synchronization
/ultralytics/zoo/dataset/DOTA100/images/train/000000000025.jpg: 48.928 ms
/ultralytics/zoo/dataset/DOTA100/images/train/000000000034.jpg: 31.875 ms
/ultralytics/zoo/dataset/DOTA100/images/train/000000000036.jpg: 24.373 ms
/ultralytics/zoo/dataset/DOTA100/images/train/000000000042.jpg: 29.249 ms
/ultralytics/zoo/dataset/DOTA100/images/train/000000000064.jpg: 26.930 ms
/ultralytics/zoo/dataset/DOTA100/images/train/000000000071.jpg: 24.353 ms
/ultralytics/zoo/dataset/DOTA100/images/train/000000000073.jpg: 21.767 ms
/ultralytics/zoo/dataset/DOTA100/images/train/000000000074.jpg: 34.793 ms
/ultralytics/zoo/dataset/DOTA100/images/train/000000000078.jpg: 38.382 ms
/ultralytics/zoo/dataset/DOTA100/images/train/000000000089.jpg: 22.351 ms
/ultralytics/zoo/dataset/DOTA100/images/train/000000000094.jpg: 26.348 ms
/ultralytics/zoo/dataset/DOTA100/images/train/000000000110.jpg: 16.410 ms
/ultralytics/zoo/dataset/DOTA100/images/train/000000000136.jpg: 19.246 ms
/ultralytics/zoo/dataset/DOTA100/images/train/000000000138.jpg: 25.360 ms
/ultralytics/zoo/dataset/DOTA100/images/train/000000000142.jpg: 34.703 ms
/ultralytics/zoo/dataset/DOTA100/images/train/000000000143.jpg: 26.259 ms
/ultralytics/zoo/dataset/DOTA100/images/train/000000000151.jpg: 26.424 ms
/ultralytics/zoo/dataset/DOTA100/images/train/000000000154.jpg: 24.734 ms
/ultralytics/zoo/dataset/DOTA100/images/train/000000000164.jpg: 29.387 ms
/ultralytics/zoo/dataset/DOTA100/images/train/000000000196.jpg: 29.223 ms
/ultralytics/zoo/dataset/DOTA100/images/train/000000000208.jpg: 24.320 ms
/ultralytics/zoo/dataset/DOTA100/images/train/000000000241.jpg: 31.956 ms
/ultralytics/zoo/dataset/DOTA100/images/train/000000000247.jpg: 17.233 ms
/ultralytics/zoo/dataset/DOTA100/images/train/000000000260.jpg: 24.269 ms
/ultralytics/zoo/dataset/DOTA100/images/train/000000000294.jpg: 35.748 ms
/ultralytics/zoo/dataset/DOTA100/images/train/000000000308.jpg: 22.431 ms
/ultralytics/zoo/dataset/DOTA100/images/train/000000000309.jpg: 33.382 ms
/ultralytics/zoo/dataset/DOTA100/images/train/000000000312.jpg: 19.194 ms
/ultralytics/zoo/dataset/DOTA100/images/train/000000000321.jpg: 30.321 ms
/ultralytics/zoo/dataset/DOTA100/images/train/000000000322.jpg: 26.482 ms
/ultralytics/zoo/dataset/DOTA100/images/train/000000000326.jpg: 22.556 ms
/ultralytics/zoo/dataset/DOTA100/images/train/000000000328.jpg: 23.970 ms
/ultralytics/zoo/dataset/DOTA100/images/train/000000000338.jpg: 15.613 ms
/ultralytics/zoo/dataset/DOTA100/images/train/000000000357.jpg: 25.989 ms
/ultralytics/zoo/dataset/DOTA100/images/train/000000000360.jpg: 28.117 ms
/ultralytics/zoo/dataset/DOTA100/images/train/000000000368.jpg: 16.802 ms
/ultralytics/zoo/dataset/DOTA100/images/train/000000000382.jpg: 28.721 ms
/ultralytics/zoo/dataset/DOTA100/images/train/000000000387.jpg: 29.766 ms
/ultralytics/zoo/dataset/DOTA100/images/train/000000000389.jpg: 35.783 ms
/ultralytics/zoo/dataset/DOTA100/images/train/000000000395.jpg: 17.781 ms
/ultralytics/zoo/dataset/DOTA100/images/train/000000000400.jpg: 29.497 ms
/ultralytics/zoo/dataset/DOTA100/images/train/000000000404.jpg: 27.325 ms
/ultralytics/zoo/dataset/DOTA100/images/train/000000000415.jpg: 27.149 ms
/ultralytics/zoo/dataset/DOTA100/images/train/000000000419.jpg: 27.808 ms
/ultralytics/zoo/dataset/DOTA100/images/train/000000000431.jpg: 20.965 ms
/ultralytics/zoo/dataset/DOTA100/images/train/000000000436.jpg: 16.859 ms
/ultralytics/zoo/dataset/DOTA100/images/train/000000000438.jpg: 35.057 ms
/ultralytics/zoo/dataset/DOTA100/images/train/000000000443.jpg: 21.353 ms
/ultralytics/zoo/dataset/DOTA100/images/train/000000000450.jpg: 28.103 ms
/ultralytics/zoo/dataset/DOTA100/images/train/000000000459.jpg: 29.385 ms
/ultralytics/zoo/dataset/DOTA100/images/train/000000000471.jpg: 18.548 ms
/ultralytics/zoo/dataset/DOTA100/images/train/000000000472.jpg: 18.031 ms
/ultralytics/zoo/dataset/DOTA100/images/train/000000000488.jpg: 17.063 ms
/ultralytics/zoo/dataset/DOTA100/images/train/000000000491.jpg: 26.261 ms
/ultralytics/zoo/dataset/DOTA100/images/train/000000000502.jpg: 24.902 ms
/ultralytics/zoo/dataset/DOTA100/images/train/000000000508.jpg: 23.872 ms
/ultralytics/zoo/dataset/DOTA100/images/train/000000000520.jpg: 27.507 ms
/ultralytics/zoo/dataset/DOTA100/images/train/000000000529.jpg: 22.898 ms
/ultralytics/zoo/dataset/DOTA100/images/train/000000000531.jpg: 16.029 ms
/ultralytics/zoo/dataset/DOTA100/images/train/000000000540.jpg: 43.979 ms
/ultralytics/zoo/dataset/DOTA100/images/train/000000000544.jpg: 27.132 ms
/ultralytics/zoo/dataset/DOTA100/images/train/000000000560.jpg: 25.773 ms
/ultralytics/zoo/dataset/DOTA100/images/train/000000000562.jpg: 21.806 ms
/ultralytics/zoo/dataset/DOTA100/images/train/000000000564.jpg: 31.864 ms
/ultralytics/zoo/dataset/DOTA100/images/train/000000000572.jpg: 18.183 ms
/ultralytics/zoo/dataset/DOTA100/images/train/000000000575.jpg: 32.820 ms
/ultralytics/zoo/dataset/DOTA100/images/train/000000000581.jpg: 20.912 ms
/ultralytics/zoo/dataset/DOTA100/images/train/000000000584.jpg: 17.281 ms
/ultralytics/zoo/dataset/DOTA100/images/train/000000000590.jpg: 31.044 ms
/ultralytics/zoo/dataset/DOTA100/images/train/000000000595.jpg: 22.783 ms
/ultralytics/zoo/dataset/DOTA100/images/train/000000000597.jpg: 25.801 ms
/ultralytics/zoo/dataset/DOTA100/images/train/000000000599.jpg: 26.981 ms
/ultralytics/zoo/dataset/DOTA100/images/train/000000000620.jpg: 17.935 ms
/ultralytics/zoo/dataset/DOTA100/images/train/000000000625.jpg: 27.349 ms
/ultralytics/zoo/dataset/DOTA100/images/train/000000000626.jpg: 25.402 ms
/ultralytics/zoo/dataset/DOTA100/images/train/000000000629.jpg: 29.935 ms
/ultralytics/zoo/dataset/DOTA100/images/train/000000000636.jpg: 28.723 ms
/ultralytics/zoo/dataset/DOTA100/images/train/000000000641.jpg: 17.733 ms
/ultralytics/zoo/dataset/DOTA100/images/train/000000000643.jpg: 25.735 ms
/ultralytics/zoo/dataset/DOTA100/images/train/000000000650.jpg: 16.981 ms
/ultralytics/zoo/dataset/DOTA100/images/val/000000000009.jpg: 31.379 ms
/ultralytics/zoo/dataset/DOTA100/images/val/000000000049.jpg: 27.298 ms
/ultralytics/zoo/dataset/DOTA100/images/val/000000000077.jpg: 23.622 ms
/ultralytics/zoo/dataset/DOTA100/images/val/000000000133.jpg: 16.660 ms
/ultralytics/zoo/dataset/DOTA100/images/val/000000000144.jpg: 27.182 ms
/ultralytics/zoo/dataset/DOTA100/images/val/000000000201.jpg: 28.015 ms
/ultralytics/zoo/dataset/DOTA100/images/val/000000000263.jpg: 22.112 ms
/ultralytics/zoo/dataset/DOTA100/images/val/000000000315.jpg: 17.601 ms
/ultralytics/zoo/dataset/DOTA100/images/val/000000000332.jpg: 19.160 ms
/ultralytics/zoo/dataset/DOTA100/images/val/000000000370.jpg: 26.206 ms
/ultralytics/zoo/dataset/DOTA100/images/val/000000000397.jpg: 28.250 ms
/ultralytics/zoo/dataset/DOTA100/images/val/000000000428.jpg: 18.076 ms
/ultralytics/zoo/dataset/DOTA100/images/val/000000000446.jpg: 21.418 ms
/ultralytics/zoo/dataset/DOTA100/images/val/000000000474.jpg: 20.931 ms
/ultralytics/zoo/dataset/DOTA100/images/val/000000000510.jpg: 25.951 ms
/ultralytics/zoo/dataset/DOTA100/images/val/000000000542.jpg: 18.005 ms
/ultralytics/zoo/dataset/DOTA100/images/val/000000000569.jpg: 19.836 ms
/ultralytics/zoo/dataset/DOTA100/images/val/000000000589.jpg: 30.969 ms
/ultralytics/zoo/dataset/DOTA100/images/val/000000000612.jpg: 33.518 ms
/ultralytics/zoo/dataset/DOTA100/images/val/000000000634.jpg: 17.151 ms
avg: 25.396 ms
