[yolo11n-cls] dataset=/ultralytics/zoo/dataset/CIFAR100 count=100 imgsz=224
Using CUDA runtime cudaDeviceSynchronize() for accurate TensorRT synchronization
/ultralytics/zoo/dataset/CIFAR100/airplane/data_batch_1_00029.png: 13.577 ms
/ultralytics/zoo/dataset/CIFAR100/airplane/data_batch_1_00030.png: 20.174 ms
/ultralytics/zoo/dataset/CIFAR100/airplane/data_batch_1_00035.png: 16.968 ms
/ultralytics/zoo/dataset/CIFAR100/airplane/data_batch_1_00049.png: 17.274 ms
/ultralytics/zoo/dataset/CIFAR100/airplane/data_batch_1_00077.png: 15.180 ms
/ultralytics/zoo/dataset/CIFAR100/airplane/data_batch_1_00093.png: 14.914 ms
/ultralytics/zoo/dataset/CIFAR100/airplane/data_batch_1_00115.png: 11.863 ms
/ultralytics/zoo/dataset/CIFAR100/airplane/data_batch_1_00116.png: 11.049 ms
/ultralytics/zoo/dataset/CIFAR100/airplane/data_batch_1_00129.png: 13.029 ms
/ultralytics/zoo/dataset/CIFAR100/airplane/data_batch_1_00165.png: 12.420 ms
/ultralytics/zoo/dataset/CIFAR100/automobile/data_batch_1_00004.png: 11.994 ms
/ultralytics/zoo/dataset/CIFAR100/automobile/data_batch_1_00005.png: 12.561 ms
/ultralytics/zoo/dataset/CIFAR100/automobile/data_batch_1_00032.png: 9.938 ms
/ultralytics/zoo/dataset/CIFAR100/automobile/data_batch_1_00044.png: 9.376 ms
/ultralytics/zoo/dataset/CIFAR100/automobile/data_batch_1_00045.png: 9.132 ms
/ultralytics/zoo/dataset/CIFAR100/automobile/data_batch_1_00046.png: 9.139 ms
/ultralytics/zoo/dataset/CIFAR100/automobile/data_batch_1_00060.png: 9.059 ms
/ultralytics/zoo/dataset/CIFAR100/automobile/data_batch_1_00061.png: 9.073 ms
/ultralytics/zoo/dataset/CIFAR100/automobile/data_batch_1_00064.png: 9.937 ms
/ultralytics/zoo/dataset/CIFAR100/automobile/data_batch_1_00065.png: 9.148 ms
/ultralytics/zoo/dataset/CIFAR100/bird/data_batch_1_00006.png: 8.965 ms
/ultralytics/zoo/dataset/CIFAR100/bird/data_batch_1_00013.png: 8.908 ms
/ultralytics/zoo/dataset/CIFAR100/bird/data_batch_1_00018.png: 9.004 ms
/ultralytics/zoo/dataset/CIFAR100/bird/data_batch_1_00024.png: 8.822 ms
/ultralytics/zoo/dataset/CIFAR100/bird/data_batch_1_00041.png: 8.797 ms
/ultralytics/zoo/dataset/CIFAR100/bird/data_batch_1_00042.png: 8.460 ms
/ultralytics/zoo/dataset/CIFAR100/bird/data_batch_1_00047.png: 8.796 ms
/ultralytics/zoo/dataset/CIFAR100/bird/data_batch_1_00048.png: 9.311 ms
/ultralytics/zoo/dataset/CIFAR100/bird/data_batch_1_00054.png: 8.132 ms
/ultralytics/zoo/dataset/CIFAR100/bird/data_batch_1_00055.png: 7.664 ms
/ultralytics/zoo/dataset/CIFAR100/cat/data_batch_1_00009.png: 8.219 ms
/ultralytics/zoo/dataset/CIFAR100/cat/data_batch_1_00017.png: 7.478 ms
/ultralytics/zoo/dataset/CIFAR100/cat/data_batch_1_00021.png: 7.861 ms
/ultralytics/zoo/dataset/CIFAR100/cat/data_batch_1_00026.png: 8.162 ms
/ultralytics/zoo/dataset/CIFAR100/cat/data_batch_1_00033.png: 7.459 ms
/ultralytics/zoo/dataset/CIFAR100/cat/data_batch_1_00036.png: 8.235 ms
/ultralytics/zoo/dataset/CIFAR100/cat/data_batch_1_00038.png: 9.068 ms
/ultralytics/zoo/dataset/CIFAR100/cat/data_batch_1_00039.png: 7.844 ms
/ultralytics/zoo/dataset/CIFAR100/cat/data_batch_1_00059.png: 8.448 ms
/ultralytics/zoo/dataset/CIFAR100/cat/data_batch_1_00074.png: 8.172 ms
/ultralytics/zoo/dataset/CIFAR100/deer/data_batch_1_00003.png: 7.353 ms
/ultralytics/zoo/dataset/CIFAR100/deer/data_batch_1_00010.png: 8.634 ms
/ultralytics/zoo/dataset/CIFAR100/deer/data_batch_1_00020.png: 7.801 ms
/ultralytics/zoo/dataset/CIFAR100/deer/data_batch_1_00028.png: 7.661 ms
/ultralytics/zoo/dataset/CIFAR100/deer/data_batch_1_00034.png: 7.997 ms
/ultralytics/zoo/dataset/CIFAR100/deer/data_batch_1_00058.png: 7.276 ms
/ultralytics/zoo/dataset/CIFAR100/deer/data_batch_1_00066.png: 7.910 ms
/ultralytics/zoo/dataset/CIFAR100/deer/data_batch_1_00082.png: 7.987 ms
/ultralytics/zoo/dataset/CIFAR100/deer/data_batch_1_00086.png: 7.260 ms
/ultralytics/zoo/dataset/CIFAR100/deer/data_batch_1_00089.png: 7.985 ms
/ultralytics/zoo/dataset/CIFAR100/dog/data_batch_1_00027.png: 7.948 ms
/ultralytics/zoo/dataset/CIFAR100/dog/data_batch_1_00040.png: 7.309 ms
/ultralytics/zoo/dataset/CIFAR100/dog/data_batch_1_00051.png: 8.095 ms
/ultralytics/zoo/dataset/CIFAR100/dog/data_batch_1_00056.png: 8.025 ms
/ultralytics/zoo/dataset/CIFAR100/dog/data_batch_1_00070.png: 7.629 ms
/ultralytics/zoo/dataset/CIFAR100/dog/data_batch_1_00081.png: 8.162 ms
/ultralytics/zoo/dataset/CIFAR100/dog/data_batch_1_00083.png: 7.828 ms
/ultralytics/zoo/dataset/CIFAR100/dog/data_batch_1_00107.png: 7.365 ms
/ultralytics/zoo/dataset/CIFAR100/dog/data_batch_1_00128.png: 8.500 ms
/ultralytics/zoo/dataset/CIFAR100/dog/data_batch_1_00148.png: 8.132 ms
/ultralytics/zoo/dataset/CIFAR100/frog/data_batch_1_00000.png: 7.297 ms
/ultralytics/zoo/dataset/CIFAR100/frog/data_batch_1_00019.png: 10.527 ms
/ultralytics/zoo/dataset/CIFAR100/frog/data_batch_1_00022.png: 8.450 ms
/ultralytics/zoo/dataset/CIFAR100/frog/data_batch_1_00023.png: 11.556 ms
/ultralytics/zoo/dataset/CIFAR100/frog/data_batch_1_00025.png: 13.211 ms
/ultralytics/zoo/dataset/CIFAR100/frog/data_batch_1_00072.png: 9.596 ms
/ultralytics/zoo/dataset/CIFAR100/frog/data_batch_1_00095.png: 9.130 ms
/ultralytics/zoo/dataset/CIFAR100/frog/data_batch_1_00103.png: 9.613 ms
/ultralytics/zoo/dataset/CIFAR100/frog/data_batch_1_00104.png: 9.509 ms
/ultralytics/zoo/dataset/CIFAR100/frog/data_batch_1_00117.png: 9.171 ms
/ultralytics/zoo/dataset/CIFAR100/horse/data_batch_1_00007.png: 9.073 ms
/ultralytics/zoo/dataset/CIFAR100/horse/data_batch_1_00011.png: 9.093 ms
/ultralytics/zoo/dataset/CIFAR100/horse/data_batch_1_00012.png: 8.749 ms
/ultralytics/zoo/dataset/CIFAR100/horse/data_batch_1_00037.png: 8.690 ms
/ultralytics/zoo/dataset/CIFAR100/horse/data_batch_1_00043.png: 9.386 ms
/ultralytics/zoo/dataset/CIFAR100/horse/data_batch_1_00052.png: 10.004 ms
/ultralytics/zoo/dataset/CIFAR100/horse/data_batch_1_00068.png: 10.191 ms
/ultralytics/zoo/dataset/CIFAR100/horse/data_batch_1_00073.png: 9.371 ms
/ultralytics/zoo/dataset/CIFAR100/horse/data_batch_1_00084.png: 9.391 ms
/ultralytics/zoo/dataset/CIFAR100/horse/data_batch_1_00085.png: 9.497 ms
/ultralytics/zoo/dataset/CIFAR100/ship/data_batch_1_00008.png: 9.659 ms
/ultralytics/zoo/dataset/CIFAR100/ship/data_batch_1_00062.png: 9.025 ms
/ultralytics/zoo/dataset/CIFAR100/ship/data_batch_1_00069.png: 8.772 ms
/ultralytics/zoo/dataset/CIFAR100/ship/data_batch_1_00092.png: 8.791 ms
/ultralytics/zoo/dataset/CIFAR100/ship/data_batch_1_00100.png: 8.757 ms
/ultralytics/zoo/dataset/CIFAR100/ship/data_batch_1_00106.png: 8.530 ms
/ultralytics/zoo/dataset/CIFAR100/ship/data_batch_1_00111.png: 8.467 ms
/ultralytics/zoo/dataset/CIFAR100/ship/data_batch_1_00135.png: 8.538 ms
/ultralytics/zoo/dataset/CIFAR100/ship/data_batch_1_00139.png: 8.400 ms
/ultralytics/zoo/dataset/CIFAR100/ship/data_batch_1_00155.png: 8.627 ms
/ultralytics/zoo/dataset/CIFAR100/truck/data_batch_1_00001.png: 8.555 ms
/ultralytics/zoo/dataset/CIFAR100/truck/data_batch_1_00002.png: 8.618 ms
/ultralytics/zoo/dataset/CIFAR100/truck/data_batch_1_00014.png: 9.277 ms
/ultralytics/zoo/dataset/CIFAR100/truck/data_batch_1_00015.png: 9.114 ms
/ultralytics/zoo/dataset/CIFAR100/truck/data_batch_1_00016.png: 9.236 ms
/ultralytics/zoo/dataset/CIFAR100/truck/data_batch_1_00031.png: 9.116 ms
/ultralytics/zoo/dataset/CIFAR100/truck/data_batch_1_00050.png: 9.177 ms
/ultralytics/zoo/dataset/CIFAR100/truck/data_batch_1_00053.png: 9.323 ms
/ultralytics/zoo/dataset/CIFAR100/truck/data_batch_1_00067.png: 9.208 ms
/ultralytics/zoo/dataset/CIFAR100/truck/data_batch_1_00071.png: 9.087 ms
avg: 9.403 ms
