[yolo11n-pose] dataset=/ultralytics/zoo/dataset/coco128/images/train2017 count=100 imgsz=640
Using CUDA runtime cudaDeviceSynchronize() for accurate TensorRT synchronization
/ultralytics/zoo/dataset/coco128/images/train2017/000000000009.jpg: 15.750 ms
/ultralytics/zoo/dataset/coco128/images/train2017/000000000025.jpg: 20.769 ms
/ultralytics/zoo/dataset/coco128/images/train2017/000000000030.jpg: 20.416 ms
/ultralytics/zoo/dataset/coco128/images/train2017/000000000034.jpg: 17.589 ms
/ultralytics/zoo/dataset/coco128/images/train2017/000000000036.jpg: 29.830 ms
/ultralytics/zoo/dataset/coco128/images/train2017/000000000042.jpg: 32.901 ms
/ultralytics/zoo/dataset/coco128/images/train2017/000000000049.jpg: 30.031 ms
/ultralytics/zoo/dataset/coco128/images/train2017/000000000061.jpg: 25.982 ms
/ultralytics/zoo/dataset/coco128/images/train2017/000000000064.jpg: 21.245 ms
/ultralytics/zoo/dataset/coco128/images/train2017/000000000071.jpg: 29.481 ms
/ultralytics/zoo/dataset/coco128/images/train2017/000000000072.jpg: 22.373 ms
/ultralytics/zoo/dataset/coco128/images/train2017/000000000073.jpg: 24.665 ms
/ultralytics/zoo/dataset/coco128/images/train2017/000000000074.jpg: 21.852 ms
/ultralytics/zoo/dataset/coco128/images/train2017/000000000077.jpg: 23.492 ms
/ultralytics/zoo/dataset/coco128/images/train2017/000000000078.jpg: 27.338 ms
/ultralytics/zoo/dataset/coco128/images/train2017/000000000081.jpg: 20.018 ms
/ultralytics/zoo/dataset/coco128/images/train2017/000000000086.jpg: 28.354 ms
/ultralytics/zoo/dataset/coco128/images/train2017/000000000089.jpg: 28.927 ms
/ultralytics/zoo/dataset/coco128/images/train2017/000000000092.jpg: 18.571 ms
/ultralytics/zoo/dataset/coco128/images/train2017/000000000094.jpg: 22.533 ms
/ultralytics/zoo/dataset/coco128/images/train2017/000000000109.jpg: 20.564 ms
/ultralytics/zoo/dataset/coco128/images/train2017/000000000110.jpg: 37.402 ms
/ultralytics/zoo/dataset/coco128/images/train2017/000000000113.jpg: 25.169 ms
/ultralytics/zoo/dataset/coco128/images/train2017/000000000127.jpg: 16.462 ms
/ultralytics/zoo/dataset/coco128/images/train2017/000000000133.jpg: 14.709 ms
/ultralytics/zoo/dataset/coco128/images/train2017/000000000136.jpg: 27.929 ms
/ultralytics/zoo/dataset/coco128/images/train2017/000000000138.jpg: 24.174 ms
/ultralytics/zoo/dataset/coco128/images/train2017/000000000142.jpg: 23.471 ms
/ultralytics/zoo/dataset/coco128/images/train2017/000000000143.jpg: 24.259 ms
/ultralytics/zoo/dataset/coco128/images/train2017/000000000144.jpg: 25.914 ms
/ultralytics/zoo/dataset/coco128/images/train2017/000000000149.jpg: 22.891 ms
/ultralytics/zoo/dataset/coco128/images/train2017/000000000151.jpg: 25.994 ms
/ultralytics/zoo/dataset/coco128/images/train2017/000000000154.jpg: 19.902 ms
/ultralytics/zoo/dataset/coco128/images/train2017/000000000164.jpg: 20.958 ms
/ultralytics/zoo/dataset/coco128/images/train2017/000000000165.jpg: 29.638 ms
/ultralytics/zoo/dataset/coco128/images/train2017/000000000192.jpg: 25.586 ms
/ultralytics/zoo/dataset/coco128/images/train2017/000000000194.jpg: 22.394 ms
/ultralytics/zoo/dataset/coco128/images/train2017/000000000196.jpg: 19.790 ms
/ultralytics/zoo/dataset/coco128/images/train2017/000000000201.jpg: 22.139 ms
/ultralytics/zoo/dataset/coco128/images/train2017/000000000208.jpg: 22.007 ms
/ultralytics/zoo/dataset/coco128/images/train2017/000000000241.jpg: 34.004 ms
/ultralytics/zoo/dataset/coco128/images/train2017/000000000247.jpg: 22.237 ms
/ultralytics/zoo/dataset/coco128/images/train2017/000000000250.jpg: 20.843 ms
/ultralytics/zoo/dataset/coco128/images/train2017/000000000257.jpg: 25.362 ms
/ultralytics/zoo/dataset/coco128/images/train2017/000000000260.jpg: 24.363 ms
/ultralytics/zoo/dataset/coco128/images/train2017/000000000263.jpg: 18.723 ms
/ultralytics/zoo/dataset/coco128/images/train2017/000000000283.jpg: 22.051 ms
/ultralytics/zoo/dataset/coco128/images/train2017/000000000294.jpg: 27.264 ms
/ultralytics/zoo/dataset/coco128/images/train2017/000000000307.jpg: 19.329 ms
/ultralytics/zoo/dataset/coco128/images/train2017/000000000308.jpg: 32.286 ms
/ultralytics/zoo/dataset/coco128/images/train2017/000000000309.jpg: 26.241 ms
/ultralytics/zoo/dataset/coco128/images/train2017/000000000312.jpg: 20.402 ms
/ultralytics/zoo/dataset/coco128/images/train2017/000000000315.jpg: 28.488 ms
/ultralytics/zoo/dataset/coco128/images/train2017/000000000321.jpg: 21.008 ms
/ultralytics/zoo/dataset/coco128/images/train2017/000000000322.jpg: 22.833 ms
/ultralytics/zoo/dataset/coco128/images/train2017/000000000326.jpg: 23.547 ms
/ultralytics/zoo/dataset/coco128/images/train2017/000000000328.jpg: 27.103 ms
/ultralytics/zoo/dataset/coco128/images/train2017/000000000332.jpg: 19.720 ms
/ultralytics/zoo/dataset/coco128/images/train2017/000000000338.jpg: 25.296 ms
/ultralytics/zoo/dataset/coco128/images/train2017/000000000349.jpg: 14.943 ms
/ultralytics/zoo/dataset/coco128/images/train2017/000000000357.jpg: 23.051 ms
/ultralytics/zoo/dataset/coco128/images/train2017/000000000359.jpg: 26.654 ms
/ultralytics/zoo/dataset/coco128/images/train2017/000000000360.jpg: 17.333 ms
/ultralytics/zoo/dataset/coco128/images/train2017/000000000368.jpg: 32.749 ms
/ultralytics/zoo/dataset/coco128/images/train2017/000000000370.jpg: 22.082 ms
/ultralytics/zoo/dataset/coco128/images/train2017/000000000382.jpg: 21.308 ms
/ultralytics/zoo/dataset/coco128/images/train2017/000000000384.jpg: 16.560 ms
/ultralytics/zoo/dataset/coco128/images/train2017/000000000387.jpg: 27.800 ms
/ultralytics/zoo/dataset/coco128/images/train2017/000000000389.jpg: 34.974 ms
/ultralytics/zoo/dataset/coco128/images/train2017/000000000394.jpg: 24.446 ms
/ultralytics/zoo/dataset/coco128/images/train2017/000000000395.jpg: 37.226 ms
/ultralytics/zoo/dataset/coco128/images/train2017/000000000397.jpg: 25.471 ms
/ultralytics/zoo/dataset/coco128/images/train2017/000000000400.jpg: 23.661 ms
/ultralytics/zoo/dataset/coco128/images/train2017/000000000404.jpg: 19.101 ms
/ultralytics/zoo/dataset/coco128/images/train2017/000000000415.jpg: 24.209 ms
/ultralytics/zoo/dataset/coco128/images/train2017/000000000419.jpg: 29.833 ms
/ultralytics/zoo/dataset/coco128/images/train2017/000000000428.jpg: 22.910 ms
/ultralytics/zoo/dataset/coco128/images/train2017/000000000431.jpg: 20.869 ms
/ultralytics/zoo/dataset/coco128/images/train2017/000000000436.jpg: 24.554 ms
/ultralytics/zoo/dataset/coco128/images/train2017/000000000438.jpg: 22.491 ms
/ultralytics/zoo/dataset/coco128/images/train2017/000000000443.jpg: 29.414 ms
/ultralytics/zoo/dataset/coco128/images/train2017/000000000446.jpg: 20.971 ms
/ultralytics/zoo/dataset/coco128/images/train2017/000000000450.jpg: 17.379 ms
/ultralytics/zoo/dataset/coco128/images/train2017/000000000459.jpg: 22.199 ms
/ultralytics/zoo/dataset/coco128/images/train2017/000000000471.jpg: 18.090 ms
/ultralytics/zoo/dataset/coco128/images/train2017/000000000472.jpg: 23.589 ms
/ultralytics/zoo/dataset/coco128/images/train2017/000000000474.jpg: 26.949 ms
/ultralytics/zoo/dataset/coco128/images/train2017/000000000486.jpg: 19.987 ms
/ultralytics/zoo/dataset/coco128/images/train2017/000000000488.jpg: 24.633 ms
/ultralytics/zoo/dataset/coco128/images/train2017/000000000490.jpg: 24.085 ms
/ultralytics/zoo/dataset/coco128/images/train2017/000000000491.jpg: 22.872 ms
/ultralytics/zoo/dataset/coco128/images/train2017/000000000502.jpg: 17.332 ms
/ultralytics/zoo/dataset/coco128/images/train2017/000000000508.jpg: 23.229 ms
/ultralytics/zoo/dataset/coco128/images/train2017/000000000510.jpg: 22.459 ms
/ultralytics/zoo/dataset/coco128/images/train2017/000000000514.jpg: 19.925 ms
/ultralytics/zoo/dataset/coco128/images/train2017/000000000520.jpg: 21.180 ms
/ultralytics/zoo/dataset/coco128/images/train2017/000000000529.jpg: 19.701 ms
/ultralytics/zoo/dataset/coco128/images/train2017/000000000531.jpg: 20.178 ms
/ultralytics/zoo/dataset/coco128/images/train2017/000000000532.jpg: 20.877 ms
/ultralytics/zoo/dataset/coco128/images/train2017/000000000536.jpg: 26.138 ms
avg: 23.680 ms

[yolo11n-obb] dataset=/ultralytics/zoo/dataset/DOTA100/images count=100 imgsz=640
Using CUDA runtime cudaDeviceSynchronize() for accurate TensorRT synchronization
/ultralytics/zoo/dataset/DOTA100/images/train/000000000025.jpg: 36.111 ms
/ultralytics/zoo/dataset/DOTA100/images/train/000000000034.jpg: 21.734 ms
/ultralytics/zoo/dataset/DOTA100/images/train/000000000036.jpg: 21.747 ms
/ultralytics/zoo/dataset/DOTA100/images/train/000000000042.jpg: 26.955 ms
/ultralytics/zoo/dataset/DOTA100/images/train/000000000064.jpg: 35.076 ms
/ultralytics/zoo/dataset/DOTA100/images/train/000000000071.jpg: 35.373 ms
/ultralytics/zoo/dataset/DOTA100/images/train/000000000073.jpg: 24.065 ms
/ultralytics/zoo/dataset/DOTA100/images/train/000000000074.jpg: 22.113 ms
/ultralytics/zoo/dataset/DOTA100/images/train/000000000078.jpg: 34.822 ms
/ultralytics/zoo/dataset/DOTA100/images/train/000000000089.jpg: 21.708 ms
/ultralytics/zoo/dataset/DOTA100/images/train/000000000094.jpg: 22.068 ms
/ultralytics/zoo/dataset/DOTA100/images/train/000000000110.jpg: 28.420 ms
/ultralytics/zoo/dataset/DOTA100/images/train/000000000136.jpg: 22.793 ms
/ultralytics/zoo/dataset/DOTA100/images/train/000000000138.jpg: 21.618 ms
/ultralytics/zoo/dataset/DOTA100/images/train/000000000142.jpg: 27.314 ms
/ultralytics/zoo/dataset/DOTA100/images/train/000000000143.jpg: 21.015 ms
/ultralytics/zoo/dataset/DOTA100/images/train/000000000151.jpg: 21.932 ms
/ultralytics/zoo/dataset/DOTA100/images/train/000000000154.jpg: 21.994 ms
/ultralytics/zoo/dataset/DOTA100/images/train/000000000164.jpg: 17.436 ms
/ultralytics/zoo/dataset/DOTA100/images/train/000000000196.jpg: 31.069 ms
/ultralytics/zoo/dataset/DOTA100/images/train/000000000208.jpg: 22.222 ms
/ultralytics/zoo/dataset/DOTA100/images/train/000000000241.jpg: 30.398 ms
/ultralytics/zoo/dataset/DOTA100/images/train/000000000247.jpg: 19.915 ms
/ultralytics/zoo/dataset/DOTA100/images/train/000000000260.jpg: 24.735 ms
/ultralytics/zoo/dataset/DOTA100/images/train/000000000294.jpg: 28.385 ms
/ultralytics/zoo/dataset/DOTA100/images/train/000000000308.jpg: 21.010 ms
/ultralytics/zoo/dataset/DOTA100/images/train/000000000309.jpg: 24.132 ms
/ultralytics/zoo/dataset/DOTA100/images/train/000000000312.jpg: 17.651 ms
/ultralytics/zoo/dataset/DOTA100/images/train/000000000321.jpg: 19.840 ms
/ultralytics/zoo/dataset/DOTA100/images/train/000000000322.jpg: 20.162 ms
/ultralytics/zoo/dataset/DOTA100/images/train/000000000326.jpg: 17.188 ms
/ultralytics/zoo/dataset/DOTA100/images/train/000000000328.jpg: 25.013 ms
/ultralytics/zoo/dataset/DOTA100/images/train/000000000338.jpg: 18.605 ms
/ultralytics/zoo/dataset/DOTA100/images/train/000000000357.jpg: 19.369 ms
/ultralytics/zoo/dataset/DOTA100/images/train/000000000360.jpg: 17.957 ms
/ultralytics/zoo/dataset/DOTA100/images/train/000000000368.jpg: 26.715 ms
/ultralytics/zoo/dataset/DOTA100/images/train/000000000382.jpg: 14.689 ms
/ultralytics/zoo/dataset/DOTA100/images/train/000000000387.jpg: 25.214 ms
/ultralytics/zoo/dataset/DOTA100/images/train/000000000389.jpg: 26.345 ms
/ultralytics/zoo/dataset/DOTA100/images/train/000000000395.jpg: 21.197 ms
/ultralytics/zoo/dataset/DOTA100/images/train/000000000400.jpg: 17.331 ms
/ultralytics/zoo/dataset/DOTA100/images/train/000000000404.jpg: 16.863 ms
/ultralytics/zoo/dataset/DOTA100/images/train/000000000415.jpg: 26.836 ms
/ultralytics/zoo/dataset/DOTA100/images/train/000000000419.jpg: 23.011 ms
/ultralytics/zoo/dataset/DOTA100/images/train/000000000431.jpg: 18.392 ms
/ultralytics/zoo/dataset/DOTA100/images/train/000000000436.jpg: 21.792 ms
/ultralytics/zoo/dataset/DOTA100/images/train/000000000438.jpg: 21.785 ms
/ultralytics/zoo/dataset/DOTA100/images/train/000000000443.jpg: 18.784 ms
/ultralytics/zoo/dataset/DOTA100/images/train/000000000450.jpg: 20.113 ms
/ultralytics/zoo/dataset/DOTA100/images/train/000000000459.jpg: 25.603 ms
/ultralytics/zoo/dataset/DOTA100/images/train/000000000471.jpg: 20.677 ms
/ultralytics/zoo/dataset/DOTA100/images/train/000000000472.jpg: 18.943 ms
/ultralytics/zoo/dataset/DOTA100/images/train/000000000488.jpg: 21.148 ms
/ultralytics/zoo/dataset/DOTA100/images/train/000000000491.jpg: 30.148 ms
/ultralytics/zoo/dataset/DOTA100/images/train/000000000502.jpg: 21.966 ms
/ultralytics/zoo/dataset/DOTA100/images/train/000000000508.jpg: 18.688 ms
/ultralytics/zoo/dataset/DOTA100/images/train/000000000520.jpg: 23.861 ms
/ultralytics/zoo/dataset/DOTA100/images/train/000000000529.jpg: 18.994 ms
/ultralytics/zoo/dataset/DOTA100/images/train/000000000531.jpg: 17.637 ms
/ultralytics/zoo/dataset/DOTA100/images/train/000000000540.jpg: 24.185 ms
/ultralytics/zoo/dataset/DOTA100/images/train/000000000544.jpg: 26.463 ms
/ultralytics/zoo/dataset/DOTA100/images/train/000000000560.jpg: 26.330 ms
/ultralytics/zoo/dataset/DOTA100/images/train/000000000562.jpg: 17.174 ms
/ultralytics/zoo/dataset/DOTA100/images/train/000000000564.jpg: 21.596 ms
/ultralytics/zoo/dataset/DOTA100/images/train/000000000572.jpg: 14.107 ms
/ultralytics/zoo/dataset/DOTA100/images/train/000000000575.jpg: 20.741 ms
/ultralytics/zoo/dataset/DOTA100/images/train/000000000581.jpg: 25.208 ms
/ultralytics/zoo/dataset/DOTA100/images/train/000000000584.jpg: 13.687 ms
/ultralytics/zoo/dataset/DOTA100/images/train/000000000590.jpg: 23.095 ms
/ultralytics/zoo/dataset/DOTA100/images/train/000000000595.jpg: 19.940 ms
/ultralytics/zoo/dataset/DOTA100/images/train/000000000597.jpg: 14.522 ms
/ultralytics/zoo/dataset/DOTA100/images/train/000000000599.jpg: 26.776 ms
/ultralytics/zoo/dataset/DOTA100/images/train/000000000620.jpg: 22.305 ms
/ultralytics/zoo/dataset/DOTA100/images/train/000000000625.jpg: 18.850 ms
/ultralytics/zoo/dataset/DOTA100/images/train/000000000626.jpg: 26.285 ms
/ultralytics/zoo/dataset/DOTA100/images/train/000000000629.jpg: 24.714 ms
/ultralytics/zoo/dataset/DOTA100/images/train/000000000636.jpg: 26.183 ms
/ultralytics/zoo/dataset/DOTA100/images/train/000000000641.jpg: 17.240 ms
/ultralytics/zoo/dataset/DOTA100/images/train/000000000643.jpg: 30.352 ms
/ultralytics/zoo/dataset/DOTA100/images/train/000000000650.jpg: 20.434 ms
/ultralytics/zoo/dataset/DOTA100/images/val/000000000009.jpg: 19.340 ms
/ultralytics/zoo/dataset/DOTA100/images/val/000000000049.jpg: 17.138 ms
/ultralytics/zoo/dataset/DOTA100/images/val/000000000077.jpg: 26.361 ms
/ultralytics/zoo/dataset/DOTA100/images/val/000000000133.jpg: 18.093 ms
/ultralytics/zoo/dataset/DOTA100/images/val/000000000144.jpg: 24.114 ms
/ultralytics/zoo/dataset/DOTA100/images/val/000000000201.jpg: 31.220 ms
/ultralytics/zoo/dataset/DOTA100/images/val/000000000263.jpg: 24.742 ms
/ultralytics/zoo/dataset/DOTA100/images/val/000000000315.jpg: 21.735 ms
/ultralytics/zoo/dataset/DOTA100/images/val/000000000332.jpg: 16.774 ms
/ultralytics/zoo/dataset/DOTA100/images/val/000000000370.jpg: 24.705 ms
/ultralytics/zoo/dataset/DOTA100/images/val/000000000397.jpg: 28.579 ms
/ultralytics/zoo/dataset/DOTA100/images/val/000000000428.jpg: 15.460 ms
/ultralytics/zoo/dataset/DOTA100/images/val/000000000446.jpg: 23.293 ms
/ultralytics/zoo/dataset/DOTA100/images/val/000000000474.jpg: 21.351 ms
/ultralytics/zoo/dataset/DOTA100/images/val/000000000510.jpg: 27.362 ms
/ultralytics/zoo/dataset/DOTA100/images/val/000000000542.jpg: 19.091 ms
/ultralytics/zoo/dataset/DOTA100/images/val/000000000569.jpg: 20.442 ms
/ultralytics/zoo/dataset/DOTA100/images/val/000000000589.jpg: 21.182 ms
/ultralytics/zoo/dataset/DOTA100/images/val/000000000612.jpg: 25.237 ms
/ultralytics/zoo/dataset/DOTA100/images/val/000000000634.jpg: 14.583 ms
avg: 22.597 ms

[yolo11n-detect] dataset=/ultralytics/zoo/dataset/coco128/images/train2017 count=100 imgsz=640
Using CUDA runtime cudaDeviceSynchronize() for accurate TensorRT synchronization
/ultralytics/zoo/dataset/coco128/images/train2017/000000000009.jpg: 34.175 ms
/ultralytics/zoo/dataset/coco128/images/train2017/000000000025.jpg: 31.267 ms
/ultralytics/zoo/dataset/coco128/images/train2017/000000000030.jpg: 22.854 ms
/ultralytics/zoo/dataset/coco128/images/train2017/000000000034.jpg: 24.711 ms
/ultralytics/zoo/dataset/coco128/images/train2017/000000000036.jpg: 21.274 ms
/ultralytics/zoo/dataset/coco128/images/train2017/000000000042.jpg: 27.725 ms
/ultralytics/zoo/dataset/coco128/images/train2017/000000000049.jpg: 55.137 ms
/ultralytics/zoo/dataset/coco128/images/train2017/000000000061.jpg: 27.754 ms
/ultralytics/zoo/dataset/coco128/images/train2017/000000000064.jpg: 29.068 ms
/ultralytics/zoo/dataset/coco128/images/train2017/000000000071.jpg: 26.772 ms
/ultralytics/zoo/dataset/coco128/images/train2017/000000000072.jpg: 30.267 ms
/ultralytics/zoo/dataset/coco128/images/train2017/000000000073.jpg: 35.483 ms
/ultralytics/zoo/dataset/coco128/images/train2017/000000000074.jpg: 41.458 ms
/ultralytics/zoo/dataset/coco128/images/train2017/000000000077.jpg: 34.190 ms
/ultralytics/zoo/dataset/coco128/images/train2017/000000000078.jpg: 36.854 ms
/ultralytics/zoo/dataset/coco128/images/train2017/000000000081.jpg: 26.614 ms
/ultralytics/zoo/dataset/coco128/images/train2017/000000000086.jpg: 26.979 ms
/ultralytics/zoo/dataset/coco128/images/train2017/000000000089.jpg: 42.007 ms
/ultralytics/zoo/dataset/coco128/images/train2017/000000000092.jpg: 29.145 ms
/ultralytics/zoo/dataset/coco128/images/train2017/000000000094.jpg: 27.002 ms
/ultralytics/zoo/dataset/coco128/images/train2017/000000000109.jpg: 38.516 ms
/ultralytics/zoo/dataset/coco128/images/train2017/000000000110.jpg: 56.294 ms
/ultralytics/zoo/dataset/coco128/images/train2017/000000000113.jpg: 45.517 ms
/ultralytics/zoo/dataset/coco128/images/train2017/000000000127.jpg: 37.776 ms
/ultralytics/zoo/dataset/coco128/images/train2017/000000000133.jpg: 21.123 ms
/ultralytics/zoo/dataset/coco128/images/train2017/000000000136.jpg: 29.244 ms
/ultralytics/zoo/dataset/coco128/images/train2017/000000000138.jpg: 37.379 ms
/ultralytics/zoo/dataset/coco128/images/train2017/000000000142.jpg: 28.289 ms
/ultralytics/zoo/dataset/coco128/images/train2017/000000000143.jpg: 41.259 ms
/ultralytics/zoo/dataset/coco128/images/train2017/000000000144.jpg: 28.760 ms
/ultralytics/zoo/dataset/coco128/images/train2017/000000000149.jpg: 35.707 ms
/ultralytics/zoo/dataset/coco128/images/train2017/000000000151.jpg: 27.218 ms
/ultralytics/zoo/dataset/coco128/images/train2017/000000000154.jpg: 28.391 ms
/ultralytics/zoo/dataset/coco128/images/train2017/000000000164.jpg: 30.732 ms
/ultralytics/zoo/dataset/coco128/images/train2017/000000000165.jpg: 27.038 ms
/ultralytics/zoo/dataset/coco128/images/train2017/000000000192.jpg: 27.592 ms
/ultralytics/zoo/dataset/coco128/images/train2017/000000000194.jpg: 27.500 ms
/ultralytics/zoo/dataset/coco128/images/train2017/000000000196.jpg: 74.157 ms
/ultralytics/zoo/dataset/coco128/images/train2017/000000000201.jpg: 31.958 ms
/ultralytics/zoo/dataset/coco128/images/train2017/000000000208.jpg: 24.497 ms
/ultralytics/zoo/dataset/coco128/images/train2017/000000000241.jpg: 35.709 ms
/ultralytics/zoo/dataset/coco128/images/train2017/000000000247.jpg: 27.681 ms
/ultralytics/zoo/dataset/coco128/images/train2017/000000000250.jpg: 19.322 ms
/ultralytics/zoo/dataset/coco128/images/train2017/000000000257.jpg: 60.725 ms
/ultralytics/zoo/dataset/coco128/images/train2017/000000000260.jpg: 33.224 ms
/ultralytics/zoo/dataset/coco128/images/train2017/000000000263.jpg: 22.943 ms
/ultralytics/zoo/dataset/coco128/images/train2017/000000000283.jpg: 34.205 ms
/ultralytics/zoo/dataset/coco128/images/train2017/000000000294.jpg: 29.947 ms
/ultralytics/zoo/dataset/coco128/images/train2017/000000000307.jpg: 25.973 ms
/ultralytics/zoo/dataset/coco128/images/train2017/000000000308.jpg: 40.210 ms
/ultralytics/zoo/dataset/coco128/images/train2017/000000000309.jpg: 34.574 ms
/ultralytics/zoo/dataset/coco128/images/train2017/000000000312.jpg: 31.611 ms
/ultralytics/zoo/dataset/coco128/images/train2017/000000000315.jpg: 54.411 ms
/ultralytics/zoo/dataset/coco128/images/train2017/000000000321.jpg: 25.686 ms
/ultralytics/zoo/dataset/coco128/images/train2017/000000000322.jpg: 24.240 ms
/ultralytics/zoo/dataset/coco128/images/train2017/000000000326.jpg: 17.256 ms
/ultralytics/zoo/dataset/coco128/images/train2017/000000000328.jpg: 31.949 ms
/ultralytics/zoo/dataset/coco128/images/train2017/000000000332.jpg: 39.784 ms
/ultralytics/zoo/dataset/coco128/images/train2017/000000000338.jpg: 28.869 ms
/ultralytics/zoo/dataset/coco128/images/train2017/000000000349.jpg: 25.837 ms
/ultralytics/zoo/dataset/coco128/images/train2017/000000000357.jpg: 37.663 ms
/ultralytics/zoo/dataset/coco128/images/train2017/000000000359.jpg: 26.666 ms
/ultralytics/zoo/dataset/coco128/images/train2017/000000000360.jpg: 28.260 ms
/ultralytics/zoo/dataset/coco128/images/train2017/000000000368.jpg: 45.011 ms
/ultralytics/zoo/dataset/coco128/images/train2017/000000000370.jpg: 26.321 ms
/ultralytics/zoo/dataset/coco128/images/train2017/000000000382.jpg: 28.768 ms
/ultralytics/zoo/dataset/coco128/images/train2017/000000000384.jpg: 31.884 ms
/ultralytics/zoo/dataset/coco128/images/train2017/000000000387.jpg: 28.661 ms
/ultralytics/zoo/dataset/coco128/images/train2017/000000000389.jpg: 43.699 ms
/ultralytics/zoo/dataset/coco128/images/train2017/000000000394.jpg: 28.385 ms
/ultralytics/zoo/dataset/coco128/images/train2017/000000000395.jpg: 31.618 ms
/ultralytics/zoo/dataset/coco128/images/train2017/000000000397.jpg: 28.911 ms
/ultralytics/zoo/dataset/coco128/images/train2017/000000000400.jpg: 26.677 ms
/ultralytics/zoo/dataset/coco128/images/train2017/000000000404.jpg: 23.724 ms
/ultralytics/zoo/dataset/coco128/images/train2017/000000000415.jpg: 24.015 ms
/ultralytics/zoo/dataset/coco128/images/train2017/000000000419.jpg: 23.182 ms
/ultralytics/zoo/dataset/coco128/images/train2017/000000000428.jpg: 20.145 ms
/ultralytics/zoo/dataset/coco128/images/train2017/000000000431.jpg: 21.021 ms
/ultralytics/zoo/dataset/coco128/images/train2017/000000000436.jpg: 24.169 ms
/ultralytics/zoo/dataset/coco128/images/train2017/000000000438.jpg: 49.492 ms
/ultralytics/zoo/dataset/coco128/images/train2017/000000000443.jpg: 26.764 ms
/ultralytics/zoo/dataset/coco128/images/train2017/000000000446.jpg: 22.035 ms
/ultralytics/zoo/dataset/coco128/images/train2017/000000000450.jpg: 25.116 ms
/ultralytics/zoo/dataset/coco128/images/train2017/000000000459.jpg: 18.947 ms
/ultralytics/zoo/dataset/coco128/images/train2017/000000000471.jpg: 18.569 ms
/ultralytics/zoo/dataset/coco128/images/train2017/000000000472.jpg: 17.908 ms
/ultralytics/zoo/dataset/coco128/images/train2017/000000000474.jpg: 22.805 ms
/ultralytics/zoo/dataset/coco128/images/train2017/000000000486.jpg: 21.065 ms
/ultralytics/zoo/dataset/coco128/images/train2017/000000000488.jpg: 30.373 ms
/ultralytics/zoo/dataset/coco128/images/train2017/000000000490.jpg: 22.974 ms
/ultralytics/zoo/dataset/coco128/images/train2017/000000000491.jpg: 25.779 ms
/ultralytics/zoo/dataset/coco128/images/train2017/000000000502.jpg: 18.436 ms
/ultralytics/zoo/dataset/coco128/images/train2017/000000000508.jpg: 13.586 ms
/ultralytics/zoo/dataset/coco128/images/train2017/000000000510.jpg: 19.149 ms
/ultralytics/zoo/dataset/coco128/images/train2017/000000000514.jpg: 17.232 ms
/ultralytics/zoo/dataset/coco128/images/train2017/000000000520.jpg: 31.521 ms
/ultralytics/zoo/dataset/coco128/images/train2017/000000000529.jpg: 21.892 ms
/ultralytics/zoo/dataset/coco128/images/train2017/000000000531.jpg: 32.413 ms
/ultralytics/zoo/dataset/coco128/images/train2017/000000000532.jpg: 27.628 ms
/ultralytics/zoo/dataset/coco128/images/train2017/000000000536.jpg: 26.813 ms
avg: 30.331 ms

[yolo11n-seg] dataset=/ultralytics/zoo/dataset/coco128/images/train2017 count=100 imgsz=640
Using CUDA runtime cudaDeviceSynchronize() for accurate TensorRT synchronization
/ultralytics/zoo/dataset/coco128/images/train2017/000000000009.jpg: 48.425 ms
/ultralytics/zoo/dataset/coco128/images/train2017/000000000025.jpg: 27.311 ms
/ultralytics/zoo/dataset/coco128/images/train2017/000000000030.jpg: 26.347 ms
/ultralytics/zoo/dataset/coco128/images/train2017/000000000034.jpg: 30.894 ms
/ultralytics/zoo/dataset/coco128/images/train2017/000000000036.jpg: 38.984 ms
/ultralytics/zoo/dataset/coco128/images/train2017/000000000042.jpg: 34.832 ms
/ultralytics/zoo/dataset/coco128/images/train2017/000000000049.jpg: 49.591 ms
/ultralytics/zoo/dataset/coco128/images/train2017/000000000061.jpg: 35.938 ms
/ultralytics/zoo/dataset/coco128/images/train2017/000000000064.jpg: 36.033 ms
/ultralytics/zoo/dataset/coco128/images/train2017/000000000071.jpg: 33.993 ms
/ultralytics/zoo/dataset/coco128/images/train2017/000000000072.jpg: 29.276 ms
/ultralytics/zoo/dataset/coco128/images/train2017/000000000073.jpg: 30.076 ms
/ultralytics/zoo/dataset/coco128/images/train2017/000000000074.jpg: 42.744 ms
/ultralytics/zoo/dataset/coco128/images/train2017/000000000077.jpg: 37.122 ms
/ultralytics/zoo/dataset/coco128/images/train2017/000000000078.jpg: 37.927 ms
/ultralytics/zoo/dataset/coco128/images/train2017/000000000081.jpg: 28.259 ms
/ultralytics/zoo/dataset/coco128/images/train2017/000000000086.jpg: 29.570 ms
/ultralytics/zoo/dataset/coco128/images/train2017/000000000089.jpg: 39.060 ms
/ultralytics/zoo/dataset/coco128/images/train2017/000000000092.jpg: 30.660 ms
/ultralytics/zoo/dataset/coco128/images/train2017/000000000094.jpg: 27.735 ms
/ultralytics/zoo/dataset/coco128/images/train2017/000000000109.jpg: 38.157 ms
/ultralytics/zoo/dataset/coco128/images/train2017/000000000110.jpg: 60.913 ms
/ultralytics/zoo/dataset/coco128/images/train2017/000000000113.jpg: 40.519 ms
/ultralytics/zoo/dataset/coco128/images/train2017/000000000127.jpg: 32.824 ms
/ultralytics/zoo/dataset/coco128/images/train2017/000000000133.jpg: 29.019 ms
/ultralytics/zoo/dataset/coco128/images/train2017/000000000136.jpg: 34.000 ms
/ultralytics/zoo/dataset/coco128/images/train2017/000000000138.jpg: 39.034 ms
/ultralytics/zoo/dataset/coco128/images/train2017/000000000142.jpg: 32.248 ms
/ultralytics/zoo/dataset/coco128/images/train2017/000000000143.jpg: 44.669 ms
/ultralytics/zoo/dataset/coco128/images/train2017/000000000144.jpg: 35.886 ms
/ultralytics/zoo/dataset/coco128/images/train2017/000000000149.jpg: 44.033 ms
/ultralytics/zoo/dataset/coco128/images/train2017/000000000151.jpg: 32.763 ms
/ultralytics/zoo/dataset/coco128/images/train2017/000000000154.jpg: 30.161 ms
/ultralytics/zoo/dataset/coco128/images/train2017/000000000164.jpg: 35.349 ms
/ultralytics/zoo/dataset/coco128/images/train2017/000000000165.jpg: 25.017 ms
/ultralytics/zoo/dataset/coco128/images/train2017/000000000192.jpg: 32.499 ms
/ultralytics/zoo/dataset/coco128/images/train2017/000000000194.jpg: 31.180 ms
/ultralytics/zoo/dataset/coco128/images/train2017/000000000196.jpg: 76.694 ms
/ultralytics/zoo/dataset/coco128/images/train2017/000000000201.jpg: 30.185 ms
/ultralytics/zoo/dataset/coco128/images/train2017/000000000208.jpg: 27.787 ms
/ultralytics/zoo/dataset/coco128/images/train2017/000000000241.jpg: 36.163 ms
/ultralytics/zoo/dataset/coco128/images/train2017/000000000247.jpg: 23.024 ms
/ultralytics/zoo/dataset/coco128/images/train2017/000000000250.jpg: 23.240 ms
/ultralytics/zoo/dataset/coco128/images/train2017/000000000257.jpg: 60.229 ms
/ultralytics/zoo/dataset/coco128/images/train2017/000000000260.jpg: 36.664 ms
/ultralytics/zoo/dataset/coco128/images/train2017/000000000263.jpg: 30.178 ms
/ultralytics/zoo/dataset/coco128/images/train2017/000000000283.jpg: 35.603 ms
/ultralytics/zoo/dataset/coco128/images/train2017/000000000294.jpg: 32.038 ms
/ultralytics/zoo/dataset/coco128/images/train2017/000000000307.jpg: 33.700 ms
/ultralytics/zoo/dataset/coco128/images/train2017/000000000308.jpg: 51.074 ms
/ultralytics/zoo/dataset/coco128/images/train2017/000000000309.jpg: 38.496 ms
/ultralytics/zoo/dataset/coco128/images/train2017/000000000312.jpg: 33.305 ms
/ultralytics/zoo/dataset/coco128/images/train2017/000000000315.jpg: 66.187 ms
/ultralytics/zoo/dataset/coco128/images/train2017/000000000321.jpg: 34.643 ms
/ultralytics/zoo/dataset/coco128/images/train2017/000000000322.jpg: 32.258 ms
/ultralytics/zoo/dataset/coco128/images/train2017/000000000326.jpg: 26.919 ms
/ultralytics/zoo/dataset/coco128/images/train2017/000000000328.jpg: 40.160 ms
/ultralytics/zoo/dataset/coco128/images/train2017/000000000332.jpg: 35.663 ms
/ultralytics/zoo/dataset/coco128/images/train2017/000000000338.jpg: 35.604 ms
/ultralytics/zoo/dataset/coco128/images/train2017/000000000349.jpg: 29.024 ms
/ultralytics/zoo/dataset/coco128/images/train2017/000000000357.jpg: 40.063 ms
/ultralytics/zoo/dataset/coco128/images/train2017/000000000359.jpg: 33.265 ms
/ultralytics/zoo/dataset/coco128/images/train2017/000000000360.jpg: 27.435 ms
/ultralytics/zoo/dataset/coco128/images/train2017/000000000368.jpg: 35.131 ms
/ultralytics/zoo/dataset/coco128/images/train2017/000000000370.jpg: 23.726 ms
/ultralytics/zoo/dataset/coco128/images/train2017/000000000382.jpg: 25.502 ms
/ultralytics/zoo/dataset/coco128/images/train2017/000000000384.jpg: 28.959 ms
/ultralytics/zoo/dataset/coco128/images/train2017/000000000387.jpg: 19.095 ms
/ultralytics/zoo/dataset/coco128/images/train2017/000000000389.jpg: 35.285 ms
/ultralytics/zoo/dataset/coco128/images/train2017/000000000394.jpg: 22.374 ms
/ultralytics/zoo/dataset/coco128/images/train2017/000000000395.jpg: 30.296 ms
/ultralytics/zoo/dataset/coco128/images/train2017/000000000397.jpg: 22.865 ms
/ultralytics/zoo/dataset/coco128/images/train2017/000000000400.jpg: 23.373 ms
/ultralytics/zoo/dataset/coco128/images/train2017/000000000404.jpg: 20.440 ms
/ultralytics/zoo/dataset/coco128/images/train2017/000000000415.jpg: 21.616 ms
/ultralytics/zoo/dataset/coco128/images/train2017/000000000419.jpg: 21.950 ms
/ultralytics/zoo/dataset/coco128/images/train2017/000000000428.jpg: 19.750 ms
/ultralytics/zoo/dataset/coco128/images/train2017/000000000431.jpg: 21.061 ms
/ultralytics/zoo/dataset/coco128/images/train2017/000000000436.jpg: 21.799 ms
/ultralytics/zoo/dataset/coco128/images/train2017/000000000438.jpg: 48.424 ms
/ultralytics/zoo/dataset/coco128/images/train2017/000000000443.jpg: 27.522 ms
/ultralytics/zoo/dataset/coco128/images/train2017/000000000446.jpg: 20.411 ms
/ultralytics/zoo/dataset/coco128/images/train2017/000000000450.jpg: 28.968 ms
/ultralytics/zoo/dataset/coco128/images/train2017/000000000459.jpg: 20.320 ms
/ultralytics/zoo/dataset/coco128/images/train2017/000000000471.jpg: 22.958 ms
/ultralytics/zoo/dataset/coco128/images/train2017/000000000472.jpg: 17.421 ms
/ultralytics/zoo/dataset/coco128/images/train2017/000000000474.jpg: 22.571 ms
/ultralytics/zoo/dataset/coco128/images/train2017/000000000486.jpg: 20.464 ms
/ultralytics/zoo/dataset/coco128/images/train2017/000000000488.jpg: 26.179 ms
/ultralytics/zoo/dataset/coco128/images/train2017/000000000490.jpg: 24.455 ms
/ultralytics/zoo/dataset/coco128/images/train2017/000000000491.jpg: 27.363 ms
/ultralytics/zoo/dataset/coco128/images/train2017/000000000502.jpg: 19.883 ms
/ultralytics/zoo/dataset/coco128/images/train2017/000000000508.jpg: 14.589 ms
/ultralytics/zoo/dataset/coco128/images/train2017/000000000510.jpg: 21.289 ms
/ultralytics/zoo/dataset/coco128/images/train2017/000000000514.jpg: 19.074 ms
/ultralytics/zoo/dataset/coco128/images/train2017/000000000520.jpg: 26.940 ms
/ultralytics/zoo/dataset/coco128/images/train2017/000000000529.jpg: 21.660 ms
/ultralytics/zoo/dataset/coco128/images/train2017/000000000531.jpg: 32.459 ms
/ultralytics/zoo/dataset/coco128/images/train2017/000000000532.jpg: 25.332 ms
/ultralytics/zoo/dataset/coco128/images/train2017/000000000536.jpg: 26.544 ms
avg: 31.907 ms

[yolo11n-cls] dataset=/ultralytics/zoo/dataset/CIFAR100 count=100 imgsz=224
Using CUDA runtime cudaDeviceSynchronize() for accurate TensorRT synchronization
/ultralytics/zoo/dataset/CIFAR100/airplane/data_batch_1_00029.png: 9.264 ms
/ultralytics/zoo/dataset/CIFAR100/airplane/data_batch_1_00030.png: 7.546 ms
/ultralytics/zoo/dataset/CIFAR100/airplane/data_batch_1_00035.png: 7.316 ms
/ultralytics/zoo/dataset/CIFAR100/airplane/data_batch_1_00049.png: 7.189 ms
/ultralytics/zoo/dataset/CIFAR100/airplane/data_batch_1_00077.png: 7.127 ms
/ultralytics/zoo/dataset/CIFAR100/airplane/data_batch_1_00093.png: 7.525 ms
/ultralytics/zoo/dataset/CIFAR100/airplane/data_batch_1_00115.png: 7.315 ms
/ultralytics/zoo/dataset/CIFAR100/airplane/data_batch_1_00116.png: 7.032 ms
/ultralytics/zoo/dataset/CIFAR100/airplane/data_batch_1_00129.png: 7.113 ms
/ultralytics/zoo/dataset/CIFAR100/airplane/data_batch_1_00165.png: 7.249 ms
/ultralytics/zoo/dataset/CIFAR100/automobile/data_batch_1_00004.png: 7.213 ms
/ultralytics/zoo/dataset/CIFAR100/automobile/data_batch_1_00005.png: 7.523 ms
/ultralytics/zoo/dataset/CIFAR100/automobile/data_batch_1_00032.png: 7.866 ms
/ultralytics/zoo/dataset/CIFAR100/automobile/data_batch_1_00044.png: 7.423 ms
/ultralytics/zoo/dataset/CIFAR100/automobile/data_batch_1_00045.png: 7.880 ms
/ultralytics/zoo/dataset/CIFAR100/automobile/data_batch_1_00046.png: 7.452 ms
/ultralytics/zoo/dataset/CIFAR100/automobile/data_batch_1_00060.png: 7.410 ms
/ultralytics/zoo/dataset/CIFAR100/automobile/data_batch_1_00061.png: 7.462 ms
/ultralytics/zoo/dataset/CIFAR100/automobile/data_batch_1_00064.png: 7.413 ms
/ultralytics/zoo/dataset/CIFAR100/automobile/data_batch_1_00065.png: 7.468 ms
/ultralytics/zoo/dataset/CIFAR100/bird/data_batch_1_00006.png: 7.655 ms
/ultralytics/zoo/dataset/CIFAR100/bird/data_batch_1_00013.png: 8.291 ms
/ultralytics/zoo/dataset/CIFAR100/bird/data_batch_1_00018.png: 9.003 ms
/ultralytics/zoo/dataset/CIFAR100/bird/data_batch_1_00024.png: 7.948 ms
/ultralytics/zoo/dataset/CIFAR100/bird/data_batch_1_00041.png: 7.479 ms
/ultralytics/zoo/dataset/CIFAR100/bird/data_batch_1_00042.png: 7.820 ms
/ultralytics/zoo/dataset/CIFAR100/bird/data_batch_1_00047.png: 9.717 ms
/ultralytics/zoo/dataset/CIFAR100/bird/data_batch_1_00048.png: 8.988 ms
/ultralytics/zoo/dataset/CIFAR100/bird/data_batch_1_00054.png: 8.339 ms
/ultralytics/zoo/dataset/CIFAR100/bird/data_batch_1_00055.png: 7.430 ms
/ultralytics/zoo/dataset/CIFAR100/cat/data_batch_1_00009.png: 7.894 ms
/ultralytics/zoo/dataset/CIFAR100/cat/data_batch_1_00017.png: 9.108 ms
/ultralytics/zoo/dataset/CIFAR100/cat/data_batch_1_00021.png: 8.915 ms
/ultralytics/zoo/dataset/CIFAR100/cat/data_batch_1_00026.png: 8.888 ms
/ultralytics/zoo/dataset/CIFAR100/cat/data_batch_1_00033.png: 9.274 ms
/ultralytics/zoo/dataset/CIFAR100/cat/data_batch_1_00036.png: 8.839 ms
/ultralytics/zoo/dataset/CIFAR100/cat/data_batch_1_00038.png: 8.301 ms
/ultralytics/zoo/dataset/CIFAR100/cat/data_batch_1_00039.png: 9.500 ms
/ultralytics/zoo/dataset/CIFAR100/cat/data_batch_1_00059.png: 8.867 ms
/ultralytics/zoo/dataset/CIFAR100/cat/data_batch_1_00074.png: 7.865 ms
/ultralytics/zoo/dataset/CIFAR100/deer/data_batch_1_00003.png: 8.274 ms
/ultralytics/zoo/dataset/CIFAR100/deer/data_batch_1_00010.png: 8.178 ms
/ultralytics/zoo/dataset/CIFAR100/deer/data_batch_1_00020.png: 8.476 ms
/ultralytics/zoo/dataset/CIFAR100/deer/data_batch_1_00028.png: 8.602 ms
/ultralytics/zoo/dataset/CIFAR100/deer/data_batch_1_00034.png: 8.090 ms
/ultralytics/zoo/dataset/CIFAR100/deer/data_batch_1_00058.png: 9.008 ms
/ultralytics/zoo/dataset/CIFAR100/deer/data_batch_1_00066.png: 7.957 ms
/ultralytics/zoo/dataset/CIFAR100/deer/data_batch_1_00082.png: 7.974 ms
/ultralytics/zoo/dataset/CIFAR100/deer/data_batch_1_00086.png: 8.921 ms
/ultralytics/zoo/dataset/CIFAR100/deer/data_batch_1_00089.png: 9.264 ms
/ultralytics/zoo/dataset/CIFAR100/dog/data_batch_1_00027.png: 8.525 ms
/ultralytics/zoo/dataset/CIFAR100/dog/data_batch_1_00040.png: 7.973 ms
/ultralytics/zoo/dataset/CIFAR100/dog/data_batch_1_00051.png: 9.459 ms
/ultralytics/zoo/dataset/CIFAR100/dog/data_batch_1_00056.png: 8.825 ms
/ultralytics/zoo/dataset/CIFAR100/dog/data_batch_1_00070.png: 8.138 ms
/ultralytics/zoo/dataset/CIFAR100/dog/data_batch_1_00081.png: 9.058 ms
/ultralytics/zoo/dataset/CIFAR100/dog/data_batch_1_00083.png: 8.800 ms
/ultralytics/zoo/dataset/CIFAR100/dog/data_batch_1_00107.png: 7.967 ms
/ultralytics/zoo/dataset/CIFAR100/dog/data_batch_1_00128.png: 8.887 ms
/ultralytics/zoo/dataset/CIFAR100/dog/data_batch_1_00148.png: 9.226 ms
/ultralytics/zoo/dataset/CIFAR100/frog/data_batch_1_00000.png: 8.249 ms
/ultralytics/zoo/dataset/CIFAR100/frog/data_batch_1_00019.png: 7.845 ms
/ultralytics/zoo/dataset/CIFAR100/frog/data_batch_1_00022.png: 8.340 ms
/ultralytics/zoo/dataset/CIFAR100/frog/data_batch_1_00023.png: 9.254 ms
/ultralytics/zoo/dataset/CIFAR100/frog/data_batch_1_00025.png: 7.831 ms
/ultralytics/zoo/dataset/CIFAR100/frog/data_batch_1_00072.png: 8.921 ms
/ultralytics/zoo/dataset/CIFAR100/frog/data_batch_1_00095.png: 8.082 ms
/ultralytics/zoo/dataset/CIFAR100/frog/data_batch_1_00103.png: 7.580 ms
/ultralytics/zoo/dataset/CIFAR100/frog/data_batch_1_00104.png: 7.940 ms
/ultralytics/zoo/dataset/CIFAR100/frog/data_batch_1_00117.png: 8.610 ms
/ultralytics/zoo/dataset/CIFAR100/horse/data_batch_1_00007.png: 7.424 ms
/ultralytics/zoo/dataset/CIFAR100/horse/data_batch_1_00011.png: 8.075 ms
/ultralytics/zoo/dataset/CIFAR100/horse/data_batch_1_00012.png: 8.721 ms
/ultralytics/zoo/dataset/CIFAR100/horse/data_batch_1_00037.png: 7.756 ms
/ultralytics/zoo/dataset/CIFAR100/horse/data_batch_1_00043.png: 7.780 ms
/ultralytics/zoo/dataset/CIFAR100/horse/data_batch_1_00052.png: 8.714 ms
/ultralytics/zoo/dataset/CIFAR100/horse/data_batch_1_00068.png: 10.310 ms
/ultralytics/zoo/dataset/CIFAR100/horse/data_batch_1_00073.png: 8.769 ms
/ultralytics/zoo/dataset/CIFAR100/horse/data_batch_1_00084.png: 8.549 ms
/ultralytics/zoo/dataset/CIFAR100/horse/data_batch_1_00085.png: 8.552 ms
/ultralytics/zoo/dataset/CIFAR100/ship/data_batch_1_00008.png: 8.526 ms
/ultralytics/zoo/dataset/CIFAR100/ship/data_batch_1_00062.png: 9.100 ms
/ultralytics/zoo/dataset/CIFAR100/ship/data_batch_1_00069.png: 8.922 ms
/ultralytics/zoo/dataset/CIFAR100/ship/data_batch_1_00092.png: 9.039 ms
/ultralytics/zoo/dataset/CIFAR100/ship/data_batch_1_00100.png: 9.240 ms
/ultralytics/zoo/dataset/CIFAR100/ship/data_batch_1_00106.png: 8.035 ms
/ultralytics/zoo/dataset/CIFAR100/ship/data_batch_1_00111.png: 7.934 ms
/ultralytics/zoo/dataset/CIFAR100/ship/data_batch_1_00135.png: 8.941 ms
/ultralytics/zoo/dataset/CIFAR100/ship/data_batch_1_00139.png: 8.810 ms
/ultralytics/zoo/dataset/CIFAR100/ship/data_batch_1_00155.png: 8.647 ms
/ultralytics/zoo/dataset/CIFAR100/truck/data_batch_1_00001.png: 8.508 ms
/ultralytics/zoo/dataset/CIFAR100/truck/data_batch_1_00002.png: 7.949 ms
/ultralytics/zoo/dataset/CIFAR100/truck/data_batch_1_00014.png: 8.959 ms
/ultralytics/zoo/dataset/CIFAR100/truck/data_batch_1_00015.png: 8.934 ms
/ultralytics/zoo/dataset/CIFAR100/truck/data_batch_1_00016.png: 8.869 ms
/ultralytics/zoo/dataset/CIFAR100/truck/data_batch_1_00031.png: 8.768 ms
/ultralytics/zoo/dataset/CIFAR100/truck/data_batch_1_00050.png: 8.834 ms
/ultralytics/zoo/dataset/CIFAR100/truck/data_batch_1_00053.png: 8.059 ms
/ultralytics/zoo/dataset/CIFAR100/truck/data_batch_1_00067.png: 7.497 ms
/ultralytics/zoo/dataset/CIFAR100/truck/data_batch_1_00071.png: 8.145 ms
avg: 8.305 ms

