[yolo11n-obb] dataset=/ultralytics/zoo/dataset/DOTA100/images count=100 imgsz=640
Using CUDA runtime cudaDeviceSynchronize() for accurate TensorRT synchronization
/ultralytics/zoo/dataset/DOTA100/images/train/000000000025.jpg: 36.111 ms
/ultralytics/zoo/dataset/DOTA100/images/train/000000000034.jpg: 21.734 ms
/ultralytics/zoo/dataset/DOTA100/images/train/000000000036.jpg: 21.747 ms
/ultralytics/zoo/dataset/DOTA100/images/train/000000000042.jpg: 26.955 ms
/ultralytics/zoo/dataset/DOTA100/images/train/000000000064.jpg: 35.076 ms
/ultralytics/zoo/dataset/DOTA100/images/train/000000000071.jpg: 35.373 ms
/ultralytics/zoo/dataset/DOTA100/images/train/000000000073.jpg: 24.065 ms
/ultralytics/zoo/dataset/DOTA100/images/train/000000000074.jpg: 22.113 ms
/ultralytics/zoo/dataset/DOTA100/images/train/000000000078.jpg: 34.822 ms
/ultralytics/zoo/dataset/DOTA100/images/train/000000000089.jpg: 21.708 ms
/ultralytics/zoo/dataset/DOTA100/images/train/000000000094.jpg: 22.068 ms
/ultralytics/zoo/dataset/DOTA100/images/train/000000000110.jpg: 28.420 ms
/ultralytics/zoo/dataset/DOTA100/images/train/000000000136.jpg: 22.793 ms
/ultralytics/zoo/dataset/DOTA100/images/train/000000000138.jpg: 21.618 ms
/ultralytics/zoo/dataset/DOTA100/images/train/000000000142.jpg: 27.314 ms
/ultralytics/zoo/dataset/DOTA100/images/train/000000000143.jpg: 21.015 ms
/ultralytics/zoo/dataset/DOTA100/images/train/000000000151.jpg: 21.932 ms
/ultralytics/zoo/dataset/DOTA100/images/train/000000000154.jpg: 21.994 ms
/ultralytics/zoo/dataset/DOTA100/images/train/000000000164.jpg: 17.436 ms
/ultralytics/zoo/dataset/DOTA100/images/train/000000000196.jpg: 31.069 ms
/ultralytics/zoo/dataset/DOTA100/images/train/000000000208.jpg: 22.222 ms
/ultralytics/zoo/dataset/DOTA100/images/train/000000000241.jpg: 30.398 ms
/ultralytics/zoo/dataset/DOTA100/images/train/000000000247.jpg: 19.915 ms
/ultralytics/zoo/dataset/DOTA100/images/train/000000000260.jpg: 24.735 ms
/ultralytics/zoo/dataset/DOTA100/images/train/000000000294.jpg: 28.385 ms
/ultralytics/zoo/dataset/DOTA100/images/train/000000000308.jpg: 21.010 ms
/ultralytics/zoo/dataset/DOTA100/images/train/000000000309.jpg: 24.132 ms
/ultralytics/zoo/dataset/DOTA100/images/train/000000000312.jpg: 17.651 ms
/ultralytics/zoo/dataset/DOTA100/images/train/000000000321.jpg: 19.840 ms
/ultralytics/zoo/dataset/DOTA100/images/train/000000000322.jpg: 20.162 ms
/ultralytics/zoo/dataset/DOTA100/images/train/000000000326.jpg: 17.188 ms
/ultralytics/zoo/dataset/DOTA100/images/train/000000000328.jpg: 25.013 ms
/ultralytics/zoo/dataset/DOTA100/images/train/000000000338.jpg: 18.605 ms
/ultralytics/zoo/dataset/DOTA100/images/train/000000000357.jpg: 19.369 ms
/ultralytics/zoo/dataset/DOTA100/images/train/000000000360.jpg: 17.957 ms
/ultralytics/zoo/dataset/DOTA100/images/train/000000000368.jpg: 26.715 ms
/ultralytics/zoo/dataset/DOTA100/images/train/000000000382.jpg: 14.689 ms
/ultralytics/zoo/dataset/DOTA100/images/train/000000000387.jpg: 25.214 ms
/ultralytics/zoo/dataset/DOTA100/images/train/000000000389.jpg: 26.345 ms
/ultralytics/zoo/dataset/DOTA100/images/train/000000000395.jpg: 21.197 ms
/ultralytics/zoo/dataset/DOTA100/images/train/000000000400.jpg: 17.331 ms
/ultralytics/zoo/dataset/DOTA100/images/train/000000000404.jpg: 16.863 ms
/ultralytics/zoo/dataset/DOTA100/images/train/000000000415.jpg: 26.836 ms
/ultralytics/zoo/dataset/DOTA100/images/train/000000000419.jpg: 23.011 ms
/ultralytics/zoo/dataset/DOTA100/images/train/000000000431.jpg: 18.392 ms
/ultralytics/zoo/dataset/DOTA100/images/train/000000000436.jpg: 21.792 ms
/ultralytics/zoo/dataset/DOTA100/images/train/000000000438.jpg: 21.785 ms
/ultralytics/zoo/dataset/DOTA100/images/train/000000000443.jpg: 18.784 ms
/ultralytics/zoo/dataset/DOTA100/images/train/000000000450.jpg: 20.113 ms
/ultralytics/zoo/dataset/DOTA100/images/train/000000000459.jpg: 25.603 ms
/ultralytics/zoo/dataset/DOTA100/images/train/000000000471.jpg: 20.677 ms
/ultralytics/zoo/dataset/DOTA100/images/train/000000000472.jpg: 18.943 ms
/ultralytics/zoo/dataset/DOTA100/images/train/000000000488.jpg: 21.148 ms
/ultralytics/zoo/dataset/DOTA100/images/train/000000000491.jpg: 30.148 ms
/ultralytics/zoo/dataset/DOTA100/images/train/000000000502.jpg: 21.966 ms
/ultralytics/zoo/dataset/DOTA100/images/train/000000000508.jpg: 18.688 ms
/ultralytics/zoo/dataset/DOTA100/images/train/000000000520.jpg: 23.861 ms
/ultralytics/zoo/dataset/DOTA100/images/train/000000000529.jpg: 18.994 ms
/ultralytics/zoo/dataset/DOTA100/images/train/000000000531.jpg: 17.637 ms
/ultralytics/zoo/dataset/DOTA100/images/train/000000000540.jpg: 24.185 ms
/ultralytics/zoo/dataset/DOTA100/images/train/000000000544.jpg: 26.463 ms
/ultralytics/zoo/dataset/DOTA100/images/train/000000000560.jpg: 26.330 ms
/ultralytics/zoo/dataset/DOTA100/images/train/000000000562.jpg: 17.174 ms
/ultralytics/zoo/dataset/DOTA100/images/train/000000000564.jpg: 21.596 ms
/ultralytics/zoo/dataset/DOTA100/images/train/000000000572.jpg: 14.107 ms
/ultralytics/zoo/dataset/DOTA100/images/train/000000000575.jpg: 20.741 ms
/ultralytics/zoo/dataset/DOTA100/images/train/000000000581.jpg: 25.208 ms
/ultralytics/zoo/dataset/DOTA100/images/train/000000000584.jpg: 13.687 ms
/ultralytics/zoo/dataset/DOTA100/images/train/000000000590.jpg: 23.095 ms
/ultralytics/zoo/dataset/DOTA100/images/train/000000000595.jpg: 19.940 ms
/ultralytics/zoo/dataset/DOTA100/images/train/000000000597.jpg: 14.522 ms
/ultralytics/zoo/dataset/DOTA100/images/train/000000000599.jpg: 26.776 ms
/ultralytics/zoo/dataset/DOTA100/images/train/000000000620.jpg: 22.305 ms
/ultralytics/zoo/dataset/DOTA100/images/train/000000000625.jpg: 18.850 ms
/ultralytics/zoo/dataset/DOTA100/images/train/000000000626.jpg: 26.285 ms
/ultralytics/zoo/dataset/DOTA100/images/train/000000000629.jpg: 24.714 ms
/ultralytics/zoo/dataset/DOTA100/images/train/000000000636.jpg: 26.183 ms
/ultralytics/zoo/dataset/DOTA100/images/train/000000000641.jpg: 17.240 ms
/ultralytics/zoo/dataset/DOTA100/images/train/000000000643.jpg: 30.352 ms
/ultralytics/zoo/dataset/DOTA100/images/train/000000000650.jpg: 20.434 ms
/ultralytics/zoo/dataset/DOTA100/images/val/000000000009.jpg: 19.340 ms
/ultralytics/zoo/dataset/DOTA100/images/val/000000000049.jpg: 17.138 ms
/ultralytics/zoo/dataset/DOTA100/images/val/000000000077.jpg: 26.361 ms
/ultralytics/zoo/dataset/DOTA100/images/val/000000000133.jpg: 18.093 ms
/ultralytics/zoo/dataset/DOTA100/images/val/000000000144.jpg: 24.114 ms
/ultralytics/zoo/dataset/DOTA100/images/val/000000000201.jpg: 31.220 ms
/ultralytics/zoo/dataset/DOTA100/images/val/000000000263.jpg: 24.742 ms
/ultralytics/zoo/dataset/DOTA100/images/val/000000000315.jpg: 21.735 ms
/ultralytics/zoo/dataset/DOTA100/images/val/000000000332.jpg: 16.774 ms
/ultralytics/zoo/dataset/DOTA100/images/val/000000000370.jpg: 24.705 ms
/ultralytics/zoo/dataset/DOTA100/images/val/000000000397.jpg: 28.579 ms
/ultralytics/zoo/dataset/DOTA100/images/val/000000000428.jpg: 15.460 ms
/ultralytics/zoo/dataset/DOTA100/images/val/000000000446.jpg: 23.293 ms
/ultralytics/zoo/dataset/DOTA100/images/val/000000000474.jpg: 21.351 ms
/ultralytics/zoo/dataset/DOTA100/images/val/000000000510.jpg: 27.362 ms
/ultralytics/zoo/dataset/DOTA100/images/val/000000000542.jpg: 19.091 ms
/ultralytics/zoo/dataset/DOTA100/images/val/000000000569.jpg: 20.442 ms
/ultralytics/zoo/dataset/DOTA100/images/val/000000000589.jpg: 21.182 ms
/ultralytics/zoo/dataset/DOTA100/images/val/000000000612.jpg: 25.237 ms
/ultralytics/zoo/dataset/DOTA100/images/val/000000000634.jpg: 14.583 ms
avg: 22.597 ms
