[yolo11n-cls] dataset=/ultralytics/zoo/dataset/CIFAR100 count=100 imgsz=224
Using CUDA runtime cudaDeviceSynchronize() for accurate TensorRT synchronization
/ultralytics/zoo/dataset/CIFAR100/airplane/data_batch_1_00029.png: 9.264 ms
/ultralytics/zoo/dataset/CIFAR100/airplane/data_batch_1_00030.png: 7.546 ms
/ultralytics/zoo/dataset/CIFAR100/airplane/data_batch_1_00035.png: 7.316 ms
/ultralytics/zoo/dataset/CIFAR100/airplane/data_batch_1_00049.png: 7.189 ms
/ultralytics/zoo/dataset/CIFAR100/airplane/data_batch_1_00077.png: 7.127 ms
/ultralytics/zoo/dataset/CIFAR100/airplane/data_batch_1_00093.png: 7.525 ms
/ultralytics/zoo/dataset/CIFAR100/airplane/data_batch_1_00115.png: 7.315 ms
/ultralytics/zoo/dataset/CIFAR100/airplane/data_batch_1_00116.png: 7.032 ms
/ultralytics/zoo/dataset/CIFAR100/airplane/data_batch_1_00129.png: 7.113 ms
/ultralytics/zoo/dataset/CIFAR100/airplane/data_batch_1_00165.png: 7.249 ms
/ultralytics/zoo/dataset/CIFAR100/automobile/data_batch_1_00004.png: 7.213 ms
/ultralytics/zoo/dataset/CIFAR100/automobile/data_batch_1_00005.png: 7.523 ms
/ultralytics/zoo/dataset/CIFAR100/automobile/data_batch_1_00032.png: 7.866 ms
/ultralytics/zoo/dataset/CIFAR100/automobile/data_batch_1_00044.png: 7.423 ms
/ultralytics/zoo/dataset/CIFAR100/automobile/data_batch_1_00045.png: 7.880 ms
/ultralytics/zoo/dataset/CIFAR100/automobile/data_batch_1_00046.png: 7.452 ms
/ultralytics/zoo/dataset/CIFAR100/automobile/data_batch_1_00060.png: 7.410 ms
/ultralytics/zoo/dataset/CIFAR100/automobile/data_batch_1_00061.png: 7.462 ms
/ultralytics/zoo/dataset/CIFAR100/automobile/data_batch_1_00064.png: 7.413 ms
/ultralytics/zoo/dataset/CIFAR100/automobile/data_batch_1_00065.png: 7.468 ms
/ultralytics/zoo/dataset/CIFAR100/bird/data_batch_1_00006.png: 7.655 ms
/ultralytics/zoo/dataset/CIFAR100/bird/data_batch_1_00013.png: 8.291 ms
/ultralytics/zoo/dataset/CIFAR100/bird/data_batch_1_00018.png: 9.003 ms
/ultralytics/zoo/dataset/CIFAR100/bird/data_batch_1_00024.png: 7.948 ms
/ultralytics/zoo/dataset/CIFAR100/bird/data_batch_1_00041.png: 7.479 ms
/ultralytics/zoo/dataset/CIFAR100/bird/data_batch_1_00042.png: 7.820 ms
/ultralytics/zoo/dataset/CIFAR100/bird/data_batch_1_00047.png: 9.717 ms
/ultralytics/zoo/dataset/CIFAR100/bird/data_batch_1_00048.png: 8.988 ms
/ultralytics/zoo/dataset/CIFAR100/bird/data_batch_1_00054.png: 8.339 ms
/ultralytics/zoo/dataset/CIFAR100/bird/data_batch_1_00055.png: 7.430 ms
/ultralytics/zoo/dataset/CIFAR100/cat/data_batch_1_00009.png: 7.894 ms
/ultralytics/zoo/dataset/CIFAR100/cat/data_batch_1_00017.png: 9.108 ms
/ultralytics/zoo/dataset/CIFAR100/cat/data_batch_1_00021.png: 8.915 ms
/ultralytics/zoo/dataset/CIFAR100/cat/data_batch_1_00026.png: 8.888 ms
/ultralytics/zoo/dataset/CIFAR100/cat/data_batch_1_00033.png: 9.274 ms
/ultralytics/zoo/dataset/CIFAR100/cat/data_batch_1_00036.png: 8.839 ms
/ultralytics/zoo/dataset/CIFAR100/cat/data_batch_1_00038.png: 8.301 ms
/ultralytics/zoo/dataset/CIFAR100/cat/data_batch_1_00039.png: 9.500 ms
/ultralytics/zoo/dataset/CIFAR100/cat/data_batch_1_00059.png: 8.867 ms
/ultralytics/zoo/dataset/CIFAR100/cat/data_batch_1_00074.png: 7.865 ms
/ultralytics/zoo/dataset/CIFAR100/deer/data_batch_1_00003.png: 8.274 ms
/ultralytics/zoo/dataset/CIFAR100/deer/data_batch_1_00010.png: 8.178 ms
/ultralytics/zoo/dataset/CIFAR100/deer/data_batch_1_00020.png: 8.476 ms
/ultralytics/zoo/dataset/CIFAR100/deer/data_batch_1_00028.png: 8.602 ms
/ultralytics/zoo/dataset/CIFAR100/deer/data_batch_1_00034.png: 8.090 ms
/ultralytics/zoo/dataset/CIFAR100/deer/data_batch_1_00058.png: 9.008 ms
/ultralytics/zoo/dataset/CIFAR100/deer/data_batch_1_00066.png: 7.957 ms
/ultralytics/zoo/dataset/CIFAR100/deer/data_batch_1_00082.png: 7.974 ms
/ultralytics/zoo/dataset/CIFAR100/deer/data_batch_1_00086.png: 8.921 ms
/ultralytics/zoo/dataset/CIFAR100/deer/data_batch_1_00089.png: 9.264 ms
/ultralytics/zoo/dataset/CIFAR100/dog/data_batch_1_00027.png: 8.525 ms
/ultralytics/zoo/dataset/CIFAR100/dog/data_batch_1_00040.png: 7.973 ms
/ultralytics/zoo/dataset/CIFAR100/dog/data_batch_1_00051.png: 9.459 ms
/ultralytics/zoo/dataset/CIFAR100/dog/data_batch_1_00056.png: 8.825 ms
/ultralytics/zoo/dataset/CIFAR100/dog/data_batch_1_00070.png: 8.138 ms
/ultralytics/zoo/dataset/CIFAR100/dog/data_batch_1_00081.png: 9.058 ms
/ultralytics/zoo/dataset/CIFAR100/dog/data_batch_1_00083.png: 8.800 ms
/ultralytics/zoo/dataset/CIFAR100/dog/data_batch_1_00107.png: 7.967 ms
/ultralytics/zoo/dataset/CIFAR100/dog/data_batch_1_00128.png: 8.887 ms
/ultralytics/zoo/dataset/CIFAR100/dog/data_batch_1_00148.png: 9.226 ms
/ultralytics/zoo/dataset/CIFAR100/frog/data_batch_1_00000.png: 8.249 ms
/ultralytics/zoo/dataset/CIFAR100/frog/data_batch_1_00019.png: 7.845 ms
/ultralytics/zoo/dataset/CIFAR100/frog/data_batch_1_00022.png: 8.340 ms
/ultralytics/zoo/dataset/CIFAR100/frog/data_batch_1_00023.png: 9.254 ms
/ultralytics/zoo/dataset/CIFAR100/frog/data_batch_1_00025.png: 7.831 ms
/ultralytics/zoo/dataset/CIFAR100/frog/data_batch_1_00072.png: 8.921 ms
/ultralytics/zoo/dataset/CIFAR100/frog/data_batch_1_00095.png: 8.082 ms
/ultralytics/zoo/dataset/CIFAR100/frog/data_batch_1_00103.png: 7.580 ms
/ultralytics/zoo/dataset/CIFAR100/frog/data_batch_1_00104.png: 7.940 ms
/ultralytics/zoo/dataset/CIFAR100/frog/data_batch_1_00117.png: 8.610 ms
/ultralytics/zoo/dataset/CIFAR100/horse/data_batch_1_00007.png: 7.424 ms
/ultralytics/zoo/dataset/CIFAR100/horse/data_batch_1_00011.png: 8.075 ms
/ultralytics/zoo/dataset/CIFAR100/horse/data_batch_1_00012.png: 8.721 ms
/ultralytics/zoo/dataset/CIFAR100/horse/data_batch_1_00037.png: 7.756 ms
/ultralytics/zoo/dataset/CIFAR100/horse/data_batch_1_00043.png: 7.780 ms
/ultralytics/zoo/dataset/CIFAR100/horse/data_batch_1_00052.png: 8.714 ms
/ultralytics/zoo/dataset/CIFAR100/horse/data_batch_1_00068.png: 10.310 ms
/ultralytics/zoo/dataset/CIFAR100/horse/data_batch_1_00073.png: 8.769 ms
/ultralytics/zoo/dataset/CIFAR100/horse/data_batch_1_00084.png: 8.549 ms
/ultralytics/zoo/dataset/CIFAR100/horse/data_batch_1_00085.png: 8.552 ms
/ultralytics/zoo/dataset/CIFAR100/ship/data_batch_1_00008.png: 8.526 ms
/ultralytics/zoo/dataset/CIFAR100/ship/data_batch_1_00062.png: 9.100 ms
/ultralytics/zoo/dataset/CIFAR100/ship/data_batch_1_00069.png: 8.922 ms
/ultralytics/zoo/dataset/CIFAR100/ship/data_batch_1_00092.png: 9.039 ms
/ultralytics/zoo/dataset/CIFAR100/ship/data_batch_1_00100.png: 9.240 ms
/ultralytics/zoo/dataset/CIFAR100/ship/data_batch_1_00106.png: 8.035 ms
/ultralytics/zoo/dataset/CIFAR100/ship/data_batch_1_00111.png: 7.934 ms
/ultralytics/zoo/dataset/CIFAR100/ship/data_batch_1_00135.png: 8.941 ms
/ultralytics/zoo/dataset/CIFAR100/ship/data_batch_1_00139.png: 8.810 ms
/ultralytics/zoo/dataset/CIFAR100/ship/data_batch_1_00155.png: 8.647 ms
/ultralytics/zoo/dataset/CIFAR100/truck/data_batch_1_00001.png: 8.508 ms
/ultralytics/zoo/dataset/CIFAR100/truck/data_batch_1_00002.png: 7.949 ms
/ultralytics/zoo/dataset/CIFAR100/truck/data_batch_1_00014.png: 8.959 ms
/ultralytics/zoo/dataset/CIFAR100/truck/data_batch_1_00015.png: 8.934 ms
/ultralytics/zoo/dataset/CIFAR100/truck/data_batch_1_00016.png: 8.869 ms
/ultralytics/zoo/dataset/CIFAR100/truck/data_batch_1_00031.png: 8.768 ms
/ultralytics/zoo/dataset/CIFAR100/truck/data_batch_1_00050.png: 8.834 ms
/ultralytics/zoo/dataset/CIFAR100/truck/data_batch_1_00053.png: 8.059 ms
/ultralytics/zoo/dataset/CIFAR100/truck/data_batch_1_00067.png: 7.497 ms
/ultralytics/zoo/dataset/CIFAR100/truck/data_batch_1_00071.png: 8.145 ms
avg: 8.305 ms
