[yolo11n-pose] dataset=/ultralytics/zoo/dataset/coco128/images/train2017 count=100 imgsz=640
Using CUDA runtime cudaDeviceSynchronize() for accurate TensorRT synchronization
/ultralytics/zoo/dataset/coco128/images/train2017/000000000009.jpg: 22.488 ms
/ultralytics/zoo/dataset/coco128/images/train2017/000000000025.jpg: 22.563 ms
/ultralytics/zoo/dataset/coco128/images/train2017/000000000030.jpg: 25.352 ms
/ultralytics/zoo/dataset/coco128/images/train2017/000000000034.jpg: 21.246 ms
/ultralytics/zoo/dataset/coco128/images/train2017/000000000036.jpg: 26.859 ms
/ultralytics/zoo/dataset/coco128/images/train2017/000000000042.jpg: 28.057 ms
/ultralytics/zoo/dataset/coco128/images/train2017/000000000049.jpg: 31.940 ms
/ultralytics/zoo/dataset/coco128/images/train2017/000000000061.jpg: 21.936 ms
/ultralytics/zoo/dataset/coco128/images/train2017/000000000064.jpg: 17.945 ms
/ultralytics/zoo/dataset/coco128/images/train2017/000000000071.jpg: 20.058 ms
/ultralytics/zoo/dataset/coco128/images/train2017/000000000072.jpg: 27.327 ms
/ultralytics/zoo/dataset/coco128/images/train2017/000000000073.jpg: 28.419 ms
/ultralytics/zoo/dataset/coco128/images/train2017/000000000074.jpg: 22.168 ms
/ultralytics/zoo/dataset/coco128/images/train2017/000000000077.jpg: 26.678 ms
/ultralytics/zoo/dataset/coco128/images/train2017/000000000078.jpg: 22.976 ms
/ultralytics/zoo/dataset/coco128/images/train2017/000000000081.jpg: 19.668 ms
/ultralytics/zoo/dataset/coco128/images/train2017/000000000086.jpg: 25.141 ms
/ultralytics/zoo/dataset/coco128/images/train2017/000000000089.jpg: 30.740 ms
/ultralytics/zoo/dataset/coco128/images/train2017/000000000092.jpg: 27.075 ms
/ultralytics/zoo/dataset/coco128/images/train2017/000000000094.jpg: 22.194 ms
/ultralytics/zoo/dataset/coco128/images/train2017/000000000109.jpg: 14.354 ms
/ultralytics/zoo/dataset/coco128/images/train2017/000000000110.jpg: 38.787 ms
/ultralytics/zoo/dataset/coco128/images/train2017/000000000113.jpg: 22.936 ms
/ultralytics/zoo/dataset/coco128/images/train2017/000000000127.jpg: 21.615 ms
/ultralytics/zoo/dataset/coco128/images/train2017/000000000133.jpg: 18.246 ms
/ultralytics/zoo/dataset/coco128/images/train2017/000000000136.jpg: 28.433 ms
/ultralytics/zoo/dataset/coco128/images/train2017/000000000138.jpg: 27.144 ms
/ultralytics/zoo/dataset/coco128/images/train2017/000000000142.jpg: 21.576 ms
/ultralytics/zoo/dataset/coco128/images/train2017/000000000143.jpg: 19.595 ms
/ultralytics/zoo/dataset/coco128/images/train2017/000000000144.jpg: 19.813 ms
/ultralytics/zoo/dataset/coco128/images/train2017/000000000149.jpg: 18.432 ms
/ultralytics/zoo/dataset/coco128/images/train2017/000000000151.jpg: 25.181 ms
/ultralytics/zoo/dataset/coco128/images/train2017/000000000154.jpg: 18.774 ms
/ultralytics/zoo/dataset/coco128/images/train2017/000000000164.jpg: 19.061 ms
/ultralytics/zoo/dataset/coco128/images/train2017/000000000165.jpg: 22.130 ms
/ultralytics/zoo/dataset/coco128/images/train2017/000000000192.jpg: 26.584 ms
/ultralytics/zoo/dataset/coco128/images/train2017/000000000194.jpg: 18.658 ms
/ultralytics/zoo/dataset/coco128/images/train2017/000000000196.jpg: 19.999 ms
/ultralytics/zoo/dataset/coco128/images/train2017/000000000201.jpg: 19.371 ms
/ultralytics/zoo/dataset/coco128/images/train2017/000000000208.jpg: 28.786 ms
/ultralytics/zoo/dataset/coco128/images/train2017/000000000241.jpg: 32.468 ms
/ultralytics/zoo/dataset/coco128/images/train2017/000000000247.jpg: 18.527 ms
/ultralytics/zoo/dataset/coco128/images/train2017/000000000250.jpg: 14.650 ms
/ultralytics/zoo/dataset/coco128/images/train2017/000000000257.jpg: 29.745 ms
/ultralytics/zoo/dataset/coco128/images/train2017/000000000260.jpg: 28.670 ms
/ultralytics/zoo/dataset/coco128/images/train2017/000000000263.jpg: 17.360 ms
/ultralytics/zoo/dataset/coco128/images/train2017/000000000283.jpg: 19.590 ms
/ultralytics/zoo/dataset/coco128/images/train2017/000000000294.jpg: 19.917 ms
/ultralytics/zoo/dataset/coco128/images/train2017/000000000307.jpg: 18.703 ms
/ultralytics/zoo/dataset/coco128/images/train2017/000000000308.jpg: 33.470 ms
/ultralytics/zoo/dataset/coco128/images/train2017/000000000309.jpg: 28.508 ms
/ultralytics/zoo/dataset/coco128/images/train2017/000000000312.jpg: 19.733 ms
/ultralytics/zoo/dataset/coco128/images/train2017/000000000315.jpg: 26.047 ms
/ultralytics/zoo/dataset/coco128/images/train2017/000000000321.jpg: 19.108 ms
/ultralytics/zoo/dataset/coco128/images/train2017/000000000322.jpg: 23.062 ms
/ultralytics/zoo/dataset/coco128/images/train2017/000000000326.jpg: 24.118 ms
/ultralytics/zoo/dataset/coco128/images/train2017/000000000328.jpg: 27.760 ms
/ultralytics/zoo/dataset/coco128/images/train2017/000000000332.jpg: 18.301 ms
/ultralytics/zoo/dataset/coco128/images/train2017/000000000338.jpg: 29.927 ms
/ultralytics/zoo/dataset/coco128/images/train2017/000000000349.jpg: 18.144 ms
/ultralytics/zoo/dataset/coco128/images/train2017/000000000357.jpg: 21.958 ms
/ultralytics/zoo/dataset/coco128/images/train2017/000000000359.jpg: 21.250 ms
/ultralytics/zoo/dataset/coco128/images/train2017/000000000360.jpg: 21.149 ms
/ultralytics/zoo/dataset/coco128/images/train2017/000000000368.jpg: 38.121 ms
/ultralytics/zoo/dataset/coco128/images/train2017/000000000370.jpg: 23.598 ms
/ultralytics/zoo/dataset/coco128/images/train2017/000000000382.jpg: 18.423 ms
/ultralytics/zoo/dataset/coco128/images/train2017/000000000384.jpg: 15.195 ms
/ultralytics/zoo/dataset/coco128/images/train2017/000000000387.jpg: 30.514 ms
/ultralytics/zoo/dataset/coco128/images/train2017/000000000389.jpg: 31.419 ms
/ultralytics/zoo/dataset/coco128/images/train2017/000000000394.jpg: 20.190 ms
/ultralytics/zoo/dataset/coco128/images/train2017/000000000395.jpg: 39.592 ms
/ultralytics/zoo/dataset/coco128/images/train2017/000000000397.jpg: 24.656 ms
/ultralytics/zoo/dataset/coco128/images/train2017/000000000400.jpg: 23.235 ms
/ultralytics/zoo/dataset/coco128/images/train2017/000000000404.jpg: 16.295 ms
/ultralytics/zoo/dataset/coco128/images/train2017/000000000415.jpg: 18.290 ms
/ultralytics/zoo/dataset/coco128/images/train2017/000000000419.jpg: 25.026 ms
/ultralytics/zoo/dataset/coco128/images/train2017/000000000428.jpg: 18.236 ms
/ultralytics/zoo/dataset/coco128/images/train2017/000000000431.jpg: 24.986 ms
/ultralytics/zoo/dataset/coco128/images/train2017/000000000436.jpg: 22.272 ms
/ultralytics/zoo/dataset/coco128/images/train2017/000000000438.jpg: 18.992 ms
/ultralytics/zoo/dataset/coco128/images/train2017/000000000443.jpg: 32.571 ms
/ultralytics/zoo/dataset/coco128/images/train2017/000000000446.jpg: 25.618 ms
/ultralytics/zoo/dataset/coco128/images/train2017/000000000450.jpg: 19.479 ms
/ultralytics/zoo/dataset/coco128/images/train2017/000000000459.jpg: 20.137 ms
/ultralytics/zoo/dataset/coco128/images/train2017/000000000471.jpg: 16.010 ms
/ultralytics/zoo/dataset/coco128/images/train2017/000000000472.jpg: 17.922 ms
/ultralytics/zoo/dataset/coco128/images/train2017/000000000474.jpg: 26.152 ms
/ultralytics/zoo/dataset/coco128/images/train2017/000000000486.jpg: 15.879 ms
/ultralytics/zoo/dataset/coco128/images/train2017/000000000488.jpg: 26.246 ms
/ultralytics/zoo/dataset/coco128/images/train2017/000000000490.jpg: 22.198 ms
/ultralytics/zoo/dataset/coco128/images/train2017/000000000491.jpg: 20.256 ms
/ultralytics/zoo/dataset/coco128/images/train2017/000000000502.jpg: 17.746 ms
/ultralytics/zoo/dataset/coco128/images/train2017/000000000508.jpg: 18.678 ms
/ultralytics/zoo/dataset/coco128/images/train2017/000000000510.jpg: 23.976 ms
/ultralytics/zoo/dataset/coco128/images/train2017/000000000514.jpg: 16.703 ms
/ultralytics/zoo/dataset/coco128/images/train2017/000000000520.jpg: 21.154 ms
/ultralytics/zoo/dataset/coco128/images/train2017/000000000529.jpg: 25.813 ms
/ultralytics/zoo/dataset/coco128/images/train2017/000000000531.jpg: 24.744 ms
/ultralytics/zoo/dataset/coco128/images/train2017/000000000532.jpg: 25.461 ms
/ultralytics/zoo/dataset/coco128/images/train2017/000000000536.jpg: 25.897 ms
avg: 23.242 ms

[yolo11n-obb] dataset=/ultralytics/zoo/dataset/DOTA100/images count=100 imgsz=640
Using CUDA runtime cudaDeviceSynchronize() for accurate TensorRT synchronization
/ultralytics/zoo/dataset/DOTA100/images/train/000000000025.jpg: 24.469 ms
/ultralytics/zoo/dataset/DOTA100/images/train/000000000034.jpg: 16.985 ms
/ultralytics/zoo/dataset/DOTA100/images/train/000000000036.jpg: 17.781 ms
/ultralytics/zoo/dataset/DOTA100/images/train/000000000042.jpg: 37.810 ms
/ultralytics/zoo/dataset/DOTA100/images/train/000000000064.jpg: 31.602 ms
/ultralytics/zoo/dataset/DOTA100/images/train/000000000071.jpg: 28.849 ms
/ultralytics/zoo/dataset/DOTA100/images/train/000000000073.jpg: 23.052 ms
/ultralytics/zoo/dataset/DOTA100/images/train/000000000074.jpg: 28.183 ms
/ultralytics/zoo/dataset/DOTA100/images/train/000000000078.jpg: 38.958 ms
/ultralytics/zoo/dataset/DOTA100/images/train/000000000089.jpg: 26.242 ms
/ultralytics/zoo/dataset/DOTA100/images/train/000000000094.jpg: 18.237 ms
/ultralytics/zoo/dataset/DOTA100/images/train/000000000110.jpg: 21.573 ms
/ultralytics/zoo/dataset/DOTA100/images/train/000000000136.jpg: 21.387 ms
/ultralytics/zoo/dataset/DOTA100/images/train/000000000138.jpg: 18.334 ms
/ultralytics/zoo/dataset/DOTA100/images/train/000000000142.jpg: 25.013 ms
/ultralytics/zoo/dataset/DOTA100/images/train/000000000143.jpg: 26.348 ms
/ultralytics/zoo/dataset/DOTA100/images/train/000000000151.jpg: 19.682 ms
/ultralytics/zoo/dataset/DOTA100/images/train/000000000154.jpg: 24.923 ms
/ultralytics/zoo/dataset/DOTA100/images/train/000000000164.jpg: 23.500 ms
/ultralytics/zoo/dataset/DOTA100/images/train/000000000196.jpg: 25.169 ms
/ultralytics/zoo/dataset/DOTA100/images/train/000000000208.jpg: 14.741 ms
/ultralytics/zoo/dataset/DOTA100/images/train/000000000241.jpg: 27.241 ms
/ultralytics/zoo/dataset/DOTA100/images/train/000000000247.jpg: 18.079 ms
/ultralytics/zoo/dataset/DOTA100/images/train/000000000260.jpg: 23.324 ms
/ultralytics/zoo/dataset/DOTA100/images/train/000000000294.jpg: 26.963 ms
/ultralytics/zoo/dataset/DOTA100/images/train/000000000308.jpg: 16.385 ms
/ultralytics/zoo/dataset/DOTA100/images/train/000000000309.jpg: 27.200 ms
/ultralytics/zoo/dataset/DOTA100/images/train/000000000312.jpg: 15.901 ms
/ultralytics/zoo/dataset/DOTA100/images/train/000000000321.jpg: 20.427 ms
/ultralytics/zoo/dataset/DOTA100/images/train/000000000322.jpg: 25.869 ms
/ultralytics/zoo/dataset/DOTA100/images/train/000000000326.jpg: 16.816 ms
/ultralytics/zoo/dataset/DOTA100/images/train/000000000328.jpg: 30.453 ms
/ultralytics/zoo/dataset/DOTA100/images/train/000000000338.jpg: 19.818 ms
/ultralytics/zoo/dataset/DOTA100/images/train/000000000357.jpg: 15.677 ms
/ultralytics/zoo/dataset/DOTA100/images/train/000000000360.jpg: 17.526 ms
/ultralytics/zoo/dataset/DOTA100/images/train/000000000368.jpg: 26.971 ms
/ultralytics/zoo/dataset/DOTA100/images/train/000000000382.jpg: 14.121 ms
/ultralytics/zoo/dataset/DOTA100/images/train/000000000387.jpg: 29.857 ms
/ultralytics/zoo/dataset/DOTA100/images/train/000000000389.jpg: 27.138 ms
/ultralytics/zoo/dataset/DOTA100/images/train/000000000395.jpg: 17.191 ms
/ultralytics/zoo/dataset/DOTA100/images/train/000000000400.jpg: 23.148 ms
/ultralytics/zoo/dataset/DOTA100/images/train/000000000404.jpg: 21.457 ms
/ultralytics/zoo/dataset/DOTA100/images/train/000000000415.jpg: 20.135 ms
/ultralytics/zoo/dataset/DOTA100/images/train/000000000419.jpg: 24.409 ms
/ultralytics/zoo/dataset/DOTA100/images/train/000000000431.jpg: 20.110 ms
/ultralytics/zoo/dataset/DOTA100/images/train/000000000436.jpg: 20.108 ms
/ultralytics/zoo/dataset/DOTA100/images/train/000000000438.jpg: 28.432 ms
/ultralytics/zoo/dataset/DOTA100/images/train/000000000443.jpg: 21.056 ms
/ultralytics/zoo/dataset/DOTA100/images/train/000000000450.jpg: 21.605 ms
/ultralytics/zoo/dataset/DOTA100/images/train/000000000459.jpg: 28.662 ms
/ultralytics/zoo/dataset/DOTA100/images/train/000000000471.jpg: 18.828 ms
/ultralytics/zoo/dataset/DOTA100/images/train/000000000472.jpg: 25.392 ms
/ultralytics/zoo/dataset/DOTA100/images/train/000000000488.jpg: 19.640 ms
/ultralytics/zoo/dataset/DOTA100/images/train/000000000491.jpg: 27.341 ms
/ultralytics/zoo/dataset/DOTA100/images/train/000000000502.jpg: 20.032 ms
/ultralytics/zoo/dataset/DOTA100/images/train/000000000508.jpg: 19.713 ms
/ultralytics/zoo/dataset/DOTA100/images/train/000000000520.jpg: 32.461 ms
/ultralytics/zoo/dataset/DOTA100/images/train/000000000529.jpg: 23.181 ms
/ultralytics/zoo/dataset/DOTA100/images/train/000000000531.jpg: 16.281 ms
/ultralytics/zoo/dataset/DOTA100/images/train/000000000540.jpg: 24.931 ms
/ultralytics/zoo/dataset/DOTA100/images/train/000000000544.jpg: 32.616 ms
/ultralytics/zoo/dataset/DOTA100/images/train/000000000560.jpg: 27.329 ms
/ultralytics/zoo/dataset/DOTA100/images/train/000000000562.jpg: 19.472 ms
/ultralytics/zoo/dataset/DOTA100/images/train/000000000564.jpg: 28.521 ms
/ultralytics/zoo/dataset/DOTA100/images/train/000000000572.jpg: 16.842 ms
/ultralytics/zoo/dataset/DOTA100/images/train/000000000575.jpg: 22.782 ms
/ultralytics/zoo/dataset/DOTA100/images/train/000000000581.jpg: 24.853 ms
/ultralytics/zoo/dataset/DOTA100/images/train/000000000584.jpg: 17.956 ms
/ultralytics/zoo/dataset/DOTA100/images/train/000000000590.jpg: 24.745 ms
/ultralytics/zoo/dataset/DOTA100/images/train/000000000595.jpg: 19.753 ms
/ultralytics/zoo/dataset/DOTA100/images/train/000000000597.jpg: 17.812 ms
/ultralytics/zoo/dataset/DOTA100/images/train/000000000599.jpg: 24.987 ms
/ultralytics/zoo/dataset/DOTA100/images/train/000000000620.jpg: 18.990 ms
/ultralytics/zoo/dataset/DOTA100/images/train/000000000625.jpg: 19.106 ms
/ultralytics/zoo/dataset/DOTA100/images/train/000000000626.jpg: 26.107 ms
/ultralytics/zoo/dataset/DOTA100/images/train/000000000629.jpg: 24.496 ms
/ultralytics/zoo/dataset/DOTA100/images/train/000000000636.jpg: 27.481 ms
/ultralytics/zoo/dataset/DOTA100/images/train/000000000641.jpg: 18.570 ms
/ultralytics/zoo/dataset/DOTA100/images/train/000000000643.jpg: 28.074 ms
/ultralytics/zoo/dataset/DOTA100/images/train/000000000650.jpg: 17.078 ms
/ultralytics/zoo/dataset/DOTA100/images/val/000000000009.jpg: 18.046 ms
/ultralytics/zoo/dataset/DOTA100/images/val/000000000049.jpg: 27.563 ms
/ultralytics/zoo/dataset/DOTA100/images/val/000000000077.jpg: 17.896 ms
/ultralytics/zoo/dataset/DOTA100/images/val/000000000133.jpg: 16.952 ms
/ultralytics/zoo/dataset/DOTA100/images/val/000000000144.jpg: 27.529 ms
/ultralytics/zoo/dataset/DOTA100/images/val/000000000201.jpg: 24.712 ms
/ultralytics/zoo/dataset/DOTA100/images/val/000000000263.jpg: 21.617 ms
/ultralytics/zoo/dataset/DOTA100/images/val/000000000315.jpg: 18.765 ms
/ultralytics/zoo/dataset/DOTA100/images/val/000000000332.jpg: 22.421 ms
/ultralytics/zoo/dataset/DOTA100/images/val/000000000370.jpg: 21.210 ms
/ultralytics/zoo/dataset/DOTA100/images/val/000000000397.jpg: 26.646 ms
/ultralytics/zoo/dataset/DOTA100/images/val/000000000428.jpg: 21.026 ms
/ultralytics/zoo/dataset/DOTA100/images/val/000000000446.jpg: 16.215 ms
/ultralytics/zoo/dataset/DOTA100/images/val/000000000474.jpg: 21.491 ms
/ultralytics/zoo/dataset/DOTA100/images/val/000000000510.jpg: 23.036 ms
/ultralytics/zoo/dataset/DOTA100/images/val/000000000542.jpg: 20.364 ms
/ultralytics/zoo/dataset/DOTA100/images/val/000000000569.jpg: 15.511 ms
/ultralytics/zoo/dataset/DOTA100/images/val/000000000589.jpg: 21.487 ms
/ultralytics/zoo/dataset/DOTA100/images/val/000000000612.jpg: 27.670 ms
/ultralytics/zoo/dataset/DOTA100/images/val/000000000634.jpg: 15.348 ms
avg: 22.698 ms

[yolo11n-detect] dataset=/ultralytics/zoo/dataset/coco128/images/train2017 count=100 imgsz=640
Using CUDA runtime cudaDeviceSynchronize() for accurate TensorRT synchronization
/ultralytics/zoo/dataset/coco128/images/train2017/000000000009.jpg: 29.614 ms
/ultralytics/zoo/dataset/coco128/images/train2017/000000000025.jpg: 21.702 ms
/ultralytics/zoo/dataset/coco128/images/train2017/000000000030.jpg: 24.262 ms
/ultralytics/zoo/dataset/coco128/images/train2017/000000000034.jpg: 31.139 ms
/ultralytics/zoo/dataset/coco128/images/train2017/000000000036.jpg: 32.145 ms
/ultralytics/zoo/dataset/coco128/images/train2017/000000000042.jpg: 31.280 ms
/ultralytics/zoo/dataset/coco128/images/train2017/000000000049.jpg: 47.550 ms
/ultralytics/zoo/dataset/coco128/images/train2017/000000000061.jpg: 29.097 ms
/ultralytics/zoo/dataset/coco128/images/train2017/000000000064.jpg: 32.347 ms
/ultralytics/zoo/dataset/coco128/images/train2017/000000000071.jpg: 31.716 ms
/ultralytics/zoo/dataset/coco128/images/train2017/000000000072.jpg: 23.946 ms
/ultralytics/zoo/dataset/coco128/images/train2017/000000000073.jpg: 30.850 ms
/ultralytics/zoo/dataset/coco128/images/train2017/000000000074.jpg: 36.385 ms
/ultralytics/zoo/dataset/coco128/images/train2017/000000000077.jpg: 33.085 ms
/ultralytics/zoo/dataset/coco128/images/train2017/000000000078.jpg: 34.052 ms
/ultralytics/zoo/dataset/coco128/images/train2017/000000000081.jpg: 26.506 ms
/ultralytics/zoo/dataset/coco128/images/train2017/000000000086.jpg: 29.932 ms
/ultralytics/zoo/dataset/coco128/images/train2017/000000000089.jpg: 40.604 ms
/ultralytics/zoo/dataset/coco128/images/train2017/000000000092.jpg: 24.410 ms
/ultralytics/zoo/dataset/coco128/images/train2017/000000000094.jpg: 21.675 ms
/ultralytics/zoo/dataset/coco128/images/train2017/000000000109.jpg: 36.034 ms
/ultralytics/zoo/dataset/coco128/images/train2017/000000000110.jpg: 51.860 ms
/ultralytics/zoo/dataset/coco128/images/train2017/000000000113.jpg: 43.024 ms
/ultralytics/zoo/dataset/coco128/images/train2017/000000000127.jpg: 35.679 ms
/ultralytics/zoo/dataset/coco128/images/train2017/000000000133.jpg: 24.763 ms
/ultralytics/zoo/dataset/coco128/images/train2017/000000000136.jpg: 28.840 ms
/ultralytics/zoo/dataset/coco128/images/train2017/000000000138.jpg: 38.957 ms
/ultralytics/zoo/dataset/coco128/images/train2017/000000000142.jpg: 32.373 ms
/ultralytics/zoo/dataset/coco128/images/train2017/000000000143.jpg: 42.302 ms
/ultralytics/zoo/dataset/coco128/images/train2017/000000000144.jpg: 29.396 ms
/ultralytics/zoo/dataset/coco128/images/train2017/000000000149.jpg: 38.375 ms
/ultralytics/zoo/dataset/coco128/images/train2017/000000000151.jpg: 29.082 ms
/ultralytics/zoo/dataset/coco128/images/train2017/000000000154.jpg: 28.058 ms
/ultralytics/zoo/dataset/coco128/images/train2017/000000000164.jpg: 32.051 ms
/ultralytics/zoo/dataset/coco128/images/train2017/000000000165.jpg: 28.802 ms
/ultralytics/zoo/dataset/coco128/images/train2017/000000000192.jpg: 30.343 ms
/ultralytics/zoo/dataset/coco128/images/train2017/000000000194.jpg: 26.596 ms
/ultralytics/zoo/dataset/coco128/images/train2017/000000000196.jpg: 82.362 ms
/ultralytics/zoo/dataset/coco128/images/train2017/000000000201.jpg: 33.130 ms
/ultralytics/zoo/dataset/coco128/images/train2017/000000000208.jpg: 30.091 ms
/ultralytics/zoo/dataset/coco128/images/train2017/000000000241.jpg: 40.555 ms
/ultralytics/zoo/dataset/coco128/images/train2017/000000000247.jpg: 24.728 ms
/ultralytics/zoo/dataset/coco128/images/train2017/000000000250.jpg: 26.192 ms
/ultralytics/zoo/dataset/coco128/images/train2017/000000000257.jpg: 55.309 ms
/ultralytics/zoo/dataset/coco128/images/train2017/000000000260.jpg: 38.718 ms
/ultralytics/zoo/dataset/coco128/images/train2017/000000000263.jpg: 25.877 ms
/ultralytics/zoo/dataset/coco128/images/train2017/000000000283.jpg: 33.114 ms
/ultralytics/zoo/dataset/coco128/images/train2017/000000000294.jpg: 30.754 ms
/ultralytics/zoo/dataset/coco128/images/train2017/000000000307.jpg: 30.019 ms
/ultralytics/zoo/dataset/coco128/images/train2017/000000000308.jpg: 42.616 ms
/ultralytics/zoo/dataset/coco128/images/train2017/000000000309.jpg: 31.443 ms
/ultralytics/zoo/dataset/coco128/images/train2017/000000000312.jpg: 32.822 ms
/ultralytics/zoo/dataset/coco128/images/train2017/000000000315.jpg: 55.083 ms
/ultralytics/zoo/dataset/coco128/images/train2017/000000000321.jpg: 28.557 ms
/ultralytics/zoo/dataset/coco128/images/train2017/000000000322.jpg: 26.062 ms
/ultralytics/zoo/dataset/coco128/images/train2017/000000000326.jpg: 23.176 ms
/ultralytics/zoo/dataset/coco128/images/train2017/000000000328.jpg: 36.200 ms
/ultralytics/zoo/dataset/coco128/images/train2017/000000000332.jpg: 38.205 ms
/ultralytics/zoo/dataset/coco128/images/train2017/000000000338.jpg: 31.217 ms
/ultralytics/zoo/dataset/coco128/images/train2017/000000000349.jpg: 22.055 ms
/ultralytics/zoo/dataset/coco128/images/train2017/000000000357.jpg: 33.826 ms
/ultralytics/zoo/dataset/coco128/images/train2017/000000000359.jpg: 30.827 ms
/ultralytics/zoo/dataset/coco128/images/train2017/000000000360.jpg: 26.666 ms
/ultralytics/zoo/dataset/coco128/images/train2017/000000000368.jpg: 45.589 ms
/ultralytics/zoo/dataset/coco128/images/train2017/000000000370.jpg: 22.831 ms
/ultralytics/zoo/dataset/coco128/images/train2017/000000000382.jpg: 21.213 ms
/ultralytics/zoo/dataset/coco128/images/train2017/000000000384.jpg: 30.616 ms
/ultralytics/zoo/dataset/coco128/images/train2017/000000000387.jpg: 25.088 ms
/ultralytics/zoo/dataset/coco128/images/train2017/000000000389.jpg: 41.910 ms
/ultralytics/zoo/dataset/coco128/images/train2017/000000000394.jpg: 22.375 ms
/ultralytics/zoo/dataset/coco128/images/train2017/000000000395.jpg: 28.405 ms
/ultralytics/zoo/dataset/coco128/images/train2017/000000000397.jpg: 22.642 ms
/ultralytics/zoo/dataset/coco128/images/train2017/000000000400.jpg: 21.168 ms
/ultralytics/zoo/dataset/coco128/images/train2017/000000000404.jpg: 17.494 ms
/ultralytics/zoo/dataset/coco128/images/train2017/000000000415.jpg: 19.925 ms
/ultralytics/zoo/dataset/coco128/images/train2017/000000000419.jpg: 24.397 ms
/ultralytics/zoo/dataset/coco128/images/train2017/000000000428.jpg: 19.919 ms
/ultralytics/zoo/dataset/coco128/images/train2017/000000000431.jpg: 18.744 ms
/ultralytics/zoo/dataset/coco128/images/train2017/000000000436.jpg: 21.432 ms
/ultralytics/zoo/dataset/coco128/images/train2017/000000000438.jpg: 46.983 ms
/ultralytics/zoo/dataset/coco128/images/train2017/000000000443.jpg: 22.968 ms
/ultralytics/zoo/dataset/coco128/images/train2017/000000000446.jpg: 20.495 ms
/ultralytics/zoo/dataset/coco128/images/train2017/000000000450.jpg: 23.964 ms
/ultralytics/zoo/dataset/coco128/images/train2017/000000000459.jpg: 19.416 ms
/ultralytics/zoo/dataset/coco128/images/train2017/000000000471.jpg: 18.946 ms
/ultralytics/zoo/dataset/coco128/images/train2017/000000000472.jpg: 16.184 ms
/ultralytics/zoo/dataset/coco128/images/train2017/000000000474.jpg: 19.795 ms
/ultralytics/zoo/dataset/coco128/images/train2017/000000000486.jpg: 21.161 ms
/ultralytics/zoo/dataset/coco128/images/train2017/000000000488.jpg: 29.938 ms
/ultralytics/zoo/dataset/coco128/images/train2017/000000000490.jpg: 21.335 ms
/ultralytics/zoo/dataset/coco128/images/train2017/000000000491.jpg: 25.358 ms
/ultralytics/zoo/dataset/coco128/images/train2017/000000000502.jpg: 20.632 ms
/ultralytics/zoo/dataset/coco128/images/train2017/000000000508.jpg: 15.411 ms
/ultralytics/zoo/dataset/coco128/images/train2017/000000000510.jpg: 19.210 ms
/ultralytics/zoo/dataset/coco128/images/train2017/000000000514.jpg: 16.739 ms
/ultralytics/zoo/dataset/coco128/images/train2017/000000000520.jpg: 27.977 ms
/ultralytics/zoo/dataset/coco128/images/train2017/000000000529.jpg: 19.193 ms
/ultralytics/zoo/dataset/coco128/images/train2017/000000000531.jpg: 28.411 ms
/ultralytics/zoo/dataset/coco128/images/train2017/000000000532.jpg: 22.926 ms
/ultralytics/zoo/dataset/coco128/images/train2017/000000000536.jpg: 24.400 ms
avg: 29.836 ms

[yolo11n-seg] dataset=/ultralytics/zoo/dataset/coco128/images/train2017 count=100 imgsz=640
Using CUDA runtime cudaDeviceSynchronize() for accurate TensorRT synchronization
/ultralytics/zoo/dataset/coco128/images/train2017/000000000009.jpg: 40.403 ms
/ultralytics/zoo/dataset/coco128/images/train2017/000000000025.jpg: 34.020 ms
/ultralytics/zoo/dataset/coco128/images/train2017/000000000030.jpg: 28.596 ms
/ultralytics/zoo/dataset/coco128/images/train2017/000000000034.jpg: 33.003 ms
/ultralytics/zoo/dataset/coco128/images/train2017/000000000036.jpg: 37.836 ms
/ultralytics/zoo/dataset/coco128/images/train2017/000000000042.jpg: 33.997 ms
/ultralytics/zoo/dataset/coco128/images/train2017/000000000049.jpg: 51.878 ms
/ultralytics/zoo/dataset/coco128/images/train2017/000000000061.jpg: 31.898 ms
/ultralytics/zoo/dataset/coco128/images/train2017/000000000064.jpg: 26.290 ms
/ultralytics/zoo/dataset/coco128/images/train2017/000000000071.jpg: 27.140 ms
/ultralytics/zoo/dataset/coco128/images/train2017/000000000072.jpg: 29.972 ms
/ultralytics/zoo/dataset/coco128/images/train2017/000000000073.jpg: 34.895 ms
/ultralytics/zoo/dataset/coco128/images/train2017/000000000074.jpg: 41.074 ms
/ultralytics/zoo/dataset/coco128/images/train2017/000000000077.jpg: 33.549 ms
/ultralytics/zoo/dataset/coco128/images/train2017/000000000078.jpg: 33.102 ms
/ultralytics/zoo/dataset/coco128/images/train2017/000000000081.jpg: 23.604 ms
/ultralytics/zoo/dataset/coco128/images/train2017/000000000086.jpg: 24.387 ms
/ultralytics/zoo/dataset/coco128/images/train2017/000000000089.jpg: 37.495 ms
/ultralytics/zoo/dataset/coco128/images/train2017/000000000092.jpg: 28.193 ms
/ultralytics/zoo/dataset/coco128/images/train2017/000000000094.jpg: 25.869 ms
/ultralytics/zoo/dataset/coco128/images/train2017/000000000109.jpg: 44.658 ms
/ultralytics/zoo/dataset/coco128/images/train2017/000000000110.jpg: 52.609 ms
/ultralytics/zoo/dataset/coco128/images/train2017/000000000113.jpg: 42.191 ms
/ultralytics/zoo/dataset/coco128/images/train2017/000000000127.jpg: 29.621 ms
/ultralytics/zoo/dataset/coco128/images/train2017/000000000133.jpg: 22.782 ms
/ultralytics/zoo/dataset/coco128/images/train2017/000000000136.jpg: 31.359 ms
/ultralytics/zoo/dataset/coco128/images/train2017/000000000138.jpg: 38.263 ms
/ultralytics/zoo/dataset/coco128/images/train2017/000000000142.jpg: 35.196 ms
/ultralytics/zoo/dataset/coco128/images/train2017/000000000143.jpg: 43.636 ms
/ultralytics/zoo/dataset/coco128/images/train2017/000000000144.jpg: 32.791 ms
/ultralytics/zoo/dataset/coco128/images/train2017/000000000149.jpg: 42.112 ms
/ultralytics/zoo/dataset/coco128/images/train2017/000000000151.jpg: 28.876 ms
/ultralytics/zoo/dataset/coco128/images/train2017/000000000154.jpg: 35.522 ms
/ultralytics/zoo/dataset/coco128/images/train2017/000000000164.jpg: 29.529 ms
/ultralytics/zoo/dataset/coco128/images/train2017/000000000165.jpg: 23.319 ms
/ultralytics/zoo/dataset/coco128/images/train2017/000000000192.jpg: 28.971 ms
/ultralytics/zoo/dataset/coco128/images/train2017/000000000194.jpg: 30.954 ms
/ultralytics/zoo/dataset/coco128/images/train2017/000000000196.jpg: 70.675 ms
/ultralytics/zoo/dataset/coco128/images/train2017/000000000201.jpg: 32.949 ms
/ultralytics/zoo/dataset/coco128/images/train2017/000000000208.jpg: 25.400 ms
/ultralytics/zoo/dataset/coco128/images/train2017/000000000241.jpg: 38.644 ms
/ultralytics/zoo/dataset/coco128/images/train2017/000000000247.jpg: 24.980 ms
/ultralytics/zoo/dataset/coco128/images/train2017/000000000250.jpg: 18.130 ms
/ultralytics/zoo/dataset/coco128/images/train2017/000000000257.jpg: 61.097 ms
/ultralytics/zoo/dataset/coco128/images/train2017/000000000260.jpg: 36.391 ms
/ultralytics/zoo/dataset/coco128/images/train2017/000000000263.jpg: 28.371 ms
/ultralytics/zoo/dataset/coco128/images/train2017/000000000283.jpg: 32.817 ms
/ultralytics/zoo/dataset/coco128/images/train2017/000000000294.jpg: 30.309 ms
/ultralytics/zoo/dataset/coco128/images/train2017/000000000307.jpg: 30.796 ms
/ultralytics/zoo/dataset/coco128/images/train2017/000000000308.jpg: 46.506 ms
/ultralytics/zoo/dataset/coco128/images/train2017/000000000309.jpg: 34.283 ms
/ultralytics/zoo/dataset/coco128/images/train2017/000000000312.jpg: 33.195 ms
/ultralytics/zoo/dataset/coco128/images/train2017/000000000315.jpg: 61.765 ms
/ultralytics/zoo/dataset/coco128/images/train2017/000000000321.jpg: 27.498 ms
/ultralytics/zoo/dataset/coco128/images/train2017/000000000322.jpg: 29.029 ms
/ultralytics/zoo/dataset/coco128/images/train2017/000000000326.jpg: 26.764 ms
/ultralytics/zoo/dataset/coco128/images/train2017/000000000328.jpg: 31.645 ms
/ultralytics/zoo/dataset/coco128/images/train2017/000000000332.jpg: 37.346 ms
/ultralytics/zoo/dataset/coco128/images/train2017/000000000338.jpg: 31.467 ms
/ultralytics/zoo/dataset/coco128/images/train2017/000000000349.jpg: 27.761 ms
/ultralytics/zoo/dataset/coco128/images/train2017/000000000357.jpg: 30.171 ms
/ultralytics/zoo/dataset/coco128/images/train2017/000000000359.jpg: 32.046 ms
/ultralytics/zoo/dataset/coco128/images/train2017/000000000360.jpg: 28.086 ms
/ultralytics/zoo/dataset/coco128/images/train2017/000000000368.jpg: 37.702 ms
/ultralytics/zoo/dataset/coco128/images/train2017/000000000370.jpg: 23.148 ms
/ultralytics/zoo/dataset/coco128/images/train2017/000000000382.jpg: 26.430 ms
/ultralytics/zoo/dataset/coco128/images/train2017/000000000384.jpg: 30.210 ms
/ultralytics/zoo/dataset/coco128/images/train2017/000000000387.jpg: 20.692 ms
/ultralytics/zoo/dataset/coco128/images/train2017/000000000389.jpg: 33.704 ms
/ultralytics/zoo/dataset/coco128/images/train2017/000000000394.jpg: 24.692 ms
/ultralytics/zoo/dataset/coco128/images/train2017/000000000395.jpg: 31.811 ms
/ultralytics/zoo/dataset/coco128/images/train2017/000000000397.jpg: 23.259 ms
/ultralytics/zoo/dataset/coco128/images/train2017/000000000400.jpg: 25.077 ms
/ultralytics/zoo/dataset/coco128/images/train2017/000000000404.jpg: 19.623 ms
/ultralytics/zoo/dataset/coco128/images/train2017/000000000415.jpg: 22.044 ms
/ultralytics/zoo/dataset/coco128/images/train2017/000000000419.jpg: 23.344 ms
/ultralytics/zoo/dataset/coco128/images/train2017/000000000428.jpg: 21.965 ms
/ultralytics/zoo/dataset/coco128/images/train2017/000000000431.jpg: 22.414 ms
/ultralytics/zoo/dataset/coco128/images/train2017/000000000436.jpg: 25.160 ms
/ultralytics/zoo/dataset/coco128/images/train2017/000000000438.jpg: 49.324 ms
/ultralytics/zoo/dataset/coco128/images/train2017/000000000443.jpg: 29.558 ms
/ultralytics/zoo/dataset/coco128/images/train2017/000000000446.jpg: 21.514 ms
/ultralytics/zoo/dataset/coco128/images/train2017/000000000450.jpg: 29.597 ms
/ultralytics/zoo/dataset/coco128/images/train2017/000000000459.jpg: 24.752 ms
/ultralytics/zoo/dataset/coco128/images/train2017/000000000471.jpg: 21.538 ms
/ultralytics/zoo/dataset/coco128/images/train2017/000000000472.jpg: 18.799 ms
/ultralytics/zoo/dataset/coco128/images/train2017/000000000474.jpg: 24.068 ms
/ultralytics/zoo/dataset/coco128/images/train2017/000000000486.jpg: 21.571 ms
/ultralytics/zoo/dataset/coco128/images/train2017/000000000488.jpg: 27.635 ms
/ultralytics/zoo/dataset/coco128/images/train2017/000000000490.jpg: 25.654 ms
/ultralytics/zoo/dataset/coco128/images/train2017/000000000491.jpg: 27.272 ms
/ultralytics/zoo/dataset/coco128/images/train2017/000000000502.jpg: 20.260 ms
/ultralytics/zoo/dataset/coco128/images/train2017/000000000508.jpg: 14.548 ms
/ultralytics/zoo/dataset/coco128/images/train2017/000000000510.jpg: 21.407 ms
/ultralytics/zoo/dataset/coco128/images/train2017/000000000514.jpg: 19.209 ms
/ultralytics/zoo/dataset/coco128/images/train2017/000000000520.jpg: 26.781 ms
/ultralytics/zoo/dataset/coco128/images/train2017/000000000529.jpg: 21.452 ms
/ultralytics/zoo/dataset/coco128/images/train2017/000000000531.jpg: 32.904 ms
/ultralytics/zoo/dataset/coco128/images/train2017/000000000532.jpg: 25.914 ms
/ultralytics/zoo/dataset/coco128/images/train2017/000000000536.jpg: 27.099 ms
avg: 30.998 ms

[yolo11n-cls] dataset=/ultralytics/zoo/dataset/CIFAR100 count=100 imgsz=224
Using CUDA runtime cudaDeviceSynchronize() for accurate TensorRT synchronization
/ultralytics/zoo/dataset/CIFAR100/airplane/data_batch_1_00029.png: 8.089 ms
/ultralytics/zoo/dataset/CIFAR100/airplane/data_batch_1_00030.png: 7.346 ms
/ultralytics/zoo/dataset/CIFAR100/airplane/data_batch_1_00035.png: 7.468 ms
/ultralytics/zoo/dataset/CIFAR100/airplane/data_batch_1_00049.png: 7.064 ms
/ultralytics/zoo/dataset/CIFAR100/airplane/data_batch_1_00077.png: 7.075 ms
/ultralytics/zoo/dataset/CIFAR100/airplane/data_batch_1_00093.png: 8.015 ms
/ultralytics/zoo/dataset/CIFAR100/airplane/data_batch_1_00115.png: 7.341 ms
/ultralytics/zoo/dataset/CIFAR100/airplane/data_batch_1_00116.png: 6.968 ms
/ultralytics/zoo/dataset/CIFAR100/airplane/data_batch_1_00129.png: 6.997 ms
/ultralytics/zoo/dataset/CIFAR100/airplane/data_batch_1_00165.png: 7.259 ms
/ultralytics/zoo/dataset/CIFAR100/automobile/data_batch_1_00004.png: 7.139 ms
/ultralytics/zoo/dataset/CIFAR100/automobile/data_batch_1_00005.png: 7.252 ms
/ultralytics/zoo/dataset/CIFAR100/automobile/data_batch_1_00032.png: 7.239 ms
/ultralytics/zoo/dataset/CIFAR100/automobile/data_batch_1_00044.png: 7.339 ms
/ultralytics/zoo/dataset/CIFAR100/automobile/data_batch_1_00045.png: 7.765 ms
/ultralytics/zoo/dataset/CIFAR100/automobile/data_batch_1_00046.png: 7.576 ms
/ultralytics/zoo/dataset/CIFAR100/automobile/data_batch_1_00060.png: 7.392 ms
/ultralytics/zoo/dataset/CIFAR100/automobile/data_batch_1_00061.png: 7.408 ms
/ultralytics/zoo/dataset/CIFAR100/automobile/data_batch_1_00064.png: 7.314 ms
/ultralytics/zoo/dataset/CIFAR100/automobile/data_batch_1_00065.png: 7.279 ms
/ultralytics/zoo/dataset/CIFAR100/bird/data_batch_1_00006.png: 7.345 ms
/ultralytics/zoo/dataset/CIFAR100/bird/data_batch_1_00013.png: 7.402 ms
/ultralytics/zoo/dataset/CIFAR100/bird/data_batch_1_00018.png: 7.881 ms
/ultralytics/zoo/dataset/CIFAR100/bird/data_batch_1_00024.png: 8.803 ms
/ultralytics/zoo/dataset/CIFAR100/bird/data_batch_1_00041.png: 7.669 ms
/ultralytics/zoo/dataset/CIFAR100/bird/data_batch_1_00042.png: 7.337 ms
/ultralytics/zoo/dataset/CIFAR100/bird/data_batch_1_00047.png: 7.774 ms
/ultralytics/zoo/dataset/CIFAR100/bird/data_batch_1_00048.png: 8.194 ms
/ultralytics/zoo/dataset/CIFAR100/bird/data_batch_1_00054.png: 7.651 ms
/ultralytics/zoo/dataset/CIFAR100/bird/data_batch_1_00055.png: 7.955 ms
/ultralytics/zoo/dataset/CIFAR100/cat/data_batch_1_00009.png: 8.725 ms
/ultralytics/zoo/dataset/CIFAR100/cat/data_batch_1_00017.png: 8.566 ms
/ultralytics/zoo/dataset/CIFAR100/cat/data_batch_1_00021.png: 8.398 ms
/ultralytics/zoo/dataset/CIFAR100/cat/data_batch_1_00026.png: 8.739 ms
/ultralytics/zoo/dataset/CIFAR100/cat/data_batch_1_00033.png: 8.597 ms
/ultralytics/zoo/dataset/CIFAR100/cat/data_batch_1_00036.png: 7.907 ms
/ultralytics/zoo/dataset/CIFAR100/cat/data_batch_1_00038.png: 8.359 ms
/ultralytics/zoo/dataset/CIFAR100/cat/data_batch_1_00039.png: 9.028 ms
/ultralytics/zoo/dataset/CIFAR100/cat/data_batch_1_00059.png: 7.788 ms
/ultralytics/zoo/dataset/CIFAR100/cat/data_batch_1_00074.png: 8.034 ms
/ultralytics/zoo/dataset/CIFAR100/deer/data_batch_1_00003.png: 9.433 ms
/ultralytics/zoo/dataset/CIFAR100/deer/data_batch_1_00010.png: 8.266 ms
/ultralytics/zoo/dataset/CIFAR100/deer/data_batch_1_00020.png: 7.869 ms
/ultralytics/zoo/dataset/CIFAR100/deer/data_batch_1_00028.png: 7.961 ms
/ultralytics/zoo/dataset/CIFAR100/deer/data_batch_1_00034.png: 7.833 ms
/ultralytics/zoo/dataset/CIFAR100/deer/data_batch_1_00058.png: 7.931 ms
/ultralytics/zoo/dataset/CIFAR100/deer/data_batch_1_00066.png: 8.877 ms
/ultralytics/zoo/dataset/CIFAR100/deer/data_batch_1_00082.png: 9.074 ms
/ultralytics/zoo/dataset/CIFAR100/deer/data_batch_1_00086.png: 8.914 ms
/ultralytics/zoo/dataset/CIFAR100/deer/data_batch_1_00089.png: 8.577 ms
/ultralytics/zoo/dataset/CIFAR100/dog/data_batch_1_00027.png: 8.977 ms
/ultralytics/zoo/dataset/CIFAR100/dog/data_batch_1_00040.png: 9.150 ms
/ultralytics/zoo/dataset/CIFAR100/dog/data_batch_1_00051.png: 8.154 ms
/ultralytics/zoo/dataset/CIFAR100/dog/data_batch_1_00056.png: 8.058 ms
/ultralytics/zoo/dataset/CIFAR100/dog/data_batch_1_00070.png: 8.132 ms
/ultralytics/zoo/dataset/CIFAR100/dog/data_batch_1_00081.png: 8.270 ms
/ultralytics/zoo/dataset/CIFAR100/dog/data_batch_1_00083.png: 8.105 ms
/ultralytics/zoo/dataset/CIFAR100/dog/data_batch_1_00107.png: 7.852 ms
/ultralytics/zoo/dataset/CIFAR100/dog/data_batch_1_00128.png: 7.647 ms
/ultralytics/zoo/dataset/CIFAR100/dog/data_batch_1_00148.png: 7.491 ms
/ultralytics/zoo/dataset/CIFAR100/frog/data_batch_1_00000.png: 7.413 ms
/ultralytics/zoo/dataset/CIFAR100/frog/data_batch_1_00019.png: 7.481 ms
/ultralytics/zoo/dataset/CIFAR100/frog/data_batch_1_00022.png: 7.682 ms
/ultralytics/zoo/dataset/CIFAR100/frog/data_batch_1_00023.png: 8.429 ms
/ultralytics/zoo/dataset/CIFAR100/frog/data_batch_1_00025.png: 7.926 ms
/ultralytics/zoo/dataset/CIFAR100/frog/data_batch_1_00072.png: 7.956 ms
/ultralytics/zoo/dataset/CIFAR100/frog/data_batch_1_00095.png: 8.720 ms
/ultralytics/zoo/dataset/CIFAR100/frog/data_batch_1_00103.png: 7.865 ms
/ultralytics/zoo/dataset/CIFAR100/frog/data_batch_1_00104.png: 7.833 ms
/ultralytics/zoo/dataset/CIFAR100/frog/data_batch_1_00117.png: 8.818 ms
/ultralytics/zoo/dataset/CIFAR100/horse/data_batch_1_00007.png: 8.725 ms
/ultralytics/zoo/dataset/CIFAR100/horse/data_batch_1_00011.png: 8.447 ms
/ultralytics/zoo/dataset/CIFAR100/horse/data_batch_1_00012.png: 8.423 ms
/ultralytics/zoo/dataset/CIFAR100/horse/data_batch_1_00037.png: 8.531 ms
/ultralytics/zoo/dataset/CIFAR100/horse/data_batch_1_00043.png: 8.572 ms
/ultralytics/zoo/dataset/CIFAR100/horse/data_batch_1_00052.png: 8.956 ms
/ultralytics/zoo/dataset/CIFAR100/horse/data_batch_1_00068.png: 8.766 ms
/ultralytics/zoo/dataset/CIFAR100/horse/data_batch_1_00073.png: 8.516 ms
/ultralytics/zoo/dataset/CIFAR100/horse/data_batch_1_00084.png: 8.443 ms
/ultralytics/zoo/dataset/CIFAR100/horse/data_batch_1_00085.png: 8.505 ms
/ultralytics/zoo/dataset/CIFAR100/ship/data_batch_1_00008.png: 8.590 ms
/ultralytics/zoo/dataset/CIFAR100/ship/data_batch_1_00062.png: 8.958 ms
/ultralytics/zoo/dataset/CIFAR100/ship/data_batch_1_00069.png: 8.712 ms
/ultralytics/zoo/dataset/CIFAR100/ship/data_batch_1_00092.png: 8.537 ms
/ultralytics/zoo/dataset/CIFAR100/ship/data_batch_1_00100.png: 8.561 ms
/ultralytics/zoo/dataset/CIFAR100/ship/data_batch_1_00106.png: 8.678 ms
/ultralytics/zoo/dataset/CIFAR100/ship/data_batch_1_00111.png: 9.276 ms
/ultralytics/zoo/dataset/CIFAR100/ship/data_batch_1_00135.png: 8.783 ms
/ultralytics/zoo/dataset/CIFAR100/ship/data_batch_1_00139.png: 8.485 ms
/ultralytics/zoo/dataset/CIFAR100/ship/data_batch_1_00155.png: 8.559 ms
/ultralytics/zoo/dataset/CIFAR100/truck/data_batch_1_00001.png: 8.524 ms
/ultralytics/zoo/dataset/CIFAR100/truck/data_batch_1_00002.png: 8.479 ms
/ultralytics/zoo/dataset/CIFAR100/truck/data_batch_1_00014.png: 8.886 ms
/ultralytics/zoo/dataset/CIFAR100/truck/data_batch_1_00015.png: 8.719 ms
/ultralytics/zoo/dataset/CIFAR100/truck/data_batch_1_00016.png: 8.563 ms
/ultralytics/zoo/dataset/CIFAR100/truck/data_batch_1_00031.png: 8.415 ms
/ultralytics/zoo/dataset/CIFAR100/truck/data_batch_1_00050.png: 8.886 ms
/ultralytics/zoo/dataset/CIFAR100/truck/data_batch_1_00053.png: 9.689 ms
/ultralytics/zoo/dataset/CIFAR100/truck/data_batch_1_00067.png: 8.335 ms
/ultralytics/zoo/dataset/CIFAR100/truck/data_batch_1_00071.png: 7.503 ms
avg: 8.152 ms

