[yolo11n-obb] dataset=/ultralytics/zoo/dataset/DOTA100/images count=100 imgsz=640
Using CUDA runtime cudaDeviceSynchronize() for accurate TensorRT synchronization
/ultralytics/zoo/dataset/DOTA100/images/train/000000000025.jpg: 24.469 ms
/ultralytics/zoo/dataset/DOTA100/images/train/000000000034.jpg: 16.985 ms
/ultralytics/zoo/dataset/DOTA100/images/train/000000000036.jpg: 17.781 ms
/ultralytics/zoo/dataset/DOTA100/images/train/000000000042.jpg: 37.810 ms
/ultralytics/zoo/dataset/DOTA100/images/train/000000000064.jpg: 31.602 ms
/ultralytics/zoo/dataset/DOTA100/images/train/000000000071.jpg: 28.849 ms
/ultralytics/zoo/dataset/DOTA100/images/train/000000000073.jpg: 23.052 ms
/ultralytics/zoo/dataset/DOTA100/images/train/000000000074.jpg: 28.183 ms
/ultralytics/zoo/dataset/DOTA100/images/train/000000000078.jpg: 38.958 ms
/ultralytics/zoo/dataset/DOTA100/images/train/000000000089.jpg: 26.242 ms
/ultralytics/zoo/dataset/DOTA100/images/train/000000000094.jpg: 18.237 ms
/ultralytics/zoo/dataset/DOTA100/images/train/000000000110.jpg: 21.573 ms
/ultralytics/zoo/dataset/DOTA100/images/train/000000000136.jpg: 21.387 ms
/ultralytics/zoo/dataset/DOTA100/images/train/000000000138.jpg: 18.334 ms
/ultralytics/zoo/dataset/DOTA100/images/train/000000000142.jpg: 25.013 ms
/ultralytics/zoo/dataset/DOTA100/images/train/000000000143.jpg: 26.348 ms
/ultralytics/zoo/dataset/DOTA100/images/train/000000000151.jpg: 19.682 ms
/ultralytics/zoo/dataset/DOTA100/images/train/000000000154.jpg: 24.923 ms
/ultralytics/zoo/dataset/DOTA100/images/train/000000000164.jpg: 23.500 ms
/ultralytics/zoo/dataset/DOTA100/images/train/000000000196.jpg: 25.169 ms
/ultralytics/zoo/dataset/DOTA100/images/train/000000000208.jpg: 14.741 ms
/ultralytics/zoo/dataset/DOTA100/images/train/000000000241.jpg: 27.241 ms
/ultralytics/zoo/dataset/DOTA100/images/train/000000000247.jpg: 18.079 ms
/ultralytics/zoo/dataset/DOTA100/images/train/000000000260.jpg: 23.324 ms
/ultralytics/zoo/dataset/DOTA100/images/train/000000000294.jpg: 26.963 ms
/ultralytics/zoo/dataset/DOTA100/images/train/000000000308.jpg: 16.385 ms
/ultralytics/zoo/dataset/DOTA100/images/train/000000000309.jpg: 27.200 ms
/ultralytics/zoo/dataset/DOTA100/images/train/000000000312.jpg: 15.901 ms
/ultralytics/zoo/dataset/DOTA100/images/train/000000000321.jpg: 20.427 ms
/ultralytics/zoo/dataset/DOTA100/images/train/000000000322.jpg: 25.869 ms
/ultralytics/zoo/dataset/DOTA100/images/train/000000000326.jpg: 16.816 ms
/ultralytics/zoo/dataset/DOTA100/images/train/000000000328.jpg: 30.453 ms
/ultralytics/zoo/dataset/DOTA100/images/train/000000000338.jpg: 19.818 ms
/ultralytics/zoo/dataset/DOTA100/images/train/000000000357.jpg: 15.677 ms
/ultralytics/zoo/dataset/DOTA100/images/train/000000000360.jpg: 17.526 ms
/ultralytics/zoo/dataset/DOTA100/images/train/000000000368.jpg: 26.971 ms
/ultralytics/zoo/dataset/DOTA100/images/train/000000000382.jpg: 14.121 ms
/ultralytics/zoo/dataset/DOTA100/images/train/000000000387.jpg: 29.857 ms
/ultralytics/zoo/dataset/DOTA100/images/train/000000000389.jpg: 27.138 ms
/ultralytics/zoo/dataset/DOTA100/images/train/000000000395.jpg: 17.191 ms
/ultralytics/zoo/dataset/DOTA100/images/train/000000000400.jpg: 23.148 ms
/ultralytics/zoo/dataset/DOTA100/images/train/000000000404.jpg: 21.457 ms
/ultralytics/zoo/dataset/DOTA100/images/train/000000000415.jpg: 20.135 ms
/ultralytics/zoo/dataset/DOTA100/images/train/000000000419.jpg: 24.409 ms
/ultralytics/zoo/dataset/DOTA100/images/train/000000000431.jpg: 20.110 ms
/ultralytics/zoo/dataset/DOTA100/images/train/000000000436.jpg: 20.108 ms
/ultralytics/zoo/dataset/DOTA100/images/train/000000000438.jpg: 28.432 ms
/ultralytics/zoo/dataset/DOTA100/images/train/000000000443.jpg: 21.056 ms
/ultralytics/zoo/dataset/DOTA100/images/train/000000000450.jpg: 21.605 ms
/ultralytics/zoo/dataset/DOTA100/images/train/000000000459.jpg: 28.662 ms
/ultralytics/zoo/dataset/DOTA100/images/train/000000000471.jpg: 18.828 ms
/ultralytics/zoo/dataset/DOTA100/images/train/000000000472.jpg: 25.392 ms
/ultralytics/zoo/dataset/DOTA100/images/train/000000000488.jpg: 19.640 ms
/ultralytics/zoo/dataset/DOTA100/images/train/000000000491.jpg: 27.341 ms
/ultralytics/zoo/dataset/DOTA100/images/train/000000000502.jpg: 20.032 ms
/ultralytics/zoo/dataset/DOTA100/images/train/000000000508.jpg: 19.713 ms
/ultralytics/zoo/dataset/DOTA100/images/train/000000000520.jpg: 32.461 ms
/ultralytics/zoo/dataset/DOTA100/images/train/000000000529.jpg: 23.181 ms
/ultralytics/zoo/dataset/DOTA100/images/train/000000000531.jpg: 16.281 ms
/ultralytics/zoo/dataset/DOTA100/images/train/000000000540.jpg: 24.931 ms
/ultralytics/zoo/dataset/DOTA100/images/train/000000000544.jpg: 32.616 ms
/ultralytics/zoo/dataset/DOTA100/images/train/000000000560.jpg: 27.329 ms
/ultralytics/zoo/dataset/DOTA100/images/train/000000000562.jpg: 19.472 ms
/ultralytics/zoo/dataset/DOTA100/images/train/000000000564.jpg: 28.521 ms
/ultralytics/zoo/dataset/DOTA100/images/train/000000000572.jpg: 16.842 ms
/ultralytics/zoo/dataset/DOTA100/images/train/000000000575.jpg: 22.782 ms
/ultralytics/zoo/dataset/DOTA100/images/train/000000000581.jpg: 24.853 ms
/ultralytics/zoo/dataset/DOTA100/images/train/000000000584.jpg: 17.956 ms
/ultralytics/zoo/dataset/DOTA100/images/train/000000000590.jpg: 24.745 ms
/ultralytics/zoo/dataset/DOTA100/images/train/000000000595.jpg: 19.753 ms
/ultralytics/zoo/dataset/DOTA100/images/train/000000000597.jpg: 17.812 ms
/ultralytics/zoo/dataset/DOTA100/images/train/000000000599.jpg: 24.987 ms
/ultralytics/zoo/dataset/DOTA100/images/train/000000000620.jpg: 18.990 ms
/ultralytics/zoo/dataset/DOTA100/images/train/000000000625.jpg: 19.106 ms
/ultralytics/zoo/dataset/DOTA100/images/train/000000000626.jpg: 26.107 ms
/ultralytics/zoo/dataset/DOTA100/images/train/000000000629.jpg: 24.496 ms
/ultralytics/zoo/dataset/DOTA100/images/train/000000000636.jpg: 27.481 ms
/ultralytics/zoo/dataset/DOTA100/images/train/000000000641.jpg: 18.570 ms
/ultralytics/zoo/dataset/DOTA100/images/train/000000000643.jpg: 28.074 ms
/ultralytics/zoo/dataset/DOTA100/images/train/000000000650.jpg: 17.078 ms
/ultralytics/zoo/dataset/DOTA100/images/val/000000000009.jpg: 18.046 ms
/ultralytics/zoo/dataset/DOTA100/images/val/000000000049.jpg: 27.563 ms
/ultralytics/zoo/dataset/DOTA100/images/val/000000000077.jpg: 17.896 ms
/ultralytics/zoo/dataset/DOTA100/images/val/000000000133.jpg: 16.952 ms
/ultralytics/zoo/dataset/DOTA100/images/val/000000000144.jpg: 27.529 ms
/ultralytics/zoo/dataset/DOTA100/images/val/000000000201.jpg: 24.712 ms
/ultralytics/zoo/dataset/DOTA100/images/val/000000000263.jpg: 21.617 ms
/ultralytics/zoo/dataset/DOTA100/images/val/000000000315.jpg: 18.765 ms
/ultralytics/zoo/dataset/DOTA100/images/val/000000000332.jpg: 22.421 ms
/ultralytics/zoo/dataset/DOTA100/images/val/000000000370.jpg: 21.210 ms
/ultralytics/zoo/dataset/DOTA100/images/val/000000000397.jpg: 26.646 ms
/ultralytics/zoo/dataset/DOTA100/images/val/000000000428.jpg: 21.026 ms
/ultralytics/zoo/dataset/DOTA100/images/val/000000000446.jpg: 16.215 ms
/ultralytics/zoo/dataset/DOTA100/images/val/000000000474.jpg: 21.491 ms
/ultralytics/zoo/dataset/DOTA100/images/val/000000000510.jpg: 23.036 ms
/ultralytics/zoo/dataset/DOTA100/images/val/000000000542.jpg: 20.364 ms
/ultralytics/zoo/dataset/DOTA100/images/val/000000000569.jpg: 15.511 ms
/ultralytics/zoo/dataset/DOTA100/images/val/000000000589.jpg: 21.487 ms
/ultralytics/zoo/dataset/DOTA100/images/val/000000000612.jpg: 27.670 ms
/ultralytics/zoo/dataset/DOTA100/images/val/000000000634.jpg: 15.348 ms
avg: 22.698 ms
