[yolo11n-obb] dataset=/ultralytics/zoo/dataset/DOTA100/images count=100 imgsz=640
Using CUDA runtime cudaDeviceSynchronize() for accurate TensorRT synchronization
/ultralytics/zoo/dataset/DOTA100/images/train/000000000025.jpg: 48.928 ms
/ultralytics/zoo/dataset/DOTA100/images/train/000000000034.jpg: 31.875 ms
/ultralytics/zoo/dataset/DOTA100/images/train/000000000036.jpg: 24.373 ms
/ultralytics/zoo/dataset/DOTA100/images/train/000000000042.jpg: 29.249 ms
/ultralytics/zoo/dataset/DOTA100/images/train/000000000064.jpg: 26.930 ms
/ultralytics/zoo/dataset/DOTA100/images/train/000000000071.jpg: 24.353 ms
/ultralytics/zoo/dataset/DOTA100/images/train/000000000073.jpg: 21.767 ms
/ultralytics/zoo/dataset/DOTA100/images/train/000000000074.jpg: 34.793 ms
/ultralytics/zoo/dataset/DOTA100/images/train/000000000078.jpg: 38.382 ms
/ultralytics/zoo/dataset/DOTA100/images/train/000000000089.jpg: 22.351 ms
/ultralytics/zoo/dataset/DOTA100/images/train/000000000094.jpg: 26.348 ms
/ultralytics/zoo/dataset/DOTA100/images/train/000000000110.jpg: 16.410 ms
/ultralytics/zoo/dataset/DOTA100/images/train/000000000136.jpg: 19.246 ms
/ultralytics/zoo/dataset/DOTA100/images/train/000000000138.jpg: 25.360 ms
/ultralytics/zoo/dataset/DOTA100/images/train/000000000142.jpg: 34.703 ms
/ultralytics/zoo/dataset/DOTA100/images/train/000000000143.jpg: 26.259 ms
/ultralytics/zoo/dataset/DOTA100/images/train/000000000151.jpg: 26.424 ms
/ultralytics/zoo/dataset/DOTA100/images/train/000000000154.jpg: 24.734 ms
/ultralytics/zoo/dataset/DOTA100/images/train/000000000164.jpg: 29.387 ms
/ultralytics/zoo/dataset/DOTA100/images/train/000000000196.jpg: 29.223 ms
/ultralytics/zoo/dataset/DOTA100/images/train/000000000208.jpg: 24.320 ms
/ultralytics/zoo/dataset/DOTA100/images/train/000000000241.jpg: 31.956 ms
/ultralytics/zoo/dataset/DOTA100/images/train/000000000247.jpg: 17.233 ms
/ultralytics/zoo/dataset/DOTA100/images/train/000000000260.jpg: 24.269 ms
/ultralytics/zoo/dataset/DOTA100/images/train/000000000294.jpg: 35.748 ms
/ultralytics/zoo/dataset/DOTA100/images/train/000000000308.jpg: 22.431 ms
/ultralytics/zoo/dataset/DOTA100/images/train/000000000309.jpg: 33.382 ms
/ultralytics/zoo/dataset/DOTA100/images/train/000000000312.jpg: 19.194 ms
/ultralytics/zoo/dataset/DOTA100/images/train/000000000321.jpg: 30.321 ms
/ultralytics/zoo/dataset/DOTA100/images/train/000000000322.jpg: 26.482 ms
/ultralytics/zoo/dataset/DOTA100/images/train/000000000326.jpg: 22.556 ms
/ultralytics/zoo/dataset/DOTA100/images/train/000000000328.jpg: 23.970 ms
/ultralytics/zoo/dataset/DOTA100/images/train/000000000338.jpg: 15.613 ms
/ultralytics/zoo/dataset/DOTA100/images/train/000000000357.jpg: 25.989 ms
/ultralytics/zoo/dataset/DOTA100/images/train/000000000360.jpg: 28.117 ms
/ultralytics/zoo/dataset/DOTA100/images/train/000000000368.jpg: 16.802 ms
/ultralytics/zoo/dataset/DOTA100/images/train/000000000382.jpg: 28.721 ms
/ultralytics/zoo/dataset/DOTA100/images/train/000000000387.jpg: 29.766 ms
/ultralytics/zoo/dataset/DOTA100/images/train/000000000389.jpg: 35.783 ms
/ultralytics/zoo/dataset/DOTA100/images/train/000000000395.jpg: 17.781 ms
/ultralytics/zoo/dataset/DOTA100/images/train/000000000400.jpg: 29.497 ms
/ultralytics/zoo/dataset/DOTA100/images/train/000000000404.jpg: 27.325 ms
/ultralytics/zoo/dataset/DOTA100/images/train/000000000415.jpg: 27.149 ms
/ultralytics/zoo/dataset/DOTA100/images/train/000000000419.jpg: 27.808 ms
/ultralytics/zoo/dataset/DOTA100/images/train/000000000431.jpg: 20.965 ms
/ultralytics/zoo/dataset/DOTA100/images/train/000000000436.jpg: 16.859 ms
/ultralytics/zoo/dataset/DOTA100/images/train/000000000438.jpg: 35.057 ms
/ultralytics/zoo/dataset/DOTA100/images/train/000000000443.jpg: 21.353 ms
/ultralytics/zoo/dataset/DOTA100/images/train/000000000450.jpg: 28.103 ms
/ultralytics/zoo/dataset/DOTA100/images/train/000000000459.jpg: 29.385 ms
/ultralytics/zoo/dataset/DOTA100/images/train/000000000471.jpg: 18.548 ms
/ultralytics/zoo/dataset/DOTA100/images/train/000000000472.jpg: 18.031 ms
/ultralytics/zoo/dataset/DOTA100/images/train/000000000488.jpg: 17.063 ms
/ultralytics/zoo/dataset/DOTA100/images/train/000000000491.jpg: 26.261 ms
/ultralytics/zoo/dataset/DOTA100/images/train/000000000502.jpg: 24.902 ms
/ultralytics/zoo/dataset/DOTA100/images/train/000000000508.jpg: 23.872 ms
/ultralytics/zoo/dataset/DOTA100/images/train/000000000520.jpg: 27.507 ms
/ultralytics/zoo/dataset/DOTA100/images/train/000000000529.jpg: 22.898 ms
/ultralytics/zoo/dataset/DOTA100/images/train/000000000531.jpg: 16.029 ms
/ultralytics/zoo/dataset/DOTA100/images/train/000000000540.jpg: 43.979 ms
/ultralytics/zoo/dataset/DOTA100/images/train/000000000544.jpg: 27.132 ms
/ultralytics/zoo/dataset/DOTA100/images/train/000000000560.jpg: 25.773 ms
/ultralytics/zoo/dataset/DOTA100/images/train/000000000562.jpg: 21.806 ms
/ultralytics/zoo/dataset/DOTA100/images/train/000000000564.jpg: 31.864 ms
/ultralytics/zoo/dataset/DOTA100/images/train/000000000572.jpg: 18.183 ms
/ultralytics/zoo/dataset/DOTA100/images/train/000000000575.jpg: 32.820 ms
/ultralytics/zoo/dataset/DOTA100/images/train/000000000581.jpg: 20.912 ms
/ultralytics/zoo/dataset/DOTA100/images/train/000000000584.jpg: 17.281 ms
/ultralytics/zoo/dataset/DOTA100/images/train/000000000590.jpg: 31.044 ms
/ultralytics/zoo/dataset/DOTA100/images/train/000000000595.jpg: 22.783 ms
/ultralytics/zoo/dataset/DOTA100/images/train/000000000597.jpg: 25.801 ms
/ultralytics/zoo/dataset/DOTA100/images/train/000000000599.jpg: 26.981 ms
/ultralytics/zoo/dataset/DOTA100/images/train/000000000620.jpg: 17.935 ms
/ultralytics/zoo/dataset/DOTA100/images/train/000000000625.jpg: 27.349 ms
/ultralytics/zoo/dataset/DOTA100/images/train/000000000626.jpg: 25.402 ms
/ultralytics/zoo/dataset/DOTA100/images/train/000000000629.jpg: 29.935 ms
/ultralytics/zoo/dataset/DOTA100/images/train/000000000636.jpg: 28.723 ms
/ultralytics/zoo/dataset/DOTA100/images/train/000000000641.jpg: 17.733 ms
/ultralytics/zoo/dataset/DOTA100/images/train/000000000643.jpg: 25.735 ms
/ultralytics/zoo/dataset/DOTA100/images/train/000000000650.jpg: 16.981 ms
/ultralytics/zoo/dataset/DOTA100/images/val/000000000009.jpg: 31.379 ms
/ultralytics/zoo/dataset/DOTA100/images/val/000000000049.jpg: 27.298 ms
/ultralytics/zoo/dataset/DOTA100/images/val/000000000077.jpg: 23.622 ms
/ultralytics/zoo/dataset/DOTA100/images/val/000000000133.jpg: 16.660 ms
/ultralytics/zoo/dataset/DOTA100/images/val/000000000144.jpg: 27.182 ms
/ultralytics/zoo/dataset/DOTA100/images/val/000000000201.jpg: 28.015 ms
/ultralytics/zoo/dataset/DOTA100/images/val/000000000263.jpg: 22.112 ms
/ultralytics/zoo/dataset/DOTA100/images/val/000000000315.jpg: 17.601 ms
/ultralytics/zoo/dataset/DOTA100/images/val/000000000332.jpg: 19.160 ms
/ultralytics/zoo/dataset/DOTA100/images/val/000000000370.jpg: 26.206 ms
/ultralytics/zoo/dataset/DOTA100/images/val/000000000397.jpg: 28.250 ms
/ultralytics/zoo/dataset/DOTA100/images/val/000000000428.jpg: 18.076 ms
/ultralytics/zoo/dataset/DOTA100/images/val/000000000446.jpg: 21.418 ms
/ultralytics/zoo/dataset/DOTA100/images/val/000000000474.jpg: 20.931 ms
/ultralytics/zoo/dataset/DOTA100/images/val/000000000510.jpg: 25.951 ms
/ultralytics/zoo/dataset/DOTA100/images/val/000000000542.jpg: 18.005 ms
/ultralytics/zoo/dataset/DOTA100/images/val/000000000569.jpg: 19.836 ms
/ultralytics/zoo/dataset/DOTA100/images/val/000000000589.jpg: 30.969 ms
/ultralytics/zoo/dataset/DOTA100/images/val/000000000612.jpg: 33.518 ms
/ultralytics/zoo/dataset/DOTA100/images/val/000000000634.jpg: 17.151 ms
avg: 25.396 ms

[yolo11n-pose] dataset=/ultralytics/zoo/dataset/coco128/images/train2017 count=100 imgsz=640
Using CUDA runtime cudaDeviceSynchronize() for accurate TensorRT synchronization
/ultralytics/zoo/dataset/coco128/images/train2017/000000000009.jpg: 28.874 ms
/ultralytics/zoo/dataset/coco128/images/train2017/000000000025.jpg: 20.913 ms
/ultralytics/zoo/dataset/coco128/images/train2017/000000000030.jpg: 46.951 ms
/ultralytics/zoo/dataset/coco128/images/train2017/000000000034.jpg: 31.429 ms
/ultralytics/zoo/dataset/coco128/images/train2017/000000000036.jpg: 36.074 ms
/ultralytics/zoo/dataset/coco128/images/train2017/000000000042.jpg: 22.071 ms
/ultralytics/zoo/dataset/coco128/images/train2017/000000000049.jpg: 61.835 ms
/ultralytics/zoo/dataset/coco128/images/train2017/000000000061.jpg: 48.963 ms
/ultralytics/zoo/dataset/coco128/images/train2017/000000000064.jpg: 27.060 ms
/ultralytics/zoo/dataset/coco128/images/train2017/000000000071.jpg: 27.372 ms
/ultralytics/zoo/dataset/coco128/images/train2017/000000000072.jpg: 29.937 ms
/ultralytics/zoo/dataset/coco128/images/train2017/000000000073.jpg: 24.932 ms
/ultralytics/zoo/dataset/coco128/images/train2017/000000000074.jpg: 21.659 ms
/ultralytics/zoo/dataset/coco128/images/train2017/000000000077.jpg: 56.296 ms
/ultralytics/zoo/dataset/coco128/images/train2017/000000000078.jpg: 35.433 ms
/ultralytics/zoo/dataset/coco128/images/train2017/000000000081.jpg: 28.144 ms
/ultralytics/zoo/dataset/coco128/images/train2017/000000000086.jpg: 54.927 ms
/ultralytics/zoo/dataset/coco128/images/train2017/000000000089.jpg: 37.916 ms
/ultralytics/zoo/dataset/coco128/images/train2017/000000000092.jpg: 28.793 ms
/ultralytics/zoo/dataset/coco128/images/train2017/000000000094.jpg: 26.941 ms
/ultralytics/zoo/dataset/coco128/images/train2017/000000000109.jpg: 35.879 ms
/ultralytics/zoo/dataset/coco128/images/train2017/000000000110.jpg: 133.788 ms
/ultralytics/zoo/dataset/coco128/images/train2017/000000000113.jpg: 57.337 ms
/ultralytics/zoo/dataset/coco128/images/train2017/000000000127.jpg: 35.527 ms
/ultralytics/zoo/dataset/coco128/images/train2017/000000000133.jpg: 32.665 ms
/ultralytics/zoo/dataset/coco128/images/train2017/000000000136.jpg: 52.395 ms
/ultralytics/zoo/dataset/coco128/images/train2017/000000000138.jpg: 32.901 ms
/ultralytics/zoo/dataset/coco128/images/train2017/000000000142.jpg: 29.244 ms
/ultralytics/zoo/dataset/coco128/images/train2017/000000000143.jpg: 49.376 ms
/ultralytics/zoo/dataset/coco128/images/train2017/000000000144.jpg: 28.389 ms
/ultralytics/zoo/dataset/coco128/images/train2017/000000000149.jpg: 29.282 ms
/ultralytics/zoo/dataset/coco128/images/train2017/000000000151.jpg: 46.113 ms
/ultralytics/zoo/dataset/coco128/images/train2017/000000000154.jpg: 33.551 ms
/ultralytics/zoo/dataset/coco128/images/train2017/000000000164.jpg: 25.499 ms
/ultralytics/zoo/dataset/coco128/images/train2017/000000000165.jpg: 66.278 ms
/ultralytics/zoo/dataset/coco128/images/train2017/000000000192.jpg: 67.151 ms
/ultralytics/zoo/dataset/coco128/images/train2017/000000000194.jpg: 25.233 ms
/ultralytics/zoo/dataset/coco128/images/train2017/000000000196.jpg: 32.758 ms
/ultralytics/zoo/dataset/coco128/images/train2017/000000000201.jpg: 28.115 ms
/ultralytics/zoo/dataset/coco128/images/train2017/000000000208.jpg: 42.879 ms
/ultralytics/zoo/dataset/coco128/images/train2017/000000000241.jpg: 91.579 ms
/ultralytics/zoo/dataset/coco128/images/train2017/000000000247.jpg: 31.382 ms
/ultralytics/zoo/dataset/coco128/images/train2017/000000000250.jpg: 25.014 ms
/ultralytics/zoo/dataset/coco128/images/train2017/000000000257.jpg: 82.308 ms
/ultralytics/zoo/dataset/coco128/images/train2017/000000000260.jpg: 59.169 ms
/ultralytics/zoo/dataset/coco128/images/train2017/000000000263.jpg: 28.948 ms
/ultralytics/zoo/dataset/coco128/images/train2017/000000000283.jpg: 30.641 ms
/ultralytics/zoo/dataset/coco128/images/train2017/000000000294.jpg: 47.136 ms
/ultralytics/zoo/dataset/coco128/images/train2017/000000000307.jpg: 29.168 ms
/ultralytics/zoo/dataset/coco128/images/train2017/000000000308.jpg: 89.699 ms
/ultralytics/zoo/dataset/coco128/images/train2017/000000000309.jpg: 48.384 ms
/ultralytics/zoo/dataset/coco128/images/train2017/000000000312.jpg: 30.705 ms
/ultralytics/zoo/dataset/coco128/images/train2017/000000000315.jpg: 67.269 ms
/ultralytics/zoo/dataset/coco128/images/train2017/000000000321.jpg: 25.464 ms
/ultralytics/zoo/dataset/coco128/images/train2017/000000000322.jpg: 42.508 ms
/ultralytics/zoo/dataset/coco128/images/train2017/000000000326.jpg: 54.056 ms
/ultralytics/zoo/dataset/coco128/images/train2017/000000000328.jpg: 61.669 ms
/ultralytics/zoo/dataset/coco128/images/train2017/000000000332.jpg: 27.547 ms
/ultralytics/zoo/dataset/coco128/images/train2017/000000000338.jpg: 49.226 ms
/ultralytics/zoo/dataset/coco128/images/train2017/000000000349.jpg: 34.436 ms
/ultralytics/zoo/dataset/coco128/images/train2017/000000000357.jpg: 50.939 ms
/ultralytics/zoo/dataset/coco128/images/train2017/000000000359.jpg: 36.265 ms
/ultralytics/zoo/dataset/coco128/images/train2017/000000000360.jpg: 26.946 ms
/ultralytics/zoo/dataset/coco128/images/train2017/000000000368.jpg: 58.134 ms
/ultralytics/zoo/dataset/coco128/images/train2017/000000000370.jpg: 37.742 ms
/ultralytics/zoo/dataset/coco128/images/train2017/000000000382.jpg: 33.033 ms
/ultralytics/zoo/dataset/coco128/images/train2017/000000000384.jpg: 23.660 ms
/ultralytics/zoo/dataset/coco128/images/train2017/000000000387.jpg: 35.298 ms
/ultralytics/zoo/dataset/coco128/images/train2017/000000000389.jpg: 72.513 ms
/ultralytics/zoo/dataset/coco128/images/train2017/000000000394.jpg: 24.748 ms
/ultralytics/zoo/dataset/coco128/images/train2017/000000000395.jpg: 75.044 ms
/ultralytics/zoo/dataset/coco128/images/train2017/000000000397.jpg: 39.055 ms
/ultralytics/zoo/dataset/coco128/images/train2017/000000000400.jpg: 28.083 ms
/ultralytics/zoo/dataset/coco128/images/train2017/000000000404.jpg: 21.139 ms
/ultralytics/zoo/dataset/coco128/images/train2017/000000000415.jpg: 42.721 ms
/ultralytics/zoo/dataset/coco128/images/train2017/000000000419.jpg: 48.976 ms
/ultralytics/zoo/dataset/coco128/images/train2017/000000000428.jpg: 32.322 ms
/ultralytics/zoo/dataset/coco128/images/train2017/000000000431.jpg: 36.840 ms
/ultralytics/zoo/dataset/coco128/images/train2017/000000000436.jpg: 35.245 ms
/ultralytics/zoo/dataset/coco128/images/train2017/000000000438.jpg: 30.298 ms
/ultralytics/zoo/dataset/coco128/images/train2017/000000000443.jpg: 50.902 ms
/ultralytics/zoo/dataset/coco128/images/train2017/000000000446.jpg: 30.761 ms
/ultralytics/zoo/dataset/coco128/images/train2017/000000000450.jpg: 24.370 ms
/ultralytics/zoo/dataset/coco128/images/train2017/000000000459.jpg: 30.289 ms
/ultralytics/zoo/dataset/coco128/images/train2017/000000000471.jpg: 21.039 ms
/ultralytics/zoo/dataset/coco128/images/train2017/000000000472.jpg: 18.274 ms
/ultralytics/zoo/dataset/coco128/images/train2017/000000000474.jpg: 32.277 ms
/ultralytics/zoo/dataset/coco128/images/train2017/000000000486.jpg: 24.388 ms
/ultralytics/zoo/dataset/coco128/images/train2017/000000000488.jpg: 49.451 ms
/ultralytics/zoo/dataset/coco128/images/train2017/000000000490.jpg: 28.707 ms
/ultralytics/zoo/dataset/coco128/images/train2017/000000000491.jpg: 22.696 ms
/ultralytics/zoo/dataset/coco128/images/train2017/000000000502.jpg: 21.766 ms
/ultralytics/zoo/dataset/coco128/images/train2017/000000000508.jpg: 18.326 ms
/ultralytics/zoo/dataset/coco128/images/train2017/000000000510.jpg: 40.388 ms
/ultralytics/zoo/dataset/coco128/images/train2017/000000000514.jpg: 21.515 ms
/ultralytics/zoo/dataset/coco128/images/train2017/000000000520.jpg: 20.730 ms
/ultralytics/zoo/dataset/coco128/images/train2017/000000000529.jpg: 27.716 ms
/ultralytics/zoo/dataset/coco128/images/train2017/000000000531.jpg: 32.144 ms
/ultralytics/zoo/dataset/coco128/images/train2017/000000000532.jpg: 38.050 ms
/ultralytics/zoo/dataset/coco128/images/train2017/000000000536.jpg: 45.804 ms
avg: 39.258 ms

[yolo11n-cls] dataset=/ultralytics/zoo/dataset/CIFAR100 count=100 imgsz=224
Using CUDA runtime cudaDeviceSynchronize() for accurate TensorRT synchronization
/ultralytics/zoo/dataset/CIFAR100/airplane/data_batch_1_00029.png: 6.982 ms
/ultralytics/zoo/dataset/CIFAR100/airplane/data_batch_1_00030.png: 8.154 ms
/ultralytics/zoo/dataset/CIFAR100/airplane/data_batch_1_00035.png: 7.025 ms
/ultralytics/zoo/dataset/CIFAR100/airplane/data_batch_1_00049.png: 6.285 ms
/ultralytics/zoo/dataset/CIFAR100/airplane/data_batch_1_00077.png: 6.412 ms
/ultralytics/zoo/dataset/CIFAR100/airplane/data_batch_1_00093.png: 6.086 ms
/ultralytics/zoo/dataset/CIFAR100/airplane/data_batch_1_00115.png: 8.070 ms
/ultralytics/zoo/dataset/CIFAR100/airplane/data_batch_1_00116.png: 6.534 ms
/ultralytics/zoo/dataset/CIFAR100/airplane/data_batch_1_00129.png: 6.887 ms
/ultralytics/zoo/dataset/CIFAR100/airplane/data_batch_1_00165.png: 6.442 ms
/ultralytics/zoo/dataset/CIFAR100/automobile/data_batch_1_00004.png: 6.114 ms
/ultralytics/zoo/dataset/CIFAR100/automobile/data_batch_1_00005.png: 5.935 ms
/ultralytics/zoo/dataset/CIFAR100/automobile/data_batch_1_00032.png: 8.215 ms
/ultralytics/zoo/dataset/CIFAR100/automobile/data_batch_1_00044.png: 5.764 ms
/ultralytics/zoo/dataset/CIFAR100/automobile/data_batch_1_00045.png: 5.770 ms
/ultralytics/zoo/dataset/CIFAR100/automobile/data_batch_1_00046.png: 5.557 ms
/ultralytics/zoo/dataset/CIFAR100/automobile/data_batch_1_00060.png: 6.295 ms
/ultralytics/zoo/dataset/CIFAR100/automobile/data_batch_1_00061.png: 6.370 ms
/ultralytics/zoo/dataset/CIFAR100/automobile/data_batch_1_00064.png: 6.360 ms
/ultralytics/zoo/dataset/CIFAR100/automobile/data_batch_1_00065.png: 8.215 ms
/ultralytics/zoo/dataset/CIFAR100/bird/data_batch_1_00006.png: 6.859 ms
/ultralytics/zoo/dataset/CIFAR100/bird/data_batch_1_00013.png: 7.074 ms
/ultralytics/zoo/dataset/CIFAR100/bird/data_batch_1_00018.png: 6.042 ms
/ultralytics/zoo/dataset/CIFAR100/bird/data_batch_1_00024.png: 5.757 ms
/ultralytics/zoo/dataset/CIFAR100/bird/data_batch_1_00041.png: 5.669 ms
/ultralytics/zoo/dataset/CIFAR100/bird/data_batch_1_00042.png: 7.056 ms
/ultralytics/zoo/dataset/CIFAR100/bird/data_batch_1_00047.png: 6.843 ms
/ultralytics/zoo/dataset/CIFAR100/bird/data_batch_1_00048.png: 6.018 ms
/ultralytics/zoo/dataset/CIFAR100/bird/data_batch_1_00054.png: 5.759 ms
/ultralytics/zoo/dataset/CIFAR100/bird/data_batch_1_00055.png: 6.052 ms
/ultralytics/zoo/dataset/CIFAR100/cat/data_batch_1_00009.png: 7.960 ms
/ultralytics/zoo/dataset/CIFAR100/cat/data_batch_1_00017.png: 6.306 ms
/ultralytics/zoo/dataset/CIFAR100/cat/data_batch_1_00021.png: 6.670 ms
/ultralytics/zoo/dataset/CIFAR100/cat/data_batch_1_00026.png: 8.437 ms
/ultralytics/zoo/dataset/CIFAR100/cat/data_batch_1_00033.png: 6.777 ms
/ultralytics/zoo/dataset/CIFAR100/cat/data_batch_1_00036.png: 10.188 ms
/ultralytics/zoo/dataset/CIFAR100/cat/data_batch_1_00038.png: 6.454 ms
/ultralytics/zoo/dataset/CIFAR100/cat/data_batch_1_00039.png: 6.844 ms
/ultralytics/zoo/dataset/CIFAR100/cat/data_batch_1_00059.png: 6.969 ms
/ultralytics/zoo/dataset/CIFAR100/cat/data_batch_1_00074.png: 7.499 ms
/ultralytics/zoo/dataset/CIFAR100/deer/data_batch_1_00003.png: 7.122 ms
/ultralytics/zoo/dataset/CIFAR100/deer/data_batch_1_00010.png: 6.913 ms
/ultralytics/zoo/dataset/CIFAR100/deer/data_batch_1_00020.png: 7.836 ms
/ultralytics/zoo/dataset/CIFAR100/deer/data_batch_1_00028.png: 6.701 ms
/ultralytics/zoo/dataset/CIFAR100/deer/data_batch_1_00034.png: 5.987 ms
/ultralytics/zoo/dataset/CIFAR100/deer/data_batch_1_00058.png: 6.301 ms
/ultralytics/zoo/dataset/CIFAR100/deer/data_batch_1_00066.png: 6.111 ms
/ultralytics/zoo/dataset/CIFAR100/deer/data_batch_1_00082.png: 6.802 ms
/ultralytics/zoo/dataset/CIFAR100/deer/data_batch_1_00086.png: 6.431 ms
/ultralytics/zoo/dataset/CIFAR100/deer/data_batch_1_00089.png: 6.179 ms
/ultralytics/zoo/dataset/CIFAR100/dog/data_batch_1_00027.png: 5.869 ms
/ultralytics/zoo/dataset/CIFAR100/dog/data_batch_1_00040.png: 7.919 ms
/ultralytics/zoo/dataset/CIFAR100/dog/data_batch_1_00051.png: 5.936 ms
/ultralytics/zoo/dataset/CIFAR100/dog/data_batch_1_00056.png: 5.945 ms
/ultralytics/zoo/dataset/CIFAR100/dog/data_batch_1_00070.png: 7.309 ms
/ultralytics/zoo/dataset/CIFAR100/dog/data_batch_1_00081.png: 7.916 ms
/ultralytics/zoo/dataset/CIFAR100/dog/data_batch_1_00083.png: 6.742 ms
/ultralytics/zoo/dataset/CIFAR100/dog/data_batch_1_00107.png: 6.247 ms
/ultralytics/zoo/dataset/CIFAR100/dog/data_batch_1_00128.png: 6.094 ms
/ultralytics/zoo/dataset/CIFAR100/dog/data_batch_1_00148.png: 5.903 ms
/ultralytics/zoo/dataset/CIFAR100/frog/data_batch_1_00000.png: 6.808 ms
/ultralytics/zoo/dataset/CIFAR100/frog/data_batch_1_00019.png: 7.207 ms
/ultralytics/zoo/dataset/CIFAR100/frog/data_batch_1_00022.png: 7.161 ms
/ultralytics/zoo/dataset/CIFAR100/frog/data_batch_1_00023.png: 6.072 ms
/ultralytics/zoo/dataset/CIFAR100/frog/data_batch_1_00025.png: 5.732 ms
/ultralytics/zoo/dataset/CIFAR100/frog/data_batch_1_00072.png: 7.653 ms
/ultralytics/zoo/dataset/CIFAR100/frog/data_batch_1_00095.png: 7.043 ms
/ultralytics/zoo/dataset/CIFAR100/frog/data_batch_1_00103.png: 5.961 ms
/ultralytics/zoo/dataset/CIFAR100/frog/data_batch_1_00104.png: 8.173 ms
/ultralytics/zoo/dataset/CIFAR100/frog/data_batch_1_00117.png: 5.958 ms
/ultralytics/zoo/dataset/CIFAR100/horse/data_batch_1_00007.png: 6.210 ms
/ultralytics/zoo/dataset/CIFAR100/horse/data_batch_1_00011.png: 5.895 ms
/ultralytics/zoo/dataset/CIFAR100/horse/data_batch_1_00012.png: 5.685 ms
/ultralytics/zoo/dataset/CIFAR100/horse/data_batch_1_00037.png: 8.093 ms
/ultralytics/zoo/dataset/CIFAR100/horse/data_batch_1_00043.png: 6.706 ms
/ultralytics/zoo/dataset/CIFAR100/horse/data_batch_1_00052.png: 7.711 ms
/ultralytics/zoo/dataset/CIFAR100/horse/data_batch_1_00068.png: 5.772 ms
/ultralytics/zoo/dataset/CIFAR100/horse/data_batch_1_00073.png: 6.133 ms
/ultralytics/zoo/dataset/CIFAR100/horse/data_batch_1_00084.png: 5.878 ms
/ultralytics/zoo/dataset/CIFAR100/horse/data_batch_1_00085.png: 5.763 ms
/ultralytics/zoo/dataset/CIFAR100/ship/data_batch_1_00008.png: 6.727 ms
/ultralytics/zoo/dataset/CIFAR100/ship/data_batch_1_00062.png: 8.695 ms
/ultralytics/zoo/dataset/CIFAR100/ship/data_batch_1_00069.png: 7.229 ms
/ultralytics/zoo/dataset/CIFAR100/ship/data_batch_1_00092.png: 6.139 ms
/ultralytics/zoo/dataset/CIFAR100/ship/data_batch_1_00100.png: 6.010 ms
/ultralytics/zoo/dataset/CIFAR100/ship/data_batch_1_00106.png: 6.097 ms
/ultralytics/zoo/dataset/CIFAR100/ship/data_batch_1_00111.png: 6.183 ms
/ultralytics/zoo/dataset/CIFAR100/ship/data_batch_1_00135.png: 5.827 ms
/ultralytics/zoo/dataset/CIFAR100/ship/data_batch_1_00139.png: 8.767 ms
/ultralytics/zoo/dataset/CIFAR100/ship/data_batch_1_00155.png: 8.596 ms
/ultralytics/zoo/dataset/CIFAR100/truck/data_batch_1_00001.png: 5.822 ms
/ultralytics/zoo/dataset/CIFAR100/truck/data_batch_1_00002.png: 5.936 ms
/ultralytics/zoo/dataset/CIFAR100/truck/data_batch_1_00014.png: 7.841 ms
/ultralytics/zoo/dataset/CIFAR100/truck/data_batch_1_00015.png: 6.655 ms
/ultralytics/zoo/dataset/CIFAR100/truck/data_batch_1_00016.png: 5.996 ms
/ultralytics/zoo/dataset/CIFAR100/truck/data_batch_1_00031.png: 9.091 ms
/ultralytics/zoo/dataset/CIFAR100/truck/data_batch_1_00050.png: 8.648 ms
/ultralytics/zoo/dataset/CIFAR100/truck/data_batch_1_00053.png: 5.916 ms
/ultralytics/zoo/dataset/CIFAR100/truck/data_batch_1_00067.png: 6.165 ms
/ultralytics/zoo/dataset/CIFAR100/truck/data_batch_1_00071.png: 5.815 ms
avg: 6.727 ms

[yolo11n-detect] dataset=/ultralytics/zoo/dataset/coco128/images/train2017 count=100 imgsz=640
Using CUDA runtime cudaDeviceSynchronize() for accurate TensorRT synchronization
/ultralytics/zoo/dataset/coco128/images/train2017/000000000009.jpg: 44.342 ms
/ultralytics/zoo/dataset/coco128/images/train2017/000000000025.jpg: 29.017 ms
/ultralytics/zoo/dataset/coco128/images/train2017/000000000030.jpg: 38.289 ms
/ultralytics/zoo/dataset/coco128/images/train2017/000000000034.jpg: 33.343 ms
/ultralytics/zoo/dataset/coco128/images/train2017/000000000036.jpg: 48.627 ms
/ultralytics/zoo/dataset/coco128/images/train2017/000000000042.jpg: 49.586 ms
/ultralytics/zoo/dataset/coco128/images/train2017/000000000049.jpg: 125.584 ms
/ultralytics/zoo/dataset/coco128/images/train2017/000000000061.jpg: 62.019 ms
/ultralytics/zoo/dataset/coco128/images/train2017/000000000064.jpg: 64.070 ms
/ultralytics/zoo/dataset/coco128/images/train2017/000000000071.jpg: 60.176 ms
/ultralytics/zoo/dataset/coco128/images/train2017/000000000072.jpg: 61.590 ms
/ultralytics/zoo/dataset/coco128/images/train2017/000000000073.jpg: 77.124 ms
/ultralytics/zoo/dataset/coco128/images/train2017/000000000074.jpg: 140.500 ms
/ultralytics/zoo/dataset/coco128/images/train2017/000000000077.jpg: 74.413 ms
/ultralytics/zoo/dataset/coco128/images/train2017/000000000078.jpg: 50.788 ms
/ultralytics/zoo/dataset/coco128/images/train2017/000000000081.jpg: 39.568 ms
/ultralytics/zoo/dataset/coco128/images/train2017/000000000086.jpg: 69.497 ms
/ultralytics/zoo/dataset/coco128/images/train2017/000000000089.jpg: 127.646 ms
/ultralytics/zoo/dataset/coco128/images/train2017/000000000092.jpg: 69.937 ms
/ultralytics/zoo/dataset/coco128/images/train2017/000000000094.jpg: 70.087 ms
/ultralytics/zoo/dataset/coco128/images/train2017/000000000109.jpg: 149.116 ms
/ultralytics/zoo/dataset/coco128/images/train2017/000000000110.jpg: 228.125 ms
/ultralytics/zoo/dataset/coco128/images/train2017/000000000113.jpg: 163.807 ms
/ultralytics/zoo/dataset/coco128/images/train2017/000000000127.jpg: 91.103 ms
/ultralytics/zoo/dataset/coco128/images/train2017/000000000133.jpg: 71.258 ms
/ultralytics/zoo/dataset/coco128/images/train2017/000000000136.jpg: 93.185 ms
/ultralytics/zoo/dataset/coco128/images/train2017/000000000138.jpg: 109.898 ms
/ultralytics/zoo/dataset/coco128/images/train2017/000000000142.jpg: 96.285 ms
/ultralytics/zoo/dataset/coco128/images/train2017/000000000143.jpg: 130.900 ms
/ultralytics/zoo/dataset/coco128/images/train2017/000000000144.jpg: 76.075 ms
/ultralytics/zoo/dataset/coco128/images/train2017/000000000149.jpg: 139.529 ms
/ultralytics/zoo/dataset/coco128/images/train2017/000000000151.jpg: 51.377 ms
/ultralytics/zoo/dataset/coco128/images/train2017/000000000154.jpg: 50.539 ms
/ultralytics/zoo/dataset/coco128/images/train2017/000000000164.jpg: 60.199 ms
/ultralytics/zoo/dataset/coco128/images/train2017/000000000165.jpg: 49.268 ms
/ultralytics/zoo/dataset/coco128/images/train2017/000000000192.jpg: 62.251 ms
/ultralytics/zoo/dataset/coco128/images/train2017/000000000194.jpg: 45.115 ms
/ultralytics/zoo/dataset/coco128/images/train2017/000000000196.jpg: 188.137 ms
/ultralytics/zoo/dataset/coco128/images/train2017/000000000201.jpg: 66.526 ms
/ultralytics/zoo/dataset/coco128/images/train2017/000000000208.jpg: 37.537 ms
/ultralytics/zoo/dataset/coco128/images/train2017/000000000241.jpg: 88.300 ms
/ultralytics/zoo/dataset/coco128/images/train2017/000000000247.jpg: 51.326 ms
/ultralytics/zoo/dataset/coco128/images/train2017/000000000250.jpg: 24.126 ms
/ultralytics/zoo/dataset/coco128/images/train2017/000000000257.jpg: 153.747 ms
/ultralytics/zoo/dataset/coco128/images/train2017/000000000260.jpg: 67.841 ms
/ultralytics/zoo/dataset/coco128/images/train2017/000000000263.jpg: 42.652 ms
/ultralytics/zoo/dataset/coco128/images/train2017/000000000283.jpg: 55.177 ms
/ultralytics/zoo/dataset/coco128/images/train2017/000000000294.jpg: 65.993 ms
/ultralytics/zoo/dataset/coco128/images/train2017/000000000307.jpg: 45.356 ms
/ultralytics/zoo/dataset/coco128/images/train2017/000000000308.jpg: 99.543 ms
/ultralytics/zoo/dataset/coco128/images/train2017/000000000309.jpg: 40.982 ms
/ultralytics/zoo/dataset/coco128/images/train2017/000000000312.jpg: 47.113 ms
/ultralytics/zoo/dataset/coco128/images/train2017/000000000315.jpg: 70.740 ms
/ultralytics/zoo/dataset/coco128/images/train2017/000000000321.jpg: 34.998 ms
/ultralytics/zoo/dataset/coco128/images/train2017/000000000322.jpg: 23.661 ms
/ultralytics/zoo/dataset/coco128/images/train2017/000000000326.jpg: 27.432 ms
/ultralytics/zoo/dataset/coco128/images/train2017/000000000328.jpg: 42.834 ms
/ultralytics/zoo/dataset/coco128/images/train2017/000000000332.jpg: 45.247 ms
/ultralytics/zoo/dataset/coco128/images/train2017/000000000338.jpg: 38.576 ms
/ultralytics/zoo/dataset/coco128/images/train2017/000000000349.jpg: 28.213 ms
/ultralytics/zoo/dataset/coco128/images/train2017/000000000357.jpg: 41.717 ms
/ultralytics/zoo/dataset/coco128/images/train2017/000000000359.jpg: 25.068 ms
/ultralytics/zoo/dataset/coco128/images/train2017/000000000360.jpg: 27.279 ms
/ultralytics/zoo/dataset/coco128/images/train2017/000000000368.jpg: 56.980 ms
/ultralytics/zoo/dataset/coco128/images/train2017/000000000370.jpg: 26.489 ms
/ultralytics/zoo/dataset/coco128/images/train2017/000000000382.jpg: 23.874 ms
/ultralytics/zoo/dataset/coco128/images/train2017/000000000384.jpg: 33.512 ms
/ultralytics/zoo/dataset/coco128/images/train2017/000000000387.jpg: 27.353 ms
/ultralytics/zoo/dataset/coco128/images/train2017/000000000389.jpg: 65.332 ms
/ultralytics/zoo/dataset/coco128/images/train2017/000000000394.jpg: 30.827 ms
/ultralytics/zoo/dataset/coco128/images/train2017/000000000395.jpg: 39.889 ms
/ultralytics/zoo/dataset/coco128/images/train2017/000000000397.jpg: 36.520 ms
/ultralytics/zoo/dataset/coco128/images/train2017/000000000400.jpg: 36.132 ms
/ultralytics/zoo/dataset/coco128/images/train2017/000000000404.jpg: 26.734 ms
/ultralytics/zoo/dataset/coco128/images/train2017/000000000415.jpg: 28.565 ms
/ultralytics/zoo/dataset/coco128/images/train2017/000000000419.jpg: 39.744 ms
/ultralytics/zoo/dataset/coco128/images/train2017/000000000428.jpg: 29.083 ms
/ultralytics/zoo/dataset/coco128/images/train2017/000000000431.jpg: 28.070 ms
/ultralytics/zoo/dataset/coco128/images/train2017/000000000436.jpg: 29.594 ms
/ultralytics/zoo/dataset/coco128/images/train2017/000000000438.jpg: 130.157 ms
/ultralytics/zoo/dataset/coco128/images/train2017/000000000443.jpg: 68.947 ms
/ultralytics/zoo/dataset/coco128/images/train2017/000000000446.jpg: 44.057 ms
/ultralytics/zoo/dataset/coco128/images/train2017/000000000450.jpg: 51.168 ms
/ultralytics/zoo/dataset/coco128/images/train2017/000000000459.jpg: 34.446 ms
/ultralytics/zoo/dataset/coco128/images/train2017/000000000471.jpg: 24.706 ms
/ultralytics/zoo/dataset/coco128/images/train2017/000000000472.jpg: 24.158 ms
/ultralytics/zoo/dataset/coco128/images/train2017/000000000474.jpg: 34.378 ms
/ultralytics/zoo/dataset/coco128/images/train2017/000000000486.jpg: 36.111 ms
/ultralytics/zoo/dataset/coco128/images/train2017/000000000488.jpg: 58.806 ms
/ultralytics/zoo/dataset/coco128/images/train2017/000000000490.jpg: 37.881 ms
/ultralytics/zoo/dataset/coco128/images/train2017/000000000491.jpg: 53.187 ms
/ultralytics/zoo/dataset/coco128/images/train2017/000000000502.jpg: 31.699 ms
/ultralytics/zoo/dataset/coco128/images/train2017/000000000508.jpg: 18.407 ms
/ultralytics/zoo/dataset/coco128/images/train2017/000000000510.jpg: 36.841 ms
/ultralytics/zoo/dataset/coco128/images/train2017/000000000514.jpg: 17.994 ms
/ultralytics/zoo/dataset/coco128/images/train2017/000000000520.jpg: 41.929 ms
/ultralytics/zoo/dataset/coco128/images/train2017/000000000529.jpg: 31.534 ms
/ultralytics/zoo/dataset/coco128/images/train2017/000000000531.jpg: 45.847 ms
/ultralytics/zoo/dataset/coco128/images/train2017/000000000532.jpg: 34.690 ms
/ultralytics/zoo/dataset/coco128/images/train2017/000000000536.jpg: 39.302 ms
avg: 59.393 ms

[yolo11n-seg] dataset=/ultralytics/zoo/dataset/coco128/images/train2017 count=100 imgsz=640
Using CUDA runtime cudaDeviceSynchronize() for accurate TensorRT synchronization
/ultralytics/zoo/dataset/coco128/images/train2017/000000000009.jpg: 64.591 ms
/ultralytics/zoo/dataset/coco128/images/train2017/000000000025.jpg: 54.393 ms
/ultralytics/zoo/dataset/coco128/images/train2017/000000000030.jpg: 66.582 ms
/ultralytics/zoo/dataset/coco128/images/train2017/000000000034.jpg: 63.750 ms
/ultralytics/zoo/dataset/coco128/images/train2017/000000000036.jpg: 65.113 ms
/ultralytics/zoo/dataset/coco128/images/train2017/000000000042.jpg: 48.025 ms
/ultralytics/zoo/dataset/coco128/images/train2017/000000000049.jpg: 182.215 ms
/ultralytics/zoo/dataset/coco128/images/train2017/000000000061.jpg: 74.142 ms
/ultralytics/zoo/dataset/coco128/images/train2017/000000000064.jpg: 70.902 ms
/ultralytics/zoo/dataset/coco128/images/train2017/000000000071.jpg: 67.482 ms
/ultralytics/zoo/dataset/coco128/images/train2017/000000000072.jpg: 64.551 ms
/ultralytics/zoo/dataset/coco128/images/train2017/000000000073.jpg: 64.859 ms
/ultralytics/zoo/dataset/coco128/images/train2017/000000000074.jpg: 130.323 ms
/ultralytics/zoo/dataset/coco128/images/train2017/000000000077.jpg: 96.292 ms
/ultralytics/zoo/dataset/coco128/images/train2017/000000000078.jpg: 76.829 ms
/ultralytics/zoo/dataset/coco128/images/train2017/000000000081.jpg: 42.443 ms
/ultralytics/zoo/dataset/coco128/images/train2017/000000000086.jpg: 60.078 ms
/ultralytics/zoo/dataset/coco128/images/train2017/000000000089.jpg: 120.195 ms
/ultralytics/zoo/dataset/coco128/images/train2017/000000000092.jpg: 72.218 ms
/ultralytics/zoo/dataset/coco128/images/train2017/000000000094.jpg: 61.692 ms
/ultralytics/zoo/dataset/coco128/images/train2017/000000000109.jpg: 131.302 ms
/ultralytics/zoo/dataset/coco128/images/train2017/000000000110.jpg: 215.058 ms
/ultralytics/zoo/dataset/coco128/images/train2017/000000000113.jpg: 160.888 ms
/ultralytics/zoo/dataset/coco128/images/train2017/000000000127.jpg: 96.718 ms
/ultralytics/zoo/dataset/coco128/images/train2017/000000000133.jpg: 41.133 ms
/ultralytics/zoo/dataset/coco128/images/train2017/000000000136.jpg: 61.640 ms
/ultralytics/zoo/dataset/coco128/images/train2017/000000000138.jpg: 86.723 ms
/ultralytics/zoo/dataset/coco128/images/train2017/000000000142.jpg: 65.463 ms
/ultralytics/zoo/dataset/coco128/images/train2017/000000000143.jpg: 90.459 ms
/ultralytics/zoo/dataset/coco128/images/train2017/000000000144.jpg: 70.383 ms
/ultralytics/zoo/dataset/coco128/images/train2017/000000000149.jpg: 98.539 ms
/ultralytics/zoo/dataset/coco128/images/train2017/000000000151.jpg: 49.409 ms
/ultralytics/zoo/dataset/coco128/images/train2017/000000000154.jpg: 49.855 ms
/ultralytics/zoo/dataset/coco128/images/train2017/000000000164.jpg: 60.165 ms
/ultralytics/zoo/dataset/coco128/images/train2017/000000000165.jpg: 37.423 ms
/ultralytics/zoo/dataset/coco128/images/train2017/000000000192.jpg: 60.758 ms
/ultralytics/zoo/dataset/coco128/images/train2017/000000000194.jpg: 48.904 ms
/ultralytics/zoo/dataset/coco128/images/train2017/000000000196.jpg: 188.815 ms
/ultralytics/zoo/dataset/coco128/images/train2017/000000000201.jpg: 62.805 ms
/ultralytics/zoo/dataset/coco128/images/train2017/000000000208.jpg: 42.131 ms
/ultralytics/zoo/dataset/coco128/images/train2017/000000000241.jpg: 92.087 ms
/ultralytics/zoo/dataset/coco128/images/train2017/000000000247.jpg: 43.366 ms
/ultralytics/zoo/dataset/coco128/images/train2017/000000000250.jpg: 29.794 ms
/ultralytics/zoo/dataset/coco128/images/train2017/000000000257.jpg: 126.990 ms
/ultralytics/zoo/dataset/coco128/images/train2017/000000000260.jpg: 57.330 ms
/ultralytics/zoo/dataset/coco128/images/train2017/000000000263.jpg: 39.362 ms
/ultralytics/zoo/dataset/coco128/images/train2017/000000000283.jpg: 41.573 ms
/ultralytics/zoo/dataset/coco128/images/train2017/000000000294.jpg: 43.536 ms
/ultralytics/zoo/dataset/coco128/images/train2017/000000000307.jpg: 37.769 ms
/ultralytics/zoo/dataset/coco128/images/train2017/000000000308.jpg: 77.270 ms
/ultralytics/zoo/dataset/coco128/images/train2017/000000000309.jpg: 48.681 ms
/ultralytics/zoo/dataset/coco128/images/train2017/000000000312.jpg: 43.029 ms
/ultralytics/zoo/dataset/coco128/images/train2017/000000000315.jpg: 99.310 ms
/ultralytics/zoo/dataset/coco128/images/train2017/000000000321.jpg: 26.591 ms
/ultralytics/zoo/dataset/coco128/images/train2017/000000000322.jpg: 31.778 ms
/ultralytics/zoo/dataset/coco128/images/train2017/000000000326.jpg: 27.140 ms
/ultralytics/zoo/dataset/coco128/images/train2017/000000000328.jpg: 37.679 ms
/ultralytics/zoo/dataset/coco128/images/train2017/000000000332.jpg: 45.779 ms
/ultralytics/zoo/dataset/coco128/images/train2017/000000000338.jpg: 33.789 ms
/ultralytics/zoo/dataset/coco128/images/train2017/000000000349.jpg: 31.835 ms
/ultralytics/zoo/dataset/coco128/images/train2017/000000000357.jpg: 55.534 ms
/ultralytics/zoo/dataset/coco128/images/train2017/000000000359.jpg: 37.684 ms
/ultralytics/zoo/dataset/coco128/images/train2017/000000000360.jpg: 27.470 ms
/ultralytics/zoo/dataset/coco128/images/train2017/000000000368.jpg: 59.223 ms
/ultralytics/zoo/dataset/coco128/images/train2017/000000000370.jpg: 44.111 ms
/ultralytics/zoo/dataset/coco128/images/train2017/000000000382.jpg: 40.454 ms
/ultralytics/zoo/dataset/coco128/images/train2017/000000000384.jpg: 51.500 ms
/ultralytics/zoo/dataset/coco128/images/train2017/000000000387.jpg: 33.855 ms
/ultralytics/zoo/dataset/coco128/images/train2017/000000000389.jpg: 65.631 ms
/ultralytics/zoo/dataset/coco128/images/train2017/000000000394.jpg: 42.210 ms
/ultralytics/zoo/dataset/coco128/images/train2017/000000000395.jpg: 85.375 ms
/ultralytics/zoo/dataset/coco128/images/train2017/000000000397.jpg: 47.080 ms
/ultralytics/zoo/dataset/coco128/images/train2017/000000000400.jpg: 47.022 ms
/ultralytics/zoo/dataset/coco128/images/train2017/000000000404.jpg: 36.475 ms
/ultralytics/zoo/dataset/coco128/images/train2017/000000000415.jpg: 46.413 ms
/ultralytics/zoo/dataset/coco128/images/train2017/000000000419.jpg: 53.257 ms
/ultralytics/zoo/dataset/coco128/images/train2017/000000000428.jpg: 49.421 ms
/ultralytics/zoo/dataset/coco128/images/train2017/000000000431.jpg: 46.860 ms
/ultralytics/zoo/dataset/coco128/images/train2017/000000000436.jpg: 45.452 ms
/ultralytics/zoo/dataset/coco128/images/train2017/000000000438.jpg: 120.555 ms
/ultralytics/zoo/dataset/coco128/images/train2017/000000000443.jpg: 43.663 ms
/ultralytics/zoo/dataset/coco128/images/train2017/000000000446.jpg: 21.713 ms
/ultralytics/zoo/dataset/coco128/images/train2017/000000000450.jpg: 28.281 ms
/ultralytics/zoo/dataset/coco128/images/train2017/000000000459.jpg: 21.596 ms
/ultralytics/zoo/dataset/coco128/images/train2017/000000000471.jpg: 19.260 ms
/ultralytics/zoo/dataset/coco128/images/train2017/000000000472.jpg: 17.609 ms
/ultralytics/zoo/dataset/coco128/images/train2017/000000000474.jpg: 21.844 ms
/ultralytics/zoo/dataset/coco128/images/train2017/000000000486.jpg: 20.360 ms
/ultralytics/zoo/dataset/coco128/images/train2017/000000000488.jpg: 26.336 ms
/ultralytics/zoo/dataset/coco128/images/train2017/000000000490.jpg: 23.799 ms
/ultralytics/zoo/dataset/coco128/images/train2017/000000000491.jpg: 26.005 ms
/ultralytics/zoo/dataset/coco128/images/train2017/000000000502.jpg: 19.537 ms
/ultralytics/zoo/dataset/coco128/images/train2017/000000000508.jpg: 13.941 ms
/ultralytics/zoo/dataset/coco128/images/train2017/000000000510.jpg: 20.424 ms
/ultralytics/zoo/dataset/coco128/images/train2017/000000000514.jpg: 18.099 ms
/ultralytics/zoo/dataset/coco128/images/train2017/000000000520.jpg: 25.710 ms
/ultralytics/zoo/dataset/coco128/images/train2017/000000000529.jpg: 20.706 ms
/ultralytics/zoo/dataset/coco128/images/train2017/000000000531.jpg: 31.969 ms
/ultralytics/zoo/dataset/coco128/images/train2017/000000000532.jpg: 25.632 ms
/ultralytics/zoo/dataset/coco128/images/train2017/000000000536.jpg: 26.158 ms
avg: 57.882 ms

