[yolo11n-obb] dataset=/ultralytics/zoo/dataset/DOTA100/images count=100 imgsz=640
Using CUDA runtime cudaDeviceSynchronize() for accurate TensorRT synchronization
/ultralytics/zoo/dataset/DOTA100/images/train/000000000025.jpg: 28.772 ms
/ultralytics/zoo/dataset/DOTA100/images/train/000000000034.jpg: 23.226 ms
/ultralytics/zoo/dataset/DOTA100/images/train/000000000036.jpg: 25.148 ms
/ultralytics/zoo/dataset/DOTA100/images/train/000000000042.jpg: 22.743 ms
/ultralytics/zoo/dataset/DOTA100/images/train/000000000064.jpg: 21.984 ms
/ultralytics/zoo/dataset/DOTA100/images/train/000000000071.jpg: 20.500 ms
/ultralytics/zoo/dataset/DOTA100/images/train/000000000073.jpg: 25.059 ms
/ultralytics/zoo/dataset/DOTA100/images/train/000000000074.jpg: 26.158 ms
/ultralytics/zoo/dataset/DOTA100/images/train/000000000078.jpg: 42.613 ms
/ultralytics/zoo/dataset/DOTA100/images/train/000000000089.jpg: 40.099 ms
/ultralytics/zoo/dataset/DOTA100/images/train/000000000094.jpg: 21.114 ms
/ultralytics/zoo/dataset/DOTA100/images/train/000000000110.jpg: 22.725 ms
/ultralytics/zoo/dataset/DOTA100/images/train/000000000136.jpg: 25.028 ms
/ultralytics/zoo/dataset/DOTA100/images/train/000000000138.jpg: 27.203 ms
/ultralytics/zoo/dataset/DOTA100/images/train/000000000142.jpg: 32.024 ms
/ultralytics/zoo/dataset/DOTA100/images/train/000000000143.jpg: 29.705 ms
/ultralytics/zoo/dataset/DOTA100/images/train/000000000151.jpg: 24.602 ms
/ultralytics/zoo/dataset/DOTA100/images/train/000000000154.jpg: 16.106 ms
/ultralytics/zoo/dataset/DOTA100/images/train/000000000164.jpg: 21.322 ms
/ultralytics/zoo/dataset/DOTA100/images/train/000000000196.jpg: 34.061 ms
/ultralytics/zoo/dataset/DOTA100/images/train/000000000208.jpg: 25.280 ms
/ultralytics/zoo/dataset/DOTA100/images/train/000000000241.jpg: 30.624 ms
/ultralytics/zoo/dataset/DOTA100/images/train/000000000247.jpg: 21.618 ms
/ultralytics/zoo/dataset/DOTA100/images/train/000000000260.jpg: 18.469 ms
/ultralytics/zoo/dataset/DOTA100/images/train/000000000294.jpg: 29.159 ms
/ultralytics/zoo/dataset/DOTA100/images/train/000000000308.jpg: 20.749 ms
/ultralytics/zoo/dataset/DOTA100/images/train/000000000309.jpg: 26.781 ms
/ultralytics/zoo/dataset/DOTA100/images/train/000000000312.jpg: 23.452 ms
/ultralytics/zoo/dataset/DOTA100/images/train/000000000321.jpg: 20.705 ms
/ultralytics/zoo/dataset/DOTA100/images/train/000000000322.jpg: 22.836 ms
/ultralytics/zoo/dataset/DOTA100/images/train/000000000326.jpg: 19.756 ms
/ultralytics/zoo/dataset/DOTA100/images/train/000000000328.jpg: 25.631 ms
/ultralytics/zoo/dataset/DOTA100/images/train/000000000338.jpg: 17.692 ms
/ultralytics/zoo/dataset/DOTA100/images/train/000000000357.jpg: 17.065 ms
/ultralytics/zoo/dataset/DOTA100/images/train/000000000360.jpg: 20.658 ms
/ultralytics/zoo/dataset/DOTA100/images/train/000000000368.jpg: 26.290 ms
/ultralytics/zoo/dataset/DOTA100/images/train/000000000382.jpg: 18.269 ms
/ultralytics/zoo/dataset/DOTA100/images/train/000000000387.jpg: 27.865 ms
/ultralytics/zoo/dataset/DOTA100/images/train/000000000389.jpg: 23.551 ms
/ultralytics/zoo/dataset/DOTA100/images/train/000000000395.jpg: 20.855 ms
/ultralytics/zoo/dataset/DOTA100/images/train/000000000400.jpg: 22.729 ms
/ultralytics/zoo/dataset/DOTA100/images/train/000000000404.jpg: 21.313 ms
/ultralytics/zoo/dataset/DOTA100/images/train/000000000415.jpg: 23.627 ms
/ultralytics/zoo/dataset/DOTA100/images/train/000000000419.jpg: 19.768 ms
/ultralytics/zoo/dataset/DOTA100/images/train/000000000431.jpg: 19.388 ms
/ultralytics/zoo/dataset/DOTA100/images/train/000000000436.jpg: 18.446 ms
/ultralytics/zoo/dataset/DOTA100/images/train/000000000438.jpg: 25.239 ms
/ultralytics/zoo/dataset/DOTA100/images/train/000000000443.jpg: 19.131 ms
/ultralytics/zoo/dataset/DOTA100/images/train/000000000450.jpg: 16.728 ms
/ultralytics/zoo/dataset/DOTA100/images/train/000000000459.jpg: 27.486 ms
/ultralytics/zoo/dataset/DOTA100/images/train/000000000471.jpg: 16.964 ms
/ultralytics/zoo/dataset/DOTA100/images/train/000000000472.jpg: 14.794 ms
/ultralytics/zoo/dataset/DOTA100/images/train/000000000488.jpg: 33.616 ms
/ultralytics/zoo/dataset/DOTA100/images/train/000000000491.jpg: 25.065 ms
/ultralytics/zoo/dataset/DOTA100/images/train/000000000502.jpg: 25.879 ms
/ultralytics/zoo/dataset/DOTA100/images/train/000000000508.jpg: 26.530 ms
/ultralytics/zoo/dataset/DOTA100/images/train/000000000520.jpg: 31.339 ms
/ultralytics/zoo/dataset/DOTA100/images/train/000000000529.jpg: 18.712 ms
/ultralytics/zoo/dataset/DOTA100/images/train/000000000531.jpg: 24.632 ms
/ultralytics/zoo/dataset/DOTA100/images/train/000000000540.jpg: 21.332 ms
/ultralytics/zoo/dataset/DOTA100/images/train/000000000544.jpg: 22.477 ms
/ultralytics/zoo/dataset/DOTA100/images/train/000000000560.jpg: 26.077 ms
/ultralytics/zoo/dataset/DOTA100/images/train/000000000562.jpg: 20.807 ms
/ultralytics/zoo/dataset/DOTA100/images/train/000000000564.jpg: 22.632 ms
/ultralytics/zoo/dataset/DOTA100/images/train/000000000572.jpg: 19.655 ms
/ultralytics/zoo/dataset/DOTA100/images/train/000000000575.jpg: 20.402 ms
/ultralytics/zoo/dataset/DOTA100/images/train/000000000581.jpg: 18.456 ms
/ultralytics/zoo/dataset/DOTA100/images/train/000000000584.jpg: 16.054 ms
/ultralytics/zoo/dataset/DOTA100/images/train/000000000590.jpg: 23.473 ms
/ultralytics/zoo/dataset/DOTA100/images/train/000000000595.jpg: 19.734 ms
/ultralytics/zoo/dataset/DOTA100/images/train/000000000597.jpg: 18.506 ms
/ultralytics/zoo/dataset/DOTA100/images/train/000000000599.jpg: 24.076 ms
/ultralytics/zoo/dataset/DOTA100/images/train/000000000620.jpg: 20.749 ms
/ultralytics/zoo/dataset/DOTA100/images/train/000000000625.jpg: 15.674 ms
/ultralytics/zoo/dataset/DOTA100/images/train/000000000626.jpg: 31.643 ms
/ultralytics/zoo/dataset/DOTA100/images/train/000000000629.jpg: 22.268 ms
/ultralytics/zoo/dataset/DOTA100/images/train/000000000636.jpg: 21.255 ms
/ultralytics/zoo/dataset/DOTA100/images/train/000000000641.jpg: 25.110 ms
/ultralytics/zoo/dataset/DOTA100/images/train/000000000643.jpg: 28.738 ms
/ultralytics/zoo/dataset/DOTA100/images/train/000000000650.jpg: 21.098 ms
/ultralytics/zoo/dataset/DOTA100/images/val/000000000009.jpg: 14.795 ms
/ultralytics/zoo/dataset/DOTA100/images/val/000000000049.jpg: 19.310 ms
/ultralytics/zoo/dataset/DOTA100/images/val/000000000077.jpg: 25.800 ms
/ultralytics/zoo/dataset/DOTA100/images/val/000000000133.jpg: 18.549 ms
/ultralytics/zoo/dataset/DOTA100/images/val/000000000144.jpg: 27.349 ms
/ultralytics/zoo/dataset/DOTA100/images/val/000000000201.jpg: 20.284 ms
/ultralytics/zoo/dataset/DOTA100/images/val/000000000263.jpg: 15.939 ms
/ultralytics/zoo/dataset/DOTA100/images/val/000000000315.jpg: 23.240 ms
/ultralytics/zoo/dataset/DOTA100/images/val/000000000332.jpg: 14.103 ms
/ultralytics/zoo/dataset/DOTA100/images/val/000000000370.jpg: 22.472 ms
/ultralytics/zoo/dataset/DOTA100/images/val/000000000397.jpg: 28.666 ms
/ultralytics/zoo/dataset/DOTA100/images/val/000000000428.jpg: 23.691 ms
/ultralytics/zoo/dataset/DOTA100/images/val/000000000446.jpg: 17.419 ms
/ultralytics/zoo/dataset/DOTA100/images/val/000000000474.jpg: 20.834 ms
/ultralytics/zoo/dataset/DOTA100/images/val/000000000510.jpg: 25.220 ms
/ultralytics/zoo/dataset/DOTA100/images/val/000000000542.jpg: 14.376 ms
/ultralytics/zoo/dataset/DOTA100/images/val/000000000569.jpg: 22.259 ms
/ultralytics/zoo/dataset/DOTA100/images/val/000000000589.jpg: 16.928 ms
/ultralytics/zoo/dataset/DOTA100/images/val/000000000612.jpg: 28.258 ms
/ultralytics/zoo/dataset/DOTA100/images/val/000000000634.jpg: 25.444 ms
avg: 23.040 ms

[yolo11n-pose] dataset=/ultralytics/zoo/dataset/coco128/images/train2017 count=100 imgsz=640
Using CUDA runtime cudaDeviceSynchronize() for accurate TensorRT synchronization
/ultralytics/zoo/dataset/coco128/images/train2017/000000000009.jpg: 20.753 ms
/ultralytics/zoo/dataset/coco128/images/train2017/000000000025.jpg: 22.678 ms
/ultralytics/zoo/dataset/coco128/images/train2017/000000000030.jpg: 26.059 ms
/ultralytics/zoo/dataset/coco128/images/train2017/000000000034.jpg: 28.351 ms
/ultralytics/zoo/dataset/coco128/images/train2017/000000000036.jpg: 29.530 ms
/ultralytics/zoo/dataset/coco128/images/train2017/000000000042.jpg: 28.229 ms
/ultralytics/zoo/dataset/coco128/images/train2017/000000000049.jpg: 35.577 ms
/ultralytics/zoo/dataset/coco128/images/train2017/000000000061.jpg: 30.865 ms
/ultralytics/zoo/dataset/coco128/images/train2017/000000000064.jpg: 25.393 ms
/ultralytics/zoo/dataset/coco128/images/train2017/000000000071.jpg: 26.006 ms
/ultralytics/zoo/dataset/coco128/images/train2017/000000000072.jpg: 24.229 ms
/ultralytics/zoo/dataset/coco128/images/train2017/000000000073.jpg: 21.111 ms
/ultralytics/zoo/dataset/coco128/images/train2017/000000000074.jpg: 22.028 ms
/ultralytics/zoo/dataset/coco128/images/train2017/000000000077.jpg: 36.712 ms
/ultralytics/zoo/dataset/coco128/images/train2017/000000000078.jpg: 26.315 ms
/ultralytics/zoo/dataset/coco128/images/train2017/000000000081.jpg: 21.034 ms
/ultralytics/zoo/dataset/coco128/images/train2017/000000000086.jpg: 26.294 ms
/ultralytics/zoo/dataset/coco128/images/train2017/000000000089.jpg: 24.887 ms
/ultralytics/zoo/dataset/coco128/images/train2017/000000000092.jpg: 16.931 ms
/ultralytics/zoo/dataset/coco128/images/train2017/000000000094.jpg: 20.590 ms
/ultralytics/zoo/dataset/coco128/images/train2017/000000000109.jpg: 19.391 ms
/ultralytics/zoo/dataset/coco128/images/train2017/000000000110.jpg: 40.358 ms
/ultralytics/zoo/dataset/coco128/images/train2017/000000000113.jpg: 25.804 ms
/ultralytics/zoo/dataset/coco128/images/train2017/000000000127.jpg: 22.819 ms
/ultralytics/zoo/dataset/coco128/images/train2017/000000000133.jpg: 18.990 ms
/ultralytics/zoo/dataset/coco128/images/train2017/000000000136.jpg: 25.244 ms
/ultralytics/zoo/dataset/coco128/images/train2017/000000000138.jpg: 20.420 ms
/ultralytics/zoo/dataset/coco128/images/train2017/000000000142.jpg: 21.024 ms
/ultralytics/zoo/dataset/coco128/images/train2017/000000000143.jpg: 25.820 ms
/ultralytics/zoo/dataset/coco128/images/train2017/000000000144.jpg: 23.980 ms
/ultralytics/zoo/dataset/coco128/images/train2017/000000000149.jpg: 17.920 ms
/ultralytics/zoo/dataset/coco128/images/train2017/000000000151.jpg: 25.040 ms
/ultralytics/zoo/dataset/coco128/images/train2017/000000000154.jpg: 21.085 ms
/ultralytics/zoo/dataset/coco128/images/train2017/000000000164.jpg: 16.915 ms
/ultralytics/zoo/dataset/coco128/images/train2017/000000000165.jpg: 23.868 ms
/ultralytics/zoo/dataset/coco128/images/train2017/000000000192.jpg: 30.757 ms
/ultralytics/zoo/dataset/coco128/images/train2017/000000000194.jpg: 20.297 ms
/ultralytics/zoo/dataset/coco128/images/train2017/000000000196.jpg: 16.910 ms
/ultralytics/zoo/dataset/coco128/images/train2017/000000000201.jpg: 21.547 ms
/ultralytics/zoo/dataset/coco128/images/train2017/000000000208.jpg: 27.832 ms
/ultralytics/zoo/dataset/coco128/images/train2017/000000000241.jpg: 40.842 ms
/ultralytics/zoo/dataset/coco128/images/train2017/000000000247.jpg: 21.716 ms
/ultralytics/zoo/dataset/coco128/images/train2017/000000000250.jpg: 28.005 ms
/ultralytics/zoo/dataset/coco128/images/train2017/000000000257.jpg: 29.447 ms
/ultralytics/zoo/dataset/coco128/images/train2017/000000000260.jpg: 22.246 ms
/ultralytics/zoo/dataset/coco128/images/train2017/000000000263.jpg: 31.162 ms
/ultralytics/zoo/dataset/coco128/images/train2017/000000000283.jpg: 18.399 ms
/ultralytics/zoo/dataset/coco128/images/train2017/000000000294.jpg: 22.226 ms
/ultralytics/zoo/dataset/coco128/images/train2017/000000000307.jpg: 20.000 ms
/ultralytics/zoo/dataset/coco128/images/train2017/000000000308.jpg: 32.376 ms
/ultralytics/zoo/dataset/coco128/images/train2017/000000000309.jpg: 26.692 ms
/ultralytics/zoo/dataset/coco128/images/train2017/000000000312.jpg: 21.328 ms
/ultralytics/zoo/dataset/coco128/images/train2017/000000000315.jpg: 26.938 ms
/ultralytics/zoo/dataset/coco128/images/train2017/000000000321.jpg: 17.667 ms
/ultralytics/zoo/dataset/coco128/images/train2017/000000000322.jpg: 22.339 ms
/ultralytics/zoo/dataset/coco128/images/train2017/000000000326.jpg: 20.687 ms
/ultralytics/zoo/dataset/coco128/images/train2017/000000000328.jpg: 27.447 ms
/ultralytics/zoo/dataset/coco128/images/train2017/000000000332.jpg: 18.779 ms
/ultralytics/zoo/dataset/coco128/images/train2017/000000000338.jpg: 25.519 ms
/ultralytics/zoo/dataset/coco128/images/train2017/000000000349.jpg: 26.070 ms
/ultralytics/zoo/dataset/coco128/images/train2017/000000000357.jpg: 28.269 ms
/ultralytics/zoo/dataset/coco128/images/train2017/000000000359.jpg: 18.480 ms
/ultralytics/zoo/dataset/coco128/images/train2017/000000000360.jpg: 28.085 ms
/ultralytics/zoo/dataset/coco128/images/train2017/000000000368.jpg: 35.132 ms
/ultralytics/zoo/dataset/coco128/images/train2017/000000000370.jpg: 24.807 ms
/ultralytics/zoo/dataset/coco128/images/train2017/000000000382.jpg: 22.739 ms
/ultralytics/zoo/dataset/coco128/images/train2017/000000000384.jpg: 24.628 ms
/ultralytics/zoo/dataset/coco128/images/train2017/000000000387.jpg: 23.470 ms
/ultralytics/zoo/dataset/coco128/images/train2017/000000000389.jpg: 35.771 ms
/ultralytics/zoo/dataset/coco128/images/train2017/000000000394.jpg: 21.308 ms
/ultralytics/zoo/dataset/coco128/images/train2017/000000000395.jpg: 40.519 ms
/ultralytics/zoo/dataset/coco128/images/train2017/000000000397.jpg: 25.631 ms
/ultralytics/zoo/dataset/coco128/images/train2017/000000000400.jpg: 23.326 ms
/ultralytics/zoo/dataset/coco128/images/train2017/000000000404.jpg: 25.395 ms
/ultralytics/zoo/dataset/coco128/images/train2017/000000000415.jpg: 21.122 ms
/ultralytics/zoo/dataset/coco128/images/train2017/000000000419.jpg: 27.472 ms
/ultralytics/zoo/dataset/coco128/images/train2017/000000000428.jpg: 25.566 ms
/ultralytics/zoo/dataset/coco128/images/train2017/000000000431.jpg: 28.235 ms
/ultralytics/zoo/dataset/coco128/images/train2017/000000000436.jpg: 20.860 ms
/ultralytics/zoo/dataset/coco128/images/train2017/000000000438.jpg: 20.038 ms
/ultralytics/zoo/dataset/coco128/images/train2017/000000000443.jpg: 35.729 ms
/ultralytics/zoo/dataset/coco128/images/train2017/000000000446.jpg: 22.639 ms
/ultralytics/zoo/dataset/coco128/images/train2017/000000000450.jpg: 19.149 ms
/ultralytics/zoo/dataset/coco128/images/train2017/000000000459.jpg: 24.878 ms
/ultralytics/zoo/dataset/coco128/images/train2017/000000000471.jpg: 15.366 ms
/ultralytics/zoo/dataset/coco128/images/train2017/000000000472.jpg: 15.335 ms
/ultralytics/zoo/dataset/coco128/images/train2017/000000000474.jpg: 25.216 ms
/ultralytics/zoo/dataset/coco128/images/train2017/000000000486.jpg: 16.390 ms
/ultralytics/zoo/dataset/coco128/images/train2017/000000000488.jpg: 23.813 ms
/ultralytics/zoo/dataset/coco128/images/train2017/000000000490.jpg: 21.235 ms
/ultralytics/zoo/dataset/coco128/images/train2017/000000000491.jpg: 16.382 ms
/ultralytics/zoo/dataset/coco128/images/train2017/000000000502.jpg: 17.913 ms
/ultralytics/zoo/dataset/coco128/images/train2017/000000000508.jpg: 18.945 ms
/ultralytics/zoo/dataset/coco128/images/train2017/000000000510.jpg: 22.271 ms
/ultralytics/zoo/dataset/coco128/images/train2017/000000000514.jpg: 20.746 ms
/ultralytics/zoo/dataset/coco128/images/train2017/000000000520.jpg: 15.962 ms
/ultralytics/zoo/dataset/coco128/images/train2017/000000000529.jpg: 21.719 ms
/ultralytics/zoo/dataset/coco128/images/train2017/000000000531.jpg: 23.805 ms
/ultralytics/zoo/dataset/coco128/images/train2017/000000000532.jpg: 19.964 ms
/ultralytics/zoo/dataset/coco128/images/train2017/000000000536.jpg: 24.411 ms
avg: 24.222 ms

[yolo11n-detect] dataset=/ultralytics/zoo/dataset/coco128/images/train2017 count=100 imgsz=640
Using CUDA runtime cudaDeviceSynchronize() for accurate TensorRT synchronization
/ultralytics/zoo/dataset/coco128/images/train2017/000000000009.jpg: 25.620 ms
/ultralytics/zoo/dataset/coco128/images/train2017/000000000025.jpg: 20.036 ms
/ultralytics/zoo/dataset/coco128/images/train2017/000000000030.jpg: 21.187 ms
/ultralytics/zoo/dataset/coco128/images/train2017/000000000034.jpg: 25.674 ms
/ultralytics/zoo/dataset/coco128/images/train2017/000000000036.jpg: 28.421 ms
/ultralytics/zoo/dataset/coco128/images/train2017/000000000042.jpg: 33.480 ms
/ultralytics/zoo/dataset/coco128/images/train2017/000000000049.jpg: 60.532 ms
/ultralytics/zoo/dataset/coco128/images/train2017/000000000061.jpg: 31.234 ms
/ultralytics/zoo/dataset/coco128/images/train2017/000000000064.jpg: 29.372 ms
/ultralytics/zoo/dataset/coco128/images/train2017/000000000071.jpg: 36.264 ms
/ultralytics/zoo/dataset/coco128/images/train2017/000000000072.jpg: 32.480 ms
/ultralytics/zoo/dataset/coco128/images/train2017/000000000073.jpg: 34.446 ms
/ultralytics/zoo/dataset/coco128/images/train2017/000000000074.jpg: 50.109 ms
/ultralytics/zoo/dataset/coco128/images/train2017/000000000077.jpg: 38.807 ms
/ultralytics/zoo/dataset/coco128/images/train2017/000000000078.jpg: 35.797 ms
/ultralytics/zoo/dataset/coco128/images/train2017/000000000081.jpg: 26.335 ms
/ultralytics/zoo/dataset/coco128/images/train2017/000000000086.jpg: 32.862 ms
/ultralytics/zoo/dataset/coco128/images/train2017/000000000089.jpg: 35.358 ms
/ultralytics/zoo/dataset/coco128/images/train2017/000000000092.jpg: 27.728 ms
/ultralytics/zoo/dataset/coco128/images/train2017/000000000094.jpg: 24.727 ms
/ultralytics/zoo/dataset/coco128/images/train2017/000000000109.jpg: 39.637 ms
/ultralytics/zoo/dataset/coco128/images/train2017/000000000110.jpg: 55.664 ms
/ultralytics/zoo/dataset/coco128/images/train2017/000000000113.jpg: 40.488 ms
/ultralytics/zoo/dataset/coco128/images/train2017/000000000127.jpg: 35.641 ms
/ultralytics/zoo/dataset/coco128/images/train2017/000000000133.jpg: 21.607 ms
/ultralytics/zoo/dataset/coco128/images/train2017/000000000136.jpg: 26.361 ms
/ultralytics/zoo/dataset/coco128/images/train2017/000000000138.jpg: 32.069 ms
/ultralytics/zoo/dataset/coco128/images/train2017/000000000142.jpg: 33.276 ms
/ultralytics/zoo/dataset/coco128/images/train2017/000000000143.jpg: 42.993 ms
/ultralytics/zoo/dataset/coco128/images/train2017/000000000144.jpg: 24.140 ms
/ultralytics/zoo/dataset/coco128/images/train2017/000000000149.jpg: 36.649 ms
/ultralytics/zoo/dataset/coco128/images/train2017/000000000151.jpg: 22.979 ms
/ultralytics/zoo/dataset/coco128/images/train2017/000000000154.jpg: 25.555 ms
/ultralytics/zoo/dataset/coco128/images/train2017/000000000164.jpg: 29.920 ms
/ultralytics/zoo/dataset/coco128/images/train2017/000000000165.jpg: 27.388 ms
/ultralytics/zoo/dataset/coco128/images/train2017/000000000192.jpg: 45.379 ms
/ultralytics/zoo/dataset/coco128/images/train2017/000000000194.jpg: 31.982 ms
/ultralytics/zoo/dataset/coco128/images/train2017/000000000196.jpg: 92.730 ms
/ultralytics/zoo/dataset/coco128/images/train2017/000000000201.jpg: 44.665 ms
/ultralytics/zoo/dataset/coco128/images/train2017/000000000208.jpg: 23.120 ms
/ultralytics/zoo/dataset/coco128/images/train2017/000000000241.jpg: 38.176 ms
/ultralytics/zoo/dataset/coco128/images/train2017/000000000247.jpg: 24.336 ms
/ultralytics/zoo/dataset/coco128/images/train2017/000000000250.jpg: 19.074 ms
/ultralytics/zoo/dataset/coco128/images/train2017/000000000257.jpg: 58.465 ms
/ultralytics/zoo/dataset/coco128/images/train2017/000000000260.jpg: 37.705 ms
/ultralytics/zoo/dataset/coco128/images/train2017/000000000263.jpg: 24.435 ms
/ultralytics/zoo/dataset/coco128/images/train2017/000000000283.jpg: 27.740 ms
/ultralytics/zoo/dataset/coco128/images/train2017/000000000294.jpg: 30.664 ms
/ultralytics/zoo/dataset/coco128/images/train2017/000000000307.jpg: 30.946 ms
/ultralytics/zoo/dataset/coco128/images/train2017/000000000308.jpg: 40.536 ms
/ultralytics/zoo/dataset/coco128/images/train2017/000000000309.jpg: 35.647 ms
/ultralytics/zoo/dataset/coco128/images/train2017/000000000312.jpg: 29.108 ms
/ultralytics/zoo/dataset/coco128/images/train2017/000000000315.jpg: 50.796 ms
/ultralytics/zoo/dataset/coco128/images/train2017/000000000321.jpg: 31.757 ms
/ultralytics/zoo/dataset/coco128/images/train2017/000000000322.jpg: 23.943 ms
/ultralytics/zoo/dataset/coco128/images/train2017/000000000326.jpg: 18.214 ms
/ultralytics/zoo/dataset/coco128/images/train2017/000000000328.jpg: 31.418 ms
/ultralytics/zoo/dataset/coco128/images/train2017/000000000332.jpg: 35.172 ms
/ultralytics/zoo/dataset/coco128/images/train2017/000000000338.jpg: 32.822 ms
/ultralytics/zoo/dataset/coco128/images/train2017/000000000349.jpg: 23.697 ms
/ultralytics/zoo/dataset/coco128/images/train2017/000000000357.jpg: 35.295 ms
/ultralytics/zoo/dataset/coco128/images/train2017/000000000359.jpg: 32.114 ms
/ultralytics/zoo/dataset/coco128/images/train2017/000000000360.jpg: 25.832 ms
/ultralytics/zoo/dataset/coco128/images/train2017/000000000368.jpg: 44.391 ms
/ultralytics/zoo/dataset/coco128/images/train2017/000000000370.jpg: 26.492 ms
/ultralytics/zoo/dataset/coco128/images/train2017/000000000382.jpg: 30.004 ms
/ultralytics/zoo/dataset/coco128/images/train2017/000000000384.jpg: 25.593 ms
/ultralytics/zoo/dataset/coco128/images/train2017/000000000387.jpg: 21.515 ms
/ultralytics/zoo/dataset/coco128/images/train2017/000000000389.jpg: 41.395 ms
/ultralytics/zoo/dataset/coco128/images/train2017/000000000394.jpg: 21.852 ms
/ultralytics/zoo/dataset/coco128/images/train2017/000000000395.jpg: 25.961 ms
/ultralytics/zoo/dataset/coco128/images/train2017/000000000397.jpg: 23.719 ms
/ultralytics/zoo/dataset/coco128/images/train2017/000000000400.jpg: 21.338 ms
/ultralytics/zoo/dataset/coco128/images/train2017/000000000404.jpg: 18.567 ms
/ultralytics/zoo/dataset/coco128/images/train2017/000000000415.jpg: 24.867 ms
/ultralytics/zoo/dataset/coco128/images/train2017/000000000419.jpg: 26.886 ms
/ultralytics/zoo/dataset/coco128/images/train2017/000000000428.jpg: 19.402 ms
/ultralytics/zoo/dataset/coco128/images/train2017/000000000431.jpg: 22.555 ms
/ultralytics/zoo/dataset/coco128/images/train2017/000000000436.jpg: 25.266 ms
/ultralytics/zoo/dataset/coco128/images/train2017/000000000438.jpg: 54.217 ms
/ultralytics/zoo/dataset/coco128/images/train2017/000000000443.jpg: 25.926 ms
/ultralytics/zoo/dataset/coco128/images/train2017/000000000446.jpg: 21.018 ms
/ultralytics/zoo/dataset/coco128/images/train2017/000000000450.jpg: 25.304 ms
/ultralytics/zoo/dataset/coco128/images/train2017/000000000459.jpg: 21.780 ms
/ultralytics/zoo/dataset/coco128/images/train2017/000000000471.jpg: 20.108 ms
/ultralytics/zoo/dataset/coco128/images/train2017/000000000472.jpg: 16.411 ms
/ultralytics/zoo/dataset/coco128/images/train2017/000000000474.jpg: 21.450 ms
/ultralytics/zoo/dataset/coco128/images/train2017/000000000486.jpg: 19.443 ms
/ultralytics/zoo/dataset/coco128/images/train2017/000000000488.jpg: 28.734 ms
/ultralytics/zoo/dataset/coco128/images/train2017/000000000490.jpg: 24.914 ms
/ultralytics/zoo/dataset/coco128/images/train2017/000000000491.jpg: 28.558 ms
/ultralytics/zoo/dataset/coco128/images/train2017/000000000502.jpg: 20.298 ms
/ultralytics/zoo/dataset/coco128/images/train2017/000000000508.jpg: 13.665 ms
/ultralytics/zoo/dataset/coco128/images/train2017/000000000510.jpg: 23.329 ms
/ultralytics/zoo/dataset/coco128/images/train2017/000000000514.jpg: 17.536 ms
/ultralytics/zoo/dataset/coco128/images/train2017/000000000520.jpg: 29.634 ms
/ultralytics/zoo/dataset/coco128/images/train2017/000000000529.jpg: 20.628 ms
/ultralytics/zoo/dataset/coco128/images/train2017/000000000531.jpg: 30.166 ms
/ultralytics/zoo/dataset/coco128/images/train2017/000000000532.jpg: 26.505 ms
/ultralytics/zoo/dataset/coco128/images/train2017/000000000536.jpg: 25.809 ms
avg: 30.558 ms

[yolo11n-seg] dataset=/ultralytics/zoo/dataset/coco128/images/train2017 count=100 imgsz=640
Using CUDA runtime cudaDeviceSynchronize() for accurate TensorRT synchronization
/ultralytics/zoo/dataset/coco128/images/train2017/000000000009.jpg: 48.323 ms
/ultralytics/zoo/dataset/coco128/images/train2017/000000000025.jpg: 43.058 ms
/ultralytics/zoo/dataset/coco128/images/train2017/000000000030.jpg: 28.498 ms
/ultralytics/zoo/dataset/coco128/images/train2017/000000000034.jpg: 31.120 ms
/ultralytics/zoo/dataset/coco128/images/train2017/000000000036.jpg: 37.768 ms
/ultralytics/zoo/dataset/coco128/images/train2017/000000000042.jpg: 24.482 ms
/ultralytics/zoo/dataset/coco128/images/train2017/000000000049.jpg: 48.491 ms
/ultralytics/zoo/dataset/coco128/images/train2017/000000000061.jpg: 35.763 ms
/ultralytics/zoo/dataset/coco128/images/train2017/000000000064.jpg: 33.526 ms
/ultralytics/zoo/dataset/coco128/images/train2017/000000000071.jpg: 30.094 ms
/ultralytics/zoo/dataset/coco128/images/train2017/000000000072.jpg: 30.051 ms
/ultralytics/zoo/dataset/coco128/images/train2017/000000000073.jpg: 30.385 ms
/ultralytics/zoo/dataset/coco128/images/train2017/000000000074.jpg: 42.626 ms
/ultralytics/zoo/dataset/coco128/images/train2017/000000000077.jpg: 33.936 ms
/ultralytics/zoo/dataset/coco128/images/train2017/000000000078.jpg: 34.497 ms
/ultralytics/zoo/dataset/coco128/images/train2017/000000000081.jpg: 25.113 ms
/ultralytics/zoo/dataset/coco128/images/train2017/000000000086.jpg: 23.668 ms
/ultralytics/zoo/dataset/coco128/images/train2017/000000000089.jpg: 37.825 ms
/ultralytics/zoo/dataset/coco128/images/train2017/000000000092.jpg: 25.299 ms
/ultralytics/zoo/dataset/coco128/images/train2017/000000000094.jpg: 25.094 ms
/ultralytics/zoo/dataset/coco128/images/train2017/000000000109.jpg: 43.967 ms
/ultralytics/zoo/dataset/coco128/images/train2017/000000000110.jpg: 62.483 ms
/ultralytics/zoo/dataset/coco128/images/train2017/000000000113.jpg: 41.843 ms
/ultralytics/zoo/dataset/coco128/images/train2017/000000000127.jpg: 32.381 ms
/ultralytics/zoo/dataset/coco128/images/train2017/000000000133.jpg: 24.381 ms
/ultralytics/zoo/dataset/coco128/images/train2017/000000000136.jpg: 34.014 ms
/ultralytics/zoo/dataset/coco128/images/train2017/000000000138.jpg: 38.526 ms
/ultralytics/zoo/dataset/coco128/images/train2017/000000000142.jpg: 32.546 ms
/ultralytics/zoo/dataset/coco128/images/train2017/000000000143.jpg: 45.132 ms
/ultralytics/zoo/dataset/coco128/images/train2017/000000000144.jpg: 48.101 ms
/ultralytics/zoo/dataset/coco128/images/train2017/000000000149.jpg: 51.153 ms
/ultralytics/zoo/dataset/coco128/images/train2017/000000000151.jpg: 36.148 ms
/ultralytics/zoo/dataset/coco128/images/train2017/000000000154.jpg: 30.361 ms
/ultralytics/zoo/dataset/coco128/images/train2017/000000000164.jpg: 37.432 ms
/ultralytics/zoo/dataset/coco128/images/train2017/000000000165.jpg: 28.069 ms
/ultralytics/zoo/dataset/coco128/images/train2017/000000000192.jpg: 29.672 ms
/ultralytics/zoo/dataset/coco128/images/train2017/000000000194.jpg: 31.885 ms
/ultralytics/zoo/dataset/coco128/images/train2017/000000000196.jpg: 77.068 ms
/ultralytics/zoo/dataset/coco128/images/train2017/000000000201.jpg: 33.358 ms
/ultralytics/zoo/dataset/coco128/images/train2017/000000000208.jpg: 30.814 ms
/ultralytics/zoo/dataset/coco128/images/train2017/000000000241.jpg: 37.426 ms
/ultralytics/zoo/dataset/coco128/images/train2017/000000000247.jpg: 30.359 ms
/ultralytics/zoo/dataset/coco128/images/train2017/000000000250.jpg: 27.294 ms
/ultralytics/zoo/dataset/coco128/images/train2017/000000000257.jpg: 66.882 ms
/ultralytics/zoo/dataset/coco128/images/train2017/000000000260.jpg: 35.351 ms
/ultralytics/zoo/dataset/coco128/images/train2017/000000000263.jpg: 30.774 ms
/ultralytics/zoo/dataset/coco128/images/train2017/000000000283.jpg: 32.544 ms
/ultralytics/zoo/dataset/coco128/images/train2017/000000000294.jpg: 37.540 ms
/ultralytics/zoo/dataset/coco128/images/train2017/000000000307.jpg: 32.720 ms
/ultralytics/zoo/dataset/coco128/images/train2017/000000000308.jpg: 52.938 ms
/ultralytics/zoo/dataset/coco128/images/train2017/000000000309.jpg: 35.923 ms
/ultralytics/zoo/dataset/coco128/images/train2017/000000000312.jpg: 39.359 ms
/ultralytics/zoo/dataset/coco128/images/train2017/000000000315.jpg: 64.412 ms
/ultralytics/zoo/dataset/coco128/images/train2017/000000000321.jpg: 33.524 ms
/ultralytics/zoo/dataset/coco128/images/train2017/000000000322.jpg: 30.147 ms
/ultralytics/zoo/dataset/coco128/images/train2017/000000000326.jpg: 27.953 ms
/ultralytics/zoo/dataset/coco128/images/train2017/000000000328.jpg: 40.173 ms
/ultralytics/zoo/dataset/coco128/images/train2017/000000000332.jpg: 37.279 ms
/ultralytics/zoo/dataset/coco128/images/train2017/000000000338.jpg: 33.716 ms
/ultralytics/zoo/dataset/coco128/images/train2017/000000000349.jpg: 25.692 ms
/ultralytics/zoo/dataset/coco128/images/train2017/000000000357.jpg: 35.930 ms
/ultralytics/zoo/dataset/coco128/images/train2017/000000000359.jpg: 31.483 ms
/ultralytics/zoo/dataset/coco128/images/train2017/000000000360.jpg: 26.210 ms
/ultralytics/zoo/dataset/coco128/images/train2017/000000000368.jpg: 42.567 ms
/ultralytics/zoo/dataset/coco128/images/train2017/000000000370.jpg: 24.839 ms
/ultralytics/zoo/dataset/coco128/images/train2017/000000000382.jpg: 28.626 ms
/ultralytics/zoo/dataset/coco128/images/train2017/000000000384.jpg: 33.499 ms
/ultralytics/zoo/dataset/coco128/images/train2017/000000000387.jpg: 27.141 ms
/ultralytics/zoo/dataset/coco128/images/train2017/000000000389.jpg: 34.827 ms
/ultralytics/zoo/dataset/coco128/images/train2017/000000000394.jpg: 23.010 ms
/ultralytics/zoo/dataset/coco128/images/train2017/000000000395.jpg: 31.473 ms
/ultralytics/zoo/dataset/coco128/images/train2017/000000000397.jpg: 24.871 ms
/ultralytics/zoo/dataset/coco128/images/train2017/000000000400.jpg: 24.124 ms
/ultralytics/zoo/dataset/coco128/images/train2017/000000000404.jpg: 19.524 ms
/ultralytics/zoo/dataset/coco128/images/train2017/000000000415.jpg: 21.164 ms
/ultralytics/zoo/dataset/coco128/images/train2017/000000000419.jpg: 22.336 ms
/ultralytics/zoo/dataset/coco128/images/train2017/000000000428.jpg: 20.138 ms
/ultralytics/zoo/dataset/coco128/images/train2017/000000000431.jpg: 24.132 ms
/ultralytics/zoo/dataset/coco128/images/train2017/000000000436.jpg: 26.058 ms
/ultralytics/zoo/dataset/coco128/images/train2017/000000000438.jpg: 52.829 ms
/ultralytics/zoo/dataset/coco128/images/train2017/000000000443.jpg: 28.038 ms
/ultralytics/zoo/dataset/coco128/images/train2017/000000000446.jpg: 21.733 ms
/ultralytics/zoo/dataset/coco128/images/train2017/000000000450.jpg: 30.787 ms
/ultralytics/zoo/dataset/coco128/images/train2017/000000000459.jpg: 20.898 ms
/ultralytics/zoo/dataset/coco128/images/train2017/000000000471.jpg: 21.636 ms
/ultralytics/zoo/dataset/coco128/images/train2017/000000000472.jpg: 18.493 ms
/ultralytics/zoo/dataset/coco128/images/train2017/000000000474.jpg: 22.502 ms
/ultralytics/zoo/dataset/coco128/images/train2017/000000000486.jpg: 20.650 ms
/ultralytics/zoo/dataset/coco128/images/train2017/000000000488.jpg: 27.295 ms
/ultralytics/zoo/dataset/coco128/images/train2017/000000000490.jpg: 24.951 ms
/ultralytics/zoo/dataset/coco128/images/train2017/000000000491.jpg: 27.145 ms
/ultralytics/zoo/dataset/coco128/images/train2017/000000000502.jpg: 20.475 ms
/ultralytics/zoo/dataset/coco128/images/train2017/000000000508.jpg: 14.664 ms
/ultralytics/zoo/dataset/coco128/images/train2017/000000000510.jpg: 22.299 ms
/ultralytics/zoo/dataset/coco128/images/train2017/000000000514.jpg: 20.089 ms
/ultralytics/zoo/dataset/coco128/images/train2017/000000000520.jpg: 28.066 ms
/ultralytics/zoo/dataset/coco128/images/train2017/000000000529.jpg: 22.177 ms
/ultralytics/zoo/dataset/coco128/images/train2017/000000000531.jpg: 36.579 ms
/ultralytics/zoo/dataset/coco128/images/train2017/000000000532.jpg: 27.365 ms
/ultralytics/zoo/dataset/coco128/images/train2017/000000000536.jpg: 28.948 ms
avg: 32.705 ms

[yolo11n-cls] dataset=/ultralytics/zoo/dataset/CIFAR100 count=100 imgsz=224
Using CUDA runtime cudaDeviceSynchronize() for accurate TensorRT synchronization
/ultralytics/zoo/dataset/CIFAR100/airplane/data_batch_1_00029.png: 8.072 ms
/ultralytics/zoo/dataset/CIFAR100/airplane/data_batch_1_00030.png: 7.615 ms
/ultralytics/zoo/dataset/CIFAR100/airplane/data_batch_1_00035.png: 7.137 ms
/ultralytics/zoo/dataset/CIFAR100/airplane/data_batch_1_00049.png: 7.089 ms
/ultralytics/zoo/dataset/CIFAR100/airplane/data_batch_1_00077.png: 7.221 ms
/ultralytics/zoo/dataset/CIFAR100/airplane/data_batch_1_00093.png: 7.265 ms
/ultralytics/zoo/dataset/CIFAR100/airplane/data_batch_1_00115.png: 7.041 ms
/ultralytics/zoo/dataset/CIFAR100/airplane/data_batch_1_00116.png: 6.998 ms
/ultralytics/zoo/dataset/CIFAR100/airplane/data_batch_1_00129.png: 7.173 ms
/ultralytics/zoo/dataset/CIFAR100/airplane/data_batch_1_00165.png: 7.335 ms
/ultralytics/zoo/dataset/CIFAR100/automobile/data_batch_1_00004.png: 7.382 ms
/ultralytics/zoo/dataset/CIFAR100/automobile/data_batch_1_00005.png: 7.071 ms
/ultralytics/zoo/dataset/CIFAR100/automobile/data_batch_1_00032.png: 7.128 ms
/ultralytics/zoo/dataset/CIFAR100/automobile/data_batch_1_00044.png: 7.265 ms
/ultralytics/zoo/dataset/CIFAR100/automobile/data_batch_1_00045.png: 7.282 ms
/ultralytics/zoo/dataset/CIFAR100/automobile/data_batch_1_00046.png: 7.638 ms
/ultralytics/zoo/dataset/CIFAR100/automobile/data_batch_1_00060.png: 8.252 ms
/ultralytics/zoo/dataset/CIFAR100/automobile/data_batch_1_00061.png: 7.630 ms
/ultralytics/zoo/dataset/CIFAR100/automobile/data_batch_1_00064.png: 7.916 ms
/ultralytics/zoo/dataset/CIFAR100/automobile/data_batch_1_00065.png: 8.177 ms
/ultralytics/zoo/dataset/CIFAR100/bird/data_batch_1_00006.png: 7.901 ms
/ultralytics/zoo/dataset/CIFAR100/bird/data_batch_1_00013.png: 8.458 ms
/ultralytics/zoo/dataset/CIFAR100/bird/data_batch_1_00018.png: 7.824 ms
/ultralytics/zoo/dataset/CIFAR100/bird/data_batch_1_00024.png: 8.268 ms
/ultralytics/zoo/dataset/CIFAR100/bird/data_batch_1_00041.png: 8.085 ms
/ultralytics/zoo/dataset/CIFAR100/bird/data_batch_1_00042.png: 7.712 ms
/ultralytics/zoo/dataset/CIFAR100/bird/data_batch_1_00047.png: 8.836 ms
/ultralytics/zoo/dataset/CIFAR100/bird/data_batch_1_00048.png: 9.142 ms
/ultralytics/zoo/dataset/CIFAR100/bird/data_batch_1_00054.png: 8.573 ms
/ultralytics/zoo/dataset/CIFAR100/bird/data_batch_1_00055.png: 8.535 ms
/ultralytics/zoo/dataset/CIFAR100/cat/data_batch_1_00009.png: 8.588 ms
/ultralytics/zoo/dataset/CIFAR100/cat/data_batch_1_00017.png: 8.913 ms
/ultralytics/zoo/dataset/CIFAR100/cat/data_batch_1_00021.png: 8.789 ms
/ultralytics/zoo/dataset/CIFAR100/cat/data_batch_1_00026.png: 10.362 ms
/ultralytics/zoo/dataset/CIFAR100/cat/data_batch_1_00033.png: 8.853 ms
/ultralytics/zoo/dataset/CIFAR100/cat/data_batch_1_00036.png: 9.217 ms
/ultralytics/zoo/dataset/CIFAR100/cat/data_batch_1_00038.png: 8.782 ms
/ultralytics/zoo/dataset/CIFAR100/cat/data_batch_1_00039.png: 8.855 ms
/ultralytics/zoo/dataset/CIFAR100/cat/data_batch_1_00059.png: 9.206 ms
/ultralytics/zoo/dataset/CIFAR100/cat/data_batch_1_00074.png: 8.716 ms
/ultralytics/zoo/dataset/CIFAR100/deer/data_batch_1_00003.png: 8.589 ms
/ultralytics/zoo/dataset/CIFAR100/deer/data_batch_1_00010.png: 8.503 ms
/ultralytics/zoo/dataset/CIFAR100/deer/data_batch_1_00020.png: 8.524 ms
/ultralytics/zoo/dataset/CIFAR100/deer/data_batch_1_00028.png: 8.940 ms
/ultralytics/zoo/dataset/CIFAR100/deer/data_batch_1_00034.png: 8.783 ms
/ultralytics/zoo/dataset/CIFAR100/deer/data_batch_1_00058.png: 8.729 ms
/ultralytics/zoo/dataset/CIFAR100/deer/data_batch_1_00066.png: 8.738 ms
/ultralytics/zoo/dataset/CIFAR100/deer/data_batch_1_00082.png: 8.634 ms
/ultralytics/zoo/dataset/CIFAR100/deer/data_batch_1_00086.png: 8.943 ms
/ultralytics/zoo/dataset/CIFAR100/deer/data_batch_1_00089.png: 8.983 ms
/ultralytics/zoo/dataset/CIFAR100/dog/data_batch_1_00027.png: 8.990 ms
/ultralytics/zoo/dataset/CIFAR100/dog/data_batch_1_00040.png: 8.941 ms
/ultralytics/zoo/dataset/CIFAR100/dog/data_batch_1_00051.png: 9.171 ms
/ultralytics/zoo/dataset/CIFAR100/dog/data_batch_1_00056.png: 8.951 ms
/ultralytics/zoo/dataset/CIFAR100/dog/data_batch_1_00070.png: 8.775 ms
/ultralytics/zoo/dataset/CIFAR100/dog/data_batch_1_00081.png: 9.394 ms
/ultralytics/zoo/dataset/CIFAR100/dog/data_batch_1_00083.png: 9.137 ms
/ultralytics/zoo/dataset/CIFAR100/dog/data_batch_1_00107.png: 8.896 ms
/ultralytics/zoo/dataset/CIFAR100/dog/data_batch_1_00128.png: 8.542 ms
/ultralytics/zoo/dataset/CIFAR100/dog/data_batch_1_00148.png: 8.925 ms
/ultralytics/zoo/dataset/CIFAR100/frog/data_batch_1_00000.png: 9.359 ms
/ultralytics/zoo/dataset/CIFAR100/frog/data_batch_1_00019.png: 8.889 ms
/ultralytics/zoo/dataset/CIFAR100/frog/data_batch_1_00022.png: 8.602 ms
/ultralytics/zoo/dataset/CIFAR100/frog/data_batch_1_00023.png: 9.041 ms
/ultralytics/zoo/dataset/CIFAR100/frog/data_batch_1_00025.png: 9.857 ms
/ultralytics/zoo/dataset/CIFAR100/frog/data_batch_1_00072.png: 8.965 ms
/ultralytics/zoo/dataset/CIFAR100/frog/data_batch_1_00095.png: 8.726 ms
/ultralytics/zoo/dataset/CIFAR100/frog/data_batch_1_00103.png: 8.634 ms
/ultralytics/zoo/dataset/CIFAR100/frog/data_batch_1_00104.png: 8.703 ms
/ultralytics/zoo/dataset/CIFAR100/frog/data_batch_1_00117.png: 8.715 ms
/ultralytics/zoo/dataset/CIFAR100/horse/data_batch_1_00007.png: 8.657 ms
/ultralytics/zoo/dataset/CIFAR100/horse/data_batch_1_00011.png: 8.479 ms
/ultralytics/zoo/dataset/CIFAR100/horse/data_batch_1_00012.png: 8.478 ms
/ultralytics/zoo/dataset/CIFAR100/horse/data_batch_1_00037.png: 8.758 ms
/ultralytics/zoo/dataset/CIFAR100/horse/data_batch_1_00043.png: 8.779 ms
/ultralytics/zoo/dataset/CIFAR100/horse/data_batch_1_00052.png: 8.676 ms
/ultralytics/zoo/dataset/CIFAR100/horse/data_batch_1_00068.png: 8.653 ms
/ultralytics/zoo/dataset/CIFAR100/horse/data_batch_1_00073.png: 8.507 ms
/ultralytics/zoo/dataset/CIFAR100/horse/data_batch_1_00084.png: 8.468 ms
/ultralytics/zoo/dataset/CIFAR100/horse/data_batch_1_00085.png: 8.468 ms
/ultralytics/zoo/dataset/CIFAR100/ship/data_batch_1_00008.png: 8.867 ms
/ultralytics/zoo/dataset/CIFAR100/ship/data_batch_1_00062.png: 8.833 ms
/ultralytics/zoo/dataset/CIFAR100/ship/data_batch_1_00069.png: 8.540 ms
/ultralytics/zoo/dataset/CIFAR100/ship/data_batch_1_00092.png: 8.483 ms
/ultralytics/zoo/dataset/CIFAR100/ship/data_batch_1_00100.png: 8.587 ms
/ultralytics/zoo/dataset/CIFAR100/ship/data_batch_1_00106.png: 8.506 ms
/ultralytics/zoo/dataset/CIFAR100/ship/data_batch_1_00111.png: 8.841 ms
/ultralytics/zoo/dataset/CIFAR100/ship/data_batch_1_00135.png: 8.709 ms
/ultralytics/zoo/dataset/CIFAR100/ship/data_batch_1_00139.png: 8.648 ms
/ultralytics/zoo/dataset/CIFAR100/ship/data_batch_1_00155.png: 8.560 ms
/ultralytics/zoo/dataset/CIFAR100/truck/data_batch_1_00001.png: 8.512 ms
/ultralytics/zoo/dataset/CIFAR100/truck/data_batch_1_00002.png: 8.472 ms
/ultralytics/zoo/dataset/CIFAR100/truck/data_batch_1_00014.png: 8.787 ms
/ultralytics/zoo/dataset/CIFAR100/truck/data_batch_1_00015.png: 8.704 ms
/ultralytics/zoo/dataset/CIFAR100/truck/data_batch_1_00016.png: 8.557 ms
/ultralytics/zoo/dataset/CIFAR100/truck/data_batch_1_00031.png: 10.443 ms
/ultralytics/zoo/dataset/CIFAR100/truck/data_batch_1_00050.png: 9.013 ms
/ultralytics/zoo/dataset/CIFAR100/truck/data_batch_1_00053.png: 8.834 ms
/ultralytics/zoo/dataset/CIFAR100/truck/data_batch_1_00067.png: 8.814 ms
/ultralytics/zoo/dataset/CIFAR100/truck/data_batch_1_00071.png: 8.777 ms
avg: 8.503 ms

