[yolo11n-cls] dataset=/ultralytics/zoo/dataset/CIFAR100 count=100 imgsz=224
Using CUDA runtime cudaDeviceSynchronize() for accurate TensorRT synchronization
/ultralytics/zoo/dataset/CIFAR100/airplane/data_batch_1_00029.png: 8.072 ms
/ultralytics/zoo/dataset/CIFAR100/airplane/data_batch_1_00030.png: 7.615 ms
/ultralytics/zoo/dataset/CIFAR100/airplane/data_batch_1_00035.png: 7.137 ms
/ultralytics/zoo/dataset/CIFAR100/airplane/data_batch_1_00049.png: 7.089 ms
/ultralytics/zoo/dataset/CIFAR100/airplane/data_batch_1_00077.png: 7.221 ms
/ultralytics/zoo/dataset/CIFAR100/airplane/data_batch_1_00093.png: 7.265 ms
/ultralytics/zoo/dataset/CIFAR100/airplane/data_batch_1_00115.png: 7.041 ms
/ultralytics/zoo/dataset/CIFAR100/airplane/data_batch_1_00116.png: 6.998 ms
/ultralytics/zoo/dataset/CIFAR100/airplane/data_batch_1_00129.png: 7.173 ms
/ultralytics/zoo/dataset/CIFAR100/airplane/data_batch_1_00165.png: 7.335 ms
/ultralytics/zoo/dataset/CIFAR100/automobile/data_batch_1_00004.png: 7.382 ms
/ultralytics/zoo/dataset/CIFAR100/automobile/data_batch_1_00005.png: 7.071 ms
/ultralytics/zoo/dataset/CIFAR100/automobile/data_batch_1_00032.png: 7.128 ms
/ultralytics/zoo/dataset/CIFAR100/automobile/data_batch_1_00044.png: 7.265 ms
/ultralytics/zoo/dataset/CIFAR100/automobile/data_batch_1_00045.png: 7.282 ms
/ultralytics/zoo/dataset/CIFAR100/automobile/data_batch_1_00046.png: 7.638 ms
/ultralytics/zoo/dataset/CIFAR100/automobile/data_batch_1_00060.png: 8.252 ms
/ultralytics/zoo/dataset/CIFAR100/automobile/data_batch_1_00061.png: 7.630 ms
/ultralytics/zoo/dataset/CIFAR100/automobile/data_batch_1_00064.png: 7.916 ms
/ultralytics/zoo/dataset/CIFAR100/automobile/data_batch_1_00065.png: 8.177 ms
/ultralytics/zoo/dataset/CIFAR100/bird/data_batch_1_00006.png: 7.901 ms
/ultralytics/zoo/dataset/CIFAR100/bird/data_batch_1_00013.png: 8.458 ms
/ultralytics/zoo/dataset/CIFAR100/bird/data_batch_1_00018.png: 7.824 ms
/ultralytics/zoo/dataset/CIFAR100/bird/data_batch_1_00024.png: 8.268 ms
/ultralytics/zoo/dataset/CIFAR100/bird/data_batch_1_00041.png: 8.085 ms
/ultralytics/zoo/dataset/CIFAR100/bird/data_batch_1_00042.png: 7.712 ms
/ultralytics/zoo/dataset/CIFAR100/bird/data_batch_1_00047.png: 8.836 ms
/ultralytics/zoo/dataset/CIFAR100/bird/data_batch_1_00048.png: 9.142 ms
/ultralytics/zoo/dataset/CIFAR100/bird/data_batch_1_00054.png: 8.573 ms
/ultralytics/zoo/dataset/CIFAR100/bird/data_batch_1_00055.png: 8.535 ms
/ultralytics/zoo/dataset/CIFAR100/cat/data_batch_1_00009.png: 8.588 ms
/ultralytics/zoo/dataset/CIFAR100/cat/data_batch_1_00017.png: 8.913 ms
/ultralytics/zoo/dataset/CIFAR100/cat/data_batch_1_00021.png: 8.789 ms
/ultralytics/zoo/dataset/CIFAR100/cat/data_batch_1_00026.png: 10.362 ms
/ultralytics/zoo/dataset/CIFAR100/cat/data_batch_1_00033.png: 8.853 ms
/ultralytics/zoo/dataset/CIFAR100/cat/data_batch_1_00036.png: 9.217 ms
/ultralytics/zoo/dataset/CIFAR100/cat/data_batch_1_00038.png: 8.782 ms
/ultralytics/zoo/dataset/CIFAR100/cat/data_batch_1_00039.png: 8.855 ms
/ultralytics/zoo/dataset/CIFAR100/cat/data_batch_1_00059.png: 9.206 ms
/ultralytics/zoo/dataset/CIFAR100/cat/data_batch_1_00074.png: 8.716 ms
/ultralytics/zoo/dataset/CIFAR100/deer/data_batch_1_00003.png: 8.589 ms
/ultralytics/zoo/dataset/CIFAR100/deer/data_batch_1_00010.png: 8.503 ms
/ultralytics/zoo/dataset/CIFAR100/deer/data_batch_1_00020.png: 8.524 ms
/ultralytics/zoo/dataset/CIFAR100/deer/data_batch_1_00028.png: 8.940 ms
/ultralytics/zoo/dataset/CIFAR100/deer/data_batch_1_00034.png: 8.783 ms
/ultralytics/zoo/dataset/CIFAR100/deer/data_batch_1_00058.png: 8.729 ms
/ultralytics/zoo/dataset/CIFAR100/deer/data_batch_1_00066.png: 8.738 ms
/ultralytics/zoo/dataset/CIFAR100/deer/data_batch_1_00082.png: 8.634 ms
/ultralytics/zoo/dataset/CIFAR100/deer/data_batch_1_00086.png: 8.943 ms
/ultralytics/zoo/dataset/CIFAR100/deer/data_batch_1_00089.png: 8.983 ms
/ultralytics/zoo/dataset/CIFAR100/dog/data_batch_1_00027.png: 8.990 ms
/ultralytics/zoo/dataset/CIFAR100/dog/data_batch_1_00040.png: 8.941 ms
/ultralytics/zoo/dataset/CIFAR100/dog/data_batch_1_00051.png: 9.171 ms
/ultralytics/zoo/dataset/CIFAR100/dog/data_batch_1_00056.png: 8.951 ms
/ultralytics/zoo/dataset/CIFAR100/dog/data_batch_1_00070.png: 8.775 ms
/ultralytics/zoo/dataset/CIFAR100/dog/data_batch_1_00081.png: 9.394 ms
/ultralytics/zoo/dataset/CIFAR100/dog/data_batch_1_00083.png: 9.137 ms
/ultralytics/zoo/dataset/CIFAR100/dog/data_batch_1_00107.png: 8.896 ms
/ultralytics/zoo/dataset/CIFAR100/dog/data_batch_1_00128.png: 8.542 ms
/ultralytics/zoo/dataset/CIFAR100/dog/data_batch_1_00148.png: 8.925 ms
/ultralytics/zoo/dataset/CIFAR100/frog/data_batch_1_00000.png: 9.359 ms
/ultralytics/zoo/dataset/CIFAR100/frog/data_batch_1_00019.png: 8.889 ms
/ultralytics/zoo/dataset/CIFAR100/frog/data_batch_1_00022.png: 8.602 ms
/ultralytics/zoo/dataset/CIFAR100/frog/data_batch_1_00023.png: 9.041 ms
/ultralytics/zoo/dataset/CIFAR100/frog/data_batch_1_00025.png: 9.857 ms
/ultralytics/zoo/dataset/CIFAR100/frog/data_batch_1_00072.png: 8.965 ms
/ultralytics/zoo/dataset/CIFAR100/frog/data_batch_1_00095.png: 8.726 ms
/ultralytics/zoo/dataset/CIFAR100/frog/data_batch_1_00103.png: 8.634 ms
/ultralytics/zoo/dataset/CIFAR100/frog/data_batch_1_00104.png: 8.703 ms
/ultralytics/zoo/dataset/CIFAR100/frog/data_batch_1_00117.png: 8.715 ms
/ultralytics/zoo/dataset/CIFAR100/horse/data_batch_1_00007.png: 8.657 ms
/ultralytics/zoo/dataset/CIFAR100/horse/data_batch_1_00011.png: 8.479 ms
/ultralytics/zoo/dataset/CIFAR100/horse/data_batch_1_00012.png: 8.478 ms
/ultralytics/zoo/dataset/CIFAR100/horse/data_batch_1_00037.png: 8.758 ms
/ultralytics/zoo/dataset/CIFAR100/horse/data_batch_1_00043.png: 8.779 ms
/ultralytics/zoo/dataset/CIFAR100/horse/data_batch_1_00052.png: 8.676 ms
/ultralytics/zoo/dataset/CIFAR100/horse/data_batch_1_00068.png: 8.653 ms
/ultralytics/zoo/dataset/CIFAR100/horse/data_batch_1_00073.png: 8.507 ms
/ultralytics/zoo/dataset/CIFAR100/horse/data_batch_1_00084.png: 8.468 ms
/ultralytics/zoo/dataset/CIFAR100/horse/data_batch_1_00085.png: 8.468 ms
/ultralytics/zoo/dataset/CIFAR100/ship/data_batch_1_00008.png: 8.867 ms
/ultralytics/zoo/dataset/CIFAR100/ship/data_batch_1_00062.png: 8.833 ms
/ultralytics/zoo/dataset/CIFAR100/ship/data_batch_1_00069.png: 8.540 ms
/ultralytics/zoo/dataset/CIFAR100/ship/data_batch_1_00092.png: 8.483 ms
/ultralytics/zoo/dataset/CIFAR100/ship/data_batch_1_00100.png: 8.587 ms
/ultralytics/zoo/dataset/CIFAR100/ship/data_batch_1_00106.png: 8.506 ms
/ultralytics/zoo/dataset/CIFAR100/ship/data_batch_1_00111.png: 8.841 ms
/ultralytics/zoo/dataset/CIFAR100/ship/data_batch_1_00135.png: 8.709 ms
/ultralytics/zoo/dataset/CIFAR100/ship/data_batch_1_00139.png: 8.648 ms
/ultralytics/zoo/dataset/CIFAR100/ship/data_batch_1_00155.png: 8.560 ms
/ultralytics/zoo/dataset/CIFAR100/truck/data_batch_1_00001.png: 8.512 ms
/ultralytics/zoo/dataset/CIFAR100/truck/data_batch_1_00002.png: 8.472 ms
/ultralytics/zoo/dataset/CIFAR100/truck/data_batch_1_00014.png: 8.787 ms
/ultralytics/zoo/dataset/CIFAR100/truck/data_batch_1_00015.png: 8.704 ms
/ultralytics/zoo/dataset/CIFAR100/truck/data_batch_1_00016.png: 8.557 ms
/ultralytics/zoo/dataset/CIFAR100/truck/data_batch_1_00031.png: 10.443 ms
/ultralytics/zoo/dataset/CIFAR100/truck/data_batch_1_00050.png: 9.013 ms
/ultralytics/zoo/dataset/CIFAR100/truck/data_batch_1_00053.png: 8.834 ms
/ultralytics/zoo/dataset/CIFAR100/truck/data_batch_1_00067.png: 8.814 ms
/ultralytics/zoo/dataset/CIFAR100/truck/data_batch_1_00071.png: 8.777 ms
avg: 8.503 ms
