[yolo11n-pose] dataset=/ultralytics/zoo/dataset/coco128/images/train2017 count=100 imgsz=640
Using CUDA runtime cudaDeviceSynchronize() for accurate TensorRT synchronization
/ultralytics/zoo/dataset/coco128/images/train2017/000000000009.jpg: 22.577 ms
/ultralytics/zoo/dataset/coco128/images/train2017/000000000025.jpg: 28.307 ms
/ultralytics/zoo/dataset/coco128/images/train2017/000000000030.jpg: 26.892 ms
/ultralytics/zoo/dataset/coco128/images/train2017/000000000034.jpg: 26.933 ms
/ultralytics/zoo/dataset/coco128/images/train2017/000000000036.jpg: 31.876 ms
/ultralytics/zoo/dataset/coco128/images/train2017/000000000042.jpg: 21.421 ms
/ultralytics/zoo/dataset/coco128/images/train2017/000000000049.jpg: 40.168 ms
/ultralytics/zoo/dataset/coco128/images/train2017/000000000061.jpg: 37.154 ms
/ultralytics/zoo/dataset/coco128/images/train2017/000000000064.jpg: 21.583 ms
/ultralytics/zoo/dataset/coco128/images/train2017/000000000071.jpg: 28.279 ms
/ultralytics/zoo/dataset/coco128/images/train2017/000000000072.jpg: 23.704 ms
/ultralytics/zoo/dataset/coco128/images/train2017/000000000073.jpg: 22.958 ms
/ultralytics/zoo/dataset/coco128/images/train2017/000000000074.jpg: 21.052 ms
/ultralytics/zoo/dataset/coco128/images/train2017/000000000077.jpg: 33.079 ms
/ultralytics/zoo/dataset/coco128/images/train2017/000000000078.jpg: 24.574 ms
/ultralytics/zoo/dataset/coco128/images/train2017/000000000081.jpg: 27.463 ms
/ultralytics/zoo/dataset/coco128/images/train2017/000000000086.jpg: 27.591 ms
/ultralytics/zoo/dataset/coco128/images/train2017/000000000089.jpg: 25.580 ms
/ultralytics/zoo/dataset/coco128/images/train2017/000000000092.jpg: 19.583 ms
/ultralytics/zoo/dataset/coco128/images/train2017/000000000094.jpg: 18.720 ms
/ultralytics/zoo/dataset/coco128/images/train2017/000000000109.jpg: 31.424 ms
/ultralytics/zoo/dataset/coco128/images/train2017/000000000110.jpg: 61.216 ms
/ultralytics/zoo/dataset/coco128/images/train2017/000000000113.jpg: 33.645 ms
/ultralytics/zoo/dataset/coco128/images/train2017/000000000127.jpg: 18.218 ms
/ultralytics/zoo/dataset/coco128/images/train2017/000000000133.jpg: 17.264 ms
/ultralytics/zoo/dataset/coco128/images/train2017/000000000136.jpg: 30.223 ms
/ultralytics/zoo/dataset/coco128/images/train2017/000000000138.jpg: 21.613 ms
/ultralytics/zoo/dataset/coco128/images/train2017/000000000142.jpg: 18.357 ms
/ultralytics/zoo/dataset/coco128/images/train2017/000000000143.jpg: 24.865 ms
/ultralytics/zoo/dataset/coco128/images/train2017/000000000144.jpg: 24.093 ms
/ultralytics/zoo/dataset/coco128/images/train2017/000000000149.jpg: 18.991 ms
/ultralytics/zoo/dataset/coco128/images/train2017/000000000151.jpg: 22.342 ms
/ultralytics/zoo/dataset/coco128/images/train2017/000000000154.jpg: 19.406 ms
/ultralytics/zoo/dataset/coco128/images/train2017/000000000164.jpg: 17.271 ms
/ultralytics/zoo/dataset/coco128/images/train2017/000000000165.jpg: 31.478 ms
/ultralytics/zoo/dataset/coco128/images/train2017/000000000192.jpg: 40.126 ms
/ultralytics/zoo/dataset/coco128/images/train2017/000000000194.jpg: 21.429 ms
/ultralytics/zoo/dataset/coco128/images/train2017/000000000196.jpg: 17.844 ms
/ultralytics/zoo/dataset/coco128/images/train2017/000000000201.jpg: 17.729 ms
/ultralytics/zoo/dataset/coco128/images/train2017/000000000208.jpg: 29.912 ms
/ultralytics/zoo/dataset/coco128/images/train2017/000000000241.jpg: 55.328 ms
/ultralytics/zoo/dataset/coco128/images/train2017/000000000247.jpg: 20.540 ms
/ultralytics/zoo/dataset/coco128/images/train2017/000000000250.jpg: 16.332 ms
/ultralytics/zoo/dataset/coco128/images/train2017/000000000257.jpg: 28.278 ms
/ultralytics/zoo/dataset/coco128/images/train2017/000000000260.jpg: 25.375 ms
/ultralytics/zoo/dataset/coco128/images/train2017/000000000263.jpg: 30.341 ms
/ultralytics/zoo/dataset/coco128/images/train2017/000000000283.jpg: 21.959 ms
/ultralytics/zoo/dataset/coco128/images/train2017/000000000294.jpg: 32.887 ms
/ultralytics/zoo/dataset/coco128/images/train2017/000000000307.jpg: 23.523 ms
/ultralytics/zoo/dataset/coco128/images/train2017/000000000308.jpg: 63.036 ms
/ultralytics/zoo/dataset/coco128/images/train2017/000000000309.jpg: 25.913 ms
/ultralytics/zoo/dataset/coco128/images/train2017/000000000312.jpg: 18.302 ms
/ultralytics/zoo/dataset/coco128/images/train2017/000000000315.jpg: 44.758 ms
/ultralytics/zoo/dataset/coco128/images/train2017/000000000321.jpg: 31.314 ms
/ultralytics/zoo/dataset/coco128/images/train2017/000000000322.jpg: 36.283 ms
/ultralytics/zoo/dataset/coco128/images/train2017/000000000326.jpg: 31.358 ms
/ultralytics/zoo/dataset/coco128/images/train2017/000000000328.jpg: 49.502 ms
/ultralytics/zoo/dataset/coco128/images/train2017/000000000332.jpg: 31.056 ms
/ultralytics/zoo/dataset/coco128/images/train2017/000000000338.jpg: 39.393 ms
/ultralytics/zoo/dataset/coco128/images/train2017/000000000349.jpg: 27.726 ms
/ultralytics/zoo/dataset/coco128/images/train2017/000000000357.jpg: 35.198 ms
/ultralytics/zoo/dataset/coco128/images/train2017/000000000359.jpg: 35.098 ms
/ultralytics/zoo/dataset/coco128/images/train2017/000000000360.jpg: 24.832 ms
/ultralytics/zoo/dataset/coco128/images/train2017/000000000368.jpg: 71.405 ms
/ultralytics/zoo/dataset/coco128/images/train2017/000000000370.jpg: 33.916 ms
/ultralytics/zoo/dataset/coco128/images/train2017/000000000382.jpg: 23.753 ms
/ultralytics/zoo/dataset/coco128/images/train2017/000000000384.jpg: 21.440 ms
/ultralytics/zoo/dataset/coco128/images/train2017/000000000387.jpg: 27.942 ms
/ultralytics/zoo/dataset/coco128/images/train2017/000000000389.jpg: 64.188 ms
/ultralytics/zoo/dataset/coco128/images/train2017/000000000394.jpg: 25.598 ms
/ultralytics/zoo/dataset/coco128/images/train2017/000000000395.jpg: 90.134 ms
/ultralytics/zoo/dataset/coco128/images/train2017/000000000397.jpg: 33.364 ms
/ultralytics/zoo/dataset/coco128/images/train2017/000000000400.jpg: 19.751 ms
/ultralytics/zoo/dataset/coco128/images/train2017/000000000404.jpg: 18.022 ms
/ultralytics/zoo/dataset/coco128/images/train2017/000000000415.jpg: 44.360 ms
/ultralytics/zoo/dataset/coco128/images/train2017/000000000419.jpg: 36.031 ms
/ultralytics/zoo/dataset/coco128/images/train2017/000000000428.jpg: 33.433 ms
/ultralytics/zoo/dataset/coco128/images/train2017/000000000431.jpg: 38.362 ms
/ultralytics/zoo/dataset/coco128/images/train2017/000000000436.jpg: 33.450 ms
/ultralytics/zoo/dataset/coco128/images/train2017/000000000438.jpg: 18.167 ms
/ultralytics/zoo/dataset/coco128/images/train2017/000000000443.jpg: 75.463 ms
/ultralytics/zoo/dataset/coco128/images/train2017/000000000446.jpg: 25.572 ms
/ultralytics/zoo/dataset/coco128/images/train2017/000000000450.jpg: 23.512 ms
/ultralytics/zoo/dataset/coco128/images/train2017/000000000459.jpg: 38.856 ms
/ultralytics/zoo/dataset/coco128/images/train2017/000000000471.jpg: 27.426 ms
/ultralytics/zoo/dataset/coco128/images/train2017/000000000472.jpg: 16.184 ms
/ultralytics/zoo/dataset/coco128/images/train2017/000000000474.jpg: 30.285 ms
/ultralytics/zoo/dataset/coco128/images/train2017/000000000486.jpg: 25.145 ms
/ultralytics/zoo/dataset/coco128/images/train2017/000000000488.jpg: 55.751 ms
/ultralytics/zoo/dataset/coco128/images/train2017/000000000490.jpg: 31.488 ms
/ultralytics/zoo/dataset/coco128/images/train2017/000000000491.jpg: 30.859 ms
/ultralytics/zoo/dataset/coco128/images/train2017/000000000502.jpg: 20.665 ms
/ultralytics/zoo/dataset/coco128/images/train2017/000000000508.jpg: 26.165 ms
/ultralytics/zoo/dataset/coco128/images/train2017/000000000510.jpg: 38.651 ms
/ultralytics/zoo/dataset/coco128/images/train2017/000000000514.jpg: 21.744 ms
/ultralytics/zoo/dataset/coco128/images/train2017/000000000520.jpg: 21.274 ms
/ultralytics/zoo/dataset/coco128/images/train2017/000000000529.jpg: 53.696 ms
/ultralytics/zoo/dataset/coco128/images/train2017/000000000531.jpg: 44.409 ms
/ultralytics/zoo/dataset/coco128/images/train2017/000000000532.jpg: 38.656 ms
/ultralytics/zoo/dataset/coco128/images/train2017/000000000536.jpg: 63.536 ms
avg: 31.379 ms

[yolo11n-detect] dataset=/ultralytics/zoo/dataset/coco128/images/train2017 count=100 imgsz=640
Using CUDA runtime cudaDeviceSynchronize() for accurate TensorRT synchronization
/ultralytics/zoo/dataset/coco128/images/train2017/000000000009.jpg: 28.971 ms
/ultralytics/zoo/dataset/coco128/images/train2017/000000000025.jpg: 23.793 ms
/ultralytics/zoo/dataset/coco128/images/train2017/000000000030.jpg: 24.152 ms
/ultralytics/zoo/dataset/coco128/images/train2017/000000000034.jpg: 24.046 ms
/ultralytics/zoo/dataset/coco128/images/train2017/000000000036.jpg: 24.835 ms
/ultralytics/zoo/dataset/coco128/images/train2017/000000000042.jpg: 25.541 ms
/ultralytics/zoo/dataset/coco128/images/train2017/000000000049.jpg: 37.924 ms
/ultralytics/zoo/dataset/coco128/images/train2017/000000000061.jpg: 27.339 ms
/ultralytics/zoo/dataset/coco128/images/train2017/000000000064.jpg: 27.254 ms
/ultralytics/zoo/dataset/coco128/images/train2017/000000000071.jpg: 29.103 ms
/ultralytics/zoo/dataset/coco128/images/train2017/000000000072.jpg: 26.715 ms
/ultralytics/zoo/dataset/coco128/images/train2017/000000000073.jpg: 29.025 ms
/ultralytics/zoo/dataset/coco128/images/train2017/000000000074.jpg: 33.796 ms
/ultralytics/zoo/dataset/coco128/images/train2017/000000000077.jpg: 32.797 ms
/ultralytics/zoo/dataset/coco128/images/train2017/000000000078.jpg: 29.418 ms
/ultralytics/zoo/dataset/coco128/images/train2017/000000000081.jpg: 22.137 ms
/ultralytics/zoo/dataset/coco128/images/train2017/000000000086.jpg: 27.207 ms
/ultralytics/zoo/dataset/coco128/images/train2017/000000000089.jpg: 35.903 ms
/ultralytics/zoo/dataset/coco128/images/train2017/000000000092.jpg: 24.960 ms
/ultralytics/zoo/dataset/coco128/images/train2017/000000000094.jpg: 24.326 ms
/ultralytics/zoo/dataset/coco128/images/train2017/000000000109.jpg: 32.639 ms
/ultralytics/zoo/dataset/coco128/images/train2017/000000000110.jpg: 42.917 ms
/ultralytics/zoo/dataset/coco128/images/train2017/000000000113.jpg: 35.595 ms
/ultralytics/zoo/dataset/coco128/images/train2017/000000000127.jpg: 24.064 ms
/ultralytics/zoo/dataset/coco128/images/train2017/000000000133.jpg: 23.965 ms
/ultralytics/zoo/dataset/coco128/images/train2017/000000000136.jpg: 28.639 ms
/ultralytics/zoo/dataset/coco128/images/train2017/000000000138.jpg: 31.043 ms
/ultralytics/zoo/dataset/coco128/images/train2017/000000000142.jpg: 27.922 ms
/ultralytics/zoo/dataset/coco128/images/train2017/000000000143.jpg: 68.849 ms
/ultralytics/zoo/dataset/coco128/images/train2017/000000000144.jpg: 27.658 ms
/ultralytics/zoo/dataset/coco128/images/train2017/000000000149.jpg: 68.657 ms
/ultralytics/zoo/dataset/coco128/images/train2017/000000000151.jpg: 21.649 ms
/ultralytics/zoo/dataset/coco128/images/train2017/000000000154.jpg: 19.911 ms
/ultralytics/zoo/dataset/coco128/images/train2017/000000000164.jpg: 27.862 ms
/ultralytics/zoo/dataset/coco128/images/train2017/000000000165.jpg: 35.387 ms
/ultralytics/zoo/dataset/coco128/images/train2017/000000000192.jpg: 31.566 ms
/ultralytics/zoo/dataset/coco128/images/train2017/000000000194.jpg: 25.641 ms
/ultralytics/zoo/dataset/coco128/images/train2017/000000000196.jpg: 71.778 ms
/ultralytics/zoo/dataset/coco128/images/train2017/000000000201.jpg: 49.127 ms
/ultralytics/zoo/dataset/coco128/images/train2017/000000000208.jpg: 27.282 ms
/ultralytics/zoo/dataset/coco128/images/train2017/000000000241.jpg: 58.457 ms
/ultralytics/zoo/dataset/coco128/images/train2017/000000000247.jpg: 47.292 ms
/ultralytics/zoo/dataset/coco128/images/train2017/000000000250.jpg: 24.954 ms
/ultralytics/zoo/dataset/coco128/images/train2017/000000000257.jpg: 100.727 ms
/ultralytics/zoo/dataset/coco128/images/train2017/000000000260.jpg: 59.508 ms
/ultralytics/zoo/dataset/coco128/images/train2017/000000000263.jpg: 35.515 ms
/ultralytics/zoo/dataset/coco128/images/train2017/000000000283.jpg: 45.852 ms
/ultralytics/zoo/dataset/coco128/images/train2017/000000000294.jpg: 42.498 ms
/ultralytics/zoo/dataset/coco128/images/train2017/000000000307.jpg: 31.678 ms
/ultralytics/zoo/dataset/coco128/images/train2017/000000000308.jpg: 77.612 ms
/ultralytics/zoo/dataset/coco128/images/train2017/000000000309.jpg: 40.316 ms
/ultralytics/zoo/dataset/coco128/images/train2017/000000000312.jpg: 66.921 ms
/ultralytics/zoo/dataset/coco128/images/train2017/000000000315.jpg: 96.759 ms
/ultralytics/zoo/dataset/coco128/images/train2017/000000000321.jpg: 30.582 ms
/ultralytics/zoo/dataset/coco128/images/train2017/000000000322.jpg: 34.358 ms
/ultralytics/zoo/dataset/coco128/images/train2017/000000000326.jpg: 27.343 ms
/ultralytics/zoo/dataset/coco128/images/train2017/000000000328.jpg: 58.265 ms
/ultralytics/zoo/dataset/coco128/images/train2017/000000000332.jpg: 48.044 ms
/ultralytics/zoo/dataset/coco128/images/train2017/000000000338.jpg: 37.223 ms
/ultralytics/zoo/dataset/coco128/images/train2017/000000000349.jpg: 26.387 ms
/ultralytics/zoo/dataset/coco128/images/train2017/000000000357.jpg: 68.169 ms
/ultralytics/zoo/dataset/coco128/images/train2017/000000000359.jpg: 42.784 ms
/ultralytics/zoo/dataset/coco128/images/train2017/000000000360.jpg: 27.827 ms
/ultralytics/zoo/dataset/coco128/images/train2017/000000000368.jpg: 59.058 ms
/ultralytics/zoo/dataset/coco128/images/train2017/000000000370.jpg: 35.974 ms
/ultralytics/zoo/dataset/coco128/images/train2017/000000000382.jpg: 41.072 ms
/ultralytics/zoo/dataset/coco128/images/train2017/000000000384.jpg: 56.102 ms
/ultralytics/zoo/dataset/coco128/images/train2017/000000000387.jpg: 35.704 ms
/ultralytics/zoo/dataset/coco128/images/train2017/000000000389.jpg: 89.869 ms
/ultralytics/zoo/dataset/coco128/images/train2017/000000000394.jpg: 36.654 ms
/ultralytics/zoo/dataset/coco128/images/train2017/000000000395.jpg: 70.774 ms
/ultralytics/zoo/dataset/coco128/images/train2017/000000000397.jpg: 43.308 ms
/ultralytics/zoo/dataset/coco128/images/train2017/000000000400.jpg: 36.216 ms
/ultralytics/zoo/dataset/coco128/images/train2017/000000000404.jpg: 37.800 ms
/ultralytics/zoo/dataset/coco128/images/train2017/000000000415.jpg: 50.184 ms
/ultralytics/zoo/dataset/coco128/images/train2017/000000000419.jpg: 49.904 ms
/ultralytics/zoo/dataset/coco128/images/train2017/000000000428.jpg: 40.389 ms
/ultralytics/zoo/dataset/coco128/images/train2017/000000000431.jpg: 46.600 ms
/ultralytics/zoo/dataset/coco128/images/train2017/000000000436.jpg: 41.763 ms
/ultralytics/zoo/dataset/coco128/images/train2017/000000000438.jpg: 174.891 ms
/ultralytics/zoo/dataset/coco128/images/train2017/000000000443.jpg: 68.699 ms
/ultralytics/zoo/dataset/coco128/images/train2017/000000000446.jpg: 45.092 ms
/ultralytics/zoo/dataset/coco128/images/train2017/000000000450.jpg: 66.485 ms
/ultralytics/zoo/dataset/coco128/images/train2017/000000000459.jpg: 49.192 ms
/ultralytics/zoo/dataset/coco128/images/train2017/000000000471.jpg: 28.440 ms
/ultralytics/zoo/dataset/coco128/images/train2017/000000000472.jpg: 35.218 ms
/ultralytics/zoo/dataset/coco128/images/train2017/000000000474.jpg: 44.146 ms
/ultralytics/zoo/dataset/coco128/images/train2017/000000000486.jpg: 49.569 ms
/ultralytics/zoo/dataset/coco128/images/train2017/000000000488.jpg: 117.252 ms
/ultralytics/zoo/dataset/coco128/images/train2017/000000000490.jpg: 47.857 ms
/ultralytics/zoo/dataset/coco128/images/train2017/000000000491.jpg: 76.379 ms
/ultralytics/zoo/dataset/coco128/images/train2017/000000000502.jpg: 49.843 ms
/ultralytics/zoo/dataset/coco128/images/train2017/000000000508.jpg: 23.226 ms
/ultralytics/zoo/dataset/coco128/images/train2017/000000000510.jpg: 39.516 ms
/ultralytics/zoo/dataset/coco128/images/train2017/000000000514.jpg: 37.985 ms
/ultralytics/zoo/dataset/coco128/images/train2017/000000000520.jpg: 104.062 ms
/ultralytics/zoo/dataset/coco128/images/train2017/000000000529.jpg: 52.731 ms
/ultralytics/zoo/dataset/coco128/images/train2017/000000000531.jpg: 124.523 ms
/ultralytics/zoo/dataset/coco128/images/train2017/000000000532.jpg: 58.290 ms
/ultralytics/zoo/dataset/coco128/images/train2017/000000000536.jpg: 58.184 ms
avg: 45.334 ms

[yolo11n-cls] dataset=/ultralytics/zoo/dataset/CIFAR100 count=100 imgsz=224
Using CUDA runtime cudaDeviceSynchronize() for accurate TensorRT synchronization
/ultralytics/zoo/dataset/CIFAR100/airplane/data_batch_1_00029.png: 8.230 ms
/ultralytics/zoo/dataset/CIFAR100/airplane/data_batch_1_00030.png: 6.817 ms
/ultralytics/zoo/dataset/CIFAR100/airplane/data_batch_1_00035.png: 6.742 ms
/ultralytics/zoo/dataset/CIFAR100/airplane/data_batch_1_00049.png: 9.538 ms
/ultralytics/zoo/dataset/CIFAR100/airplane/data_batch_1_00077.png: 6.724 ms
/ultralytics/zoo/dataset/CIFAR100/airplane/data_batch_1_00093.png: 7.587 ms
/ultralytics/zoo/dataset/CIFAR100/airplane/data_batch_1_00115.png: 6.863 ms
/ultralytics/zoo/dataset/CIFAR100/airplane/data_batch_1_00116.png: 7.007 ms
/ultralytics/zoo/dataset/CIFAR100/airplane/data_batch_1_00129.png: 6.821 ms
/ultralytics/zoo/dataset/CIFAR100/airplane/data_batch_1_00165.png: 7.779 ms
/ultralytics/zoo/dataset/CIFAR100/automobile/data_batch_1_00004.png: 6.588 ms
/ultralytics/zoo/dataset/CIFAR100/automobile/data_batch_1_00005.png: 6.514 ms
/ultralytics/zoo/dataset/CIFAR100/automobile/data_batch_1_00032.png: 7.295 ms
/ultralytics/zoo/dataset/CIFAR100/automobile/data_batch_1_00044.png: 7.596 ms
/ultralytics/zoo/dataset/CIFAR100/automobile/data_batch_1_00045.png: 7.378 ms
/ultralytics/zoo/dataset/CIFAR100/automobile/data_batch_1_00046.png: 6.633 ms
/ultralytics/zoo/dataset/CIFAR100/automobile/data_batch_1_00060.png: 6.652 ms
/ultralytics/zoo/dataset/CIFAR100/automobile/data_batch_1_00061.png: 8.011 ms
/ultralytics/zoo/dataset/CIFAR100/automobile/data_batch_1_00064.png: 6.554 ms
/ultralytics/zoo/dataset/CIFAR100/automobile/data_batch_1_00065.png: 7.014 ms
/ultralytics/zoo/dataset/CIFAR100/bird/data_batch_1_00006.png: 7.999 ms
/ultralytics/zoo/dataset/CIFAR100/bird/data_batch_1_00013.png: 7.183 ms
/ultralytics/zoo/dataset/CIFAR100/bird/data_batch_1_00018.png: 7.897 ms
/ultralytics/zoo/dataset/CIFAR100/bird/data_batch_1_00024.png: 7.180 ms
/ultralytics/zoo/dataset/CIFAR100/bird/data_batch_1_00041.png: 6.609 ms
/ultralytics/zoo/dataset/CIFAR100/bird/data_batch_1_00042.png: 7.189 ms
/ultralytics/zoo/dataset/CIFAR100/bird/data_batch_1_00047.png: 7.245 ms
/ultralytics/zoo/dataset/CIFAR100/bird/data_batch_1_00048.png: 7.864 ms
/ultralytics/zoo/dataset/CIFAR100/bird/data_batch_1_00054.png: 7.240 ms
/ultralytics/zoo/dataset/CIFAR100/bird/data_batch_1_00055.png: 6.568 ms
/ultralytics/zoo/dataset/CIFAR100/cat/data_batch_1_00009.png: 7.952 ms
/ultralytics/zoo/dataset/CIFAR100/cat/data_batch_1_00017.png: 6.267 ms
/ultralytics/zoo/dataset/CIFAR100/cat/data_batch_1_00021.png: 6.725 ms
/ultralytics/zoo/dataset/CIFAR100/cat/data_batch_1_00026.png: 7.691 ms
/ultralytics/zoo/dataset/CIFAR100/cat/data_batch_1_00033.png: 6.401 ms
/ultralytics/zoo/dataset/CIFAR100/cat/data_batch_1_00036.png: 7.084 ms
/ultralytics/zoo/dataset/CIFAR100/cat/data_batch_1_00038.png: 7.940 ms
/ultralytics/zoo/dataset/CIFAR100/cat/data_batch_1_00039.png: 6.676 ms
/ultralytics/zoo/dataset/CIFAR100/cat/data_batch_1_00059.png: 7.107 ms
/ultralytics/zoo/dataset/CIFAR100/cat/data_batch_1_00074.png: 6.534 ms
/ultralytics/zoo/dataset/CIFAR100/deer/data_batch_1_00003.png: 8.524 ms
/ultralytics/zoo/dataset/CIFAR100/deer/data_batch_1_00010.png: 7.155 ms
/ultralytics/zoo/dataset/CIFAR100/deer/data_batch_1_00020.png: 8.158 ms
/ultralytics/zoo/dataset/CIFAR100/deer/data_batch_1_00028.png: 6.804 ms
/ultralytics/zoo/dataset/CIFAR100/deer/data_batch_1_00034.png: 7.183 ms
/ultralytics/zoo/dataset/CIFAR100/deer/data_batch_1_00058.png: 6.700 ms
/ultralytics/zoo/dataset/CIFAR100/deer/data_batch_1_00066.png: 6.854 ms
/ultralytics/zoo/dataset/CIFAR100/deer/data_batch_1_00082.png: 6.352 ms
/ultralytics/zoo/dataset/CIFAR100/deer/data_batch_1_00086.png: 6.528 ms
/ultralytics/zoo/dataset/CIFAR100/deer/data_batch_1_00089.png: 9.821 ms
/ultralytics/zoo/dataset/CIFAR100/dog/data_batch_1_00027.png: 6.679 ms
/ultralytics/zoo/dataset/CIFAR100/dog/data_batch_1_00040.png: 6.466 ms
/ultralytics/zoo/dataset/CIFAR100/dog/data_batch_1_00051.png: 8.579 ms
/ultralytics/zoo/dataset/CIFAR100/dog/data_batch_1_00056.png: 6.887 ms
/ultralytics/zoo/dataset/CIFAR100/dog/data_batch_1_00070.png: 7.163 ms
/ultralytics/zoo/dataset/CIFAR100/dog/data_batch_1_00081.png: 6.275 ms
/ultralytics/zoo/dataset/CIFAR100/dog/data_batch_1_00083.png: 6.262 ms
/ultralytics/zoo/dataset/CIFAR100/dog/data_batch_1_00107.png: 7.967 ms
/ultralytics/zoo/dataset/CIFAR100/dog/data_batch_1_00128.png: 7.667 ms
/ultralytics/zoo/dataset/CIFAR100/dog/data_batch_1_00148.png: 6.826 ms
/ultralytics/zoo/dataset/CIFAR100/frog/data_batch_1_00000.png: 9.253 ms
/ultralytics/zoo/dataset/CIFAR100/frog/data_batch_1_00019.png: 6.843 ms
/ultralytics/zoo/dataset/CIFAR100/frog/data_batch_1_00022.png: 6.486 ms
/ultralytics/zoo/dataset/CIFAR100/frog/data_batch_1_00023.png: 6.427 ms
/ultralytics/zoo/dataset/CIFAR100/frog/data_batch_1_00025.png: 7.185 ms
/ultralytics/zoo/dataset/CIFAR100/frog/data_batch_1_00072.png: 7.033 ms
/ultralytics/zoo/dataset/CIFAR100/frog/data_batch_1_00095.png: 6.666 ms
/ultralytics/zoo/dataset/CIFAR100/frog/data_batch_1_00103.png: 7.201 ms
/ultralytics/zoo/dataset/CIFAR100/frog/data_batch_1_00104.png: 7.144 ms
/ultralytics/zoo/dataset/CIFAR100/frog/data_batch_1_00117.png: 6.831 ms
/ultralytics/zoo/dataset/CIFAR100/horse/data_batch_1_00007.png: 6.367 ms
/ultralytics/zoo/dataset/CIFAR100/horse/data_batch_1_00011.png: 6.939 ms
/ultralytics/zoo/dataset/CIFAR100/horse/data_batch_1_00012.png: 6.512 ms
/ultralytics/zoo/dataset/CIFAR100/horse/data_batch_1_00037.png: 6.059 ms
/ultralytics/zoo/dataset/CIFAR100/horse/data_batch_1_00043.png: 7.118 ms
/ultralytics/zoo/dataset/CIFAR100/horse/data_batch_1_00052.png: 6.763 ms
/ultralytics/zoo/dataset/CIFAR100/horse/data_batch_1_00068.png: 6.589 ms
/ultralytics/zoo/dataset/CIFAR100/horse/data_batch_1_00073.png: 6.137 ms
/ultralytics/zoo/dataset/CIFAR100/horse/data_batch_1_00084.png: 6.651 ms
/ultralytics/zoo/dataset/CIFAR100/horse/data_batch_1_00085.png: 8.817 ms
/ultralytics/zoo/dataset/CIFAR100/ship/data_batch_1_00008.png: 7.097 ms
/ultralytics/zoo/dataset/CIFAR100/ship/data_batch_1_00062.png: 6.499 ms
/ultralytics/zoo/dataset/CIFAR100/ship/data_batch_1_00069.png: 7.980 ms
/ultralytics/zoo/dataset/CIFAR100/ship/data_batch_1_00092.png: 7.016 ms
/ultralytics/zoo/dataset/CIFAR100/ship/data_batch_1_00100.png: 6.466 ms
/ultralytics/zoo/dataset/CIFAR100/ship/data_batch_1_00106.png: 8.747 ms
/ultralytics/zoo/dataset/CIFAR100/ship/data_batch_1_00111.png: 7.023 ms
/ultralytics/zoo/dataset/CIFAR100/ship/data_batch_1_00135.png: 7.684 ms
/ultralytics/zoo/dataset/CIFAR100/ship/data_batch_1_00139.png: 6.695 ms
/ultralytics/zoo/dataset/CIFAR100/ship/data_batch_1_00155.png: 11.414 ms
/ultralytics/zoo/dataset/CIFAR100/truck/data_batch_1_00001.png: 8.786 ms
/ultralytics/zoo/dataset/CIFAR100/truck/data_batch_1_00002.png: 6.409 ms
/ultralytics/zoo/dataset/CIFAR100/truck/data_batch_1_00014.png: 7.856 ms
/ultralytics/zoo/dataset/CIFAR100/truck/data_batch_1_00015.png: 6.898 ms
/ultralytics/zoo/dataset/CIFAR100/truck/data_batch_1_00016.png: 6.331 ms
/ultralytics/zoo/dataset/CIFAR100/truck/data_batch_1_00031.png: 8.624 ms
/ultralytics/zoo/dataset/CIFAR100/truck/data_batch_1_00050.png: 6.851 ms
/ultralytics/zoo/dataset/CIFAR100/truck/data_batch_1_00053.png: 6.042 ms
/ultralytics/zoo/dataset/CIFAR100/truck/data_batch_1_00067.png: 7.993 ms
/ultralytics/zoo/dataset/CIFAR100/truck/data_batch_1_00071.png: 6.333 ms
avg: 7.203 ms

[yolo11n-obb] dataset=/ultralytics/zoo/dataset/DOTA100/images count=100 imgsz=640
Using CUDA runtime cudaDeviceSynchronize() for accurate TensorRT synchronization
/ultralytics/zoo/dataset/DOTA100/images/train/000000000025.jpg: 35.397 ms
/ultralytics/zoo/dataset/DOTA100/images/train/000000000034.jpg: 33.501 ms
/ultralytics/zoo/dataset/DOTA100/images/train/000000000036.jpg: 24.868 ms
/ultralytics/zoo/dataset/DOTA100/images/train/000000000042.jpg: 35.154 ms
/ultralytics/zoo/dataset/DOTA100/images/train/000000000064.jpg: 36.152 ms
/ultralytics/zoo/dataset/DOTA100/images/train/000000000071.jpg: 36.481 ms
/ultralytics/zoo/dataset/DOTA100/images/train/000000000073.jpg: 34.076 ms
/ultralytics/zoo/dataset/DOTA100/images/train/000000000074.jpg: 34.601 ms
/ultralytics/zoo/dataset/DOTA100/images/train/000000000078.jpg: 55.850 ms
/ultralytics/zoo/dataset/DOTA100/images/train/000000000089.jpg: 28.470 ms
/ultralytics/zoo/dataset/DOTA100/images/train/000000000094.jpg: 31.580 ms
/ultralytics/zoo/dataset/DOTA100/images/train/000000000110.jpg: 32.923 ms
/ultralytics/zoo/dataset/DOTA100/images/train/000000000136.jpg: 37.043 ms
/ultralytics/zoo/dataset/DOTA100/images/train/000000000138.jpg: 36.928 ms
/ultralytics/zoo/dataset/DOTA100/images/train/000000000142.jpg: 36.332 ms
/ultralytics/zoo/dataset/DOTA100/images/train/000000000143.jpg: 40.815 ms
/ultralytics/zoo/dataset/DOTA100/images/train/000000000151.jpg: 29.484 ms
/ultralytics/zoo/dataset/DOTA100/images/train/000000000154.jpg: 33.277 ms
/ultralytics/zoo/dataset/DOTA100/images/train/000000000164.jpg: 26.115 ms
/ultralytics/zoo/dataset/DOTA100/images/train/000000000196.jpg: 37.993 ms
/ultralytics/zoo/dataset/DOTA100/images/train/000000000208.jpg: 24.030 ms
/ultralytics/zoo/dataset/DOTA100/images/train/000000000241.jpg: 27.846 ms
/ultralytics/zoo/dataset/DOTA100/images/train/000000000247.jpg: 21.953 ms
/ultralytics/zoo/dataset/DOTA100/images/train/000000000260.jpg: 29.553 ms
/ultralytics/zoo/dataset/DOTA100/images/train/000000000294.jpg: 28.136 ms
/ultralytics/zoo/dataset/DOTA100/images/train/000000000308.jpg: 20.764 ms
/ultralytics/zoo/dataset/DOTA100/images/train/000000000309.jpg: 27.791 ms
/ultralytics/zoo/dataset/DOTA100/images/train/000000000312.jpg: 17.163 ms
/ultralytics/zoo/dataset/DOTA100/images/train/000000000321.jpg: 20.104 ms
/ultralytics/zoo/dataset/DOTA100/images/train/000000000322.jpg: 25.077 ms
/ultralytics/zoo/dataset/DOTA100/images/train/000000000326.jpg: 20.070 ms
/ultralytics/zoo/dataset/DOTA100/images/train/000000000328.jpg: 25.202 ms
/ultralytics/zoo/dataset/DOTA100/images/train/000000000338.jpg: 16.873 ms
/ultralytics/zoo/dataset/DOTA100/images/train/000000000357.jpg: 15.821 ms
/ultralytics/zoo/dataset/DOTA100/images/train/000000000360.jpg: 23.916 ms
/ultralytics/zoo/dataset/DOTA100/images/train/000000000368.jpg: 18.943 ms
/ultralytics/zoo/dataset/DOTA100/images/train/000000000382.jpg: 19.698 ms
/ultralytics/zoo/dataset/DOTA100/images/train/000000000387.jpg: 25.735 ms
/ultralytics/zoo/dataset/DOTA100/images/train/000000000389.jpg: 30.631 ms
/ultralytics/zoo/dataset/DOTA100/images/train/000000000395.jpg: 20.712 ms
/ultralytics/zoo/dataset/DOTA100/images/train/000000000400.jpg: 25.048 ms
/ultralytics/zoo/dataset/DOTA100/images/train/000000000404.jpg: 21.298 ms
/ultralytics/zoo/dataset/DOTA100/images/train/000000000415.jpg: 34.582 ms
/ultralytics/zoo/dataset/DOTA100/images/train/000000000419.jpg: 22.076 ms
/ultralytics/zoo/dataset/DOTA100/images/train/000000000431.jpg: 18.686 ms
/ultralytics/zoo/dataset/DOTA100/images/train/000000000436.jpg: 22.105 ms
/ultralytics/zoo/dataset/DOTA100/images/train/000000000438.jpg: 32.998 ms
/ultralytics/zoo/dataset/DOTA100/images/train/000000000443.jpg: 20.984 ms
/ultralytics/zoo/dataset/DOTA100/images/train/000000000450.jpg: 21.081 ms
/ultralytics/zoo/dataset/DOTA100/images/train/000000000459.jpg: 30.898 ms
/ultralytics/zoo/dataset/DOTA100/images/train/000000000471.jpg: 19.697 ms
/ultralytics/zoo/dataset/DOTA100/images/train/000000000472.jpg: 18.664 ms
/ultralytics/zoo/dataset/DOTA100/images/train/000000000488.jpg: 21.148 ms
/ultralytics/zoo/dataset/DOTA100/images/train/000000000491.jpg: 38.654 ms
/ultralytics/zoo/dataset/DOTA100/images/train/000000000502.jpg: 23.206 ms
/ultralytics/zoo/dataset/DOTA100/images/train/000000000508.jpg: 20.508 ms
/ultralytics/zoo/dataset/DOTA100/images/train/000000000520.jpg: 33.117 ms
/ultralytics/zoo/dataset/DOTA100/images/train/000000000529.jpg: 21.139 ms
/ultralytics/zoo/dataset/DOTA100/images/train/000000000531.jpg: 22.637 ms
/ultralytics/zoo/dataset/DOTA100/images/train/000000000540.jpg: 26.516 ms
/ultralytics/zoo/dataset/DOTA100/images/train/000000000544.jpg: 26.504 ms
/ultralytics/zoo/dataset/DOTA100/images/train/000000000560.jpg: 31.311 ms
/ultralytics/zoo/dataset/DOTA100/images/train/000000000562.jpg: 19.600 ms
/ultralytics/zoo/dataset/DOTA100/images/train/000000000564.jpg: 29.891 ms
/ultralytics/zoo/dataset/DOTA100/images/train/000000000572.jpg: 26.383 ms
/ultralytics/zoo/dataset/DOTA100/images/train/000000000575.jpg: 20.447 ms
/ultralytics/zoo/dataset/DOTA100/images/train/000000000581.jpg: 23.278 ms
/ultralytics/zoo/dataset/DOTA100/images/train/000000000584.jpg: 19.149 ms
/ultralytics/zoo/dataset/DOTA100/images/train/000000000590.jpg: 19.445 ms
/ultralytics/zoo/dataset/DOTA100/images/train/000000000595.jpg: 24.261 ms
/ultralytics/zoo/dataset/DOTA100/images/train/000000000597.jpg: 16.116 ms
/ultralytics/zoo/dataset/DOTA100/images/train/000000000599.jpg: 26.540 ms
/ultralytics/zoo/dataset/DOTA100/images/train/000000000620.jpg: 17.368 ms
/ultralytics/zoo/dataset/DOTA100/images/train/000000000625.jpg: 26.576 ms
/ultralytics/zoo/dataset/DOTA100/images/train/000000000626.jpg: 22.351 ms
/ultralytics/zoo/dataset/DOTA100/images/train/000000000629.jpg: 22.462 ms
/ultralytics/zoo/dataset/DOTA100/images/train/000000000636.jpg: 21.680 ms
/ultralytics/zoo/dataset/DOTA100/images/train/000000000641.jpg: 18.748 ms
/ultralytics/zoo/dataset/DOTA100/images/train/000000000643.jpg: 27.235 ms
/ultralytics/zoo/dataset/DOTA100/images/train/000000000650.jpg: 14.973 ms
/ultralytics/zoo/dataset/DOTA100/images/val/000000000009.jpg: 15.361 ms
/ultralytics/zoo/dataset/DOTA100/images/val/000000000049.jpg: 17.789 ms
/ultralytics/zoo/dataset/DOTA100/images/val/000000000077.jpg: 22.350 ms
/ultralytics/zoo/dataset/DOTA100/images/val/000000000133.jpg: 19.325 ms
/ultralytics/zoo/dataset/DOTA100/images/val/000000000144.jpg: 22.302 ms
/ultralytics/zoo/dataset/DOTA100/images/val/000000000201.jpg: 27.894 ms
/ultralytics/zoo/dataset/DOTA100/images/val/000000000263.jpg: 16.388 ms
/ultralytics/zoo/dataset/DOTA100/images/val/000000000315.jpg: 15.309 ms
/ultralytics/zoo/dataset/DOTA100/images/val/000000000332.jpg: 15.417 ms
/ultralytics/zoo/dataset/DOTA100/images/val/000000000370.jpg: 21.695 ms
/ultralytics/zoo/dataset/DOTA100/images/val/000000000397.jpg: 22.762 ms
/ultralytics/zoo/dataset/DOTA100/images/val/000000000428.jpg: 17.331 ms
/ultralytics/zoo/dataset/DOTA100/images/val/000000000446.jpg: 16.079 ms
/ultralytics/zoo/dataset/DOTA100/images/val/000000000474.jpg: 23.422 ms
/ultralytics/zoo/dataset/DOTA100/images/val/000000000510.jpg: 25.712 ms
/ultralytics/zoo/dataset/DOTA100/images/val/000000000542.jpg: 16.719 ms
/ultralytics/zoo/dataset/DOTA100/images/val/000000000569.jpg: 19.077 ms
/ultralytics/zoo/dataset/DOTA100/images/val/000000000589.jpg: 16.158 ms
/ultralytics/zoo/dataset/DOTA100/images/val/000000000612.jpg: 23.816 ms
/ultralytics/zoo/dataset/DOTA100/images/val/000000000634.jpg: 21.655 ms
avg: 25.030 ms

[yolo11n-seg] dataset=/ultralytics/zoo/dataset/coco128/images/train2017 count=100 imgsz=640
Using CUDA runtime cudaDeviceSynchronize() for accurate TensorRT synchronization
/ultralytics/zoo/dataset/coco128/images/train2017/000000000009.jpg: 70.450 ms
/ultralytics/zoo/dataset/coco128/images/train2017/000000000025.jpg: 34.062 ms
/ultralytics/zoo/dataset/coco128/images/train2017/000000000030.jpg: 51.506 ms
/ultralytics/zoo/dataset/coco128/images/train2017/000000000034.jpg: 29.281 ms
/ultralytics/zoo/dataset/coco128/images/train2017/000000000036.jpg: 41.181 ms
/ultralytics/zoo/dataset/coco128/images/train2017/000000000042.jpg: 34.979 ms
/ultralytics/zoo/dataset/coco128/images/train2017/000000000049.jpg: 122.031 ms
/ultralytics/zoo/dataset/coco128/images/train2017/000000000061.jpg: 37.042 ms
/ultralytics/zoo/dataset/coco128/images/train2017/000000000064.jpg: 63.093 ms
/ultralytics/zoo/dataset/coco128/images/train2017/000000000071.jpg: 59.063 ms
/ultralytics/zoo/dataset/coco128/images/train2017/000000000072.jpg: 55.841 ms
/ultralytics/zoo/dataset/coco128/images/train2017/000000000073.jpg: 52.802 ms
/ultralytics/zoo/dataset/coco128/images/train2017/000000000074.jpg: 89.618 ms
/ultralytics/zoo/dataset/coco128/images/train2017/000000000077.jpg: 70.656 ms
/ultralytics/zoo/dataset/coco128/images/train2017/000000000078.jpg: 42.699 ms
/ultralytics/zoo/dataset/coco128/images/train2017/000000000081.jpg: 46.884 ms
/ultralytics/zoo/dataset/coco128/images/train2017/000000000086.jpg: 41.535 ms
/ultralytics/zoo/dataset/coco128/images/train2017/000000000089.jpg: 97.207 ms
/ultralytics/zoo/dataset/coco128/images/train2017/000000000092.jpg: 70.138 ms
/ultralytics/zoo/dataset/coco128/images/train2017/000000000094.jpg: 47.271 ms
/ultralytics/zoo/dataset/coco128/images/train2017/000000000109.jpg: 120.249 ms
/ultralytics/zoo/dataset/coco128/images/train2017/000000000110.jpg: 221.998 ms
/ultralytics/zoo/dataset/coco128/images/train2017/000000000113.jpg: 161.502 ms
/ultralytics/zoo/dataset/coco128/images/train2017/000000000127.jpg: 97.990 ms
/ultralytics/zoo/dataset/coco128/images/train2017/000000000133.jpg: 36.056 ms
/ultralytics/zoo/dataset/coco128/images/train2017/000000000136.jpg: 78.804 ms
/ultralytics/zoo/dataset/coco128/images/train2017/000000000138.jpg: 97.578 ms
/ultralytics/zoo/dataset/coco128/images/train2017/000000000142.jpg: 58.915 ms
/ultralytics/zoo/dataset/coco128/images/train2017/000000000143.jpg: 59.013 ms
/ultralytics/zoo/dataset/coco128/images/train2017/000000000144.jpg: 58.078 ms
/ultralytics/zoo/dataset/coco128/images/train2017/000000000149.jpg: 80.932 ms
/ultralytics/zoo/dataset/coco128/images/train2017/000000000151.jpg: 41.413 ms
/ultralytics/zoo/dataset/coco128/images/train2017/000000000154.jpg: 43.428 ms
/ultralytics/zoo/dataset/coco128/images/train2017/000000000164.jpg: 54.991 ms
/ultralytics/zoo/dataset/coco128/images/train2017/000000000165.jpg: 49.190 ms
/ultralytics/zoo/dataset/coco128/images/train2017/000000000192.jpg: 53.861 ms
/ultralytics/zoo/dataset/coco128/images/train2017/000000000194.jpg: 48.614 ms
/ultralytics/zoo/dataset/coco128/images/train2017/000000000196.jpg: 179.149 ms
/ultralytics/zoo/dataset/coco128/images/train2017/000000000201.jpg: 62.223 ms
/ultralytics/zoo/dataset/coco128/images/train2017/000000000208.jpg: 53.371 ms
/ultralytics/zoo/dataset/coco128/images/train2017/000000000241.jpg: 77.221 ms
/ultralytics/zoo/dataset/coco128/images/train2017/000000000247.jpg: 47.515 ms
/ultralytics/zoo/dataset/coco128/images/train2017/000000000250.jpg: 25.797 ms
/ultralytics/zoo/dataset/coco128/images/train2017/000000000257.jpg: 117.014 ms
/ultralytics/zoo/dataset/coco128/images/train2017/000000000260.jpg: 42.952 ms
/ultralytics/zoo/dataset/coco128/images/train2017/000000000263.jpg: 33.694 ms
/ultralytics/zoo/dataset/coco128/images/train2017/000000000283.jpg: 46.371 ms
/ultralytics/zoo/dataset/coco128/images/train2017/000000000294.jpg: 40.338 ms
/ultralytics/zoo/dataset/coco128/images/train2017/000000000307.jpg: 30.214 ms
/ultralytics/zoo/dataset/coco128/images/train2017/000000000308.jpg: 62.325 ms
/ultralytics/zoo/dataset/coco128/images/train2017/000000000309.jpg: 36.890 ms
/ultralytics/zoo/dataset/coco128/images/train2017/000000000312.jpg: 40.883 ms
/ultralytics/zoo/dataset/coco128/images/train2017/000000000315.jpg: 78.932 ms
/ultralytics/zoo/dataset/coco128/images/train2017/000000000321.jpg: 36.862 ms
/ultralytics/zoo/dataset/coco128/images/train2017/000000000322.jpg: 35.639 ms
/ultralytics/zoo/dataset/coco128/images/train2017/000000000326.jpg: 29.638 ms
/ultralytics/zoo/dataset/coco128/images/train2017/000000000328.jpg: 36.681 ms
/ultralytics/zoo/dataset/coco128/images/train2017/000000000332.jpg: 52.791 ms
/ultralytics/zoo/dataset/coco128/images/train2017/000000000338.jpg: 32.263 ms
/ultralytics/zoo/dataset/coco128/images/train2017/000000000349.jpg: 21.629 ms
/ultralytics/zoo/dataset/coco128/images/train2017/000000000357.jpg: 27.801 ms
/ultralytics/zoo/dataset/coco128/images/train2017/000000000359.jpg: 24.533 ms
/ultralytics/zoo/dataset/coco128/images/train2017/000000000360.jpg: 20.925 ms
/ultralytics/zoo/dataset/coco128/images/train2017/000000000368.jpg: 32.425 ms
/ultralytics/zoo/dataset/coco128/images/train2017/000000000370.jpg: 20.123 ms
/ultralytics/zoo/dataset/coco128/images/train2017/000000000382.jpg: 21.329 ms
/ultralytics/zoo/dataset/coco128/images/train2017/000000000384.jpg: 26.115 ms
/ultralytics/zoo/dataset/coco128/images/train2017/000000000387.jpg: 19.389 ms
/ultralytics/zoo/dataset/coco128/images/train2017/000000000389.jpg: 30.514 ms
/ultralytics/zoo/dataset/coco128/images/train2017/000000000394.jpg: 21.109 ms
/ultralytics/zoo/dataset/coco128/images/train2017/000000000395.jpg: 28.572 ms
/ultralytics/zoo/dataset/coco128/images/train2017/000000000397.jpg: 20.467 ms
/ultralytics/zoo/dataset/coco128/images/train2017/000000000400.jpg: 21.506 ms
/ultralytics/zoo/dataset/coco128/images/train2017/000000000404.jpg: 19.401 ms
/ultralytics/zoo/dataset/coco128/images/train2017/000000000415.jpg: 20.508 ms
/ultralytics/zoo/dataset/coco128/images/train2017/000000000419.jpg: 21.378 ms
/ultralytics/zoo/dataset/coco128/images/train2017/000000000428.jpg: 20.524 ms
/ultralytics/zoo/dataset/coco128/images/train2017/000000000431.jpg: 21.198 ms
/ultralytics/zoo/dataset/coco128/images/train2017/000000000436.jpg: 21.930 ms
/ultralytics/zoo/dataset/coco128/images/train2017/000000000438.jpg: 47.353 ms
/ultralytics/zoo/dataset/coco128/images/train2017/000000000443.jpg: 27.782 ms
/ultralytics/zoo/dataset/coco128/images/train2017/000000000446.jpg: 21.377 ms
/ultralytics/zoo/dataset/coco128/images/train2017/000000000450.jpg: 28.513 ms
/ultralytics/zoo/dataset/coco128/images/train2017/000000000459.jpg: 21.025 ms
/ultralytics/zoo/dataset/coco128/images/train2017/000000000471.jpg: 19.559 ms
/ultralytics/zoo/dataset/coco128/images/train2017/000000000472.jpg: 18.620 ms
/ultralytics/zoo/dataset/coco128/images/train2017/000000000474.jpg: 23.814 ms
/ultralytics/zoo/dataset/coco128/images/train2017/000000000486.jpg: 21.909 ms
/ultralytics/zoo/dataset/coco128/images/train2017/000000000488.jpg: 27.701 ms
/ultralytics/zoo/dataset/coco128/images/train2017/000000000490.jpg: 25.163 ms
/ultralytics/zoo/dataset/coco128/images/train2017/000000000491.jpg: 26.914 ms
/ultralytics/zoo/dataset/coco128/images/train2017/000000000502.jpg: 20.858 ms
/ultralytics/zoo/dataset/coco128/images/train2017/000000000508.jpg: 16.102 ms
/ultralytics/zoo/dataset/coco128/images/train2017/000000000510.jpg: 22.076 ms
/ultralytics/zoo/dataset/coco128/images/train2017/000000000514.jpg: 18.722 ms
/ultralytics/zoo/dataset/coco128/images/train2017/000000000520.jpg: 26.758 ms
/ultralytics/zoo/dataset/coco128/images/train2017/000000000529.jpg: 21.224 ms
/ultralytics/zoo/dataset/coco128/images/train2017/000000000531.jpg: 33.606 ms
/ultralytics/zoo/dataset/coco128/images/train2017/000000000532.jpg: 30.333 ms
/ultralytics/zoo/dataset/coco128/images/train2017/000000000536.jpg: 28.978 ms
avg: 47.085 ms

