[yolo11n-obb] dataset=/ultralytics/zoo/dataset/DOTA100/images count=100 imgsz=640
Using CUDA runtime cudaDeviceSynchronize() for accurate TensorRT synchronization
/ultralytics/zoo/dataset/DOTA100/images/train/000000000025.jpg: 35.397 ms
/ultralytics/zoo/dataset/DOTA100/images/train/000000000034.jpg: 33.501 ms
/ultralytics/zoo/dataset/DOTA100/images/train/000000000036.jpg: 24.868 ms
/ultralytics/zoo/dataset/DOTA100/images/train/000000000042.jpg: 35.154 ms
/ultralytics/zoo/dataset/DOTA100/images/train/000000000064.jpg: 36.152 ms
/ultralytics/zoo/dataset/DOTA100/images/train/000000000071.jpg: 36.481 ms
/ultralytics/zoo/dataset/DOTA100/images/train/000000000073.jpg: 34.076 ms
/ultralytics/zoo/dataset/DOTA100/images/train/000000000074.jpg: 34.601 ms
/ultralytics/zoo/dataset/DOTA100/images/train/000000000078.jpg: 55.850 ms
/ultralytics/zoo/dataset/DOTA100/images/train/000000000089.jpg: 28.470 ms
/ultralytics/zoo/dataset/DOTA100/images/train/000000000094.jpg: 31.580 ms
/ultralytics/zoo/dataset/DOTA100/images/train/000000000110.jpg: 32.923 ms
/ultralytics/zoo/dataset/DOTA100/images/train/000000000136.jpg: 37.043 ms
/ultralytics/zoo/dataset/DOTA100/images/train/000000000138.jpg: 36.928 ms
/ultralytics/zoo/dataset/DOTA100/images/train/000000000142.jpg: 36.332 ms
/ultralytics/zoo/dataset/DOTA100/images/train/000000000143.jpg: 40.815 ms
/ultralytics/zoo/dataset/DOTA100/images/train/000000000151.jpg: 29.484 ms
/ultralytics/zoo/dataset/DOTA100/images/train/000000000154.jpg: 33.277 ms
/ultralytics/zoo/dataset/DOTA100/images/train/000000000164.jpg: 26.115 ms
/ultralytics/zoo/dataset/DOTA100/images/train/000000000196.jpg: 37.993 ms
/ultralytics/zoo/dataset/DOTA100/images/train/000000000208.jpg: 24.030 ms
/ultralytics/zoo/dataset/DOTA100/images/train/000000000241.jpg: 27.846 ms
/ultralytics/zoo/dataset/DOTA100/images/train/000000000247.jpg: 21.953 ms
/ultralytics/zoo/dataset/DOTA100/images/train/000000000260.jpg: 29.553 ms
/ultralytics/zoo/dataset/DOTA100/images/train/000000000294.jpg: 28.136 ms
/ultralytics/zoo/dataset/DOTA100/images/train/000000000308.jpg: 20.764 ms
/ultralytics/zoo/dataset/DOTA100/images/train/000000000309.jpg: 27.791 ms
/ultralytics/zoo/dataset/DOTA100/images/train/000000000312.jpg: 17.163 ms
/ultralytics/zoo/dataset/DOTA100/images/train/000000000321.jpg: 20.104 ms
/ultralytics/zoo/dataset/DOTA100/images/train/000000000322.jpg: 25.077 ms
/ultralytics/zoo/dataset/DOTA100/images/train/000000000326.jpg: 20.070 ms
/ultralytics/zoo/dataset/DOTA100/images/train/000000000328.jpg: 25.202 ms
/ultralytics/zoo/dataset/DOTA100/images/train/000000000338.jpg: 16.873 ms
/ultralytics/zoo/dataset/DOTA100/images/train/000000000357.jpg: 15.821 ms
/ultralytics/zoo/dataset/DOTA100/images/train/000000000360.jpg: 23.916 ms
/ultralytics/zoo/dataset/DOTA100/images/train/000000000368.jpg: 18.943 ms
/ultralytics/zoo/dataset/DOTA100/images/train/000000000382.jpg: 19.698 ms
/ultralytics/zoo/dataset/DOTA100/images/train/000000000387.jpg: 25.735 ms
/ultralytics/zoo/dataset/DOTA100/images/train/000000000389.jpg: 30.631 ms
/ultralytics/zoo/dataset/DOTA100/images/train/000000000395.jpg: 20.712 ms
/ultralytics/zoo/dataset/DOTA100/images/train/000000000400.jpg: 25.048 ms
/ultralytics/zoo/dataset/DOTA100/images/train/000000000404.jpg: 21.298 ms
/ultralytics/zoo/dataset/DOTA100/images/train/000000000415.jpg: 34.582 ms
/ultralytics/zoo/dataset/DOTA100/images/train/000000000419.jpg: 22.076 ms
/ultralytics/zoo/dataset/DOTA100/images/train/000000000431.jpg: 18.686 ms
/ultralytics/zoo/dataset/DOTA100/images/train/000000000436.jpg: 22.105 ms
/ultralytics/zoo/dataset/DOTA100/images/train/000000000438.jpg: 32.998 ms
/ultralytics/zoo/dataset/DOTA100/images/train/000000000443.jpg: 20.984 ms
/ultralytics/zoo/dataset/DOTA100/images/train/000000000450.jpg: 21.081 ms
/ultralytics/zoo/dataset/DOTA100/images/train/000000000459.jpg: 30.898 ms
/ultralytics/zoo/dataset/DOTA100/images/train/000000000471.jpg: 19.697 ms
/ultralytics/zoo/dataset/DOTA100/images/train/000000000472.jpg: 18.664 ms
/ultralytics/zoo/dataset/DOTA100/images/train/000000000488.jpg: 21.148 ms
/ultralytics/zoo/dataset/DOTA100/images/train/000000000491.jpg: 38.654 ms
/ultralytics/zoo/dataset/DOTA100/images/train/000000000502.jpg: 23.206 ms
/ultralytics/zoo/dataset/DOTA100/images/train/000000000508.jpg: 20.508 ms
/ultralytics/zoo/dataset/DOTA100/images/train/000000000520.jpg: 33.117 ms
/ultralytics/zoo/dataset/DOTA100/images/train/000000000529.jpg: 21.139 ms
/ultralytics/zoo/dataset/DOTA100/images/train/000000000531.jpg: 22.637 ms
/ultralytics/zoo/dataset/DOTA100/images/train/000000000540.jpg: 26.516 ms
/ultralytics/zoo/dataset/DOTA100/images/train/000000000544.jpg: 26.504 ms
/ultralytics/zoo/dataset/DOTA100/images/train/000000000560.jpg: 31.311 ms
/ultralytics/zoo/dataset/DOTA100/images/train/000000000562.jpg: 19.600 ms
/ultralytics/zoo/dataset/DOTA100/images/train/000000000564.jpg: 29.891 ms
/ultralytics/zoo/dataset/DOTA100/images/train/000000000572.jpg: 26.383 ms
/ultralytics/zoo/dataset/DOTA100/images/train/000000000575.jpg: 20.447 ms
/ultralytics/zoo/dataset/DOTA100/images/train/000000000581.jpg: 23.278 ms
/ultralytics/zoo/dataset/DOTA100/images/train/000000000584.jpg: 19.149 ms
/ultralytics/zoo/dataset/DOTA100/images/train/000000000590.jpg: 19.445 ms
/ultralytics/zoo/dataset/DOTA100/images/train/000000000595.jpg: 24.261 ms
/ultralytics/zoo/dataset/DOTA100/images/train/000000000597.jpg: 16.116 ms
/ultralytics/zoo/dataset/DOTA100/images/train/000000000599.jpg: 26.540 ms
/ultralytics/zoo/dataset/DOTA100/images/train/000000000620.jpg: 17.368 ms
/ultralytics/zoo/dataset/DOTA100/images/train/000000000625.jpg: 26.576 ms
/ultralytics/zoo/dataset/DOTA100/images/train/000000000626.jpg: 22.351 ms
/ultralytics/zoo/dataset/DOTA100/images/train/000000000629.jpg: 22.462 ms
/ultralytics/zoo/dataset/DOTA100/images/train/000000000636.jpg: 21.680 ms
/ultralytics/zoo/dataset/DOTA100/images/train/000000000641.jpg: 18.748 ms
/ultralytics/zoo/dataset/DOTA100/images/train/000000000643.jpg: 27.235 ms
/ultralytics/zoo/dataset/DOTA100/images/train/000000000650.jpg: 14.973 ms
/ultralytics/zoo/dataset/DOTA100/images/val/000000000009.jpg: 15.361 ms
/ultralytics/zoo/dataset/DOTA100/images/val/000000000049.jpg: 17.789 ms
/ultralytics/zoo/dataset/DOTA100/images/val/000000000077.jpg: 22.350 ms
/ultralytics/zoo/dataset/DOTA100/images/val/000000000133.jpg: 19.325 ms
/ultralytics/zoo/dataset/DOTA100/images/val/000000000144.jpg: 22.302 ms
/ultralytics/zoo/dataset/DOTA100/images/val/000000000201.jpg: 27.894 ms
/ultralytics/zoo/dataset/DOTA100/images/val/000000000263.jpg: 16.388 ms
/ultralytics/zoo/dataset/DOTA100/images/val/000000000315.jpg: 15.309 ms
/ultralytics/zoo/dataset/DOTA100/images/val/000000000332.jpg: 15.417 ms
/ultralytics/zoo/dataset/DOTA100/images/val/000000000370.jpg: 21.695 ms
/ultralytics/zoo/dataset/DOTA100/images/val/000000000397.jpg: 22.762 ms
/ultralytics/zoo/dataset/DOTA100/images/val/000000000428.jpg: 17.331 ms
/ultralytics/zoo/dataset/DOTA100/images/val/000000000446.jpg: 16.079 ms
/ultralytics/zoo/dataset/DOTA100/images/val/000000000474.jpg: 23.422 ms
/ultralytics/zoo/dataset/DOTA100/images/val/000000000510.jpg: 25.712 ms
/ultralytics/zoo/dataset/DOTA100/images/val/000000000542.jpg: 16.719 ms
/ultralytics/zoo/dataset/DOTA100/images/val/000000000569.jpg: 19.077 ms
/ultralytics/zoo/dataset/DOTA100/images/val/000000000589.jpg: 16.158 ms
/ultralytics/zoo/dataset/DOTA100/images/val/000000000612.jpg: 23.816 ms
/ultralytics/zoo/dataset/DOTA100/images/val/000000000634.jpg: 21.655 ms
avg: 25.030 ms
