[yolo11n-cls] dataset=/ultralytics/zoo/dataset/CIFAR100 count=100 imgsz=224
Using CUDA runtime cudaDeviceSynchronize() for accurate TensorRT synchronization
/ultralytics/zoo/dataset/CIFAR100/airplane/data_batch_1_00029.png: 8.230 ms
/ultralytics/zoo/dataset/CIFAR100/airplane/data_batch_1_00030.png: 6.817 ms
/ultralytics/zoo/dataset/CIFAR100/airplane/data_batch_1_00035.png: 6.742 ms
/ultralytics/zoo/dataset/CIFAR100/airplane/data_batch_1_00049.png: 9.538 ms
/ultralytics/zoo/dataset/CIFAR100/airplane/data_batch_1_00077.png: 6.724 ms
/ultralytics/zoo/dataset/CIFAR100/airplane/data_batch_1_00093.png: 7.587 ms
/ultralytics/zoo/dataset/CIFAR100/airplane/data_batch_1_00115.png: 6.863 ms
/ultralytics/zoo/dataset/CIFAR100/airplane/data_batch_1_00116.png: 7.007 ms
/ultralytics/zoo/dataset/CIFAR100/airplane/data_batch_1_00129.png: 6.821 ms
/ultralytics/zoo/dataset/CIFAR100/airplane/data_batch_1_00165.png: 7.779 ms
/ultralytics/zoo/dataset/CIFAR100/automobile/data_batch_1_00004.png: 6.588 ms
/ultralytics/zoo/dataset/CIFAR100/automobile/data_batch_1_00005.png: 6.514 ms
/ultralytics/zoo/dataset/CIFAR100/automobile/data_batch_1_00032.png: 7.295 ms
/ultralytics/zoo/dataset/CIFAR100/automobile/data_batch_1_00044.png: 7.596 ms
/ultralytics/zoo/dataset/CIFAR100/automobile/data_batch_1_00045.png: 7.378 ms
/ultralytics/zoo/dataset/CIFAR100/automobile/data_batch_1_00046.png: 6.633 ms
/ultralytics/zoo/dataset/CIFAR100/automobile/data_batch_1_00060.png: 6.652 ms
/ultralytics/zoo/dataset/CIFAR100/automobile/data_batch_1_00061.png: 8.011 ms
/ultralytics/zoo/dataset/CIFAR100/automobile/data_batch_1_00064.png: 6.554 ms
/ultralytics/zoo/dataset/CIFAR100/automobile/data_batch_1_00065.png: 7.014 ms
/ultralytics/zoo/dataset/CIFAR100/bird/data_batch_1_00006.png: 7.999 ms
/ultralytics/zoo/dataset/CIFAR100/bird/data_batch_1_00013.png: 7.183 ms
/ultralytics/zoo/dataset/CIFAR100/bird/data_batch_1_00018.png: 7.897 ms
/ultralytics/zoo/dataset/CIFAR100/bird/data_batch_1_00024.png: 7.180 ms
/ultralytics/zoo/dataset/CIFAR100/bird/data_batch_1_00041.png: 6.609 ms
/ultralytics/zoo/dataset/CIFAR100/bird/data_batch_1_00042.png: 7.189 ms
/ultralytics/zoo/dataset/CIFAR100/bird/data_batch_1_00047.png: 7.245 ms
/ultralytics/zoo/dataset/CIFAR100/bird/data_batch_1_00048.png: 7.864 ms
/ultralytics/zoo/dataset/CIFAR100/bird/data_batch_1_00054.png: 7.240 ms
/ultralytics/zoo/dataset/CIFAR100/bird/data_batch_1_00055.png: 6.568 ms
/ultralytics/zoo/dataset/CIFAR100/cat/data_batch_1_00009.png: 7.952 ms
/ultralytics/zoo/dataset/CIFAR100/cat/data_batch_1_00017.png: 6.267 ms
/ultralytics/zoo/dataset/CIFAR100/cat/data_batch_1_00021.png: 6.725 ms
/ultralytics/zoo/dataset/CIFAR100/cat/data_batch_1_00026.png: 7.691 ms
/ultralytics/zoo/dataset/CIFAR100/cat/data_batch_1_00033.png: 6.401 ms
/ultralytics/zoo/dataset/CIFAR100/cat/data_batch_1_00036.png: 7.084 ms
/ultralytics/zoo/dataset/CIFAR100/cat/data_batch_1_00038.png: 7.940 ms
/ultralytics/zoo/dataset/CIFAR100/cat/data_batch_1_00039.png: 6.676 ms
/ultralytics/zoo/dataset/CIFAR100/cat/data_batch_1_00059.png: 7.107 ms
/ultralytics/zoo/dataset/CIFAR100/cat/data_batch_1_00074.png: 6.534 ms
/ultralytics/zoo/dataset/CIFAR100/deer/data_batch_1_00003.png: 8.524 ms
/ultralytics/zoo/dataset/CIFAR100/deer/data_batch_1_00010.png: 7.155 ms
/ultralytics/zoo/dataset/CIFAR100/deer/data_batch_1_00020.png: 8.158 ms
/ultralytics/zoo/dataset/CIFAR100/deer/data_batch_1_00028.png: 6.804 ms
/ultralytics/zoo/dataset/CIFAR100/deer/data_batch_1_00034.png: 7.183 ms
/ultralytics/zoo/dataset/CIFAR100/deer/data_batch_1_00058.png: 6.700 ms
/ultralytics/zoo/dataset/CIFAR100/deer/data_batch_1_00066.png: 6.854 ms
/ultralytics/zoo/dataset/CIFAR100/deer/data_batch_1_00082.png: 6.352 ms
/ultralytics/zoo/dataset/CIFAR100/deer/data_batch_1_00086.png: 6.528 ms
/ultralytics/zoo/dataset/CIFAR100/deer/data_batch_1_00089.png: 9.821 ms
/ultralytics/zoo/dataset/CIFAR100/dog/data_batch_1_00027.png: 6.679 ms
/ultralytics/zoo/dataset/CIFAR100/dog/data_batch_1_00040.png: 6.466 ms
/ultralytics/zoo/dataset/CIFAR100/dog/data_batch_1_00051.png: 8.579 ms
/ultralytics/zoo/dataset/CIFAR100/dog/data_batch_1_00056.png: 6.887 ms
/ultralytics/zoo/dataset/CIFAR100/dog/data_batch_1_00070.png: 7.163 ms
/ultralytics/zoo/dataset/CIFAR100/dog/data_batch_1_00081.png: 6.275 ms
/ultralytics/zoo/dataset/CIFAR100/dog/data_batch_1_00083.png: 6.262 ms
/ultralytics/zoo/dataset/CIFAR100/dog/data_batch_1_00107.png: 7.967 ms
/ultralytics/zoo/dataset/CIFAR100/dog/data_batch_1_00128.png: 7.667 ms
/ultralytics/zoo/dataset/CIFAR100/dog/data_batch_1_00148.png: 6.826 ms
/ultralytics/zoo/dataset/CIFAR100/frog/data_batch_1_00000.png: 9.253 ms
/ultralytics/zoo/dataset/CIFAR100/frog/data_batch_1_00019.png: 6.843 ms
/ultralytics/zoo/dataset/CIFAR100/frog/data_batch_1_00022.png: 6.486 ms
/ultralytics/zoo/dataset/CIFAR100/frog/data_batch_1_00023.png: 6.427 ms
/ultralytics/zoo/dataset/CIFAR100/frog/data_batch_1_00025.png: 7.185 ms
/ultralytics/zoo/dataset/CIFAR100/frog/data_batch_1_00072.png: 7.033 ms
/ultralytics/zoo/dataset/CIFAR100/frog/data_batch_1_00095.png: 6.666 ms
/ultralytics/zoo/dataset/CIFAR100/frog/data_batch_1_00103.png: 7.201 ms
/ultralytics/zoo/dataset/CIFAR100/frog/data_batch_1_00104.png: 7.144 ms
/ultralytics/zoo/dataset/CIFAR100/frog/data_batch_1_00117.png: 6.831 ms
/ultralytics/zoo/dataset/CIFAR100/horse/data_batch_1_00007.png: 6.367 ms
/ultralytics/zoo/dataset/CIFAR100/horse/data_batch_1_00011.png: 6.939 ms
/ultralytics/zoo/dataset/CIFAR100/horse/data_batch_1_00012.png: 6.512 ms
/ultralytics/zoo/dataset/CIFAR100/horse/data_batch_1_00037.png: 6.059 ms
/ultralytics/zoo/dataset/CIFAR100/horse/data_batch_1_00043.png: 7.118 ms
/ultralytics/zoo/dataset/CIFAR100/horse/data_batch_1_00052.png: 6.763 ms
/ultralytics/zoo/dataset/CIFAR100/horse/data_batch_1_00068.png: 6.589 ms
/ultralytics/zoo/dataset/CIFAR100/horse/data_batch_1_00073.png: 6.137 ms
/ultralytics/zoo/dataset/CIFAR100/horse/data_batch_1_00084.png: 6.651 ms
/ultralytics/zoo/dataset/CIFAR100/horse/data_batch_1_00085.png: 8.817 ms
/ultralytics/zoo/dataset/CIFAR100/ship/data_batch_1_00008.png: 7.097 ms
/ultralytics/zoo/dataset/CIFAR100/ship/data_batch_1_00062.png: 6.499 ms
/ultralytics/zoo/dataset/CIFAR100/ship/data_batch_1_00069.png: 7.980 ms
/ultralytics/zoo/dataset/CIFAR100/ship/data_batch_1_00092.png: 7.016 ms
/ultralytics/zoo/dataset/CIFAR100/ship/data_batch_1_00100.png: 6.466 ms
/ultralytics/zoo/dataset/CIFAR100/ship/data_batch_1_00106.png: 8.747 ms
/ultralytics/zoo/dataset/CIFAR100/ship/data_batch_1_00111.png: 7.023 ms
/ultralytics/zoo/dataset/CIFAR100/ship/data_batch_1_00135.png: 7.684 ms
/ultralytics/zoo/dataset/CIFAR100/ship/data_batch_1_00139.png: 6.695 ms
/ultralytics/zoo/dataset/CIFAR100/ship/data_batch_1_00155.png: 11.414 ms
/ultralytics/zoo/dataset/CIFAR100/truck/data_batch_1_00001.png: 8.786 ms
/ultralytics/zoo/dataset/CIFAR100/truck/data_batch_1_00002.png: 6.409 ms
/ultralytics/zoo/dataset/CIFAR100/truck/data_batch_1_00014.png: 7.856 ms
/ultralytics/zoo/dataset/CIFAR100/truck/data_batch_1_00015.png: 6.898 ms
/ultralytics/zoo/dataset/CIFAR100/truck/data_batch_1_00016.png: 6.331 ms
/ultralytics/zoo/dataset/CIFAR100/truck/data_batch_1_00031.png: 8.624 ms
/ultralytics/zoo/dataset/CIFAR100/truck/data_batch_1_00050.png: 6.851 ms
/ultralytics/zoo/dataset/CIFAR100/truck/data_batch_1_00053.png: 6.042 ms
/ultralytics/zoo/dataset/CIFAR100/truck/data_batch_1_00067.png: 7.993 ms
/ultralytics/zoo/dataset/CIFAR100/truck/data_batch_1_00071.png: 6.333 ms
avg: 7.203 ms
