[yolo11n-cls] dataset=/ultralytics/zoo/dataset/CIFAR100 count=100 imgsz=224
Using CUDA runtime cudaDeviceSynchronize() for accurate TensorRT synchronization
/ultralytics/zoo/dataset/CIFAR100/airplane/data_batch_1_00029.png: 8.089 ms
/ultralytics/zoo/dataset/CIFAR100/airplane/data_batch_1_00030.png: 7.346 ms
/ultralytics/zoo/dataset/CIFAR100/airplane/data_batch_1_00035.png: 7.468 ms
/ultralytics/zoo/dataset/CIFAR100/airplane/data_batch_1_00049.png: 7.064 ms
/ultralytics/zoo/dataset/CIFAR100/airplane/data_batch_1_00077.png: 7.075 ms
/ultralytics/zoo/dataset/CIFAR100/airplane/data_batch_1_00093.png: 8.015 ms
/ultralytics/zoo/dataset/CIFAR100/airplane/data_batch_1_00115.png: 7.341 ms
/ultralytics/zoo/dataset/CIFAR100/airplane/data_batch_1_00116.png: 6.968 ms
/ultralytics/zoo/dataset/CIFAR100/airplane/data_batch_1_00129.png: 6.997 ms
/ultralytics/zoo/dataset/CIFAR100/airplane/data_batch_1_00165.png: 7.259 ms
/ultralytics/zoo/dataset/CIFAR100/automobile/data_batch_1_00004.png: 7.139 ms
/ultralytics/zoo/dataset/CIFAR100/automobile/data_batch_1_00005.png: 7.252 ms
/ultralytics/zoo/dataset/CIFAR100/automobile/data_batch_1_00032.png: 7.239 ms
/ultralytics/zoo/dataset/CIFAR100/automobile/data_batch_1_00044.png: 7.339 ms
/ultralytics/zoo/dataset/CIFAR100/automobile/data_batch_1_00045.png: 7.765 ms
/ultralytics/zoo/dataset/CIFAR100/automobile/data_batch_1_00046.png: 7.576 ms
/ultralytics/zoo/dataset/CIFAR100/automobile/data_batch_1_00060.png: 7.392 ms
/ultralytics/zoo/dataset/CIFAR100/automobile/data_batch_1_00061.png: 7.408 ms
/ultralytics/zoo/dataset/CIFAR100/automobile/data_batch_1_00064.png: 7.314 ms
/ultralytics/zoo/dataset/CIFAR100/automobile/data_batch_1_00065.png: 7.279 ms
/ultralytics/zoo/dataset/CIFAR100/bird/data_batch_1_00006.png: 7.345 ms
/ultralytics/zoo/dataset/CIFAR100/bird/data_batch_1_00013.png: 7.402 ms
/ultralytics/zoo/dataset/CIFAR100/bird/data_batch_1_00018.png: 7.881 ms
/ultralytics/zoo/dataset/CIFAR100/bird/data_batch_1_00024.png: 8.803 ms
/ultralytics/zoo/dataset/CIFAR100/bird/data_batch_1_00041.png: 7.669 ms
/ultralytics/zoo/dataset/CIFAR100/bird/data_batch_1_00042.png: 7.337 ms
/ultralytics/zoo/dataset/CIFAR100/bird/data_batch_1_00047.png: 7.774 ms
/ultralytics/zoo/dataset/CIFAR100/bird/data_batch_1_00048.png: 8.194 ms
/ultralytics/zoo/dataset/CIFAR100/bird/data_batch_1_00054.png: 7.651 ms
/ultralytics/zoo/dataset/CIFAR100/bird/data_batch_1_00055.png: 7.955 ms
/ultralytics/zoo/dataset/CIFAR100/cat/data_batch_1_00009.png: 8.725 ms
/ultralytics/zoo/dataset/CIFAR100/cat/data_batch_1_00017.png: 8.566 ms
/ultralytics/zoo/dataset/CIFAR100/cat/data_batch_1_00021.png: 8.398 ms
/ultralytics/zoo/dataset/CIFAR100/cat/data_batch_1_00026.png: 8.739 ms
/ultralytics/zoo/dataset/CIFAR100/cat/data_batch_1_00033.png: 8.597 ms
/ultralytics/zoo/dataset/CIFAR100/cat/data_batch_1_00036.png: 7.907 ms
/ultralytics/zoo/dataset/CIFAR100/cat/data_batch_1_00038.png: 8.359 ms
/ultralytics/zoo/dataset/CIFAR100/cat/data_batch_1_00039.png: 9.028 ms
/ultralytics/zoo/dataset/CIFAR100/cat/data_batch_1_00059.png: 7.788 ms
/ultralytics/zoo/dataset/CIFAR100/cat/data_batch_1_00074.png: 8.034 ms
/ultralytics/zoo/dataset/CIFAR100/deer/data_batch_1_00003.png: 9.433 ms
/ultralytics/zoo/dataset/CIFAR100/deer/data_batch_1_00010.png: 8.266 ms
/ultralytics/zoo/dataset/CIFAR100/deer/data_batch_1_00020.png: 7.869 ms
/ultralytics/zoo/dataset/CIFAR100/deer/data_batch_1_00028.png: 7.961 ms
/ultralytics/zoo/dataset/CIFAR100/deer/data_batch_1_00034.png: 7.833 ms
/ultralytics/zoo/dataset/CIFAR100/deer/data_batch_1_00058.png: 7.931 ms
/ultralytics/zoo/dataset/CIFAR100/deer/data_batch_1_00066.png: 8.877 ms
/ultralytics/zoo/dataset/CIFAR100/deer/data_batch_1_00082.png: 9.074 ms
/ultralytics/zoo/dataset/CIFAR100/deer/data_batch_1_00086.png: 8.914 ms
/ultralytics/zoo/dataset/CIFAR100/deer/data_batch_1_00089.png: 8.577 ms
/ultralytics/zoo/dataset/CIFAR100/dog/data_batch_1_00027.png: 8.977 ms
/ultralytics/zoo/dataset/CIFAR100/dog/data_batch_1_00040.png: 9.150 ms
/ultralytics/zoo/dataset/CIFAR100/dog/data_batch_1_00051.png: 8.154 ms
/ultralytics/zoo/dataset/CIFAR100/dog/data_batch_1_00056.png: 8.058 ms
/ultralytics/zoo/dataset/CIFAR100/dog/data_batch_1_00070.png: 8.132 ms
/ultralytics/zoo/dataset/CIFAR100/dog/data_batch_1_00081.png: 8.270 ms
/ultralytics/zoo/dataset/CIFAR100/dog/data_batch_1_00083.png: 8.105 ms
/ultralytics/zoo/dataset/CIFAR100/dog/data_batch_1_00107.png: 7.852 ms
/ultralytics/zoo/dataset/CIFAR100/dog/data_batch_1_00128.png: 7.647 ms
/ultralytics/zoo/dataset/CIFAR100/dog/data_batch_1_00148.png: 7.491 ms
/ultralytics/zoo/dataset/CIFAR100/frog/data_batch_1_00000.png: 7.413 ms
/ultralytics/zoo/dataset/CIFAR100/frog/data_batch_1_00019.png: 7.481 ms
/ultralytics/zoo/dataset/CIFAR100/frog/data_batch_1_00022.png: 7.682 ms
/ultralytics/zoo/dataset/CIFAR100/frog/data_batch_1_00023.png: 8.429 ms
/ultralytics/zoo/dataset/CIFAR100/frog/data_batch_1_00025.png: 7.926 ms
/ultralytics/zoo/dataset/CIFAR100/frog/data_batch_1_00072.png: 7.956 ms
/ultralytics/zoo/dataset/CIFAR100/frog/data_batch_1_00095.png: 8.720 ms
/ultralytics/zoo/dataset/CIFAR100/frog/data_batch_1_00103.png: 7.865 ms
/ultralytics/zoo/dataset/CIFAR100/frog/data_batch_1_00104.png: 7.833 ms
/ultralytics/zoo/dataset/CIFAR100/frog/data_batch_1_00117.png: 8.818 ms
/ultralytics/zoo/dataset/CIFAR100/horse/data_batch_1_00007.png: 8.725 ms
/ultralytics/zoo/dataset/CIFAR100/horse/data_batch_1_00011.png: 8.447 ms
/ultralytics/zoo/dataset/CIFAR100/horse/data_batch_1_00012.png: 8.423 ms
/ultralytics/zoo/dataset/CIFAR100/horse/data_batch_1_00037.png: 8.531 ms
/ultralytics/zoo/dataset/CIFAR100/horse/data_batch_1_00043.png: 8.572 ms
/ultralytics/zoo/dataset/CIFAR100/horse/data_batch_1_00052.png: 8.956 ms
/ultralytics/zoo/dataset/CIFAR100/horse/data_batch_1_00068.png: 8.766 ms
/ultralytics/zoo/dataset/CIFAR100/horse/data_batch_1_00073.png: 8.516 ms
/ultralytics/zoo/dataset/CIFAR100/horse/data_batch_1_00084.png: 8.443 ms
/ultralytics/zoo/dataset/CIFAR100/horse/data_batch_1_00085.png: 8.505 ms
/ultralytics/zoo/dataset/CIFAR100/ship/data_batch_1_00008.png: 8.590 ms
/ultralytics/zoo/dataset/CIFAR100/ship/data_batch_1_00062.png: 8.958 ms
/ultralytics/zoo/dataset/CIFAR100/ship/data_batch_1_00069.png: 8.712 ms
/ultralytics/zoo/dataset/CIFAR100/ship/data_batch_1_00092.png: 8.537 ms
/ultralytics/zoo/dataset/CIFAR100/ship/data_batch_1_00100.png: 8.561 ms
/ultralytics/zoo/dataset/CIFAR100/ship/data_batch_1_00106.png: 8.678 ms
/ultralytics/zoo/dataset/CIFAR100/ship/data_batch_1_00111.png: 9.276 ms
/ultralytics/zoo/dataset/CIFAR100/ship/data_batch_1_00135.png: 8.783 ms
/ultralytics/zoo/dataset/CIFAR100/ship/data_batch_1_00139.png: 8.485 ms
/ultralytics/zoo/dataset/CIFAR100/ship/data_batch_1_00155.png: 8.559 ms
/ultralytics/zoo/dataset/CIFAR100/truck/data_batch_1_00001.png: 8.524 ms
/ultralytics/zoo/dataset/CIFAR100/truck/data_batch_1_00002.png: 8.479 ms
/ultralytics/zoo/dataset/CIFAR100/truck/data_batch_1_00014.png: 8.886 ms
/ultralytics/zoo/dataset/CIFAR100/truck/data_batch_1_00015.png: 8.719 ms
/ultralytics/zoo/dataset/CIFAR100/truck/data_batch_1_00016.png: 8.563 ms
/ultralytics/zoo/dataset/CIFAR100/truck/data_batch_1_00031.png: 8.415 ms
/ultralytics/zoo/dataset/CIFAR100/truck/data_batch_1_00050.png: 8.886 ms
/ultralytics/zoo/dataset/CIFAR100/truck/data_batch_1_00053.png: 9.689 ms
/ultralytics/zoo/dataset/CIFAR100/truck/data_batch_1_00067.png: 8.335 ms
/ultralytics/zoo/dataset/CIFAR100/truck/data_batch_1_00071.png: 7.503 ms
avg: 8.152 ms
