[yolo11n-obb] dataset=/ultralytics/zoo/dataset/DOTA100/images count=100 imgsz=640
Using CUDA runtime cudaDeviceSynchronize() for accurate TensorRT synchronization
/ultralytics/zoo/dataset/DOTA100/images/train/000000000025.jpg: 34.633 ms
/ultralytics/zoo/dataset/DOTA100/images/train/000000000034.jpg: 22.255 ms
/ultralytics/zoo/dataset/DOTA100/images/train/000000000036.jpg: 26.263 ms
/ultralytics/zoo/dataset/DOTA100/images/train/000000000042.jpg: 32.374 ms
/ultralytics/zoo/dataset/DOTA100/images/train/000000000064.jpg: 32.768 ms
/ultralytics/zoo/dataset/DOTA100/images/train/000000000071.jpg: 37.096 ms
/ultralytics/zoo/dataset/DOTA100/images/train/000000000073.jpg: 31.558 ms
/ultralytics/zoo/dataset/DOTA100/images/train/000000000074.jpg: 35.108 ms
/ultralytics/zoo/dataset/DOTA100/images/train/000000000078.jpg: 30.592 ms
/ultralytics/zoo/dataset/DOTA100/images/train/000000000089.jpg: 31.745 ms
/ultralytics/zoo/dataset/DOTA100/images/train/000000000094.jpg: 17.563 ms
/ultralytics/zoo/dataset/DOTA100/images/train/000000000110.jpg: 26.869 ms
/ultralytics/zoo/dataset/DOTA100/images/train/000000000136.jpg: 29.040 ms
/ultralytics/zoo/dataset/DOTA100/images/train/000000000138.jpg: 24.438 ms
/ultralytics/zoo/dataset/DOTA100/images/train/000000000142.jpg: 29.130 ms
/ultralytics/zoo/dataset/DOTA100/images/train/000000000143.jpg: 28.363 ms
/ultralytics/zoo/dataset/DOTA100/images/train/000000000151.jpg: 19.878 ms
/ultralytics/zoo/dataset/DOTA100/images/train/000000000154.jpg: 30.830 ms
/ultralytics/zoo/dataset/DOTA100/images/train/000000000164.jpg: 17.873 ms
/ultralytics/zoo/dataset/DOTA100/images/train/000000000196.jpg: 30.703 ms
/ultralytics/zoo/dataset/DOTA100/images/train/000000000208.jpg: 23.545 ms
/ultralytics/zoo/dataset/DOTA100/images/train/000000000241.jpg: 31.634 ms
/ultralytics/zoo/dataset/DOTA100/images/train/000000000247.jpg: 29.895 ms
/ultralytics/zoo/dataset/DOTA100/images/train/000000000260.jpg: 29.193 ms
/ultralytics/zoo/dataset/DOTA100/images/train/000000000294.jpg: 34.309 ms
/ultralytics/zoo/dataset/DOTA100/images/train/000000000308.jpg: 22.793 ms
/ultralytics/zoo/dataset/DOTA100/images/train/000000000309.jpg: 25.492 ms
/ultralytics/zoo/dataset/DOTA100/images/train/000000000312.jpg: 27.862 ms
/ultralytics/zoo/dataset/DOTA100/images/train/000000000321.jpg: 30.235 ms
/ultralytics/zoo/dataset/DOTA100/images/train/000000000322.jpg: 23.517 ms
/ultralytics/zoo/dataset/DOTA100/images/train/000000000326.jpg: 18.385 ms
/ultralytics/zoo/dataset/DOTA100/images/train/000000000328.jpg: 25.062 ms
/ultralytics/zoo/dataset/DOTA100/images/train/000000000338.jpg: 16.865 ms
/ultralytics/zoo/dataset/DOTA100/images/train/000000000357.jpg: 16.873 ms
/ultralytics/zoo/dataset/DOTA100/images/train/000000000360.jpg: 25.835 ms
/ultralytics/zoo/dataset/DOTA100/images/train/000000000368.jpg: 26.016 ms
/ultralytics/zoo/dataset/DOTA100/images/train/000000000382.jpg: 23.711 ms
/ultralytics/zoo/dataset/DOTA100/images/train/000000000387.jpg: 24.749 ms
/ultralytics/zoo/dataset/DOTA100/images/train/000000000389.jpg: 35.234 ms
/ultralytics/zoo/dataset/DOTA100/images/train/000000000395.jpg: 22.117 ms
/ultralytics/zoo/dataset/DOTA100/images/train/000000000400.jpg: 22.491 ms
/ultralytics/zoo/dataset/DOTA100/images/train/000000000404.jpg: 27.632 ms
/ultralytics/zoo/dataset/DOTA100/images/train/000000000415.jpg: 30.953 ms
/ultralytics/zoo/dataset/DOTA100/images/train/000000000419.jpg: 18.122 ms
/ultralytics/zoo/dataset/DOTA100/images/train/000000000431.jpg: 24.042 ms
/ultralytics/zoo/dataset/DOTA100/images/train/000000000436.jpg: 15.420 ms
/ultralytics/zoo/dataset/DOTA100/images/train/000000000438.jpg: 34.550 ms
/ultralytics/zoo/dataset/DOTA100/images/train/000000000443.jpg: 24.556 ms
/ultralytics/zoo/dataset/DOTA100/images/train/000000000450.jpg: 22.588 ms
/ultralytics/zoo/dataset/DOTA100/images/train/000000000459.jpg: 26.610 ms
/ultralytics/zoo/dataset/DOTA100/images/train/000000000471.jpg: 17.452 ms
/ultralytics/zoo/dataset/DOTA100/images/train/000000000472.jpg: 20.802 ms
/ultralytics/zoo/dataset/DOTA100/images/train/000000000488.jpg: 27.145 ms
/ultralytics/zoo/dataset/DOTA100/images/train/000000000491.jpg: 28.979 ms
/ultralytics/zoo/dataset/DOTA100/images/train/000000000502.jpg: 36.399 ms
/ultralytics/zoo/dataset/DOTA100/images/train/000000000508.jpg: 17.736 ms
/ultralytics/zoo/dataset/DOTA100/images/train/000000000520.jpg: 29.535 ms
/ultralytics/zoo/dataset/DOTA100/images/train/000000000529.jpg: 22.354 ms
/ultralytics/zoo/dataset/DOTA100/images/train/000000000531.jpg: 16.969 ms
/ultralytics/zoo/dataset/DOTA100/images/train/000000000540.jpg: 29.397 ms
/ultralytics/zoo/dataset/DOTA100/images/train/000000000544.jpg: 28.303 ms
/ultralytics/zoo/dataset/DOTA100/images/train/000000000560.jpg: 29.800 ms
/ultralytics/zoo/dataset/DOTA100/images/train/000000000562.jpg: 24.222 ms
/ultralytics/zoo/dataset/DOTA100/images/train/000000000564.jpg: 27.831 ms
/ultralytics/zoo/dataset/DOTA100/images/train/000000000572.jpg: 22.493 ms
/ultralytics/zoo/dataset/DOTA100/images/train/000000000575.jpg: 21.378 ms
/ultralytics/zoo/dataset/DOTA100/images/train/000000000581.jpg: 20.955 ms
/ultralytics/zoo/dataset/DOTA100/images/train/000000000584.jpg: 16.839 ms
/ultralytics/zoo/dataset/DOTA100/images/train/000000000590.jpg: 28.743 ms
/ultralytics/zoo/dataset/DOTA100/images/train/000000000595.jpg: 22.586 ms
/ultralytics/zoo/dataset/DOTA100/images/train/000000000597.jpg: 26.167 ms
/ultralytics/zoo/dataset/DOTA100/images/train/000000000599.jpg: 24.151 ms
/ultralytics/zoo/dataset/DOTA100/images/train/000000000620.jpg: 19.040 ms
/ultralytics/zoo/dataset/DOTA100/images/train/000000000625.jpg: 18.722 ms
/ultralytics/zoo/dataset/DOTA100/images/train/000000000626.jpg: 31.065 ms
/ultralytics/zoo/dataset/DOTA100/images/train/000000000629.jpg: 17.230 ms
/ultralytics/zoo/dataset/DOTA100/images/train/000000000636.jpg: 34.924 ms
/ultralytics/zoo/dataset/DOTA100/images/train/000000000641.jpg: 21.931 ms
/ultralytics/zoo/dataset/DOTA100/images/train/000000000643.jpg: 33.304 ms
/ultralytics/zoo/dataset/DOTA100/images/train/000000000650.jpg: 17.061 ms
/ultralytics/zoo/dataset/DOTA100/images/val/000000000009.jpg: 21.304 ms
/ultralytics/zoo/dataset/DOTA100/images/val/000000000049.jpg: 25.193 ms
/ultralytics/zoo/dataset/DOTA100/images/val/000000000077.jpg: 23.174 ms
/ultralytics/zoo/dataset/DOTA100/images/val/000000000133.jpg: 17.611 ms
/ultralytics/zoo/dataset/DOTA100/images/val/000000000144.jpg: 29.174 ms
/ultralytics/zoo/dataset/DOTA100/images/val/000000000201.jpg: 38.010 ms
/ultralytics/zoo/dataset/DOTA100/images/val/000000000263.jpg: 25.559 ms
/ultralytics/zoo/dataset/DOTA100/images/val/000000000315.jpg: 20.204 ms
/ultralytics/zoo/dataset/DOTA100/images/val/000000000332.jpg: 21.936 ms
/ultralytics/zoo/dataset/DOTA100/images/val/000000000370.jpg: 17.768 ms
/ultralytics/zoo/dataset/DOTA100/images/val/000000000397.jpg: 30.763 ms
/ultralytics/zoo/dataset/DOTA100/images/val/000000000428.jpg: 26.003 ms
/ultralytics/zoo/dataset/DOTA100/images/val/000000000446.jpg: 17.528 ms
/ultralytics/zoo/dataset/DOTA100/images/val/000000000474.jpg: 27.255 ms
/ultralytics/zoo/dataset/DOTA100/images/val/000000000510.jpg: 24.988 ms
/ultralytics/zoo/dataset/DOTA100/images/val/000000000542.jpg: 30.984 ms
/ultralytics/zoo/dataset/DOTA100/images/val/000000000569.jpg: 20.410 ms
/ultralytics/zoo/dataset/DOTA100/images/val/000000000589.jpg: 24.827 ms
/ultralytics/zoo/dataset/DOTA100/images/val/000000000612.jpg: 27.912 ms
/ultralytics/zoo/dataset/DOTA100/images/val/000000000634.jpg: 21.108 ms
avg: 25.546 ms

[yolo11n-pose] dataset=/ultralytics/zoo/dataset/coco128/images/train2017 count=100 imgsz=640
Using CUDA runtime cudaDeviceSynchronize() for accurate TensorRT synchronization
/ultralytics/zoo/dataset/coco128/images/train2017/000000000009.jpg: 26.646 ms
/ultralytics/zoo/dataset/coco128/images/train2017/000000000025.jpg: 23.069 ms
/ultralytics/zoo/dataset/coco128/images/train2017/000000000030.jpg: 29.923 ms
/ultralytics/zoo/dataset/coco128/images/train2017/000000000034.jpg: 30.420 ms
/ultralytics/zoo/dataset/coco128/images/train2017/000000000036.jpg: 36.165 ms
/ultralytics/zoo/dataset/coco128/images/train2017/000000000042.jpg: 28.665 ms
/ultralytics/zoo/dataset/coco128/images/train2017/000000000049.jpg: 62.230 ms
/ultralytics/zoo/dataset/coco128/images/train2017/000000000061.jpg: 54.178 ms
/ultralytics/zoo/dataset/coco128/images/train2017/000000000064.jpg: 37.658 ms
/ultralytics/zoo/dataset/coco128/images/train2017/000000000071.jpg: 26.500 ms
/ultralytics/zoo/dataset/coco128/images/train2017/000000000072.jpg: 23.827 ms
/ultralytics/zoo/dataset/coco128/images/train2017/000000000073.jpg: 28.383 ms
/ultralytics/zoo/dataset/coco128/images/train2017/000000000074.jpg: 25.210 ms
/ultralytics/zoo/dataset/coco128/images/train2017/000000000077.jpg: 72.917 ms
/ultralytics/zoo/dataset/coco128/images/train2017/000000000078.jpg: 42.703 ms
/ultralytics/zoo/dataset/coco128/images/train2017/000000000081.jpg: 26.412 ms
/ultralytics/zoo/dataset/coco128/images/train2017/000000000086.jpg: 45.306 ms
/ultralytics/zoo/dataset/coco128/images/train2017/000000000089.jpg: 45.969 ms
/ultralytics/zoo/dataset/coco128/images/train2017/000000000092.jpg: 27.148 ms
/ultralytics/zoo/dataset/coco128/images/train2017/000000000094.jpg: 25.749 ms
/ultralytics/zoo/dataset/coco128/images/train2017/000000000109.jpg: 32.035 ms
/ultralytics/zoo/dataset/coco128/images/train2017/000000000110.jpg: 159.930 ms
/ultralytics/zoo/dataset/coco128/images/train2017/000000000113.jpg: 72.229 ms
/ultralytics/zoo/dataset/coco128/images/train2017/000000000127.jpg: 40.653 ms
/ultralytics/zoo/dataset/coco128/images/train2017/000000000133.jpg: 24.907 ms
/ultralytics/zoo/dataset/coco128/images/train2017/000000000136.jpg: 53.649 ms
/ultralytics/zoo/dataset/coco128/images/train2017/000000000138.jpg: 35.259 ms
/ultralytics/zoo/dataset/coco128/images/train2017/000000000142.jpg: 28.873 ms
/ultralytics/zoo/dataset/coco128/images/train2017/000000000143.jpg: 41.418 ms
/ultralytics/zoo/dataset/coco128/images/train2017/000000000144.jpg: 35.768 ms
/ultralytics/zoo/dataset/coco128/images/train2017/000000000149.jpg: 26.354 ms
/ultralytics/zoo/dataset/coco128/images/train2017/000000000151.jpg: 41.617 ms
/ultralytics/zoo/dataset/coco128/images/train2017/000000000154.jpg: 35.758 ms
/ultralytics/zoo/dataset/coco128/images/train2017/000000000164.jpg: 29.448 ms
/ultralytics/zoo/dataset/coco128/images/train2017/000000000165.jpg: 65.456 ms
/ultralytics/zoo/dataset/coco128/images/train2017/000000000192.jpg: 87.625 ms
/ultralytics/zoo/dataset/coco128/images/train2017/000000000194.jpg: 23.710 ms
/ultralytics/zoo/dataset/coco128/images/train2017/000000000196.jpg: 27.984 ms
/ultralytics/zoo/dataset/coco128/images/train2017/000000000201.jpg: 27.683 ms
/ultralytics/zoo/dataset/coco128/images/train2017/000000000208.jpg: 37.518 ms
/ultralytics/zoo/dataset/coco128/images/train2017/000000000241.jpg: 86.005 ms
/ultralytics/zoo/dataset/coco128/images/train2017/000000000247.jpg: 28.704 ms
/ultralytics/zoo/dataset/coco128/images/train2017/000000000250.jpg: 29.093 ms
/ultralytics/zoo/dataset/coco128/images/train2017/000000000257.jpg: 73.087 ms
/ultralytics/zoo/dataset/coco128/images/train2017/000000000260.jpg: 42.073 ms
/ultralytics/zoo/dataset/coco128/images/train2017/000000000263.jpg: 37.357 ms
/ultralytics/zoo/dataset/coco128/images/train2017/000000000283.jpg: 25.529 ms
/ultralytics/zoo/dataset/coco128/images/train2017/000000000294.jpg: 43.650 ms
/ultralytics/zoo/dataset/coco128/images/train2017/000000000307.jpg: 28.165 ms
/ultralytics/zoo/dataset/coco128/images/train2017/000000000308.jpg: 94.180 ms
/ultralytics/zoo/dataset/coco128/images/train2017/000000000309.jpg: 42.109 ms
/ultralytics/zoo/dataset/coco128/images/train2017/000000000312.jpg: 31.155 ms
/ultralytics/zoo/dataset/coco128/images/train2017/000000000315.jpg: 66.456 ms
/ultralytics/zoo/dataset/coco128/images/train2017/000000000321.jpg: 27.212 ms
/ultralytics/zoo/dataset/coco128/images/train2017/000000000322.jpg: 41.005 ms
/ultralytics/zoo/dataset/coco128/images/train2017/000000000326.jpg: 44.166 ms
/ultralytics/zoo/dataset/coco128/images/train2017/000000000328.jpg: 82.596 ms
/ultralytics/zoo/dataset/coco128/images/train2017/000000000332.jpg: 27.545 ms
/ultralytics/zoo/dataset/coco128/images/train2017/000000000338.jpg: 44.047 ms
/ultralytics/zoo/dataset/coco128/images/train2017/000000000349.jpg: 29.110 ms
/ultralytics/zoo/dataset/coco128/images/train2017/000000000357.jpg: 48.322 ms
/ultralytics/zoo/dataset/coco128/images/train2017/000000000359.jpg: 26.282 ms
/ultralytics/zoo/dataset/coco128/images/train2017/000000000360.jpg: 24.574 ms
/ultralytics/zoo/dataset/coco128/images/train2017/000000000368.jpg: 65.702 ms
/ultralytics/zoo/dataset/coco128/images/train2017/000000000370.jpg: 36.991 ms
/ultralytics/zoo/dataset/coco128/images/train2017/000000000382.jpg: 29.232 ms
/ultralytics/zoo/dataset/coco128/images/train2017/000000000384.jpg: 30.054 ms
/ultralytics/zoo/dataset/coco128/images/train2017/000000000387.jpg: 30.392 ms
/ultralytics/zoo/dataset/coco128/images/train2017/000000000389.jpg: 55.378 ms
/ultralytics/zoo/dataset/coco128/images/train2017/000000000394.jpg: 23.431 ms
/ultralytics/zoo/dataset/coco128/images/train2017/000000000395.jpg: 82.324 ms
/ultralytics/zoo/dataset/coco128/images/train2017/000000000397.jpg: 27.811 ms
/ultralytics/zoo/dataset/coco128/images/train2017/000000000400.jpg: 27.489 ms
/ultralytics/zoo/dataset/coco128/images/train2017/000000000404.jpg: 20.063 ms
/ultralytics/zoo/dataset/coco128/images/train2017/000000000415.jpg: 32.652 ms
/ultralytics/zoo/dataset/coco128/images/train2017/000000000419.jpg: 35.510 ms
/ultralytics/zoo/dataset/coco128/images/train2017/000000000428.jpg: 33.429 ms
/ultralytics/zoo/dataset/coco128/images/train2017/000000000431.jpg: 33.886 ms
/ultralytics/zoo/dataset/coco128/images/train2017/000000000436.jpg: 34.885 ms
/ultralytics/zoo/dataset/coco128/images/train2017/000000000438.jpg: 27.108 ms
/ultralytics/zoo/dataset/coco128/images/train2017/000000000443.jpg: 46.977 ms
/ultralytics/zoo/dataset/coco128/images/train2017/000000000446.jpg: 29.172 ms
/ultralytics/zoo/dataset/coco128/images/train2017/000000000450.jpg: 22.425 ms
/ultralytics/zoo/dataset/coco128/images/train2017/000000000459.jpg: 30.481 ms
/ultralytics/zoo/dataset/coco128/images/train2017/000000000471.jpg: 28.911 ms
/ultralytics/zoo/dataset/coco128/images/train2017/000000000472.jpg: 18.259 ms
/ultralytics/zoo/dataset/coco128/images/train2017/000000000474.jpg: 37.603 ms
/ultralytics/zoo/dataset/coco128/images/train2017/000000000486.jpg: 23.765 ms
/ultralytics/zoo/dataset/coco128/images/train2017/000000000488.jpg: 39.819 ms
/ultralytics/zoo/dataset/coco128/images/train2017/000000000490.jpg: 28.889 ms
/ultralytics/zoo/dataset/coco128/images/train2017/000000000491.jpg: 24.938 ms
/ultralytics/zoo/dataset/coco128/images/train2017/000000000502.jpg: 21.452 ms
/ultralytics/zoo/dataset/coco128/images/train2017/000000000508.jpg: 19.278 ms
/ultralytics/zoo/dataset/coco128/images/train2017/000000000510.jpg: 31.833 ms
/ultralytics/zoo/dataset/coco128/images/train2017/000000000514.jpg: 21.933 ms
/ultralytics/zoo/dataset/coco128/images/train2017/000000000520.jpg: 17.653 ms
/ultralytics/zoo/dataset/coco128/images/train2017/000000000529.jpg: 35.861 ms
/ultralytics/zoo/dataset/coco128/images/train2017/000000000531.jpg: 38.966 ms
/ultralytics/zoo/dataset/coco128/images/train2017/000000000532.jpg: 35.956 ms
/ultralytics/zoo/dataset/coco128/images/train2017/000000000536.jpg: 48.768 ms
avg: 38.987 ms

[yolo11n-cls] dataset=/ultralytics/zoo/dataset/CIFAR100 count=100 imgsz=224
Using CUDA runtime cudaDeviceSynchronize() for accurate TensorRT synchronization
/ultralytics/zoo/dataset/CIFAR100/airplane/data_batch_1_00029.png: 9.217 ms
/ultralytics/zoo/dataset/CIFAR100/airplane/data_batch_1_00030.png: 6.651 ms
/ultralytics/zoo/dataset/CIFAR100/airplane/data_batch_1_00035.png: 6.129 ms
/ultralytics/zoo/dataset/CIFAR100/airplane/data_batch_1_00049.png: 7.733 ms
/ultralytics/zoo/dataset/CIFAR100/airplane/data_batch_1_00077.png: 6.957 ms
/ultralytics/zoo/dataset/CIFAR100/airplane/data_batch_1_00093.png: 6.009 ms
/ultralytics/zoo/dataset/CIFAR100/airplane/data_batch_1_00115.png: 5.882 ms
/ultralytics/zoo/dataset/CIFAR100/airplane/data_batch_1_00116.png: 8.070 ms
/ultralytics/zoo/dataset/CIFAR100/airplane/data_batch_1_00129.png: 8.938 ms
/ultralytics/zoo/dataset/CIFAR100/airplane/data_batch_1_00165.png: 7.054 ms
/ultralytics/zoo/dataset/CIFAR100/automobile/data_batch_1_00004.png: 6.061 ms
/ultralytics/zoo/dataset/CIFAR100/automobile/data_batch_1_00005.png: 6.141 ms
/ultralytics/zoo/dataset/CIFAR100/automobile/data_batch_1_00032.png: 5.957 ms
/ultralytics/zoo/dataset/CIFAR100/automobile/data_batch_1_00044.png: 8.056 ms
/ultralytics/zoo/dataset/CIFAR100/automobile/data_batch_1_00045.png: 8.789 ms
/ultralytics/zoo/dataset/CIFAR100/automobile/data_batch_1_00046.png: 7.153 ms
/ultralytics/zoo/dataset/CIFAR100/automobile/data_batch_1_00060.png: 6.118 ms
/ultralytics/zoo/dataset/CIFAR100/automobile/data_batch_1_00061.png: 6.216 ms
/ultralytics/zoo/dataset/CIFAR100/automobile/data_batch_1_00064.png: 6.163 ms
/ultralytics/zoo/dataset/CIFAR100/automobile/data_batch_1_00065.png: 7.902 ms
/ultralytics/zoo/dataset/CIFAR100/bird/data_batch_1_00006.png: 6.407 ms
/ultralytics/zoo/dataset/CIFAR100/bird/data_batch_1_00013.png: 8.014 ms
/ultralytics/zoo/dataset/CIFAR100/bird/data_batch_1_00018.png: 6.643 ms
/ultralytics/zoo/dataset/CIFAR100/bird/data_batch_1_00024.png: 9.351 ms
/ultralytics/zoo/dataset/CIFAR100/bird/data_batch_1_00041.png: 6.406 ms
/ultralytics/zoo/dataset/CIFAR100/bird/data_batch_1_00042.png: 6.193 ms
/ultralytics/zoo/dataset/CIFAR100/bird/data_batch_1_00047.png: 6.418 ms
/ultralytics/zoo/dataset/CIFAR100/bird/data_batch_1_00048.png: 6.019 ms
/ultralytics/zoo/dataset/CIFAR100/bird/data_batch_1_00054.png: 6.855 ms
/ultralytics/zoo/dataset/CIFAR100/bird/data_batch_1_00055.png: 6.576 ms
/ultralytics/zoo/dataset/CIFAR100/cat/data_batch_1_00009.png: 6.560 ms
/ultralytics/zoo/dataset/CIFAR100/cat/data_batch_1_00017.png: 7.722 ms
/ultralytics/zoo/dataset/CIFAR100/cat/data_batch_1_00021.png: 5.760 ms
/ultralytics/zoo/dataset/CIFAR100/cat/data_batch_1_00026.png: 6.307 ms
/ultralytics/zoo/dataset/CIFAR100/cat/data_batch_1_00033.png: 6.102 ms
/ultralytics/zoo/dataset/CIFAR100/cat/data_batch_1_00036.png: 5.969 ms
/ultralytics/zoo/dataset/CIFAR100/cat/data_batch_1_00038.png: 6.698 ms
/ultralytics/zoo/dataset/CIFAR100/cat/data_batch_1_00039.png: 6.940 ms
/ultralytics/zoo/dataset/CIFAR100/cat/data_batch_1_00059.png: 6.899 ms
/ultralytics/zoo/dataset/CIFAR100/cat/data_batch_1_00074.png: 7.146 ms
/ultralytics/zoo/dataset/CIFAR100/deer/data_batch_1_00003.png: 7.039 ms
/ultralytics/zoo/dataset/CIFAR100/deer/data_batch_1_00010.png: 8.296 ms
/ultralytics/zoo/dataset/CIFAR100/deer/data_batch_1_00020.png: 8.717 ms
/ultralytics/zoo/dataset/CIFAR100/deer/data_batch_1_00028.png: 6.299 ms
/ultralytics/zoo/dataset/CIFAR100/deer/data_batch_1_00034.png: 6.315 ms
/ultralytics/zoo/dataset/CIFAR100/deer/data_batch_1_00058.png: 6.312 ms
/ultralytics/zoo/dataset/CIFAR100/deer/data_batch_1_00066.png: 7.572 ms
/ultralytics/zoo/dataset/CIFAR100/deer/data_batch_1_00082.png: 6.658 ms
/ultralytics/zoo/dataset/CIFAR100/deer/data_batch_1_00086.png: 7.092 ms
/ultralytics/zoo/dataset/CIFAR100/deer/data_batch_1_00089.png: 6.206 ms
/ultralytics/zoo/dataset/CIFAR100/dog/data_batch_1_00027.png: 6.094 ms
/ultralytics/zoo/dataset/CIFAR100/dog/data_batch_1_00040.png: 6.014 ms
/ultralytics/zoo/dataset/CIFAR100/dog/data_batch_1_00051.png: 7.205 ms
/ultralytics/zoo/dataset/CIFAR100/dog/data_batch_1_00056.png: 6.535 ms
/ultralytics/zoo/dataset/CIFAR100/dog/data_batch_1_00070.png: 5.770 ms
/ultralytics/zoo/dataset/CIFAR100/dog/data_batch_1_00081.png: 6.141 ms
/ultralytics/zoo/dataset/CIFAR100/dog/data_batch_1_00083.png: 7.520 ms
/ultralytics/zoo/dataset/CIFAR100/dog/data_batch_1_00107.png: 6.417 ms
/ultralytics/zoo/dataset/CIFAR100/dog/data_batch_1_00128.png: 7.020 ms
/ultralytics/zoo/dataset/CIFAR100/dog/data_batch_1_00148.png: 5.694 ms
/ultralytics/zoo/dataset/CIFAR100/frog/data_batch_1_00000.png: 6.106 ms
/ultralytics/zoo/dataset/CIFAR100/frog/data_batch_1_00019.png: 7.239 ms
/ultralytics/zoo/dataset/CIFAR100/frog/data_batch_1_00022.png: 7.071 ms
/ultralytics/zoo/dataset/CIFAR100/frog/data_batch_1_00023.png: 6.551 ms
/ultralytics/zoo/dataset/CIFAR100/frog/data_batch_1_00025.png: 7.910 ms
/ultralytics/zoo/dataset/CIFAR100/frog/data_batch_1_00072.png: 6.027 ms
/ultralytics/zoo/dataset/CIFAR100/frog/data_batch_1_00095.png: 6.441 ms
/ultralytics/zoo/dataset/CIFAR100/frog/data_batch_1_00103.png: 6.758 ms
/ultralytics/zoo/dataset/CIFAR100/frog/data_batch_1_00104.png: 7.065 ms
/ultralytics/zoo/dataset/CIFAR100/frog/data_batch_1_00117.png: 8.370 ms
/ultralytics/zoo/dataset/CIFAR100/horse/data_batch_1_00007.png: 7.000 ms
/ultralytics/zoo/dataset/CIFAR100/horse/data_batch_1_00011.png: 7.584 ms
/ultralytics/zoo/dataset/CIFAR100/horse/data_batch_1_00012.png: 5.946 ms
/ultralytics/zoo/dataset/CIFAR100/horse/data_batch_1_00037.png: 6.639 ms
/ultralytics/zoo/dataset/CIFAR100/horse/data_batch_1_00043.png: 5.930 ms
/ultralytics/zoo/dataset/CIFAR100/horse/data_batch_1_00052.png: 7.913 ms
/ultralytics/zoo/dataset/CIFAR100/horse/data_batch_1_00068.png: 5.899 ms
/ultralytics/zoo/dataset/CIFAR100/horse/data_batch_1_00073.png: 5.799 ms
/ultralytics/zoo/dataset/CIFAR100/horse/data_batch_1_00084.png: 7.835 ms
/ultralytics/zoo/dataset/CIFAR100/horse/data_batch_1_00085.png: 6.962 ms
/ultralytics/zoo/dataset/CIFAR100/ship/data_batch_1_00008.png: 6.123 ms
/ultralytics/zoo/dataset/CIFAR100/ship/data_batch_1_00062.png: 6.906 ms
/ultralytics/zoo/dataset/CIFAR100/ship/data_batch_1_00069.png: 5.814 ms
/ultralytics/zoo/dataset/CIFAR100/ship/data_batch_1_00092.png: 6.218 ms
/ultralytics/zoo/dataset/CIFAR100/ship/data_batch_1_00100.png: 9.341 ms
/ultralytics/zoo/dataset/CIFAR100/ship/data_batch_1_00106.png: 6.005 ms
/ultralytics/zoo/dataset/CIFAR100/ship/data_batch_1_00111.png: 8.206 ms
/ultralytics/zoo/dataset/CIFAR100/ship/data_batch_1_00135.png: 6.015 ms
/ultralytics/zoo/dataset/CIFAR100/ship/data_batch_1_00139.png: 6.197 ms
/ultralytics/zoo/dataset/CIFAR100/ship/data_batch_1_00155.png: 6.023 ms
/ultralytics/zoo/dataset/CIFAR100/truck/data_batch_1_00001.png: 5.792 ms
/ultralytics/zoo/dataset/CIFAR100/truck/data_batch_1_00002.png: 5.737 ms
/ultralytics/zoo/dataset/CIFAR100/truck/data_batch_1_00014.png: 7.572 ms
/ultralytics/zoo/dataset/CIFAR100/truck/data_batch_1_00015.png: 6.443 ms
/ultralytics/zoo/dataset/CIFAR100/truck/data_batch_1_00016.png: 5.979 ms
/ultralytics/zoo/dataset/CIFAR100/truck/data_batch_1_00031.png: 5.970 ms
/ultralytics/zoo/dataset/CIFAR100/truck/data_batch_1_00050.png: 5.779 ms
/ultralytics/zoo/dataset/CIFAR100/truck/data_batch_1_00053.png: 6.008 ms
/ultralytics/zoo/dataset/CIFAR100/truck/data_batch_1_00067.png: 8.666 ms
/ultralytics/zoo/dataset/CIFAR100/truck/data_batch_1_00071.png: 5.873 ms
avg: 6.788 ms

[yolo11n-detect] dataset=/ultralytics/zoo/dataset/coco128/images/train2017 count=100 imgsz=640
Using CUDA runtime cudaDeviceSynchronize() for accurate TensorRT synchronization
/ultralytics/zoo/dataset/coco128/images/train2017/000000000009.jpg: 73.026 ms
/ultralytics/zoo/dataset/coco128/images/train2017/000000000025.jpg: 31.210 ms
/ultralytics/zoo/dataset/coco128/images/train2017/000000000030.jpg: 36.673 ms
/ultralytics/zoo/dataset/coco128/images/train2017/000000000034.jpg: 59.524 ms
/ultralytics/zoo/dataset/coco128/images/train2017/000000000036.jpg: 37.355 ms
/ultralytics/zoo/dataset/coco128/images/train2017/000000000042.jpg: 51.465 ms
/ultralytics/zoo/dataset/coco128/images/train2017/000000000049.jpg: 145.513 ms
/ultralytics/zoo/dataset/coco128/images/train2017/000000000061.jpg: 61.119 ms
/ultralytics/zoo/dataset/coco128/images/train2017/000000000064.jpg: 74.825 ms
/ultralytics/zoo/dataset/coco128/images/train2017/000000000071.jpg: 55.938 ms
/ultralytics/zoo/dataset/coco128/images/train2017/000000000072.jpg: 40.320 ms
/ultralytics/zoo/dataset/coco128/images/train2017/000000000073.jpg: 76.719 ms
/ultralytics/zoo/dataset/coco128/images/train2017/000000000074.jpg: 137.066 ms
/ultralytics/zoo/dataset/coco128/images/train2017/000000000077.jpg: 85.090 ms
/ultralytics/zoo/dataset/coco128/images/train2017/000000000078.jpg: 75.051 ms
/ultralytics/zoo/dataset/coco128/images/train2017/000000000081.jpg: 50.080 ms
/ultralytics/zoo/dataset/coco128/images/train2017/000000000086.jpg: 73.134 ms
/ultralytics/zoo/dataset/coco128/images/train2017/000000000089.jpg: 140.901 ms
/ultralytics/zoo/dataset/coco128/images/train2017/000000000092.jpg: 73.147 ms
/ultralytics/zoo/dataset/coco128/images/train2017/000000000094.jpg: 57.309 ms
/ultralytics/zoo/dataset/coco128/images/train2017/000000000109.jpg: 144.200 ms
/ultralytics/zoo/dataset/coco128/images/train2017/000000000110.jpg: 246.339 ms
/ultralytics/zoo/dataset/coco128/images/train2017/000000000113.jpg: 153.986 ms
/ultralytics/zoo/dataset/coco128/images/train2017/000000000127.jpg: 92.154 ms
/ultralytics/zoo/dataset/coco128/images/train2017/000000000133.jpg: 45.919 ms
/ultralytics/zoo/dataset/coco128/images/train2017/000000000136.jpg: 81.507 ms
/ultralytics/zoo/dataset/coco128/images/train2017/000000000138.jpg: 120.255 ms
/ultralytics/zoo/dataset/coco128/images/train2017/000000000142.jpg: 75.373 ms
/ultralytics/zoo/dataset/coco128/images/train2017/000000000143.jpg: 133.725 ms
/ultralytics/zoo/dataset/coco128/images/train2017/000000000144.jpg: 54.087 ms
/ultralytics/zoo/dataset/coco128/images/train2017/000000000149.jpg: 86.784 ms
/ultralytics/zoo/dataset/coco128/images/train2017/000000000151.jpg: 32.035 ms
/ultralytics/zoo/dataset/coco128/images/train2017/000000000154.jpg: 29.252 ms
/ultralytics/zoo/dataset/coco128/images/train2017/000000000164.jpg: 60.009 ms
/ultralytics/zoo/dataset/coco128/images/train2017/000000000165.jpg: 50.496 ms
/ultralytics/zoo/dataset/coco128/images/train2017/000000000192.jpg: 54.233 ms
/ultralytics/zoo/dataset/coco128/images/train2017/000000000194.jpg: 47.586 ms
/ultralytics/zoo/dataset/coco128/images/train2017/000000000196.jpg: 204.670 ms
/ultralytics/zoo/dataset/coco128/images/train2017/000000000201.jpg: 75.639 ms
/ultralytics/zoo/dataset/coco128/images/train2017/000000000208.jpg: 38.924 ms
/ultralytics/zoo/dataset/coco128/images/train2017/000000000241.jpg: 77.701 ms
/ultralytics/zoo/dataset/coco128/images/train2017/000000000247.jpg: 51.667 ms
/ultralytics/zoo/dataset/coco128/images/train2017/000000000250.jpg: 22.983 ms
/ultralytics/zoo/dataset/coco128/images/train2017/000000000257.jpg: 153.891 ms
/ultralytics/zoo/dataset/coco128/images/train2017/000000000260.jpg: 89.520 ms
/ultralytics/zoo/dataset/coco128/images/train2017/000000000263.jpg: 36.820 ms
/ultralytics/zoo/dataset/coco128/images/train2017/000000000283.jpg: 58.065 ms
/ultralytics/zoo/dataset/coco128/images/train2017/000000000294.jpg: 59.079 ms
/ultralytics/zoo/dataset/coco128/images/train2017/000000000307.jpg: 47.424 ms
/ultralytics/zoo/dataset/coco128/images/train2017/000000000308.jpg: 62.642 ms
/ultralytics/zoo/dataset/coco128/images/train2017/000000000309.jpg: 33.749 ms
/ultralytics/zoo/dataset/coco128/images/train2017/000000000312.jpg: 39.166 ms
/ultralytics/zoo/dataset/coco128/images/train2017/000000000315.jpg: 76.622 ms
/ultralytics/zoo/dataset/coco128/images/train2017/000000000321.jpg: 36.512 ms
/ultralytics/zoo/dataset/coco128/images/train2017/000000000322.jpg: 32.506 ms
/ultralytics/zoo/dataset/coco128/images/train2017/000000000326.jpg: 27.814 ms
/ultralytics/zoo/dataset/coco128/images/train2017/000000000328.jpg: 37.732 ms
/ultralytics/zoo/dataset/coco128/images/train2017/000000000332.jpg: 39.381 ms
/ultralytics/zoo/dataset/coco128/images/train2017/000000000338.jpg: 32.838 ms
/ultralytics/zoo/dataset/coco128/images/train2017/000000000349.jpg: 27.543 ms
/ultralytics/zoo/dataset/coco128/images/train2017/000000000357.jpg: 40.084 ms
/ultralytics/zoo/dataset/coco128/images/train2017/000000000359.jpg: 32.891 ms
/ultralytics/zoo/dataset/coco128/images/train2017/000000000360.jpg: 28.490 ms
/ultralytics/zoo/dataset/coco128/images/train2017/000000000368.jpg: 58.000 ms
/ultralytics/zoo/dataset/coco128/images/train2017/000000000370.jpg: 32.243 ms
/ultralytics/zoo/dataset/coco128/images/train2017/000000000382.jpg: 33.015 ms
/ultralytics/zoo/dataset/coco128/images/train2017/000000000384.jpg: 36.461 ms
/ultralytics/zoo/dataset/coco128/images/train2017/000000000387.jpg: 26.759 ms
/ultralytics/zoo/dataset/coco128/images/train2017/000000000389.jpg: 62.408 ms
/ultralytics/zoo/dataset/coco128/images/train2017/000000000394.jpg: 24.651 ms
/ultralytics/zoo/dataset/coco128/images/train2017/000000000395.jpg: 50.494 ms
/ultralytics/zoo/dataset/coco128/images/train2017/000000000397.jpg: 41.744 ms
/ultralytics/zoo/dataset/coco128/images/train2017/000000000400.jpg: 40.112 ms
/ultralytics/zoo/dataset/coco128/images/train2017/000000000404.jpg: 28.674 ms
/ultralytics/zoo/dataset/coco128/images/train2017/000000000415.jpg: 43.858 ms
/ultralytics/zoo/dataset/coco128/images/train2017/000000000419.jpg: 46.156 ms
/ultralytics/zoo/dataset/coco128/images/train2017/000000000428.jpg: 33.383 ms
/ultralytics/zoo/dataset/coco128/images/train2017/000000000431.jpg: 35.465 ms
/ultralytics/zoo/dataset/coco128/images/train2017/000000000436.jpg: 41.281 ms
/ultralytics/zoo/dataset/coco128/images/train2017/000000000438.jpg: 120.304 ms
/ultralytics/zoo/dataset/coco128/images/train2017/000000000443.jpg: 55.877 ms
/ultralytics/zoo/dataset/coco128/images/train2017/000000000446.jpg: 40.687 ms
/ultralytics/zoo/dataset/coco128/images/train2017/000000000450.jpg: 52.364 ms
/ultralytics/zoo/dataset/coco128/images/train2017/000000000459.jpg: 38.933 ms
/ultralytics/zoo/dataset/coco128/images/train2017/000000000471.jpg: 30.118 ms
/ultralytics/zoo/dataset/coco128/images/train2017/000000000472.jpg: 19.062 ms
/ultralytics/zoo/dataset/coco128/images/train2017/000000000474.jpg: 30.378 ms
/ultralytics/zoo/dataset/coco128/images/train2017/000000000486.jpg: 24.361 ms
/ultralytics/zoo/dataset/coco128/images/train2017/000000000488.jpg: 45.118 ms
/ultralytics/zoo/dataset/coco128/images/train2017/000000000490.jpg: 34.973 ms
/ultralytics/zoo/dataset/coco128/images/train2017/000000000491.jpg: 32.913 ms
/ultralytics/zoo/dataset/coco128/images/train2017/000000000502.jpg: 25.048 ms
/ultralytics/zoo/dataset/coco128/images/train2017/000000000508.jpg: 15.659 ms
/ultralytics/zoo/dataset/coco128/images/train2017/000000000510.jpg: 30.587 ms
/ultralytics/zoo/dataset/coco128/images/train2017/000000000514.jpg: 20.412 ms
/ultralytics/zoo/dataset/coco128/images/train2017/000000000520.jpg: 45.947 ms
/ultralytics/zoo/dataset/coco128/images/train2017/000000000529.jpg: 30.384 ms
/ultralytics/zoo/dataset/coco128/images/train2017/000000000531.jpg: 40.282 ms
/ultralytics/zoo/dataset/coco128/images/train2017/000000000532.jpg: 38.472 ms
/ultralytics/zoo/dataset/coco128/images/train2017/000000000536.jpg: 40.961 ms
avg: 58.553 ms

[yolo11n-seg] dataset=/ultralytics/zoo/dataset/coco128/images/train2017 count=100 imgsz=640
Using CUDA runtime cudaDeviceSynchronize() for accurate TensorRT synchronization
/ultralytics/zoo/dataset/coco128/images/train2017/000000000009.jpg: 75.783 ms
/ultralytics/zoo/dataset/coco128/images/train2017/000000000025.jpg: 60.561 ms
/ultralytics/zoo/dataset/coco128/images/train2017/000000000030.jpg: 80.317 ms
/ultralytics/zoo/dataset/coco128/images/train2017/000000000034.jpg: 61.115 ms
/ultralytics/zoo/dataset/coco128/images/train2017/000000000036.jpg: 61.824 ms
/ultralytics/zoo/dataset/coco128/images/train2017/000000000042.jpg: 52.803 ms
/ultralytics/zoo/dataset/coco128/images/train2017/000000000049.jpg: 160.934 ms
/ultralytics/zoo/dataset/coco128/images/train2017/000000000061.jpg: 86.932 ms
/ultralytics/zoo/dataset/coco128/images/train2017/000000000064.jpg: 64.325 ms
/ultralytics/zoo/dataset/coco128/images/train2017/000000000071.jpg: 58.123 ms
/ultralytics/zoo/dataset/coco128/images/train2017/000000000072.jpg: 58.165 ms
/ultralytics/zoo/dataset/coco128/images/train2017/000000000073.jpg: 74.564 ms
/ultralytics/zoo/dataset/coco128/images/train2017/000000000074.jpg: 155.169 ms
/ultralytics/zoo/dataset/coco128/images/train2017/000000000077.jpg: 100.532 ms
/ultralytics/zoo/dataset/coco128/images/train2017/000000000078.jpg: 71.682 ms
/ultralytics/zoo/dataset/coco128/images/train2017/000000000081.jpg: 51.036 ms
/ultralytics/zoo/dataset/coco128/images/train2017/000000000086.jpg: 68.173 ms
/ultralytics/zoo/dataset/coco128/images/train2017/000000000089.jpg: 138.926 ms
/ultralytics/zoo/dataset/coco128/images/train2017/000000000092.jpg: 68.272 ms
/ultralytics/zoo/dataset/coco128/images/train2017/000000000094.jpg: 53.527 ms
/ultralytics/zoo/dataset/coco128/images/train2017/000000000109.jpg: 135.939 ms
/ultralytics/zoo/dataset/coco128/images/train2017/000000000110.jpg: 230.512 ms
/ultralytics/zoo/dataset/coco128/images/train2017/000000000113.jpg: 145.380 ms
/ultralytics/zoo/dataset/coco128/images/train2017/000000000127.jpg: 102.536 ms
/ultralytics/zoo/dataset/coco128/images/train2017/000000000133.jpg: 45.317 ms
/ultralytics/zoo/dataset/coco128/images/train2017/000000000136.jpg: 73.819 ms
/ultralytics/zoo/dataset/coco128/images/train2017/000000000138.jpg: 75.740 ms
/ultralytics/zoo/dataset/coco128/images/train2017/000000000142.jpg: 56.808 ms
/ultralytics/zoo/dataset/coco128/images/train2017/000000000143.jpg: 93.392 ms
/ultralytics/zoo/dataset/coco128/images/train2017/000000000144.jpg: 73.278 ms
/ultralytics/zoo/dataset/coco128/images/train2017/000000000149.jpg: 102.795 ms
/ultralytics/zoo/dataset/coco128/images/train2017/000000000151.jpg: 53.176 ms
/ultralytics/zoo/dataset/coco128/images/train2017/000000000154.jpg: 42.922 ms
/ultralytics/zoo/dataset/coco128/images/train2017/000000000164.jpg: 53.769 ms
/ultralytics/zoo/dataset/coco128/images/train2017/000000000165.jpg: 46.364 ms
/ultralytics/zoo/dataset/coco128/images/train2017/000000000192.jpg: 57.227 ms
/ultralytics/zoo/dataset/coco128/images/train2017/000000000194.jpg: 47.423 ms
/ultralytics/zoo/dataset/coco128/images/train2017/000000000196.jpg: 171.870 ms
/ultralytics/zoo/dataset/coco128/images/train2017/000000000201.jpg: 56.136 ms
/ultralytics/zoo/dataset/coco128/images/train2017/000000000208.jpg: 56.424 ms
/ultralytics/zoo/dataset/coco128/images/train2017/000000000241.jpg: 79.908 ms
/ultralytics/zoo/dataset/coco128/images/train2017/000000000247.jpg: 40.756 ms
/ultralytics/zoo/dataset/coco128/images/train2017/000000000250.jpg: 20.258 ms
/ultralytics/zoo/dataset/coco128/images/train2017/000000000257.jpg: 152.999 ms
/ultralytics/zoo/dataset/coco128/images/train2017/000000000260.jpg: 58.939 ms
/ultralytics/zoo/dataset/coco128/images/train2017/000000000263.jpg: 42.138 ms
/ultralytics/zoo/dataset/coco128/images/train2017/000000000283.jpg: 38.246 ms
/ultralytics/zoo/dataset/coco128/images/train2017/000000000294.jpg: 41.238 ms
/ultralytics/zoo/dataset/coco128/images/train2017/000000000307.jpg: 35.542 ms
/ultralytics/zoo/dataset/coco128/images/train2017/000000000308.jpg: 72.203 ms
/ultralytics/zoo/dataset/coco128/images/train2017/000000000309.jpg: 42.555 ms
/ultralytics/zoo/dataset/coco128/images/train2017/000000000312.jpg: 40.745 ms
/ultralytics/zoo/dataset/coco128/images/train2017/000000000315.jpg: 89.347 ms
/ultralytics/zoo/dataset/coco128/images/train2017/000000000321.jpg: 34.491 ms
/ultralytics/zoo/dataset/coco128/images/train2017/000000000322.jpg: 34.936 ms
/ultralytics/zoo/dataset/coco128/images/train2017/000000000326.jpg: 30.799 ms
/ultralytics/zoo/dataset/coco128/images/train2017/000000000328.jpg: 40.895 ms
/ultralytics/zoo/dataset/coco128/images/train2017/000000000332.jpg: 51.356 ms
/ultralytics/zoo/dataset/coco128/images/train2017/000000000338.jpg: 36.953 ms
/ultralytics/zoo/dataset/coco128/images/train2017/000000000349.jpg: 38.180 ms
/ultralytics/zoo/dataset/coco128/images/train2017/000000000357.jpg: 56.047 ms
/ultralytics/zoo/dataset/coco128/images/train2017/000000000359.jpg: 41.020 ms
/ultralytics/zoo/dataset/coco128/images/train2017/000000000360.jpg: 27.926 ms
/ultralytics/zoo/dataset/coco128/images/train2017/000000000368.jpg: 73.019 ms
/ultralytics/zoo/dataset/coco128/images/train2017/000000000370.jpg: 33.000 ms
/ultralytics/zoo/dataset/coco128/images/train2017/000000000382.jpg: 42.312 ms
/ultralytics/zoo/dataset/coco128/images/train2017/000000000384.jpg: 59.664 ms
/ultralytics/zoo/dataset/coco128/images/train2017/000000000387.jpg: 41.355 ms
/ultralytics/zoo/dataset/coco128/images/train2017/000000000389.jpg: 86.815 ms
/ultralytics/zoo/dataset/coco128/images/train2017/000000000394.jpg: 38.959 ms
/ultralytics/zoo/dataset/coco128/images/train2017/000000000395.jpg: 70.265 ms
/ultralytics/zoo/dataset/coco128/images/train2017/000000000397.jpg: 39.471 ms
/ultralytics/zoo/dataset/coco128/images/train2017/000000000400.jpg: 39.904 ms
/ultralytics/zoo/dataset/coco128/images/train2017/000000000404.jpg: 39.034 ms
/ultralytics/zoo/dataset/coco128/images/train2017/000000000415.jpg: 36.376 ms
/ultralytics/zoo/dataset/coco128/images/train2017/000000000419.jpg: 36.371 ms
/ultralytics/zoo/dataset/coco128/images/train2017/000000000428.jpg: 41.394 ms
/ultralytics/zoo/dataset/coco128/images/train2017/000000000431.jpg: 49.472 ms
/ultralytics/zoo/dataset/coco128/images/train2017/000000000436.jpg: 43.303 ms
/ultralytics/zoo/dataset/coco128/images/train2017/000000000438.jpg: 109.884 ms
/ultralytics/zoo/dataset/coco128/images/train2017/000000000443.jpg: 53.064 ms
/ultralytics/zoo/dataset/coco128/images/train2017/000000000446.jpg: 38.767 ms
/ultralytics/zoo/dataset/coco128/images/train2017/000000000450.jpg: 60.737 ms
/ultralytics/zoo/dataset/coco128/images/train2017/000000000459.jpg: 36.727 ms
/ultralytics/zoo/dataset/coco128/images/train2017/000000000471.jpg: 36.689 ms
/ultralytics/zoo/dataset/coco128/images/train2017/000000000472.jpg: 30.053 ms
/ultralytics/zoo/dataset/coco128/images/train2017/000000000474.jpg: 43.384 ms
/ultralytics/zoo/dataset/coco128/images/train2017/000000000486.jpg: 41.135 ms
/ultralytics/zoo/dataset/coco128/images/train2017/000000000488.jpg: 32.790 ms
/ultralytics/zoo/dataset/coco128/images/train2017/000000000490.jpg: 30.022 ms
/ultralytics/zoo/dataset/coco128/images/train2017/000000000491.jpg: 28.448 ms
/ultralytics/zoo/dataset/coco128/images/train2017/000000000502.jpg: 21.085 ms
/ultralytics/zoo/dataset/coco128/images/train2017/000000000508.jpg: 15.020 ms
/ultralytics/zoo/dataset/coco128/images/train2017/000000000510.jpg: 22.368 ms
/ultralytics/zoo/dataset/coco128/images/train2017/000000000514.jpg: 19.146 ms
/ultralytics/zoo/dataset/coco128/images/train2017/000000000520.jpg: 26.675 ms
/ultralytics/zoo/dataset/coco128/images/train2017/000000000529.jpg: 20.337 ms
/ultralytics/zoo/dataset/coco128/images/train2017/000000000531.jpg: 32.919 ms
/ultralytics/zoo/dataset/coco128/images/train2017/000000000532.jpg: 24.611 ms
/ultralytics/zoo/dataset/coco128/images/train2017/000000000536.jpg: 25.497 ms
avg: 59.911 ms

