[yolo11n-cls] dataset=/ultralytics/zoo/dataset/CIFAR100 count=100 imgsz=224
Using CUDA runtime cudaDeviceSynchronize() for accurate TensorRT synchronization
/ultralytics/zoo/dataset/CIFAR100/airplane/data_batch_1_00029.png: 9.217 ms
/ultralytics/zoo/dataset/CIFAR100/airplane/data_batch_1_00030.png: 6.651 ms
/ultralytics/zoo/dataset/CIFAR100/airplane/data_batch_1_00035.png: 6.129 ms
/ultralytics/zoo/dataset/CIFAR100/airplane/data_batch_1_00049.png: 7.733 ms
/ultralytics/zoo/dataset/CIFAR100/airplane/data_batch_1_00077.png: 6.957 ms
/ultralytics/zoo/dataset/CIFAR100/airplane/data_batch_1_00093.png: 6.009 ms
/ultralytics/zoo/dataset/CIFAR100/airplane/data_batch_1_00115.png: 5.882 ms
/ultralytics/zoo/dataset/CIFAR100/airplane/data_batch_1_00116.png: 8.070 ms
/ultralytics/zoo/dataset/CIFAR100/airplane/data_batch_1_00129.png: 8.938 ms
/ultralytics/zoo/dataset/CIFAR100/airplane/data_batch_1_00165.png: 7.054 ms
/ultralytics/zoo/dataset/CIFAR100/automobile/data_batch_1_00004.png: 6.061 ms
/ultralytics/zoo/dataset/CIFAR100/automobile/data_batch_1_00005.png: 6.141 ms
/ultralytics/zoo/dataset/CIFAR100/automobile/data_batch_1_00032.png: 5.957 ms
/ultralytics/zoo/dataset/CIFAR100/automobile/data_batch_1_00044.png: 8.056 ms
/ultralytics/zoo/dataset/CIFAR100/automobile/data_batch_1_00045.png: 8.789 ms
/ultralytics/zoo/dataset/CIFAR100/automobile/data_batch_1_00046.png: 7.153 ms
/ultralytics/zoo/dataset/CIFAR100/automobile/data_batch_1_00060.png: 6.118 ms
/ultralytics/zoo/dataset/CIFAR100/automobile/data_batch_1_00061.png: 6.216 ms
/ultralytics/zoo/dataset/CIFAR100/automobile/data_batch_1_00064.png: 6.163 ms
/ultralytics/zoo/dataset/CIFAR100/automobile/data_batch_1_00065.png: 7.902 ms
/ultralytics/zoo/dataset/CIFAR100/bird/data_batch_1_00006.png: 6.407 ms
/ultralytics/zoo/dataset/CIFAR100/bird/data_batch_1_00013.png: 8.014 ms
/ultralytics/zoo/dataset/CIFAR100/bird/data_batch_1_00018.png: 6.643 ms
/ultralytics/zoo/dataset/CIFAR100/bird/data_batch_1_00024.png: 9.351 ms
/ultralytics/zoo/dataset/CIFAR100/bird/data_batch_1_00041.png: 6.406 ms
/ultralytics/zoo/dataset/CIFAR100/bird/data_batch_1_00042.png: 6.193 ms
/ultralytics/zoo/dataset/CIFAR100/bird/data_batch_1_00047.png: 6.418 ms
/ultralytics/zoo/dataset/CIFAR100/bird/data_batch_1_00048.png: 6.019 ms
/ultralytics/zoo/dataset/CIFAR100/bird/data_batch_1_00054.png: 6.855 ms
/ultralytics/zoo/dataset/CIFAR100/bird/data_batch_1_00055.png: 6.576 ms
/ultralytics/zoo/dataset/CIFAR100/cat/data_batch_1_00009.png: 6.560 ms
/ultralytics/zoo/dataset/CIFAR100/cat/data_batch_1_00017.png: 7.722 ms
/ultralytics/zoo/dataset/CIFAR100/cat/data_batch_1_00021.png: 5.760 ms
/ultralytics/zoo/dataset/CIFAR100/cat/data_batch_1_00026.png: 6.307 ms
/ultralytics/zoo/dataset/CIFAR100/cat/data_batch_1_00033.png: 6.102 ms
/ultralytics/zoo/dataset/CIFAR100/cat/data_batch_1_00036.png: 5.969 ms
/ultralytics/zoo/dataset/CIFAR100/cat/data_batch_1_00038.png: 6.698 ms
/ultralytics/zoo/dataset/CIFAR100/cat/data_batch_1_00039.png: 6.940 ms
/ultralytics/zoo/dataset/CIFAR100/cat/data_batch_1_00059.png: 6.899 ms
/ultralytics/zoo/dataset/CIFAR100/cat/data_batch_1_00074.png: 7.146 ms
/ultralytics/zoo/dataset/CIFAR100/deer/data_batch_1_00003.png: 7.039 ms
/ultralytics/zoo/dataset/CIFAR100/deer/data_batch_1_00010.png: 8.296 ms
/ultralytics/zoo/dataset/CIFAR100/deer/data_batch_1_00020.png: 8.717 ms
/ultralytics/zoo/dataset/CIFAR100/deer/data_batch_1_00028.png: 6.299 ms
/ultralytics/zoo/dataset/CIFAR100/deer/data_batch_1_00034.png: 6.315 ms
/ultralytics/zoo/dataset/CIFAR100/deer/data_batch_1_00058.png: 6.312 ms
/ultralytics/zoo/dataset/CIFAR100/deer/data_batch_1_00066.png: 7.572 ms
/ultralytics/zoo/dataset/CIFAR100/deer/data_batch_1_00082.png: 6.658 ms
/ultralytics/zoo/dataset/CIFAR100/deer/data_batch_1_00086.png: 7.092 ms
/ultralytics/zoo/dataset/CIFAR100/deer/data_batch_1_00089.png: 6.206 ms
/ultralytics/zoo/dataset/CIFAR100/dog/data_batch_1_00027.png: 6.094 ms
/ultralytics/zoo/dataset/CIFAR100/dog/data_batch_1_00040.png: 6.014 ms
/ultralytics/zoo/dataset/CIFAR100/dog/data_batch_1_00051.png: 7.205 ms
/ultralytics/zoo/dataset/CIFAR100/dog/data_batch_1_00056.png: 6.535 ms
/ultralytics/zoo/dataset/CIFAR100/dog/data_batch_1_00070.png: 5.770 ms
/ultralytics/zoo/dataset/CIFAR100/dog/data_batch_1_00081.png: 6.141 ms
/ultralytics/zoo/dataset/CIFAR100/dog/data_batch_1_00083.png: 7.520 ms
/ultralytics/zoo/dataset/CIFAR100/dog/data_batch_1_00107.png: 6.417 ms
/ultralytics/zoo/dataset/CIFAR100/dog/data_batch_1_00128.png: 7.020 ms
/ultralytics/zoo/dataset/CIFAR100/dog/data_batch_1_00148.png: 5.694 ms
/ultralytics/zoo/dataset/CIFAR100/frog/data_batch_1_00000.png: 6.106 ms
/ultralytics/zoo/dataset/CIFAR100/frog/data_batch_1_00019.png: 7.239 ms
/ultralytics/zoo/dataset/CIFAR100/frog/data_batch_1_00022.png: 7.071 ms
/ultralytics/zoo/dataset/CIFAR100/frog/data_batch_1_00023.png: 6.551 ms
/ultralytics/zoo/dataset/CIFAR100/frog/data_batch_1_00025.png: 7.910 ms
/ultralytics/zoo/dataset/CIFAR100/frog/data_batch_1_00072.png: 6.027 ms
/ultralytics/zoo/dataset/CIFAR100/frog/data_batch_1_00095.png: 6.441 ms
/ultralytics/zoo/dataset/CIFAR100/frog/data_batch_1_00103.png: 6.758 ms
/ultralytics/zoo/dataset/CIFAR100/frog/data_batch_1_00104.png: 7.065 ms
/ultralytics/zoo/dataset/CIFAR100/frog/data_batch_1_00117.png: 8.370 ms
/ultralytics/zoo/dataset/CIFAR100/horse/data_batch_1_00007.png: 7.000 ms
/ultralytics/zoo/dataset/CIFAR100/horse/data_batch_1_00011.png: 7.584 ms
/ultralytics/zoo/dataset/CIFAR100/horse/data_batch_1_00012.png: 5.946 ms
/ultralytics/zoo/dataset/CIFAR100/horse/data_batch_1_00037.png: 6.639 ms
/ultralytics/zoo/dataset/CIFAR100/horse/data_batch_1_00043.png: 5.930 ms
/ultralytics/zoo/dataset/CIFAR100/horse/data_batch_1_00052.png: 7.913 ms
/ultralytics/zoo/dataset/CIFAR100/horse/data_batch_1_00068.png: 5.899 ms
/ultralytics/zoo/dataset/CIFAR100/horse/data_batch_1_00073.png: 5.799 ms
/ultralytics/zoo/dataset/CIFAR100/horse/data_batch_1_00084.png: 7.835 ms
/ultralytics/zoo/dataset/CIFAR100/horse/data_batch_1_00085.png: 6.962 ms
/ultralytics/zoo/dataset/CIFAR100/ship/data_batch_1_00008.png: 6.123 ms
/ultralytics/zoo/dataset/CIFAR100/ship/data_batch_1_00062.png: 6.906 ms
/ultralytics/zoo/dataset/CIFAR100/ship/data_batch_1_00069.png: 5.814 ms
/ultralytics/zoo/dataset/CIFAR100/ship/data_batch_1_00092.png: 6.218 ms
/ultralytics/zoo/dataset/CIFAR100/ship/data_batch_1_00100.png: 9.341 ms
/ultralytics/zoo/dataset/CIFAR100/ship/data_batch_1_00106.png: 6.005 ms
/ultralytics/zoo/dataset/CIFAR100/ship/data_batch_1_00111.png: 8.206 ms
/ultralytics/zoo/dataset/CIFAR100/ship/data_batch_1_00135.png: 6.015 ms
/ultralytics/zoo/dataset/CIFAR100/ship/data_batch_1_00139.png: 6.197 ms
/ultralytics/zoo/dataset/CIFAR100/ship/data_batch_1_00155.png: 6.023 ms
/ultralytics/zoo/dataset/CIFAR100/truck/data_batch_1_00001.png: 5.792 ms
/ultralytics/zoo/dataset/CIFAR100/truck/data_batch_1_00002.png: 5.737 ms
/ultralytics/zoo/dataset/CIFAR100/truck/data_batch_1_00014.png: 7.572 ms
/ultralytics/zoo/dataset/CIFAR100/truck/data_batch_1_00015.png: 6.443 ms
/ultralytics/zoo/dataset/CIFAR100/truck/data_batch_1_00016.png: 5.979 ms
/ultralytics/zoo/dataset/CIFAR100/truck/data_batch_1_00031.png: 5.970 ms
/ultralytics/zoo/dataset/CIFAR100/truck/data_batch_1_00050.png: 5.779 ms
/ultralytics/zoo/dataset/CIFAR100/truck/data_batch_1_00053.png: 6.008 ms
/ultralytics/zoo/dataset/CIFAR100/truck/data_batch_1_00067.png: 8.666 ms
/ultralytics/zoo/dataset/CIFAR100/truck/data_batch_1_00071.png: 5.873 ms
avg: 6.788 ms
