[yolo11n-obb] dataset=/ultralytics/zoo/dataset/DOTA100/images count=100 imgsz=640
Using CUDA runtime cudaDeviceSynchronize() for accurate TensorRT synchronization
/ultralytics/zoo/dataset/DOTA100/images/train/000000000025.jpg: 34.633 ms
/ultralytics/zoo/dataset/DOTA100/images/train/000000000034.jpg: 22.255 ms
/ultralytics/zoo/dataset/DOTA100/images/train/000000000036.jpg: 26.263 ms
/ultralytics/zoo/dataset/DOTA100/images/train/000000000042.jpg: 32.374 ms
/ultralytics/zoo/dataset/DOTA100/images/train/000000000064.jpg: 32.768 ms
/ultralytics/zoo/dataset/DOTA100/images/train/000000000071.jpg: 37.096 ms
/ultralytics/zoo/dataset/DOTA100/images/train/000000000073.jpg: 31.558 ms
/ultralytics/zoo/dataset/DOTA100/images/train/000000000074.jpg: 35.108 ms
/ultralytics/zoo/dataset/DOTA100/images/train/000000000078.jpg: 30.592 ms
/ultralytics/zoo/dataset/DOTA100/images/train/000000000089.jpg: 31.745 ms
/ultralytics/zoo/dataset/DOTA100/images/train/000000000094.jpg: 17.563 ms
/ultralytics/zoo/dataset/DOTA100/images/train/000000000110.jpg: 26.869 ms
/ultralytics/zoo/dataset/DOTA100/images/train/000000000136.jpg: 29.040 ms
/ultralytics/zoo/dataset/DOTA100/images/train/000000000138.jpg: 24.438 ms
/ultralytics/zoo/dataset/DOTA100/images/train/000000000142.jpg: 29.130 ms
/ultralytics/zoo/dataset/DOTA100/images/train/000000000143.jpg: 28.363 ms
/ultralytics/zoo/dataset/DOTA100/images/train/000000000151.jpg: 19.878 ms
/ultralytics/zoo/dataset/DOTA100/images/train/000000000154.jpg: 30.830 ms
/ultralytics/zoo/dataset/DOTA100/images/train/000000000164.jpg: 17.873 ms
/ultralytics/zoo/dataset/DOTA100/images/train/000000000196.jpg: 30.703 ms
/ultralytics/zoo/dataset/DOTA100/images/train/000000000208.jpg: 23.545 ms
/ultralytics/zoo/dataset/DOTA100/images/train/000000000241.jpg: 31.634 ms
/ultralytics/zoo/dataset/DOTA100/images/train/000000000247.jpg: 29.895 ms
/ultralytics/zoo/dataset/DOTA100/images/train/000000000260.jpg: 29.193 ms
/ultralytics/zoo/dataset/DOTA100/images/train/000000000294.jpg: 34.309 ms
/ultralytics/zoo/dataset/DOTA100/images/train/000000000308.jpg: 22.793 ms
/ultralytics/zoo/dataset/DOTA100/images/train/000000000309.jpg: 25.492 ms
/ultralytics/zoo/dataset/DOTA100/images/train/000000000312.jpg: 27.862 ms
/ultralytics/zoo/dataset/DOTA100/images/train/000000000321.jpg: 30.235 ms
/ultralytics/zoo/dataset/DOTA100/images/train/000000000322.jpg: 23.517 ms
/ultralytics/zoo/dataset/DOTA100/images/train/000000000326.jpg: 18.385 ms
/ultralytics/zoo/dataset/DOTA100/images/train/000000000328.jpg: 25.062 ms
/ultralytics/zoo/dataset/DOTA100/images/train/000000000338.jpg: 16.865 ms
/ultralytics/zoo/dataset/DOTA100/images/train/000000000357.jpg: 16.873 ms
/ultralytics/zoo/dataset/DOTA100/images/train/000000000360.jpg: 25.835 ms
/ultralytics/zoo/dataset/DOTA100/images/train/000000000368.jpg: 26.016 ms
/ultralytics/zoo/dataset/DOTA100/images/train/000000000382.jpg: 23.711 ms
/ultralytics/zoo/dataset/DOTA100/images/train/000000000387.jpg: 24.749 ms
/ultralytics/zoo/dataset/DOTA100/images/train/000000000389.jpg: 35.234 ms
/ultralytics/zoo/dataset/DOTA100/images/train/000000000395.jpg: 22.117 ms
/ultralytics/zoo/dataset/DOTA100/images/train/000000000400.jpg: 22.491 ms
/ultralytics/zoo/dataset/DOTA100/images/train/000000000404.jpg: 27.632 ms
/ultralytics/zoo/dataset/DOTA100/images/train/000000000415.jpg: 30.953 ms
/ultralytics/zoo/dataset/DOTA100/images/train/000000000419.jpg: 18.122 ms
/ultralytics/zoo/dataset/DOTA100/images/train/000000000431.jpg: 24.042 ms
/ultralytics/zoo/dataset/DOTA100/images/train/000000000436.jpg: 15.420 ms
/ultralytics/zoo/dataset/DOTA100/images/train/000000000438.jpg: 34.550 ms
/ultralytics/zoo/dataset/DOTA100/images/train/000000000443.jpg: 24.556 ms
/ultralytics/zoo/dataset/DOTA100/images/train/000000000450.jpg: 22.588 ms
/ultralytics/zoo/dataset/DOTA100/images/train/000000000459.jpg: 26.610 ms
/ultralytics/zoo/dataset/DOTA100/images/train/000000000471.jpg: 17.452 ms
/ultralytics/zoo/dataset/DOTA100/images/train/000000000472.jpg: 20.802 ms
/ultralytics/zoo/dataset/DOTA100/images/train/000000000488.jpg: 27.145 ms
/ultralytics/zoo/dataset/DOTA100/images/train/000000000491.jpg: 28.979 ms
/ultralytics/zoo/dataset/DOTA100/images/train/000000000502.jpg: 36.399 ms
/ultralytics/zoo/dataset/DOTA100/images/train/000000000508.jpg: 17.736 ms
/ultralytics/zoo/dataset/DOTA100/images/train/000000000520.jpg: 29.535 ms
/ultralytics/zoo/dataset/DOTA100/images/train/000000000529.jpg: 22.354 ms
/ultralytics/zoo/dataset/DOTA100/images/train/000000000531.jpg: 16.969 ms
/ultralytics/zoo/dataset/DOTA100/images/train/000000000540.jpg: 29.397 ms
/ultralytics/zoo/dataset/DOTA100/images/train/000000000544.jpg: 28.303 ms
/ultralytics/zoo/dataset/DOTA100/images/train/000000000560.jpg: 29.800 ms
/ultralytics/zoo/dataset/DOTA100/images/train/000000000562.jpg: 24.222 ms
/ultralytics/zoo/dataset/DOTA100/images/train/000000000564.jpg: 27.831 ms
/ultralytics/zoo/dataset/DOTA100/images/train/000000000572.jpg: 22.493 ms
/ultralytics/zoo/dataset/DOTA100/images/train/000000000575.jpg: 21.378 ms
/ultralytics/zoo/dataset/DOTA100/images/train/000000000581.jpg: 20.955 ms
/ultralytics/zoo/dataset/DOTA100/images/train/000000000584.jpg: 16.839 ms
/ultralytics/zoo/dataset/DOTA100/images/train/000000000590.jpg: 28.743 ms
/ultralytics/zoo/dataset/DOTA100/images/train/000000000595.jpg: 22.586 ms
/ultralytics/zoo/dataset/DOTA100/images/train/000000000597.jpg: 26.167 ms
/ultralytics/zoo/dataset/DOTA100/images/train/000000000599.jpg: 24.151 ms
/ultralytics/zoo/dataset/DOTA100/images/train/000000000620.jpg: 19.040 ms
/ultralytics/zoo/dataset/DOTA100/images/train/000000000625.jpg: 18.722 ms
/ultralytics/zoo/dataset/DOTA100/images/train/000000000626.jpg: 31.065 ms
/ultralytics/zoo/dataset/DOTA100/images/train/000000000629.jpg: 17.230 ms
/ultralytics/zoo/dataset/DOTA100/images/train/000000000636.jpg: 34.924 ms
/ultralytics/zoo/dataset/DOTA100/images/train/000000000641.jpg: 21.931 ms
/ultralytics/zoo/dataset/DOTA100/images/train/000000000643.jpg: 33.304 ms
/ultralytics/zoo/dataset/DOTA100/images/train/000000000650.jpg: 17.061 ms
/ultralytics/zoo/dataset/DOTA100/images/val/000000000009.jpg: 21.304 ms
/ultralytics/zoo/dataset/DOTA100/images/val/000000000049.jpg: 25.193 ms
/ultralytics/zoo/dataset/DOTA100/images/val/000000000077.jpg: 23.174 ms
/ultralytics/zoo/dataset/DOTA100/images/val/000000000133.jpg: 17.611 ms
/ultralytics/zoo/dataset/DOTA100/images/val/000000000144.jpg: 29.174 ms
/ultralytics/zoo/dataset/DOTA100/images/val/000000000201.jpg: 38.010 ms
/ultralytics/zoo/dataset/DOTA100/images/val/000000000263.jpg: 25.559 ms
/ultralytics/zoo/dataset/DOTA100/images/val/000000000315.jpg: 20.204 ms
/ultralytics/zoo/dataset/DOTA100/images/val/000000000332.jpg: 21.936 ms
/ultralytics/zoo/dataset/DOTA100/images/val/000000000370.jpg: 17.768 ms
/ultralytics/zoo/dataset/DOTA100/images/val/000000000397.jpg: 30.763 ms
/ultralytics/zoo/dataset/DOTA100/images/val/000000000428.jpg: 26.003 ms
/ultralytics/zoo/dataset/DOTA100/images/val/000000000446.jpg: 17.528 ms
/ultralytics/zoo/dataset/DOTA100/images/val/000000000474.jpg: 27.255 ms
/ultralytics/zoo/dataset/DOTA100/images/val/000000000510.jpg: 24.988 ms
/ultralytics/zoo/dataset/DOTA100/images/val/000000000542.jpg: 30.984 ms
/ultralytics/zoo/dataset/DOTA100/images/val/000000000569.jpg: 20.410 ms
/ultralytics/zoo/dataset/DOTA100/images/val/000000000589.jpg: 24.827 ms
/ultralytics/zoo/dataset/DOTA100/images/val/000000000612.jpg: 27.912 ms
/ultralytics/zoo/dataset/DOTA100/images/val/000000000634.jpg: 21.108 ms
avg: 25.546 ms
