[yolo11n-obb] dataset=/ultralytics/zoo/dataset/DOTA100/images count=100 imgsz=640
Using CUDA runtime cudaDeviceSynchronize() for accurate TensorRT synchronization
/ultralytics/zoo/dataset/DOTA100/images/train/000000000025.jpg: 36.595 ms
/ultralytics/zoo/dataset/DOTA100/images/train/000000000034.jpg: 28.571 ms
/ultralytics/zoo/dataset/DOTA100/images/train/000000000036.jpg: 21.593 ms
/ultralytics/zoo/dataset/DOTA100/images/train/000000000042.jpg: 41.923 ms
/ultralytics/zoo/dataset/DOTA100/images/train/000000000064.jpg: 31.663 ms
/ultralytics/zoo/dataset/DOTA100/images/train/000000000071.jpg: 36.182 ms
/ultralytics/zoo/dataset/DOTA100/images/train/000000000073.jpg: 26.525 ms
/ultralytics/zoo/dataset/DOTA100/images/train/000000000074.jpg: 26.700 ms
/ultralytics/zoo/dataset/DOTA100/images/train/000000000078.jpg: 42.986 ms
/ultralytics/zoo/dataset/DOTA100/images/train/000000000089.jpg: 28.888 ms
/ultralytics/zoo/dataset/DOTA100/images/train/000000000094.jpg: 24.618 ms
/ultralytics/zoo/dataset/DOTA100/images/train/000000000110.jpg: 35.314 ms
/ultralytics/zoo/dataset/DOTA100/images/train/000000000136.jpg: 42.049 ms
/ultralytics/zoo/dataset/DOTA100/images/train/000000000138.jpg: 25.238 ms
/ultralytics/zoo/dataset/DOTA100/images/train/000000000142.jpg: 47.972 ms
/ultralytics/zoo/dataset/DOTA100/images/train/000000000143.jpg: 43.371 ms
/ultralytics/zoo/dataset/DOTA100/images/train/000000000151.jpg: 30.696 ms
/ultralytics/zoo/dataset/DOTA100/images/train/000000000154.jpg: 36.340 ms
/ultralytics/zoo/dataset/DOTA100/images/train/000000000164.jpg: 33.449 ms
/ultralytics/zoo/dataset/DOTA100/images/train/000000000196.jpg: 41.429 ms
/ultralytics/zoo/dataset/DOTA100/images/train/000000000208.jpg: 23.206 ms
/ultralytics/zoo/dataset/DOTA100/images/train/000000000241.jpg: 34.535 ms
/ultralytics/zoo/dataset/DOTA100/images/train/000000000247.jpg: 21.363 ms
/ultralytics/zoo/dataset/DOTA100/images/train/000000000260.jpg: 30.466 ms
/ultralytics/zoo/dataset/DOTA100/images/train/000000000294.jpg: 27.195 ms
/ultralytics/zoo/dataset/DOTA100/images/train/000000000308.jpg: 32.887 ms
/ultralytics/zoo/dataset/DOTA100/images/train/000000000309.jpg: 27.328 ms
/ultralytics/zoo/dataset/DOTA100/images/train/000000000312.jpg: 25.825 ms
/ultralytics/zoo/dataset/DOTA100/images/train/000000000321.jpg: 21.385 ms
/ultralytics/zoo/dataset/DOTA100/images/train/000000000322.jpg: 33.855 ms
/ultralytics/zoo/dataset/DOTA100/images/train/000000000326.jpg: 25.043 ms
/ultralytics/zoo/dataset/DOTA100/images/train/000000000328.jpg: 38.900 ms
/ultralytics/zoo/dataset/DOTA100/images/train/000000000338.jpg: 21.348 ms
/ultralytics/zoo/dataset/DOTA100/images/train/000000000357.jpg: 22.061 ms
/ultralytics/zoo/dataset/DOTA100/images/train/000000000360.jpg: 28.078 ms
/ultralytics/zoo/dataset/DOTA100/images/train/000000000368.jpg: 26.156 ms
/ultralytics/zoo/dataset/DOTA100/images/train/000000000382.jpg: 28.217 ms
/ultralytics/zoo/dataset/DOTA100/images/train/000000000387.jpg: 37.687 ms
/ultralytics/zoo/dataset/DOTA100/images/train/000000000389.jpg: 40.300 ms
/ultralytics/zoo/dataset/DOTA100/images/train/000000000395.jpg: 26.532 ms
/ultralytics/zoo/dataset/DOTA100/images/train/000000000400.jpg: 18.992 ms
/ultralytics/zoo/dataset/DOTA100/images/train/000000000404.jpg: 19.231 ms
/ultralytics/zoo/dataset/DOTA100/images/train/000000000415.jpg: 37.683 ms
/ultralytics/zoo/dataset/DOTA100/images/train/000000000419.jpg: 32.848 ms
/ultralytics/zoo/dataset/DOTA100/images/train/000000000431.jpg: 27.888 ms
/ultralytics/zoo/dataset/DOTA100/images/train/000000000436.jpg: 39.187 ms
/ultralytics/zoo/dataset/DOTA100/images/train/000000000438.jpg: 47.040 ms
/ultralytics/zoo/dataset/DOTA100/images/train/000000000443.jpg: 23.325 ms
/ultralytics/zoo/dataset/DOTA100/images/train/000000000450.jpg: 23.930 ms
/ultralytics/zoo/dataset/DOTA100/images/train/000000000459.jpg: 34.158 ms
/ultralytics/zoo/dataset/DOTA100/images/train/000000000471.jpg: 31.234 ms
/ultralytics/zoo/dataset/DOTA100/images/train/000000000472.jpg: 19.255 ms
/ultralytics/zoo/dataset/DOTA100/images/train/000000000488.jpg: 25.880 ms
/ultralytics/zoo/dataset/DOTA100/images/train/000000000491.jpg: 40.227 ms
/ultralytics/zoo/dataset/DOTA100/images/train/000000000502.jpg: 22.253 ms
/ultralytics/zoo/dataset/DOTA100/images/train/000000000508.jpg: 22.273 ms
/ultralytics/zoo/dataset/DOTA100/images/train/000000000520.jpg: 36.138 ms
/ultralytics/zoo/dataset/DOTA100/images/train/000000000529.jpg: 20.443 ms
/ultralytics/zoo/dataset/DOTA100/images/train/000000000531.jpg: 38.889 ms
/ultralytics/zoo/dataset/DOTA100/images/train/000000000540.jpg: 36.403 ms
/ultralytics/zoo/dataset/DOTA100/images/train/000000000544.jpg: 34.762 ms
/ultralytics/zoo/dataset/DOTA100/images/train/000000000560.jpg: 46.807 ms
/ultralytics/zoo/dataset/DOTA100/images/train/000000000562.jpg: 27.571 ms
/ultralytics/zoo/dataset/DOTA100/images/train/000000000564.jpg: 36.611 ms
/ultralytics/zoo/dataset/DOTA100/images/train/000000000572.jpg: 30.383 ms
/ultralytics/zoo/dataset/DOTA100/images/train/000000000575.jpg: 34.430 ms
/ultralytics/zoo/dataset/DOTA100/images/train/000000000581.jpg: 27.661 ms
/ultralytics/zoo/dataset/DOTA100/images/train/000000000584.jpg: 23.090 ms
/ultralytics/zoo/dataset/DOTA100/images/train/000000000590.jpg: 30.747 ms
/ultralytics/zoo/dataset/DOTA100/images/train/000000000595.jpg: 21.810 ms
/ultralytics/zoo/dataset/DOTA100/images/train/000000000597.jpg: 27.870 ms
/ultralytics/zoo/dataset/DOTA100/images/train/000000000599.jpg: 38.647 ms
/ultralytics/zoo/dataset/DOTA100/images/train/000000000620.jpg: 30.352 ms
/ultralytics/zoo/dataset/DOTA100/images/train/000000000625.jpg: 26.946 ms
/ultralytics/zoo/dataset/DOTA100/images/train/000000000626.jpg: 37.577 ms
/ultralytics/zoo/dataset/DOTA100/images/train/000000000629.jpg: 31.843 ms
/ultralytics/zoo/dataset/DOTA100/images/train/000000000636.jpg: 40.278 ms
/ultralytics/zoo/dataset/DOTA100/images/train/000000000641.jpg: 27.510 ms
/ultralytics/zoo/dataset/DOTA100/images/train/000000000643.jpg: 45.676 ms
/ultralytics/zoo/dataset/DOTA100/images/train/000000000650.jpg: 33.393 ms
/ultralytics/zoo/dataset/DOTA100/images/val/000000000009.jpg: 35.260 ms
/ultralytics/zoo/dataset/DOTA100/images/val/000000000049.jpg: 29.543 ms
/ultralytics/zoo/dataset/DOTA100/images/val/000000000077.jpg: 33.656 ms
/ultralytics/zoo/dataset/DOTA100/images/val/000000000133.jpg: 25.191 ms
/ultralytics/zoo/dataset/DOTA100/images/val/000000000144.jpg: 40.405 ms
/ultralytics/zoo/dataset/DOTA100/images/val/000000000201.jpg: 47.079 ms
/ultralytics/zoo/dataset/DOTA100/images/val/000000000263.jpg: 23.905 ms
/ultralytics/zoo/dataset/DOTA100/images/val/000000000315.jpg: 26.011 ms
/ultralytics/zoo/dataset/DOTA100/images/val/000000000332.jpg: 23.103 ms
/ultralytics/zoo/dataset/DOTA100/images/val/000000000370.jpg: 32.438 ms
/ultralytics/zoo/dataset/DOTA100/images/val/000000000397.jpg: 37.780 ms
/ultralytics/zoo/dataset/DOTA100/images/val/000000000428.jpg: 31.570 ms
/ultralytics/zoo/dataset/DOTA100/images/val/000000000446.jpg: 25.092 ms
/ultralytics/zoo/dataset/DOTA100/images/val/000000000474.jpg: 43.359 ms
/ultralytics/zoo/dataset/DOTA100/images/val/000000000510.jpg: 41.436 ms
/ultralytics/zoo/dataset/DOTA100/images/val/000000000542.jpg: 39.886 ms
/ultralytics/zoo/dataset/DOTA100/images/val/000000000569.jpg: 33.448 ms
/ultralytics/zoo/dataset/DOTA100/images/val/000000000589.jpg: 28.003 ms
/ultralytics/zoo/dataset/DOTA100/images/val/000000000612.jpg: 44.081 ms
/ultralytics/zoo/dataset/DOTA100/images/val/000000000634.jpg: 22.484 ms
avg: 31.694 ms

[yolo11n-pose] dataset=/ultralytics/zoo/dataset/coco128/images/train2017 count=100 imgsz=640
Using CUDA runtime cudaDeviceSynchronize() for accurate TensorRT synchronization
/ultralytics/zoo/dataset/coco128/images/train2017/000000000009.jpg: 28.149 ms
/ultralytics/zoo/dataset/coco128/images/train2017/000000000025.jpg: 22.798 ms
/ultralytics/zoo/dataset/coco128/images/train2017/000000000030.jpg: 36.177 ms
/ultralytics/zoo/dataset/coco128/images/train2017/000000000034.jpg: 33.735 ms
/ultralytics/zoo/dataset/coco128/images/train2017/000000000036.jpg: 32.496 ms
/ultralytics/zoo/dataset/coco128/images/train2017/000000000042.jpg: 20.205 ms
/ultralytics/zoo/dataset/coco128/images/train2017/000000000049.jpg: 40.072 ms
/ultralytics/zoo/dataset/coco128/images/train2017/000000000061.jpg: 34.340 ms
/ultralytics/zoo/dataset/coco128/images/train2017/000000000064.jpg: 28.526 ms
/ultralytics/zoo/dataset/coco128/images/train2017/000000000071.jpg: 24.376 ms
/ultralytics/zoo/dataset/coco128/images/train2017/000000000072.jpg: 28.276 ms
/ultralytics/zoo/dataset/coco128/images/train2017/000000000073.jpg: 29.436 ms
/ultralytics/zoo/dataset/coco128/images/train2017/000000000074.jpg: 30.903 ms
/ultralytics/zoo/dataset/coco128/images/train2017/000000000077.jpg: 64.224 ms
/ultralytics/zoo/dataset/coco128/images/train2017/000000000078.jpg: 30.454 ms
/ultralytics/zoo/dataset/coco128/images/train2017/000000000081.jpg: 20.415 ms
/ultralytics/zoo/dataset/coco128/images/train2017/000000000086.jpg: 44.647 ms
/ultralytics/zoo/dataset/coco128/images/train2017/000000000089.jpg: 36.793 ms
/ultralytics/zoo/dataset/coco128/images/train2017/000000000092.jpg: 28.500 ms
/ultralytics/zoo/dataset/coco128/images/train2017/000000000094.jpg: 28.102 ms
/ultralytics/zoo/dataset/coco128/images/train2017/000000000109.jpg: 19.634 ms
/ultralytics/zoo/dataset/coco128/images/train2017/000000000110.jpg: 118.241 ms
/ultralytics/zoo/dataset/coco128/images/train2017/000000000113.jpg: 54.952 ms
/ultralytics/zoo/dataset/coco128/images/train2017/000000000127.jpg: 31.831 ms
/ultralytics/zoo/dataset/coco128/images/train2017/000000000133.jpg: 23.911 ms
/ultralytics/zoo/dataset/coco128/images/train2017/000000000136.jpg: 44.672 ms
/ultralytics/zoo/dataset/coco128/images/train2017/000000000138.jpg: 31.421 ms
/ultralytics/zoo/dataset/coco128/images/train2017/000000000142.jpg: 25.935 ms
/ultralytics/zoo/dataset/coco128/images/train2017/000000000143.jpg: 39.571 ms
/ultralytics/zoo/dataset/coco128/images/train2017/000000000144.jpg: 29.698 ms
/ultralytics/zoo/dataset/coco128/images/train2017/000000000149.jpg: 25.388 ms
/ultralytics/zoo/dataset/coco128/images/train2017/000000000151.jpg: 43.313 ms
/ultralytics/zoo/dataset/coco128/images/train2017/000000000154.jpg: 33.708 ms
/ultralytics/zoo/dataset/coco128/images/train2017/000000000164.jpg: 28.589 ms
/ultralytics/zoo/dataset/coco128/images/train2017/000000000165.jpg: 51.661 ms
/ultralytics/zoo/dataset/coco128/images/train2017/000000000192.jpg: 62.483 ms
/ultralytics/zoo/dataset/coco128/images/train2017/000000000194.jpg: 26.872 ms
/ultralytics/zoo/dataset/coco128/images/train2017/000000000196.jpg: 31.094 ms
/ultralytics/zoo/dataset/coco128/images/train2017/000000000201.jpg: 30.394 ms
/ultralytics/zoo/dataset/coco128/images/train2017/000000000208.jpg: 47.541 ms
/ultralytics/zoo/dataset/coco128/images/train2017/000000000241.jpg: 78.472 ms
/ultralytics/zoo/dataset/coco128/images/train2017/000000000247.jpg: 26.750 ms
/ultralytics/zoo/dataset/coco128/images/train2017/000000000250.jpg: 25.347 ms
/ultralytics/zoo/dataset/coco128/images/train2017/000000000257.jpg: 77.972 ms
/ultralytics/zoo/dataset/coco128/images/train2017/000000000260.jpg: 44.162 ms
/ultralytics/zoo/dataset/coco128/images/train2017/000000000263.jpg: 25.708 ms
/ultralytics/zoo/dataset/coco128/images/train2017/000000000283.jpg: 22.037 ms
/ultralytics/zoo/dataset/coco128/images/train2017/000000000294.jpg: 31.223 ms
/ultralytics/zoo/dataset/coco128/images/train2017/000000000307.jpg: 41.378 ms
/ultralytics/zoo/dataset/coco128/images/train2017/000000000308.jpg: 72.025 ms
/ultralytics/zoo/dataset/coco128/images/train2017/000000000309.jpg: 43.512 ms
/ultralytics/zoo/dataset/coco128/images/train2017/000000000312.jpg: 29.871 ms
/ultralytics/zoo/dataset/coco128/images/train2017/000000000315.jpg: 48.938 ms
/ultralytics/zoo/dataset/coco128/images/train2017/000000000321.jpg: 29.647 ms
/ultralytics/zoo/dataset/coco128/images/train2017/000000000322.jpg: 37.580 ms
/ultralytics/zoo/dataset/coco128/images/train2017/000000000326.jpg: 44.760 ms
/ultralytics/zoo/dataset/coco128/images/train2017/000000000328.jpg: 54.736 ms
/ultralytics/zoo/dataset/coco128/images/train2017/000000000332.jpg: 27.859 ms
/ultralytics/zoo/dataset/coco128/images/train2017/000000000338.jpg: 41.486 ms
/ultralytics/zoo/dataset/coco128/images/train2017/000000000349.jpg: 29.265 ms
/ultralytics/zoo/dataset/coco128/images/train2017/000000000357.jpg: 41.871 ms
/ultralytics/zoo/dataset/coco128/images/train2017/000000000359.jpg: 21.021 ms
/ultralytics/zoo/dataset/coco128/images/train2017/000000000360.jpg: 29.707 ms
/ultralytics/zoo/dataset/coco128/images/train2017/000000000368.jpg: 77.211 ms
/ultralytics/zoo/dataset/coco128/images/train2017/000000000370.jpg: 38.134 ms
/ultralytics/zoo/dataset/coco128/images/train2017/000000000382.jpg: 36.500 ms
/ultralytics/zoo/dataset/coco128/images/train2017/000000000384.jpg: 27.512 ms
/ultralytics/zoo/dataset/coco128/images/train2017/000000000387.jpg: 32.105 ms
/ultralytics/zoo/dataset/coco128/images/train2017/000000000389.jpg: 89.311 ms
/ultralytics/zoo/dataset/coco128/images/train2017/000000000394.jpg: 23.835 ms
/ultralytics/zoo/dataset/coco128/images/train2017/000000000395.jpg: 106.541 ms
/ultralytics/zoo/dataset/coco128/images/train2017/000000000397.jpg: 39.586 ms
/ultralytics/zoo/dataset/coco128/images/train2017/000000000400.jpg: 27.102 ms
/ultralytics/zoo/dataset/coco128/images/train2017/000000000404.jpg: 29.602 ms
/ultralytics/zoo/dataset/coco128/images/train2017/000000000415.jpg: 31.046 ms
/ultralytics/zoo/dataset/coco128/images/train2017/000000000419.jpg: 50.505 ms
/ultralytics/zoo/dataset/coco128/images/train2017/000000000428.jpg: 31.890 ms
/ultralytics/zoo/dataset/coco128/images/train2017/000000000431.jpg: 44.514 ms
/ultralytics/zoo/dataset/coco128/images/train2017/000000000436.jpg: 38.499 ms
/ultralytics/zoo/dataset/coco128/images/train2017/000000000438.jpg: 25.518 ms
/ultralytics/zoo/dataset/coco128/images/train2017/000000000443.jpg: 68.562 ms
/ultralytics/zoo/dataset/coco128/images/train2017/000000000446.jpg: 29.958 ms
/ultralytics/zoo/dataset/coco128/images/train2017/000000000450.jpg: 17.031 ms
/ultralytics/zoo/dataset/coco128/images/train2017/000000000459.jpg: 23.764 ms
/ultralytics/zoo/dataset/coco128/images/train2017/000000000471.jpg: 16.589 ms
/ultralytics/zoo/dataset/coco128/images/train2017/000000000472.jpg: 15.434 ms
/ultralytics/zoo/dataset/coco128/images/train2017/000000000474.jpg: 25.497 ms
/ultralytics/zoo/dataset/coco128/images/train2017/000000000486.jpg: 20.349 ms
/ultralytics/zoo/dataset/coco128/images/train2017/000000000488.jpg: 34.096 ms
/ultralytics/zoo/dataset/coco128/images/train2017/000000000490.jpg: 24.964 ms
/ultralytics/zoo/dataset/coco128/images/train2017/000000000491.jpg: 19.791 ms
/ultralytics/zoo/dataset/coco128/images/train2017/000000000502.jpg: 20.824 ms
/ultralytics/zoo/dataset/coco128/images/train2017/000000000508.jpg: 18.331 ms
/ultralytics/zoo/dataset/coco128/images/train2017/000000000510.jpg: 32.018 ms
/ultralytics/zoo/dataset/coco128/images/train2017/000000000514.jpg: 20.983 ms
/ultralytics/zoo/dataset/coco128/images/train2017/000000000520.jpg: 22.472 ms
/ultralytics/zoo/dataset/coco128/images/train2017/000000000529.jpg: 30.030 ms
/ultralytics/zoo/dataset/coco128/images/train2017/000000000531.jpg: 34.822 ms
/ultralytics/zoo/dataset/coco128/images/train2017/000000000532.jpg: 34.852 ms
/ultralytics/zoo/dataset/coco128/images/train2017/000000000536.jpg: 44.108 ms
avg: 36.727 ms

[yolo11n-cls] dataset=/ultralytics/zoo/dataset/CIFAR100 count=100 imgsz=224
Using CUDA runtime cudaDeviceSynchronize() for accurate TensorRT synchronization
/ultralytics/zoo/dataset/CIFAR100/airplane/data_batch_1_00029.png: 9.359 ms
/ultralytics/zoo/dataset/CIFAR100/airplane/data_batch_1_00030.png: 7.322 ms
/ultralytics/zoo/dataset/CIFAR100/airplane/data_batch_1_00035.png: 6.822 ms
/ultralytics/zoo/dataset/CIFAR100/airplane/data_batch_1_00049.png: 6.218 ms
/ultralytics/zoo/dataset/CIFAR100/airplane/data_batch_1_00077.png: 5.784 ms
/ultralytics/zoo/dataset/CIFAR100/airplane/data_batch_1_00093.png: 7.302 ms
/ultralytics/zoo/dataset/CIFAR100/airplane/data_batch_1_00115.png: 6.468 ms
/ultralytics/zoo/dataset/CIFAR100/airplane/data_batch_1_00116.png: 6.656 ms
/ultralytics/zoo/dataset/CIFAR100/airplane/data_batch_1_00129.png: 5.847 ms
/ultralytics/zoo/dataset/CIFAR100/airplane/data_batch_1_00165.png: 6.314 ms
/ultralytics/zoo/dataset/CIFAR100/automobile/data_batch_1_00004.png: 6.939 ms
/ultralytics/zoo/dataset/CIFAR100/automobile/data_batch_1_00005.png: 6.470 ms
/ultralytics/zoo/dataset/CIFAR100/automobile/data_batch_1_00032.png: 7.429 ms
/ultralytics/zoo/dataset/CIFAR100/automobile/data_batch_1_00044.png: 6.707 ms
/ultralytics/zoo/dataset/CIFAR100/automobile/data_batch_1_00045.png: 6.171 ms
/ultralytics/zoo/dataset/CIFAR100/automobile/data_batch_1_00046.png: 5.920 ms
/ultralytics/zoo/dataset/CIFAR100/automobile/data_batch_1_00060.png: 6.261 ms
/ultralytics/zoo/dataset/CIFAR100/automobile/data_batch_1_00061.png: 6.340 ms
/ultralytics/zoo/dataset/CIFAR100/automobile/data_batch_1_00064.png: 8.590 ms
/ultralytics/zoo/dataset/CIFAR100/automobile/data_batch_1_00065.png: 5.905 ms
/ultralytics/zoo/dataset/CIFAR100/bird/data_batch_1_00006.png: 6.221 ms
/ultralytics/zoo/dataset/CIFAR100/bird/data_batch_1_00013.png: 5.770 ms
/ultralytics/zoo/dataset/CIFAR100/bird/data_batch_1_00018.png: 6.634 ms
/ultralytics/zoo/dataset/CIFAR100/bird/data_batch_1_00024.png: 7.011 ms
/ultralytics/zoo/dataset/CIFAR100/bird/data_batch_1_00041.png: 5.919 ms
/ultralytics/zoo/dataset/CIFAR100/bird/data_batch_1_00042.png: 6.175 ms
/ultralytics/zoo/dataset/CIFAR100/bird/data_batch_1_00047.png: 5.932 ms
/ultralytics/zoo/dataset/CIFAR100/bird/data_batch_1_00048.png: 7.783 ms
/ultralytics/zoo/dataset/CIFAR100/bird/data_batch_1_00054.png: 5.827 ms
/ultralytics/zoo/dataset/CIFAR100/bird/data_batch_1_00055.png: 5.684 ms
/ultralytics/zoo/dataset/CIFAR100/cat/data_batch_1_00009.png: 6.073 ms
/ultralytics/zoo/dataset/CIFAR100/cat/data_batch_1_00017.png: 5.676 ms
/ultralytics/zoo/dataset/CIFAR100/cat/data_batch_1_00021.png: 8.295 ms
/ultralytics/zoo/dataset/CIFAR100/cat/data_batch_1_00026.png: 6.969 ms
/ultralytics/zoo/dataset/CIFAR100/cat/data_batch_1_00033.png: 5.902 ms
/ultralytics/zoo/dataset/CIFAR100/cat/data_batch_1_00036.png: 6.196 ms
/ultralytics/zoo/dataset/CIFAR100/cat/data_batch_1_00038.png: 6.897 ms
/ultralytics/zoo/dataset/CIFAR100/cat/data_batch_1_00039.png: 7.806 ms
/ultralytics/zoo/dataset/CIFAR100/cat/data_batch_1_00059.png: 6.934 ms
/ultralytics/zoo/dataset/CIFAR100/cat/data_batch_1_00074.png: 5.941 ms
/ultralytics/zoo/dataset/CIFAR100/deer/data_batch_1_00003.png: 5.566 ms
/ultralytics/zoo/dataset/CIFAR100/deer/data_batch_1_00010.png: 6.276 ms
/ultralytics/zoo/dataset/CIFAR100/deer/data_batch_1_00020.png: 5.882 ms
/ultralytics/zoo/dataset/CIFAR100/deer/data_batch_1_00028.png: 6.890 ms
/ultralytics/zoo/dataset/CIFAR100/deer/data_batch_1_00034.png: 7.900 ms
/ultralytics/zoo/dataset/CIFAR100/deer/data_batch_1_00058.png: 6.714 ms
/ultralytics/zoo/dataset/CIFAR100/deer/data_batch_1_00066.png: 5.751 ms
/ultralytics/zoo/dataset/CIFAR100/deer/data_batch_1_00082.png: 5.757 ms
/ultralytics/zoo/dataset/CIFAR100/deer/data_batch_1_00086.png: 5.464 ms
/ultralytics/zoo/dataset/CIFAR100/deer/data_batch_1_00089.png: 5.677 ms
/ultralytics/zoo/dataset/CIFAR100/dog/data_batch_1_00027.png: 7.892 ms
/ultralytics/zoo/dataset/CIFAR100/dog/data_batch_1_00040.png: 5.794 ms
/ultralytics/zoo/dataset/CIFAR100/dog/data_batch_1_00051.png: 5.628 ms
/ultralytics/zoo/dataset/CIFAR100/dog/data_batch_1_00056.png: 5.856 ms
/ultralytics/zoo/dataset/CIFAR100/dog/data_batch_1_00070.png: 7.072 ms
/ultralytics/zoo/dataset/CIFAR100/dog/data_batch_1_00081.png: 6.099 ms
/ultralytics/zoo/dataset/CIFAR100/dog/data_batch_1_00083.png: 5.768 ms
/ultralytics/zoo/dataset/CIFAR100/dog/data_batch_1_00107.png: 6.016 ms
/ultralytics/zoo/dataset/CIFAR100/dog/data_batch_1_00128.png: 7.125 ms
/ultralytics/zoo/dataset/CIFAR100/dog/data_batch_1_00148.png: 5.902 ms
/ultralytics/zoo/dataset/CIFAR100/frog/data_batch_1_00000.png: 8.153 ms
/ultralytics/zoo/dataset/CIFAR100/frog/data_batch_1_00019.png: 5.838 ms
/ultralytics/zoo/dataset/CIFAR100/frog/data_batch_1_00022.png: 6.083 ms
/ultralytics/zoo/dataset/CIFAR100/frog/data_batch_1_00023.png: 5.492 ms
/ultralytics/zoo/dataset/CIFAR100/frog/data_batch_1_00025.png: 6.256 ms
/ultralytics/zoo/dataset/CIFAR100/frog/data_batch_1_00072.png: 6.378 ms
/ultralytics/zoo/dataset/CIFAR100/frog/data_batch_1_00095.png: 5.506 ms
/ultralytics/zoo/dataset/CIFAR100/frog/data_batch_1_00103.png: 5.531 ms
/ultralytics/zoo/dataset/CIFAR100/frog/data_batch_1_00104.png: 5.485 ms
/ultralytics/zoo/dataset/CIFAR100/frog/data_batch_1_00117.png: 5.683 ms
/ultralytics/zoo/dataset/CIFAR100/horse/data_batch_1_00007.png: 8.001 ms
/ultralytics/zoo/dataset/CIFAR100/horse/data_batch_1_00011.png: 5.803 ms
/ultralytics/zoo/dataset/CIFAR100/horse/data_batch_1_00012.png: 5.661 ms
/ultralytics/zoo/dataset/CIFAR100/horse/data_batch_1_00037.png: 6.075 ms
/ultralytics/zoo/dataset/CIFAR100/horse/data_batch_1_00043.png: 5.971 ms
/ultralytics/zoo/dataset/CIFAR100/horse/data_batch_1_00052.png: 5.607 ms
/ultralytics/zoo/dataset/CIFAR100/horse/data_batch_1_00068.png: 5.949 ms
/ultralytics/zoo/dataset/CIFAR100/horse/data_batch_1_00073.png: 7.003 ms
/ultralytics/zoo/dataset/CIFAR100/horse/data_batch_1_00084.png: 5.793 ms
/ultralytics/zoo/dataset/CIFAR100/horse/data_batch_1_00085.png: 6.510 ms
/ultralytics/zoo/dataset/CIFAR100/ship/data_batch_1_00008.png: 5.515 ms
/ultralytics/zoo/dataset/CIFAR100/ship/data_batch_1_00062.png: 5.636 ms
/ultralytics/zoo/dataset/CIFAR100/ship/data_batch_1_00069.png: 7.681 ms
/ultralytics/zoo/dataset/CIFAR100/ship/data_batch_1_00092.png: 6.161 ms
/ultralytics/zoo/dataset/CIFAR100/ship/data_batch_1_00100.png: 6.646 ms
/ultralytics/zoo/dataset/CIFAR100/ship/data_batch_1_00106.png: 5.886 ms
/ultralytics/zoo/dataset/CIFAR100/ship/data_batch_1_00111.png: 5.603 ms
/ultralytics/zoo/dataset/CIFAR100/ship/data_batch_1_00135.png: 5.500 ms
/ultralytics/zoo/dataset/CIFAR100/ship/data_batch_1_00139.png: 5.506 ms
/ultralytics/zoo/dataset/CIFAR100/ship/data_batch_1_00155.png: 5.539 ms
/ultralytics/zoo/dataset/CIFAR100/truck/data_batch_1_00001.png: 5.943 ms
/ultralytics/zoo/dataset/CIFAR100/truck/data_batch_1_00002.png: 7.222 ms
/ultralytics/zoo/dataset/CIFAR100/truck/data_batch_1_00014.png: 5.998 ms
/ultralytics/zoo/dataset/CIFAR100/truck/data_batch_1_00015.png: 5.653 ms
/ultralytics/zoo/dataset/CIFAR100/truck/data_batch_1_00016.png: 7.203 ms
/ultralytics/zoo/dataset/CIFAR100/truck/data_batch_1_00031.png: 6.590 ms
/ultralytics/zoo/dataset/CIFAR100/truck/data_batch_1_00050.png: 5.879 ms
/ultralytics/zoo/dataset/CIFAR100/truck/data_batch_1_00053.png: 7.073 ms
/ultralytics/zoo/dataset/CIFAR100/truck/data_batch_1_00067.png: 5.999 ms
/ultralytics/zoo/dataset/CIFAR100/truck/data_batch_1_00071.png: 5.972 ms
avg: 6.355 ms

[yolo11n-detect] dataset=/ultralytics/zoo/dataset/coco128/images/train2017 count=100 imgsz=640
Using CUDA runtime cudaDeviceSynchronize() for accurate TensorRT synchronization
/ultralytics/zoo/dataset/coco128/images/train2017/000000000009.jpg: 85.475 ms
/ultralytics/zoo/dataset/coco128/images/train2017/000000000025.jpg: 36.534 ms
/ultralytics/zoo/dataset/coco128/images/train2017/000000000030.jpg: 44.049 ms
/ultralytics/zoo/dataset/coco128/images/train2017/000000000034.jpg: 51.569 ms
/ultralytics/zoo/dataset/coco128/images/train2017/000000000036.jpg: 49.856 ms
/ultralytics/zoo/dataset/coco128/images/train2017/000000000042.jpg: 48.575 ms
/ultralytics/zoo/dataset/coco128/images/train2017/000000000049.jpg: 116.956 ms
/ultralytics/zoo/dataset/coco128/images/train2017/000000000061.jpg: 66.554 ms
/ultralytics/zoo/dataset/coco128/images/train2017/000000000064.jpg: 84.485 ms
/ultralytics/zoo/dataset/coco128/images/train2017/000000000071.jpg: 55.126 ms
/ultralytics/zoo/dataset/coco128/images/train2017/000000000072.jpg: 43.740 ms
/ultralytics/zoo/dataset/coco128/images/train2017/000000000073.jpg: 64.673 ms
/ultralytics/zoo/dataset/coco128/images/train2017/000000000074.jpg: 170.158 ms
/ultralytics/zoo/dataset/coco128/images/train2017/000000000077.jpg: 101.823 ms
/ultralytics/zoo/dataset/coco128/images/train2017/000000000078.jpg: 38.604 ms
/ultralytics/zoo/dataset/coco128/images/train2017/000000000081.jpg: 36.067 ms
/ultralytics/zoo/dataset/coco128/images/train2017/000000000086.jpg: 66.057 ms
/ultralytics/zoo/dataset/coco128/images/train2017/000000000089.jpg: 127.319 ms
/ultralytics/zoo/dataset/coco128/images/train2017/000000000092.jpg: 39.031 ms
/ultralytics/zoo/dataset/coco128/images/train2017/000000000094.jpg: 43.865 ms
/ultralytics/zoo/dataset/coco128/images/train2017/000000000109.jpg: 122.559 ms
/ultralytics/zoo/dataset/coco128/images/train2017/000000000110.jpg: 213.660 ms
/ultralytics/zoo/dataset/coco128/images/train2017/000000000113.jpg: 115.801 ms
/ultralytics/zoo/dataset/coco128/images/train2017/000000000127.jpg: 107.306 ms
/ultralytics/zoo/dataset/coco128/images/train2017/000000000133.jpg: 49.106 ms
/ultralytics/zoo/dataset/coco128/images/train2017/000000000136.jpg: 71.718 ms
/ultralytics/zoo/dataset/coco128/images/train2017/000000000138.jpg: 114.444 ms
/ultralytics/zoo/dataset/coco128/images/train2017/000000000142.jpg: 92.007 ms
/ultralytics/zoo/dataset/coco128/images/train2017/000000000143.jpg: 117.575 ms
/ultralytics/zoo/dataset/coco128/images/train2017/000000000144.jpg: 61.269 ms
/ultralytics/zoo/dataset/coco128/images/train2017/000000000149.jpg: 129.888 ms
/ultralytics/zoo/dataset/coco128/images/train2017/000000000151.jpg: 62.582 ms
/ultralytics/zoo/dataset/coco128/images/train2017/000000000154.jpg: 50.269 ms
/ultralytics/zoo/dataset/coco128/images/train2017/000000000164.jpg: 84.935 ms
/ultralytics/zoo/dataset/coco128/images/train2017/000000000165.jpg: 84.185 ms
/ultralytics/zoo/dataset/coco128/images/train2017/000000000192.jpg: 87.002 ms
/ultralytics/zoo/dataset/coco128/images/train2017/000000000194.jpg: 78.585 ms
/ultralytics/zoo/dataset/coco128/images/train2017/000000000196.jpg: 230.584 ms
/ultralytics/zoo/dataset/coco128/images/train2017/000000000201.jpg: 54.813 ms
/ultralytics/zoo/dataset/coco128/images/train2017/000000000208.jpg: 43.623 ms
/ultralytics/zoo/dataset/coco128/images/train2017/000000000241.jpg: 75.332 ms
/ultralytics/zoo/dataset/coco128/images/train2017/000000000247.jpg: 52.449 ms
/ultralytics/zoo/dataset/coco128/images/train2017/000000000250.jpg: 16.853 ms
/ultralytics/zoo/dataset/coco128/images/train2017/000000000257.jpg: 131.744 ms
/ultralytics/zoo/dataset/coco128/images/train2017/000000000260.jpg: 41.643 ms
/ultralytics/zoo/dataset/coco128/images/train2017/000000000263.jpg: 31.129 ms
/ultralytics/zoo/dataset/coco128/images/train2017/000000000283.jpg: 29.104 ms
/ultralytics/zoo/dataset/coco128/images/train2017/000000000294.jpg: 30.853 ms
/ultralytics/zoo/dataset/coco128/images/train2017/000000000307.jpg: 29.402 ms
/ultralytics/zoo/dataset/coco128/images/train2017/000000000308.jpg: 51.277 ms
/ultralytics/zoo/dataset/coco128/images/train2017/000000000309.jpg: 33.470 ms
/ultralytics/zoo/dataset/coco128/images/train2017/000000000312.jpg: 41.324 ms
/ultralytics/zoo/dataset/coco128/images/train2017/000000000315.jpg: 63.599 ms
/ultralytics/zoo/dataset/coco128/images/train2017/000000000321.jpg: 36.439 ms
/ultralytics/zoo/dataset/coco128/images/train2017/000000000322.jpg: 32.290 ms
/ultralytics/zoo/dataset/coco128/images/train2017/000000000326.jpg: 19.789 ms
/ultralytics/zoo/dataset/coco128/images/train2017/000000000328.jpg: 37.533 ms
/ultralytics/zoo/dataset/coco128/images/train2017/000000000332.jpg: 41.110 ms
/ultralytics/zoo/dataset/coco128/images/train2017/000000000338.jpg: 38.875 ms
/ultralytics/zoo/dataset/coco128/images/train2017/000000000349.jpg: 28.916 ms
/ultralytics/zoo/dataset/coco128/images/train2017/000000000357.jpg: 50.559 ms
/ultralytics/zoo/dataset/coco128/images/train2017/000000000359.jpg: 36.227 ms
/ultralytics/zoo/dataset/coco128/images/train2017/000000000360.jpg: 27.619 ms
/ultralytics/zoo/dataset/coco128/images/train2017/000000000368.jpg: 63.740 ms
/ultralytics/zoo/dataset/coco128/images/train2017/000000000370.jpg: 25.061 ms
/ultralytics/zoo/dataset/coco128/images/train2017/000000000382.jpg: 30.801 ms
/ultralytics/zoo/dataset/coco128/images/train2017/000000000384.jpg: 27.553 ms
/ultralytics/zoo/dataset/coco128/images/train2017/000000000387.jpg: 23.816 ms
/ultralytics/zoo/dataset/coco128/images/train2017/000000000389.jpg: 64.550 ms
/ultralytics/zoo/dataset/coco128/images/train2017/000000000394.jpg: 35.091 ms
/ultralytics/zoo/dataset/coco128/images/train2017/000000000395.jpg: 44.257 ms
/ultralytics/zoo/dataset/coco128/images/train2017/000000000397.jpg: 35.815 ms
/ultralytics/zoo/dataset/coco128/images/train2017/000000000400.jpg: 32.946 ms
/ultralytics/zoo/dataset/coco128/images/train2017/000000000404.jpg: 27.181 ms
/ultralytics/zoo/dataset/coco128/images/train2017/000000000415.jpg: 27.328 ms
/ultralytics/zoo/dataset/coco128/images/train2017/000000000419.jpg: 39.943 ms
/ultralytics/zoo/dataset/coco128/images/train2017/000000000428.jpg: 40.547 ms
/ultralytics/zoo/dataset/coco128/images/train2017/000000000431.jpg: 32.606 ms
/ultralytics/zoo/dataset/coco128/images/train2017/000000000436.jpg: 44.285 ms
/ultralytics/zoo/dataset/coco128/images/train2017/000000000438.jpg: 171.209 ms
/ultralytics/zoo/dataset/coco128/images/train2017/000000000443.jpg: 63.809 ms
/ultralytics/zoo/dataset/coco128/images/train2017/000000000446.jpg: 37.642 ms
/ultralytics/zoo/dataset/coco128/images/train2017/000000000450.jpg: 59.805 ms
/ultralytics/zoo/dataset/coco128/images/train2017/000000000459.jpg: 42.839 ms
/ultralytics/zoo/dataset/coco128/images/train2017/000000000471.jpg: 38.248 ms
/ultralytics/zoo/dataset/coco128/images/train2017/000000000472.jpg: 41.494 ms
/ultralytics/zoo/dataset/coco128/images/train2017/000000000474.jpg: 43.187 ms
/ultralytics/zoo/dataset/coco128/images/train2017/000000000486.jpg: 39.733 ms
/ultralytics/zoo/dataset/coco128/images/train2017/000000000488.jpg: 64.881 ms
/ultralytics/zoo/dataset/coco128/images/train2017/000000000490.jpg: 36.670 ms
/ultralytics/zoo/dataset/coco128/images/train2017/000000000491.jpg: 48.374 ms
/ultralytics/zoo/dataset/coco128/images/train2017/000000000502.jpg: 30.466 ms
/ultralytics/zoo/dataset/coco128/images/train2017/000000000508.jpg: 20.483 ms
/ultralytics/zoo/dataset/coco128/images/train2017/000000000510.jpg: 26.781 ms
/ultralytics/zoo/dataset/coco128/images/train2017/000000000514.jpg: 29.751 ms
/ultralytics/zoo/dataset/coco128/images/train2017/000000000520.jpg: 51.715 ms
/ultralytics/zoo/dataset/coco128/images/train2017/000000000529.jpg: 34.683 ms
/ultralytics/zoo/dataset/coco128/images/train2017/000000000531.jpg: 60.789 ms
/ultralytics/zoo/dataset/coco128/images/train2017/000000000532.jpg: 43.448 ms
/ultralytics/zoo/dataset/coco128/images/train2017/000000000536.jpg: 42.984 ms
avg: 59.445 ms

[yolo11n-seg] dataset=/ultralytics/zoo/dataset/coco128/images/train2017 count=100 imgsz=640
Using CUDA runtime cudaDeviceSynchronize() for accurate TensorRT synchronization
/ultralytics/zoo/dataset/coco128/images/train2017/000000000009.jpg: 87.633 ms
/ultralytics/zoo/dataset/coco128/images/train2017/000000000025.jpg: 51.442 ms
/ultralytics/zoo/dataset/coco128/images/train2017/000000000030.jpg: 62.514 ms
/ultralytics/zoo/dataset/coco128/images/train2017/000000000034.jpg: 53.231 ms
/ultralytics/zoo/dataset/coco128/images/train2017/000000000036.jpg: 53.991 ms
/ultralytics/zoo/dataset/coco128/images/train2017/000000000042.jpg: 47.419 ms
/ultralytics/zoo/dataset/coco128/images/train2017/000000000049.jpg: 134.681 ms
/ultralytics/zoo/dataset/coco128/images/train2017/000000000061.jpg: 71.972 ms
/ultralytics/zoo/dataset/coco128/images/train2017/000000000064.jpg: 74.480 ms
/ultralytics/zoo/dataset/coco128/images/train2017/000000000071.jpg: 52.521 ms
/ultralytics/zoo/dataset/coco128/images/train2017/000000000072.jpg: 47.520 ms
/ultralytics/zoo/dataset/coco128/images/train2017/000000000073.jpg: 66.851 ms
/ultralytics/zoo/dataset/coco128/images/train2017/000000000074.jpg: 135.389 ms
/ultralytics/zoo/dataset/coco128/images/train2017/000000000077.jpg: 90.589 ms
/ultralytics/zoo/dataset/coco128/images/train2017/000000000078.jpg: 50.712 ms
/ultralytics/zoo/dataset/coco128/images/train2017/000000000081.jpg: 57.710 ms
/ultralytics/zoo/dataset/coco128/images/train2017/000000000086.jpg: 48.699 ms
/ultralytics/zoo/dataset/coco128/images/train2017/000000000089.jpg: 108.501 ms
/ultralytics/zoo/dataset/coco128/images/train2017/000000000092.jpg: 69.245 ms
/ultralytics/zoo/dataset/coco128/images/train2017/000000000094.jpg: 45.556 ms
/ultralytics/zoo/dataset/coco128/images/train2017/000000000109.jpg: 118.658 ms
/ultralytics/zoo/dataset/coco128/images/train2017/000000000110.jpg: 151.910 ms
/ultralytics/zoo/dataset/coco128/images/train2017/000000000113.jpg: 145.930 ms
/ultralytics/zoo/dataset/coco128/images/train2017/000000000127.jpg: 83.734 ms
/ultralytics/zoo/dataset/coco128/images/train2017/000000000133.jpg: 46.261 ms
/ultralytics/zoo/dataset/coco128/images/train2017/000000000136.jpg: 80.757 ms
/ultralytics/zoo/dataset/coco128/images/train2017/000000000138.jpg: 110.543 ms
/ultralytics/zoo/dataset/coco128/images/train2017/000000000142.jpg: 71.799 ms
/ultralytics/zoo/dataset/coco128/images/train2017/000000000143.jpg: 124.369 ms
/ultralytics/zoo/dataset/coco128/images/train2017/000000000144.jpg: 75.721 ms
/ultralytics/zoo/dataset/coco128/images/train2017/000000000149.jpg: 127.219 ms
/ultralytics/zoo/dataset/coco128/images/train2017/000000000151.jpg: 67.774 ms
/ultralytics/zoo/dataset/coco128/images/train2017/000000000154.jpg: 54.923 ms
/ultralytics/zoo/dataset/coco128/images/train2017/000000000164.jpg: 77.305 ms
/ultralytics/zoo/dataset/coco128/images/train2017/000000000165.jpg: 52.454 ms
/ultralytics/zoo/dataset/coco128/images/train2017/000000000192.jpg: 83.180 ms
/ultralytics/zoo/dataset/coco128/images/train2017/000000000194.jpg: 45.935 ms
/ultralytics/zoo/dataset/coco128/images/train2017/000000000196.jpg: 189.078 ms
/ultralytics/zoo/dataset/coco128/images/train2017/000000000201.jpg: 73.141 ms
/ultralytics/zoo/dataset/coco128/images/train2017/000000000208.jpg: 55.870 ms
/ultralytics/zoo/dataset/coco128/images/train2017/000000000241.jpg: 91.013 ms
/ultralytics/zoo/dataset/coco128/images/train2017/000000000247.jpg: 34.443 ms
/ultralytics/zoo/dataset/coco128/images/train2017/000000000250.jpg: 23.228 ms
/ultralytics/zoo/dataset/coco128/images/train2017/000000000257.jpg: 88.408 ms
/ultralytics/zoo/dataset/coco128/images/train2017/000000000260.jpg: 45.581 ms
/ultralytics/zoo/dataset/coco128/images/train2017/000000000263.jpg: 31.839 ms
/ultralytics/zoo/dataset/coco128/images/train2017/000000000283.jpg: 39.913 ms
/ultralytics/zoo/dataset/coco128/images/train2017/000000000294.jpg: 40.519 ms
/ultralytics/zoo/dataset/coco128/images/train2017/000000000307.jpg: 37.758 ms
/ultralytics/zoo/dataset/coco128/images/train2017/000000000308.jpg: 73.662 ms
/ultralytics/zoo/dataset/coco128/images/train2017/000000000309.jpg: 39.357 ms
/ultralytics/zoo/dataset/coco128/images/train2017/000000000312.jpg: 35.869 ms
/ultralytics/zoo/dataset/coco128/images/train2017/000000000315.jpg: 102.050 ms
/ultralytics/zoo/dataset/coco128/images/train2017/000000000321.jpg: 28.908 ms
/ultralytics/zoo/dataset/coco128/images/train2017/000000000322.jpg: 34.289 ms
/ultralytics/zoo/dataset/coco128/images/train2017/000000000326.jpg: 32.736 ms
/ultralytics/zoo/dataset/coco128/images/train2017/000000000328.jpg: 42.514 ms
/ultralytics/zoo/dataset/coco128/images/train2017/000000000332.jpg: 47.903 ms
/ultralytics/zoo/dataset/coco128/images/train2017/000000000338.jpg: 33.134 ms
/ultralytics/zoo/dataset/coco128/images/train2017/000000000349.jpg: 35.122 ms
/ultralytics/zoo/dataset/coco128/images/train2017/000000000357.jpg: 47.076 ms
/ultralytics/zoo/dataset/coco128/images/train2017/000000000359.jpg: 41.868 ms
/ultralytics/zoo/dataset/coco128/images/train2017/000000000360.jpg: 30.228 ms
/ultralytics/zoo/dataset/coco128/images/train2017/000000000368.jpg: 63.710 ms
/ultralytics/zoo/dataset/coco128/images/train2017/000000000370.jpg: 36.592 ms
/ultralytics/zoo/dataset/coco128/images/train2017/000000000382.jpg: 41.850 ms
/ultralytics/zoo/dataset/coco128/images/train2017/000000000384.jpg: 46.775 ms
/ultralytics/zoo/dataset/coco128/images/train2017/000000000387.jpg: 27.811 ms
/ultralytics/zoo/dataset/coco128/images/train2017/000000000389.jpg: 58.257 ms
/ultralytics/zoo/dataset/coco128/images/train2017/000000000394.jpg: 32.042 ms
/ultralytics/zoo/dataset/coco128/images/train2017/000000000395.jpg: 71.061 ms
/ultralytics/zoo/dataset/coco128/images/train2017/000000000397.jpg: 43.584 ms
/ultralytics/zoo/dataset/coco128/images/train2017/000000000400.jpg: 40.273 ms
/ultralytics/zoo/dataset/coco128/images/train2017/000000000404.jpg: 30.374 ms
/ultralytics/zoo/dataset/coco128/images/train2017/000000000415.jpg: 33.877 ms
/ultralytics/zoo/dataset/coco128/images/train2017/000000000419.jpg: 34.995 ms
/ultralytics/zoo/dataset/coco128/images/train2017/000000000428.jpg: 35.334 ms
/ultralytics/zoo/dataset/coco128/images/train2017/000000000431.jpg: 41.145 ms
/ultralytics/zoo/dataset/coco128/images/train2017/000000000436.jpg: 47.384 ms
/ultralytics/zoo/dataset/coco128/images/train2017/000000000438.jpg: 150.933 ms
/ultralytics/zoo/dataset/coco128/images/train2017/000000000443.jpg: 73.973 ms
/ultralytics/zoo/dataset/coco128/images/train2017/000000000446.jpg: 51.353 ms
/ultralytics/zoo/dataset/coco128/images/train2017/000000000450.jpg: 63.068 ms
/ultralytics/zoo/dataset/coco128/images/train2017/000000000459.jpg: 38.857 ms
/ultralytics/zoo/dataset/coco128/images/train2017/000000000471.jpg: 31.905 ms
/ultralytics/zoo/dataset/coco128/images/train2017/000000000472.jpg: 24.837 ms
/ultralytics/zoo/dataset/coco128/images/train2017/000000000474.jpg: 31.707 ms
/ultralytics/zoo/dataset/coco128/images/train2017/000000000486.jpg: 36.449 ms
/ultralytics/zoo/dataset/coco128/images/train2017/000000000488.jpg: 44.625 ms
/ultralytics/zoo/dataset/coco128/images/train2017/000000000490.jpg: 37.858 ms
/ultralytics/zoo/dataset/coco128/images/train2017/000000000491.jpg: 47.426 ms
/ultralytics/zoo/dataset/coco128/images/train2017/000000000502.jpg: 29.794 ms
/ultralytics/zoo/dataset/coco128/images/train2017/000000000508.jpg: 19.014 ms
/ultralytics/zoo/dataset/coco128/images/train2017/000000000510.jpg: 38.508 ms
/ultralytics/zoo/dataset/coco128/images/train2017/000000000514.jpg: 30.797 ms
/ultralytics/zoo/dataset/coco128/images/train2017/000000000520.jpg: 34.623 ms
/ultralytics/zoo/dataset/coco128/images/train2017/000000000529.jpg: 23.550 ms
/ultralytics/zoo/dataset/coco128/images/train2017/000000000531.jpg: 32.308 ms
/ultralytics/zoo/dataset/coco128/images/train2017/000000000532.jpg: 24.765 ms
/ultralytics/zoo/dataset/coco128/images/train2017/000000000536.jpg: 25.941 ms
avg: 58.820 ms

