[yolo11n-obb] dataset=/ultralytics/zoo/dataset/DOTA100/images count=100 imgsz=640
Using CUDA runtime cudaDeviceSynchronize() for accurate TensorRT synchronization
/ultralytics/zoo/dataset/DOTA100/images/train/000000000025.jpg: 36.595 ms
/ultralytics/zoo/dataset/DOTA100/images/train/000000000034.jpg: 28.571 ms
/ultralytics/zoo/dataset/DOTA100/images/train/000000000036.jpg: 21.593 ms
/ultralytics/zoo/dataset/DOTA100/images/train/000000000042.jpg: 41.923 ms
/ultralytics/zoo/dataset/DOTA100/images/train/000000000064.jpg: 31.663 ms
/ultralytics/zoo/dataset/DOTA100/images/train/000000000071.jpg: 36.182 ms
/ultralytics/zoo/dataset/DOTA100/images/train/000000000073.jpg: 26.525 ms
/ultralytics/zoo/dataset/DOTA100/images/train/000000000074.jpg: 26.700 ms
/ultralytics/zoo/dataset/DOTA100/images/train/000000000078.jpg: 42.986 ms
/ultralytics/zoo/dataset/DOTA100/images/train/000000000089.jpg: 28.888 ms
/ultralytics/zoo/dataset/DOTA100/images/train/000000000094.jpg: 24.618 ms
/ultralytics/zoo/dataset/DOTA100/images/train/000000000110.jpg: 35.314 ms
/ultralytics/zoo/dataset/DOTA100/images/train/000000000136.jpg: 42.049 ms
/ultralytics/zoo/dataset/DOTA100/images/train/000000000138.jpg: 25.238 ms
/ultralytics/zoo/dataset/DOTA100/images/train/000000000142.jpg: 47.972 ms
/ultralytics/zoo/dataset/DOTA100/images/train/000000000143.jpg: 43.371 ms
/ultralytics/zoo/dataset/DOTA100/images/train/000000000151.jpg: 30.696 ms
/ultralytics/zoo/dataset/DOTA100/images/train/000000000154.jpg: 36.340 ms
/ultralytics/zoo/dataset/DOTA100/images/train/000000000164.jpg: 33.449 ms
/ultralytics/zoo/dataset/DOTA100/images/train/000000000196.jpg: 41.429 ms
/ultralytics/zoo/dataset/DOTA100/images/train/000000000208.jpg: 23.206 ms
/ultralytics/zoo/dataset/DOTA100/images/train/000000000241.jpg: 34.535 ms
/ultralytics/zoo/dataset/DOTA100/images/train/000000000247.jpg: 21.363 ms
/ultralytics/zoo/dataset/DOTA100/images/train/000000000260.jpg: 30.466 ms
/ultralytics/zoo/dataset/DOTA100/images/train/000000000294.jpg: 27.195 ms
/ultralytics/zoo/dataset/DOTA100/images/train/000000000308.jpg: 32.887 ms
/ultralytics/zoo/dataset/DOTA100/images/train/000000000309.jpg: 27.328 ms
/ultralytics/zoo/dataset/DOTA100/images/train/000000000312.jpg: 25.825 ms
/ultralytics/zoo/dataset/DOTA100/images/train/000000000321.jpg: 21.385 ms
/ultralytics/zoo/dataset/DOTA100/images/train/000000000322.jpg: 33.855 ms
/ultralytics/zoo/dataset/DOTA100/images/train/000000000326.jpg: 25.043 ms
/ultralytics/zoo/dataset/DOTA100/images/train/000000000328.jpg: 38.900 ms
/ultralytics/zoo/dataset/DOTA100/images/train/000000000338.jpg: 21.348 ms
/ultralytics/zoo/dataset/DOTA100/images/train/000000000357.jpg: 22.061 ms
/ultralytics/zoo/dataset/DOTA100/images/train/000000000360.jpg: 28.078 ms
/ultralytics/zoo/dataset/DOTA100/images/train/000000000368.jpg: 26.156 ms
/ultralytics/zoo/dataset/DOTA100/images/train/000000000382.jpg: 28.217 ms
/ultralytics/zoo/dataset/DOTA100/images/train/000000000387.jpg: 37.687 ms
/ultralytics/zoo/dataset/DOTA100/images/train/000000000389.jpg: 40.300 ms
/ultralytics/zoo/dataset/DOTA100/images/train/000000000395.jpg: 26.532 ms
/ultralytics/zoo/dataset/DOTA100/images/train/000000000400.jpg: 18.992 ms
/ultralytics/zoo/dataset/DOTA100/images/train/000000000404.jpg: 19.231 ms
/ultralytics/zoo/dataset/DOTA100/images/train/000000000415.jpg: 37.683 ms
/ultralytics/zoo/dataset/DOTA100/images/train/000000000419.jpg: 32.848 ms
/ultralytics/zoo/dataset/DOTA100/images/train/000000000431.jpg: 27.888 ms
/ultralytics/zoo/dataset/DOTA100/images/train/000000000436.jpg: 39.187 ms
/ultralytics/zoo/dataset/DOTA100/images/train/000000000438.jpg: 47.040 ms
/ultralytics/zoo/dataset/DOTA100/images/train/000000000443.jpg: 23.325 ms
/ultralytics/zoo/dataset/DOTA100/images/train/000000000450.jpg: 23.930 ms
/ultralytics/zoo/dataset/DOTA100/images/train/000000000459.jpg: 34.158 ms
/ultralytics/zoo/dataset/DOTA100/images/train/000000000471.jpg: 31.234 ms
/ultralytics/zoo/dataset/DOTA100/images/train/000000000472.jpg: 19.255 ms
/ultralytics/zoo/dataset/DOTA100/images/train/000000000488.jpg: 25.880 ms
/ultralytics/zoo/dataset/DOTA100/images/train/000000000491.jpg: 40.227 ms
/ultralytics/zoo/dataset/DOTA100/images/train/000000000502.jpg: 22.253 ms
/ultralytics/zoo/dataset/DOTA100/images/train/000000000508.jpg: 22.273 ms
/ultralytics/zoo/dataset/DOTA100/images/train/000000000520.jpg: 36.138 ms
/ultralytics/zoo/dataset/DOTA100/images/train/000000000529.jpg: 20.443 ms
/ultralytics/zoo/dataset/DOTA100/images/train/000000000531.jpg: 38.889 ms
/ultralytics/zoo/dataset/DOTA100/images/train/000000000540.jpg: 36.403 ms
/ultralytics/zoo/dataset/DOTA100/images/train/000000000544.jpg: 34.762 ms
/ultralytics/zoo/dataset/DOTA100/images/train/000000000560.jpg: 46.807 ms
/ultralytics/zoo/dataset/DOTA100/images/train/000000000562.jpg: 27.571 ms
/ultralytics/zoo/dataset/DOTA100/images/train/000000000564.jpg: 36.611 ms
/ultralytics/zoo/dataset/DOTA100/images/train/000000000572.jpg: 30.383 ms
/ultralytics/zoo/dataset/DOTA100/images/train/000000000575.jpg: 34.430 ms
/ultralytics/zoo/dataset/DOTA100/images/train/000000000581.jpg: 27.661 ms
/ultralytics/zoo/dataset/DOTA100/images/train/000000000584.jpg: 23.090 ms
/ultralytics/zoo/dataset/DOTA100/images/train/000000000590.jpg: 30.747 ms
/ultralytics/zoo/dataset/DOTA100/images/train/000000000595.jpg: 21.810 ms
/ultralytics/zoo/dataset/DOTA100/images/train/000000000597.jpg: 27.870 ms
/ultralytics/zoo/dataset/DOTA100/images/train/000000000599.jpg: 38.647 ms
/ultralytics/zoo/dataset/DOTA100/images/train/000000000620.jpg: 30.352 ms
/ultralytics/zoo/dataset/DOTA100/images/train/000000000625.jpg: 26.946 ms
/ultralytics/zoo/dataset/DOTA100/images/train/000000000626.jpg: 37.577 ms
/ultralytics/zoo/dataset/DOTA100/images/train/000000000629.jpg: 31.843 ms
/ultralytics/zoo/dataset/DOTA100/images/train/000000000636.jpg: 40.278 ms
/ultralytics/zoo/dataset/DOTA100/images/train/000000000641.jpg: 27.510 ms
/ultralytics/zoo/dataset/DOTA100/images/train/000000000643.jpg: 45.676 ms
/ultralytics/zoo/dataset/DOTA100/images/train/000000000650.jpg: 33.393 ms
/ultralytics/zoo/dataset/DOTA100/images/val/000000000009.jpg: 35.260 ms
/ultralytics/zoo/dataset/DOTA100/images/val/000000000049.jpg: 29.543 ms
/ultralytics/zoo/dataset/DOTA100/images/val/000000000077.jpg: 33.656 ms
/ultralytics/zoo/dataset/DOTA100/images/val/000000000133.jpg: 25.191 ms
/ultralytics/zoo/dataset/DOTA100/images/val/000000000144.jpg: 40.405 ms
/ultralytics/zoo/dataset/DOTA100/images/val/000000000201.jpg: 47.079 ms
/ultralytics/zoo/dataset/DOTA100/images/val/000000000263.jpg: 23.905 ms
/ultralytics/zoo/dataset/DOTA100/images/val/000000000315.jpg: 26.011 ms
/ultralytics/zoo/dataset/DOTA100/images/val/000000000332.jpg: 23.103 ms
/ultralytics/zoo/dataset/DOTA100/images/val/000000000370.jpg: 32.438 ms
/ultralytics/zoo/dataset/DOTA100/images/val/000000000397.jpg: 37.780 ms
/ultralytics/zoo/dataset/DOTA100/images/val/000000000428.jpg: 31.570 ms
/ultralytics/zoo/dataset/DOTA100/images/val/000000000446.jpg: 25.092 ms
/ultralytics/zoo/dataset/DOTA100/images/val/000000000474.jpg: 43.359 ms
/ultralytics/zoo/dataset/DOTA100/images/val/000000000510.jpg: 41.436 ms
/ultralytics/zoo/dataset/DOTA100/images/val/000000000542.jpg: 39.886 ms
/ultralytics/zoo/dataset/DOTA100/images/val/000000000569.jpg: 33.448 ms
/ultralytics/zoo/dataset/DOTA100/images/val/000000000589.jpg: 28.003 ms
/ultralytics/zoo/dataset/DOTA100/images/val/000000000612.jpg: 44.081 ms
/ultralytics/zoo/dataset/DOTA100/images/val/000000000634.jpg: 22.484 ms
avg: 31.694 ms
