[yolo11n-cls] dataset=/ultralytics/zoo/dataset/CIFAR100 count=100 imgsz=224
Using CUDA runtime cudaDeviceSynchronize() for accurate TensorRT synchronization
/ultralytics/zoo/dataset/CIFAR100/airplane/data_batch_1_00029.png: 9.359 ms
/ultralytics/zoo/dataset/CIFAR100/airplane/data_batch_1_00030.png: 7.322 ms
/ultralytics/zoo/dataset/CIFAR100/airplane/data_batch_1_00035.png: 6.822 ms
/ultralytics/zoo/dataset/CIFAR100/airplane/data_batch_1_00049.png: 6.218 ms
/ultralytics/zoo/dataset/CIFAR100/airplane/data_batch_1_00077.png: 5.784 ms
/ultralytics/zoo/dataset/CIFAR100/airplane/data_batch_1_00093.png: 7.302 ms
/ultralytics/zoo/dataset/CIFAR100/airplane/data_batch_1_00115.png: 6.468 ms
/ultralytics/zoo/dataset/CIFAR100/airplane/data_batch_1_00116.png: 6.656 ms
/ultralytics/zoo/dataset/CIFAR100/airplane/data_batch_1_00129.png: 5.847 ms
/ultralytics/zoo/dataset/CIFAR100/airplane/data_batch_1_00165.png: 6.314 ms
/ultralytics/zoo/dataset/CIFAR100/automobile/data_batch_1_00004.png: 6.939 ms
/ultralytics/zoo/dataset/CIFAR100/automobile/data_batch_1_00005.png: 6.470 ms
/ultralytics/zoo/dataset/CIFAR100/automobile/data_batch_1_00032.png: 7.429 ms
/ultralytics/zoo/dataset/CIFAR100/automobile/data_batch_1_00044.png: 6.707 ms
/ultralytics/zoo/dataset/CIFAR100/automobile/data_batch_1_00045.png: 6.171 ms
/ultralytics/zoo/dataset/CIFAR100/automobile/data_batch_1_00046.png: 5.920 ms
/ultralytics/zoo/dataset/CIFAR100/automobile/data_batch_1_00060.png: 6.261 ms
/ultralytics/zoo/dataset/CIFAR100/automobile/data_batch_1_00061.png: 6.340 ms
/ultralytics/zoo/dataset/CIFAR100/automobile/data_batch_1_00064.png: 8.590 ms
/ultralytics/zoo/dataset/CIFAR100/automobile/data_batch_1_00065.png: 5.905 ms
/ultralytics/zoo/dataset/CIFAR100/bird/data_batch_1_00006.png: 6.221 ms
/ultralytics/zoo/dataset/CIFAR100/bird/data_batch_1_00013.png: 5.770 ms
/ultralytics/zoo/dataset/CIFAR100/bird/data_batch_1_00018.png: 6.634 ms
/ultralytics/zoo/dataset/CIFAR100/bird/data_batch_1_00024.png: 7.011 ms
/ultralytics/zoo/dataset/CIFAR100/bird/data_batch_1_00041.png: 5.919 ms
/ultralytics/zoo/dataset/CIFAR100/bird/data_batch_1_00042.png: 6.175 ms
/ultralytics/zoo/dataset/CIFAR100/bird/data_batch_1_00047.png: 5.932 ms
/ultralytics/zoo/dataset/CIFAR100/bird/data_batch_1_00048.png: 7.783 ms
/ultralytics/zoo/dataset/CIFAR100/bird/data_batch_1_00054.png: 5.827 ms
/ultralytics/zoo/dataset/CIFAR100/bird/data_batch_1_00055.png: 5.684 ms
/ultralytics/zoo/dataset/CIFAR100/cat/data_batch_1_00009.png: 6.073 ms
/ultralytics/zoo/dataset/CIFAR100/cat/data_batch_1_00017.png: 5.676 ms
/ultralytics/zoo/dataset/CIFAR100/cat/data_batch_1_00021.png: 8.295 ms
/ultralytics/zoo/dataset/CIFAR100/cat/data_batch_1_00026.png: 6.969 ms
/ultralytics/zoo/dataset/CIFAR100/cat/data_batch_1_00033.png: 5.902 ms
/ultralytics/zoo/dataset/CIFAR100/cat/data_batch_1_00036.png: 6.196 ms
/ultralytics/zoo/dataset/CIFAR100/cat/data_batch_1_00038.png: 6.897 ms
/ultralytics/zoo/dataset/CIFAR100/cat/data_batch_1_00039.png: 7.806 ms
/ultralytics/zoo/dataset/CIFAR100/cat/data_batch_1_00059.png: 6.934 ms
/ultralytics/zoo/dataset/CIFAR100/cat/data_batch_1_00074.png: 5.941 ms
/ultralytics/zoo/dataset/CIFAR100/deer/data_batch_1_00003.png: 5.566 ms
/ultralytics/zoo/dataset/CIFAR100/deer/data_batch_1_00010.png: 6.276 ms
/ultralytics/zoo/dataset/CIFAR100/deer/data_batch_1_00020.png: 5.882 ms
/ultralytics/zoo/dataset/CIFAR100/deer/data_batch_1_00028.png: 6.890 ms
/ultralytics/zoo/dataset/CIFAR100/deer/data_batch_1_00034.png: 7.900 ms
/ultralytics/zoo/dataset/CIFAR100/deer/data_batch_1_00058.png: 6.714 ms
/ultralytics/zoo/dataset/CIFAR100/deer/data_batch_1_00066.png: 5.751 ms
/ultralytics/zoo/dataset/CIFAR100/deer/data_batch_1_00082.png: 5.757 ms
/ultralytics/zoo/dataset/CIFAR100/deer/data_batch_1_00086.png: 5.464 ms
/ultralytics/zoo/dataset/CIFAR100/deer/data_batch_1_00089.png: 5.677 ms
/ultralytics/zoo/dataset/CIFAR100/dog/data_batch_1_00027.png: 7.892 ms
/ultralytics/zoo/dataset/CIFAR100/dog/data_batch_1_00040.png: 5.794 ms
/ultralytics/zoo/dataset/CIFAR100/dog/data_batch_1_00051.png: 5.628 ms
/ultralytics/zoo/dataset/CIFAR100/dog/data_batch_1_00056.png: 5.856 ms
/ultralytics/zoo/dataset/CIFAR100/dog/data_batch_1_00070.png: 7.072 ms
/ultralytics/zoo/dataset/CIFAR100/dog/data_batch_1_00081.png: 6.099 ms
/ultralytics/zoo/dataset/CIFAR100/dog/data_batch_1_00083.png: 5.768 ms
/ultralytics/zoo/dataset/CIFAR100/dog/data_batch_1_00107.png: 6.016 ms
/ultralytics/zoo/dataset/CIFAR100/dog/data_batch_1_00128.png: 7.125 ms
/ultralytics/zoo/dataset/CIFAR100/dog/data_batch_1_00148.png: 5.902 ms
/ultralytics/zoo/dataset/CIFAR100/frog/data_batch_1_00000.png: 8.153 ms
/ultralytics/zoo/dataset/CIFAR100/frog/data_batch_1_00019.png: 5.838 ms
/ultralytics/zoo/dataset/CIFAR100/frog/data_batch_1_00022.png: 6.083 ms
/ultralytics/zoo/dataset/CIFAR100/frog/data_batch_1_00023.png: 5.492 ms
/ultralytics/zoo/dataset/CIFAR100/frog/data_batch_1_00025.png: 6.256 ms
/ultralytics/zoo/dataset/CIFAR100/frog/data_batch_1_00072.png: 6.378 ms
/ultralytics/zoo/dataset/CIFAR100/frog/data_batch_1_00095.png: 5.506 ms
/ultralytics/zoo/dataset/CIFAR100/frog/data_batch_1_00103.png: 5.531 ms
/ultralytics/zoo/dataset/CIFAR100/frog/data_batch_1_00104.png: 5.485 ms
/ultralytics/zoo/dataset/CIFAR100/frog/data_batch_1_00117.png: 5.683 ms
/ultralytics/zoo/dataset/CIFAR100/horse/data_batch_1_00007.png: 8.001 ms
/ultralytics/zoo/dataset/CIFAR100/horse/data_batch_1_00011.png: 5.803 ms
/ultralytics/zoo/dataset/CIFAR100/horse/data_batch_1_00012.png: 5.661 ms
/ultralytics/zoo/dataset/CIFAR100/horse/data_batch_1_00037.png: 6.075 ms
/ultralytics/zoo/dataset/CIFAR100/horse/data_batch_1_00043.png: 5.971 ms
/ultralytics/zoo/dataset/CIFAR100/horse/data_batch_1_00052.png: 5.607 ms
/ultralytics/zoo/dataset/CIFAR100/horse/data_batch_1_00068.png: 5.949 ms
/ultralytics/zoo/dataset/CIFAR100/horse/data_batch_1_00073.png: 7.003 ms
/ultralytics/zoo/dataset/CIFAR100/horse/data_batch_1_00084.png: 5.793 ms
/ultralytics/zoo/dataset/CIFAR100/horse/data_batch_1_00085.png: 6.510 ms
/ultralytics/zoo/dataset/CIFAR100/ship/data_batch_1_00008.png: 5.515 ms
/ultralytics/zoo/dataset/CIFAR100/ship/data_batch_1_00062.png: 5.636 ms
/ultralytics/zoo/dataset/CIFAR100/ship/data_batch_1_00069.png: 7.681 ms
/ultralytics/zoo/dataset/CIFAR100/ship/data_batch_1_00092.png: 6.161 ms
/ultralytics/zoo/dataset/CIFAR100/ship/data_batch_1_00100.png: 6.646 ms
/ultralytics/zoo/dataset/CIFAR100/ship/data_batch_1_00106.png: 5.886 ms
/ultralytics/zoo/dataset/CIFAR100/ship/data_batch_1_00111.png: 5.603 ms
/ultralytics/zoo/dataset/CIFAR100/ship/data_batch_1_00135.png: 5.500 ms
/ultralytics/zoo/dataset/CIFAR100/ship/data_batch_1_00139.png: 5.506 ms
/ultralytics/zoo/dataset/CIFAR100/ship/data_batch_1_00155.png: 5.539 ms
/ultralytics/zoo/dataset/CIFAR100/truck/data_batch_1_00001.png: 5.943 ms
/ultralytics/zoo/dataset/CIFAR100/truck/data_batch_1_00002.png: 7.222 ms
/ultralytics/zoo/dataset/CIFAR100/truck/data_batch_1_00014.png: 5.998 ms
/ultralytics/zoo/dataset/CIFAR100/truck/data_batch_1_00015.png: 5.653 ms
/ultralytics/zoo/dataset/CIFAR100/truck/data_batch_1_00016.png: 7.203 ms
/ultralytics/zoo/dataset/CIFAR100/truck/data_batch_1_00031.png: 6.590 ms
/ultralytics/zoo/dataset/CIFAR100/truck/data_batch_1_00050.png: 5.879 ms
/ultralytics/zoo/dataset/CIFAR100/truck/data_batch_1_00053.png: 7.073 ms
/ultralytics/zoo/dataset/CIFAR100/truck/data_batch_1_00067.png: 5.999 ms
/ultralytics/zoo/dataset/CIFAR100/truck/data_batch_1_00071.png: 5.972 ms
avg: 6.355 ms
