=== Improved measurement started at 2025-12-17 16:42:39 ===
Using CUDA runtime cudaDeviceSynchronize() for accurate TensorRT synchronization

[yolo11n-cls] dataset=/ultralytics/zoo/dataset/CIFAR100 count=100 imgsz=224
Format: image_path | preprocess_ms | inference_ms | postprocess_ms | total_ms
/ultralytics/zoo/dataset/CIFAR100/airplane/data_batch_1_00029.png | 8.254 ms (total, includes preprocess+inference+postprocess)
/ultralytics/zoo/dataset/CIFAR100/airplane/data_batch_1_00030.png | 7.263 ms (total, includes preprocess+inference+postprocess)
/ultralytics/zoo/dataset/CIFAR100/airplane/data_batch_1_00035.png | 7.144 ms (total, includes preprocess+inference+postprocess)
/ultralytics/zoo/dataset/CIFAR100/airplane/data_batch_1_00049.png | 7.195 ms (total, includes preprocess+inference+postprocess)
/ultralytics/zoo/dataset/CIFAR100/airplane/data_batch_1_00077.png | 7.228 ms (total, includes preprocess+inference+postprocess)
/ultralytics/zoo/dataset/CIFAR100/airplane/data_batch_1_00093.png | 7.244 ms (total, includes preprocess+inference+postprocess)
/ultralytics/zoo/dataset/CIFAR100/airplane/data_batch_1_00115.png | 7.069 ms (total, includes preprocess+inference+postprocess)
/ultralytics/zoo/dataset/CIFAR100/airplane/data_batch_1_00116.png | 7.309 ms (total, includes preprocess+inference+postprocess)
/ultralytics/zoo/dataset/CIFAR100/airplane/data_batch_1_00129.png | 7.197 ms (total, includes preprocess+inference+postprocess)
/ultralytics/zoo/dataset/CIFAR100/airplane/data_batch_1_00165.png | 7.234 ms (total, includes preprocess+inference+postprocess)
/ultralytics/zoo/dataset/CIFAR100/automobile/data_batch_1_00004.png | 7.070 ms (total, includes preprocess+inference+postprocess)
/ultralytics/zoo/dataset/CIFAR100/automobile/data_batch_1_00005.png | 7.158 ms (total, includes preprocess+inference+postprocess)
/ultralytics/zoo/dataset/CIFAR100/automobile/data_batch_1_00032.png | 7.096 ms (total, includes preprocess+inference+postprocess)
/ultralytics/zoo/dataset/CIFAR100/automobile/data_batch_1_00044.png | 7.200 ms (total, includes preprocess+inference+postprocess)
/ultralytics/zoo/dataset/CIFAR100/automobile/data_batch_1_00045.png | 7.509 ms (total, includes preprocess+inference+postprocess)
/ultralytics/zoo/dataset/CIFAR100/automobile/data_batch_1_00046.png | 7.192 ms (total, includes preprocess+inference+postprocess)
/ultralytics/zoo/dataset/CIFAR100/automobile/data_batch_1_00060.png | 7.418 ms (total, includes preprocess+inference+postprocess)
/ultralytics/zoo/dataset/CIFAR100/automobile/data_batch_1_00061.png | 7.354 ms (total, includes preprocess+inference+postprocess)
/ultralytics/zoo/dataset/CIFAR100/automobile/data_batch_1_00064.png | 7.404 ms (total, includes preprocess+inference+postprocess)
/ultralytics/zoo/dataset/CIFAR100/automobile/data_batch_1_00065.png | 7.400 ms (total, includes preprocess+inference+postprocess)
/ultralytics/zoo/dataset/CIFAR100/bird/data_batch_1_00006.png | 7.515 ms (total, includes preprocess+inference+postprocess)
/ultralytics/zoo/dataset/CIFAR100/bird/data_batch_1_00013.png | 7.439 ms (total, includes preprocess+inference+postprocess)
/ultralytics/zoo/dataset/CIFAR100/bird/data_batch_1_00018.png | 7.370 ms (total, includes preprocess+inference+postprocess)
/ultralytics/zoo/dataset/CIFAR100/bird/data_batch_1_00024.png | 7.337 ms (total, includes preprocess+inference+postprocess)
/ultralytics/zoo/dataset/CIFAR100/bird/data_batch_1_00041.png | 7.374 ms (total, includes preprocess+inference+postprocess)
/ultralytics/zoo/dataset/CIFAR100/bird/data_batch_1_00042.png | 7.828 ms (total, includes preprocess+inference+postprocess)
/ultralytics/zoo/dataset/CIFAR100/bird/data_batch_1_00047.png | 8.629 ms (total, includes preprocess+inference+postprocess)
/ultralytics/zoo/dataset/CIFAR100/bird/data_batch_1_00048.png | 7.644 ms (total, includes preprocess+inference+postprocess)
/ultralytics/zoo/dataset/CIFAR100/bird/data_batch_1_00054.png | 7.857 ms (total, includes preprocess+inference+postprocess)
/ultralytics/zoo/dataset/CIFAR100/bird/data_batch_1_00055.png | 8.402 ms (total, includes preprocess+inference+postprocess)
/ultralytics/zoo/dataset/CIFAR100/cat/data_batch_1_00009.png | 8.333 ms (total, includes preprocess+inference+postprocess)
/ultralytics/zoo/dataset/CIFAR100/cat/data_batch_1_00017.png | 8.364 ms (total, includes preprocess+inference+postprocess)
/ultralytics/zoo/dataset/CIFAR100/cat/data_batch_1_00021.png | 8.395 ms (total, includes preprocess+inference+postprocess)
/ultralytics/zoo/dataset/CIFAR100/cat/data_batch_1_00026.png | 8.391 ms (total, includes preprocess+inference+postprocess)
/ultralytics/zoo/dataset/CIFAR100/cat/data_batch_1_00033.png | 8.904 ms (total, includes preprocess+inference+postprocess)
/ultralytics/zoo/dataset/CIFAR100/cat/data_batch_1_00036.png | 8.651 ms (total, includes preprocess+inference+postprocess)
/ultralytics/zoo/dataset/CIFAR100/cat/data_batch_1_00038.png | 8.639 ms (total, includes preprocess+inference+postprocess)
/ultralytics/zoo/dataset/CIFAR100/cat/data_batch_1_00039.png | 8.606 ms (total, includes preprocess+inference+postprocess)
/ultralytics/zoo/dataset/CIFAR100/cat/data_batch_1_00059.png | 9.746 ms (total, includes preprocess+inference+postprocess)
/ultralytics/zoo/dataset/CIFAR100/cat/data_batch_1_00074.png | 8.777 ms (total, includes preprocess+inference+postprocess)
/ultralytics/zoo/dataset/CIFAR100/deer/data_batch_1_00003.png | 8.814 ms (total, includes preprocess+inference+postprocess)
/ultralytics/zoo/dataset/CIFAR100/deer/data_batch_1_00010.png | 8.562 ms (total, includes preprocess+inference+postprocess)
/ultralytics/zoo/dataset/CIFAR100/deer/data_batch_1_00020.png | 8.623 ms (total, includes preprocess+inference+postprocess)
/ultralytics/zoo/dataset/CIFAR100/deer/data_batch_1_00028.png | 8.550 ms (total, includes preprocess+inference+postprocess)
/ultralytics/zoo/dataset/CIFAR100/deer/data_batch_1_00034.png | 8.843 ms (total, includes preprocess+inference+postprocess)
/ultralytics/zoo/dataset/CIFAR100/deer/data_batch_1_00058.png | 8.785 ms (total, includes preprocess+inference+postprocess)
/ultralytics/zoo/dataset/CIFAR100/deer/data_batch_1_00066.png | 8.779 ms (total, includes preprocess+inference+postprocess)
/ultralytics/zoo/dataset/CIFAR100/deer/data_batch_1_00082.png | 8.610 ms (total, includes preprocess+inference+postprocess)
/ultralytics/zoo/dataset/CIFAR100/deer/data_batch_1_00086.png | 8.618 ms (total, includes preprocess+inference+postprocess)
/ultralytics/zoo/dataset/CIFAR100/deer/data_batch_1_00089.png | 8.954 ms (total, includes preprocess+inference+postprocess)
/ultralytics/zoo/dataset/CIFAR100/dog/data_batch_1_00027.png | 8.727 ms (total, includes preprocess+inference+postprocess)
/ultralytics/zoo/dataset/CIFAR100/dog/data_batch_1_00040.png | 8.770 ms (total, includes preprocess+inference+postprocess)
/ultralytics/zoo/dataset/CIFAR100/dog/data_batch_1_00051.png | 8.650 ms (total, includes preprocess+inference+postprocess)
/ultralytics/zoo/dataset/CIFAR100/dog/data_batch_1_00056.png | 8.651 ms (total, includes preprocess+inference+postprocess)
/ultralytics/zoo/dataset/CIFAR100/dog/data_batch_1_00070.png | 9.049 ms (total, includes preprocess+inference+postprocess)
/ultralytics/zoo/dataset/CIFAR100/dog/data_batch_1_00081.png | 9.039 ms (total, includes preprocess+inference+postprocess)
/ultralytics/zoo/dataset/CIFAR100/dog/data_batch_1_00083.png | 8.702 ms (total, includes preprocess+inference+postprocess)
/ultralytics/zoo/dataset/CIFAR100/dog/data_batch_1_00107.png | 8.594 ms (total, includes preprocess+inference+postprocess)
/ultralytics/zoo/dataset/CIFAR100/dog/data_batch_1_00128.png | 8.509 ms (total, includes preprocess+inference+postprocess)
/ultralytics/zoo/dataset/CIFAR100/dog/data_batch_1_00148.png | 8.949 ms (total, includes preprocess+inference+postprocess)
/ultralytics/zoo/dataset/CIFAR100/frog/data_batch_1_00000.png | 8.696 ms (total, includes preprocess+inference+postprocess)
/ultralytics/zoo/dataset/CIFAR100/frog/data_batch_1_00019.png | 8.717 ms (total, includes preprocess+inference+postprocess)
/ultralytics/zoo/dataset/CIFAR100/frog/data_batch_1_00022.png | 8.553 ms (total, includes preprocess+inference+postprocess)
/ultralytics/zoo/dataset/CIFAR100/frog/data_batch_1_00023.png | 8.650 ms (total, includes preprocess+inference+postprocess)
/ultralytics/zoo/dataset/CIFAR100/frog/data_batch_1_00025.png | 8.553 ms (total, includes preprocess+inference+postprocess)
/ultralytics/zoo/dataset/CIFAR100/frog/data_batch_1_00072.png | 8.926 ms (total, includes preprocess+inference+postprocess)
/ultralytics/zoo/dataset/CIFAR100/frog/data_batch_1_00095.png | 8.810 ms (total, includes preprocess+inference+postprocess)
/ultralytics/zoo/dataset/CIFAR100/frog/data_batch_1_00103.png | 8.688 ms (total, includes preprocess+inference+postprocess)
/ultralytics/zoo/dataset/CIFAR100/frog/data_batch_1_00104.png | 8.603 ms (total, includes preprocess+inference+postprocess)
/ultralytics/zoo/dataset/CIFAR100/frog/data_batch_1_00117.png | 8.795 ms (total, includes preprocess+inference+postprocess)
/ultralytics/zoo/dataset/CIFAR100/horse/data_batch_1_00007.png | 8.903 ms (total, includes preprocess+inference+postprocess)
/ultralytics/zoo/dataset/CIFAR100/horse/data_batch_1_00011.png | 8.837 ms (total, includes preprocess+inference+postprocess)
/ultralytics/zoo/dataset/CIFAR100/horse/data_batch_1_00012.png | 8.608 ms (total, includes preprocess+inference+postprocess)
/ultralytics/zoo/dataset/CIFAR100/horse/data_batch_1_00037.png | 8.499 ms (total, includes preprocess+inference+postprocess)
/ultralytics/zoo/dataset/CIFAR100/horse/data_batch_1_00043.png | 8.561 ms (total, includes preprocess+inference+postprocess)
/ultralytics/zoo/dataset/CIFAR100/horse/data_batch_1_00052.png | 9.013 ms (total, includes preprocess+inference+postprocess)
/ultralytics/zoo/dataset/CIFAR100/horse/data_batch_1_00068.png | 8.887 ms (total, includes preprocess+inference+postprocess)
/ultralytics/zoo/dataset/CIFAR100/horse/data_batch_1_00073.png | 8.815 ms (total, includes preprocess+inference+postprocess)
/ultralytics/zoo/dataset/CIFAR100/horse/data_batch_1_00084.png | 8.662 ms (total, includes preprocess+inference+postprocess)
/ultralytics/zoo/dataset/CIFAR100/horse/data_batch_1_00085.png | 8.612 ms (total, includes preprocess+inference+postprocess)
/ultralytics/zoo/dataset/CIFAR100/ship/data_batch_1_00008.png | 8.937 ms (total, includes preprocess+inference+postprocess)
/ultralytics/zoo/dataset/CIFAR100/ship/data_batch_1_00062.png | 8.737 ms (total, includes preprocess+inference+postprocess)
/ultralytics/zoo/dataset/CIFAR100/ship/data_batch_1_00069.png | 8.708 ms (total, includes preprocess+inference+postprocess)
/ultralytics/zoo/dataset/CIFAR100/ship/data_batch_1_00092.png | 8.532 ms (total, includes preprocess+inference+postprocess)
/ultralytics/zoo/dataset/CIFAR100/ship/data_batch_1_00100.png | 8.676 ms (total, includes preprocess+inference+postprocess)
/ultralytics/zoo/dataset/CIFAR100/ship/data_batch_1_00106.png | 8.968 ms (total, includes preprocess+inference+postprocess)
/ultralytics/zoo/dataset/CIFAR100/ship/data_batch_1_00111.png | 8.927 ms (total, includes preprocess+inference+postprocess)
/ultralytics/zoo/dataset/CIFAR100/ship/data_batch_1_00135.png | 8.691 ms (total, includes preprocess+inference+postprocess)
/ultralytics/zoo/dataset/CIFAR100/ship/data_batch_1_00139.png | 8.562 ms (total, includes preprocess+inference+postprocess)
/ultralytics/zoo/dataset/CIFAR100/ship/data_batch_1_00155.png | 8.684 ms (total, includes preprocess+inference+postprocess)
/ultralytics/zoo/dataset/CIFAR100/truck/data_batch_1_00001.png | 9.008 ms (total, includes preprocess+inference+postprocess)
/ultralytics/zoo/dataset/CIFAR100/truck/data_batch_1_00002.png | 8.887 ms (total, includes preprocess+inference+postprocess)
/ultralytics/zoo/dataset/CIFAR100/truck/data_batch_1_00014.png | 8.785 ms (total, includes preprocess+inference+postprocess)
/ultralytics/zoo/dataset/CIFAR100/truck/data_batch_1_00015.png | 8.647 ms (total, includes preprocess+inference+postprocess)
/ultralytics/zoo/dataset/CIFAR100/truck/data_batch_1_00016.png | 8.564 ms (total, includes preprocess+inference+postprocess)
/ultralytics/zoo/dataset/CIFAR100/truck/data_batch_1_00031.png | 9.030 ms (total, includes preprocess+inference+postprocess)
/ultralytics/zoo/dataset/CIFAR100/truck/data_batch_1_00050.png | 9.432 ms (total, includes preprocess+inference+postprocess)
/ultralytics/zoo/dataset/CIFAR100/truck/data_batch_1_00053.png | 9.074 ms (total, includes preprocess+inference+postprocess)
/ultralytics/zoo/dataset/CIFAR100/truck/data_batch_1_00067.png | 8.841 ms (total, includes preprocess+inference+postprocess)
/ultralytics/zoo/dataset/CIFAR100/truck/data_batch_1_00071.png | 8.942 ms (total, includes preprocess+inference+postprocess)
avg_total: 8.359 ms

[yolo11n-detect] dataset=/ultralytics/zoo/dataset/coco128/images/train2017 count=100 imgsz=640
Format: image_path | preprocess_ms | inference_ms | postprocess_ms | total_ms
/ultralytics/zoo/dataset/coco128/images/train2017/000000000009.jpg | 22.861 ms (total, includes preprocess+inference+postprocess)
/ultralytics/zoo/dataset/coco128/images/train2017/000000000025.jpg | 21.701 ms (total, includes preprocess+inference+postprocess)
/ultralytics/zoo/dataset/coco128/images/train2017/000000000030.jpg | 20.562 ms (total, includes preprocess+inference+postprocess)
/ultralytics/zoo/dataset/coco128/images/train2017/000000000034.jpg | 22.511 ms (total, includes preprocess+inference+postprocess)
/ultralytics/zoo/dataset/coco128/images/train2017/000000000036.jpg | 22.114 ms (total, includes preprocess+inference+postprocess)
/ultralytics/zoo/dataset/coco128/images/train2017/000000000042.jpg | 25.537 ms (total, includes preprocess+inference+postprocess)
/ultralytics/zoo/dataset/coco128/images/train2017/000000000049.jpg | 27.993 ms (total, includes preprocess+inference+postprocess)
/ultralytics/zoo/dataset/coco128/images/train2017/000000000061.jpg | 26.768 ms (total, includes preprocess+inference+postprocess)
/ultralytics/zoo/dataset/coco128/images/train2017/000000000064.jpg | 25.423 ms (total, includes preprocess+inference+postprocess)
/ultralytics/zoo/dataset/coco128/images/train2017/000000000071.jpg | 25.305 ms (total, includes preprocess+inference+postprocess)
/ultralytics/zoo/dataset/coco128/images/train2017/000000000072.jpg | 26.100 ms (total, includes preprocess+inference+postprocess)
/ultralytics/zoo/dataset/coco128/images/train2017/000000000073.jpg | 27.974 ms (total, includes preprocess+inference+postprocess)
/ultralytics/zoo/dataset/coco128/images/train2017/000000000074.jpg | 25.192 ms (total, includes preprocess+inference+postprocess)
/ultralytics/zoo/dataset/coco128/images/train2017/000000000077.jpg | 28.787 ms (total, includes preprocess+inference+postprocess)
/ultralytics/zoo/dataset/coco128/images/train2017/000000000078.jpg | 33.530 ms (total, includes preprocess+inference+postprocess)
/ultralytics/zoo/dataset/coco128/images/train2017/000000000081.jpg | 32.171 ms (total, includes preprocess+inference+postprocess)
/ultralytics/zoo/dataset/coco128/images/train2017/000000000086.jpg | 31.880 ms (total, includes preprocess+inference+postprocess)
/ultralytics/zoo/dataset/coco128/images/train2017/000000000089.jpg | 29.655 ms (total, includes preprocess+inference+postprocess)
/ultralytics/zoo/dataset/coco128/images/train2017/000000000092.jpg | 30.032 ms (total, includes preprocess+inference+postprocess)
/ultralytics/zoo/dataset/coco128/images/train2017/000000000094.jpg | 26.703 ms (total, includes preprocess+inference+postprocess)
/ultralytics/zoo/dataset/coco128/images/train2017/000000000109.jpg | 27.925 ms (total, includes preprocess+inference+postprocess)
/ultralytics/zoo/dataset/coco128/images/train2017/000000000110.jpg | 32.111 ms (total, includes preprocess+inference+postprocess)
/ultralytics/zoo/dataset/coco128/images/train2017/000000000113.jpg | 26.842 ms (total, includes preprocess+inference+postprocess)
/ultralytics/zoo/dataset/coco128/images/train2017/000000000127.jpg | 26.831 ms (total, includes preprocess+inference+postprocess)
/ultralytics/zoo/dataset/coco128/images/train2017/000000000133.jpg | 32.953 ms (total, includes preprocess+inference+postprocess)
/ultralytics/zoo/dataset/coco128/images/train2017/000000000136.jpg | 29.015 ms (total, includes preprocess+inference+postprocess)
/ultralytics/zoo/dataset/coco128/images/train2017/000000000138.jpg | 26.684 ms (total, includes preprocess+inference+postprocess)
/ultralytics/zoo/dataset/coco128/images/train2017/000000000142.jpg | 29.718 ms (total, includes preprocess+inference+postprocess)
/ultralytics/zoo/dataset/coco128/images/train2017/000000000143.jpg | 31.623 ms (total, includes preprocess+inference+postprocess)
/ultralytics/zoo/dataset/coco128/images/train2017/000000000144.jpg | 27.986 ms (total, includes preprocess+inference+postprocess)
/ultralytics/zoo/dataset/coco128/images/train2017/000000000149.jpg | 29.639 ms (total, includes preprocess+inference+postprocess)
/ultralytics/zoo/dataset/coco128/images/train2017/000000000151.jpg | 29.830 ms (total, includes preprocess+inference+postprocess)
/ultralytics/zoo/dataset/coco128/images/train2017/000000000154.jpg | 30.744 ms (total, includes preprocess+inference+postprocess)
/ultralytics/zoo/dataset/coco128/images/train2017/000000000164.jpg | 29.934 ms (total, includes preprocess+inference+postprocess)
/ultralytics/zoo/dataset/coco128/images/train2017/000000000165.jpg | 28.577 ms (total, includes preprocess+inference+postprocess)
/ultralytics/zoo/dataset/coco128/images/train2017/000000000192.jpg | 29.967 ms (total, includes preprocess+inference+postprocess)
/ultralytics/zoo/dataset/coco128/images/train2017/000000000194.jpg | 29.965 ms (total, includes preprocess+inference+postprocess)
/ultralytics/zoo/dataset/coco128/images/train2017/000000000196.jpg | 32.387 ms (total, includes preprocess+inference+postprocess)
/ultralytics/zoo/dataset/coco128/images/train2017/000000000201.jpg | 26.633 ms (total, includes preprocess+inference+postprocess)
/ultralytics/zoo/dataset/coco128/images/train2017/000000000208.jpg | 29.829 ms (total, includes preprocess+inference+postprocess)
/ultralytics/zoo/dataset/coco128/images/train2017/000000000241.jpg | 33.737 ms (total, includes preprocess+inference+postprocess)
/ultralytics/zoo/dataset/coco128/images/train2017/000000000247.jpg | 26.141 ms (total, includes preprocess+inference+postprocess)
/ultralytics/zoo/dataset/coco128/images/train2017/000000000250.jpg | 26.276 ms (total, includes preprocess+inference+postprocess)
/ultralytics/zoo/dataset/coco128/images/train2017/000000000257.jpg | 27.868 ms (total, includes preprocess+inference+postprocess)
/ultralytics/zoo/dataset/coco128/images/train2017/000000000260.jpg | 35.644 ms (total, includes preprocess+inference+postprocess)
/ultralytics/zoo/dataset/coco128/images/train2017/000000000263.jpg | 28.533 ms (total, includes preprocess+inference+postprocess)
/ultralytics/zoo/dataset/coco128/images/train2017/000000000283.jpg | 31.248 ms (total, includes preprocess+inference+postprocess)
/ultralytics/zoo/dataset/coco128/images/train2017/000000000294.jpg | 29.719 ms (total, includes preprocess+inference+postprocess)
/ultralytics/zoo/dataset/coco128/images/train2017/000000000307.jpg | 30.473 ms (total, includes preprocess+inference+postprocess)
/ultralytics/zoo/dataset/coco128/images/train2017/000000000308.jpg | 27.262 ms (total, includes preprocess+inference+postprocess)
/ultralytics/zoo/dataset/coco128/images/train2017/000000000309.jpg | 36.582 ms (total, includes preprocess+inference+postprocess)
/ultralytics/zoo/dataset/coco128/images/train2017/000000000312.jpg | 26.296 ms (total, includes preprocess+inference+postprocess)
/ultralytics/zoo/dataset/coco128/images/train2017/000000000315.jpg | 25.885 ms (total, includes preprocess+inference+postprocess)
/ultralytics/zoo/dataset/coco128/images/train2017/000000000321.jpg | 29.868 ms (total, includes preprocess+inference+postprocess)
/ultralytics/zoo/dataset/coco128/images/train2017/000000000322.jpg | 25.726 ms (total, includes preprocess+inference+postprocess)
/ultralytics/zoo/dataset/coco128/images/train2017/000000000326.jpg | 30.861 ms (total, includes preprocess+inference+postprocess)
/ultralytics/zoo/dataset/coco128/images/train2017/000000000328.jpg | 29.711 ms (total, includes preprocess+inference+postprocess)
/ultralytics/zoo/dataset/coco128/images/train2017/000000000332.jpg | 32.203 ms (total, includes preprocess+inference+postprocess)
/ultralytics/zoo/dataset/coco128/images/train2017/000000000338.jpg | 29.702 ms (total, includes preprocess+inference+postprocess)
/ultralytics/zoo/dataset/coco128/images/train2017/000000000349.jpg | 32.190 ms (total, includes preprocess+inference+postprocess)
/ultralytics/zoo/dataset/coco128/images/train2017/000000000357.jpg | 26.281 ms (total, includes preprocess+inference+postprocess)
/ultralytics/zoo/dataset/coco128/images/train2017/000000000359.jpg | 31.059 ms (total, includes preprocess+inference+postprocess)
/ultralytics/zoo/dataset/coco128/images/train2017/000000000360.jpg | 35.892 ms (total, includes preprocess+inference+postprocess)
/ultralytics/zoo/dataset/coco128/images/train2017/000000000368.jpg | 28.741 ms (total, includes preprocess+inference+postprocess)
/ultralytics/zoo/dataset/coco128/images/train2017/000000000370.jpg | 34.654 ms (total, includes preprocess+inference+postprocess)
/ultralytics/zoo/dataset/coco128/images/train2017/000000000382.jpg | 26.183 ms (total, includes preprocess+inference+postprocess)
/ultralytics/zoo/dataset/coco128/images/train2017/000000000384.jpg | 25.621 ms (total, includes preprocess+inference+postprocess)
/ultralytics/zoo/dataset/coco128/images/train2017/000000000387.jpg | 32.465 ms (total, includes preprocess+inference+postprocess)
/ultralytics/zoo/dataset/coco128/images/train2017/000000000389.jpg | 28.828 ms (total, includes preprocess+inference+postprocess)
/ultralytics/zoo/dataset/coco128/images/train2017/000000000394.jpg | 27.867 ms (total, includes preprocess+inference+postprocess)
/ultralytics/zoo/dataset/coco128/images/train2017/000000000395.jpg | 30.695 ms (total, includes preprocess+inference+postprocess)
/ultralytics/zoo/dataset/coco128/images/train2017/000000000397.jpg | 30.052 ms (total, includes preprocess+inference+postprocess)
/ultralytics/zoo/dataset/coco128/images/train2017/000000000400.jpg | 30.002 ms (total, includes preprocess+inference+postprocess)
/ultralytics/zoo/dataset/coco128/images/train2017/000000000404.jpg | 31.067 ms (total, includes preprocess+inference+postprocess)
/ultralytics/zoo/dataset/coco128/images/train2017/000000000415.jpg | 30.460 ms (total, includes preprocess+inference+postprocess)
/ultralytics/zoo/dataset/coco128/images/train2017/000000000419.jpg | 31.124 ms (total, includes preprocess+inference+postprocess)
/ultralytics/zoo/dataset/coco128/images/train2017/000000000428.jpg | 26.997 ms (total, includes preprocess+inference+postprocess)
/ultralytics/zoo/dataset/coco128/images/train2017/000000000431.jpg | 33.645 ms (total, includes preprocess+inference+postprocess)
/ultralytics/zoo/dataset/coco128/images/train2017/000000000436.jpg | 26.809 ms (total, includes preprocess+inference+postprocess)
/ultralytics/zoo/dataset/coco128/images/train2017/000000000438.jpg | 29.741 ms (total, includes preprocess+inference+postprocess)
/ultralytics/zoo/dataset/coco128/images/train2017/000000000443.jpg | 25.748 ms (total, includes preprocess+inference+postprocess)
/ultralytics/zoo/dataset/coco128/images/train2017/000000000446.jpg | 29.782 ms (total, includes preprocess+inference+postprocess)
/ultralytics/zoo/dataset/coco128/images/train2017/000000000450.jpg | 26.682 ms (total, includes preprocess+inference+postprocess)
/ultralytics/zoo/dataset/coco128/images/train2017/000000000459.jpg | 33.571 ms (total, includes preprocess+inference+postprocess)
/ultralytics/zoo/dataset/coco128/images/train2017/000000000471.jpg | 26.294 ms (total, includes preprocess+inference+postprocess)
/ultralytics/zoo/dataset/coco128/images/train2017/000000000472.jpg | 23.297 ms (total, includes preprocess+inference+postprocess)
/ultralytics/zoo/dataset/coco128/images/train2017/000000000474.jpg | 29.073 ms (total, includes preprocess+inference+postprocess)
/ultralytics/zoo/dataset/coco128/images/train2017/000000000486.jpg | 29.996 ms (total, includes preprocess+inference+postprocess)
/ultralytics/zoo/dataset/coco128/images/train2017/000000000488.jpg | 26.807 ms (total, includes preprocess+inference+postprocess)
/ultralytics/zoo/dataset/coco128/images/train2017/000000000490.jpg | 41.254 ms (total, includes preprocess+inference+postprocess)
/ultralytics/zoo/dataset/coco128/images/train2017/000000000491.jpg | 30.911 ms (total, includes preprocess+inference+postprocess)
/ultralytics/zoo/dataset/coco128/images/train2017/000000000502.jpg | 29.316 ms (total, includes preprocess+inference+postprocess)
/ultralytics/zoo/dataset/coco128/images/train2017/000000000508.jpg | 26.349 ms (total, includes preprocess+inference+postprocess)
/ultralytics/zoo/dataset/coco128/images/train2017/000000000510.jpg | 24.382 ms (total, includes preprocess+inference+postprocess)
/ultralytics/zoo/dataset/coco128/images/train2017/000000000514.jpg | 21.487 ms (total, includes preprocess+inference+postprocess)
/ultralytics/zoo/dataset/coco128/images/train2017/000000000520.jpg | 24.588 ms (total, includes preprocess+inference+postprocess)
/ultralytics/zoo/dataset/coco128/images/train2017/000000000529.jpg | 25.519 ms (total, includes preprocess+inference+postprocess)
/ultralytics/zoo/dataset/coco128/images/train2017/000000000531.jpg | 24.839 ms (total, includes preprocess+inference+postprocess)
/ultralytics/zoo/dataset/coco128/images/train2017/000000000532.jpg | 25.729 ms (total, includes preprocess+inference+postprocess)
/ultralytics/zoo/dataset/coco128/images/train2017/000000000536.jpg | 26.844 ms (total, includes preprocess+inference+postprocess)
avg_total: 28.686 ms

[yolo11n-pose] dataset=/ultralytics/zoo/dataset/coco128/images/train2017 count=100 imgsz=640
Format: image_path | preprocess_ms | inference_ms | postprocess_ms | total_ms
/ultralytics/zoo/dataset/coco128/images/train2017/000000000009.jpg | 22.146 ms (total, includes preprocess+inference+postprocess)
/ultralytics/zoo/dataset/coco128/images/train2017/000000000025.jpg | 23.254 ms (total, includes preprocess+inference+postprocess)
/ultralytics/zoo/dataset/coco128/images/train2017/000000000030.jpg | 25.916 ms (total, includes preprocess+inference+postprocess)
/ultralytics/zoo/dataset/coco128/images/train2017/000000000034.jpg | 24.818 ms (total, includes preprocess+inference+postprocess)
/ultralytics/zoo/dataset/coco128/images/train2017/000000000036.jpg | 27.490 ms (total, includes preprocess+inference+postprocess)
/ultralytics/zoo/dataset/coco128/images/train2017/000000000042.jpg | 24.015 ms (total, includes preprocess+inference+postprocess)
/ultralytics/zoo/dataset/coco128/images/train2017/000000000049.jpg | 30.150 ms (total, includes preprocess+inference+postprocess)
/ultralytics/zoo/dataset/coco128/images/train2017/000000000061.jpg | 29.392 ms (total, includes preprocess+inference+postprocess)
/ultralytics/zoo/dataset/coco128/images/train2017/000000000064.jpg | 30.763 ms (total, includes preprocess+inference+postprocess)
/ultralytics/zoo/dataset/coco128/images/train2017/000000000071.jpg | 23.973 ms (total, includes preprocess+inference+postprocess)
/ultralytics/zoo/dataset/coco128/images/train2017/000000000072.jpg | 24.984 ms (total, includes preprocess+inference+postprocess)
/ultralytics/zoo/dataset/coco128/images/train2017/000000000073.jpg | 30.205 ms (total, includes preprocess+inference+postprocess)
/ultralytics/zoo/dataset/coco128/images/train2017/000000000074.jpg | 29.830 ms (total, includes preprocess+inference+postprocess)
/ultralytics/zoo/dataset/coco128/images/train2017/000000000077.jpg | 31.748 ms (total, includes preprocess+inference+postprocess)
/ultralytics/zoo/dataset/coco128/images/train2017/000000000078.jpg | 33.705 ms (total, includes preprocess+inference+postprocess)
/ultralytics/zoo/dataset/coco128/images/train2017/000000000081.jpg | 23.562 ms (total, includes preprocess+inference+postprocess)
/ultralytics/zoo/dataset/coco128/images/train2017/000000000086.jpg | 32.218 ms (total, includes preprocess+inference+postprocess)
/ultralytics/zoo/dataset/coco128/images/train2017/000000000089.jpg | 33.401 ms (total, includes preprocess+inference+postprocess)
/ultralytics/zoo/dataset/coco128/images/train2017/000000000092.jpg | 28.639 ms (total, includes preprocess+inference+postprocess)
/ultralytics/zoo/dataset/coco128/images/train2017/000000000094.jpg | 29.590 ms (total, includes preprocess+inference+postprocess)
/ultralytics/zoo/dataset/coco128/images/train2017/000000000109.jpg | 30.713 ms (total, includes preprocess+inference+postprocess)
/ultralytics/zoo/dataset/coco128/images/train2017/000000000110.jpg | 30.768 ms (total, includes preprocess+inference+postprocess)
/ultralytics/zoo/dataset/coco128/images/train2017/000000000113.jpg | 28.911 ms (total, includes preprocess+inference+postprocess)
/ultralytics/zoo/dataset/coco128/images/train2017/000000000127.jpg | 25.301 ms (total, includes preprocess+inference+postprocess)
/ultralytics/zoo/dataset/coco128/images/train2017/000000000133.jpg | 31.103 ms (total, includes preprocess+inference+postprocess)
/ultralytics/zoo/dataset/coco128/images/train2017/000000000136.jpg | 31.601 ms (total, includes preprocess+inference+postprocess)
/ultralytics/zoo/dataset/coco128/images/train2017/000000000138.jpg | 24.612 ms (total, includes preprocess+inference+postprocess)
/ultralytics/zoo/dataset/coco128/images/train2017/000000000142.jpg | 24.460 ms (total, includes preprocess+inference+postprocess)
/ultralytics/zoo/dataset/coco128/images/train2017/000000000143.jpg | 29.168 ms (total, includes preprocess+inference+postprocess)
/ultralytics/zoo/dataset/coco128/images/train2017/000000000144.jpg | 29.865 ms (total, includes preprocess+inference+postprocess)
/ultralytics/zoo/dataset/coco128/images/train2017/000000000149.jpg | 26.243 ms (total, includes preprocess+inference+postprocess)
/ultralytics/zoo/dataset/coco128/images/train2017/000000000151.jpg | 35.543 ms (total, includes preprocess+inference+postprocess)
/ultralytics/zoo/dataset/coco128/images/train2017/000000000154.jpg | 27.224 ms (total, includes preprocess+inference+postprocess)
/ultralytics/zoo/dataset/coco128/images/train2017/000000000164.jpg | 30.638 ms (total, includes preprocess+inference+postprocess)
/ultralytics/zoo/dataset/coco128/images/train2017/000000000165.jpg | 37.623 ms (total, includes preprocess+inference+postprocess)
/ultralytics/zoo/dataset/coco128/images/train2017/000000000192.jpg | 28.959 ms (total, includes preprocess+inference+postprocess)
/ultralytics/zoo/dataset/coco128/images/train2017/000000000194.jpg | 27.101 ms (total, includes preprocess+inference+postprocess)
/ultralytics/zoo/dataset/coco128/images/train2017/000000000196.jpg | 29.948 ms (total, includes preprocess+inference+postprocess)
/ultralytics/zoo/dataset/coco128/images/train2017/000000000201.jpg | 31.589 ms (total, includes preprocess+inference+postprocess)
/ultralytics/zoo/dataset/coco128/images/train2017/000000000208.jpg | 31.380 ms (total, includes preprocess+inference+postprocess)
/ultralytics/zoo/dataset/coco128/images/train2017/000000000241.jpg | 30.375 ms (total, includes preprocess+inference+postprocess)
/ultralytics/zoo/dataset/coco128/images/train2017/000000000247.jpg | 27.958 ms (total, includes preprocess+inference+postprocess)
/ultralytics/zoo/dataset/coco128/images/train2017/000000000250.jpg | 29.096 ms (total, includes preprocess+inference+postprocess)
/ultralytics/zoo/dataset/coco128/images/train2017/000000000257.jpg | 31.668 ms (total, includes preprocess+inference+postprocess)
/ultralytics/zoo/dataset/coco128/images/train2017/000000000260.jpg | 31.553 ms (total, includes preprocess+inference+postprocess)
/ultralytics/zoo/dataset/coco128/images/train2017/000000000263.jpg | 25.199 ms (total, includes preprocess+inference+postprocess)
/ultralytics/zoo/dataset/coco128/images/train2017/000000000283.jpg | 24.083 ms (total, includes preprocess+inference+postprocess)
/ultralytics/zoo/dataset/coco128/images/train2017/000000000294.jpg | 37.391 ms (total, includes preprocess+inference+postprocess)
/ultralytics/zoo/dataset/coco128/images/train2017/000000000307.jpg | 26.402 ms (total, includes preprocess+inference+postprocess)
/ultralytics/zoo/dataset/coco128/images/train2017/000000000308.jpg | 34.508 ms (total, includes preprocess+inference+postprocess)
/ultralytics/zoo/dataset/coco128/images/train2017/000000000309.jpg | 34.716 ms (total, includes preprocess+inference+postprocess)
/ultralytics/zoo/dataset/coco128/images/train2017/000000000312.jpg | 27.858 ms (total, includes preprocess+inference+postprocess)
/ultralytics/zoo/dataset/coco128/images/train2017/000000000315.jpg | 27.492 ms (total, includes preprocess+inference+postprocess)
/ultralytics/zoo/dataset/coco128/images/train2017/000000000321.jpg | 30.507 ms (total, includes preprocess+inference+postprocess)
/ultralytics/zoo/dataset/coco128/images/train2017/000000000322.jpg | 32.108 ms (total, includes preprocess+inference+postprocess)
/ultralytics/zoo/dataset/coco128/images/train2017/000000000326.jpg | 27.100 ms (total, includes preprocess+inference+postprocess)
/ultralytics/zoo/dataset/coco128/images/train2017/000000000328.jpg | 31.118 ms (total, includes preprocess+inference+postprocess)
/ultralytics/zoo/dataset/coco128/images/train2017/000000000332.jpg | 24.900 ms (total, includes preprocess+inference+postprocess)
/ultralytics/zoo/dataset/coco128/images/train2017/000000000338.jpg | 33.711 ms (total, includes preprocess+inference+postprocess)
/ultralytics/zoo/dataset/coco128/images/train2017/000000000349.jpg | 28.007 ms (total, includes preprocess+inference+postprocess)
/ultralytics/zoo/dataset/coco128/images/train2017/000000000357.jpg | 29.331 ms (total, includes preprocess+inference+postprocess)
/ultralytics/zoo/dataset/coco128/images/train2017/000000000359.jpg | 29.645 ms (total, includes preprocess+inference+postprocess)
/ultralytics/zoo/dataset/coco128/images/train2017/000000000360.jpg | 30.692 ms (total, includes preprocess+inference+postprocess)
/ultralytics/zoo/dataset/coco128/images/train2017/000000000368.jpg | 29.638 ms (total, includes preprocess+inference+postprocess)
/ultralytics/zoo/dataset/coco128/images/train2017/000000000370.jpg | 31.700 ms (total, includes preprocess+inference+postprocess)
/ultralytics/zoo/dataset/coco128/images/train2017/000000000382.jpg | 27.819 ms (total, includes preprocess+inference+postprocess)
/ultralytics/zoo/dataset/coco128/images/train2017/000000000384.jpg | 28.929 ms (total, includes preprocess+inference+postprocess)
/ultralytics/zoo/dataset/coco128/images/train2017/000000000387.jpg | 36.260 ms (total, includes preprocess+inference+postprocess)
/ultralytics/zoo/dataset/coco128/images/train2017/000000000389.jpg | 31.017 ms (total, includes preprocess+inference+postprocess)
/ultralytics/zoo/dataset/coco128/images/train2017/000000000394.jpg | 28.333 ms (total, includes preprocess+inference+postprocess)
/ultralytics/zoo/dataset/coco128/images/train2017/000000000395.jpg | 28.022 ms (total, includes preprocess+inference+postprocess)
/ultralytics/zoo/dataset/coco128/images/train2017/000000000397.jpg | 27.110 ms (total, includes preprocess+inference+postprocess)
/ultralytics/zoo/dataset/coco128/images/train2017/000000000400.jpg | 24.294 ms (total, includes preprocess+inference+postprocess)
/ultralytics/zoo/dataset/coco128/images/train2017/000000000404.jpg | 23.896 ms (total, includes preprocess+inference+postprocess)
/ultralytics/zoo/dataset/coco128/images/train2017/000000000415.jpg | 26.569 ms (total, includes preprocess+inference+postprocess)
/ultralytics/zoo/dataset/coco128/images/train2017/000000000419.jpg | 27.732 ms (total, includes preprocess+inference+postprocess)
/ultralytics/zoo/dataset/coco128/images/train2017/000000000428.jpg | 26.510 ms (total, includes preprocess+inference+postprocess)
/ultralytics/zoo/dataset/coco128/images/train2017/000000000431.jpg | 30.679 ms (total, includes preprocess+inference+postprocess)
/ultralytics/zoo/dataset/coco128/images/train2017/000000000436.jpg | 26.354 ms (total, includes preprocess+inference+postprocess)
/ultralytics/zoo/dataset/coco128/images/train2017/000000000438.jpg | 24.214 ms (total, includes preprocess+inference+postprocess)
/ultralytics/zoo/dataset/coco128/images/train2017/000000000443.jpg | 26.557 ms (total, includes preprocess+inference+postprocess)
/ultralytics/zoo/dataset/coco128/images/train2017/000000000446.jpg | 26.907 ms (total, includes preprocess+inference+postprocess)
/ultralytics/zoo/dataset/coco128/images/train2017/000000000450.jpg | 24.377 ms (total, includes preprocess+inference+postprocess)
/ultralytics/zoo/dataset/coco128/images/train2017/000000000459.jpg | 26.942 ms (total, includes preprocess+inference+postprocess)
/ultralytics/zoo/dataset/coco128/images/train2017/000000000471.jpg | 23.380 ms (total, includes preprocess+inference+postprocess)
/ultralytics/zoo/dataset/coco128/images/train2017/000000000472.jpg | 21.980 ms (total, includes preprocess+inference+postprocess)
/ultralytics/zoo/dataset/coco128/images/train2017/000000000474.jpg | 29.838 ms (total, includes preprocess+inference+postprocess)
/ultralytics/zoo/dataset/coco128/images/train2017/000000000486.jpg | 24.150 ms (total, includes preprocess+inference+postprocess)
/ultralytics/zoo/dataset/coco128/images/train2017/000000000488.jpg | 26.523 ms (total, includes preprocess+inference+postprocess)
/ultralytics/zoo/dataset/coco128/images/train2017/000000000490.jpg | 28.515 ms (total, includes preprocess+inference+postprocess)
/ultralytics/zoo/dataset/coco128/images/train2017/000000000491.jpg | 26.243 ms (total, includes preprocess+inference+postprocess)
/ultralytics/zoo/dataset/coco128/images/train2017/000000000502.jpg | 31.840 ms (total, includes preprocess+inference+postprocess)
/ultralytics/zoo/dataset/coco128/images/train2017/000000000508.jpg | 30.641 ms (total, includes preprocess+inference+postprocess)
/ultralytics/zoo/dataset/coco128/images/train2017/000000000510.jpg | 32.591 ms (total, includes preprocess+inference+postprocess)
/ultralytics/zoo/dataset/coco128/images/train2017/000000000514.jpg | 24.091 ms (total, includes preprocess+inference+postprocess)
/ultralytics/zoo/dataset/coco128/images/train2017/000000000520.jpg | 29.759 ms (total, includes preprocess+inference+postprocess)
/ultralytics/zoo/dataset/coco128/images/train2017/000000000529.jpg | 32.274 ms (total, includes preprocess+inference+postprocess)
/ultralytics/zoo/dataset/coco128/images/train2017/000000000531.jpg | 28.744 ms (total, includes preprocess+inference+postprocess)
/ultralytics/zoo/dataset/coco128/images/train2017/000000000532.jpg | 31.194 ms (total, includes preprocess+inference+postprocess)
/ultralytics/zoo/dataset/coco128/images/train2017/000000000536.jpg | 29.126 ms (total, includes preprocess+inference+postprocess)
avg_total: 28.727 ms

[yolo11n-seg] dataset=/ultralytics/zoo/dataset/coco128/images/train2017 count=100 imgsz=640
Format: image_path | preprocess_ms | inference_ms | postprocess_ms | total_ms
/ultralytics/zoo/dataset/coco128/images/train2017/000000000009.jpg | 28.340 ms (total, includes preprocess+inference+postprocess)
/ultralytics/zoo/dataset/coco128/images/train2017/000000000025.jpg | 25.899 ms (total, includes preprocess+inference+postprocess)
/ultralytics/zoo/dataset/coco128/images/train2017/000000000030.jpg | 26.834 ms (total, includes preprocess+inference+postprocess)
/ultralytics/zoo/dataset/coco128/images/train2017/000000000034.jpg | 33.048 ms (total, includes preprocess+inference+postprocess)
/ultralytics/zoo/dataset/coco128/images/train2017/000000000036.jpg | 30.555 ms (total, includes preprocess+inference+postprocess)
/ultralytics/zoo/dataset/coco128/images/train2017/000000000042.jpg | 27.627 ms (total, includes preprocess+inference+postprocess)
/ultralytics/zoo/dataset/coco128/images/train2017/000000000049.jpg | 41.886 ms (total, includes preprocess+inference+postprocess)
/ultralytics/zoo/dataset/coco128/images/train2017/000000000061.jpg | 35.113 ms (total, includes preprocess+inference+postprocess)
/ultralytics/zoo/dataset/coco128/images/train2017/000000000064.jpg | 32.255 ms (total, includes preprocess+inference+postprocess)
/ultralytics/zoo/dataset/coco128/images/train2017/000000000071.jpg | 30.592 ms (total, includes preprocess+inference+postprocess)
/ultralytics/zoo/dataset/coco128/images/train2017/000000000072.jpg | 31.428 ms (total, includes preprocess+inference+postprocess)
/ultralytics/zoo/dataset/coco128/images/train2017/000000000073.jpg | 32.987 ms (total, includes preprocess+inference+postprocess)
/ultralytics/zoo/dataset/coco128/images/train2017/000000000074.jpg | 33.086 ms (total, includes preprocess+inference+postprocess)
/ultralytics/zoo/dataset/coco128/images/train2017/000000000077.jpg | 35.508 ms (total, includes preprocess+inference+postprocess)
/ultralytics/zoo/dataset/coco128/images/train2017/000000000078.jpg | 37.996 ms (total, includes preprocess+inference+postprocess)
/ultralytics/zoo/dataset/coco128/images/train2017/000000000081.jpg | 28.972 ms (total, includes preprocess+inference+postprocess)
/ultralytics/zoo/dataset/coco128/images/train2017/000000000086.jpg | 30.738 ms (total, includes preprocess+inference+postprocess)
/ultralytics/zoo/dataset/coco128/images/train2017/000000000089.jpg | 33.767 ms (total, includes preprocess+inference+postprocess)
/ultralytics/zoo/dataset/coco128/images/train2017/000000000092.jpg | 29.716 ms (total, includes preprocess+inference+postprocess)
/ultralytics/zoo/dataset/coco128/images/train2017/000000000094.jpg | 30.092 ms (total, includes preprocess+inference+postprocess)
/ultralytics/zoo/dataset/coco128/images/train2017/000000000109.jpg | 33.630 ms (total, includes preprocess+inference+postprocess)
/ultralytics/zoo/dataset/coco128/images/train2017/000000000110.jpg | 49.737 ms (total, includes preprocess+inference+postprocess)
/ultralytics/zoo/dataset/coco128/images/train2017/000000000113.jpg | 33.888 ms (total, includes preprocess+inference+postprocess)
/ultralytics/zoo/dataset/coco128/images/train2017/000000000127.jpg | 32.191 ms (total, includes preprocess+inference+postprocess)
/ultralytics/zoo/dataset/coco128/images/train2017/000000000133.jpg | 31.243 ms (total, includes preprocess+inference+postprocess)
/ultralytics/zoo/dataset/coco128/images/train2017/000000000136.jpg | 34.695 ms (total, includes preprocess+inference+postprocess)
/ultralytics/zoo/dataset/coco128/images/train2017/000000000138.jpg | 34.636 ms (total, includes preprocess+inference+postprocess)
/ultralytics/zoo/dataset/coco128/images/train2017/000000000142.jpg | 32.561 ms (total, includes preprocess+inference+postprocess)
/ultralytics/zoo/dataset/coco128/images/train2017/000000000143.jpg | 40.174 ms (total, includes preprocess+inference+postprocess)
/ultralytics/zoo/dataset/coco128/images/train2017/000000000144.jpg | 34.267 ms (total, includes preprocess+inference+postprocess)
/ultralytics/zoo/dataset/coco128/images/train2017/000000000149.jpg | 35.278 ms (total, includes preprocess+inference+postprocess)
/ultralytics/zoo/dataset/coco128/images/train2017/000000000151.jpg | 33.383 ms (total, includes preprocess+inference+postprocess)
/ultralytics/zoo/dataset/coco128/images/train2017/000000000154.jpg | 31.416 ms (total, includes preprocess+inference+postprocess)
/ultralytics/zoo/dataset/coco128/images/train2017/000000000164.jpg | 31.773 ms (total, includes preprocess+inference+postprocess)
/ultralytics/zoo/dataset/coco128/images/train2017/000000000165.jpg | 31.681 ms (total, includes preprocess+inference+postprocess)
/ultralytics/zoo/dataset/coco128/images/train2017/000000000192.jpg | 32.126 ms (total, includes preprocess+inference+postprocess)
/ultralytics/zoo/dataset/coco128/images/train2017/000000000194.jpg | 31.519 ms (total, includes preprocess+inference+postprocess)
/ultralytics/zoo/dataset/coco128/images/train2017/000000000196.jpg | 57.730 ms (total, includes preprocess+inference+postprocess)
/ultralytics/zoo/dataset/coco128/images/train2017/000000000201.jpg | 31.874 ms (total, includes preprocess+inference+postprocess)
/ultralytics/zoo/dataset/coco128/images/train2017/000000000208.jpg | 31.418 ms (total, includes preprocess+inference+postprocess)
/ultralytics/zoo/dataset/coco128/images/train2017/000000000241.jpg | 34.791 ms (total, includes preprocess+inference+postprocess)
/ultralytics/zoo/dataset/coco128/images/train2017/000000000247.jpg | 31.228 ms (total, includes preprocess+inference+postprocess)
/ultralytics/zoo/dataset/coco128/images/train2017/000000000250.jpg | 25.278 ms (total, includes preprocess+inference+postprocess)
/ultralytics/zoo/dataset/coco128/images/train2017/000000000257.jpg | 39.501 ms (total, includes preprocess+inference+postprocess)
/ultralytics/zoo/dataset/coco128/images/train2017/000000000260.jpg | 36.749 ms (total, includes preprocess+inference+postprocess)
/ultralytics/zoo/dataset/coco128/images/train2017/000000000263.jpg | 33.015 ms (total, includes preprocess+inference+postprocess)
/ultralytics/zoo/dataset/coco128/images/train2017/000000000283.jpg | 31.955 ms (total, includes preprocess+inference+postprocess)
/ultralytics/zoo/dataset/coco128/images/train2017/000000000294.jpg | 32.524 ms (total, includes preprocess+inference+postprocess)
/ultralytics/zoo/dataset/coco128/images/train2017/000000000307.jpg | 33.730 ms (total, includes preprocess+inference+postprocess)
/ultralytics/zoo/dataset/coco128/images/train2017/000000000308.jpg | 36.557 ms (total, includes preprocess+inference+postprocess)
/ultralytics/zoo/dataset/coco128/images/train2017/000000000309.jpg | 41.281 ms (total, includes preprocess+inference+postprocess)
/ultralytics/zoo/dataset/coco128/images/train2017/000000000312.jpg | 33.460 ms (total, includes preprocess+inference+postprocess)
/ultralytics/zoo/dataset/coco128/images/train2017/000000000315.jpg | 39.535 ms (total, includes preprocess+inference+postprocess)
/ultralytics/zoo/dataset/coco128/images/train2017/000000000321.jpg | 32.396 ms (total, includes preprocess+inference+postprocess)
/ultralytics/zoo/dataset/coco128/images/train2017/000000000322.jpg | 31.882 ms (total, includes preprocess+inference+postprocess)
/ultralytics/zoo/dataset/coco128/images/train2017/000000000326.jpg | 30.298 ms (total, includes preprocess+inference+postprocess)
/ultralytics/zoo/dataset/coco128/images/train2017/000000000328.jpg | 32.342 ms (total, includes preprocess+inference+postprocess)
/ultralytics/zoo/dataset/coco128/images/train2017/000000000332.jpg | 33.285 ms (total, includes preprocess+inference+postprocess)
/ultralytics/zoo/dataset/coco128/images/train2017/000000000338.jpg | 31.543 ms (total, includes preprocess+inference+postprocess)
/ultralytics/zoo/dataset/coco128/images/train2017/000000000349.jpg | 32.566 ms (total, includes preprocess+inference+postprocess)
/ultralytics/zoo/dataset/coco128/images/train2017/000000000357.jpg | 32.013 ms (total, includes preprocess+inference+postprocess)
/ultralytics/zoo/dataset/coco128/images/train2017/000000000359.jpg | 34.633 ms (total, includes preprocess+inference+postprocess)
/ultralytics/zoo/dataset/coco128/images/train2017/000000000360.jpg | 34.469 ms (total, includes preprocess+inference+postprocess)
/ultralytics/zoo/dataset/coco128/images/train2017/000000000368.jpg | 36.496 ms (total, includes preprocess+inference+postprocess)
/ultralytics/zoo/dataset/coco128/images/train2017/000000000370.jpg | 30.932 ms (total, includes preprocess+inference+postprocess)
/ultralytics/zoo/dataset/coco128/images/train2017/000000000382.jpg | 30.688 ms (total, includes preprocess+inference+postprocess)
/ultralytics/zoo/dataset/coco128/images/train2017/000000000384.jpg | 32.993 ms (total, includes preprocess+inference+postprocess)
/ultralytics/zoo/dataset/coco128/images/train2017/000000000387.jpg | 31.441 ms (total, includes preprocess+inference+postprocess)
/ultralytics/zoo/dataset/coco128/images/train2017/000000000389.jpg | 34.819 ms (total, includes preprocess+inference+postprocess)
/ultralytics/zoo/dataset/coco128/images/train2017/000000000394.jpg | 33.115 ms (total, includes preprocess+inference+postprocess)
/ultralytics/zoo/dataset/coco128/images/train2017/000000000395.jpg | 34.953 ms (total, includes preprocess+inference+postprocess)
/ultralytics/zoo/dataset/coco128/images/train2017/000000000397.jpg | 29.200 ms (total, includes preprocess+inference+postprocess)
/ultralytics/zoo/dataset/coco128/images/train2017/000000000400.jpg | 28.752 ms (total, includes preprocess+inference+postprocess)
/ultralytics/zoo/dataset/coco128/images/train2017/000000000404.jpg | 29.714 ms (total, includes preprocess+inference+postprocess)
/ultralytics/zoo/dataset/coco128/images/train2017/000000000415.jpg | 29.775 ms (total, includes preprocess+inference+postprocess)
/ultralytics/zoo/dataset/coco128/images/train2017/000000000419.jpg | 30.760 ms (total, includes preprocess+inference+postprocess)
/ultralytics/zoo/dataset/coco128/images/train2017/000000000428.jpg | 29.003 ms (total, includes preprocess+inference+postprocess)
/ultralytics/zoo/dataset/coco128/images/train2017/000000000431.jpg | 26.352 ms (total, includes preprocess+inference+postprocess)
/ultralytics/zoo/dataset/coco128/images/train2017/000000000436.jpg | 26.584 ms (total, includes preprocess+inference+postprocess)
/ultralytics/zoo/dataset/coco128/images/train2017/000000000438.jpg | 38.086 ms (total, includes preprocess+inference+postprocess)
/ultralytics/zoo/dataset/coco128/images/train2017/000000000443.jpg | 32.735 ms (total, includes preprocess+inference+postprocess)
/ultralytics/zoo/dataset/coco128/images/train2017/000000000446.jpg | 31.606 ms (total, includes preprocess+inference+postprocess)
/ultralytics/zoo/dataset/coco128/images/train2017/000000000450.jpg | 33.466 ms (total, includes preprocess+inference+postprocess)
/ultralytics/zoo/dataset/coco128/images/train2017/000000000459.jpg | 31.532 ms (total, includes preprocess+inference+postprocess)
/ultralytics/zoo/dataset/coco128/images/train2017/000000000471.jpg | 30.364 ms (total, includes preprocess+inference+postprocess)
/ultralytics/zoo/dataset/coco128/images/train2017/000000000472.jpg | 28.174 ms (total, includes preprocess+inference+postprocess)
/ultralytics/zoo/dataset/coco128/images/train2017/000000000474.jpg | 33.759 ms (total, includes preprocess+inference+postprocess)
/ultralytics/zoo/dataset/coco128/images/train2017/000000000486.jpg | 28.237 ms (total, includes preprocess+inference+postprocess)
/ultralytics/zoo/dataset/coco128/images/train2017/000000000488.jpg | 31.421 ms (total, includes preprocess+inference+postprocess)
/ultralytics/zoo/dataset/coco128/images/train2017/000000000490.jpg | 36.276 ms (total, includes preprocess+inference+postprocess)
/ultralytics/zoo/dataset/coco128/images/train2017/000000000491.jpg | 34.317 ms (total, includes preprocess+inference+postprocess)
/ultralytics/zoo/dataset/coco128/images/train2017/000000000502.jpg | 31.881 ms (total, includes preprocess+inference+postprocess)
/ultralytics/zoo/dataset/coco128/images/train2017/000000000508.jpg | 25.290 ms (total, includes preprocess+inference+postprocess)
/ultralytics/zoo/dataset/coco128/images/train2017/000000000510.jpg | 31.568 ms (total, includes preprocess+inference+postprocess)
/ultralytics/zoo/dataset/coco128/images/train2017/000000000514.jpg | 30.406 ms (total, includes preprocess+inference+postprocess)
/ultralytics/zoo/dataset/coco128/images/train2017/000000000520.jpg | 32.442 ms (total, includes preprocess+inference+postprocess)
/ultralytics/zoo/dataset/coco128/images/train2017/000000000529.jpg | 31.744 ms (total, includes preprocess+inference+postprocess)
/ultralytics/zoo/dataset/coco128/images/train2017/000000000531.jpg | 34.668 ms (total, includes preprocess+inference+postprocess)
/ultralytics/zoo/dataset/coco128/images/train2017/000000000532.jpg | 32.899 ms (total, includes preprocess+inference+postprocess)
/ultralytics/zoo/dataset/coco128/images/train2017/000000000536.jpg | 34.858 ms (total, includes preprocess+inference+postprocess)
avg_total: 32.880 ms

[yolo11n-obb] dataset=/ultralytics/zoo/dataset/DOTA100/images count=100 imgsz=640
Format: image_path | preprocess_ms | inference_ms | postprocess_ms | total_ms
/ultralytics/zoo/dataset/DOTA100/images/train/000000000025.jpg | 27.462 ms (total, includes preprocess+inference+postprocess)
/ultralytics/zoo/dataset/DOTA100/images/train/000000000034.jpg | 20.816 ms (total, includes preprocess+inference+postprocess)
/ultralytics/zoo/dataset/DOTA100/images/train/000000000036.jpg | 20.401 ms (total, includes preprocess+inference+postprocess)
/ultralytics/zoo/dataset/DOTA100/images/train/000000000042.jpg | 27.273 ms (total, includes preprocess+inference+postprocess)
/ultralytics/zoo/dataset/DOTA100/images/train/000000000064.jpg | 29.172 ms (total, includes preprocess+inference+postprocess)
/ultralytics/zoo/dataset/DOTA100/images/train/000000000071.jpg | 28.393 ms (total, includes preprocess+inference+postprocess)
/ultralytics/zoo/dataset/DOTA100/images/train/000000000073.jpg | 24.116 ms (total, includes preprocess+inference+postprocess)
/ultralytics/zoo/dataset/DOTA100/images/train/000000000074.jpg | 29.066 ms (total, includes preprocess+inference+postprocess)
/ultralytics/zoo/dataset/DOTA100/images/train/000000000078.jpg | 35.983 ms (total, includes preprocess+inference+postprocess)
/ultralytics/zoo/dataset/DOTA100/images/train/000000000089.jpg | 21.593 ms (total, includes preprocess+inference+postprocess)
/ultralytics/zoo/dataset/DOTA100/images/train/000000000094.jpg | 22.983 ms (total, includes preprocess+inference+postprocess)
/ultralytics/zoo/dataset/DOTA100/images/train/000000000110.jpg | 23.213 ms (total, includes preprocess+inference+postprocess)
/ultralytics/zoo/dataset/DOTA100/images/train/000000000136.jpg | 26.099 ms (total, includes preprocess+inference+postprocess)
/ultralytics/zoo/dataset/DOTA100/images/train/000000000138.jpg | 24.030 ms (total, includes preprocess+inference+postprocess)
/ultralytics/zoo/dataset/DOTA100/images/train/000000000142.jpg | 31.556 ms (total, includes preprocess+inference+postprocess)
/ultralytics/zoo/dataset/DOTA100/images/train/000000000143.jpg | 28.205 ms (total, includes preprocess+inference+postprocess)
/ultralytics/zoo/dataset/DOTA100/images/train/000000000151.jpg | 24.382 ms (total, includes preprocess+inference+postprocess)
/ultralytics/zoo/dataset/DOTA100/images/train/000000000154.jpg | 23.420 ms (total, includes preprocess+inference+postprocess)
/ultralytics/zoo/dataset/DOTA100/images/train/000000000164.jpg | 23.119 ms (total, includes preprocess+inference+postprocess)
/ultralytics/zoo/dataset/DOTA100/images/train/000000000196.jpg | 32.460 ms (total, includes preprocess+inference+postprocess)
/ultralytics/zoo/dataset/DOTA100/images/train/000000000208.jpg | 23.193 ms (total, includes preprocess+inference+postprocess)
/ultralytics/zoo/dataset/DOTA100/images/train/000000000241.jpg | 30.521 ms (total, includes preprocess+inference+postprocess)
/ultralytics/zoo/dataset/DOTA100/images/train/000000000247.jpg | 22.751 ms (total, includes preprocess+inference+postprocess)
/ultralytics/zoo/dataset/DOTA100/images/train/000000000260.jpg | 24.819 ms (total, includes preprocess+inference+postprocess)
/ultralytics/zoo/dataset/DOTA100/images/train/000000000294.jpg | 30.659 ms (total, includes preprocess+inference+postprocess)
/ultralytics/zoo/dataset/DOTA100/images/train/000000000308.jpg | 23.366 ms (total, includes preprocess+inference+postprocess)
/ultralytics/zoo/dataset/DOTA100/images/train/000000000309.jpg | 30.788 ms (total, includes preprocess+inference+postprocess)
/ultralytics/zoo/dataset/DOTA100/images/train/000000000312.jpg | 23.921 ms (total, includes preprocess+inference+postprocess)
/ultralytics/zoo/dataset/DOTA100/images/train/000000000321.jpg | 23.203 ms (total, includes preprocess+inference+postprocess)
/ultralytics/zoo/dataset/DOTA100/images/train/000000000322.jpg | 31.243 ms (total, includes preprocess+inference+postprocess)
/ultralytics/zoo/dataset/DOTA100/images/train/000000000326.jpg | 22.571 ms (total, includes preprocess+inference+postprocess)
/ultralytics/zoo/dataset/DOTA100/images/train/000000000328.jpg | 31.497 ms (total, includes preprocess+inference+postprocess)
/ultralytics/zoo/dataset/DOTA100/images/train/000000000338.jpg | 22.533 ms (total, includes preprocess+inference+postprocess)
/ultralytics/zoo/dataset/DOTA100/images/train/000000000357.jpg | 22.106 ms (total, includes preprocess+inference+postprocess)
/ultralytics/zoo/dataset/DOTA100/images/train/000000000360.jpg | 26.870 ms (total, includes preprocess+inference+postprocess)
/ultralytics/zoo/dataset/DOTA100/images/train/000000000368.jpg | 25.689 ms (total, includes preprocess+inference+postprocess)
/ultralytics/zoo/dataset/DOTA100/images/train/000000000382.jpg | 23.684 ms (total, includes preprocess+inference+postprocess)
/ultralytics/zoo/dataset/DOTA100/images/train/000000000387.jpg | 33.129 ms (total, includes preprocess+inference+postprocess)
/ultralytics/zoo/dataset/DOTA100/images/train/000000000389.jpg | 33.092 ms (total, includes preprocess+inference+postprocess)
/ultralytics/zoo/dataset/DOTA100/images/train/000000000395.jpg | 24.745 ms (total, includes preprocess+inference+postprocess)
/ultralytics/zoo/dataset/DOTA100/images/train/000000000400.jpg | 25.630 ms (total, includes preprocess+inference+postprocess)
/ultralytics/zoo/dataset/DOTA100/images/train/000000000404.jpg | 24.429 ms (total, includes preprocess+inference+postprocess)
/ultralytics/zoo/dataset/DOTA100/images/train/000000000415.jpg | 33.367 ms (total, includes preprocess+inference+postprocess)
/ultralytics/zoo/dataset/DOTA100/images/train/000000000419.jpg | 24.924 ms (total, includes preprocess+inference+postprocess)
/ultralytics/zoo/dataset/DOTA100/images/train/000000000431.jpg | 23.640 ms (total, includes preprocess+inference+postprocess)
/ultralytics/zoo/dataset/DOTA100/images/train/000000000436.jpg | 24.267 ms (total, includes preprocess+inference+postprocess)
/ultralytics/zoo/dataset/DOTA100/images/train/000000000438.jpg | 34.396 ms (total, includes preprocess+inference+postprocess)
/ultralytics/zoo/dataset/DOTA100/images/train/000000000443.jpg | 25.081 ms (total, includes preprocess+inference+postprocess)
/ultralytics/zoo/dataset/DOTA100/images/train/000000000450.jpg | 24.810 ms (total, includes preprocess+inference+postprocess)
/ultralytics/zoo/dataset/DOTA100/images/train/000000000459.jpg | 34.504 ms (total, includes preprocess+inference+postprocess)
/ultralytics/zoo/dataset/DOTA100/images/train/000000000471.jpg | 24.350 ms (total, includes preprocess+inference+postprocess)
/ultralytics/zoo/dataset/DOTA100/images/train/000000000472.jpg | 22.280 ms (total, includes preprocess+inference+postprocess)
/ultralytics/zoo/dataset/DOTA100/images/train/000000000488.jpg | 24.844 ms (total, includes preprocess+inference+postprocess)
/ultralytics/zoo/dataset/DOTA100/images/train/000000000491.jpg | 35.953 ms (total, includes preprocess+inference+postprocess)
/ultralytics/zoo/dataset/DOTA100/images/train/000000000502.jpg | 25.108 ms (total, includes preprocess+inference+postprocess)
/ultralytics/zoo/dataset/DOTA100/images/train/000000000508.jpg | 23.451 ms (total, includes preprocess+inference+postprocess)
/ultralytics/zoo/dataset/DOTA100/images/train/000000000520.jpg | 32.542 ms (total, includes preprocess+inference+postprocess)
/ultralytics/zoo/dataset/DOTA100/images/train/000000000529.jpg | 24.480 ms (total, includes preprocess+inference+postprocess)
/ultralytics/zoo/dataset/DOTA100/images/train/000000000531.jpg | 23.260 ms (total, includes preprocess+inference+postprocess)
/ultralytics/zoo/dataset/DOTA100/images/train/000000000540.jpg | 32.119 ms (total, includes preprocess+inference+postprocess)
/ultralytics/zoo/dataset/DOTA100/images/train/000000000544.jpg | 32.064 ms (total, includes preprocess+inference+postprocess)
/ultralytics/zoo/dataset/DOTA100/images/train/000000000560.jpg | 33.000 ms (total, includes preprocess+inference+postprocess)
/ultralytics/zoo/dataset/DOTA100/images/train/000000000562.jpg | 22.194 ms (total, includes preprocess+inference+postprocess)
/ultralytics/zoo/dataset/DOTA100/images/train/000000000564.jpg | 31.283 ms (total, includes preprocess+inference+postprocess)
/ultralytics/zoo/dataset/DOTA100/images/train/000000000572.jpg | 23.130 ms (total, includes preprocess+inference+postprocess)
/ultralytics/zoo/dataset/DOTA100/images/train/000000000575.jpg | 26.328 ms (total, includes preprocess+inference+postprocess)
/ultralytics/zoo/dataset/DOTA100/images/train/000000000581.jpg | 27.682 ms (total, includes preprocess+inference+postprocess)
/ultralytics/zoo/dataset/DOTA100/images/train/000000000584.jpg | 23.056 ms (total, includes preprocess+inference+postprocess)
/ultralytics/zoo/dataset/DOTA100/images/train/000000000590.jpg | 27.251 ms (total, includes preprocess+inference+postprocess)
/ultralytics/zoo/dataset/DOTA100/images/train/000000000595.jpg | 24.659 ms (total, includes preprocess+inference+postprocess)
/ultralytics/zoo/dataset/DOTA100/images/train/000000000597.jpg | 22.002 ms (total, includes preprocess+inference+postprocess)
/ultralytics/zoo/dataset/DOTA100/images/train/000000000599.jpg | 32.176 ms (total, includes preprocess+inference+postprocess)
/ultralytics/zoo/dataset/DOTA100/images/train/000000000620.jpg | 23.745 ms (total, includes preprocess+inference+postprocess)
/ultralytics/zoo/dataset/DOTA100/images/train/000000000625.jpg | 24.197 ms (total, includes preprocess+inference+postprocess)
/ultralytics/zoo/dataset/DOTA100/images/train/000000000626.jpg | 31.745 ms (total, includes preprocess+inference+postprocess)
/ultralytics/zoo/dataset/DOTA100/images/train/000000000629.jpg | 24.199 ms (total, includes preprocess+inference+postprocess)
/ultralytics/zoo/dataset/DOTA100/images/train/000000000636.jpg | 31.420 ms (total, includes preprocess+inference+postprocess)
/ultralytics/zoo/dataset/DOTA100/images/train/000000000641.jpg | 23.433 ms (total, includes preprocess+inference+postprocess)
/ultralytics/zoo/dataset/DOTA100/images/train/000000000643.jpg | 33.551 ms (total, includes preprocess+inference+postprocess)
/ultralytics/zoo/dataset/DOTA100/images/train/000000000650.jpg | 22.927 ms (total, includes preprocess+inference+postprocess)
/ultralytics/zoo/dataset/DOTA100/images/val/000000000009.jpg | 23.327 ms (total, includes preprocess+inference+postprocess)
/ultralytics/zoo/dataset/DOTA100/images/val/000000000049.jpg | 27.383 ms (total, includes preprocess+inference+postprocess)
/ultralytics/zoo/dataset/DOTA100/images/val/000000000077.jpg | 27.602 ms (total, includes preprocess+inference+postprocess)
/ultralytics/zoo/dataset/DOTA100/images/val/000000000133.jpg | 23.489 ms (total, includes preprocess+inference+postprocess)
/ultralytics/zoo/dataset/DOTA100/images/val/000000000144.jpg | 32.350 ms (total, includes preprocess+inference+postprocess)
/ultralytics/zoo/dataset/DOTA100/images/val/000000000201.jpg | 30.040 ms (total, includes preprocess+inference+postprocess)
/ultralytics/zoo/dataset/DOTA100/images/val/000000000263.jpg | 23.746 ms (total, includes preprocess+inference+postprocess)
/ultralytics/zoo/dataset/DOTA100/images/val/000000000315.jpg | 22.714 ms (total, includes preprocess+inference+postprocess)
/ultralytics/zoo/dataset/DOTA100/images/val/000000000332.jpg | 24.683 ms (total, includes preprocess+inference+postprocess)
/ultralytics/zoo/dataset/DOTA100/images/val/000000000370.jpg | 23.362 ms (total, includes preprocess+inference+postprocess)
/ultralytics/zoo/dataset/DOTA100/images/val/000000000397.jpg | 31.586 ms (total, includes preprocess+inference+postprocess)
/ultralytics/zoo/dataset/DOTA100/images/val/000000000428.jpg | 22.050 ms (total, includes preprocess+inference+postprocess)
/ultralytics/zoo/dataset/DOTA100/images/val/000000000446.jpg | 23.237 ms (total, includes preprocess+inference+postprocess)
/ultralytics/zoo/dataset/DOTA100/images/val/000000000474.jpg | 25.353 ms (total, includes preprocess+inference+postprocess)
/ultralytics/zoo/dataset/DOTA100/images/val/000000000510.jpg | 31.875 ms (total, includes preprocess+inference+postprocess)
/ultralytics/zoo/dataset/DOTA100/images/val/000000000542.jpg | 23.467 ms (total, includes preprocess+inference+postprocess)
/ultralytics/zoo/dataset/DOTA100/images/val/000000000569.jpg | 24.449 ms (total, includes preprocess+inference+postprocess)
/ultralytics/zoo/dataset/DOTA100/images/val/000000000589.jpg | 24.202 ms (total, includes preprocess+inference+postprocess)
/ultralytics/zoo/dataset/DOTA100/images/val/000000000612.jpg | 32.594 ms (total, includes preprocess+inference+postprocess)
/ultralytics/zoo/dataset/DOTA100/images/val/000000000634.jpg | 23.368 ms (total, includes preprocess+inference+postprocess)
avg_total: 26.585 ms


=== Measurement completed at 2025-12-17 16:42:57 ===