[yolo11n-obb] dataset=/ultralytics/zoo/dataset/DOTA100/images count=100 imgsz=640
Using CUDA runtime cudaDeviceSynchronize() for accurate TensorRT synchronization
/ultralytics/zoo/dataset/DOTA100/images/train/000000000025.jpg: 35.809 ms
/ultralytics/zoo/dataset/DOTA100/images/train/000000000034.jpg: 34.835 ms
/ultralytics/zoo/dataset/DOTA100/images/train/000000000036.jpg: 21.564 ms
/ultralytics/zoo/dataset/DOTA100/images/train/000000000042.jpg: 37.354 ms
/ultralytics/zoo/dataset/DOTA100/images/train/000000000064.jpg: 25.600 ms
/ultralytics/zoo/dataset/DOTA100/images/train/000000000071.jpg: 23.605 ms
/ultralytics/zoo/dataset/DOTA100/images/train/000000000073.jpg: 32.685 ms
/ultralytics/zoo/dataset/DOTA100/images/train/000000000074.jpg: 30.614 ms
/ultralytics/zoo/dataset/DOTA100/images/train/000000000078.jpg: 40.007 ms
/ultralytics/zoo/dataset/DOTA100/images/train/000000000089.jpg: 21.806 ms
/ultralytics/zoo/dataset/DOTA100/images/train/000000000094.jpg: 28.795 ms
/ultralytics/zoo/dataset/DOTA100/images/train/000000000110.jpg: 18.973 ms
/ultralytics/zoo/dataset/DOTA100/images/train/000000000136.jpg: 19.082 ms
/ultralytics/zoo/dataset/DOTA100/images/train/000000000138.jpg: 35.199 ms
/ultralytics/zoo/dataset/DOTA100/images/train/000000000142.jpg: 24.803 ms
/ultralytics/zoo/dataset/DOTA100/images/train/000000000143.jpg: 21.325 ms
/ultralytics/zoo/dataset/DOTA100/images/train/000000000151.jpg: 24.561 ms
/ultralytics/zoo/dataset/DOTA100/images/train/000000000154.jpg: 17.790 ms
/ultralytics/zoo/dataset/DOTA100/images/train/000000000164.jpg: 15.991 ms
/ultralytics/zoo/dataset/DOTA100/images/train/000000000196.jpg: 33.847 ms
/ultralytics/zoo/dataset/DOTA100/images/train/000000000208.jpg: 17.703 ms
/ultralytics/zoo/dataset/DOTA100/images/train/000000000241.jpg: 34.724 ms
/ultralytics/zoo/dataset/DOTA100/images/train/000000000247.jpg: 21.894 ms
/ultralytics/zoo/dataset/DOTA100/images/train/000000000260.jpg: 18.591 ms
/ultralytics/zoo/dataset/DOTA100/images/train/000000000294.jpg: 32.167 ms
/ultralytics/zoo/dataset/DOTA100/images/train/000000000308.jpg: 23.156 ms
/ultralytics/zoo/dataset/DOTA100/images/train/000000000309.jpg: 31.430 ms
/ultralytics/zoo/dataset/DOTA100/images/train/000000000312.jpg: 25.208 ms
/ultralytics/zoo/dataset/DOTA100/images/train/000000000321.jpg: 19.250 ms
/ultralytics/zoo/dataset/DOTA100/images/train/000000000322.jpg: 28.386 ms
/ultralytics/zoo/dataset/DOTA100/images/train/000000000326.jpg: 21.603 ms
/ultralytics/zoo/dataset/DOTA100/images/train/000000000328.jpg: 28.547 ms
/ultralytics/zoo/dataset/DOTA100/images/train/000000000338.jpg: 37.198 ms
/ultralytics/zoo/dataset/DOTA100/images/train/000000000357.jpg: 16.805 ms
/ultralytics/zoo/dataset/DOTA100/images/train/000000000360.jpg: 32.146 ms
/ultralytics/zoo/dataset/DOTA100/images/train/000000000368.jpg: 22.403 ms
/ultralytics/zoo/dataset/DOTA100/images/train/000000000382.jpg: 17.518 ms
/ultralytics/zoo/dataset/DOTA100/images/train/000000000387.jpg: 32.590 ms
/ultralytics/zoo/dataset/DOTA100/images/train/000000000389.jpg: 33.258 ms
/ultralytics/zoo/dataset/DOTA100/images/train/000000000395.jpg: 21.861 ms
/ultralytics/zoo/dataset/DOTA100/images/train/000000000400.jpg: 18.304 ms
/ultralytics/zoo/dataset/DOTA100/images/train/000000000404.jpg: 17.788 ms
/ultralytics/zoo/dataset/DOTA100/images/train/000000000415.jpg: 37.594 ms
/ultralytics/zoo/dataset/DOTA100/images/train/000000000419.jpg: 18.034 ms
/ultralytics/zoo/dataset/DOTA100/images/train/000000000431.jpg: 18.163 ms
/ultralytics/zoo/dataset/DOTA100/images/train/000000000436.jpg: 36.701 ms
/ultralytics/zoo/dataset/DOTA100/images/train/000000000438.jpg: 27.645 ms
/ultralytics/zoo/dataset/DOTA100/images/train/000000000443.jpg: 35.113 ms
/ultralytics/zoo/dataset/DOTA100/images/train/000000000450.jpg: 22.066 ms
/ultralytics/zoo/dataset/DOTA100/images/train/000000000459.jpg: 30.008 ms
/ultralytics/zoo/dataset/DOTA100/images/train/000000000471.jpg: 20.934 ms
/ultralytics/zoo/dataset/DOTA100/images/train/000000000472.jpg: 15.972 ms
/ultralytics/zoo/dataset/DOTA100/images/train/000000000488.jpg: 16.865 ms
/ultralytics/zoo/dataset/DOTA100/images/train/000000000491.jpg: 28.084 ms
/ultralytics/zoo/dataset/DOTA100/images/train/000000000502.jpg: 27.845 ms
/ultralytics/zoo/dataset/DOTA100/images/train/000000000508.jpg: 20.510 ms
/ultralytics/zoo/dataset/DOTA100/images/train/000000000520.jpg: 25.069 ms
/ultralytics/zoo/dataset/DOTA100/images/train/000000000529.jpg: 20.190 ms
/ultralytics/zoo/dataset/DOTA100/images/train/000000000531.jpg: 23.977 ms
/ultralytics/zoo/dataset/DOTA100/images/train/000000000540.jpg: 23.996 ms
/ultralytics/zoo/dataset/DOTA100/images/train/000000000544.jpg: 32.602 ms
/ultralytics/zoo/dataset/DOTA100/images/train/000000000560.jpg: 27.842 ms
/ultralytics/zoo/dataset/DOTA100/images/train/000000000562.jpg: 19.304 ms
/ultralytics/zoo/dataset/DOTA100/images/train/000000000564.jpg: 30.702 ms
/ultralytics/zoo/dataset/DOTA100/images/train/000000000572.jpg: 22.533 ms
/ultralytics/zoo/dataset/DOTA100/images/train/000000000575.jpg: 22.979 ms
/ultralytics/zoo/dataset/DOTA100/images/train/000000000581.jpg: 32.041 ms
/ultralytics/zoo/dataset/DOTA100/images/train/000000000584.jpg: 17.948 ms
/ultralytics/zoo/dataset/DOTA100/images/train/000000000590.jpg: 20.310 ms
/ultralytics/zoo/dataset/DOTA100/images/train/000000000595.jpg: 23.834 ms
/ultralytics/zoo/dataset/DOTA100/images/train/000000000597.jpg: 16.064 ms
/ultralytics/zoo/dataset/DOTA100/images/train/000000000599.jpg: 28.358 ms
/ultralytics/zoo/dataset/DOTA100/images/train/000000000620.jpg: 21.629 ms
/ultralytics/zoo/dataset/DOTA100/images/train/000000000625.jpg: 18.439 ms
/ultralytics/zoo/dataset/DOTA100/images/train/000000000626.jpg: 34.544 ms
/ultralytics/zoo/dataset/DOTA100/images/train/000000000629.jpg: 22.237 ms
/ultralytics/zoo/dataset/DOTA100/images/train/000000000636.jpg: 34.490 ms
/ultralytics/zoo/dataset/DOTA100/images/train/000000000641.jpg: 24.720 ms
/ultralytics/zoo/dataset/DOTA100/images/train/000000000643.jpg: 32.902 ms
/ultralytics/zoo/dataset/DOTA100/images/train/000000000650.jpg: 17.650 ms
/ultralytics/zoo/dataset/DOTA100/images/val/000000000009.jpg: 20.403 ms
/ultralytics/zoo/dataset/DOTA100/images/val/000000000049.jpg: 26.109 ms
/ultralytics/zoo/dataset/DOTA100/images/val/000000000077.jpg: 20.305 ms
/ultralytics/zoo/dataset/DOTA100/images/val/000000000133.jpg: 29.886 ms
/ultralytics/zoo/dataset/DOTA100/images/val/000000000144.jpg: 33.134 ms
/ultralytics/zoo/dataset/DOTA100/images/val/000000000201.jpg: 26.969 ms
/ultralytics/zoo/dataset/DOTA100/images/val/000000000263.jpg: 21.224 ms
/ultralytics/zoo/dataset/DOTA100/images/val/000000000315.jpg: 30.904 ms
/ultralytics/zoo/dataset/DOTA100/images/val/000000000332.jpg: 18.731 ms
/ultralytics/zoo/dataset/DOTA100/images/val/000000000370.jpg: 22.848 ms
/ultralytics/zoo/dataset/DOTA100/images/val/000000000397.jpg: 28.768 ms
/ultralytics/zoo/dataset/DOTA100/images/val/000000000428.jpg: 20.777 ms
/ultralytics/zoo/dataset/DOTA100/images/val/000000000446.jpg: 16.676 ms
/ultralytics/zoo/dataset/DOTA100/images/val/000000000474.jpg: 38.765 ms
/ultralytics/zoo/dataset/DOTA100/images/val/000000000510.jpg: 25.710 ms
/ultralytics/zoo/dataset/DOTA100/images/val/000000000542.jpg: 21.224 ms
/ultralytics/zoo/dataset/DOTA100/images/val/000000000569.jpg: 20.236 ms
/ultralytics/zoo/dataset/DOTA100/images/val/000000000589.jpg: 21.845 ms
/ultralytics/zoo/dataset/DOTA100/images/val/000000000612.jpg: 26.533 ms
/ultralytics/zoo/dataset/DOTA100/images/val/000000000634.jpg: 22.155 ms
avg: 25.399 ms

[yolo11n-pose] dataset=/ultralytics/zoo/dataset/coco128/images/train2017 count=100 imgsz=640
Using CUDA runtime cudaDeviceSynchronize() for accurate TensorRT synchronization
/ultralytics/zoo/dataset/coco128/images/train2017/000000000009.jpg: 19.535 ms
/ultralytics/zoo/dataset/coco128/images/train2017/000000000025.jpg: 18.186 ms
/ultralytics/zoo/dataset/coco128/images/train2017/000000000030.jpg: 32.137 ms
/ultralytics/zoo/dataset/coco128/images/train2017/000000000034.jpg: 27.556 ms
/ultralytics/zoo/dataset/coco128/images/train2017/000000000036.jpg: 33.950 ms
/ultralytics/zoo/dataset/coco128/images/train2017/000000000042.jpg: 18.946 ms
/ultralytics/zoo/dataset/coco128/images/train2017/000000000049.jpg: 45.259 ms
/ultralytics/zoo/dataset/coco128/images/train2017/000000000061.jpg: 26.624 ms
/ultralytics/zoo/dataset/coco128/images/train2017/000000000064.jpg: 24.927 ms
/ultralytics/zoo/dataset/coco128/images/train2017/000000000071.jpg: 24.447 ms
/ultralytics/zoo/dataset/coco128/images/train2017/000000000072.jpg: 31.475 ms
/ultralytics/zoo/dataset/coco128/images/train2017/000000000073.jpg: 27.810 ms
/ultralytics/zoo/dataset/coco128/images/train2017/000000000074.jpg: 31.370 ms
/ultralytics/zoo/dataset/coco128/images/train2017/000000000077.jpg: 72.725 ms
/ultralytics/zoo/dataset/coco128/images/train2017/000000000078.jpg: 48.794 ms
/ultralytics/zoo/dataset/coco128/images/train2017/000000000081.jpg: 29.191 ms
/ultralytics/zoo/dataset/coco128/images/train2017/000000000086.jpg: 45.528 ms
/ultralytics/zoo/dataset/coco128/images/train2017/000000000089.jpg: 53.232 ms
/ultralytics/zoo/dataset/coco128/images/train2017/000000000092.jpg: 24.155 ms
/ultralytics/zoo/dataset/coco128/images/train2017/000000000094.jpg: 26.386 ms
/ultralytics/zoo/dataset/coco128/images/train2017/000000000109.jpg: 32.156 ms
/ultralytics/zoo/dataset/coco128/images/train2017/000000000110.jpg: 140.666 ms
/ultralytics/zoo/dataset/coco128/images/train2017/000000000113.jpg: 69.576 ms
/ultralytics/zoo/dataset/coco128/images/train2017/000000000127.jpg: 29.557 ms
/ultralytics/zoo/dataset/coco128/images/train2017/000000000133.jpg: 32.014 ms
/ultralytics/zoo/dataset/coco128/images/train2017/000000000136.jpg: 61.103 ms
/ultralytics/zoo/dataset/coco128/images/train2017/000000000138.jpg: 35.954 ms
/ultralytics/zoo/dataset/coco128/images/train2017/000000000142.jpg: 24.362 ms
/ultralytics/zoo/dataset/coco128/images/train2017/000000000143.jpg: 36.290 ms
/ultralytics/zoo/dataset/coco128/images/train2017/000000000144.jpg: 47.301 ms
/ultralytics/zoo/dataset/coco128/images/train2017/000000000149.jpg: 34.796 ms
/ultralytics/zoo/dataset/coco128/images/train2017/000000000151.jpg: 46.044 ms
/ultralytics/zoo/dataset/coco128/images/train2017/000000000154.jpg: 32.545 ms
/ultralytics/zoo/dataset/coco128/images/train2017/000000000164.jpg: 29.084 ms
/ultralytics/zoo/dataset/coco128/images/train2017/000000000165.jpg: 53.663 ms
/ultralytics/zoo/dataset/coco128/images/train2017/000000000192.jpg: 81.210 ms
/ultralytics/zoo/dataset/coco128/images/train2017/000000000194.jpg: 35.987 ms
/ultralytics/zoo/dataset/coco128/images/train2017/000000000196.jpg: 27.741 ms
/ultralytics/zoo/dataset/coco128/images/train2017/000000000201.jpg: 33.460 ms
/ultralytics/zoo/dataset/coco128/images/train2017/000000000208.jpg: 50.974 ms
/ultralytics/zoo/dataset/coco128/images/train2017/000000000241.jpg: 82.013 ms
/ultralytics/zoo/dataset/coco128/images/train2017/000000000247.jpg: 33.989 ms
/ultralytics/zoo/dataset/coco128/images/train2017/000000000250.jpg: 28.246 ms
/ultralytics/zoo/dataset/coco128/images/train2017/000000000257.jpg: 75.715 ms
/ultralytics/zoo/dataset/coco128/images/train2017/000000000260.jpg: 48.364 ms
/ultralytics/zoo/dataset/coco128/images/train2017/000000000263.jpg: 29.139 ms
/ultralytics/zoo/dataset/coco128/images/train2017/000000000283.jpg: 30.647 ms
/ultralytics/zoo/dataset/coco128/images/train2017/000000000294.jpg: 35.881 ms
/ultralytics/zoo/dataset/coco128/images/train2017/000000000307.jpg: 28.790 ms
/ultralytics/zoo/dataset/coco128/images/train2017/000000000308.jpg: 86.945 ms
/ultralytics/zoo/dataset/coco128/images/train2017/000000000309.jpg: 39.869 ms
/ultralytics/zoo/dataset/coco128/images/train2017/000000000312.jpg: 27.368 ms
/ultralytics/zoo/dataset/coco128/images/train2017/000000000315.jpg: 73.372 ms
/ultralytics/zoo/dataset/coco128/images/train2017/000000000321.jpg: 26.733 ms
/ultralytics/zoo/dataset/coco128/images/train2017/000000000322.jpg: 39.565 ms
/ultralytics/zoo/dataset/coco128/images/train2017/000000000326.jpg: 42.876 ms
/ultralytics/zoo/dataset/coco128/images/train2017/000000000328.jpg: 65.092 ms
/ultralytics/zoo/dataset/coco128/images/train2017/000000000332.jpg: 29.767 ms
/ultralytics/zoo/dataset/coco128/images/train2017/000000000338.jpg: 60.791 ms
/ultralytics/zoo/dataset/coco128/images/train2017/000000000349.jpg: 25.201 ms
/ultralytics/zoo/dataset/coco128/images/train2017/000000000357.jpg: 54.179 ms
/ultralytics/zoo/dataset/coco128/images/train2017/000000000359.jpg: 34.037 ms
/ultralytics/zoo/dataset/coco128/images/train2017/000000000360.jpg: 36.518 ms
/ultralytics/zoo/dataset/coco128/images/train2017/000000000368.jpg: 124.906 ms
/ultralytics/zoo/dataset/coco128/images/train2017/000000000370.jpg: 33.448 ms
/ultralytics/zoo/dataset/coco128/images/train2017/000000000382.jpg: 30.807 ms
/ultralytics/zoo/dataset/coco128/images/train2017/000000000384.jpg: 17.139 ms
/ultralytics/zoo/dataset/coco128/images/train2017/000000000387.jpg: 36.579 ms
/ultralytics/zoo/dataset/coco128/images/train2017/000000000389.jpg: 73.059 ms
/ultralytics/zoo/dataset/coco128/images/train2017/000000000394.jpg: 18.206 ms
/ultralytics/zoo/dataset/coco128/images/train2017/000000000395.jpg: 81.257 ms
/ultralytics/zoo/dataset/coco128/images/train2017/000000000397.jpg: 35.817 ms
/ultralytics/zoo/dataset/coco128/images/train2017/000000000400.jpg: 18.288 ms
/ultralytics/zoo/dataset/coco128/images/train2017/000000000404.jpg: 30.084 ms
/ultralytics/zoo/dataset/coco128/images/train2017/000000000415.jpg: 23.502 ms
/ultralytics/zoo/dataset/coco128/images/train2017/000000000419.jpg: 34.882 ms
/ultralytics/zoo/dataset/coco128/images/train2017/000000000428.jpg: 29.752 ms
/ultralytics/zoo/dataset/coco128/images/train2017/000000000431.jpg: 23.353 ms
/ultralytics/zoo/dataset/coco128/images/train2017/000000000436.jpg: 29.293 ms
/ultralytics/zoo/dataset/coco128/images/train2017/000000000438.jpg: 17.426 ms
/ultralytics/zoo/dataset/coco128/images/train2017/000000000443.jpg: 47.867 ms
/ultralytics/zoo/dataset/coco128/images/train2017/000000000446.jpg: 24.205 ms
/ultralytics/zoo/dataset/coco128/images/train2017/000000000450.jpg: 18.328 ms
/ultralytics/zoo/dataset/coco128/images/train2017/000000000459.jpg: 28.501 ms
/ultralytics/zoo/dataset/coco128/images/train2017/000000000471.jpg: 20.421 ms
/ultralytics/zoo/dataset/coco128/images/train2017/000000000472.jpg: 15.329 ms
/ultralytics/zoo/dataset/coco128/images/train2017/000000000474.jpg: 27.128 ms
/ultralytics/zoo/dataset/coco128/images/train2017/000000000486.jpg: 23.159 ms
/ultralytics/zoo/dataset/coco128/images/train2017/000000000488.jpg: 45.613 ms
/ultralytics/zoo/dataset/coco128/images/train2017/000000000490.jpg: 30.222 ms
/ultralytics/zoo/dataset/coco128/images/train2017/000000000491.jpg: 20.973 ms
/ultralytics/zoo/dataset/coco128/images/train2017/000000000502.jpg: 17.587 ms
/ultralytics/zoo/dataset/coco128/images/train2017/000000000508.jpg: 22.856 ms
/ultralytics/zoo/dataset/coco128/images/train2017/000000000510.jpg: 24.727 ms
/ultralytics/zoo/dataset/coco128/images/train2017/000000000514.jpg: 17.135 ms
/ultralytics/zoo/dataset/coco128/images/train2017/000000000520.jpg: 17.694 ms
/ultralytics/zoo/dataset/coco128/images/train2017/000000000529.jpg: 34.626 ms
/ultralytics/zoo/dataset/coco128/images/train2017/000000000531.jpg: 42.096 ms
/ultralytics/zoo/dataset/coco128/images/train2017/000000000532.jpg: 30.754 ms
/ultralytics/zoo/dataset/coco128/images/train2017/000000000536.jpg: 43.382 ms
avg: 38.422 ms

[yolo11n-cls] dataset=/ultralytics/zoo/dataset/CIFAR100 count=100 imgsz=224
Using CUDA runtime cudaDeviceSynchronize() for accurate TensorRT synchronization
/ultralytics/zoo/dataset/CIFAR100/airplane/data_batch_1_00029.png: 8.180 ms
/ultralytics/zoo/dataset/CIFAR100/airplane/data_batch_1_00030.png: 6.990 ms
/ultralytics/zoo/dataset/CIFAR100/airplane/data_batch_1_00035.png: 9.243 ms
/ultralytics/zoo/dataset/CIFAR100/airplane/data_batch_1_00049.png: 7.023 ms
/ultralytics/zoo/dataset/CIFAR100/airplane/data_batch_1_00077.png: 5.913 ms
/ultralytics/zoo/dataset/CIFAR100/airplane/data_batch_1_00093.png: 6.191 ms
/ultralytics/zoo/dataset/CIFAR100/airplane/data_batch_1_00115.png: 6.773 ms
/ultralytics/zoo/dataset/CIFAR100/airplane/data_batch_1_00116.png: 5.910 ms
/ultralytics/zoo/dataset/CIFAR100/airplane/data_batch_1_00129.png: 12.931 ms
/ultralytics/zoo/dataset/CIFAR100/airplane/data_batch_1_00165.png: 10.642 ms
/ultralytics/zoo/dataset/CIFAR100/automobile/data_batch_1_00004.png: 6.445 ms
/ultralytics/zoo/dataset/CIFAR100/automobile/data_batch_1_00005.png: 6.482 ms
/ultralytics/zoo/dataset/CIFAR100/automobile/data_batch_1_00032.png: 6.898 ms
/ultralytics/zoo/dataset/CIFAR100/automobile/data_batch_1_00044.png: 9.325 ms
/ultralytics/zoo/dataset/CIFAR100/automobile/data_batch_1_00045.png: 10.011 ms
/ultralytics/zoo/dataset/CIFAR100/automobile/data_batch_1_00046.png: 6.922 ms
/ultralytics/zoo/dataset/CIFAR100/automobile/data_batch_1_00060.png: 6.839 ms
/ultralytics/zoo/dataset/CIFAR100/automobile/data_batch_1_00061.png: 6.506 ms
/ultralytics/zoo/dataset/CIFAR100/automobile/data_batch_1_00064.png: 6.875 ms
/ultralytics/zoo/dataset/CIFAR100/automobile/data_batch_1_00065.png: 6.465 ms
/ultralytics/zoo/dataset/CIFAR100/bird/data_batch_1_00006.png: 6.302 ms
/ultralytics/zoo/dataset/CIFAR100/bird/data_batch_1_00013.png: 5.888 ms
/ultralytics/zoo/dataset/CIFAR100/bird/data_batch_1_00018.png: 9.661 ms
/ultralytics/zoo/dataset/CIFAR100/bird/data_batch_1_00024.png: 6.374 ms
/ultralytics/zoo/dataset/CIFAR100/bird/data_batch_1_00041.png: 6.043 ms
/ultralytics/zoo/dataset/CIFAR100/bird/data_batch_1_00042.png: 6.259 ms
/ultralytics/zoo/dataset/CIFAR100/bird/data_batch_1_00047.png: 6.229 ms
/ultralytics/zoo/dataset/CIFAR100/bird/data_batch_1_00048.png: 6.018 ms
/ultralytics/zoo/dataset/CIFAR100/bird/data_batch_1_00054.png: 7.679 ms
/ultralytics/zoo/dataset/CIFAR100/bird/data_batch_1_00055.png: 6.450 ms
/ultralytics/zoo/dataset/CIFAR100/cat/data_batch_1_00009.png: 7.369 ms
/ultralytics/zoo/dataset/CIFAR100/cat/data_batch_1_00017.png: 5.857 ms
/ultralytics/zoo/dataset/CIFAR100/cat/data_batch_1_00021.png: 6.090 ms
/ultralytics/zoo/dataset/CIFAR100/cat/data_batch_1_00026.png: 6.084 ms
/ultralytics/zoo/dataset/CIFAR100/cat/data_batch_1_00033.png: 5.759 ms
/ultralytics/zoo/dataset/CIFAR100/cat/data_batch_1_00036.png: 7.021 ms
/ultralytics/zoo/dataset/CIFAR100/cat/data_batch_1_00038.png: 6.502 ms
/ultralytics/zoo/dataset/CIFAR100/cat/data_batch_1_00039.png: 6.345 ms
/ultralytics/zoo/dataset/CIFAR100/cat/data_batch_1_00059.png: 6.258 ms
/ultralytics/zoo/dataset/CIFAR100/cat/data_batch_1_00074.png: 6.741 ms
/ultralytics/zoo/dataset/CIFAR100/deer/data_batch_1_00003.png: 9.162 ms
/ultralytics/zoo/dataset/CIFAR100/deer/data_batch_1_00010.png: 8.516 ms
/ultralytics/zoo/dataset/CIFAR100/deer/data_batch_1_00020.png: 5.798 ms
/ultralytics/zoo/dataset/CIFAR100/deer/data_batch_1_00028.png: 6.174 ms
/ultralytics/zoo/dataset/CIFAR100/deer/data_batch_1_00034.png: 5.651 ms
/ultralytics/zoo/dataset/CIFAR100/deer/data_batch_1_00058.png: 5.856 ms
/ultralytics/zoo/dataset/CIFAR100/deer/data_batch_1_00066.png: 8.257 ms
/ultralytics/zoo/dataset/CIFAR100/deer/data_batch_1_00082.png: 8.451 ms
/ultralytics/zoo/dataset/CIFAR100/deer/data_batch_1_00086.png: 5.875 ms
/ultralytics/zoo/dataset/CIFAR100/deer/data_batch_1_00089.png: 5.787 ms
/ultralytics/zoo/dataset/CIFAR100/dog/data_batch_1_00027.png: 6.131 ms
/ultralytics/zoo/dataset/CIFAR100/dog/data_batch_1_00040.png: 6.036 ms
/ultralytics/zoo/dataset/CIFAR100/dog/data_batch_1_00051.png: 5.747 ms
/ultralytics/zoo/dataset/CIFAR100/dog/data_batch_1_00056.png: 6.152 ms
/ultralytics/zoo/dataset/CIFAR100/dog/data_batch_1_00070.png: 7.248 ms
/ultralytics/zoo/dataset/CIFAR100/dog/data_batch_1_00081.png: 9.124 ms
/ultralytics/zoo/dataset/CIFAR100/dog/data_batch_1_00083.png: 7.196 ms
/ultralytics/zoo/dataset/CIFAR100/dog/data_batch_1_00107.png: 5.967 ms
/ultralytics/zoo/dataset/CIFAR100/dog/data_batch_1_00128.png: 6.092 ms
/ultralytics/zoo/dataset/CIFAR100/dog/data_batch_1_00148.png: 5.658 ms
/ultralytics/zoo/dataset/CIFAR100/frog/data_batch_1_00000.png: 5.981 ms
/ultralytics/zoo/dataset/CIFAR100/frog/data_batch_1_00019.png: 6.567 ms
/ultralytics/zoo/dataset/CIFAR100/frog/data_batch_1_00022.png: 6.990 ms
/ultralytics/zoo/dataset/CIFAR100/frog/data_batch_1_00023.png: 5.901 ms
/ultralytics/zoo/dataset/CIFAR100/frog/data_batch_1_00025.png: 5.626 ms
/ultralytics/zoo/dataset/CIFAR100/frog/data_batch_1_00072.png: 6.221 ms
/ultralytics/zoo/dataset/CIFAR100/frog/data_batch_1_00095.png: 5.737 ms
/ultralytics/zoo/dataset/CIFAR100/frog/data_batch_1_00103.png: 6.473 ms
/ultralytics/zoo/dataset/CIFAR100/frog/data_batch_1_00104.png: 7.001 ms
/ultralytics/zoo/dataset/CIFAR100/frog/data_batch_1_00117.png: 5.738 ms
/ultralytics/zoo/dataset/CIFAR100/horse/data_batch_1_00007.png: 6.026 ms
/ultralytics/zoo/dataset/CIFAR100/horse/data_batch_1_00011.png: 6.327 ms
/ultralytics/zoo/dataset/CIFAR100/horse/data_batch_1_00012.png: 5.952 ms
/ultralytics/zoo/dataset/CIFAR100/horse/data_batch_1_00037.png: 6.112 ms
/ultralytics/zoo/dataset/CIFAR100/horse/data_batch_1_00043.png: 7.017 ms
/ultralytics/zoo/dataset/CIFAR100/horse/data_batch_1_00052.png: 6.095 ms
/ultralytics/zoo/dataset/CIFAR100/horse/data_batch_1_00068.png: 6.084 ms
/ultralytics/zoo/dataset/CIFAR100/horse/data_batch_1_00073.png: 5.530 ms
/ultralytics/zoo/dataset/CIFAR100/horse/data_batch_1_00084.png: 5.693 ms
/ultralytics/zoo/dataset/CIFAR100/horse/data_batch_1_00085.png: 7.198 ms
/ultralytics/zoo/dataset/CIFAR100/ship/data_batch_1_00008.png: 6.782 ms
/ultralytics/zoo/dataset/CIFAR100/ship/data_batch_1_00062.png: 7.185 ms
/ultralytics/zoo/dataset/CIFAR100/ship/data_batch_1_00069.png: 6.026 ms
/ultralytics/zoo/dataset/CIFAR100/ship/data_batch_1_00092.png: 5.538 ms
/ultralytics/zoo/dataset/CIFAR100/ship/data_batch_1_00100.png: 5.536 ms
/ultralytics/zoo/dataset/CIFAR100/ship/data_batch_1_00106.png: 6.141 ms
/ultralytics/zoo/dataset/CIFAR100/ship/data_batch_1_00111.png: 5.584 ms
/ultralytics/zoo/dataset/CIFAR100/ship/data_batch_1_00135.png: 7.149 ms
/ultralytics/zoo/dataset/CIFAR100/ship/data_batch_1_00139.png: 9.356 ms
/ultralytics/zoo/dataset/CIFAR100/ship/data_batch_1_00155.png: 7.198 ms
/ultralytics/zoo/dataset/CIFAR100/truck/data_batch_1_00001.png: 6.233 ms
/ultralytics/zoo/dataset/CIFAR100/truck/data_batch_1_00002.png: 5.969 ms
/ultralytics/zoo/dataset/CIFAR100/truck/data_batch_1_00014.png: 5.884 ms
/ultralytics/zoo/dataset/CIFAR100/truck/data_batch_1_00015.png: 5.595 ms
/ultralytics/zoo/dataset/CIFAR100/truck/data_batch_1_00016.png: 5.946 ms
/ultralytics/zoo/dataset/CIFAR100/truck/data_batch_1_00031.png: 7.531 ms
/ultralytics/zoo/dataset/CIFAR100/truck/data_batch_1_00050.png: 6.431 ms
/ultralytics/zoo/dataset/CIFAR100/truck/data_batch_1_00053.png: 7.368 ms
/ultralytics/zoo/dataset/CIFAR100/truck/data_batch_1_00067.png: 5.734 ms
/ultralytics/zoo/dataset/CIFAR100/truck/data_batch_1_00071.png: 5.989 ms
avg: 6.718 ms

[yolo11n-detect] dataset=/ultralytics/zoo/dataset/coco128/images/train2017 count=100 imgsz=640
Using CUDA runtime cudaDeviceSynchronize() for accurate TensorRT synchronization
/ultralytics/zoo/dataset/coco128/images/train2017/000000000009.jpg: 51.622 ms
/ultralytics/zoo/dataset/coco128/images/train2017/000000000025.jpg: 33.325 ms
/ultralytics/zoo/dataset/coco128/images/train2017/000000000030.jpg: 30.078 ms
/ultralytics/zoo/dataset/coco128/images/train2017/000000000034.jpg: 47.848 ms
/ultralytics/zoo/dataset/coco128/images/train2017/000000000036.jpg: 46.738 ms
/ultralytics/zoo/dataset/coco128/images/train2017/000000000042.jpg: 56.990 ms
/ultralytics/zoo/dataset/coco128/images/train2017/000000000049.jpg: 125.144 ms
/ultralytics/zoo/dataset/coco128/images/train2017/000000000061.jpg: 67.553 ms
/ultralytics/zoo/dataset/coco128/images/train2017/000000000064.jpg: 84.783 ms
/ultralytics/zoo/dataset/coco128/images/train2017/000000000071.jpg: 72.048 ms
/ultralytics/zoo/dataset/coco128/images/train2017/000000000072.jpg: 51.255 ms
/ultralytics/zoo/dataset/coco128/images/train2017/000000000073.jpg: 66.298 ms
/ultralytics/zoo/dataset/coco128/images/train2017/000000000074.jpg: 141.995 ms
/ultralytics/zoo/dataset/coco128/images/train2017/000000000077.jpg: 89.037 ms
/ultralytics/zoo/dataset/coco128/images/train2017/000000000078.jpg: 55.970 ms
/ultralytics/zoo/dataset/coco128/images/train2017/000000000081.jpg: 49.099 ms
/ultralytics/zoo/dataset/coco128/images/train2017/000000000086.jpg: 75.742 ms
/ultralytics/zoo/dataset/coco128/images/train2017/000000000089.jpg: 128.166 ms
/ultralytics/zoo/dataset/coco128/images/train2017/000000000092.jpg: 67.434 ms
/ultralytics/zoo/dataset/coco128/images/train2017/000000000094.jpg: 66.684 ms
/ultralytics/zoo/dataset/coco128/images/train2017/000000000109.jpg: 140.144 ms
/ultralytics/zoo/dataset/coco128/images/train2017/000000000110.jpg: 232.667 ms
/ultralytics/zoo/dataset/coco128/images/train2017/000000000113.jpg: 159.241 ms
/ultralytics/zoo/dataset/coco128/images/train2017/000000000127.jpg: 93.910 ms
/ultralytics/zoo/dataset/coco128/images/train2017/000000000133.jpg: 57.605 ms
/ultralytics/zoo/dataset/coco128/images/train2017/000000000136.jpg: 77.535 ms
/ultralytics/zoo/dataset/coco128/images/train2017/000000000138.jpg: 115.581 ms
/ultralytics/zoo/dataset/coco128/images/train2017/000000000142.jpg: 98.369 ms
/ultralytics/zoo/dataset/coco128/images/train2017/000000000143.jpg: 143.211 ms
/ultralytics/zoo/dataset/coco128/images/train2017/000000000144.jpg: 72.306 ms
/ultralytics/zoo/dataset/coco128/images/train2017/000000000149.jpg: 135.520 ms
/ultralytics/zoo/dataset/coco128/images/train2017/000000000151.jpg: 39.126 ms
/ultralytics/zoo/dataset/coco128/images/train2017/000000000154.jpg: 37.761 ms
/ultralytics/zoo/dataset/coco128/images/train2017/000000000164.jpg: 51.584 ms
/ultralytics/zoo/dataset/coco128/images/train2017/000000000165.jpg: 38.344 ms
/ultralytics/zoo/dataset/coco128/images/train2017/000000000192.jpg: 49.646 ms
/ultralytics/zoo/dataset/coco128/images/train2017/000000000194.jpg: 45.523 ms
/ultralytics/zoo/dataset/coco128/images/train2017/000000000196.jpg: 225.792 ms
/ultralytics/zoo/dataset/coco128/images/train2017/000000000201.jpg: 57.513 ms
/ultralytics/zoo/dataset/coco128/images/train2017/000000000208.jpg: 29.359 ms
/ultralytics/zoo/dataset/coco128/images/train2017/000000000241.jpg: 80.815 ms
/ultralytics/zoo/dataset/coco128/images/train2017/000000000247.jpg: 45.906 ms
/ultralytics/zoo/dataset/coco128/images/train2017/000000000250.jpg: 24.100 ms
/ultralytics/zoo/dataset/coco128/images/train2017/000000000257.jpg: 158.452 ms
/ultralytics/zoo/dataset/coco128/images/train2017/000000000260.jpg: 78.056 ms
/ultralytics/zoo/dataset/coco128/images/train2017/000000000263.jpg: 39.831 ms
/ultralytics/zoo/dataset/coco128/images/train2017/000000000283.jpg: 38.818 ms
/ultralytics/zoo/dataset/coco128/images/train2017/000000000294.jpg: 42.614 ms
/ultralytics/zoo/dataset/coco128/images/train2017/000000000307.jpg: 32.418 ms
/ultralytics/zoo/dataset/coco128/images/train2017/000000000308.jpg: 51.712 ms
/ultralytics/zoo/dataset/coco128/images/train2017/000000000309.jpg: 33.427 ms
/ultralytics/zoo/dataset/coco128/images/train2017/000000000312.jpg: 39.257 ms
/ultralytics/zoo/dataset/coco128/images/train2017/000000000315.jpg: 77.200 ms
/ultralytics/zoo/dataset/coco128/images/train2017/000000000321.jpg: 36.247 ms
/ultralytics/zoo/dataset/coco128/images/train2017/000000000322.jpg: 32.728 ms
/ultralytics/zoo/dataset/coco128/images/train2017/000000000326.jpg: 29.829 ms
/ultralytics/zoo/dataset/coco128/images/train2017/000000000328.jpg: 38.184 ms
/ultralytics/zoo/dataset/coco128/images/train2017/000000000332.jpg: 38.225 ms
/ultralytics/zoo/dataset/coco128/images/train2017/000000000338.jpg: 33.902 ms
/ultralytics/zoo/dataset/coco128/images/train2017/000000000349.jpg: 28.216 ms
/ultralytics/zoo/dataset/coco128/images/train2017/000000000357.jpg: 39.990 ms
/ultralytics/zoo/dataset/coco128/images/train2017/000000000359.jpg: 34.037 ms
/ultralytics/zoo/dataset/coco128/images/train2017/000000000360.jpg: 28.957 ms
/ultralytics/zoo/dataset/coco128/images/train2017/000000000368.jpg: 58.850 ms
/ultralytics/zoo/dataset/coco128/images/train2017/000000000370.jpg: 33.351 ms
/ultralytics/zoo/dataset/coco128/images/train2017/000000000382.jpg: 32.155 ms
/ultralytics/zoo/dataset/coco128/images/train2017/000000000384.jpg: 35.654 ms
/ultralytics/zoo/dataset/coco128/images/train2017/000000000387.jpg: 28.090 ms
/ultralytics/zoo/dataset/coco128/images/train2017/000000000389.jpg: 66.001 ms
/ultralytics/zoo/dataset/coco128/images/train2017/000000000394.jpg: 28.366 ms
/ultralytics/zoo/dataset/coco128/images/train2017/000000000395.jpg: 49.596 ms
/ultralytics/zoo/dataset/coco128/images/train2017/000000000397.jpg: 41.733 ms
/ultralytics/zoo/dataset/coco128/images/train2017/000000000400.jpg: 36.150 ms
/ultralytics/zoo/dataset/coco128/images/train2017/000000000404.jpg: 26.815 ms
/ultralytics/zoo/dataset/coco128/images/train2017/000000000415.jpg: 40.613 ms
/ultralytics/zoo/dataset/coco128/images/train2017/000000000419.jpg: 45.532 ms
/ultralytics/zoo/dataset/coco128/images/train2017/000000000428.jpg: 30.382 ms
/ultralytics/zoo/dataset/coco128/images/train2017/000000000431.jpg: 38.202 ms
/ultralytics/zoo/dataset/coco128/images/train2017/000000000436.jpg: 49.394 ms
/ultralytics/zoo/dataset/coco128/images/train2017/000000000438.jpg: 162.554 ms
/ultralytics/zoo/dataset/coco128/images/train2017/000000000443.jpg: 58.350 ms
/ultralytics/zoo/dataset/coco128/images/train2017/000000000446.jpg: 47.513 ms
/ultralytics/zoo/dataset/coco128/images/train2017/000000000450.jpg: 53.219 ms
/ultralytics/zoo/dataset/coco128/images/train2017/000000000459.jpg: 33.808 ms
/ultralytics/zoo/dataset/coco128/images/train2017/000000000471.jpg: 30.624 ms
/ultralytics/zoo/dataset/coco128/images/train2017/000000000472.jpg: 24.405 ms
/ultralytics/zoo/dataset/coco128/images/train2017/000000000474.jpg: 33.403 ms
/ultralytics/zoo/dataset/coco128/images/train2017/000000000486.jpg: 27.948 ms
/ultralytics/zoo/dataset/coco128/images/train2017/000000000488.jpg: 53.597 ms
/ultralytics/zoo/dataset/coco128/images/train2017/000000000490.jpg: 31.320 ms
/ultralytics/zoo/dataset/coco128/images/train2017/000000000491.jpg: 42.937 ms
/ultralytics/zoo/dataset/coco128/images/train2017/000000000502.jpg: 28.881 ms
/ultralytics/zoo/dataset/coco128/images/train2017/000000000508.jpg: 20.384 ms
/ultralytics/zoo/dataset/coco128/images/train2017/000000000510.jpg: 36.594 ms
/ultralytics/zoo/dataset/coco128/images/train2017/000000000514.jpg: 29.004 ms
/ultralytics/zoo/dataset/coco128/images/train2017/000000000520.jpg: 49.199 ms
/ultralytics/zoo/dataset/coco128/images/train2017/000000000529.jpg: 28.226 ms
/ultralytics/zoo/dataset/coco128/images/train2017/000000000531.jpg: 52.451 ms
/ultralytics/zoo/dataset/coco128/images/train2017/000000000532.jpg: 46.904 ms
/ultralytics/zoo/dataset/coco128/images/train2017/000000000536.jpg: 40.711 ms
avg: 59.644 ms

[yolo11n-seg] dataset=/ultralytics/zoo/dataset/coco128/images/train2017 count=100 imgsz=640
Using CUDA runtime cudaDeviceSynchronize() for accurate TensorRT synchronization
/ultralytics/zoo/dataset/coco128/images/train2017/000000000009.jpg: 72.151 ms
/ultralytics/zoo/dataset/coco128/images/train2017/000000000025.jpg: 63.607 ms
/ultralytics/zoo/dataset/coco128/images/train2017/000000000030.jpg: 71.382 ms
/ultralytics/zoo/dataset/coco128/images/train2017/000000000034.jpg: 62.725 ms
/ultralytics/zoo/dataset/coco128/images/train2017/000000000036.jpg: 64.851 ms
/ultralytics/zoo/dataset/coco128/images/train2017/000000000042.jpg: 58.097 ms
/ultralytics/zoo/dataset/coco128/images/train2017/000000000049.jpg: 154.411 ms
/ultralytics/zoo/dataset/coco128/images/train2017/000000000061.jpg: 72.067 ms
/ultralytics/zoo/dataset/coco128/images/train2017/000000000064.jpg: 65.670 ms
/ultralytics/zoo/dataset/coco128/images/train2017/000000000071.jpg: 53.251 ms
/ultralytics/zoo/dataset/coco128/images/train2017/000000000072.jpg: 64.988 ms
/ultralytics/zoo/dataset/coco128/images/train2017/000000000073.jpg: 73.207 ms
/ultralytics/zoo/dataset/coco128/images/train2017/000000000074.jpg: 144.828 ms
/ultralytics/zoo/dataset/coco128/images/train2017/000000000077.jpg: 99.295 ms
/ultralytics/zoo/dataset/coco128/images/train2017/000000000078.jpg: 81.992 ms
/ultralytics/zoo/dataset/coco128/images/train2017/000000000081.jpg: 55.907 ms
/ultralytics/zoo/dataset/coco128/images/train2017/000000000086.jpg: 65.139 ms
/ultralytics/zoo/dataset/coco128/images/train2017/000000000089.jpg: 123.919 ms
/ultralytics/zoo/dataset/coco128/images/train2017/000000000092.jpg: 77.363 ms
/ultralytics/zoo/dataset/coco128/images/train2017/000000000094.jpg: 58.291 ms
/ultralytics/zoo/dataset/coco128/images/train2017/000000000109.jpg: 147.226 ms
/ultralytics/zoo/dataset/coco128/images/train2017/000000000110.jpg: 208.445 ms
/ultralytics/zoo/dataset/coco128/images/train2017/000000000113.jpg: 154.820 ms
/ultralytics/zoo/dataset/coco128/images/train2017/000000000127.jpg: 89.015 ms
/ultralytics/zoo/dataset/coco128/images/train2017/000000000133.jpg: 39.289 ms
/ultralytics/zoo/dataset/coco128/images/train2017/000000000136.jpg: 76.835 ms
/ultralytics/zoo/dataset/coco128/images/train2017/000000000138.jpg: 107.687 ms
/ultralytics/zoo/dataset/coco128/images/train2017/000000000142.jpg: 82.471 ms
/ultralytics/zoo/dataset/coco128/images/train2017/000000000143.jpg: 116.347 ms
/ultralytics/zoo/dataset/coco128/images/train2017/000000000144.jpg: 75.583 ms
/ultralytics/zoo/dataset/coco128/images/train2017/000000000149.jpg: 90.854 ms
/ultralytics/zoo/dataset/coco128/images/train2017/000000000151.jpg: 39.482 ms
/ultralytics/zoo/dataset/coco128/images/train2017/000000000154.jpg: 48.899 ms
/ultralytics/zoo/dataset/coco128/images/train2017/000000000164.jpg: 58.875 ms
/ultralytics/zoo/dataset/coco128/images/train2017/000000000165.jpg: 36.153 ms
/ultralytics/zoo/dataset/coco128/images/train2017/000000000192.jpg: 50.203 ms
/ultralytics/zoo/dataset/coco128/images/train2017/000000000194.jpg: 47.396 ms
/ultralytics/zoo/dataset/coco128/images/train2017/000000000196.jpg: 199.827 ms
/ultralytics/zoo/dataset/coco128/images/train2017/000000000201.jpg: 54.345 ms
/ultralytics/zoo/dataset/coco128/images/train2017/000000000208.jpg: 66.661 ms
/ultralytics/zoo/dataset/coco128/images/train2017/000000000241.jpg: 82.012 ms
/ultralytics/zoo/dataset/coco128/images/train2017/000000000247.jpg: 34.359 ms
/ultralytics/zoo/dataset/coco128/images/train2017/000000000250.jpg: 28.346 ms
/ultralytics/zoo/dataset/coco128/images/train2017/000000000257.jpg: 118.900 ms
/ultralytics/zoo/dataset/coco128/images/train2017/000000000260.jpg: 50.571 ms
/ultralytics/zoo/dataset/coco128/images/train2017/000000000263.jpg: 32.576 ms
/ultralytics/zoo/dataset/coco128/images/train2017/000000000283.jpg: 40.573 ms
/ultralytics/zoo/dataset/coco128/images/train2017/000000000294.jpg: 42.192 ms
/ultralytics/zoo/dataset/coco128/images/train2017/000000000307.jpg: 36.902 ms
/ultralytics/zoo/dataset/coco128/images/train2017/000000000308.jpg: 71.690 ms
/ultralytics/zoo/dataset/coco128/images/train2017/000000000309.jpg: 42.640 ms
/ultralytics/zoo/dataset/coco128/images/train2017/000000000312.jpg: 41.049 ms
/ultralytics/zoo/dataset/coco128/images/train2017/000000000315.jpg: 90.824 ms
/ultralytics/zoo/dataset/coco128/images/train2017/000000000321.jpg: 35.936 ms
/ultralytics/zoo/dataset/coco128/images/train2017/000000000322.jpg: 35.603 ms
/ultralytics/zoo/dataset/coco128/images/train2017/000000000326.jpg: 31.271 ms
/ultralytics/zoo/dataset/coco128/images/train2017/000000000328.jpg: 41.243 ms
/ultralytics/zoo/dataset/coco128/images/train2017/000000000332.jpg: 52.412 ms
/ultralytics/zoo/dataset/coco128/images/train2017/000000000338.jpg: 37.120 ms
/ultralytics/zoo/dataset/coco128/images/train2017/000000000349.jpg: 36.361 ms
/ultralytics/zoo/dataset/coco128/images/train2017/000000000357.jpg: 57.387 ms
/ultralytics/zoo/dataset/coco128/images/train2017/000000000359.jpg: 38.949 ms
/ultralytics/zoo/dataset/coco128/images/train2017/000000000360.jpg: 27.788 ms
/ultralytics/zoo/dataset/coco128/images/train2017/000000000368.jpg: 63.763 ms
/ultralytics/zoo/dataset/coco128/images/train2017/000000000370.jpg: 40.068 ms
/ultralytics/zoo/dataset/coco128/images/train2017/000000000382.jpg: 42.909 ms
/ultralytics/zoo/dataset/coco128/images/train2017/000000000384.jpg: 65.503 ms
/ultralytics/zoo/dataset/coco128/images/train2017/000000000387.jpg: 39.384 ms
/ultralytics/zoo/dataset/coco128/images/train2017/000000000389.jpg: 81.543 ms
/ultralytics/zoo/dataset/coco128/images/train2017/000000000394.jpg: 40.619 ms
/ultralytics/zoo/dataset/coco128/images/train2017/000000000395.jpg: 58.779 ms
/ultralytics/zoo/dataset/coco128/images/train2017/000000000397.jpg: 39.305 ms
/ultralytics/zoo/dataset/coco128/images/train2017/000000000400.jpg: 39.336 ms
/ultralytics/zoo/dataset/coco128/images/train2017/000000000404.jpg: 34.666 ms
/ultralytics/zoo/dataset/coco128/images/train2017/000000000415.jpg: 39.911 ms
/ultralytics/zoo/dataset/coco128/images/train2017/000000000419.jpg: 47.562 ms
/ultralytics/zoo/dataset/coco128/images/train2017/000000000428.jpg: 47.989 ms
/ultralytics/zoo/dataset/coco128/images/train2017/000000000431.jpg: 51.287 ms
/ultralytics/zoo/dataset/coco128/images/train2017/000000000436.jpg: 46.642 ms
/ultralytics/zoo/dataset/coco128/images/train2017/000000000438.jpg: 104.317 ms
/ultralytics/zoo/dataset/coco128/images/train2017/000000000443.jpg: 51.092 ms
/ultralytics/zoo/dataset/coco128/images/train2017/000000000446.jpg: 35.566 ms
/ultralytics/zoo/dataset/coco128/images/train2017/000000000450.jpg: 52.516 ms
/ultralytics/zoo/dataset/coco128/images/train2017/000000000459.jpg: 31.431 ms
/ultralytics/zoo/dataset/coco128/images/train2017/000000000471.jpg: 27.245 ms
/ultralytics/zoo/dataset/coco128/images/train2017/000000000472.jpg: 25.886 ms
/ultralytics/zoo/dataset/coco128/images/train2017/000000000474.jpg: 32.320 ms
/ultralytics/zoo/dataset/coco128/images/train2017/000000000486.jpg: 31.693 ms
/ultralytics/zoo/dataset/coco128/images/train2017/000000000488.jpg: 47.836 ms
/ultralytics/zoo/dataset/coco128/images/train2017/000000000490.jpg: 37.782 ms
/ultralytics/zoo/dataset/coco128/images/train2017/000000000491.jpg: 50.951 ms
/ultralytics/zoo/dataset/coco128/images/train2017/000000000502.jpg: 34.687 ms
/ultralytics/zoo/dataset/coco128/images/train2017/000000000508.jpg: 17.373 ms
/ultralytics/zoo/dataset/coco128/images/train2017/000000000510.jpg: 24.088 ms
/ultralytics/zoo/dataset/coco128/images/train2017/000000000514.jpg: 19.829 ms
/ultralytics/zoo/dataset/coco128/images/train2017/000000000520.jpg: 27.605 ms
/ultralytics/zoo/dataset/coco128/images/train2017/000000000529.jpg: 21.014 ms
/ultralytics/zoo/dataset/coco128/images/train2017/000000000531.jpg: 32.942 ms
/ultralytics/zoo/dataset/coco128/images/train2017/000000000532.jpg: 25.638 ms
/ultralytics/zoo/dataset/coco128/images/train2017/000000000536.jpg: 27.589 ms
avg: 60.189 ms

