[yolo11n-obb] dataset=/ultralytics/zoo/dataset/DOTA100/images count=100 imgsz=640
Using CUDA runtime cudaDeviceSynchronize() for accurate TensorRT synchronization
/ultralytics/zoo/dataset/DOTA100/images/train/000000000025.jpg: 35.809 ms
/ultralytics/zoo/dataset/DOTA100/images/train/000000000034.jpg: 34.835 ms
/ultralytics/zoo/dataset/DOTA100/images/train/000000000036.jpg: 21.564 ms
/ultralytics/zoo/dataset/DOTA100/images/train/000000000042.jpg: 37.354 ms
/ultralytics/zoo/dataset/DOTA100/images/train/000000000064.jpg: 25.600 ms
/ultralytics/zoo/dataset/DOTA100/images/train/000000000071.jpg: 23.605 ms
/ultralytics/zoo/dataset/DOTA100/images/train/000000000073.jpg: 32.685 ms
/ultralytics/zoo/dataset/DOTA100/images/train/000000000074.jpg: 30.614 ms
/ultralytics/zoo/dataset/DOTA100/images/train/000000000078.jpg: 40.007 ms
/ultralytics/zoo/dataset/DOTA100/images/train/000000000089.jpg: 21.806 ms
/ultralytics/zoo/dataset/DOTA100/images/train/000000000094.jpg: 28.795 ms
/ultralytics/zoo/dataset/DOTA100/images/train/000000000110.jpg: 18.973 ms
/ultralytics/zoo/dataset/DOTA100/images/train/000000000136.jpg: 19.082 ms
/ultralytics/zoo/dataset/DOTA100/images/train/000000000138.jpg: 35.199 ms
/ultralytics/zoo/dataset/DOTA100/images/train/000000000142.jpg: 24.803 ms
/ultralytics/zoo/dataset/DOTA100/images/train/000000000143.jpg: 21.325 ms
/ultralytics/zoo/dataset/DOTA100/images/train/000000000151.jpg: 24.561 ms
/ultralytics/zoo/dataset/DOTA100/images/train/000000000154.jpg: 17.790 ms
/ultralytics/zoo/dataset/DOTA100/images/train/000000000164.jpg: 15.991 ms
/ultralytics/zoo/dataset/DOTA100/images/train/000000000196.jpg: 33.847 ms
/ultralytics/zoo/dataset/DOTA100/images/train/000000000208.jpg: 17.703 ms
/ultralytics/zoo/dataset/DOTA100/images/train/000000000241.jpg: 34.724 ms
/ultralytics/zoo/dataset/DOTA100/images/train/000000000247.jpg: 21.894 ms
/ultralytics/zoo/dataset/DOTA100/images/train/000000000260.jpg: 18.591 ms
/ultralytics/zoo/dataset/DOTA100/images/train/000000000294.jpg: 32.167 ms
/ultralytics/zoo/dataset/DOTA100/images/train/000000000308.jpg: 23.156 ms
/ultralytics/zoo/dataset/DOTA100/images/train/000000000309.jpg: 31.430 ms
/ultralytics/zoo/dataset/DOTA100/images/train/000000000312.jpg: 25.208 ms
/ultralytics/zoo/dataset/DOTA100/images/train/000000000321.jpg: 19.250 ms
/ultralytics/zoo/dataset/DOTA100/images/train/000000000322.jpg: 28.386 ms
/ultralytics/zoo/dataset/DOTA100/images/train/000000000326.jpg: 21.603 ms
/ultralytics/zoo/dataset/DOTA100/images/train/000000000328.jpg: 28.547 ms
/ultralytics/zoo/dataset/DOTA100/images/train/000000000338.jpg: 37.198 ms
/ultralytics/zoo/dataset/DOTA100/images/train/000000000357.jpg: 16.805 ms
/ultralytics/zoo/dataset/DOTA100/images/train/000000000360.jpg: 32.146 ms
/ultralytics/zoo/dataset/DOTA100/images/train/000000000368.jpg: 22.403 ms
/ultralytics/zoo/dataset/DOTA100/images/train/000000000382.jpg: 17.518 ms
/ultralytics/zoo/dataset/DOTA100/images/train/000000000387.jpg: 32.590 ms
/ultralytics/zoo/dataset/DOTA100/images/train/000000000389.jpg: 33.258 ms
/ultralytics/zoo/dataset/DOTA100/images/train/000000000395.jpg: 21.861 ms
/ultralytics/zoo/dataset/DOTA100/images/train/000000000400.jpg: 18.304 ms
/ultralytics/zoo/dataset/DOTA100/images/train/000000000404.jpg: 17.788 ms
/ultralytics/zoo/dataset/DOTA100/images/train/000000000415.jpg: 37.594 ms
/ultralytics/zoo/dataset/DOTA100/images/train/000000000419.jpg: 18.034 ms
/ultralytics/zoo/dataset/DOTA100/images/train/000000000431.jpg: 18.163 ms
/ultralytics/zoo/dataset/DOTA100/images/train/000000000436.jpg: 36.701 ms
/ultralytics/zoo/dataset/DOTA100/images/train/000000000438.jpg: 27.645 ms
/ultralytics/zoo/dataset/DOTA100/images/train/000000000443.jpg: 35.113 ms
/ultralytics/zoo/dataset/DOTA100/images/train/000000000450.jpg: 22.066 ms
/ultralytics/zoo/dataset/DOTA100/images/train/000000000459.jpg: 30.008 ms
/ultralytics/zoo/dataset/DOTA100/images/train/000000000471.jpg: 20.934 ms
/ultralytics/zoo/dataset/DOTA100/images/train/000000000472.jpg: 15.972 ms
/ultralytics/zoo/dataset/DOTA100/images/train/000000000488.jpg: 16.865 ms
/ultralytics/zoo/dataset/DOTA100/images/train/000000000491.jpg: 28.084 ms
/ultralytics/zoo/dataset/DOTA100/images/train/000000000502.jpg: 27.845 ms
/ultralytics/zoo/dataset/DOTA100/images/train/000000000508.jpg: 20.510 ms
/ultralytics/zoo/dataset/DOTA100/images/train/000000000520.jpg: 25.069 ms
/ultralytics/zoo/dataset/DOTA100/images/train/000000000529.jpg: 20.190 ms
/ultralytics/zoo/dataset/DOTA100/images/train/000000000531.jpg: 23.977 ms
/ultralytics/zoo/dataset/DOTA100/images/train/000000000540.jpg: 23.996 ms
/ultralytics/zoo/dataset/DOTA100/images/train/000000000544.jpg: 32.602 ms
/ultralytics/zoo/dataset/DOTA100/images/train/000000000560.jpg: 27.842 ms
/ultralytics/zoo/dataset/DOTA100/images/train/000000000562.jpg: 19.304 ms
/ultralytics/zoo/dataset/DOTA100/images/train/000000000564.jpg: 30.702 ms
/ultralytics/zoo/dataset/DOTA100/images/train/000000000572.jpg: 22.533 ms
/ultralytics/zoo/dataset/DOTA100/images/train/000000000575.jpg: 22.979 ms
/ultralytics/zoo/dataset/DOTA100/images/train/000000000581.jpg: 32.041 ms
/ultralytics/zoo/dataset/DOTA100/images/train/000000000584.jpg: 17.948 ms
/ultralytics/zoo/dataset/DOTA100/images/train/000000000590.jpg: 20.310 ms
/ultralytics/zoo/dataset/DOTA100/images/train/000000000595.jpg: 23.834 ms
/ultralytics/zoo/dataset/DOTA100/images/train/000000000597.jpg: 16.064 ms
/ultralytics/zoo/dataset/DOTA100/images/train/000000000599.jpg: 28.358 ms
/ultralytics/zoo/dataset/DOTA100/images/train/000000000620.jpg: 21.629 ms
/ultralytics/zoo/dataset/DOTA100/images/train/000000000625.jpg: 18.439 ms
/ultralytics/zoo/dataset/DOTA100/images/train/000000000626.jpg: 34.544 ms
/ultralytics/zoo/dataset/DOTA100/images/train/000000000629.jpg: 22.237 ms
/ultralytics/zoo/dataset/DOTA100/images/train/000000000636.jpg: 34.490 ms
/ultralytics/zoo/dataset/DOTA100/images/train/000000000641.jpg: 24.720 ms
/ultralytics/zoo/dataset/DOTA100/images/train/000000000643.jpg: 32.902 ms
/ultralytics/zoo/dataset/DOTA100/images/train/000000000650.jpg: 17.650 ms
/ultralytics/zoo/dataset/DOTA100/images/val/000000000009.jpg: 20.403 ms
/ultralytics/zoo/dataset/DOTA100/images/val/000000000049.jpg: 26.109 ms
/ultralytics/zoo/dataset/DOTA100/images/val/000000000077.jpg: 20.305 ms
/ultralytics/zoo/dataset/DOTA100/images/val/000000000133.jpg: 29.886 ms
/ultralytics/zoo/dataset/DOTA100/images/val/000000000144.jpg: 33.134 ms
/ultralytics/zoo/dataset/DOTA100/images/val/000000000201.jpg: 26.969 ms
/ultralytics/zoo/dataset/DOTA100/images/val/000000000263.jpg: 21.224 ms
/ultralytics/zoo/dataset/DOTA100/images/val/000000000315.jpg: 30.904 ms
/ultralytics/zoo/dataset/DOTA100/images/val/000000000332.jpg: 18.731 ms
/ultralytics/zoo/dataset/DOTA100/images/val/000000000370.jpg: 22.848 ms
/ultralytics/zoo/dataset/DOTA100/images/val/000000000397.jpg: 28.768 ms
/ultralytics/zoo/dataset/DOTA100/images/val/000000000428.jpg: 20.777 ms
/ultralytics/zoo/dataset/DOTA100/images/val/000000000446.jpg: 16.676 ms
/ultralytics/zoo/dataset/DOTA100/images/val/000000000474.jpg: 38.765 ms
/ultralytics/zoo/dataset/DOTA100/images/val/000000000510.jpg: 25.710 ms
/ultralytics/zoo/dataset/DOTA100/images/val/000000000542.jpg: 21.224 ms
/ultralytics/zoo/dataset/DOTA100/images/val/000000000569.jpg: 20.236 ms
/ultralytics/zoo/dataset/DOTA100/images/val/000000000589.jpg: 21.845 ms
/ultralytics/zoo/dataset/DOTA100/images/val/000000000612.jpg: 26.533 ms
/ultralytics/zoo/dataset/DOTA100/images/val/000000000634.jpg: 22.155 ms
avg: 25.399 ms
