[yolo11n-cls] dataset=/ultralytics/zoo/dataset/CIFAR100 count=100 imgsz=224
Using CUDA runtime cudaDeviceSynchronize() for accurate TensorRT synchronization
/ultralytics/zoo/dataset/CIFAR100/airplane/data_batch_1_00029.png: 8.180 ms
/ultralytics/zoo/dataset/CIFAR100/airplane/data_batch_1_00030.png: 6.990 ms
/ultralytics/zoo/dataset/CIFAR100/airplane/data_batch_1_00035.png: 9.243 ms
/ultralytics/zoo/dataset/CIFAR100/airplane/data_batch_1_00049.png: 7.023 ms
/ultralytics/zoo/dataset/CIFAR100/airplane/data_batch_1_00077.png: 5.913 ms
/ultralytics/zoo/dataset/CIFAR100/airplane/data_batch_1_00093.png: 6.191 ms
/ultralytics/zoo/dataset/CIFAR100/airplane/data_batch_1_00115.png: 6.773 ms
/ultralytics/zoo/dataset/CIFAR100/airplane/data_batch_1_00116.png: 5.910 ms
/ultralytics/zoo/dataset/CIFAR100/airplane/data_batch_1_00129.png: 12.931 ms
/ultralytics/zoo/dataset/CIFAR100/airplane/data_batch_1_00165.png: 10.642 ms
/ultralytics/zoo/dataset/CIFAR100/automobile/data_batch_1_00004.png: 6.445 ms
/ultralytics/zoo/dataset/CIFAR100/automobile/data_batch_1_00005.png: 6.482 ms
/ultralytics/zoo/dataset/CIFAR100/automobile/data_batch_1_00032.png: 6.898 ms
/ultralytics/zoo/dataset/CIFAR100/automobile/data_batch_1_00044.png: 9.325 ms
/ultralytics/zoo/dataset/CIFAR100/automobile/data_batch_1_00045.png: 10.011 ms
/ultralytics/zoo/dataset/CIFAR100/automobile/data_batch_1_00046.png: 6.922 ms
/ultralytics/zoo/dataset/CIFAR100/automobile/data_batch_1_00060.png: 6.839 ms
/ultralytics/zoo/dataset/CIFAR100/automobile/data_batch_1_00061.png: 6.506 ms
/ultralytics/zoo/dataset/CIFAR100/automobile/data_batch_1_00064.png: 6.875 ms
/ultralytics/zoo/dataset/CIFAR100/automobile/data_batch_1_00065.png: 6.465 ms
/ultralytics/zoo/dataset/CIFAR100/bird/data_batch_1_00006.png: 6.302 ms
/ultralytics/zoo/dataset/CIFAR100/bird/data_batch_1_00013.png: 5.888 ms
/ultralytics/zoo/dataset/CIFAR100/bird/data_batch_1_00018.png: 9.661 ms
/ultralytics/zoo/dataset/CIFAR100/bird/data_batch_1_00024.png: 6.374 ms
/ultralytics/zoo/dataset/CIFAR100/bird/data_batch_1_00041.png: 6.043 ms
/ultralytics/zoo/dataset/CIFAR100/bird/data_batch_1_00042.png: 6.259 ms
/ultralytics/zoo/dataset/CIFAR100/bird/data_batch_1_00047.png: 6.229 ms
/ultralytics/zoo/dataset/CIFAR100/bird/data_batch_1_00048.png: 6.018 ms
/ultralytics/zoo/dataset/CIFAR100/bird/data_batch_1_00054.png: 7.679 ms
/ultralytics/zoo/dataset/CIFAR100/bird/data_batch_1_00055.png: 6.450 ms
/ultralytics/zoo/dataset/CIFAR100/cat/data_batch_1_00009.png: 7.369 ms
/ultralytics/zoo/dataset/CIFAR100/cat/data_batch_1_00017.png: 5.857 ms
/ultralytics/zoo/dataset/CIFAR100/cat/data_batch_1_00021.png: 6.090 ms
/ultralytics/zoo/dataset/CIFAR100/cat/data_batch_1_00026.png: 6.084 ms
/ultralytics/zoo/dataset/CIFAR100/cat/data_batch_1_00033.png: 5.759 ms
/ultralytics/zoo/dataset/CIFAR100/cat/data_batch_1_00036.png: 7.021 ms
/ultralytics/zoo/dataset/CIFAR100/cat/data_batch_1_00038.png: 6.502 ms
/ultralytics/zoo/dataset/CIFAR100/cat/data_batch_1_00039.png: 6.345 ms
/ultralytics/zoo/dataset/CIFAR100/cat/data_batch_1_00059.png: 6.258 ms
/ultralytics/zoo/dataset/CIFAR100/cat/data_batch_1_00074.png: 6.741 ms
/ultralytics/zoo/dataset/CIFAR100/deer/data_batch_1_00003.png: 9.162 ms
/ultralytics/zoo/dataset/CIFAR100/deer/data_batch_1_00010.png: 8.516 ms
/ultralytics/zoo/dataset/CIFAR100/deer/data_batch_1_00020.png: 5.798 ms
/ultralytics/zoo/dataset/CIFAR100/deer/data_batch_1_00028.png: 6.174 ms
/ultralytics/zoo/dataset/CIFAR100/deer/data_batch_1_00034.png: 5.651 ms
/ultralytics/zoo/dataset/CIFAR100/deer/data_batch_1_00058.png: 5.856 ms
/ultralytics/zoo/dataset/CIFAR100/deer/data_batch_1_00066.png: 8.257 ms
/ultralytics/zoo/dataset/CIFAR100/deer/data_batch_1_00082.png: 8.451 ms
/ultralytics/zoo/dataset/CIFAR100/deer/data_batch_1_00086.png: 5.875 ms
/ultralytics/zoo/dataset/CIFAR100/deer/data_batch_1_00089.png: 5.787 ms
/ultralytics/zoo/dataset/CIFAR100/dog/data_batch_1_00027.png: 6.131 ms
/ultralytics/zoo/dataset/CIFAR100/dog/data_batch_1_00040.png: 6.036 ms
/ultralytics/zoo/dataset/CIFAR100/dog/data_batch_1_00051.png: 5.747 ms
/ultralytics/zoo/dataset/CIFAR100/dog/data_batch_1_00056.png: 6.152 ms
/ultralytics/zoo/dataset/CIFAR100/dog/data_batch_1_00070.png: 7.248 ms
/ultralytics/zoo/dataset/CIFAR100/dog/data_batch_1_00081.png: 9.124 ms
/ultralytics/zoo/dataset/CIFAR100/dog/data_batch_1_00083.png: 7.196 ms
/ultralytics/zoo/dataset/CIFAR100/dog/data_batch_1_00107.png: 5.967 ms
/ultralytics/zoo/dataset/CIFAR100/dog/data_batch_1_00128.png: 6.092 ms
/ultralytics/zoo/dataset/CIFAR100/dog/data_batch_1_00148.png: 5.658 ms
/ultralytics/zoo/dataset/CIFAR100/frog/data_batch_1_00000.png: 5.981 ms
/ultralytics/zoo/dataset/CIFAR100/frog/data_batch_1_00019.png: 6.567 ms
/ultralytics/zoo/dataset/CIFAR100/frog/data_batch_1_00022.png: 6.990 ms
/ultralytics/zoo/dataset/CIFAR100/frog/data_batch_1_00023.png: 5.901 ms
/ultralytics/zoo/dataset/CIFAR100/frog/data_batch_1_00025.png: 5.626 ms
/ultralytics/zoo/dataset/CIFAR100/frog/data_batch_1_00072.png: 6.221 ms
/ultralytics/zoo/dataset/CIFAR100/frog/data_batch_1_00095.png: 5.737 ms
/ultralytics/zoo/dataset/CIFAR100/frog/data_batch_1_00103.png: 6.473 ms
/ultralytics/zoo/dataset/CIFAR100/frog/data_batch_1_00104.png: 7.001 ms
/ultralytics/zoo/dataset/CIFAR100/frog/data_batch_1_00117.png: 5.738 ms
/ultralytics/zoo/dataset/CIFAR100/horse/data_batch_1_00007.png: 6.026 ms
/ultralytics/zoo/dataset/CIFAR100/horse/data_batch_1_00011.png: 6.327 ms
/ultralytics/zoo/dataset/CIFAR100/horse/data_batch_1_00012.png: 5.952 ms
/ultralytics/zoo/dataset/CIFAR100/horse/data_batch_1_00037.png: 6.112 ms
/ultralytics/zoo/dataset/CIFAR100/horse/data_batch_1_00043.png: 7.017 ms
/ultralytics/zoo/dataset/CIFAR100/horse/data_batch_1_00052.png: 6.095 ms
/ultralytics/zoo/dataset/CIFAR100/horse/data_batch_1_00068.png: 6.084 ms
/ultralytics/zoo/dataset/CIFAR100/horse/data_batch_1_00073.png: 5.530 ms
/ultralytics/zoo/dataset/CIFAR100/horse/data_batch_1_00084.png: 5.693 ms
/ultralytics/zoo/dataset/CIFAR100/horse/data_batch_1_00085.png: 7.198 ms
/ultralytics/zoo/dataset/CIFAR100/ship/data_batch_1_00008.png: 6.782 ms
/ultralytics/zoo/dataset/CIFAR100/ship/data_batch_1_00062.png: 7.185 ms
/ultralytics/zoo/dataset/CIFAR100/ship/data_batch_1_00069.png: 6.026 ms
/ultralytics/zoo/dataset/CIFAR100/ship/data_batch_1_00092.png: 5.538 ms
/ultralytics/zoo/dataset/CIFAR100/ship/data_batch_1_00100.png: 5.536 ms
/ultralytics/zoo/dataset/CIFAR100/ship/data_batch_1_00106.png: 6.141 ms
/ultralytics/zoo/dataset/CIFAR100/ship/data_batch_1_00111.png: 5.584 ms
/ultralytics/zoo/dataset/CIFAR100/ship/data_batch_1_00135.png: 7.149 ms
/ultralytics/zoo/dataset/CIFAR100/ship/data_batch_1_00139.png: 9.356 ms
/ultralytics/zoo/dataset/CIFAR100/ship/data_batch_1_00155.png: 7.198 ms
/ultralytics/zoo/dataset/CIFAR100/truck/data_batch_1_00001.png: 6.233 ms
/ultralytics/zoo/dataset/CIFAR100/truck/data_batch_1_00002.png: 5.969 ms
/ultralytics/zoo/dataset/CIFAR100/truck/data_batch_1_00014.png: 5.884 ms
/ultralytics/zoo/dataset/CIFAR100/truck/data_batch_1_00015.png: 5.595 ms
/ultralytics/zoo/dataset/CIFAR100/truck/data_batch_1_00016.png: 5.946 ms
/ultralytics/zoo/dataset/CIFAR100/truck/data_batch_1_00031.png: 7.531 ms
/ultralytics/zoo/dataset/CIFAR100/truck/data_batch_1_00050.png: 6.431 ms
/ultralytics/zoo/dataset/CIFAR100/truck/data_batch_1_00053.png: 7.368 ms
/ultralytics/zoo/dataset/CIFAR100/truck/data_batch_1_00067.png: 5.734 ms
/ultralytics/zoo/dataset/CIFAR100/truck/data_batch_1_00071.png: 5.989 ms
avg: 6.718 ms
