=== Improved measurement started at 2025-12-17 18:30:18 ===
Using CUDA runtime cudaDeviceSynchronize() for accurate TensorRT synchronization

[yolo11n-cls] dataset=/ultralytics/zoo/dataset/CIFAR100 count=100 imgsz=224
Format: image_path | preprocess_ms | inference_ms | postprocess_ms | total_ms
/ultralytics/zoo/dataset/CIFAR100/airplane/data_batch_1_00029.png | 8.343 ms (total, includes preprocess+inference+postprocess)
/ultralytics/zoo/dataset/CIFAR100/airplane/data_batch_1_00030.png | 7.232 ms (total, includes preprocess+inference+postprocess)
/ultralytics/zoo/dataset/CIFAR100/airplane/data_batch_1_00035.png | 7.019 ms (total, includes preprocess+inference+postprocess)
/ultralytics/zoo/dataset/CIFAR100/airplane/data_batch_1_00049.png | 7.021 ms (total, includes preprocess+inference+postprocess)
/ultralytics/zoo/dataset/CIFAR100/airplane/data_batch_1_00077.png | 7.174 ms (total, includes preprocess+inference+postprocess)
/ultralytics/zoo/dataset/CIFAR100/airplane/data_batch_1_00093.png | 7.446 ms (total, includes preprocess+inference+postprocess)
/ultralytics/zoo/dataset/CIFAR100/airplane/data_batch_1_00115.png | 7.737 ms (total, includes preprocess+inference+postprocess)
/ultralytics/zoo/dataset/CIFAR100/airplane/data_batch_1_00116.png | 6.970 ms (total, includes preprocess+inference+postprocess)
/ultralytics/zoo/dataset/CIFAR100/airplane/data_batch_1_00129.png | 6.946 ms (total, includes preprocess+inference+postprocess)
/ultralytics/zoo/dataset/CIFAR100/airplane/data_batch_1_00165.png | 7.055 ms (total, includes preprocess+inference+postprocess)
/ultralytics/zoo/dataset/CIFAR100/automobile/data_batch_1_00004.png | 7.704 ms (total, includes preprocess+inference+postprocess)
/ultralytics/zoo/dataset/CIFAR100/automobile/data_batch_1_00005.png | 7.301 ms (total, includes preprocess+inference+postprocess)
/ultralytics/zoo/dataset/CIFAR100/automobile/data_batch_1_00032.png | 7.000 ms (total, includes preprocess+inference+postprocess)
/ultralytics/zoo/dataset/CIFAR100/automobile/data_batch_1_00044.png | 6.991 ms (total, includes preprocess+inference+postprocess)
/ultralytics/zoo/dataset/CIFAR100/automobile/data_batch_1_00045.png | 7.281 ms (total, includes preprocess+inference+postprocess)
/ultralytics/zoo/dataset/CIFAR100/automobile/data_batch_1_00046.png | 7.327 ms (total, includes preprocess+inference+postprocess)
/ultralytics/zoo/dataset/CIFAR100/automobile/data_batch_1_00060.png | 7.225 ms (total, includes preprocess+inference+postprocess)
/ultralytics/zoo/dataset/CIFAR100/automobile/data_batch_1_00061.png | 7.498 ms (total, includes preprocess+inference+postprocess)
/ultralytics/zoo/dataset/CIFAR100/automobile/data_batch_1_00064.png | 7.237 ms (total, includes preprocess+inference+postprocess)
/ultralytics/zoo/dataset/CIFAR100/automobile/data_batch_1_00065.png | 7.196 ms (total, includes preprocess+inference+postprocess)
/ultralytics/zoo/dataset/CIFAR100/bird/data_batch_1_00006.png | 7.305 ms (total, includes preprocess+inference+postprocess)
/ultralytics/zoo/dataset/CIFAR100/bird/data_batch_1_00013.png | 7.464 ms (total, includes preprocess+inference+postprocess)
/ultralytics/zoo/dataset/CIFAR100/bird/data_batch_1_00018.png | 7.509 ms (total, includes preprocess+inference+postprocess)
/ultralytics/zoo/dataset/CIFAR100/bird/data_batch_1_00024.png | 8.360 ms (total, includes preprocess+inference+postprocess)
/ultralytics/zoo/dataset/CIFAR100/bird/data_batch_1_00041.png | 7.628 ms (total, includes preprocess+inference+postprocess)
/ultralytics/zoo/dataset/CIFAR100/bird/data_batch_1_00042.png | 7.574 ms (total, includes preprocess+inference+postprocess)
/ultralytics/zoo/dataset/CIFAR100/bird/data_batch_1_00047.png | 8.567 ms (total, includes preprocess+inference+postprocess)
/ultralytics/zoo/dataset/CIFAR100/bird/data_batch_1_00048.png | 7.788 ms (total, includes preprocess+inference+postprocess)
/ultralytics/zoo/dataset/CIFAR100/bird/data_batch_1_00054.png | 7.643 ms (total, includes preprocess+inference+postprocess)
/ultralytics/zoo/dataset/CIFAR100/bird/data_batch_1_00055.png | 8.765 ms (total, includes preprocess+inference+postprocess)
/ultralytics/zoo/dataset/CIFAR100/cat/data_batch_1_00009.png | 8.662 ms (total, includes preprocess+inference+postprocess)
/ultralytics/zoo/dataset/CIFAR100/cat/data_batch_1_00017.png | 8.652 ms (total, includes preprocess+inference+postprocess)
/ultralytics/zoo/dataset/CIFAR100/cat/data_batch_1_00021.png | 8.667 ms (total, includes preprocess+inference+postprocess)
/ultralytics/zoo/dataset/CIFAR100/cat/data_batch_1_00026.png | 8.717 ms (total, includes preprocess+inference+postprocess)
/ultralytics/zoo/dataset/CIFAR100/cat/data_batch_1_00033.png | 8.702 ms (total, includes preprocess+inference+postprocess)
/ultralytics/zoo/dataset/CIFAR100/cat/data_batch_1_00036.png | 8.867 ms (total, includes preprocess+inference+postprocess)
/ultralytics/zoo/dataset/CIFAR100/cat/data_batch_1_00038.png | 8.631 ms (total, includes preprocess+inference+postprocess)
/ultralytics/zoo/dataset/CIFAR100/cat/data_batch_1_00039.png | 8.721 ms (total, includes preprocess+inference+postprocess)
/ultralytics/zoo/dataset/CIFAR100/cat/data_batch_1_00059.png | 8.615 ms (total, includes preprocess+inference+postprocess)
/ultralytics/zoo/dataset/CIFAR100/cat/data_batch_1_00074.png | 8.597 ms (total, includes preprocess+inference+postprocess)
/ultralytics/zoo/dataset/CIFAR100/deer/data_batch_1_00003.png | 9.007 ms (total, includes preprocess+inference+postprocess)
/ultralytics/zoo/dataset/CIFAR100/deer/data_batch_1_00010.png | 9.010 ms (total, includes preprocess+inference+postprocess)
/ultralytics/zoo/dataset/CIFAR100/deer/data_batch_1_00020.png | 8.548 ms (total, includes preprocess+inference+postprocess)
/ultralytics/zoo/dataset/CIFAR100/deer/data_batch_1_00028.png | 8.645 ms (total, includes preprocess+inference+postprocess)
/ultralytics/zoo/dataset/CIFAR100/deer/data_batch_1_00034.png | 8.541 ms (total, includes preprocess+inference+postprocess)
/ultralytics/zoo/dataset/CIFAR100/deer/data_batch_1_00058.png | 8.844 ms (total, includes preprocess+inference+postprocess)
/ultralytics/zoo/dataset/CIFAR100/deer/data_batch_1_00066.png | 8.794 ms (total, includes preprocess+inference+postprocess)
/ultralytics/zoo/dataset/CIFAR100/deer/data_batch_1_00082.png | 8.729 ms (total, includes preprocess+inference+postprocess)
/ultralytics/zoo/dataset/CIFAR100/deer/data_batch_1_00086.png | 8.505 ms (total, includes preprocess+inference+postprocess)
/ultralytics/zoo/dataset/CIFAR100/deer/data_batch_1_00089.png | 8.522 ms (total, includes preprocess+inference+postprocess)
/ultralytics/zoo/dataset/CIFAR100/dog/data_batch_1_00027.png | 8.538 ms (total, includes preprocess+inference+postprocess)
/ultralytics/zoo/dataset/CIFAR100/dog/data_batch_1_00040.png | 8.819 ms (total, includes preprocess+inference+postprocess)
/ultralytics/zoo/dataset/CIFAR100/dog/data_batch_1_00051.png | 8.786 ms (total, includes preprocess+inference+postprocess)
/ultralytics/zoo/dataset/CIFAR100/dog/data_batch_1_00056.png | 8.616 ms (total, includes preprocess+inference+postprocess)
/ultralytics/zoo/dataset/CIFAR100/dog/data_batch_1_00070.png | 8.468 ms (total, includes preprocess+inference+postprocess)
/ultralytics/zoo/dataset/CIFAR100/dog/data_batch_1_00081.png | 8.703 ms (total, includes preprocess+inference+postprocess)
/ultralytics/zoo/dataset/CIFAR100/dog/data_batch_1_00083.png | 9.239 ms (total, includes preprocess+inference+postprocess)
/ultralytics/zoo/dataset/CIFAR100/dog/data_batch_1_00107.png | 8.964 ms (total, includes preprocess+inference+postprocess)
/ultralytics/zoo/dataset/CIFAR100/dog/data_batch_1_00128.png | 9.372 ms (total, includes preprocess+inference+postprocess)
/ultralytics/zoo/dataset/CIFAR100/dog/data_batch_1_00148.png | 8.969 ms (total, includes preprocess+inference+postprocess)
/ultralytics/zoo/dataset/CIFAR100/frog/data_batch_1_00000.png | 8.878 ms (total, includes preprocess+inference+postprocess)
/ultralytics/zoo/dataset/CIFAR100/frog/data_batch_1_00019.png | 8.669 ms (total, includes preprocess+inference+postprocess)
/ultralytics/zoo/dataset/CIFAR100/frog/data_batch_1_00022.png | 8.651 ms (total, includes preprocess+inference+postprocess)
/ultralytics/zoo/dataset/CIFAR100/frog/data_batch_1_00023.png | 8.483 ms (total, includes preprocess+inference+postprocess)
/ultralytics/zoo/dataset/CIFAR100/frog/data_batch_1_00025.png | 8.480 ms (total, includes preprocess+inference+postprocess)
/ultralytics/zoo/dataset/CIFAR100/frog/data_batch_1_00072.png | 8.578 ms (total, includes preprocess+inference+postprocess)
/ultralytics/zoo/dataset/CIFAR100/frog/data_batch_1_00095.png | 8.814 ms (total, includes preprocess+inference+postprocess)
/ultralytics/zoo/dataset/CIFAR100/frog/data_batch_1_00103.png | 8.644 ms (total, includes preprocess+inference+postprocess)
/ultralytics/zoo/dataset/CIFAR100/frog/data_batch_1_00104.png | 8.653 ms (total, includes preprocess+inference+postprocess)
/ultralytics/zoo/dataset/CIFAR100/frog/data_batch_1_00117.png | 8.487 ms (total, includes preprocess+inference+postprocess)
/ultralytics/zoo/dataset/CIFAR100/horse/data_batch_1_00007.png | 8.521 ms (total, includes preprocess+inference+postprocess)
/ultralytics/zoo/dataset/CIFAR100/horse/data_batch_1_00011.png | 8.566 ms (total, includes preprocess+inference+postprocess)
/ultralytics/zoo/dataset/CIFAR100/horse/data_batch_1_00012.png | 8.790 ms (total, includes preprocess+inference+postprocess)
/ultralytics/zoo/dataset/CIFAR100/horse/data_batch_1_00037.png | 8.707 ms (total, includes preprocess+inference+postprocess)
/ultralytics/zoo/dataset/CIFAR100/horse/data_batch_1_00043.png | 8.602 ms (total, includes preprocess+inference+postprocess)
/ultralytics/zoo/dataset/CIFAR100/horse/data_batch_1_00052.png | 8.469 ms (total, includes preprocess+inference+postprocess)
/ultralytics/zoo/dataset/CIFAR100/horse/data_batch_1_00068.png | 8.550 ms (total, includes preprocess+inference+postprocess)
/ultralytics/zoo/dataset/CIFAR100/horse/data_batch_1_00073.png | 8.632 ms (total, includes preprocess+inference+postprocess)
/ultralytics/zoo/dataset/CIFAR100/horse/data_batch_1_00084.png | 8.554 ms (total, includes preprocess+inference+postprocess)
/ultralytics/zoo/dataset/CIFAR100/horse/data_batch_1_00085.png | 8.747 ms (total, includes preprocess+inference+postprocess)
/ultralytics/zoo/dataset/CIFAR100/ship/data_batch_1_00008.png | 8.670 ms (total, includes preprocess+inference+postprocess)
/ultralytics/zoo/dataset/CIFAR100/ship/data_batch_1_00062.png | 8.499 ms (total, includes preprocess+inference+postprocess)
/ultralytics/zoo/dataset/CIFAR100/ship/data_batch_1_00069.png | 9.062 ms (total, includes preprocess+inference+postprocess)
/ultralytics/zoo/dataset/CIFAR100/ship/data_batch_1_00092.png | 8.903 ms (total, includes preprocess+inference+postprocess)
/ultralytics/zoo/dataset/CIFAR100/ship/data_batch_1_00100.png | 8.672 ms (total, includes preprocess+inference+postprocess)
/ultralytics/zoo/dataset/CIFAR100/ship/data_batch_1_00106.png | 8.614 ms (total, includes preprocess+inference+postprocess)
/ultralytics/zoo/dataset/CIFAR100/ship/data_batch_1_00111.png | 8.455 ms (total, includes preprocess+inference+postprocess)
/ultralytics/zoo/dataset/CIFAR100/ship/data_batch_1_00135.png | 8.472 ms (total, includes preprocess+inference+postprocess)
/ultralytics/zoo/dataset/CIFAR100/ship/data_batch_1_00139.png | 8.559 ms (total, includes preprocess+inference+postprocess)
/ultralytics/zoo/dataset/CIFAR100/ship/data_batch_1_00155.png | 8.882 ms (total, includes preprocess+inference+postprocess)
/ultralytics/zoo/dataset/CIFAR100/truck/data_batch_1_00001.png | 8.774 ms (total, includes preprocess+inference+postprocess)
/ultralytics/zoo/dataset/CIFAR100/truck/data_batch_1_00002.png | 8.648 ms (total, includes preprocess+inference+postprocess)
/ultralytics/zoo/dataset/CIFAR100/truck/data_batch_1_00014.png | 8.508 ms (total, includes preprocess+inference+postprocess)
/ultralytics/zoo/dataset/CIFAR100/truck/data_batch_1_00015.png | 8.618 ms (total, includes preprocess+inference+postprocess)
/ultralytics/zoo/dataset/CIFAR100/truck/data_batch_1_00016.png | 8.463 ms (total, includes preprocess+inference+postprocess)
/ultralytics/zoo/dataset/CIFAR100/truck/data_batch_1_00031.png | 8.910 ms (total, includes preprocess+inference+postprocess)
/ultralytics/zoo/dataset/CIFAR100/truck/data_batch_1_00050.png | 8.767 ms (total, includes preprocess+inference+postprocess)
/ultralytics/zoo/dataset/CIFAR100/truck/data_batch_1_00053.png | 8.612 ms (total, includes preprocess+inference+postprocess)
/ultralytics/zoo/dataset/CIFAR100/truck/data_batch_1_00067.png | 8.519 ms (total, includes preprocess+inference+postprocess)
/ultralytics/zoo/dataset/CIFAR100/truck/data_batch_1_00071.png | 8.459 ms (total, includes preprocess+inference+postprocess)
avg_total: 8.323 ms

[yolo11n-detect] dataset=/ultralytics/zoo/dataset/coco128/images/train2017 count=100 imgsz=640
Format: image_path | preprocess_ms | inference_ms | postprocess_ms | total_ms
/ultralytics/zoo/dataset/coco128/images/train2017/000000000009.jpg | 22.947 ms (total, includes preprocess+inference+postprocess)
/ultralytics/zoo/dataset/coco128/images/train2017/000000000025.jpg | 21.573 ms (total, includes preprocess+inference+postprocess)
/ultralytics/zoo/dataset/coco128/images/train2017/000000000030.jpg | 20.004 ms (total, includes preprocess+inference+postprocess)
/ultralytics/zoo/dataset/coco128/images/train2017/000000000034.jpg | 22.419 ms (total, includes preprocess+inference+postprocess)
/ultralytics/zoo/dataset/coco128/images/train2017/000000000036.jpg | 24.828 ms (total, includes preprocess+inference+postprocess)
/ultralytics/zoo/dataset/coco128/images/train2017/000000000042.jpg | 24.797 ms (total, includes preprocess+inference+postprocess)
/ultralytics/zoo/dataset/coco128/images/train2017/000000000049.jpg | 28.977 ms (total, includes preprocess+inference+postprocess)
/ultralytics/zoo/dataset/coco128/images/train2017/000000000061.jpg | 25.797 ms (total, includes preprocess+inference+postprocess)
/ultralytics/zoo/dataset/coco128/images/train2017/000000000064.jpg | 24.622 ms (total, includes preprocess+inference+postprocess)
/ultralytics/zoo/dataset/coco128/images/train2017/000000000071.jpg | 24.117 ms (total, includes preprocess+inference+postprocess)
/ultralytics/zoo/dataset/coco128/images/train2017/000000000072.jpg | 25.074 ms (total, includes preprocess+inference+postprocess)
/ultralytics/zoo/dataset/coco128/images/train2017/000000000073.jpg | 26.869 ms (total, includes preprocess+inference+postprocess)
/ultralytics/zoo/dataset/coco128/images/train2017/000000000074.jpg | 24.128 ms (total, includes preprocess+inference+postprocess)
/ultralytics/zoo/dataset/coco128/images/train2017/000000000077.jpg | 27.774 ms (total, includes preprocess+inference+postprocess)
/ultralytics/zoo/dataset/coco128/images/train2017/000000000078.jpg | 31.613 ms (total, includes preprocess+inference+postprocess)
/ultralytics/zoo/dataset/coco128/images/train2017/000000000081.jpg | 23.064 ms (total, includes preprocess+inference+postprocess)
/ultralytics/zoo/dataset/coco128/images/train2017/000000000086.jpg | 24.244 ms (total, includes preprocess+inference+postprocess)
/ultralytics/zoo/dataset/coco128/images/train2017/000000000089.jpg | 23.600 ms (total, includes preprocess+inference+postprocess)
/ultralytics/zoo/dataset/coco128/images/train2017/000000000092.jpg | 23.241 ms (total, includes preprocess+inference+postprocess)
/ultralytics/zoo/dataset/coco128/images/train2017/000000000094.jpg | 24.188 ms (total, includes preprocess+inference+postprocess)
/ultralytics/zoo/dataset/coco128/images/train2017/000000000109.jpg | 24.103 ms (total, includes preprocess+inference+postprocess)
/ultralytics/zoo/dataset/coco128/images/train2017/000000000110.jpg | 24.504 ms (total, includes preprocess+inference+postprocess)
/ultralytics/zoo/dataset/coco128/images/train2017/000000000113.jpg | 24.321 ms (total, includes preprocess+inference+postprocess)
/ultralytics/zoo/dataset/coco128/images/train2017/000000000127.jpg | 24.637 ms (total, includes preprocess+inference+postprocess)
/ultralytics/zoo/dataset/coco128/images/train2017/000000000133.jpg | 24.405 ms (total, includes preprocess+inference+postprocess)
/ultralytics/zoo/dataset/coco128/images/train2017/000000000136.jpg | 26.879 ms (total, includes preprocess+inference+postprocess)
/ultralytics/zoo/dataset/coco128/images/train2017/000000000138.jpg | 25.416 ms (total, includes preprocess+inference+postprocess)
/ultralytics/zoo/dataset/coco128/images/train2017/000000000142.jpg | 24.101 ms (total, includes preprocess+inference+postprocess)
/ultralytics/zoo/dataset/coco128/images/train2017/000000000143.jpg | 29.813 ms (total, includes preprocess+inference+postprocess)
/ultralytics/zoo/dataset/coco128/images/train2017/000000000144.jpg | 25.736 ms (total, includes preprocess+inference+postprocess)
/ultralytics/zoo/dataset/coco128/images/train2017/000000000149.jpg | 23.755 ms (total, includes preprocess+inference+postprocess)
/ultralytics/zoo/dataset/coco128/images/train2017/000000000151.jpg | 25.885 ms (total, includes preprocess+inference+postprocess)
/ultralytics/zoo/dataset/coco128/images/train2017/000000000154.jpg | 24.501 ms (total, includes preprocess+inference+postprocess)
/ultralytics/zoo/dataset/coco128/images/train2017/000000000164.jpg | 24.554 ms (total, includes preprocess+inference+postprocess)
/ultralytics/zoo/dataset/coco128/images/train2017/000000000165.jpg | 31.839 ms (total, includes preprocess+inference+postprocess)
/ultralytics/zoo/dataset/coco128/images/train2017/000000000192.jpg | 28.712 ms (total, includes preprocess+inference+postprocess)
/ultralytics/zoo/dataset/coco128/images/train2017/000000000194.jpg | 24.764 ms (total, includes preprocess+inference+postprocess)
/ultralytics/zoo/dataset/coco128/images/train2017/000000000196.jpg | 32.542 ms (total, includes preprocess+inference+postprocess)
/ultralytics/zoo/dataset/coco128/images/train2017/000000000201.jpg | 28.293 ms (total, includes preprocess+inference+postprocess)
/ultralytics/zoo/dataset/coco128/images/train2017/000000000208.jpg | 30.349 ms (total, includes preprocess+inference+postprocess)
/ultralytics/zoo/dataset/coco128/images/train2017/000000000241.jpg | 31.681 ms (total, includes preprocess+inference+postprocess)
/ultralytics/zoo/dataset/coco128/images/train2017/000000000247.jpg | 30.985 ms (total, includes preprocess+inference+postprocess)
/ultralytics/zoo/dataset/coco128/images/train2017/000000000250.jpg | 29.193 ms (total, includes preprocess+inference+postprocess)
/ultralytics/zoo/dataset/coco128/images/train2017/000000000257.jpg | 29.777 ms (total, includes preprocess+inference+postprocess)
/ultralytics/zoo/dataset/coco128/images/train2017/000000000260.jpg | 29.908 ms (total, includes preprocess+inference+postprocess)
/ultralytics/zoo/dataset/coco128/images/train2017/000000000263.jpg | 31.472 ms (total, includes preprocess+inference+postprocess)
/ultralytics/zoo/dataset/coco128/images/train2017/000000000283.jpg | 24.579 ms (total, includes preprocess+inference+postprocess)
/ultralytics/zoo/dataset/coco128/images/train2017/000000000294.jpg | 23.588 ms (total, includes preprocess+inference+postprocess)
/ultralytics/zoo/dataset/coco128/images/train2017/000000000307.jpg | 25.499 ms (total, includes preprocess+inference+postprocess)
/ultralytics/zoo/dataset/coco128/images/train2017/000000000308.jpg | 24.288 ms (total, includes preprocess+inference+postprocess)
/ultralytics/zoo/dataset/coco128/images/train2017/000000000309.jpg | 31.688 ms (total, includes preprocess+inference+postprocess)
/ultralytics/zoo/dataset/coco128/images/train2017/000000000312.jpg | 24.608 ms (total, includes preprocess+inference+postprocess)
/ultralytics/zoo/dataset/coco128/images/train2017/000000000315.jpg | 24.055 ms (total, includes preprocess+inference+postprocess)
/ultralytics/zoo/dataset/coco128/images/train2017/000000000321.jpg | 24.124 ms (total, includes preprocess+inference+postprocess)
/ultralytics/zoo/dataset/coco128/images/train2017/000000000322.jpg | 24.069 ms (total, includes preprocess+inference+postprocess)
/ultralytics/zoo/dataset/coco128/images/train2017/000000000326.jpg | 23.480 ms (total, includes preprocess+inference+postprocess)
/ultralytics/zoo/dataset/coco128/images/train2017/000000000328.jpg | 24.269 ms (total, includes preprocess+inference+postprocess)
/ultralytics/zoo/dataset/coco128/images/train2017/000000000332.jpg | 24.257 ms (total, includes preprocess+inference+postprocess)
/ultralytics/zoo/dataset/coco128/images/train2017/000000000338.jpg | 23.215 ms (total, includes preprocess+inference+postprocess)
/ultralytics/zoo/dataset/coco128/images/train2017/000000000349.jpg | 23.993 ms (total, includes preprocess+inference+postprocess)
/ultralytics/zoo/dataset/coco128/images/train2017/000000000357.jpg | 22.507 ms (total, includes preprocess+inference+postprocess)
/ultralytics/zoo/dataset/coco128/images/train2017/000000000359.jpg | 26.689 ms (total, includes preprocess+inference+postprocess)
/ultralytics/zoo/dataset/coco128/images/train2017/000000000360.jpg | 26.963 ms (total, includes preprocess+inference+postprocess)
/ultralytics/zoo/dataset/coco128/images/train2017/000000000368.jpg | 25.975 ms (total, includes preprocess+inference+postprocess)
/ultralytics/zoo/dataset/coco128/images/train2017/000000000370.jpg | 24.359 ms (total, includes preprocess+inference+postprocess)
/ultralytics/zoo/dataset/coco128/images/train2017/000000000382.jpg | 23.822 ms (total, includes preprocess+inference+postprocess)
/ultralytics/zoo/dataset/coco128/images/train2017/000000000384.jpg | 23.819 ms (total, includes preprocess+inference+postprocess)
/ultralytics/zoo/dataset/coco128/images/train2017/000000000387.jpg | 24.401 ms (total, includes preprocess+inference+postprocess)
/ultralytics/zoo/dataset/coco128/images/train2017/000000000389.jpg | 24.418 ms (total, includes preprocess+inference+postprocess)
/ultralytics/zoo/dataset/coco128/images/train2017/000000000394.jpg | 25.315 ms (total, includes preprocess+inference+postprocess)
/ultralytics/zoo/dataset/coco128/images/train2017/000000000395.jpg | 25.323 ms (total, includes preprocess+inference+postprocess)
/ultralytics/zoo/dataset/coco128/images/train2017/000000000397.jpg | 24.460 ms (total, includes preprocess+inference+postprocess)
/ultralytics/zoo/dataset/coco128/images/train2017/000000000400.jpg | 25.461 ms (total, includes preprocess+inference+postprocess)
/ultralytics/zoo/dataset/coco128/images/train2017/000000000404.jpg | 24.456 ms (total, includes preprocess+inference+postprocess)
/ultralytics/zoo/dataset/coco128/images/train2017/000000000415.jpg | 30.385 ms (total, includes preprocess+inference+postprocess)
/ultralytics/zoo/dataset/coco128/images/train2017/000000000419.jpg | 29.803 ms (total, includes preprocess+inference+postprocess)
/ultralytics/zoo/dataset/coco128/images/train2017/000000000428.jpg | 23.742 ms (total, includes preprocess+inference+postprocess)
/ultralytics/zoo/dataset/coco128/images/train2017/000000000431.jpg | 30.509 ms (total, includes preprocess+inference+postprocess)
/ultralytics/zoo/dataset/coco128/images/train2017/000000000436.jpg | 30.382 ms (total, includes preprocess+inference+postprocess)
/ultralytics/zoo/dataset/coco128/images/train2017/000000000438.jpg | 25.137 ms (total, includes preprocess+inference+postprocess)
/ultralytics/zoo/dataset/coco128/images/train2017/000000000443.jpg | 31.159 ms (total, includes preprocess+inference+postprocess)
/ultralytics/zoo/dataset/coco128/images/train2017/000000000446.jpg | 27.565 ms (total, includes preprocess+inference+postprocess)
/ultralytics/zoo/dataset/coco128/images/train2017/000000000450.jpg | 25.174 ms (total, includes preprocess+inference+postprocess)
/ultralytics/zoo/dataset/coco128/images/train2017/000000000459.jpg | 30.318 ms (total, includes preprocess+inference+postprocess)
/ultralytics/zoo/dataset/coco128/images/train2017/000000000471.jpg | 31.224 ms (total, includes preprocess+inference+postprocess)
/ultralytics/zoo/dataset/coco128/images/train2017/000000000472.jpg | 26.658 ms (total, includes preprocess+inference+postprocess)
/ultralytics/zoo/dataset/coco128/images/train2017/000000000474.jpg | 29.748 ms (total, includes preprocess+inference+postprocess)
/ultralytics/zoo/dataset/coco128/images/train2017/000000000486.jpg | 28.205 ms (total, includes preprocess+inference+postprocess)
/ultralytics/zoo/dataset/coco128/images/train2017/000000000488.jpg | 25.409 ms (total, includes preprocess+inference+postprocess)
/ultralytics/zoo/dataset/coco128/images/train2017/000000000490.jpg | 33.673 ms (total, includes preprocess+inference+postprocess)
/ultralytics/zoo/dataset/coco128/images/train2017/000000000491.jpg | 31.263 ms (total, includes preprocess+inference+postprocess)
/ultralytics/zoo/dataset/coco128/images/train2017/000000000502.jpg | 29.324 ms (total, includes preprocess+inference+postprocess)
/ultralytics/zoo/dataset/coco128/images/train2017/000000000508.jpg | 28.496 ms (total, includes preprocess+inference+postprocess)
/ultralytics/zoo/dataset/coco128/images/train2017/000000000510.jpg | 33.767 ms (total, includes preprocess+inference+postprocess)
/ultralytics/zoo/dataset/coco128/images/train2017/000000000514.jpg | 26.661 ms (total, includes preprocess+inference+postprocess)
/ultralytics/zoo/dataset/coco128/images/train2017/000000000520.jpg | 35.036 ms (total, includes preprocess+inference+postprocess)
/ultralytics/zoo/dataset/coco128/images/train2017/000000000529.jpg | 26.703 ms (total, includes preprocess+inference+postprocess)
/ultralytics/zoo/dataset/coco128/images/train2017/000000000531.jpg | 33.278 ms (total, includes preprocess+inference+postprocess)
/ultralytics/zoo/dataset/coco128/images/train2017/000000000532.jpg | 28.200 ms (total, includes preprocess+inference+postprocess)
/ultralytics/zoo/dataset/coco128/images/train2017/000000000536.jpg | 27.513 ms (total, includes preprocess+inference+postprocess)
avg_total: 26.590 ms

[yolo11n-pose] dataset=/ultralytics/zoo/dataset/coco128/images/train2017 count=100 imgsz=640
Format: image_path | preprocess_ms | inference_ms | postprocess_ms | total_ms
/ultralytics/zoo/dataset/coco128/images/train2017/000000000009.jpg | 22.338 ms (total, includes preprocess+inference+postprocess)
/ultralytics/zoo/dataset/coco128/images/train2017/000000000025.jpg | 23.529 ms (total, includes preprocess+inference+postprocess)
/ultralytics/zoo/dataset/coco128/images/train2017/000000000030.jpg | 25.293 ms (total, includes preprocess+inference+postprocess)
/ultralytics/zoo/dataset/coco128/images/train2017/000000000034.jpg | 23.583 ms (total, includes preprocess+inference+postprocess)
/ultralytics/zoo/dataset/coco128/images/train2017/000000000036.jpg | 24.147 ms (total, includes preprocess+inference+postprocess)
/ultralytics/zoo/dataset/coco128/images/train2017/000000000042.jpg | 23.880 ms (total, includes preprocess+inference+postprocess)
/ultralytics/zoo/dataset/coco128/images/train2017/000000000049.jpg | 28.115 ms (total, includes preprocess+inference+postprocess)
/ultralytics/zoo/dataset/coco128/images/train2017/000000000061.jpg | 25.382 ms (total, includes preprocess+inference+postprocess)
/ultralytics/zoo/dataset/coco128/images/train2017/000000000064.jpg | 22.589 ms (total, includes preprocess+inference+postprocess)
/ultralytics/zoo/dataset/coco128/images/train2017/000000000071.jpg | 22.632 ms (total, includes preprocess+inference+postprocess)
/ultralytics/zoo/dataset/coco128/images/train2017/000000000072.jpg | 20.915 ms (total, includes preprocess+inference+postprocess)
/ultralytics/zoo/dataset/coco128/images/train2017/000000000073.jpg | 21.725 ms (total, includes preprocess+inference+postprocess)
/ultralytics/zoo/dataset/coco128/images/train2017/000000000074.jpg | 23.491 ms (total, includes preprocess+inference+postprocess)
/ultralytics/zoo/dataset/coco128/images/train2017/000000000077.jpg | 29.481 ms (total, includes preprocess+inference+postprocess)
/ultralytics/zoo/dataset/coco128/images/train2017/000000000078.jpg | 30.723 ms (total, includes preprocess+inference+postprocess)
/ultralytics/zoo/dataset/coco128/images/train2017/000000000081.jpg | 22.626 ms (total, includes preprocess+inference+postprocess)
/ultralytics/zoo/dataset/coco128/images/train2017/000000000086.jpg | 26.664 ms (total, includes preprocess+inference+postprocess)
/ultralytics/zoo/dataset/coco128/images/train2017/000000000089.jpg | 26.215 ms (total, includes preprocess+inference+postprocess)
/ultralytics/zoo/dataset/coco128/images/train2017/000000000092.jpg | 23.330 ms (total, includes preprocess+inference+postprocess)
/ultralytics/zoo/dataset/coco128/images/train2017/000000000094.jpg | 24.088 ms (total, includes preprocess+inference+postprocess)
/ultralytics/zoo/dataset/coco128/images/train2017/000000000109.jpg | 24.043 ms (total, includes preprocess+inference+postprocess)
/ultralytics/zoo/dataset/coco128/images/train2017/000000000110.jpg | 27.149 ms (total, includes preprocess+inference+postprocess)
/ultralytics/zoo/dataset/coco128/images/train2017/000000000113.jpg | 26.949 ms (total, includes preprocess+inference+postprocess)
/ultralytics/zoo/dataset/coco128/images/train2017/000000000127.jpg | 24.689 ms (total, includes preprocess+inference+postprocess)
/ultralytics/zoo/dataset/coco128/images/train2017/000000000133.jpg | 23.876 ms (total, includes preprocess+inference+postprocess)
/ultralytics/zoo/dataset/coco128/images/train2017/000000000136.jpg | 30.431 ms (total, includes preprocess+inference+postprocess)
/ultralytics/zoo/dataset/coco128/images/train2017/000000000138.jpg | 28.724 ms (total, includes preprocess+inference+postprocess)
/ultralytics/zoo/dataset/coco128/images/train2017/000000000142.jpg | 24.586 ms (total, includes preprocess+inference+postprocess)
/ultralytics/zoo/dataset/coco128/images/train2017/000000000143.jpg | 29.079 ms (total, includes preprocess+inference+postprocess)
/ultralytics/zoo/dataset/coco128/images/train2017/000000000144.jpg | 28.555 ms (total, includes preprocess+inference+postprocess)
/ultralytics/zoo/dataset/coco128/images/train2017/000000000149.jpg | 23.453 ms (total, includes preprocess+inference+postprocess)
/ultralytics/zoo/dataset/coco128/images/train2017/000000000151.jpg | 28.611 ms (total, includes preprocess+inference+postprocess)
/ultralytics/zoo/dataset/coco128/images/train2017/000000000154.jpg | 24.367 ms (total, includes preprocess+inference+postprocess)
/ultralytics/zoo/dataset/coco128/images/train2017/000000000164.jpg | 23.852 ms (total, includes preprocess+inference+postprocess)
/ultralytics/zoo/dataset/coco128/images/train2017/000000000165.jpg | 27.459 ms (total, includes preprocess+inference+postprocess)
/ultralytics/zoo/dataset/coco128/images/train2017/000000000192.jpg | 27.397 ms (total, includes preprocess+inference+postprocess)
/ultralytics/zoo/dataset/coco128/images/train2017/000000000194.jpg | 24.258 ms (total, includes preprocess+inference+postprocess)
/ultralytics/zoo/dataset/coco128/images/train2017/000000000196.jpg | 24.627 ms (total, includes preprocess+inference+postprocess)
/ultralytics/zoo/dataset/coco128/images/train2017/000000000201.jpg | 24.118 ms (total, includes preprocess+inference+postprocess)
/ultralytics/zoo/dataset/coco128/images/train2017/000000000208.jpg | 27.254 ms (total, includes preprocess+inference+postprocess)
/ultralytics/zoo/dataset/coco128/images/train2017/000000000241.jpg | 26.474 ms (total, includes preprocess+inference+postprocess)
/ultralytics/zoo/dataset/coco128/images/train2017/000000000247.jpg | 24.407 ms (total, includes preprocess+inference+postprocess)
/ultralytics/zoo/dataset/coco128/images/train2017/000000000250.jpg | 24.575 ms (total, includes preprocess+inference+postprocess)
/ultralytics/zoo/dataset/coco128/images/train2017/000000000257.jpg | 27.590 ms (total, includes preprocess+inference+postprocess)
/ultralytics/zoo/dataset/coco128/images/train2017/000000000260.jpg | 29.715 ms (total, includes preprocess+inference+postprocess)
/ultralytics/zoo/dataset/coco128/images/train2017/000000000263.jpg | 25.229 ms (total, includes preprocess+inference+postprocess)
/ultralytics/zoo/dataset/coco128/images/train2017/000000000283.jpg | 24.247 ms (total, includes preprocess+inference+postprocess)
/ultralytics/zoo/dataset/coco128/images/train2017/000000000294.jpg | 26.668 ms (total, includes preprocess+inference+postprocess)
/ultralytics/zoo/dataset/coco128/images/train2017/000000000307.jpg | 25.917 ms (total, includes preprocess+inference+postprocess)
/ultralytics/zoo/dataset/coco128/images/train2017/000000000308.jpg | 27.348 ms (total, includes preprocess+inference+postprocess)
/ultralytics/zoo/dataset/coco128/images/train2017/000000000309.jpg | 32.679 ms (total, includes preprocess+inference+postprocess)
/ultralytics/zoo/dataset/coco128/images/train2017/000000000312.jpg | 24.515 ms (total, includes preprocess+inference+postprocess)
/ultralytics/zoo/dataset/coco128/images/train2017/000000000315.jpg | 27.123 ms (total, includes preprocess+inference+postprocess)
/ultralytics/zoo/dataset/coco128/images/train2017/000000000321.jpg | 24.268 ms (total, includes preprocess+inference+postprocess)
/ultralytics/zoo/dataset/coco128/images/train2017/000000000322.jpg | 26.478 ms (total, includes preprocess+inference+postprocess)
/ultralytics/zoo/dataset/coco128/images/train2017/000000000326.jpg | 25.602 ms (total, includes preprocess+inference+postprocess)
/ultralytics/zoo/dataset/coco128/images/train2017/000000000328.jpg | 27.075 ms (total, includes preprocess+inference+postprocess)
/ultralytics/zoo/dataset/coco128/images/train2017/000000000332.jpg | 24.055 ms (total, includes preprocess+inference+postprocess)
/ultralytics/zoo/dataset/coco128/images/train2017/000000000338.jpg | 26.063 ms (total, includes preprocess+inference+postprocess)
/ultralytics/zoo/dataset/coco128/images/train2017/000000000349.jpg | 24.229 ms (total, includes preprocess+inference+postprocess)
/ultralytics/zoo/dataset/coco128/images/train2017/000000000357.jpg | 25.666 ms (total, includes preprocess+inference+postprocess)
/ultralytics/zoo/dataset/coco128/images/train2017/000000000359.jpg | 26.635 ms (total, includes preprocess+inference+postprocess)
/ultralytics/zoo/dataset/coco128/images/train2017/000000000360.jpg | 27.269 ms (total, includes preprocess+inference+postprocess)
/ultralytics/zoo/dataset/coco128/images/train2017/000000000368.jpg | 28.915 ms (total, includes preprocess+inference+postprocess)
/ultralytics/zoo/dataset/coco128/images/train2017/000000000370.jpg | 26.783 ms (total, includes preprocess+inference+postprocess)
/ultralytics/zoo/dataset/coco128/images/train2017/000000000382.jpg | 26.322 ms (total, includes preprocess+inference+postprocess)
/ultralytics/zoo/dataset/coco128/images/train2017/000000000384.jpg | 23.873 ms (total, includes preprocess+inference+postprocess)
/ultralytics/zoo/dataset/coco128/images/train2017/000000000387.jpg | 26.904 ms (total, includes preprocess+inference+postprocess)
/ultralytics/zoo/dataset/coco128/images/train2017/000000000389.jpg | 27.006 ms (total, includes preprocess+inference+postprocess)
/ultralytics/zoo/dataset/coco128/images/train2017/000000000394.jpg | 26.334 ms (total, includes preprocess+inference+postprocess)
/ultralytics/zoo/dataset/coco128/images/train2017/000000000395.jpg | 27.470 ms (total, includes preprocess+inference+postprocess)
/ultralytics/zoo/dataset/coco128/images/train2017/000000000397.jpg | 26.548 ms (total, includes preprocess+inference+postprocess)
/ultralytics/zoo/dataset/coco128/images/train2017/000000000400.jpg | 25.390 ms (total, includes preprocess+inference+postprocess)
/ultralytics/zoo/dataset/coco128/images/train2017/000000000404.jpg | 23.607 ms (total, includes preprocess+inference+postprocess)
/ultralytics/zoo/dataset/coco128/images/train2017/000000000415.jpg | 26.200 ms (total, includes preprocess+inference+postprocess)
/ultralytics/zoo/dataset/coco128/images/train2017/000000000419.jpg | 27.235 ms (total, includes preprocess+inference+postprocess)
/ultralytics/zoo/dataset/coco128/images/train2017/000000000428.jpg | 25.707 ms (total, includes preprocess+inference+postprocess)
/ultralytics/zoo/dataset/coco128/images/train2017/000000000431.jpg | 26.880 ms (total, includes preprocess+inference+postprocess)
/ultralytics/zoo/dataset/coco128/images/train2017/000000000436.jpg | 26.904 ms (total, includes preprocess+inference+postprocess)
/ultralytics/zoo/dataset/coco128/images/train2017/000000000438.jpg | 24.716 ms (total, includes preprocess+inference+postprocess)
/ultralytics/zoo/dataset/coco128/images/train2017/000000000443.jpg | 26.912 ms (total, includes preprocess+inference+postprocess)
/ultralytics/zoo/dataset/coco128/images/train2017/000000000446.jpg | 27.537 ms (total, includes preprocess+inference+postprocess)
/ultralytics/zoo/dataset/coco128/images/train2017/000000000450.jpg | 24.864 ms (total, includes preprocess+inference+postprocess)
/ultralytics/zoo/dataset/coco128/images/train2017/000000000459.jpg | 27.388 ms (total, includes preprocess+inference+postprocess)
/ultralytics/zoo/dataset/coco128/images/train2017/000000000471.jpg | 23.732 ms (total, includes preprocess+inference+postprocess)
/ultralytics/zoo/dataset/coco128/images/train2017/000000000472.jpg | 22.115 ms (total, includes preprocess+inference+postprocess)
/ultralytics/zoo/dataset/coco128/images/train2017/000000000474.jpg | 30.494 ms (total, includes preprocess+inference+postprocess)
/ultralytics/zoo/dataset/coco128/images/train2017/000000000486.jpg | 24.454 ms (total, includes preprocess+inference+postprocess)
/ultralytics/zoo/dataset/coco128/images/train2017/000000000488.jpg | 26.889 ms (total, includes preprocess+inference+postprocess)
/ultralytics/zoo/dataset/coco128/images/train2017/000000000490.jpg | 29.346 ms (total, includes preprocess+inference+postprocess)
/ultralytics/zoo/dataset/coco128/images/train2017/000000000491.jpg | 26.054 ms (total, includes preprocess+inference+postprocess)
/ultralytics/zoo/dataset/coco128/images/train2017/000000000502.jpg | 24.843 ms (total, includes preprocess+inference+postprocess)
/ultralytics/zoo/dataset/coco128/images/train2017/000000000508.jpg | 24.101 ms (total, includes preprocess+inference+postprocess)
/ultralytics/zoo/dataset/coco128/images/train2017/000000000510.jpg | 27.834 ms (total, includes preprocess+inference+postprocess)
/ultralytics/zoo/dataset/coco128/images/train2017/000000000514.jpg | 24.266 ms (total, includes preprocess+inference+postprocess)
/ultralytics/zoo/dataset/coco128/images/train2017/000000000520.jpg | 24.450 ms (total, includes preprocess+inference+postprocess)
/ultralytics/zoo/dataset/coco128/images/train2017/000000000529.jpg | 28.055 ms (total, includes preprocess+inference+postprocess)
/ultralytics/zoo/dataset/coco128/images/train2017/000000000531.jpg | 27.468 ms (total, includes preprocess+inference+postprocess)
/ultralytics/zoo/dataset/coco128/images/train2017/000000000532.jpg | 28.275 ms (total, includes preprocess+inference+postprocess)
/ultralytics/zoo/dataset/coco128/images/train2017/000000000536.jpg | 29.702 ms (total, includes preprocess+inference+postprocess)
avg_total: 25.936 ms

[yolo11n-seg] dataset=/ultralytics/zoo/dataset/coco128/images/train2017 count=100 imgsz=640
Format: image_path | preprocess_ms | inference_ms | postprocess_ms | total_ms
/ultralytics/zoo/dataset/coco128/images/train2017/000000000009.jpg | 28.038 ms (total, includes preprocess+inference+postprocess)
/ultralytics/zoo/dataset/coco128/images/train2017/000000000025.jpg | 25.048 ms (total, includes preprocess+inference+postprocess)
/ultralytics/zoo/dataset/coco128/images/train2017/000000000030.jpg | 27.199 ms (total, includes preprocess+inference+postprocess)
/ultralytics/zoo/dataset/coco128/images/train2017/000000000034.jpg | 32.177 ms (total, includes preprocess+inference+postprocess)
/ultralytics/zoo/dataset/coco128/images/train2017/000000000036.jpg | 30.862 ms (total, includes preprocess+inference+postprocess)
/ultralytics/zoo/dataset/coco128/images/train2017/000000000042.jpg | 28.757 ms (total, includes preprocess+inference+postprocess)
/ultralytics/zoo/dataset/coco128/images/train2017/000000000049.jpg | 40.748 ms (total, includes preprocess+inference+postprocess)
/ultralytics/zoo/dataset/coco128/images/train2017/000000000061.jpg | 34.849 ms (total, includes preprocess+inference+postprocess)
/ultralytics/zoo/dataset/coco128/images/train2017/000000000064.jpg | 32.354 ms (total, includes preprocess+inference+postprocess)
/ultralytics/zoo/dataset/coco128/images/train2017/000000000071.jpg | 30.270 ms (total, includes preprocess+inference+postprocess)
/ultralytics/zoo/dataset/coco128/images/train2017/000000000072.jpg | 31.018 ms (total, includes preprocess+inference+postprocess)
/ultralytics/zoo/dataset/coco128/images/train2017/000000000073.jpg | 33.267 ms (total, includes preprocess+inference+postprocess)
/ultralytics/zoo/dataset/coco128/images/train2017/000000000074.jpg | 32.936 ms (total, includes preprocess+inference+postprocess)
/ultralytics/zoo/dataset/coco128/images/train2017/000000000077.jpg | 36.934 ms (total, includes preprocess+inference+postprocess)
/ultralytics/zoo/dataset/coco128/images/train2017/000000000078.jpg | 38.641 ms (total, includes preprocess+inference+postprocess)
/ultralytics/zoo/dataset/coco128/images/train2017/000000000081.jpg | 29.512 ms (total, includes preprocess+inference+postprocess)
/ultralytics/zoo/dataset/coco128/images/train2017/000000000086.jpg | 31.180 ms (total, includes preprocess+inference+postprocess)
/ultralytics/zoo/dataset/coco128/images/train2017/000000000089.jpg | 33.093 ms (total, includes preprocess+inference+postprocess)
/ultralytics/zoo/dataset/coco128/images/train2017/000000000092.jpg | 30.537 ms (total, includes preprocess+inference+postprocess)
/ultralytics/zoo/dataset/coco128/images/train2017/000000000094.jpg | 31.386 ms (total, includes preprocess+inference+postprocess)
/ultralytics/zoo/dataset/coco128/images/train2017/000000000109.jpg | 34.000 ms (total, includes preprocess+inference+postprocess)
/ultralytics/zoo/dataset/coco128/images/train2017/000000000110.jpg | 51.486 ms (total, includes preprocess+inference+postprocess)
/ultralytics/zoo/dataset/coco128/images/train2017/000000000113.jpg | 34.185 ms (total, includes preprocess+inference+postprocess)
/ultralytics/zoo/dataset/coco128/images/train2017/000000000127.jpg | 32.861 ms (total, includes preprocess+inference+postprocess)
/ultralytics/zoo/dataset/coco128/images/train2017/000000000133.jpg | 31.572 ms (total, includes preprocess+inference+postprocess)
/ultralytics/zoo/dataset/coco128/images/train2017/000000000136.jpg | 35.035 ms (total, includes preprocess+inference+postprocess)
/ultralytics/zoo/dataset/coco128/images/train2017/000000000138.jpg | 34.853 ms (total, includes preprocess+inference+postprocess)
/ultralytics/zoo/dataset/coco128/images/train2017/000000000142.jpg | 32.874 ms (total, includes preprocess+inference+postprocess)
/ultralytics/zoo/dataset/coco128/images/train2017/000000000143.jpg | 40.453 ms (total, includes preprocess+inference+postprocess)
/ultralytics/zoo/dataset/coco128/images/train2017/000000000144.jpg | 34.101 ms (total, includes preprocess+inference+postprocess)
/ultralytics/zoo/dataset/coco128/images/train2017/000000000149.jpg | 35.255 ms (total, includes preprocess+inference+postprocess)
/ultralytics/zoo/dataset/coco128/images/train2017/000000000151.jpg | 34.142 ms (total, includes preprocess+inference+postprocess)
/ultralytics/zoo/dataset/coco128/images/train2017/000000000154.jpg | 32.402 ms (total, includes preprocess+inference+postprocess)
/ultralytics/zoo/dataset/coco128/images/train2017/000000000164.jpg | 32.531 ms (total, includes preprocess+inference+postprocess)
/ultralytics/zoo/dataset/coco128/images/train2017/000000000165.jpg | 32.063 ms (total, includes preprocess+inference+postprocess)
/ultralytics/zoo/dataset/coco128/images/train2017/000000000192.jpg | 32.250 ms (total, includes preprocess+inference+postprocess)
/ultralytics/zoo/dataset/coco128/images/train2017/000000000194.jpg | 31.663 ms (total, includes preprocess+inference+postprocess)
/ultralytics/zoo/dataset/coco128/images/train2017/000000000196.jpg | 58.632 ms (total, includes preprocess+inference+postprocess)
/ultralytics/zoo/dataset/coco128/images/train2017/000000000201.jpg | 31.883 ms (total, includes preprocess+inference+postprocess)
/ultralytics/zoo/dataset/coco128/images/train2017/000000000208.jpg | 31.333 ms (total, includes preprocess+inference+postprocess)
/ultralytics/zoo/dataset/coco128/images/train2017/000000000241.jpg | 33.818 ms (total, includes preprocess+inference+postprocess)
/ultralytics/zoo/dataset/coco128/images/train2017/000000000247.jpg | 31.171 ms (total, includes preprocess+inference+postprocess)
/ultralytics/zoo/dataset/coco128/images/train2017/000000000250.jpg | 25.932 ms (total, includes preprocess+inference+postprocess)
/ultralytics/zoo/dataset/coco128/images/train2017/000000000257.jpg | 39.583 ms (total, includes preprocess+inference+postprocess)
/ultralytics/zoo/dataset/coco128/images/train2017/000000000260.jpg | 36.347 ms (total, includes preprocess+inference+postprocess)
/ultralytics/zoo/dataset/coco128/images/train2017/000000000263.jpg | 33.466 ms (total, includes preprocess+inference+postprocess)
/ultralytics/zoo/dataset/coco128/images/train2017/000000000283.jpg | 32.326 ms (total, includes preprocess+inference+postprocess)
/ultralytics/zoo/dataset/coco128/images/train2017/000000000294.jpg | 32.468 ms (total, includes preprocess+inference+postprocess)
/ultralytics/zoo/dataset/coco128/images/train2017/000000000307.jpg | 33.800 ms (total, includes preprocess+inference+postprocess)
/ultralytics/zoo/dataset/coco128/images/train2017/000000000308.jpg | 36.877 ms (total, includes preprocess+inference+postprocess)
/ultralytics/zoo/dataset/coco128/images/train2017/000000000309.jpg | 41.173 ms (total, includes preprocess+inference+postprocess)
/ultralytics/zoo/dataset/coco128/images/train2017/000000000312.jpg | 33.446 ms (total, includes preprocess+inference+postprocess)
/ultralytics/zoo/dataset/coco128/images/train2017/000000000315.jpg | 38.766 ms (total, includes preprocess+inference+postprocess)
/ultralytics/zoo/dataset/coco128/images/train2017/000000000321.jpg | 32.189 ms (total, includes preprocess+inference+postprocess)
/ultralytics/zoo/dataset/coco128/images/train2017/000000000322.jpg | 32.413 ms (total, includes preprocess+inference+postprocess)
/ultralytics/zoo/dataset/coco128/images/train2017/000000000326.jpg | 30.756 ms (total, includes preprocess+inference+postprocess)
/ultralytics/zoo/dataset/coco128/images/train2017/000000000328.jpg | 32.775 ms (total, includes preprocess+inference+postprocess)
/ultralytics/zoo/dataset/coco128/images/train2017/000000000332.jpg | 34.309 ms (total, includes preprocess+inference+postprocess)
/ultralytics/zoo/dataset/coco128/images/train2017/000000000338.jpg | 31.263 ms (total, includes preprocess+inference+postprocess)
/ultralytics/zoo/dataset/coco128/images/train2017/000000000349.jpg | 31.612 ms (total, includes preprocess+inference+postprocess)
/ultralytics/zoo/dataset/coco128/images/train2017/000000000357.jpg | 31.715 ms (total, includes preprocess+inference+postprocess)
/ultralytics/zoo/dataset/coco128/images/train2017/000000000359.jpg | 35.670 ms (total, includes preprocess+inference+postprocess)
/ultralytics/zoo/dataset/coco128/images/train2017/000000000360.jpg | 35.097 ms (total, includes preprocess+inference+postprocess)
/ultralytics/zoo/dataset/coco128/images/train2017/000000000368.jpg | 36.337 ms (total, includes preprocess+inference+postprocess)
/ultralytics/zoo/dataset/coco128/images/train2017/000000000370.jpg | 30.503 ms (total, includes preprocess+inference+postprocess)
/ultralytics/zoo/dataset/coco128/images/train2017/000000000382.jpg | 30.396 ms (total, includes preprocess+inference+postprocess)
/ultralytics/zoo/dataset/coco128/images/train2017/000000000384.jpg | 32.676 ms (total, includes preprocess+inference+postprocess)
/ultralytics/zoo/dataset/coco128/images/train2017/000000000387.jpg | 31.393 ms (total, includes preprocess+inference+postprocess)
/ultralytics/zoo/dataset/coco128/images/train2017/000000000389.jpg | 34.214 ms (total, includes preprocess+inference+postprocess)
/ultralytics/zoo/dataset/coco128/images/train2017/000000000394.jpg | 33.053 ms (total, includes preprocess+inference+postprocess)
/ultralytics/zoo/dataset/coco128/images/train2017/000000000395.jpg | 33.879 ms (total, includes preprocess+inference+postprocess)
/ultralytics/zoo/dataset/coco128/images/train2017/000000000397.jpg | 31.810 ms (total, includes preprocess+inference+postprocess)
/ultralytics/zoo/dataset/coco128/images/train2017/000000000400.jpg | 32.676 ms (total, includes preprocess+inference+postprocess)
/ultralytics/zoo/dataset/coco128/images/train2017/000000000404.jpg | 30.536 ms (total, includes preprocess+inference+postprocess)
/ultralytics/zoo/dataset/coco128/images/train2017/000000000415.jpg | 30.116 ms (total, includes preprocess+inference+postprocess)
/ultralytics/zoo/dataset/coco128/images/train2017/000000000419.jpg | 31.471 ms (total, includes preprocess+inference+postprocess)
/ultralytics/zoo/dataset/coco128/images/train2017/000000000428.jpg | 29.803 ms (total, includes preprocess+inference+postprocess)
/ultralytics/zoo/dataset/coco128/images/train2017/000000000431.jpg | 27.794 ms (total, includes preprocess+inference+postprocess)
/ultralytics/zoo/dataset/coco128/images/train2017/000000000436.jpg | 29.594 ms (total, includes preprocess+inference+postprocess)
/ultralytics/zoo/dataset/coco128/images/train2017/000000000438.jpg | 37.921 ms (total, includes preprocess+inference+postprocess)
/ultralytics/zoo/dataset/coco128/images/train2017/000000000443.jpg | 32.133 ms (total, includes preprocess+inference+postprocess)
/ultralytics/zoo/dataset/coco128/images/train2017/000000000446.jpg | 31.665 ms (total, includes preprocess+inference+postprocess)
/ultralytics/zoo/dataset/coco128/images/train2017/000000000450.jpg | 33.320 ms (total, includes preprocess+inference+postprocess)
/ultralytics/zoo/dataset/coco128/images/train2017/000000000459.jpg | 31.203 ms (total, includes preprocess+inference+postprocess)
/ultralytics/zoo/dataset/coco128/images/train2017/000000000471.jpg | 30.084 ms (total, includes preprocess+inference+postprocess)
/ultralytics/zoo/dataset/coco128/images/train2017/000000000472.jpg | 28.664 ms (total, includes preprocess+inference+postprocess)
/ultralytics/zoo/dataset/coco128/images/train2017/000000000474.jpg | 33.958 ms (total, includes preprocess+inference+postprocess)
/ultralytics/zoo/dataset/coco128/images/train2017/000000000486.jpg | 30.532 ms (total, includes preprocess+inference+postprocess)
/ultralytics/zoo/dataset/coco128/images/train2017/000000000488.jpg | 32.455 ms (total, includes preprocess+inference+postprocess)
/ultralytics/zoo/dataset/coco128/images/train2017/000000000490.jpg | 36.733 ms (total, includes preprocess+inference+postprocess)
/ultralytics/zoo/dataset/coco128/images/train2017/000000000491.jpg | 33.471 ms (total, includes preprocess+inference+postprocess)
/ultralytics/zoo/dataset/coco128/images/train2017/000000000502.jpg | 31.073 ms (total, includes preprocess+inference+postprocess)
/ultralytics/zoo/dataset/coco128/images/train2017/000000000508.jpg | 24.753 ms (total, includes preprocess+inference+postprocess)
/ultralytics/zoo/dataset/coco128/images/train2017/000000000510.jpg | 31.569 ms (total, includes preprocess+inference+postprocess)
/ultralytics/zoo/dataset/coco128/images/train2017/000000000514.jpg | 30.407 ms (total, includes preprocess+inference+postprocess)
/ultralytics/zoo/dataset/coco128/images/train2017/000000000520.jpg | 32.501 ms (total, includes preprocess+inference+postprocess)
/ultralytics/zoo/dataset/coco128/images/train2017/000000000529.jpg | 29.115 ms (total, includes preprocess+inference+postprocess)
/ultralytics/zoo/dataset/coco128/images/train2017/000000000531.jpg | 34.662 ms (total, includes preprocess+inference+postprocess)
/ultralytics/zoo/dataset/coco128/images/train2017/000000000532.jpg | 32.465 ms (total, includes preprocess+inference+postprocess)
/ultralytics/zoo/dataset/coco128/images/train2017/000000000536.jpg | 34.381 ms (total, includes preprocess+inference+postprocess)
avg_total: 33.087 ms

[yolo11n-obb] dataset=/ultralytics/zoo/dataset/DOTA100/images count=100 imgsz=640
Format: image_path | preprocess_ms | inference_ms | postprocess_ms | total_ms
/ultralytics/zoo/dataset/DOTA100/images/train/000000000025.jpg | 26.257 ms (total, includes preprocess+inference+postprocess)
/ultralytics/zoo/dataset/DOTA100/images/train/000000000034.jpg | 20.324 ms (total, includes preprocess+inference+postprocess)
/ultralytics/zoo/dataset/DOTA100/images/train/000000000036.jpg | 19.569 ms (total, includes preprocess+inference+postprocess)
/ultralytics/zoo/dataset/DOTA100/images/train/000000000042.jpg | 25.896 ms (total, includes preprocess+inference+postprocess)
/ultralytics/zoo/dataset/DOTA100/images/train/000000000064.jpg | 27.581 ms (total, includes preprocess+inference+postprocess)
/ultralytics/zoo/dataset/DOTA100/images/train/000000000071.jpg | 27.452 ms (total, includes preprocess+inference+postprocess)
/ultralytics/zoo/dataset/DOTA100/images/train/000000000073.jpg | 23.856 ms (total, includes preprocess+inference+postprocess)
/ultralytics/zoo/dataset/DOTA100/images/train/000000000074.jpg | 27.695 ms (total, includes preprocess+inference+postprocess)
/ultralytics/zoo/dataset/DOTA100/images/train/000000000078.jpg | 34.195 ms (total, includes preprocess+inference+postprocess)
/ultralytics/zoo/dataset/DOTA100/images/train/000000000089.jpg | 21.349 ms (total, includes preprocess+inference+postprocess)
/ultralytics/zoo/dataset/DOTA100/images/train/000000000094.jpg | 22.714 ms (total, includes preprocess+inference+postprocess)
/ultralytics/zoo/dataset/DOTA100/images/train/000000000110.jpg | 23.089 ms (total, includes preprocess+inference+postprocess)
/ultralytics/zoo/dataset/DOTA100/images/train/000000000136.jpg | 25.643 ms (total, includes preprocess+inference+postprocess)
/ultralytics/zoo/dataset/DOTA100/images/train/000000000138.jpg | 23.788 ms (total, includes preprocess+inference+postprocess)
/ultralytics/zoo/dataset/DOTA100/images/train/000000000142.jpg | 29.957 ms (total, includes preprocess+inference+postprocess)
/ultralytics/zoo/dataset/DOTA100/images/train/000000000143.jpg | 28.156 ms (total, includes preprocess+inference+postprocess)
/ultralytics/zoo/dataset/DOTA100/images/train/000000000151.jpg | 24.097 ms (total, includes preprocess+inference+postprocess)
/ultralytics/zoo/dataset/DOTA100/images/train/000000000154.jpg | 23.283 ms (total, includes preprocess+inference+postprocess)
/ultralytics/zoo/dataset/DOTA100/images/train/000000000164.jpg | 23.066 ms (total, includes preprocess+inference+postprocess)
/ultralytics/zoo/dataset/DOTA100/images/train/000000000196.jpg | 31.170 ms (total, includes preprocess+inference+postprocess)
/ultralytics/zoo/dataset/DOTA100/images/train/000000000208.jpg | 23.149 ms (total, includes preprocess+inference+postprocess)
/ultralytics/zoo/dataset/DOTA100/images/train/000000000241.jpg | 30.282 ms (total, includes preprocess+inference+postprocess)
/ultralytics/zoo/dataset/DOTA100/images/train/000000000247.jpg | 22.837 ms (total, includes preprocess+inference+postprocess)
/ultralytics/zoo/dataset/DOTA100/images/train/000000000260.jpg | 25.253 ms (total, includes preprocess+inference+postprocess)
/ultralytics/zoo/dataset/DOTA100/images/train/000000000294.jpg | 30.325 ms (total, includes preprocess+inference+postprocess)
/ultralytics/zoo/dataset/DOTA100/images/train/000000000308.jpg | 23.761 ms (total, includes preprocess+inference+postprocess)
/ultralytics/zoo/dataset/DOTA100/images/train/000000000309.jpg | 30.718 ms (total, includes preprocess+inference+postprocess)
/ultralytics/zoo/dataset/DOTA100/images/train/000000000312.jpg | 23.881 ms (total, includes preprocess+inference+postprocess)
/ultralytics/zoo/dataset/DOTA100/images/train/000000000321.jpg | 23.224 ms (total, includes preprocess+inference+postprocess)
/ultralytics/zoo/dataset/DOTA100/images/train/000000000322.jpg | 30.469 ms (total, includes preprocess+inference+postprocess)
/ultralytics/zoo/dataset/DOTA100/images/train/000000000326.jpg | 22.531 ms (total, includes preprocess+inference+postprocess)
/ultralytics/zoo/dataset/DOTA100/images/train/000000000328.jpg | 30.736 ms (total, includes preprocess+inference+postprocess)
/ultralytics/zoo/dataset/DOTA100/images/train/000000000338.jpg | 22.480 ms (total, includes preprocess+inference+postprocess)
/ultralytics/zoo/dataset/DOTA100/images/train/000000000357.jpg | 21.914 ms (total, includes preprocess+inference+postprocess)
/ultralytics/zoo/dataset/DOTA100/images/train/000000000360.jpg | 27.071 ms (total, includes preprocess+inference+postprocess)
/ultralytics/zoo/dataset/DOTA100/images/train/000000000368.jpg | 26.090 ms (total, includes preprocess+inference+postprocess)
/ultralytics/zoo/dataset/DOTA100/images/train/000000000382.jpg | 24.104 ms (total, includes preprocess+inference+postprocess)
/ultralytics/zoo/dataset/DOTA100/images/train/000000000387.jpg | 32.060 ms (total, includes preprocess+inference+postprocess)
/ultralytics/zoo/dataset/DOTA100/images/train/000000000389.jpg | 31.127 ms (total, includes preprocess+inference+postprocess)
/ultralytics/zoo/dataset/DOTA100/images/train/000000000395.jpg | 24.068 ms (total, includes preprocess+inference+postprocess)
/ultralytics/zoo/dataset/DOTA100/images/train/000000000400.jpg | 24.892 ms (total, includes preprocess+inference+postprocess)
/ultralytics/zoo/dataset/DOTA100/images/train/000000000404.jpg | 23.408 ms (total, includes preprocess+inference+postprocess)
/ultralytics/zoo/dataset/DOTA100/images/train/000000000415.jpg | 31.913 ms (total, includes preprocess+inference+postprocess)
/ultralytics/zoo/dataset/DOTA100/images/train/000000000419.jpg | 25.295 ms (total, includes preprocess+inference+postprocess)
/ultralytics/zoo/dataset/DOTA100/images/train/000000000431.jpg | 23.233 ms (total, includes preprocess+inference+postprocess)
/ultralytics/zoo/dataset/DOTA100/images/train/000000000436.jpg | 23.423 ms (total, includes preprocess+inference+postprocess)
/ultralytics/zoo/dataset/DOTA100/images/train/000000000438.jpg | 32.223 ms (total, includes preprocess+inference+postprocess)
/ultralytics/zoo/dataset/DOTA100/images/train/000000000443.jpg | 24.158 ms (total, includes preprocess+inference+postprocess)
/ultralytics/zoo/dataset/DOTA100/images/train/000000000450.jpg | 24.113 ms (total, includes preprocess+inference+postprocess)
/ultralytics/zoo/dataset/DOTA100/images/train/000000000459.jpg | 31.514 ms (total, includes preprocess+inference+postprocess)
/ultralytics/zoo/dataset/DOTA100/images/train/000000000471.jpg | 23.245 ms (total, includes preprocess+inference+postprocess)
/ultralytics/zoo/dataset/DOTA100/images/train/000000000472.jpg | 21.637 ms (total, includes preprocess+inference+postprocess)
/ultralytics/zoo/dataset/DOTA100/images/train/000000000488.jpg | 23.552 ms (total, includes preprocess+inference+postprocess)
/ultralytics/zoo/dataset/DOTA100/images/train/000000000491.jpg | 34.652 ms (total, includes preprocess+inference+postprocess)
/ultralytics/zoo/dataset/DOTA100/images/train/000000000502.jpg | 25.069 ms (total, includes preprocess+inference+postprocess)
/ultralytics/zoo/dataset/DOTA100/images/train/000000000508.jpg | 23.742 ms (total, includes preprocess+inference+postprocess)
/ultralytics/zoo/dataset/DOTA100/images/train/000000000520.jpg | 32.490 ms (total, includes preprocess+inference+postprocess)
/ultralytics/zoo/dataset/DOTA100/images/train/000000000529.jpg | 24.474 ms (total, includes preprocess+inference+postprocess)
/ultralytics/zoo/dataset/DOTA100/images/train/000000000531.jpg | 23.701 ms (total, includes preprocess+inference+postprocess)
/ultralytics/zoo/dataset/DOTA100/images/train/000000000540.jpg | 32.231 ms (total, includes preprocess+inference+postprocess)
/ultralytics/zoo/dataset/DOTA100/images/train/000000000544.jpg | 31.817 ms (total, includes preprocess+inference+postprocess)
/ultralytics/zoo/dataset/DOTA100/images/train/000000000560.jpg | 33.059 ms (total, includes preprocess+inference+postprocess)
/ultralytics/zoo/dataset/DOTA100/images/train/000000000562.jpg | 22.847 ms (total, includes preprocess+inference+postprocess)
/ultralytics/zoo/dataset/DOTA100/images/train/000000000564.jpg | 31.257 ms (total, includes preprocess+inference+postprocess)
/ultralytics/zoo/dataset/DOTA100/images/train/000000000572.jpg | 22.958 ms (total, includes preprocess+inference+postprocess)
/ultralytics/zoo/dataset/DOTA100/images/train/000000000575.jpg | 26.266 ms (total, includes preprocess+inference+postprocess)
/ultralytics/zoo/dataset/DOTA100/images/train/000000000581.jpg | 28.310 ms (total, includes preprocess+inference+postprocess)
/ultralytics/zoo/dataset/DOTA100/images/train/000000000584.jpg | 23.103 ms (total, includes preprocess+inference+postprocess)
/ultralytics/zoo/dataset/DOTA100/images/train/000000000590.jpg | 27.578 ms (total, includes preprocess+inference+postprocess)
/ultralytics/zoo/dataset/DOTA100/images/train/000000000595.jpg | 24.249 ms (total, includes preprocess+inference+postprocess)
/ultralytics/zoo/dataset/DOTA100/images/train/000000000597.jpg | 21.895 ms (total, includes preprocess+inference+postprocess)
/ultralytics/zoo/dataset/DOTA100/images/train/000000000599.jpg | 30.690 ms (total, includes preprocess+inference+postprocess)
/ultralytics/zoo/dataset/DOTA100/images/train/000000000620.jpg | 23.584 ms (total, includes preprocess+inference+postprocess)
/ultralytics/zoo/dataset/DOTA100/images/train/000000000625.jpg | 23.937 ms (total, includes preprocess+inference+postprocess)
/ultralytics/zoo/dataset/DOTA100/images/train/000000000626.jpg | 30.920 ms (total, includes preprocess+inference+postprocess)
/ultralytics/zoo/dataset/DOTA100/images/train/000000000629.jpg | 24.227 ms (total, includes preprocess+inference+postprocess)
/ultralytics/zoo/dataset/DOTA100/images/train/000000000636.jpg | 30.562 ms (total, includes preprocess+inference+postprocess)
/ultralytics/zoo/dataset/DOTA100/images/train/000000000641.jpg | 23.937 ms (total, includes preprocess+inference+postprocess)
/ultralytics/zoo/dataset/DOTA100/images/train/000000000643.jpg | 33.416 ms (total, includes preprocess+inference+postprocess)
/ultralytics/zoo/dataset/DOTA100/images/train/000000000650.jpg | 22.819 ms (total, includes preprocess+inference+postprocess)
/ultralytics/zoo/dataset/DOTA100/images/val/000000000009.jpg | 23.601 ms (total, includes preprocess+inference+postprocess)
/ultralytics/zoo/dataset/DOTA100/images/val/000000000049.jpg | 27.104 ms (total, includes preprocess+inference+postprocess)
/ultralytics/zoo/dataset/DOTA100/images/val/000000000077.jpg | 26.606 ms (total, includes preprocess+inference+postprocess)
/ultralytics/zoo/dataset/DOTA100/images/val/000000000133.jpg | 23.265 ms (total, includes preprocess+inference+postprocess)
/ultralytics/zoo/dataset/DOTA100/images/val/000000000144.jpg | 32.206 ms (total, includes preprocess+inference+postprocess)
/ultralytics/zoo/dataset/DOTA100/images/val/000000000201.jpg | 29.771 ms (total, includes preprocess+inference+postprocess)
/ultralytics/zoo/dataset/DOTA100/images/val/000000000263.jpg | 24.127 ms (total, includes preprocess+inference+postprocess)
/ultralytics/zoo/dataset/DOTA100/images/val/000000000315.jpg | 23.142 ms (total, includes preprocess+inference+postprocess)
/ultralytics/zoo/dataset/DOTA100/images/val/000000000332.jpg | 23.577 ms (total, includes preprocess+inference+postprocess)
/ultralytics/zoo/dataset/DOTA100/images/val/000000000370.jpg | 23.315 ms (total, includes preprocess+inference+postprocess)
/ultralytics/zoo/dataset/DOTA100/images/val/000000000397.jpg | 31.173 ms (total, includes preprocess+inference+postprocess)
/ultralytics/zoo/dataset/DOTA100/images/val/000000000428.jpg | 22.495 ms (total, includes preprocess+inference+postprocess)
/ultralytics/zoo/dataset/DOTA100/images/val/000000000446.jpg | 23.388 ms (total, includes preprocess+inference+postprocess)
/ultralytics/zoo/dataset/DOTA100/images/val/000000000474.jpg | 26.753 ms (total, includes preprocess+inference+postprocess)
/ultralytics/zoo/dataset/DOTA100/images/val/000000000510.jpg | 31.337 ms (total, includes preprocess+inference+postprocess)
/ultralytics/zoo/dataset/DOTA100/images/val/000000000542.jpg | 23.553 ms (total, includes preprocess+inference+postprocess)
/ultralytics/zoo/dataset/DOTA100/images/val/000000000569.jpg | 23.564 ms (total, includes preprocess+inference+postprocess)
/ultralytics/zoo/dataset/DOTA100/images/val/000000000589.jpg | 23.625 ms (total, includes preprocess+inference+postprocess)
/ultralytics/zoo/dataset/DOTA100/images/val/000000000612.jpg | 31.386 ms (total, includes preprocess+inference+postprocess)
/ultralytics/zoo/dataset/DOTA100/images/val/000000000634.jpg | 22.972 ms (total, includes preprocess+inference+postprocess)
avg_total: 26.186 ms


=== Measurement completed at 2025-12-17 18:30:35 ===