[yolo11n-pose] dataset=/ultralytics/zoo/dataset/coco128/images/train2017 count=100 imgsz=640
Using CUDA runtime cudaDeviceSynchronize() for accurate TensorRT synchronization
/ultralytics/zoo/dataset/coco128/images/train2017/000000000009.jpg: 26.446 ms
/ultralytics/zoo/dataset/coco128/images/train2017/000000000025.jpg: 30.373 ms
/ultralytics/zoo/dataset/coco128/images/train2017/000000000030.jpg: 27.174 ms
/ultralytics/zoo/dataset/coco128/images/train2017/000000000034.jpg: 17.702 ms
/ultralytics/zoo/dataset/coco128/images/train2017/000000000036.jpg: 26.019 ms
/ultralytics/zoo/dataset/coco128/images/train2017/000000000042.jpg: 21.928 ms
/ultralytics/zoo/dataset/coco128/images/train2017/000000000049.jpg: 33.278 ms
/ultralytics/zoo/dataset/coco128/images/train2017/000000000061.jpg: 31.090 ms
/ultralytics/zoo/dataset/coco128/images/train2017/000000000064.jpg: 19.259 ms
/ultralytics/zoo/dataset/coco128/images/train2017/000000000071.jpg: 16.528 ms
/ultralytics/zoo/dataset/coco128/images/train2017/000000000072.jpg: 22.069 ms
/ultralytics/zoo/dataset/coco128/images/train2017/000000000073.jpg: 20.631 ms
/ultralytics/zoo/dataset/coco128/images/train2017/000000000074.jpg: 22.731 ms
/ultralytics/zoo/dataset/coco128/images/train2017/000000000077.jpg: 32.766 ms
/ultralytics/zoo/dataset/coco128/images/train2017/000000000078.jpg: 23.639 ms
/ultralytics/zoo/dataset/coco128/images/train2017/000000000081.jpg: 17.316 ms
/ultralytics/zoo/dataset/coco128/images/train2017/000000000086.jpg: 24.212 ms
/ultralytics/zoo/dataset/coco128/images/train2017/000000000089.jpg: 24.559 ms
/ultralytics/zoo/dataset/coco128/images/train2017/000000000092.jpg: 24.916 ms
/ultralytics/zoo/dataset/coco128/images/train2017/000000000094.jpg: 16.859 ms
/ultralytics/zoo/dataset/coco128/images/train2017/000000000109.jpg: 23.088 ms
/ultralytics/zoo/dataset/coco128/images/train2017/000000000110.jpg: 58.976 ms
/ultralytics/zoo/dataset/coco128/images/train2017/000000000113.jpg: 37.839 ms
/ultralytics/zoo/dataset/coco128/images/train2017/000000000127.jpg: 36.203 ms
/ultralytics/zoo/dataset/coco128/images/train2017/000000000133.jpg: 21.744 ms
/ultralytics/zoo/dataset/coco128/images/train2017/000000000136.jpg: 25.304 ms
/ultralytics/zoo/dataset/coco128/images/train2017/000000000138.jpg: 20.730 ms
/ultralytics/zoo/dataset/coco128/images/train2017/000000000142.jpg: 20.524 ms
/ultralytics/zoo/dataset/coco128/images/train2017/000000000143.jpg: 21.430 ms
/ultralytics/zoo/dataset/coco128/images/train2017/000000000144.jpg: 27.564 ms
/ultralytics/zoo/dataset/coco128/images/train2017/000000000149.jpg: 17.262 ms
/ultralytics/zoo/dataset/coco128/images/train2017/000000000151.jpg: 28.757 ms
/ultralytics/zoo/dataset/coco128/images/train2017/000000000154.jpg: 16.492 ms
/ultralytics/zoo/dataset/coco128/images/train2017/000000000164.jpg: 16.069 ms
/ultralytics/zoo/dataset/coco128/images/train2017/000000000165.jpg: 28.700 ms
/ultralytics/zoo/dataset/coco128/images/train2017/000000000192.jpg: 43.135 ms
/ultralytics/zoo/dataset/coco128/images/train2017/000000000194.jpg: 22.723 ms
/ultralytics/zoo/dataset/coco128/images/train2017/000000000196.jpg: 16.599 ms
/ultralytics/zoo/dataset/coco128/images/train2017/000000000201.jpg: 23.419 ms
/ultralytics/zoo/dataset/coco128/images/train2017/000000000208.jpg: 27.990 ms
/ultralytics/zoo/dataset/coco128/images/train2017/000000000241.jpg: 39.295 ms
/ultralytics/zoo/dataset/coco128/images/train2017/000000000247.jpg: 17.112 ms
/ultralytics/zoo/dataset/coco128/images/train2017/000000000250.jpg: 19.684 ms
/ultralytics/zoo/dataset/coco128/images/train2017/000000000257.jpg: 38.332 ms
/ultralytics/zoo/dataset/coco128/images/train2017/000000000260.jpg: 29.683 ms
/ultralytics/zoo/dataset/coco128/images/train2017/000000000263.jpg: 31.603 ms
/ultralytics/zoo/dataset/coco128/images/train2017/000000000283.jpg: 17.564 ms
/ultralytics/zoo/dataset/coco128/images/train2017/000000000294.jpg: 22.514 ms
/ultralytics/zoo/dataset/coco128/images/train2017/000000000307.jpg: 19.576 ms
/ultralytics/zoo/dataset/coco128/images/train2017/000000000308.jpg: 32.429 ms
/ultralytics/zoo/dataset/coco128/images/train2017/000000000309.jpg: 21.725 ms
/ultralytics/zoo/dataset/coco128/images/train2017/000000000312.jpg: 26.039 ms
/ultralytics/zoo/dataset/coco128/images/train2017/000000000315.jpg: 40.123 ms
/ultralytics/zoo/dataset/coco128/images/train2017/000000000321.jpg: 22.320 ms
/ultralytics/zoo/dataset/coco128/images/train2017/000000000322.jpg: 29.872 ms
/ultralytics/zoo/dataset/coco128/images/train2017/000000000326.jpg: 34.884 ms
/ultralytics/zoo/dataset/coco128/images/train2017/000000000328.jpg: 44.638 ms
/ultralytics/zoo/dataset/coco128/images/train2017/000000000332.jpg: 17.658 ms
/ultralytics/zoo/dataset/coco128/images/train2017/000000000338.jpg: 39.735 ms
/ultralytics/zoo/dataset/coco128/images/train2017/000000000349.jpg: 27.780 ms
/ultralytics/zoo/dataset/coco128/images/train2017/000000000357.jpg: 31.700 ms
/ultralytics/zoo/dataset/coco128/images/train2017/000000000359.jpg: 19.857 ms
/ultralytics/zoo/dataset/coco128/images/train2017/000000000360.jpg: 19.646 ms
/ultralytics/zoo/dataset/coco128/images/train2017/000000000368.jpg: 69.161 ms
/ultralytics/zoo/dataset/coco128/images/train2017/000000000370.jpg: 25.142 ms
/ultralytics/zoo/dataset/coco128/images/train2017/000000000382.jpg: 31.826 ms
/ultralytics/zoo/dataset/coco128/images/train2017/000000000384.jpg: 23.305 ms
/ultralytics/zoo/dataset/coco128/images/train2017/000000000387.jpg: 37.966 ms
/ultralytics/zoo/dataset/coco128/images/train2017/000000000389.jpg: 81.472 ms
/ultralytics/zoo/dataset/coco128/images/train2017/000000000394.jpg: 23.571 ms
/ultralytics/zoo/dataset/coco128/images/train2017/000000000395.jpg: 92.801 ms
/ultralytics/zoo/dataset/coco128/images/train2017/000000000397.jpg: 44.543 ms
/ultralytics/zoo/dataset/coco128/images/train2017/000000000400.jpg: 23.494 ms
/ultralytics/zoo/dataset/coco128/images/train2017/000000000404.jpg: 20.442 ms
/ultralytics/zoo/dataset/coco128/images/train2017/000000000415.jpg: 36.208 ms
/ultralytics/zoo/dataset/coco128/images/train2017/000000000419.jpg: 40.825 ms
/ultralytics/zoo/dataset/coco128/images/train2017/000000000428.jpg: 32.455 ms
/ultralytics/zoo/dataset/coco128/images/train2017/000000000431.jpg: 33.955 ms
/ultralytics/zoo/dataset/coco128/images/train2017/000000000436.jpg: 32.431 ms
/ultralytics/zoo/dataset/coco128/images/train2017/000000000438.jpg: 19.620 ms
/ultralytics/zoo/dataset/coco128/images/train2017/000000000443.jpg: 69.679 ms
/ultralytics/zoo/dataset/coco128/images/train2017/000000000446.jpg: 29.031 ms
/ultralytics/zoo/dataset/coco128/images/train2017/000000000450.jpg: 24.288 ms
/ultralytics/zoo/dataset/coco128/images/train2017/000000000459.jpg: 35.964 ms
/ultralytics/zoo/dataset/coco128/images/train2017/000000000471.jpg: 27.944 ms
/ultralytics/zoo/dataset/coco128/images/train2017/000000000472.jpg: 26.187 ms
/ultralytics/zoo/dataset/coco128/images/train2017/000000000474.jpg: 45.492 ms
/ultralytics/zoo/dataset/coco128/images/train2017/000000000486.jpg: 23.211 ms
/ultralytics/zoo/dataset/coco128/images/train2017/000000000488.jpg: 46.147 ms
/ultralytics/zoo/dataset/coco128/images/train2017/000000000490.jpg: 30.203 ms
/ultralytics/zoo/dataset/coco128/images/train2017/000000000491.jpg: 27.381 ms
/ultralytics/zoo/dataset/coco128/images/train2017/000000000502.jpg: 28.236 ms
/ultralytics/zoo/dataset/coco128/images/train2017/000000000508.jpg: 30.496 ms
/ultralytics/zoo/dataset/coco128/images/train2017/000000000510.jpg: 43.952 ms
/ultralytics/zoo/dataset/coco128/images/train2017/000000000514.jpg: 24.027 ms
/ultralytics/zoo/dataset/coco128/images/train2017/000000000520.jpg: 26.628 ms
/ultralytics/zoo/dataset/coco128/images/train2017/000000000529.jpg: 65.978 ms
/ultralytics/zoo/dataset/coco128/images/train2017/000000000531.jpg: 45.056 ms
/ultralytics/zoo/dataset/coco128/images/train2017/000000000532.jpg: 68.764 ms
/ultralytics/zoo/dataset/coco128/images/train2017/000000000536.jpg: 57.885 ms
avg: 31.036 ms

[yolo11n-detect] dataset=/ultralytics/zoo/dataset/coco128/images/train2017 count=100 imgsz=640
Using CUDA runtime cudaDeviceSynchronize() for accurate TensorRT synchronization
/ultralytics/zoo/dataset/coco128/images/train2017/000000000009.jpg: 29.903 ms
/ultralytics/zoo/dataset/coco128/images/train2017/000000000025.jpg: 23.858 ms
/ultralytics/zoo/dataset/coco128/images/train2017/000000000030.jpg: 24.008 ms
/ultralytics/zoo/dataset/coco128/images/train2017/000000000034.jpg: 23.569 ms
/ultralytics/zoo/dataset/coco128/images/train2017/000000000036.jpg: 25.224 ms
/ultralytics/zoo/dataset/coco128/images/train2017/000000000042.jpg: 25.311 ms
/ultralytics/zoo/dataset/coco128/images/train2017/000000000049.jpg: 37.297 ms
/ultralytics/zoo/dataset/coco128/images/train2017/000000000061.jpg: 27.168 ms
/ultralytics/zoo/dataset/coco128/images/train2017/000000000064.jpg: 27.622 ms
/ultralytics/zoo/dataset/coco128/images/train2017/000000000071.jpg: 25.854 ms
/ultralytics/zoo/dataset/coco128/images/train2017/000000000072.jpg: 24.783 ms
/ultralytics/zoo/dataset/coco128/images/train2017/000000000073.jpg: 27.711 ms
/ultralytics/zoo/dataset/coco128/images/train2017/000000000074.jpg: 34.486 ms
/ultralytics/zoo/dataset/coco128/images/train2017/000000000077.jpg: 29.639 ms
/ultralytics/zoo/dataset/coco128/images/train2017/000000000078.jpg: 29.920 ms
/ultralytics/zoo/dataset/coco128/images/train2017/000000000081.jpg: 22.405 ms
/ultralytics/zoo/dataset/coco128/images/train2017/000000000086.jpg: 27.665 ms
/ultralytics/zoo/dataset/coco128/images/train2017/000000000089.jpg: 33.550 ms
/ultralytics/zoo/dataset/coco128/images/train2017/000000000092.jpg: 25.320 ms
/ultralytics/zoo/dataset/coco128/images/train2017/000000000094.jpg: 20.497 ms
/ultralytics/zoo/dataset/coco128/images/train2017/000000000109.jpg: 31.393 ms
/ultralytics/zoo/dataset/coco128/images/train2017/000000000110.jpg: 44.673 ms
/ultralytics/zoo/dataset/coco128/images/train2017/000000000113.jpg: 36.628 ms
/ultralytics/zoo/dataset/coco128/images/train2017/000000000127.jpg: 50.515 ms
/ultralytics/zoo/dataset/coco128/images/train2017/000000000133.jpg: 30.049 ms
/ultralytics/zoo/dataset/coco128/images/train2017/000000000136.jpg: 44.310 ms
/ultralytics/zoo/dataset/coco128/images/train2017/000000000138.jpg: 36.070 ms
/ultralytics/zoo/dataset/coco128/images/train2017/000000000142.jpg: 23.969 ms
/ultralytics/zoo/dataset/coco128/images/train2017/000000000143.jpg: 45.261 ms
/ultralytics/zoo/dataset/coco128/images/train2017/000000000144.jpg: 26.273 ms
/ultralytics/zoo/dataset/coco128/images/train2017/000000000149.jpg: 49.429 ms
/ultralytics/zoo/dataset/coco128/images/train2017/000000000151.jpg: 31.055 ms
/ultralytics/zoo/dataset/coco128/images/train2017/000000000154.jpg: 34.700 ms
/ultralytics/zoo/dataset/coco128/images/train2017/000000000164.jpg: 51.915 ms
/ultralytics/zoo/dataset/coco128/images/train2017/000000000165.jpg: 43.081 ms
/ultralytics/zoo/dataset/coco128/images/train2017/000000000192.jpg: 60.685 ms
/ultralytics/zoo/dataset/coco128/images/train2017/000000000194.jpg: 40.663 ms
/ultralytics/zoo/dataset/coco128/images/train2017/000000000196.jpg: 115.707 ms
/ultralytics/zoo/dataset/coco128/images/train2017/000000000201.jpg: 43.790 ms
/ultralytics/zoo/dataset/coco128/images/train2017/000000000208.jpg: 30.696 ms
/ultralytics/zoo/dataset/coco128/images/train2017/000000000241.jpg: 45.935 ms
/ultralytics/zoo/dataset/coco128/images/train2017/000000000247.jpg: 26.782 ms
/ultralytics/zoo/dataset/coco128/images/train2017/000000000250.jpg: 19.755 ms
/ultralytics/zoo/dataset/coco128/images/train2017/000000000257.jpg: 92.413 ms
/ultralytics/zoo/dataset/coco128/images/train2017/000000000260.jpg: 48.122 ms
/ultralytics/zoo/dataset/coco128/images/train2017/000000000263.jpg: 33.844 ms
/ultralytics/zoo/dataset/coco128/images/train2017/000000000283.jpg: 38.021 ms
/ultralytics/zoo/dataset/coco128/images/train2017/000000000294.jpg: 41.990 ms
/ultralytics/zoo/dataset/coco128/images/train2017/000000000307.jpg: 44.986 ms
/ultralytics/zoo/dataset/coco128/images/train2017/000000000308.jpg: 62.699 ms
/ultralytics/zoo/dataset/coco128/images/train2017/000000000309.jpg: 40.435 ms
/ultralytics/zoo/dataset/coco128/images/train2017/000000000312.jpg: 49.908 ms
/ultralytics/zoo/dataset/coco128/images/train2017/000000000315.jpg: 86.202 ms
/ultralytics/zoo/dataset/coco128/images/train2017/000000000321.jpg: 42.208 ms
/ultralytics/zoo/dataset/coco128/images/train2017/000000000322.jpg: 39.689 ms
/ultralytics/zoo/dataset/coco128/images/train2017/000000000326.jpg: 25.458 ms
/ultralytics/zoo/dataset/coco128/images/train2017/000000000328.jpg: 44.608 ms
/ultralytics/zoo/dataset/coco128/images/train2017/000000000332.jpg: 41.776 ms
/ultralytics/zoo/dataset/coco128/images/train2017/000000000338.jpg: 52.751 ms
/ultralytics/zoo/dataset/coco128/images/train2017/000000000349.jpg: 31.614 ms
/ultralytics/zoo/dataset/coco128/images/train2017/000000000357.jpg: 72.445 ms
/ultralytics/zoo/dataset/coco128/images/train2017/000000000359.jpg: 42.736 ms
/ultralytics/zoo/dataset/coco128/images/train2017/000000000360.jpg: 26.831 ms
/ultralytics/zoo/dataset/coco128/images/train2017/000000000368.jpg: 96.691 ms
/ultralytics/zoo/dataset/coco128/images/train2017/000000000370.jpg: 31.599 ms
/ultralytics/zoo/dataset/coco128/images/train2017/000000000382.jpg: 33.882 ms
/ultralytics/zoo/dataset/coco128/images/train2017/000000000384.jpg: 55.035 ms
/ultralytics/zoo/dataset/coco128/images/train2017/000000000387.jpg: 37.434 ms
/ultralytics/zoo/dataset/coco128/images/train2017/000000000389.jpg: 103.797 ms
/ultralytics/zoo/dataset/coco128/images/train2017/000000000394.jpg: 33.000 ms
/ultralytics/zoo/dataset/coco128/images/train2017/000000000395.jpg: 53.322 ms
/ultralytics/zoo/dataset/coco128/images/train2017/000000000397.jpg: 41.889 ms
/ultralytics/zoo/dataset/coco128/images/train2017/000000000400.jpg: 56.718 ms
/ultralytics/zoo/dataset/coco128/images/train2017/000000000404.jpg: 37.456 ms
/ultralytics/zoo/dataset/coco128/images/train2017/000000000415.jpg: 39.636 ms
/ultralytics/zoo/dataset/coco128/images/train2017/000000000419.jpg: 63.468 ms
/ultralytics/zoo/dataset/coco128/images/train2017/000000000428.jpg: 32.425 ms
/ultralytics/zoo/dataset/coco128/images/train2017/000000000431.jpg: 30.245 ms
/ultralytics/zoo/dataset/coco128/images/train2017/000000000436.jpg: 46.606 ms
/ultralytics/zoo/dataset/coco128/images/train2017/000000000438.jpg: 179.168 ms
/ultralytics/zoo/dataset/coco128/images/train2017/000000000443.jpg: 56.239 ms
/ultralytics/zoo/dataset/coco128/images/train2017/000000000446.jpg: 48.504 ms
/ultralytics/zoo/dataset/coco128/images/train2017/000000000450.jpg: 71.298 ms
/ultralytics/zoo/dataset/coco128/images/train2017/000000000459.jpg: 38.439 ms
/ultralytics/zoo/dataset/coco128/images/train2017/000000000471.jpg: 30.098 ms
/ultralytics/zoo/dataset/coco128/images/train2017/000000000472.jpg: 33.206 ms
/ultralytics/zoo/dataset/coco128/images/train2017/000000000474.jpg: 41.104 ms
/ultralytics/zoo/dataset/coco128/images/train2017/000000000486.jpg: 39.674 ms
/ultralytics/zoo/dataset/coco128/images/train2017/000000000488.jpg: 97.898 ms
/ultralytics/zoo/dataset/coco128/images/train2017/000000000490.jpg: 52.510 ms
/ultralytics/zoo/dataset/coco128/images/train2017/000000000491.jpg: 70.996 ms
/ultralytics/zoo/dataset/coco128/images/train2017/000000000502.jpg: 38.844 ms
/ultralytics/zoo/dataset/coco128/images/train2017/000000000508.jpg: 32.301 ms
/ultralytics/zoo/dataset/coco128/images/train2017/000000000510.jpg: 49.211 ms
/ultralytics/zoo/dataset/coco128/images/train2017/000000000514.jpg: 51.325 ms
/ultralytics/zoo/dataset/coco128/images/train2017/000000000520.jpg: 103.847 ms
/ultralytics/zoo/dataset/coco128/images/train2017/000000000529.jpg: 37.266 ms
/ultralytics/zoo/dataset/coco128/images/train2017/000000000531.jpg: 137.073 ms
/ultralytics/zoo/dataset/coco128/images/train2017/000000000532.jpg: 70.566 ms
/ultralytics/zoo/dataset/coco128/images/train2017/000000000536.jpg: 60.085 ms
avg: 46.007 ms

[yolo11n-cls] dataset=/ultralytics/zoo/dataset/CIFAR100 count=100 imgsz=224
Using CUDA runtime cudaDeviceSynchronize() for accurate TensorRT synchronization
/ultralytics/zoo/dataset/CIFAR100/airplane/data_batch_1_00029.png: 8.895 ms
/ultralytics/zoo/dataset/CIFAR100/airplane/data_batch_1_00030.png: 6.571 ms
/ultralytics/zoo/dataset/CIFAR100/airplane/data_batch_1_00035.png: 7.325 ms
/ultralytics/zoo/dataset/CIFAR100/airplane/data_batch_1_00049.png: 6.649 ms
/ultralytics/zoo/dataset/CIFAR100/airplane/data_batch_1_00077.png: 6.302 ms
/ultralytics/zoo/dataset/CIFAR100/airplane/data_batch_1_00093.png: 6.420 ms
/ultralytics/zoo/dataset/CIFAR100/airplane/data_batch_1_00115.png: 6.531 ms
/ultralytics/zoo/dataset/CIFAR100/airplane/data_batch_1_00116.png: 7.113 ms
/ultralytics/zoo/dataset/CIFAR100/airplane/data_batch_1_00129.png: 7.495 ms
/ultralytics/zoo/dataset/CIFAR100/airplane/data_batch_1_00165.png: 7.541 ms
/ultralytics/zoo/dataset/CIFAR100/automobile/data_batch_1_00004.png: 6.191 ms
/ultralytics/zoo/dataset/CIFAR100/automobile/data_batch_1_00005.png: 7.697 ms
/ultralytics/zoo/dataset/CIFAR100/automobile/data_batch_1_00032.png: 6.210 ms
/ultralytics/zoo/dataset/CIFAR100/automobile/data_batch_1_00044.png: 6.536 ms
/ultralytics/zoo/dataset/CIFAR100/automobile/data_batch_1_00045.png: 8.910 ms
/ultralytics/zoo/dataset/CIFAR100/automobile/data_batch_1_00046.png: 6.849 ms
/ultralytics/zoo/dataset/CIFAR100/automobile/data_batch_1_00060.png: 6.242 ms
/ultralytics/zoo/dataset/CIFAR100/automobile/data_batch_1_00061.png: 6.432 ms
/ultralytics/zoo/dataset/CIFAR100/automobile/data_batch_1_00064.png: 7.009 ms
/ultralytics/zoo/dataset/CIFAR100/automobile/data_batch_1_00065.png: 7.719 ms
/ultralytics/zoo/dataset/CIFAR100/bird/data_batch_1_00006.png: 7.436 ms
/ultralytics/zoo/dataset/CIFAR100/bird/data_batch_1_00013.png: 6.707 ms
/ultralytics/zoo/dataset/CIFAR100/bird/data_batch_1_00018.png: 9.686 ms
/ultralytics/zoo/dataset/CIFAR100/bird/data_batch_1_00024.png: 7.171 ms
/ultralytics/zoo/dataset/CIFAR100/bird/data_batch_1_00041.png: 7.069 ms
/ultralytics/zoo/dataset/CIFAR100/bird/data_batch_1_00042.png: 7.359 ms
/ultralytics/zoo/dataset/CIFAR100/bird/data_batch_1_00047.png: 7.490 ms
/ultralytics/zoo/dataset/CIFAR100/bird/data_batch_1_00048.png: 6.162 ms
/ultralytics/zoo/dataset/CIFAR100/bird/data_batch_1_00054.png: 7.402 ms
/ultralytics/zoo/dataset/CIFAR100/bird/data_batch_1_00055.png: 7.466 ms
/ultralytics/zoo/dataset/CIFAR100/cat/data_batch_1_00009.png: 6.179 ms
/ultralytics/zoo/dataset/CIFAR100/cat/data_batch_1_00017.png: 7.869 ms
/ultralytics/zoo/dataset/CIFAR100/cat/data_batch_1_00021.png: 7.647 ms
/ultralytics/zoo/dataset/CIFAR100/cat/data_batch_1_00026.png: 7.528 ms
/ultralytics/zoo/dataset/CIFAR100/cat/data_batch_1_00033.png: 6.411 ms
/ultralytics/zoo/dataset/CIFAR100/cat/data_batch_1_00036.png: 6.869 ms
/ultralytics/zoo/dataset/CIFAR100/cat/data_batch_1_00038.png: 7.393 ms
/ultralytics/zoo/dataset/CIFAR100/cat/data_batch_1_00039.png: 7.355 ms
/ultralytics/zoo/dataset/CIFAR100/cat/data_batch_1_00059.png: 6.494 ms
/ultralytics/zoo/dataset/CIFAR100/cat/data_batch_1_00074.png: 10.718 ms
/ultralytics/zoo/dataset/CIFAR100/deer/data_batch_1_00003.png: 9.066 ms
/ultralytics/zoo/dataset/CIFAR100/deer/data_batch_1_00010.png: 6.715 ms
/ultralytics/zoo/dataset/CIFAR100/deer/data_batch_1_00020.png: 7.974 ms
/ultralytics/zoo/dataset/CIFAR100/deer/data_batch_1_00028.png: 6.791 ms
/ultralytics/zoo/dataset/CIFAR100/deer/data_batch_1_00034.png: 8.085 ms
/ultralytics/zoo/dataset/CIFAR100/deer/data_batch_1_00058.png: 7.043 ms
/ultralytics/zoo/dataset/CIFAR100/deer/data_batch_1_00066.png: 7.666 ms
/ultralytics/zoo/dataset/CIFAR100/deer/data_batch_1_00082.png: 8.884 ms
/ultralytics/zoo/dataset/CIFAR100/deer/data_batch_1_00086.png: 8.554 ms
/ultralytics/zoo/dataset/CIFAR100/deer/data_batch_1_00089.png: 6.502 ms
/ultralytics/zoo/dataset/CIFAR100/dog/data_batch_1_00027.png: 7.669 ms
/ultralytics/zoo/dataset/CIFAR100/dog/data_batch_1_00040.png: 6.768 ms
/ultralytics/zoo/dataset/CIFAR100/dog/data_batch_1_00051.png: 6.650 ms
/ultralytics/zoo/dataset/CIFAR100/dog/data_batch_1_00056.png: 7.856 ms
/ultralytics/zoo/dataset/CIFAR100/dog/data_batch_1_00070.png: 6.661 ms
/ultralytics/zoo/dataset/CIFAR100/dog/data_batch_1_00081.png: 6.189 ms
/ultralytics/zoo/dataset/CIFAR100/dog/data_batch_1_00083.png: 7.841 ms
/ultralytics/zoo/dataset/CIFAR100/dog/data_batch_1_00107.png: 7.050 ms
/ultralytics/zoo/dataset/CIFAR100/dog/data_batch_1_00128.png: 6.748 ms
/ultralytics/zoo/dataset/CIFAR100/dog/data_batch_1_00148.png: 7.228 ms
/ultralytics/zoo/dataset/CIFAR100/frog/data_batch_1_00000.png: 6.832 ms
/ultralytics/zoo/dataset/CIFAR100/frog/data_batch_1_00019.png: 7.864 ms
/ultralytics/zoo/dataset/CIFAR100/frog/data_batch_1_00022.png: 7.835 ms
/ultralytics/zoo/dataset/CIFAR100/frog/data_batch_1_00023.png: 6.938 ms
/ultralytics/zoo/dataset/CIFAR100/frog/data_batch_1_00025.png: 6.320 ms
/ultralytics/zoo/dataset/CIFAR100/frog/data_batch_1_00072.png: 9.200 ms
/ultralytics/zoo/dataset/CIFAR100/frog/data_batch_1_00095.png: 6.248 ms
/ultralytics/zoo/dataset/CIFAR100/frog/data_batch_1_00103.png: 7.755 ms
/ultralytics/zoo/dataset/CIFAR100/frog/data_batch_1_00104.png: 6.384 ms
/ultralytics/zoo/dataset/CIFAR100/frog/data_batch_1_00117.png: 7.767 ms
/ultralytics/zoo/dataset/CIFAR100/horse/data_batch_1_00007.png: 6.404 ms
/ultralytics/zoo/dataset/CIFAR100/horse/data_batch_1_00011.png: 9.384 ms
/ultralytics/zoo/dataset/CIFAR100/horse/data_batch_1_00012.png: 6.224 ms
/ultralytics/zoo/dataset/CIFAR100/horse/data_batch_1_00037.png: 8.375 ms
/ultralytics/zoo/dataset/CIFAR100/horse/data_batch_1_00043.png: 7.053 ms
/ultralytics/zoo/dataset/CIFAR100/horse/data_batch_1_00052.png: 9.006 ms
/ultralytics/zoo/dataset/CIFAR100/horse/data_batch_1_00068.png: 6.603 ms
/ultralytics/zoo/dataset/CIFAR100/horse/data_batch_1_00073.png: 6.304 ms
/ultralytics/zoo/dataset/CIFAR100/horse/data_batch_1_00084.png: 8.323 ms
/ultralytics/zoo/dataset/CIFAR100/horse/data_batch_1_00085.png: 8.026 ms
/ultralytics/zoo/dataset/CIFAR100/ship/data_batch_1_00008.png: 7.073 ms
/ultralytics/zoo/dataset/CIFAR100/ship/data_batch_1_00062.png: 9.287 ms
/ultralytics/zoo/dataset/CIFAR100/ship/data_batch_1_00069.png: 7.656 ms
/ultralytics/zoo/dataset/CIFAR100/ship/data_batch_1_00092.png: 6.508 ms
/ultralytics/zoo/dataset/CIFAR100/ship/data_batch_1_00100.png: 8.538 ms
/ultralytics/zoo/dataset/CIFAR100/ship/data_batch_1_00106.png: 7.295 ms
/ultralytics/zoo/dataset/CIFAR100/ship/data_batch_1_00111.png: 6.884 ms
/ultralytics/zoo/dataset/CIFAR100/ship/data_batch_1_00135.png: 8.668 ms
/ultralytics/zoo/dataset/CIFAR100/ship/data_batch_1_00139.png: 6.559 ms
/ultralytics/zoo/dataset/CIFAR100/ship/data_batch_1_00155.png: 6.322 ms
/ultralytics/zoo/dataset/CIFAR100/truck/data_batch_1_00001.png: 8.391 ms
/ultralytics/zoo/dataset/CIFAR100/truck/data_batch_1_00002.png: 7.841 ms
/ultralytics/zoo/dataset/CIFAR100/truck/data_batch_1_00014.png: 9.164 ms
/ultralytics/zoo/dataset/CIFAR100/truck/data_batch_1_00015.png: 9.835 ms
/ultralytics/zoo/dataset/CIFAR100/truck/data_batch_1_00016.png: 6.359 ms
/ultralytics/zoo/dataset/CIFAR100/truck/data_batch_1_00031.png: 8.388 ms
/ultralytics/zoo/dataset/CIFAR100/truck/data_batch_1_00050.png: 6.846 ms
/ultralytics/zoo/dataset/CIFAR100/truck/data_batch_1_00053.png: 6.678 ms
/ultralytics/zoo/dataset/CIFAR100/truck/data_batch_1_00067.png: 8.096 ms
/ultralytics/zoo/dataset/CIFAR100/truck/data_batch_1_00071.png: 6.334 ms
avg: 7.386 ms

[yolo11n-obb] dataset=/ultralytics/zoo/dataset/DOTA100/images count=100 imgsz=640
Using CUDA runtime cudaDeviceSynchronize() for accurate TensorRT synchronization
/ultralytics/zoo/dataset/DOTA100/images/train/000000000025.jpg: 36.642 ms
/ultralytics/zoo/dataset/DOTA100/images/train/000000000034.jpg: 25.191 ms
/ultralytics/zoo/dataset/DOTA100/images/train/000000000036.jpg: 34.975 ms
/ultralytics/zoo/dataset/DOTA100/images/train/000000000042.jpg: 30.533 ms
/ultralytics/zoo/dataset/DOTA100/images/train/000000000064.jpg: 34.495 ms
/ultralytics/zoo/dataset/DOTA100/images/train/000000000071.jpg: 36.421 ms
/ultralytics/zoo/dataset/DOTA100/images/train/000000000073.jpg: 30.309 ms
/ultralytics/zoo/dataset/DOTA100/images/train/000000000074.jpg: 45.475 ms
/ultralytics/zoo/dataset/DOTA100/images/train/000000000078.jpg: 38.525 ms
/ultralytics/zoo/dataset/DOTA100/images/train/000000000089.jpg: 37.290 ms
/ultralytics/zoo/dataset/DOTA100/images/train/000000000094.jpg: 22.883 ms
/ultralytics/zoo/dataset/DOTA100/images/train/000000000110.jpg: 28.309 ms
/ultralytics/zoo/dataset/DOTA100/images/train/000000000136.jpg: 24.919 ms
/ultralytics/zoo/dataset/DOTA100/images/train/000000000138.jpg: 24.194 ms
/ultralytics/zoo/dataset/DOTA100/images/train/000000000142.jpg: 36.261 ms
/ultralytics/zoo/dataset/DOTA100/images/train/000000000143.jpg: 23.230 ms
/ultralytics/zoo/dataset/DOTA100/images/train/000000000151.jpg: 29.263 ms
/ultralytics/zoo/dataset/DOTA100/images/train/000000000154.jpg: 26.183 ms
/ultralytics/zoo/dataset/DOTA100/images/train/000000000164.jpg: 22.721 ms
/ultralytics/zoo/dataset/DOTA100/images/train/000000000196.jpg: 25.498 ms
/ultralytics/zoo/dataset/DOTA100/images/train/000000000208.jpg: 26.622 ms
/ultralytics/zoo/dataset/DOTA100/images/train/000000000241.jpg: 32.281 ms
/ultralytics/zoo/dataset/DOTA100/images/train/000000000247.jpg: 19.406 ms
/ultralytics/zoo/dataset/DOTA100/images/train/000000000260.jpg: 20.985 ms
/ultralytics/zoo/dataset/DOTA100/images/train/000000000294.jpg: 30.810 ms
/ultralytics/zoo/dataset/DOTA100/images/train/000000000308.jpg: 19.388 ms
/ultralytics/zoo/dataset/DOTA100/images/train/000000000309.jpg: 33.234 ms
/ultralytics/zoo/dataset/DOTA100/images/train/000000000312.jpg: 18.075 ms
/ultralytics/zoo/dataset/DOTA100/images/train/000000000321.jpg: 18.661 ms
/ultralytics/zoo/dataset/DOTA100/images/train/000000000322.jpg: 28.336 ms
/ultralytics/zoo/dataset/DOTA100/images/train/000000000326.jpg: 18.058 ms
/ultralytics/zoo/dataset/DOTA100/images/train/000000000328.jpg: 24.250 ms
/ultralytics/zoo/dataset/DOTA100/images/train/000000000338.jpg: 18.094 ms
/ultralytics/zoo/dataset/DOTA100/images/train/000000000357.jpg: 20.587 ms
/ultralytics/zoo/dataset/DOTA100/images/train/000000000360.jpg: 23.075 ms
/ultralytics/zoo/dataset/DOTA100/images/train/000000000368.jpg: 20.630 ms
/ultralytics/zoo/dataset/DOTA100/images/train/000000000382.jpg: 24.429 ms
/ultralytics/zoo/dataset/DOTA100/images/train/000000000387.jpg: 30.645 ms
/ultralytics/zoo/dataset/DOTA100/images/train/000000000389.jpg: 23.953 ms
/ultralytics/zoo/dataset/DOTA100/images/train/000000000395.jpg: 19.812 ms
/ultralytics/zoo/dataset/DOTA100/images/train/000000000400.jpg: 24.427 ms
/ultralytics/zoo/dataset/DOTA100/images/train/000000000404.jpg: 23.708 ms
/ultralytics/zoo/dataset/DOTA100/images/train/000000000415.jpg: 23.531 ms
/ultralytics/zoo/dataset/DOTA100/images/train/000000000419.jpg: 19.694 ms
/ultralytics/zoo/dataset/DOTA100/images/train/000000000431.jpg: 22.761 ms
/ultralytics/zoo/dataset/DOTA100/images/train/000000000436.jpg: 19.162 ms
/ultralytics/zoo/dataset/DOTA100/images/train/000000000438.jpg: 31.532 ms
/ultralytics/zoo/dataset/DOTA100/images/train/000000000443.jpg: 15.217 ms
/ultralytics/zoo/dataset/DOTA100/images/train/000000000450.jpg: 15.557 ms
/ultralytics/zoo/dataset/DOTA100/images/train/000000000459.jpg: 21.662 ms
/ultralytics/zoo/dataset/DOTA100/images/train/000000000471.jpg: 15.192 ms
/ultralytics/zoo/dataset/DOTA100/images/train/000000000472.jpg: 18.351 ms
/ultralytics/zoo/dataset/DOTA100/images/train/000000000488.jpg: 20.852 ms
/ultralytics/zoo/dataset/DOTA100/images/train/000000000491.jpg: 26.232 ms
/ultralytics/zoo/dataset/DOTA100/images/train/000000000502.jpg: 16.423 ms
/ultralytics/zoo/dataset/DOTA100/images/train/000000000508.jpg: 19.480 ms
/ultralytics/zoo/dataset/DOTA100/images/train/000000000520.jpg: 21.573 ms
/ultralytics/zoo/dataset/DOTA100/images/train/000000000529.jpg: 16.173 ms
/ultralytics/zoo/dataset/DOTA100/images/train/000000000531.jpg: 18.320 ms
/ultralytics/zoo/dataset/DOTA100/images/train/000000000540.jpg: 22.522 ms
/ultralytics/zoo/dataset/DOTA100/images/train/000000000544.jpg: 31.494 ms
/ultralytics/zoo/dataset/DOTA100/images/train/000000000560.jpg: 24.928 ms
/ultralytics/zoo/dataset/DOTA100/images/train/000000000562.jpg: 15.270 ms
/ultralytics/zoo/dataset/DOTA100/images/train/000000000564.jpg: 22.402 ms
/ultralytics/zoo/dataset/DOTA100/images/train/000000000572.jpg: 15.720 ms
/ultralytics/zoo/dataset/DOTA100/images/train/000000000575.jpg: 19.610 ms
/ultralytics/zoo/dataset/DOTA100/images/train/000000000581.jpg: 19.518 ms
/ultralytics/zoo/dataset/DOTA100/images/train/000000000584.jpg: 17.049 ms
/ultralytics/zoo/dataset/DOTA100/images/train/000000000590.jpg: 20.569 ms
/ultralytics/zoo/dataset/DOTA100/images/train/000000000595.jpg: 19.878 ms
/ultralytics/zoo/dataset/DOTA100/images/train/000000000597.jpg: 14.550 ms
/ultralytics/zoo/dataset/DOTA100/images/train/000000000599.jpg: 24.207 ms
/ultralytics/zoo/dataset/DOTA100/images/train/000000000620.jpg: 16.130 ms
/ultralytics/zoo/dataset/DOTA100/images/train/000000000625.jpg: 20.712 ms
/ultralytics/zoo/dataset/DOTA100/images/train/000000000626.jpg: 27.192 ms
/ultralytics/zoo/dataset/DOTA100/images/train/000000000629.jpg: 20.563 ms
/ultralytics/zoo/dataset/DOTA100/images/train/000000000636.jpg: 21.590 ms
/ultralytics/zoo/dataset/DOTA100/images/train/000000000641.jpg: 15.517 ms
/ultralytics/zoo/dataset/DOTA100/images/train/000000000643.jpg: 25.506 ms
/ultralytics/zoo/dataset/DOTA100/images/train/000000000650.jpg: 20.473 ms
/ultralytics/zoo/dataset/DOTA100/images/val/000000000009.jpg: 15.786 ms
/ultralytics/zoo/dataset/DOTA100/images/val/000000000049.jpg: 23.645 ms
/ultralytics/zoo/dataset/DOTA100/images/val/000000000077.jpg: 18.822 ms
/ultralytics/zoo/dataset/DOTA100/images/val/000000000133.jpg: 18.846 ms
/ultralytics/zoo/dataset/DOTA100/images/val/000000000144.jpg: 23.337 ms
/ultralytics/zoo/dataset/DOTA100/images/val/000000000201.jpg: 21.535 ms
/ultralytics/zoo/dataset/DOTA100/images/val/000000000263.jpg: 16.295 ms
/ultralytics/zoo/dataset/DOTA100/images/val/000000000315.jpg: 16.244 ms
/ultralytics/zoo/dataset/DOTA100/images/val/000000000332.jpg: 17.041 ms
/ultralytics/zoo/dataset/DOTA100/images/val/000000000370.jpg: 15.956 ms
/ultralytics/zoo/dataset/DOTA100/images/val/000000000397.jpg: 25.355 ms
/ultralytics/zoo/dataset/DOTA100/images/val/000000000428.jpg: 15.355 ms
/ultralytics/zoo/dataset/DOTA100/images/val/000000000446.jpg: 22.017 ms
/ultralytics/zoo/dataset/DOTA100/images/val/000000000474.jpg: 20.659 ms
/ultralytics/zoo/dataset/DOTA100/images/val/000000000510.jpg: 23.483 ms
/ultralytics/zoo/dataset/DOTA100/images/val/000000000542.jpg: 18.954 ms
/ultralytics/zoo/dataset/DOTA100/images/val/000000000569.jpg: 16.310 ms
/ultralytics/zoo/dataset/DOTA100/images/val/000000000589.jpg: 16.704 ms
/ultralytics/zoo/dataset/DOTA100/images/val/000000000612.jpg: 28.390 ms
/ultralytics/zoo/dataset/DOTA100/images/val/000000000634.jpg: 16.559 ms
avg: 23.012 ms

[yolo11n-seg] dataset=/ultralytics/zoo/dataset/coco128/images/train2017 count=100 imgsz=640
Using CUDA runtime cudaDeviceSynchronize() for accurate TensorRT synchronization
/ultralytics/zoo/dataset/coco128/images/train2017/000000000009.jpg: 50.706 ms
/ultralytics/zoo/dataset/coco128/images/train2017/000000000025.jpg: 47.595 ms
/ultralytics/zoo/dataset/coco128/images/train2017/000000000030.jpg: 56.960 ms
/ultralytics/zoo/dataset/coco128/images/train2017/000000000034.jpg: 37.595 ms
/ultralytics/zoo/dataset/coco128/images/train2017/000000000036.jpg: 43.526 ms
/ultralytics/zoo/dataset/coco128/images/train2017/000000000042.jpg: 42.906 ms
/ultralytics/zoo/dataset/coco128/images/train2017/000000000049.jpg: 91.754 ms
/ultralytics/zoo/dataset/coco128/images/train2017/000000000061.jpg: 45.165 ms
/ultralytics/zoo/dataset/coco128/images/train2017/000000000064.jpg: 51.731 ms
/ultralytics/zoo/dataset/coco128/images/train2017/000000000071.jpg: 57.110 ms
/ultralytics/zoo/dataset/coco128/images/train2017/000000000072.jpg: 48.757 ms
/ultralytics/zoo/dataset/coco128/images/train2017/000000000073.jpg: 39.348 ms
/ultralytics/zoo/dataset/coco128/images/train2017/000000000074.jpg: 100.366 ms
/ultralytics/zoo/dataset/coco128/images/train2017/000000000077.jpg: 83.600 ms
/ultralytics/zoo/dataset/coco128/images/train2017/000000000078.jpg: 52.941 ms
/ultralytics/zoo/dataset/coco128/images/train2017/000000000081.jpg: 32.687 ms
/ultralytics/zoo/dataset/coco128/images/train2017/000000000086.jpg: 41.913 ms
/ultralytics/zoo/dataset/coco128/images/train2017/000000000089.jpg: 83.347 ms
/ultralytics/zoo/dataset/coco128/images/train2017/000000000092.jpg: 49.504 ms
/ultralytics/zoo/dataset/coco128/images/train2017/000000000094.jpg: 46.737 ms
/ultralytics/zoo/dataset/coco128/images/train2017/000000000109.jpg: 125.298 ms
/ultralytics/zoo/dataset/coco128/images/train2017/000000000110.jpg: 163.956 ms
/ultralytics/zoo/dataset/coco128/images/train2017/000000000113.jpg: 167.647 ms
/ultralytics/zoo/dataset/coco128/images/train2017/000000000127.jpg: 103.052 ms
/ultralytics/zoo/dataset/coco128/images/train2017/000000000133.jpg: 39.448 ms
/ultralytics/zoo/dataset/coco128/images/train2017/000000000136.jpg: 71.185 ms
/ultralytics/zoo/dataset/coco128/images/train2017/000000000138.jpg: 104.751 ms
/ultralytics/zoo/dataset/coco128/images/train2017/000000000142.jpg: 73.004 ms
/ultralytics/zoo/dataset/coco128/images/train2017/000000000143.jpg: 149.650 ms
/ultralytics/zoo/dataset/coco128/images/train2017/000000000144.jpg: 68.221 ms
/ultralytics/zoo/dataset/coco128/images/train2017/000000000149.jpg: 97.828 ms
/ultralytics/zoo/dataset/coco128/images/train2017/000000000151.jpg: 45.105 ms
/ultralytics/zoo/dataset/coco128/images/train2017/000000000154.jpg: 46.836 ms
/ultralytics/zoo/dataset/coco128/images/train2017/000000000164.jpg: 52.533 ms
/ultralytics/zoo/dataset/coco128/images/train2017/000000000165.jpg: 38.866 ms
/ultralytics/zoo/dataset/coco128/images/train2017/000000000192.jpg: 52.521 ms
/ultralytics/zoo/dataset/coco128/images/train2017/000000000194.jpg: 45.783 ms
/ultralytics/zoo/dataset/coco128/images/train2017/000000000196.jpg: 115.679 ms
/ultralytics/zoo/dataset/coco128/images/train2017/000000000201.jpg: 38.115 ms
/ultralytics/zoo/dataset/coco128/images/train2017/000000000208.jpg: 35.492 ms
/ultralytics/zoo/dataset/coco128/images/train2017/000000000241.jpg: 54.418 ms
/ultralytics/zoo/dataset/coco128/images/train2017/000000000247.jpg: 36.467 ms
/ultralytics/zoo/dataset/coco128/images/train2017/000000000250.jpg: 22.568 ms
/ultralytics/zoo/dataset/coco128/images/train2017/000000000257.jpg: 96.690 ms
/ultralytics/zoo/dataset/coco128/images/train2017/000000000260.jpg: 43.470 ms
/ultralytics/zoo/dataset/coco128/images/train2017/000000000263.jpg: 30.062 ms
/ultralytics/zoo/dataset/coco128/images/train2017/000000000283.jpg: 43.850 ms
/ultralytics/zoo/dataset/coco128/images/train2017/000000000294.jpg: 39.696 ms
/ultralytics/zoo/dataset/coco128/images/train2017/000000000307.jpg: 37.631 ms
/ultralytics/zoo/dataset/coco128/images/train2017/000000000308.jpg: 73.796 ms
/ultralytics/zoo/dataset/coco128/images/train2017/000000000309.jpg: 46.332 ms
/ultralytics/zoo/dataset/coco128/images/train2017/000000000312.jpg: 41.551 ms
/ultralytics/zoo/dataset/coco128/images/train2017/000000000315.jpg: 99.867 ms
/ultralytics/zoo/dataset/coco128/images/train2017/000000000321.jpg: 31.786 ms
/ultralytics/zoo/dataset/coco128/images/train2017/000000000322.jpg: 34.590 ms
/ultralytics/zoo/dataset/coco128/images/train2017/000000000326.jpg: 29.432 ms
/ultralytics/zoo/dataset/coco128/images/train2017/000000000328.jpg: 42.786 ms
/ultralytics/zoo/dataset/coco128/images/train2017/000000000332.jpg: 53.746 ms
/ultralytics/zoo/dataset/coco128/images/train2017/000000000338.jpg: 41.630 ms
/ultralytics/zoo/dataset/coco128/images/train2017/000000000349.jpg: 23.385 ms
/ultralytics/zoo/dataset/coco128/images/train2017/000000000357.jpg: 29.094 ms
/ultralytics/zoo/dataset/coco128/images/train2017/000000000359.jpg: 25.379 ms
/ultralytics/zoo/dataset/coco128/images/train2017/000000000360.jpg: 21.431 ms
/ultralytics/zoo/dataset/coco128/images/train2017/000000000368.jpg: 33.097 ms
/ultralytics/zoo/dataset/coco128/images/train2017/000000000370.jpg: 20.953 ms
/ultralytics/zoo/dataset/coco128/images/train2017/000000000382.jpg: 21.697 ms
/ultralytics/zoo/dataset/coco128/images/train2017/000000000384.jpg: 27.103 ms
/ultralytics/zoo/dataset/coco128/images/train2017/000000000387.jpg: 19.608 ms
/ultralytics/zoo/dataset/coco128/images/train2017/000000000389.jpg: 31.391 ms
/ultralytics/zoo/dataset/coco128/images/train2017/000000000394.jpg: 21.411 ms
/ultralytics/zoo/dataset/coco128/images/train2017/000000000395.jpg: 29.750 ms
/ultralytics/zoo/dataset/coco128/images/train2017/000000000397.jpg: 20.282 ms
/ultralytics/zoo/dataset/coco128/images/train2017/000000000400.jpg: 21.189 ms
/ultralytics/zoo/dataset/coco128/images/train2017/000000000404.jpg: 19.483 ms
/ultralytics/zoo/dataset/coco128/images/train2017/000000000415.jpg: 22.170 ms
/ultralytics/zoo/dataset/coco128/images/train2017/000000000419.jpg: 22.833 ms
/ultralytics/zoo/dataset/coco128/images/train2017/000000000428.jpg: 20.063 ms
/ultralytics/zoo/dataset/coco128/images/train2017/000000000431.jpg: 21.944 ms
/ultralytics/zoo/dataset/coco128/images/train2017/000000000436.jpg: 22.261 ms
/ultralytics/zoo/dataset/coco128/images/train2017/000000000438.jpg: 48.984 ms
/ultralytics/zoo/dataset/coco128/images/train2017/000000000443.jpg: 27.851 ms
/ultralytics/zoo/dataset/coco128/images/train2017/000000000446.jpg: 21.813 ms
/ultralytics/zoo/dataset/coco128/images/train2017/000000000450.jpg: 29.119 ms
/ultralytics/zoo/dataset/coco128/images/train2017/000000000459.jpg: 22.809 ms
/ultralytics/zoo/dataset/coco128/images/train2017/000000000471.jpg: 20.392 ms
/ultralytics/zoo/dataset/coco128/images/train2017/000000000472.jpg: 18.694 ms
/ultralytics/zoo/dataset/coco128/images/train2017/000000000474.jpg: 24.239 ms
/ultralytics/zoo/dataset/coco128/images/train2017/000000000486.jpg: 22.384 ms
/ultralytics/zoo/dataset/coco128/images/train2017/000000000488.jpg: 27.430 ms
/ultralytics/zoo/dataset/coco128/images/train2017/000000000490.jpg: 25.268 ms
/ultralytics/zoo/dataset/coco128/images/train2017/000000000491.jpg: 27.265 ms
/ultralytics/zoo/dataset/coco128/images/train2017/000000000502.jpg: 20.830 ms
/ultralytics/zoo/dataset/coco128/images/train2017/000000000508.jpg: 16.594 ms
/ultralytics/zoo/dataset/coco128/images/train2017/000000000510.jpg: 23.576 ms
/ultralytics/zoo/dataset/coco128/images/train2017/000000000514.jpg: 21.369 ms
/ultralytics/zoo/dataset/coco128/images/train2017/000000000520.jpg: 29.690 ms
/ultralytics/zoo/dataset/coco128/images/train2017/000000000529.jpg: 23.348 ms
/ultralytics/zoo/dataset/coco128/images/train2017/000000000531.jpg: 35.904 ms
/ultralytics/zoo/dataset/coco128/images/train2017/000000000532.jpg: 27.875 ms
/ultralytics/zoo/dataset/coco128/images/train2017/000000000536.jpg: 28.199 ms
avg: 46.577 ms

