[yolo11n-cls] dataset=/ultralytics/zoo/dataset/CIFAR100 count=100 imgsz=224
Using CUDA runtime cudaDeviceSynchronize() for accurate TensorRT synchronization
/ultralytics/zoo/dataset/CIFAR100/airplane/data_batch_1_00029.png: 8.895 ms
/ultralytics/zoo/dataset/CIFAR100/airplane/data_batch_1_00030.png: 6.571 ms
/ultralytics/zoo/dataset/CIFAR100/airplane/data_batch_1_00035.png: 7.325 ms
/ultralytics/zoo/dataset/CIFAR100/airplane/data_batch_1_00049.png: 6.649 ms
/ultralytics/zoo/dataset/CIFAR100/airplane/data_batch_1_00077.png: 6.302 ms
/ultralytics/zoo/dataset/CIFAR100/airplane/data_batch_1_00093.png: 6.420 ms
/ultralytics/zoo/dataset/CIFAR100/airplane/data_batch_1_00115.png: 6.531 ms
/ultralytics/zoo/dataset/CIFAR100/airplane/data_batch_1_00116.png: 7.113 ms
/ultralytics/zoo/dataset/CIFAR100/airplane/data_batch_1_00129.png: 7.495 ms
/ultralytics/zoo/dataset/CIFAR100/airplane/data_batch_1_00165.png: 7.541 ms
/ultralytics/zoo/dataset/CIFAR100/automobile/data_batch_1_00004.png: 6.191 ms
/ultralytics/zoo/dataset/CIFAR100/automobile/data_batch_1_00005.png: 7.697 ms
/ultralytics/zoo/dataset/CIFAR100/automobile/data_batch_1_00032.png: 6.210 ms
/ultralytics/zoo/dataset/CIFAR100/automobile/data_batch_1_00044.png: 6.536 ms
/ultralytics/zoo/dataset/CIFAR100/automobile/data_batch_1_00045.png: 8.910 ms
/ultralytics/zoo/dataset/CIFAR100/automobile/data_batch_1_00046.png: 6.849 ms
/ultralytics/zoo/dataset/CIFAR100/automobile/data_batch_1_00060.png: 6.242 ms
/ultralytics/zoo/dataset/CIFAR100/automobile/data_batch_1_00061.png: 6.432 ms
/ultralytics/zoo/dataset/CIFAR100/automobile/data_batch_1_00064.png: 7.009 ms
/ultralytics/zoo/dataset/CIFAR100/automobile/data_batch_1_00065.png: 7.719 ms
/ultralytics/zoo/dataset/CIFAR100/bird/data_batch_1_00006.png: 7.436 ms
/ultralytics/zoo/dataset/CIFAR100/bird/data_batch_1_00013.png: 6.707 ms
/ultralytics/zoo/dataset/CIFAR100/bird/data_batch_1_00018.png: 9.686 ms
/ultralytics/zoo/dataset/CIFAR100/bird/data_batch_1_00024.png: 7.171 ms
/ultralytics/zoo/dataset/CIFAR100/bird/data_batch_1_00041.png: 7.069 ms
/ultralytics/zoo/dataset/CIFAR100/bird/data_batch_1_00042.png: 7.359 ms
/ultralytics/zoo/dataset/CIFAR100/bird/data_batch_1_00047.png: 7.490 ms
/ultralytics/zoo/dataset/CIFAR100/bird/data_batch_1_00048.png: 6.162 ms
/ultralytics/zoo/dataset/CIFAR100/bird/data_batch_1_00054.png: 7.402 ms
/ultralytics/zoo/dataset/CIFAR100/bird/data_batch_1_00055.png: 7.466 ms
/ultralytics/zoo/dataset/CIFAR100/cat/data_batch_1_00009.png: 6.179 ms
/ultralytics/zoo/dataset/CIFAR100/cat/data_batch_1_00017.png: 7.869 ms
/ultralytics/zoo/dataset/CIFAR100/cat/data_batch_1_00021.png: 7.647 ms
/ultralytics/zoo/dataset/CIFAR100/cat/data_batch_1_00026.png: 7.528 ms
/ultralytics/zoo/dataset/CIFAR100/cat/data_batch_1_00033.png: 6.411 ms
/ultralytics/zoo/dataset/CIFAR100/cat/data_batch_1_00036.png: 6.869 ms
/ultralytics/zoo/dataset/CIFAR100/cat/data_batch_1_00038.png: 7.393 ms
/ultralytics/zoo/dataset/CIFAR100/cat/data_batch_1_00039.png: 7.355 ms
/ultralytics/zoo/dataset/CIFAR100/cat/data_batch_1_00059.png: 6.494 ms
/ultralytics/zoo/dataset/CIFAR100/cat/data_batch_1_00074.png: 10.718 ms
/ultralytics/zoo/dataset/CIFAR100/deer/data_batch_1_00003.png: 9.066 ms
/ultralytics/zoo/dataset/CIFAR100/deer/data_batch_1_00010.png: 6.715 ms
/ultralytics/zoo/dataset/CIFAR100/deer/data_batch_1_00020.png: 7.974 ms
/ultralytics/zoo/dataset/CIFAR100/deer/data_batch_1_00028.png: 6.791 ms
/ultralytics/zoo/dataset/CIFAR100/deer/data_batch_1_00034.png: 8.085 ms
/ultralytics/zoo/dataset/CIFAR100/deer/data_batch_1_00058.png: 7.043 ms
/ultralytics/zoo/dataset/CIFAR100/deer/data_batch_1_00066.png: 7.666 ms
/ultralytics/zoo/dataset/CIFAR100/deer/data_batch_1_00082.png: 8.884 ms
/ultralytics/zoo/dataset/CIFAR100/deer/data_batch_1_00086.png: 8.554 ms
/ultralytics/zoo/dataset/CIFAR100/deer/data_batch_1_00089.png: 6.502 ms
/ultralytics/zoo/dataset/CIFAR100/dog/data_batch_1_00027.png: 7.669 ms
/ultralytics/zoo/dataset/CIFAR100/dog/data_batch_1_00040.png: 6.768 ms
/ultralytics/zoo/dataset/CIFAR100/dog/data_batch_1_00051.png: 6.650 ms
/ultralytics/zoo/dataset/CIFAR100/dog/data_batch_1_00056.png: 7.856 ms
/ultralytics/zoo/dataset/CIFAR100/dog/data_batch_1_00070.png: 6.661 ms
/ultralytics/zoo/dataset/CIFAR100/dog/data_batch_1_00081.png: 6.189 ms
/ultralytics/zoo/dataset/CIFAR100/dog/data_batch_1_00083.png: 7.841 ms
/ultralytics/zoo/dataset/CIFAR100/dog/data_batch_1_00107.png: 7.050 ms
/ultralytics/zoo/dataset/CIFAR100/dog/data_batch_1_00128.png: 6.748 ms
/ultralytics/zoo/dataset/CIFAR100/dog/data_batch_1_00148.png: 7.228 ms
/ultralytics/zoo/dataset/CIFAR100/frog/data_batch_1_00000.png: 6.832 ms
/ultralytics/zoo/dataset/CIFAR100/frog/data_batch_1_00019.png: 7.864 ms
/ultralytics/zoo/dataset/CIFAR100/frog/data_batch_1_00022.png: 7.835 ms
/ultralytics/zoo/dataset/CIFAR100/frog/data_batch_1_00023.png: 6.938 ms
/ultralytics/zoo/dataset/CIFAR100/frog/data_batch_1_00025.png: 6.320 ms
/ultralytics/zoo/dataset/CIFAR100/frog/data_batch_1_00072.png: 9.200 ms
/ultralytics/zoo/dataset/CIFAR100/frog/data_batch_1_00095.png: 6.248 ms
/ultralytics/zoo/dataset/CIFAR100/frog/data_batch_1_00103.png: 7.755 ms
/ultralytics/zoo/dataset/CIFAR100/frog/data_batch_1_00104.png: 6.384 ms
/ultralytics/zoo/dataset/CIFAR100/frog/data_batch_1_00117.png: 7.767 ms
/ultralytics/zoo/dataset/CIFAR100/horse/data_batch_1_00007.png: 6.404 ms
/ultralytics/zoo/dataset/CIFAR100/horse/data_batch_1_00011.png: 9.384 ms
/ultralytics/zoo/dataset/CIFAR100/horse/data_batch_1_00012.png: 6.224 ms
/ultralytics/zoo/dataset/CIFAR100/horse/data_batch_1_00037.png: 8.375 ms
/ultralytics/zoo/dataset/CIFAR100/horse/data_batch_1_00043.png: 7.053 ms
/ultralytics/zoo/dataset/CIFAR100/horse/data_batch_1_00052.png: 9.006 ms
/ultralytics/zoo/dataset/CIFAR100/horse/data_batch_1_00068.png: 6.603 ms
/ultralytics/zoo/dataset/CIFAR100/horse/data_batch_1_00073.png: 6.304 ms
/ultralytics/zoo/dataset/CIFAR100/horse/data_batch_1_00084.png: 8.323 ms
/ultralytics/zoo/dataset/CIFAR100/horse/data_batch_1_00085.png: 8.026 ms
/ultralytics/zoo/dataset/CIFAR100/ship/data_batch_1_00008.png: 7.073 ms
/ultralytics/zoo/dataset/CIFAR100/ship/data_batch_1_00062.png: 9.287 ms
/ultralytics/zoo/dataset/CIFAR100/ship/data_batch_1_00069.png: 7.656 ms
/ultralytics/zoo/dataset/CIFAR100/ship/data_batch_1_00092.png: 6.508 ms
/ultralytics/zoo/dataset/CIFAR100/ship/data_batch_1_00100.png: 8.538 ms
/ultralytics/zoo/dataset/CIFAR100/ship/data_batch_1_00106.png: 7.295 ms
/ultralytics/zoo/dataset/CIFAR100/ship/data_batch_1_00111.png: 6.884 ms
/ultralytics/zoo/dataset/CIFAR100/ship/data_batch_1_00135.png: 8.668 ms
/ultralytics/zoo/dataset/CIFAR100/ship/data_batch_1_00139.png: 6.559 ms
/ultralytics/zoo/dataset/CIFAR100/ship/data_batch_1_00155.png: 6.322 ms
/ultralytics/zoo/dataset/CIFAR100/truck/data_batch_1_00001.png: 8.391 ms
/ultralytics/zoo/dataset/CIFAR100/truck/data_batch_1_00002.png: 7.841 ms
/ultralytics/zoo/dataset/CIFAR100/truck/data_batch_1_00014.png: 9.164 ms
/ultralytics/zoo/dataset/CIFAR100/truck/data_batch_1_00015.png: 9.835 ms
/ultralytics/zoo/dataset/CIFAR100/truck/data_batch_1_00016.png: 6.359 ms
/ultralytics/zoo/dataset/CIFAR100/truck/data_batch_1_00031.png: 8.388 ms
/ultralytics/zoo/dataset/CIFAR100/truck/data_batch_1_00050.png: 6.846 ms
/ultralytics/zoo/dataset/CIFAR100/truck/data_batch_1_00053.png: 6.678 ms
/ultralytics/zoo/dataset/CIFAR100/truck/data_batch_1_00067.png: 8.096 ms
/ultralytics/zoo/dataset/CIFAR100/truck/data_batch_1_00071.png: 6.334 ms
avg: 7.386 ms
