[yolo11n-obb] dataset=/ultralytics/zoo/dataset/DOTA100/images count=100 imgsz=640
Using CUDA runtime cudaDeviceSynchronize() for accurate TensorRT synchronization
/ultralytics/zoo/dataset/DOTA100/images/train/000000000025.jpg: 36.642 ms
/ultralytics/zoo/dataset/DOTA100/images/train/000000000034.jpg: 25.191 ms
/ultralytics/zoo/dataset/DOTA100/images/train/000000000036.jpg: 34.975 ms
/ultralytics/zoo/dataset/DOTA100/images/train/000000000042.jpg: 30.533 ms
/ultralytics/zoo/dataset/DOTA100/images/train/000000000064.jpg: 34.495 ms
/ultralytics/zoo/dataset/DOTA100/images/train/000000000071.jpg: 36.421 ms
/ultralytics/zoo/dataset/DOTA100/images/train/000000000073.jpg: 30.309 ms
/ultralytics/zoo/dataset/DOTA100/images/train/000000000074.jpg: 45.475 ms
/ultralytics/zoo/dataset/DOTA100/images/train/000000000078.jpg: 38.525 ms
/ultralytics/zoo/dataset/DOTA100/images/train/000000000089.jpg: 37.290 ms
/ultralytics/zoo/dataset/DOTA100/images/train/000000000094.jpg: 22.883 ms
/ultralytics/zoo/dataset/DOTA100/images/train/000000000110.jpg: 28.309 ms
/ultralytics/zoo/dataset/DOTA100/images/train/000000000136.jpg: 24.919 ms
/ultralytics/zoo/dataset/DOTA100/images/train/000000000138.jpg: 24.194 ms
/ultralytics/zoo/dataset/DOTA100/images/train/000000000142.jpg: 36.261 ms
/ultralytics/zoo/dataset/DOTA100/images/train/000000000143.jpg: 23.230 ms
/ultralytics/zoo/dataset/DOTA100/images/train/000000000151.jpg: 29.263 ms
/ultralytics/zoo/dataset/DOTA100/images/train/000000000154.jpg: 26.183 ms
/ultralytics/zoo/dataset/DOTA100/images/train/000000000164.jpg: 22.721 ms
/ultralytics/zoo/dataset/DOTA100/images/train/000000000196.jpg: 25.498 ms
/ultralytics/zoo/dataset/DOTA100/images/train/000000000208.jpg: 26.622 ms
/ultralytics/zoo/dataset/DOTA100/images/train/000000000241.jpg: 32.281 ms
/ultralytics/zoo/dataset/DOTA100/images/train/000000000247.jpg: 19.406 ms
/ultralytics/zoo/dataset/DOTA100/images/train/000000000260.jpg: 20.985 ms
/ultralytics/zoo/dataset/DOTA100/images/train/000000000294.jpg: 30.810 ms
/ultralytics/zoo/dataset/DOTA100/images/train/000000000308.jpg: 19.388 ms
/ultralytics/zoo/dataset/DOTA100/images/train/000000000309.jpg: 33.234 ms
/ultralytics/zoo/dataset/DOTA100/images/train/000000000312.jpg: 18.075 ms
/ultralytics/zoo/dataset/DOTA100/images/train/000000000321.jpg: 18.661 ms
/ultralytics/zoo/dataset/DOTA100/images/train/000000000322.jpg: 28.336 ms
/ultralytics/zoo/dataset/DOTA100/images/train/000000000326.jpg: 18.058 ms
/ultralytics/zoo/dataset/DOTA100/images/train/000000000328.jpg: 24.250 ms
/ultralytics/zoo/dataset/DOTA100/images/train/000000000338.jpg: 18.094 ms
/ultralytics/zoo/dataset/DOTA100/images/train/000000000357.jpg: 20.587 ms
/ultralytics/zoo/dataset/DOTA100/images/train/000000000360.jpg: 23.075 ms
/ultralytics/zoo/dataset/DOTA100/images/train/000000000368.jpg: 20.630 ms
/ultralytics/zoo/dataset/DOTA100/images/train/000000000382.jpg: 24.429 ms
/ultralytics/zoo/dataset/DOTA100/images/train/000000000387.jpg: 30.645 ms
/ultralytics/zoo/dataset/DOTA100/images/train/000000000389.jpg: 23.953 ms
/ultralytics/zoo/dataset/DOTA100/images/train/000000000395.jpg: 19.812 ms
/ultralytics/zoo/dataset/DOTA100/images/train/000000000400.jpg: 24.427 ms
/ultralytics/zoo/dataset/DOTA100/images/train/000000000404.jpg: 23.708 ms
/ultralytics/zoo/dataset/DOTA100/images/train/000000000415.jpg: 23.531 ms
/ultralytics/zoo/dataset/DOTA100/images/train/000000000419.jpg: 19.694 ms
/ultralytics/zoo/dataset/DOTA100/images/train/000000000431.jpg: 22.761 ms
/ultralytics/zoo/dataset/DOTA100/images/train/000000000436.jpg: 19.162 ms
/ultralytics/zoo/dataset/DOTA100/images/train/000000000438.jpg: 31.532 ms
/ultralytics/zoo/dataset/DOTA100/images/train/000000000443.jpg: 15.217 ms
/ultralytics/zoo/dataset/DOTA100/images/train/000000000450.jpg: 15.557 ms
/ultralytics/zoo/dataset/DOTA100/images/train/000000000459.jpg: 21.662 ms
/ultralytics/zoo/dataset/DOTA100/images/train/000000000471.jpg: 15.192 ms
/ultralytics/zoo/dataset/DOTA100/images/train/000000000472.jpg: 18.351 ms
/ultralytics/zoo/dataset/DOTA100/images/train/000000000488.jpg: 20.852 ms
/ultralytics/zoo/dataset/DOTA100/images/train/000000000491.jpg: 26.232 ms
/ultralytics/zoo/dataset/DOTA100/images/train/000000000502.jpg: 16.423 ms
/ultralytics/zoo/dataset/DOTA100/images/train/000000000508.jpg: 19.480 ms
/ultralytics/zoo/dataset/DOTA100/images/train/000000000520.jpg: 21.573 ms
/ultralytics/zoo/dataset/DOTA100/images/train/000000000529.jpg: 16.173 ms
/ultralytics/zoo/dataset/DOTA100/images/train/000000000531.jpg: 18.320 ms
/ultralytics/zoo/dataset/DOTA100/images/train/000000000540.jpg: 22.522 ms
/ultralytics/zoo/dataset/DOTA100/images/train/000000000544.jpg: 31.494 ms
/ultralytics/zoo/dataset/DOTA100/images/train/000000000560.jpg: 24.928 ms
/ultralytics/zoo/dataset/DOTA100/images/train/000000000562.jpg: 15.270 ms
/ultralytics/zoo/dataset/DOTA100/images/train/000000000564.jpg: 22.402 ms
/ultralytics/zoo/dataset/DOTA100/images/train/000000000572.jpg: 15.720 ms
/ultralytics/zoo/dataset/DOTA100/images/train/000000000575.jpg: 19.610 ms
/ultralytics/zoo/dataset/DOTA100/images/train/000000000581.jpg: 19.518 ms
/ultralytics/zoo/dataset/DOTA100/images/train/000000000584.jpg: 17.049 ms
/ultralytics/zoo/dataset/DOTA100/images/train/000000000590.jpg: 20.569 ms
/ultralytics/zoo/dataset/DOTA100/images/train/000000000595.jpg: 19.878 ms
/ultralytics/zoo/dataset/DOTA100/images/train/000000000597.jpg: 14.550 ms
/ultralytics/zoo/dataset/DOTA100/images/train/000000000599.jpg: 24.207 ms
/ultralytics/zoo/dataset/DOTA100/images/train/000000000620.jpg: 16.130 ms
/ultralytics/zoo/dataset/DOTA100/images/train/000000000625.jpg: 20.712 ms
/ultralytics/zoo/dataset/DOTA100/images/train/000000000626.jpg: 27.192 ms
/ultralytics/zoo/dataset/DOTA100/images/train/000000000629.jpg: 20.563 ms
/ultralytics/zoo/dataset/DOTA100/images/train/000000000636.jpg: 21.590 ms
/ultralytics/zoo/dataset/DOTA100/images/train/000000000641.jpg: 15.517 ms
/ultralytics/zoo/dataset/DOTA100/images/train/000000000643.jpg: 25.506 ms
/ultralytics/zoo/dataset/DOTA100/images/train/000000000650.jpg: 20.473 ms
/ultralytics/zoo/dataset/DOTA100/images/val/000000000009.jpg: 15.786 ms
/ultralytics/zoo/dataset/DOTA100/images/val/000000000049.jpg: 23.645 ms
/ultralytics/zoo/dataset/DOTA100/images/val/000000000077.jpg: 18.822 ms
/ultralytics/zoo/dataset/DOTA100/images/val/000000000133.jpg: 18.846 ms
/ultralytics/zoo/dataset/DOTA100/images/val/000000000144.jpg: 23.337 ms
/ultralytics/zoo/dataset/DOTA100/images/val/000000000201.jpg: 21.535 ms
/ultralytics/zoo/dataset/DOTA100/images/val/000000000263.jpg: 16.295 ms
/ultralytics/zoo/dataset/DOTA100/images/val/000000000315.jpg: 16.244 ms
/ultralytics/zoo/dataset/DOTA100/images/val/000000000332.jpg: 17.041 ms
/ultralytics/zoo/dataset/DOTA100/images/val/000000000370.jpg: 15.956 ms
/ultralytics/zoo/dataset/DOTA100/images/val/000000000397.jpg: 25.355 ms
/ultralytics/zoo/dataset/DOTA100/images/val/000000000428.jpg: 15.355 ms
/ultralytics/zoo/dataset/DOTA100/images/val/000000000446.jpg: 22.017 ms
/ultralytics/zoo/dataset/DOTA100/images/val/000000000474.jpg: 20.659 ms
/ultralytics/zoo/dataset/DOTA100/images/val/000000000510.jpg: 23.483 ms
/ultralytics/zoo/dataset/DOTA100/images/val/000000000542.jpg: 18.954 ms
/ultralytics/zoo/dataset/DOTA100/images/val/000000000569.jpg: 16.310 ms
/ultralytics/zoo/dataset/DOTA100/images/val/000000000589.jpg: 16.704 ms
/ultralytics/zoo/dataset/DOTA100/images/val/000000000612.jpg: 28.390 ms
/ultralytics/zoo/dataset/DOTA100/images/val/000000000634.jpg: 16.559 ms
avg: 23.012 ms
