[yolo11n-pose] dataset=/ultralytics/zoo/dataset/coco128/images/train2017 count=100 imgsz=640
/ultralytics/zoo/dataset/coco128/images/train2017/000000000009.jpg: 26.990 ms
/ultralytics/zoo/dataset/coco128/images/train2017/000000000025.jpg: 26.291 ms
/ultralytics/zoo/dataset/coco128/images/train2017/000000000030.jpg: 31.554 ms
/ultralytics/zoo/dataset/coco128/images/train2017/000000000034.jpg: 15.864 ms
/ultralytics/zoo/dataset/coco128/images/train2017/000000000036.jpg: 20.883 ms
/ultralytics/zoo/dataset/coco128/images/train2017/000000000042.jpg: 20.452 ms
/ultralytics/zoo/dataset/coco128/images/train2017/000000000049.jpg: 51.361 ms
/ultralytics/zoo/dataset/coco128/images/train2017/000000000061.jpg: 45.052 ms
/ultralytics/zoo/dataset/coco128/images/train2017/000000000064.jpg: 39.805 ms
/ultralytics/zoo/dataset/coco128/images/train2017/000000000071.jpg: 20.808 ms
/ultralytics/zoo/dataset/coco128/images/train2017/000000000072.jpg: 15.448 ms
/ultralytics/zoo/dataset/coco128/images/train2017/000000000073.jpg: 25.973 ms
/ultralytics/zoo/dataset/coco128/images/train2017/000000000074.jpg: 19.501 ms
/ultralytics/zoo/dataset/coco128/images/train2017/000000000077.jpg: 32.970 ms
/ultralytics/zoo/dataset/coco128/images/train2017/000000000078.jpg: 34.595 ms
/ultralytics/zoo/dataset/coco128/images/train2017/000000000081.jpg: 15.120 ms
/ultralytics/zoo/dataset/coco128/images/train2017/000000000086.jpg: 27.807 ms
/ultralytics/zoo/dataset/coco128/images/train2017/000000000089.jpg: 26.175 ms
/ultralytics/zoo/dataset/coco128/images/train2017/000000000092.jpg: 23.506 ms
/ultralytics/zoo/dataset/coco128/images/train2017/000000000094.jpg: 20.371 ms
/ultralytics/zoo/dataset/coco128/images/train2017/000000000109.jpg: 20.846 ms
/ultralytics/zoo/dataset/coco128/images/train2017/000000000110.jpg: 35.578 ms
/ultralytics/zoo/dataset/coco128/images/train2017/000000000113.jpg: 28.386 ms
/ultralytics/zoo/dataset/coco128/images/train2017/000000000127.jpg: 25.249 ms
/ultralytics/zoo/dataset/coco128/images/train2017/000000000133.jpg: 17.123 ms
/ultralytics/zoo/dataset/coco128/images/train2017/000000000136.jpg: 26.504 ms
/ultralytics/zoo/dataset/coco128/images/train2017/000000000138.jpg: 19.632 ms
/ultralytics/zoo/dataset/coco128/images/train2017/000000000142.jpg: 23.500 ms
/ultralytics/zoo/dataset/coco128/images/train2017/000000000143.jpg: 18.884 ms
/ultralytics/zoo/dataset/coco128/images/train2017/000000000144.jpg: 24.853 ms
/ultralytics/zoo/dataset/coco128/images/train2017/000000000149.jpg: 18.106 ms
/ultralytics/zoo/dataset/coco128/images/train2017/000000000151.jpg: 27.025 ms
/ultralytics/zoo/dataset/coco128/images/train2017/000000000154.jpg: 22.643 ms
/ultralytics/zoo/dataset/coco128/images/train2017/000000000164.jpg: 18.419 ms
/ultralytics/zoo/dataset/coco128/images/train2017/000000000165.jpg: 20.473 ms
/ultralytics/zoo/dataset/coco128/images/train2017/000000000192.jpg: 29.371 ms
/ultralytics/zoo/dataset/coco128/images/train2017/000000000194.jpg: 16.724 ms
/ultralytics/zoo/dataset/coco128/images/train2017/000000000196.jpg: 19.159 ms
/ultralytics/zoo/dataset/coco128/images/train2017/000000000201.jpg: 16.326 ms
/ultralytics/zoo/dataset/coco128/images/train2017/000000000208.jpg: 26.164 ms
/ultralytics/zoo/dataset/coco128/images/train2017/000000000241.jpg: 30.705 ms
/ultralytics/zoo/dataset/coco128/images/train2017/000000000247.jpg: 21.369 ms
/ultralytics/zoo/dataset/coco128/images/train2017/000000000250.jpg: 22.506 ms
/ultralytics/zoo/dataset/coco128/images/train2017/000000000257.jpg: 30.409 ms
/ultralytics/zoo/dataset/coco128/images/train2017/000000000260.jpg: 26.719 ms
/ultralytics/zoo/dataset/coco128/images/train2017/000000000263.jpg: 16.127 ms
/ultralytics/zoo/dataset/coco128/images/train2017/000000000283.jpg: 21.089 ms
/ultralytics/zoo/dataset/coco128/images/train2017/000000000294.jpg: 25.388 ms
/ultralytics/zoo/dataset/coco128/images/train2017/000000000307.jpg: 17.869 ms
/ultralytics/zoo/dataset/coco128/images/train2017/000000000308.jpg: 32.463 ms
/ultralytics/zoo/dataset/coco128/images/train2017/000000000309.jpg: 21.569 ms
/ultralytics/zoo/dataset/coco128/images/train2017/000000000312.jpg: 19.830 ms
/ultralytics/zoo/dataset/coco128/images/train2017/000000000315.jpg: 31.258 ms
/ultralytics/zoo/dataset/coco128/images/train2017/000000000321.jpg: 18.380 ms
/ultralytics/zoo/dataset/coco128/images/train2017/000000000322.jpg: 23.784 ms
/ultralytics/zoo/dataset/coco128/images/train2017/000000000326.jpg: 21.095 ms
/ultralytics/zoo/dataset/coco128/images/train2017/000000000328.jpg: 26.971 ms
/ultralytics/zoo/dataset/coco128/images/train2017/000000000332.jpg: 21.100 ms
/ultralytics/zoo/dataset/coco128/images/train2017/000000000338.jpg: 22.496 ms
/ultralytics/zoo/dataset/coco128/images/train2017/000000000349.jpg: 20.180 ms
/ultralytics/zoo/dataset/coco128/images/train2017/000000000357.jpg: 20.919 ms
/ultralytics/zoo/dataset/coco128/images/train2017/000000000359.jpg: 26.945 ms
/ultralytics/zoo/dataset/coco128/images/train2017/000000000360.jpg: 23.005 ms
/ultralytics/zoo/dataset/coco128/images/train2017/000000000368.jpg: 34.640 ms
/ultralytics/zoo/dataset/coco128/images/train2017/000000000370.jpg: 27.818 ms
/ultralytics/zoo/dataset/coco128/images/train2017/000000000382.jpg: 20.375 ms
/ultralytics/zoo/dataset/coco128/images/train2017/000000000384.jpg: 14.029 ms
/ultralytics/zoo/dataset/coco128/images/train2017/000000000387.jpg: 24.811 ms
/ultralytics/zoo/dataset/coco128/images/train2017/000000000389.jpg: 35.001 ms
/ultralytics/zoo/dataset/coco128/images/train2017/000000000394.jpg: 20.322 ms
/ultralytics/zoo/dataset/coco128/images/train2017/000000000395.jpg: 37.503 ms
/ultralytics/zoo/dataset/coco128/images/train2017/000000000397.jpg: 26.161 ms
/ultralytics/zoo/dataset/coco128/images/train2017/000000000400.jpg: 23.720 ms
/ultralytics/zoo/dataset/coco128/images/train2017/000000000404.jpg: 14.498 ms
/ultralytics/zoo/dataset/coco128/images/train2017/000000000415.jpg: 18.471 ms
/ultralytics/zoo/dataset/coco128/images/train2017/000000000419.jpg: 29.902 ms
/ultralytics/zoo/dataset/coco128/images/train2017/000000000428.jpg: 21.282 ms
/ultralytics/zoo/dataset/coco128/images/train2017/000000000431.jpg: 23.244 ms
/ultralytics/zoo/dataset/coco128/images/train2017/000000000436.jpg: 20.936 ms
/ultralytics/zoo/dataset/coco128/images/train2017/000000000438.jpg: 25.326 ms
/ultralytics/zoo/dataset/coco128/images/train2017/000000000443.jpg: 31.661 ms
/ultralytics/zoo/dataset/coco128/images/train2017/000000000446.jpg: 23.694 ms
/ultralytics/zoo/dataset/coco128/images/train2017/000000000450.jpg: 20.618 ms
/ultralytics/zoo/dataset/coco128/images/train2017/000000000459.jpg: 24.315 ms
/ultralytics/zoo/dataset/coco128/images/train2017/000000000471.jpg: 17.003 ms
/ultralytics/zoo/dataset/coco128/images/train2017/000000000472.jpg: 19.878 ms
/ultralytics/zoo/dataset/coco128/images/train2017/000000000474.jpg: 24.882 ms
/ultralytics/zoo/dataset/coco128/images/train2017/000000000486.jpg: 17.346 ms
/ultralytics/zoo/dataset/coco128/images/train2017/000000000488.jpg: 28.764 ms
/ultralytics/zoo/dataset/coco128/images/train2017/000000000490.jpg: 29.185 ms
/ultralytics/zoo/dataset/coco128/images/train2017/000000000491.jpg: 17.587 ms
/ultralytics/zoo/dataset/coco128/images/train2017/000000000502.jpg: 19.816 ms
/ultralytics/zoo/dataset/coco128/images/train2017/000000000508.jpg: 17.577 ms
/ultralytics/zoo/dataset/coco128/images/train2017/000000000510.jpg: 21.271 ms
/ultralytics/zoo/dataset/coco128/images/train2017/000000000514.jpg: 23.708 ms
/ultralytics/zoo/dataset/coco128/images/train2017/000000000520.jpg: 16.869 ms
/ultralytics/zoo/dataset/coco128/images/train2017/000000000529.jpg: 25.764 ms
/ultralytics/zoo/dataset/coco128/images/train2017/000000000531.jpg: 24.825 ms
/ultralytics/zoo/dataset/coco128/images/train2017/000000000532.jpg: 26.125 ms
/ultralytics/zoo/dataset/coco128/images/train2017/000000000536.jpg: 25.731 ms
avg: 24.123 ms

[yolo11n-obb] dataset=/ultralytics/zoo/dataset/DOTA100/images count=100 imgsz=640
/ultralytics/zoo/dataset/DOTA100/images/train/000000000025.jpg: 43.725 ms
/ultralytics/zoo/dataset/DOTA100/images/train/000000000034.jpg: 40.331 ms
/ultralytics/zoo/dataset/DOTA100/images/train/000000000036.jpg: 42.352 ms
/ultralytics/zoo/dataset/DOTA100/images/train/000000000042.jpg: 31.848 ms
/ultralytics/zoo/dataset/DOTA100/images/train/000000000064.jpg: 32.188 ms
/ultralytics/zoo/dataset/DOTA100/images/train/000000000071.jpg: 31.428 ms
/ultralytics/zoo/dataset/DOTA100/images/train/000000000073.jpg: 25.683 ms
/ultralytics/zoo/dataset/DOTA100/images/train/000000000074.jpg: 38.371 ms
/ultralytics/zoo/dataset/DOTA100/images/train/000000000078.jpg: 38.757 ms
/ultralytics/zoo/dataset/DOTA100/images/train/000000000089.jpg: 23.688 ms
/ultralytics/zoo/dataset/DOTA100/images/train/000000000094.jpg: 25.432 ms
/ultralytics/zoo/dataset/DOTA100/images/train/000000000110.jpg: 23.791 ms
/ultralytics/zoo/dataset/DOTA100/images/train/000000000136.jpg: 22.862 ms
/ultralytics/zoo/dataset/DOTA100/images/train/000000000138.jpg: 19.236 ms
/ultralytics/zoo/dataset/DOTA100/images/train/000000000142.jpg: 32.671 ms
/ultralytics/zoo/dataset/DOTA100/images/train/000000000143.jpg: 29.263 ms
/ultralytics/zoo/dataset/DOTA100/images/train/000000000151.jpg: 22.492 ms
/ultralytics/zoo/dataset/DOTA100/images/train/000000000154.jpg: 21.609 ms
/ultralytics/zoo/dataset/DOTA100/images/train/000000000164.jpg: 16.742 ms
/ultralytics/zoo/dataset/DOTA100/images/train/000000000196.jpg: 31.530 ms
/ultralytics/zoo/dataset/DOTA100/images/train/000000000208.jpg: 16.938 ms
/ultralytics/zoo/dataset/DOTA100/images/train/000000000241.jpg: 27.097 ms
/ultralytics/zoo/dataset/DOTA100/images/train/000000000247.jpg: 16.076 ms
/ultralytics/zoo/dataset/DOTA100/images/train/000000000260.jpg: 21.905 ms
/ultralytics/zoo/dataset/DOTA100/images/train/000000000294.jpg: 29.093 ms
/ultralytics/zoo/dataset/DOTA100/images/train/000000000308.jpg: 20.454 ms
/ultralytics/zoo/dataset/DOTA100/images/train/000000000309.jpg: 27.528 ms
/ultralytics/zoo/dataset/DOTA100/images/train/000000000312.jpg: 15.829 ms
/ultralytics/zoo/dataset/DOTA100/images/train/000000000321.jpg: 18.131 ms
/ultralytics/zoo/dataset/DOTA100/images/train/000000000322.jpg: 25.995 ms
/ultralytics/zoo/dataset/DOTA100/images/train/000000000326.jpg: 22.318 ms
/ultralytics/zoo/dataset/DOTA100/images/train/000000000328.jpg: 21.472 ms
/ultralytics/zoo/dataset/DOTA100/images/train/000000000338.jpg: 17.272 ms
/ultralytics/zoo/dataset/DOTA100/images/train/000000000357.jpg: 19.085 ms
/ultralytics/zoo/dataset/DOTA100/images/train/000000000360.jpg: 25.287 ms
/ultralytics/zoo/dataset/DOTA100/images/train/000000000368.jpg: 22.892 ms
/ultralytics/zoo/dataset/DOTA100/images/train/000000000382.jpg: 15.300 ms
/ultralytics/zoo/dataset/DOTA100/images/train/000000000387.jpg: 27.669 ms
/ultralytics/zoo/dataset/DOTA100/images/train/000000000389.jpg: 27.142 ms
/ultralytics/zoo/dataset/DOTA100/images/train/000000000395.jpg: 23.051 ms
/ultralytics/zoo/dataset/DOTA100/images/train/000000000400.jpg: 19.161 ms
/ultralytics/zoo/dataset/DOTA100/images/train/000000000404.jpg: 21.699 ms
/ultralytics/zoo/dataset/DOTA100/images/train/000000000415.jpg: 23.135 ms
/ultralytics/zoo/dataset/DOTA100/images/train/000000000419.jpg: 15.817 ms
/ultralytics/zoo/dataset/DOTA100/images/train/000000000431.jpg: 16.898 ms
/ultralytics/zoo/dataset/DOTA100/images/train/000000000436.jpg: 22.679 ms
/ultralytics/zoo/dataset/DOTA100/images/train/000000000438.jpg: 24.799 ms
/ultralytics/zoo/dataset/DOTA100/images/train/000000000443.jpg: 21.062 ms
/ultralytics/zoo/dataset/DOTA100/images/train/000000000450.jpg: 18.990 ms
/ultralytics/zoo/dataset/DOTA100/images/train/000000000459.jpg: 27.581 ms
/ultralytics/zoo/dataset/DOTA100/images/train/000000000471.jpg: 17.329 ms
/ultralytics/zoo/dataset/DOTA100/images/train/000000000472.jpg: 13.532 ms
/ultralytics/zoo/dataset/DOTA100/images/train/000000000488.jpg: 19.365 ms
/ultralytics/zoo/dataset/DOTA100/images/train/000000000491.jpg: 27.809 ms
/ultralytics/zoo/dataset/DOTA100/images/train/000000000502.jpg: 14.684 ms
/ultralytics/zoo/dataset/DOTA100/images/train/000000000508.jpg: 24.150 ms
/ultralytics/zoo/dataset/DOTA100/images/train/000000000520.jpg: 27.073 ms
/ultralytics/zoo/dataset/DOTA100/images/train/000000000529.jpg: 18.176 ms
/ultralytics/zoo/dataset/DOTA100/images/train/000000000531.jpg: 15.967 ms
/ultralytics/zoo/dataset/DOTA100/images/train/000000000540.jpg: 29.339 ms
/ultralytics/zoo/dataset/DOTA100/images/train/000000000544.jpg: 23.267 ms
/ultralytics/zoo/dataset/DOTA100/images/train/000000000560.jpg: 30.625 ms
/ultralytics/zoo/dataset/DOTA100/images/train/000000000562.jpg: 21.607 ms
/ultralytics/zoo/dataset/DOTA100/images/train/000000000564.jpg: 19.964 ms
/ultralytics/zoo/dataset/DOTA100/images/train/000000000572.jpg: 17.741 ms
/ultralytics/zoo/dataset/DOTA100/images/train/000000000575.jpg: 24.179 ms
/ultralytics/zoo/dataset/DOTA100/images/train/000000000581.jpg: 25.209 ms
/ultralytics/zoo/dataset/DOTA100/images/train/000000000584.jpg: 14.154 ms
/ultralytics/zoo/dataset/DOTA100/images/train/000000000590.jpg: 24.685 ms
/ultralytics/zoo/dataset/DOTA100/images/train/000000000595.jpg: 15.722 ms
/ultralytics/zoo/dataset/DOTA100/images/train/000000000597.jpg: 15.178 ms
/ultralytics/zoo/dataset/DOTA100/images/train/000000000599.jpg: 26.959 ms
/ultralytics/zoo/dataset/DOTA100/images/train/000000000620.jpg: 19.365 ms
/ultralytics/zoo/dataset/DOTA100/images/train/000000000625.jpg: 21.099 ms
/ultralytics/zoo/dataset/DOTA100/images/train/000000000626.jpg: 24.869 ms
/ultralytics/zoo/dataset/DOTA100/images/train/000000000629.jpg: 25.224 ms
/ultralytics/zoo/dataset/DOTA100/images/train/000000000636.jpg: 27.918 ms
/ultralytics/zoo/dataset/DOTA100/images/train/000000000641.jpg: 18.399 ms
/ultralytics/zoo/dataset/DOTA100/images/train/000000000643.jpg: 30.697 ms
/ultralytics/zoo/dataset/DOTA100/images/train/000000000650.jpg: 19.446 ms
/ultralytics/zoo/dataset/DOTA100/images/val/000000000009.jpg: 19.347 ms
/ultralytics/zoo/dataset/DOTA100/images/val/000000000049.jpg: 23.339 ms
/ultralytics/zoo/dataset/DOTA100/images/val/000000000077.jpg: 21.277 ms
/ultralytics/zoo/dataset/DOTA100/images/val/000000000133.jpg: 18.863 ms
/ultralytics/zoo/dataset/DOTA100/images/val/000000000144.jpg: 30.217 ms
/ultralytics/zoo/dataset/DOTA100/images/val/000000000201.jpg: 33.520 ms
/ultralytics/zoo/dataset/DOTA100/images/val/000000000263.jpg: 22.691 ms
/ultralytics/zoo/dataset/DOTA100/images/val/000000000315.jpg: 19.897 ms
/ultralytics/zoo/dataset/DOTA100/images/val/000000000332.jpg: 21.378 ms
/ultralytics/zoo/dataset/DOTA100/images/val/000000000370.jpg: 19.818 ms
/ultralytics/zoo/dataset/DOTA100/images/val/000000000397.jpg: 23.459 ms
/ultralytics/zoo/dataset/DOTA100/images/val/000000000428.jpg: 17.944 ms
/ultralytics/zoo/dataset/DOTA100/images/val/000000000446.jpg: 17.804 ms
/ultralytics/zoo/dataset/DOTA100/images/val/000000000474.jpg: 19.015 ms
/ultralytics/zoo/dataset/DOTA100/images/val/000000000510.jpg: 27.076 ms
/ultralytics/zoo/dataset/DOTA100/images/val/000000000542.jpg: 18.254 ms
/ultralytics/zoo/dataset/DOTA100/images/val/000000000569.jpg: 19.535 ms
/ultralytics/zoo/dataset/DOTA100/images/val/000000000589.jpg: 13.835 ms
/ultralytics/zoo/dataset/DOTA100/images/val/000000000612.jpg: 25.619 ms
/ultralytics/zoo/dataset/DOTA100/images/val/000000000634.jpg: 19.012 ms
avg: 23.320 ms

[yolo11n-detect] dataset=/ultralytics/zoo/dataset/coco128/images/train2017 count=100 imgsz=640
/ultralytics/zoo/dataset/coco128/images/train2017/000000000009.jpg: 28.402 ms
/ultralytics/zoo/dataset/coco128/images/train2017/000000000025.jpg: 24.591 ms
/ultralytics/zoo/dataset/coco128/images/train2017/000000000030.jpg: 43.915 ms
/ultralytics/zoo/dataset/coco128/images/train2017/000000000034.jpg: 45.639 ms
/ultralytics/zoo/dataset/coco128/images/train2017/000000000036.jpg: 47.828 ms
/ultralytics/zoo/dataset/coco128/images/train2017/000000000042.jpg: 29.757 ms
/ultralytics/zoo/dataset/coco128/images/train2017/000000000049.jpg: 52.931 ms
/ultralytics/zoo/dataset/coco128/images/train2017/000000000061.jpg: 37.389 ms
/ultralytics/zoo/dataset/coco128/images/train2017/000000000064.jpg: 38.878 ms
/ultralytics/zoo/dataset/coco128/images/train2017/000000000071.jpg: 33.968 ms
/ultralytics/zoo/dataset/coco128/images/train2017/000000000072.jpg: 30.220 ms
/ultralytics/zoo/dataset/coco128/images/train2017/000000000073.jpg: 34.942 ms
/ultralytics/zoo/dataset/coco128/images/train2017/000000000074.jpg: 45.888 ms
/ultralytics/zoo/dataset/coco128/images/train2017/000000000077.jpg: 37.752 ms
/ultralytics/zoo/dataset/coco128/images/train2017/000000000078.jpg: 34.986 ms
/ultralytics/zoo/dataset/coco128/images/train2017/000000000081.jpg: 23.743 ms
/ultralytics/zoo/dataset/coco128/images/train2017/000000000086.jpg: 28.390 ms
/ultralytics/zoo/dataset/coco128/images/train2017/000000000089.jpg: 41.348 ms
/ultralytics/zoo/dataset/coco128/images/train2017/000000000092.jpg: 27.837 ms
/ultralytics/zoo/dataset/coco128/images/train2017/000000000094.jpg: 23.818 ms
/ultralytics/zoo/dataset/coco128/images/train2017/000000000109.jpg: 40.875 ms
/ultralytics/zoo/dataset/coco128/images/train2017/000000000110.jpg: 52.558 ms
/ultralytics/zoo/dataset/coco128/images/train2017/000000000113.jpg: 40.761 ms
/ultralytics/zoo/dataset/coco128/images/train2017/000000000127.jpg: 32.468 ms
/ultralytics/zoo/dataset/coco128/images/train2017/000000000133.jpg: 26.662 ms
/ultralytics/zoo/dataset/coco128/images/train2017/000000000136.jpg: 31.081 ms
/ultralytics/zoo/dataset/coco128/images/train2017/000000000138.jpg: 38.741 ms
/ultralytics/zoo/dataset/coco128/images/train2017/000000000142.jpg: 33.018 ms
/ultralytics/zoo/dataset/coco128/images/train2017/000000000143.jpg: 44.298 ms
/ultralytics/zoo/dataset/coco128/images/train2017/000000000144.jpg: 29.741 ms
/ultralytics/zoo/dataset/coco128/images/train2017/000000000149.jpg: 38.387 ms
/ultralytics/zoo/dataset/coco128/images/train2017/000000000151.jpg: 24.830 ms
/ultralytics/zoo/dataset/coco128/images/train2017/000000000154.jpg: 22.571 ms
/ultralytics/zoo/dataset/coco128/images/train2017/000000000164.jpg: 27.606 ms
/ultralytics/zoo/dataset/coco128/images/train2017/000000000165.jpg: 28.468 ms
/ultralytics/zoo/dataset/coco128/images/train2017/000000000192.jpg: 29.685 ms
/ultralytics/zoo/dataset/coco128/images/train2017/000000000194.jpg: 22.759 ms
/ultralytics/zoo/dataset/coco128/images/train2017/000000000196.jpg: 70.943 ms
/ultralytics/zoo/dataset/coco128/images/train2017/000000000201.jpg: 30.024 ms
/ultralytics/zoo/dataset/coco128/images/train2017/000000000208.jpg: 20.157 ms
/ultralytics/zoo/dataset/coco128/images/train2017/000000000241.jpg: 42.434 ms
/ultralytics/zoo/dataset/coco128/images/train2017/000000000247.jpg: 21.990 ms
/ultralytics/zoo/dataset/coco128/images/train2017/000000000250.jpg: 18.445 ms
/ultralytics/zoo/dataset/coco128/images/train2017/000000000257.jpg: 55.918 ms
/ultralytics/zoo/dataset/coco128/images/train2017/000000000260.jpg: 37.392 ms
/ultralytics/zoo/dataset/coco128/images/train2017/000000000263.jpg: 25.722 ms
/ultralytics/zoo/dataset/coco128/images/train2017/000000000283.jpg: 27.495 ms
/ultralytics/zoo/dataset/coco128/images/train2017/000000000294.jpg: 29.480 ms
/ultralytics/zoo/dataset/coco128/images/train2017/000000000307.jpg: 30.178 ms
/ultralytics/zoo/dataset/coco128/images/train2017/000000000308.jpg: 41.413 ms
/ultralytics/zoo/dataset/coco128/images/train2017/000000000309.jpg: 33.134 ms
/ultralytics/zoo/dataset/coco128/images/train2017/000000000312.jpg: 27.872 ms
/ultralytics/zoo/dataset/coco128/images/train2017/000000000315.jpg: 50.451 ms
/ultralytics/zoo/dataset/coco128/images/train2017/000000000321.jpg: 33.790 ms
/ultralytics/zoo/dataset/coco128/images/train2017/000000000322.jpg: 25.650 ms
/ultralytics/zoo/dataset/coco128/images/train2017/000000000326.jpg: 23.313 ms
/ultralytics/zoo/dataset/coco128/images/train2017/000000000328.jpg: 32.976 ms
/ultralytics/zoo/dataset/coco128/images/train2017/000000000332.jpg: 31.366 ms
/ultralytics/zoo/dataset/coco128/images/train2017/000000000338.jpg: 29.502 ms
/ultralytics/zoo/dataset/coco128/images/train2017/000000000349.jpg: 23.767 ms
/ultralytics/zoo/dataset/coco128/images/train2017/000000000357.jpg: 33.305 ms
/ultralytics/zoo/dataset/coco128/images/train2017/000000000359.jpg: 34.398 ms
/ultralytics/zoo/dataset/coco128/images/train2017/000000000360.jpg: 26.518 ms
/ultralytics/zoo/dataset/coco128/images/train2017/000000000368.jpg: 43.053 ms
/ultralytics/zoo/dataset/coco128/images/train2017/000000000370.jpg: 27.112 ms
/ultralytics/zoo/dataset/coco128/images/train2017/000000000382.jpg: 25.797 ms
/ultralytics/zoo/dataset/coco128/images/train2017/000000000384.jpg: 32.065 ms
/ultralytics/zoo/dataset/coco128/images/train2017/000000000387.jpg: 19.456 ms
/ultralytics/zoo/dataset/coco128/images/train2017/000000000389.jpg: 38.842 ms
/ultralytics/zoo/dataset/coco128/images/train2017/000000000394.jpg: 22.157 ms
/ultralytics/zoo/dataset/coco128/images/train2017/000000000395.jpg: 26.330 ms
/ultralytics/zoo/dataset/coco128/images/train2017/000000000397.jpg: 24.619 ms
/ultralytics/zoo/dataset/coco128/images/train2017/000000000400.jpg: 21.195 ms
/ultralytics/zoo/dataset/coco128/images/train2017/000000000404.jpg: 19.359 ms
/ultralytics/zoo/dataset/coco128/images/train2017/000000000415.jpg: 20.281 ms
/ultralytics/zoo/dataset/coco128/images/train2017/000000000419.jpg: 23.209 ms
/ultralytics/zoo/dataset/coco128/images/train2017/000000000428.jpg: 18.089 ms
/ultralytics/zoo/dataset/coco128/images/train2017/000000000431.jpg: 19.322 ms
/ultralytics/zoo/dataset/coco128/images/train2017/000000000436.jpg: 19.538 ms
/ultralytics/zoo/dataset/coco128/images/train2017/000000000438.jpg: 46.647 ms
/ultralytics/zoo/dataset/coco128/images/train2017/000000000443.jpg: 25.002 ms
/ultralytics/zoo/dataset/coco128/images/train2017/000000000446.jpg: 23.286 ms
/ultralytics/zoo/dataset/coco128/images/train2017/000000000450.jpg: 26.733 ms
/ultralytics/zoo/dataset/coco128/images/train2017/000000000459.jpg: 20.416 ms
/ultralytics/zoo/dataset/coco128/images/train2017/000000000471.jpg: 16.673 ms
/ultralytics/zoo/dataset/coco128/images/train2017/000000000472.jpg: 16.137 ms
/ultralytics/zoo/dataset/coco128/images/train2017/000000000474.jpg: 20.493 ms
/ultralytics/zoo/dataset/coco128/images/train2017/000000000486.jpg: 18.533 ms
/ultralytics/zoo/dataset/coco128/images/train2017/000000000488.jpg: 29.909 ms
/ultralytics/zoo/dataset/coco128/images/train2017/000000000490.jpg: 22.787 ms
/ultralytics/zoo/dataset/coco128/images/train2017/000000000491.jpg: 26.210 ms
/ultralytics/zoo/dataset/coco128/images/train2017/000000000502.jpg: 19.039 ms
/ultralytics/zoo/dataset/coco128/images/train2017/000000000508.jpg: 15.221 ms
/ultralytics/zoo/dataset/coco128/images/train2017/000000000510.jpg: 20.019 ms
/ultralytics/zoo/dataset/coco128/images/train2017/000000000514.jpg: 16.778 ms
/ultralytics/zoo/dataset/coco128/images/train2017/000000000520.jpg: 29.229 ms
/ultralytics/zoo/dataset/coco128/images/train2017/000000000529.jpg: 23.564 ms
/ultralytics/zoo/dataset/coco128/images/train2017/000000000531.jpg: 32.375 ms
/ultralytics/zoo/dataset/coco128/images/train2017/000000000532.jpg: 30.130 ms
/ultralytics/zoo/dataset/coco128/images/train2017/000000000536.jpg: 24.791 ms
avg: 30.388 ms

[yolo11n-seg] dataset=/ultralytics/zoo/dataset/coco128/images/train2017 count=100 imgsz=640
/ultralytics/zoo/dataset/coco128/images/train2017/000000000009.jpg: 37.706 ms
/ultralytics/zoo/dataset/coco128/images/train2017/000000000025.jpg: 29.794 ms
/ultralytics/zoo/dataset/coco128/images/train2017/000000000030.jpg: 32.166 ms
/ultralytics/zoo/dataset/coco128/images/train2017/000000000034.jpg: 36.585 ms
/ultralytics/zoo/dataset/coco128/images/train2017/000000000036.jpg: 42.920 ms
/ultralytics/zoo/dataset/coco128/images/train2017/000000000042.jpg: 20.142 ms
/ultralytics/zoo/dataset/coco128/images/train2017/000000000049.jpg: 45.493 ms
/ultralytics/zoo/dataset/coco128/images/train2017/000000000061.jpg: 54.619 ms
/ultralytics/zoo/dataset/coco128/images/train2017/000000000064.jpg: 53.739 ms
/ultralytics/zoo/dataset/coco128/images/train2017/000000000071.jpg: 42.267 ms
/ultralytics/zoo/dataset/coco128/images/train2017/000000000072.jpg: 25.873 ms
/ultralytics/zoo/dataset/coco128/images/train2017/000000000073.jpg: 32.469 ms
/ultralytics/zoo/dataset/coco128/images/train2017/000000000074.jpg: 43.074 ms
/ultralytics/zoo/dataset/coco128/images/train2017/000000000077.jpg: 44.096 ms
/ultralytics/zoo/dataset/coco128/images/train2017/000000000078.jpg: 35.347 ms
/ultralytics/zoo/dataset/coco128/images/train2017/000000000081.jpg: 27.145 ms
/ultralytics/zoo/dataset/coco128/images/train2017/000000000086.jpg: 32.168 ms
/ultralytics/zoo/dataset/coco128/images/train2017/000000000089.jpg: 40.766 ms
/ultralytics/zoo/dataset/coco128/images/train2017/000000000092.jpg: 23.934 ms
/ultralytics/zoo/dataset/coco128/images/train2017/000000000094.jpg: 30.495 ms
/ultralytics/zoo/dataset/coco128/images/train2017/000000000109.jpg: 43.747 ms
/ultralytics/zoo/dataset/coco128/images/train2017/000000000110.jpg: 60.588 ms
/ultralytics/zoo/dataset/coco128/images/train2017/000000000113.jpg: 38.486 ms
/ultralytics/zoo/dataset/coco128/images/train2017/000000000127.jpg: 31.353 ms
/ultralytics/zoo/dataset/coco128/images/train2017/000000000133.jpg: 25.675 ms
/ultralytics/zoo/dataset/coco128/images/train2017/000000000136.jpg: 33.153 ms
/ultralytics/zoo/dataset/coco128/images/train2017/000000000138.jpg: 34.933 ms
/ultralytics/zoo/dataset/coco128/images/train2017/000000000142.jpg: 29.574 ms
/ultralytics/zoo/dataset/coco128/images/train2017/000000000143.jpg: 42.682 ms
/ultralytics/zoo/dataset/coco128/images/train2017/000000000144.jpg: 38.696 ms
/ultralytics/zoo/dataset/coco128/images/train2017/000000000149.jpg: 43.787 ms
/ultralytics/zoo/dataset/coco128/images/train2017/000000000151.jpg: 32.699 ms
/ultralytics/zoo/dataset/coco128/images/train2017/000000000154.jpg: 26.141 ms
/ultralytics/zoo/dataset/coco128/images/train2017/000000000164.jpg: 33.240 ms
/ultralytics/zoo/dataset/coco128/images/train2017/000000000165.jpg: 29.061 ms
/ultralytics/zoo/dataset/coco128/images/train2017/000000000192.jpg: 32.189 ms
/ultralytics/zoo/dataset/coco128/images/train2017/000000000194.jpg: 27.636 ms
/ultralytics/zoo/dataset/coco128/images/train2017/000000000196.jpg: 74.784 ms
/ultralytics/zoo/dataset/coco128/images/train2017/000000000201.jpg: 31.372 ms
/ultralytics/zoo/dataset/coco128/images/train2017/000000000208.jpg: 31.348 ms
/ultralytics/zoo/dataset/coco128/images/train2017/000000000241.jpg: 37.903 ms
/ultralytics/zoo/dataset/coco128/images/train2017/000000000247.jpg: 26.796 ms
/ultralytics/zoo/dataset/coco128/images/train2017/000000000250.jpg: 19.434 ms
/ultralytics/zoo/dataset/coco128/images/train2017/000000000257.jpg: 62.461 ms
/ultralytics/zoo/dataset/coco128/images/train2017/000000000260.jpg: 38.255 ms
/ultralytics/zoo/dataset/coco128/images/train2017/000000000263.jpg: 26.125 ms
/ultralytics/zoo/dataset/coco128/images/train2017/000000000283.jpg: 34.348 ms
/ultralytics/zoo/dataset/coco128/images/train2017/000000000294.jpg: 29.662 ms
/ultralytics/zoo/dataset/coco128/images/train2017/000000000307.jpg: 28.472 ms
/ultralytics/zoo/dataset/coco128/images/train2017/000000000308.jpg: 45.384 ms
/ultralytics/zoo/dataset/coco128/images/train2017/000000000309.jpg: 35.817 ms
/ultralytics/zoo/dataset/coco128/images/train2017/000000000312.jpg: 37.184 ms
/ultralytics/zoo/dataset/coco128/images/train2017/000000000315.jpg: 59.164 ms
/ultralytics/zoo/dataset/coco128/images/train2017/000000000321.jpg: 27.847 ms
/ultralytics/zoo/dataset/coco128/images/train2017/000000000322.jpg: 27.854 ms
/ultralytics/zoo/dataset/coco128/images/train2017/000000000326.jpg: 24.812 ms
/ultralytics/zoo/dataset/coco128/images/train2017/000000000328.jpg: 38.457 ms
/ultralytics/zoo/dataset/coco128/images/train2017/000000000332.jpg: 39.338 ms
/ultralytics/zoo/dataset/coco128/images/train2017/000000000338.jpg: 33.176 ms
/ultralytics/zoo/dataset/coco128/images/train2017/000000000349.jpg: 29.516 ms
/ultralytics/zoo/dataset/coco128/images/train2017/000000000357.jpg: 35.417 ms
/ultralytics/zoo/dataset/coco128/images/train2017/000000000359.jpg: 31.544 ms
/ultralytics/zoo/dataset/coco128/images/train2017/000000000360.jpg: 29.346 ms
/ultralytics/zoo/dataset/coco128/images/train2017/000000000368.jpg: 50.570 ms
/ultralytics/zoo/dataset/coco128/images/train2017/000000000370.jpg: 27.520 ms
/ultralytics/zoo/dataset/coco128/images/train2017/000000000382.jpg: 29.508 ms
/ultralytics/zoo/dataset/coco128/images/train2017/000000000384.jpg: 38.231 ms
/ultralytics/zoo/dataset/coco128/images/train2017/000000000387.jpg: 25.970 ms
/ultralytics/zoo/dataset/coco128/images/train2017/000000000389.jpg: 42.869 ms
/ultralytics/zoo/dataset/coco128/images/train2017/000000000394.jpg: 25.483 ms
/ultralytics/zoo/dataset/coco128/images/train2017/000000000395.jpg: 37.217 ms
/ultralytics/zoo/dataset/coco128/images/train2017/000000000397.jpg: 24.891 ms
/ultralytics/zoo/dataset/coco128/images/train2017/000000000400.jpg: 24.844 ms
/ultralytics/zoo/dataset/coco128/images/train2017/000000000404.jpg: 20.499 ms
/ultralytics/zoo/dataset/coco128/images/train2017/000000000415.jpg: 22.334 ms
/ultralytics/zoo/dataset/coco128/images/train2017/000000000419.jpg: 22.364 ms
/ultralytics/zoo/dataset/coco128/images/train2017/000000000428.jpg: 20.729 ms
/ultralytics/zoo/dataset/coco128/images/train2017/000000000431.jpg: 21.217 ms
/ultralytics/zoo/dataset/coco128/images/train2017/000000000436.jpg: 22.226 ms
/ultralytics/zoo/dataset/coco128/images/train2017/000000000438.jpg: 47.917 ms
/ultralytics/zoo/dataset/coco128/images/train2017/000000000443.jpg: 29.061 ms
/ultralytics/zoo/dataset/coco128/images/train2017/000000000446.jpg: 24.400 ms
/ultralytics/zoo/dataset/coco128/images/train2017/000000000450.jpg: 31.319 ms
/ultralytics/zoo/dataset/coco128/images/train2017/000000000459.jpg: 22.329 ms
/ultralytics/zoo/dataset/coco128/images/train2017/000000000471.jpg: 19.274 ms
/ultralytics/zoo/dataset/coco128/images/train2017/000000000472.jpg: 18.518 ms
/ultralytics/zoo/dataset/coco128/images/train2017/000000000474.jpg: 23.356 ms
/ultralytics/zoo/dataset/coco128/images/train2017/000000000486.jpg: 23.147 ms
/ultralytics/zoo/dataset/coco128/images/train2017/000000000488.jpg: 27.249 ms
/ultralytics/zoo/dataset/coco128/images/train2017/000000000490.jpg: 26.699 ms
/ultralytics/zoo/dataset/coco128/images/train2017/000000000491.jpg: 29.187 ms
/ultralytics/zoo/dataset/coco128/images/train2017/000000000502.jpg: 21.587 ms
/ultralytics/zoo/dataset/coco128/images/train2017/000000000508.jpg: 14.732 ms
/ultralytics/zoo/dataset/coco128/images/train2017/000000000510.jpg: 23.093 ms
/ultralytics/zoo/dataset/coco128/images/train2017/000000000514.jpg: 19.584 ms
/ultralytics/zoo/dataset/coco128/images/train2017/000000000520.jpg: 35.574 ms
/ultralytics/zoo/dataset/coco128/images/train2017/000000000529.jpg: 21.132 ms
/ultralytics/zoo/dataset/coco128/images/train2017/000000000531.jpg: 35.424 ms
/ultralytics/zoo/dataset/coco128/images/train2017/000000000532.jpg: 25.370 ms
/ultralytics/zoo/dataset/coco128/images/train2017/000000000536.jpg: 27.198 ms
avg: 32.729 ms

[yolo11n-cls] dataset=/ultralytics/zoo/dataset/CIFAR100 count=100 imgsz=224
/ultralytics/zoo/dataset/CIFAR100/airplane/data_batch_1_00029.png: 8.918 ms
/ultralytics/zoo/dataset/CIFAR100/airplane/data_batch_1_00030.png: 7.452 ms
/ultralytics/zoo/dataset/CIFAR100/airplane/data_batch_1_00035.png: 7.253 ms
/ultralytics/zoo/dataset/CIFAR100/airplane/data_batch_1_00049.png: 7.172 ms
/ultralytics/zoo/dataset/CIFAR100/airplane/data_batch_1_00077.png: 7.127 ms
/ultralytics/zoo/dataset/CIFAR100/airplane/data_batch_1_00093.png: 7.114 ms
/ultralytics/zoo/dataset/CIFAR100/airplane/data_batch_1_00115.png: 7.014 ms
/ultralytics/zoo/dataset/CIFAR100/airplane/data_batch_1_00116.png: 7.001 ms
/ultralytics/zoo/dataset/CIFAR100/airplane/data_batch_1_00129.png: 7.295 ms
/ultralytics/zoo/dataset/CIFAR100/airplane/data_batch_1_00165.png: 7.259 ms
/ultralytics/zoo/dataset/CIFAR100/automobile/data_batch_1_00004.png: 7.316 ms
/ultralytics/zoo/dataset/CIFAR100/automobile/data_batch_1_00005.png: 7.221 ms
/ultralytics/zoo/dataset/CIFAR100/automobile/data_batch_1_00032.png: 7.121 ms
/ultralytics/zoo/dataset/CIFAR100/automobile/data_batch_1_00044.png: 7.239 ms
/ultralytics/zoo/dataset/CIFAR100/automobile/data_batch_1_00045.png: 7.252 ms
/ultralytics/zoo/dataset/CIFAR100/automobile/data_batch_1_00046.png: 7.238 ms
/ultralytics/zoo/dataset/CIFAR100/automobile/data_batch_1_00060.png: 7.296 ms
/ultralytics/zoo/dataset/CIFAR100/automobile/data_batch_1_00061.png: 7.249 ms
/ultralytics/zoo/dataset/CIFAR100/automobile/data_batch_1_00064.png: 7.299 ms
/ultralytics/zoo/dataset/CIFAR100/automobile/data_batch_1_00065.png: 7.369 ms
/ultralytics/zoo/dataset/CIFAR100/bird/data_batch_1_00006.png: 7.431 ms
/ultralytics/zoo/dataset/CIFAR100/bird/data_batch_1_00013.png: 8.020 ms
/ultralytics/zoo/dataset/CIFAR100/bird/data_batch_1_00018.png: 8.661 ms
/ultralytics/zoo/dataset/CIFAR100/bird/data_batch_1_00024.png: 7.916 ms
/ultralytics/zoo/dataset/CIFAR100/bird/data_batch_1_00041.png: 7.864 ms
/ultralytics/zoo/dataset/CIFAR100/bird/data_batch_1_00042.png: 8.520 ms
/ultralytics/zoo/dataset/CIFAR100/bird/data_batch_1_00047.png: 7.739 ms
/ultralytics/zoo/dataset/CIFAR100/bird/data_batch_1_00048.png: 7.972 ms
/ultralytics/zoo/dataset/CIFAR100/bird/data_batch_1_00054.png: 8.555 ms
/ultralytics/zoo/dataset/CIFAR100/bird/data_batch_1_00055.png: 7.494 ms
/ultralytics/zoo/dataset/CIFAR100/cat/data_batch_1_00009.png: 7.569 ms
/ultralytics/zoo/dataset/CIFAR100/cat/data_batch_1_00017.png: 8.727 ms
/ultralytics/zoo/dataset/CIFAR100/cat/data_batch_1_00021.png: 8.246 ms
/ultralytics/zoo/dataset/CIFAR100/cat/data_batch_1_00026.png: 7.750 ms
/ultralytics/zoo/dataset/CIFAR100/cat/data_batch_1_00033.png: 8.673 ms
/ultralytics/zoo/dataset/CIFAR100/cat/data_batch_1_00036.png: 8.722 ms
/ultralytics/zoo/dataset/CIFAR100/cat/data_batch_1_00038.png: 8.957 ms
/ultralytics/zoo/dataset/CIFAR100/cat/data_batch_1_00039.png: 9.011 ms
/ultralytics/zoo/dataset/CIFAR100/cat/data_batch_1_00059.png: 8.741 ms
/ultralytics/zoo/dataset/CIFAR100/cat/data_batch_1_00074.png: 8.654 ms
/ultralytics/zoo/dataset/CIFAR100/deer/data_batch_1_00003.png: 8.693 ms
/ultralytics/zoo/dataset/CIFAR100/deer/data_batch_1_00010.png: 9.095 ms
/ultralytics/zoo/dataset/CIFAR100/deer/data_batch_1_00020.png: 8.916 ms
/ultralytics/zoo/dataset/CIFAR100/deer/data_batch_1_00028.png: 8.671 ms
/ultralytics/zoo/dataset/CIFAR100/deer/data_batch_1_00034.png: 8.645 ms
/ultralytics/zoo/dataset/CIFAR100/deer/data_batch_1_00058.png: 8.658 ms
/ultralytics/zoo/dataset/CIFAR100/deer/data_batch_1_00066.png: 9.028 ms
/ultralytics/zoo/dataset/CIFAR100/deer/data_batch_1_00082.png: 8.866 ms
/ultralytics/zoo/dataset/CIFAR100/deer/data_batch_1_00086.png: 8.561 ms
/ultralytics/zoo/dataset/CIFAR100/deer/data_batch_1_00089.png: 8.604 ms
/ultralytics/zoo/dataset/CIFAR100/dog/data_batch_1_00027.png: 8.792 ms
/ultralytics/zoo/dataset/CIFAR100/dog/data_batch_1_00040.png: 9.125 ms
/ultralytics/zoo/dataset/CIFAR100/dog/data_batch_1_00051.png: 8.964 ms
/ultralytics/zoo/dataset/CIFAR100/dog/data_batch_1_00056.png: 8.741 ms
/ultralytics/zoo/dataset/CIFAR100/dog/data_batch_1_00070.png: 8.741 ms
/ultralytics/zoo/dataset/CIFAR100/dog/data_batch_1_00081.png: 9.041 ms
/ultralytics/zoo/dataset/CIFAR100/dog/data_batch_1_00083.png: 8.815 ms
/ultralytics/zoo/dataset/CIFAR100/dog/data_batch_1_00107.png: 8.735 ms
/ultralytics/zoo/dataset/CIFAR100/dog/data_batch_1_00128.png: 8.623 ms
/ultralytics/zoo/dataset/CIFAR100/dog/data_batch_1_00148.png: 8.542 ms
/ultralytics/zoo/dataset/CIFAR100/frog/data_batch_1_00000.png: 8.951 ms
/ultralytics/zoo/dataset/CIFAR100/frog/data_batch_1_00019.png: 8.936 ms
/ultralytics/zoo/dataset/CIFAR100/frog/data_batch_1_00022.png: 8.710 ms
/ultralytics/zoo/dataset/CIFAR100/frog/data_batch_1_00023.png: 8.595 ms
/ultralytics/zoo/dataset/CIFAR100/frog/data_batch_1_00025.png: 8.763 ms
/ultralytics/zoo/dataset/CIFAR100/frog/data_batch_1_00072.png: 9.202 ms
/ultralytics/zoo/dataset/CIFAR100/frog/data_batch_1_00095.png: 8.870 ms
/ultralytics/zoo/dataset/CIFAR100/frog/data_batch_1_00103.png: 8.884 ms
/ultralytics/zoo/dataset/CIFAR100/frog/data_batch_1_00104.png: 8.806 ms
/ultralytics/zoo/dataset/CIFAR100/frog/data_batch_1_00117.png: 9.020 ms
/ultralytics/zoo/dataset/CIFAR100/horse/data_batch_1_00007.png: 8.994 ms
/ultralytics/zoo/dataset/CIFAR100/horse/data_batch_1_00011.png: 8.775 ms
/ultralytics/zoo/dataset/CIFAR100/horse/data_batch_1_00012.png: 9.012 ms
/ultralytics/zoo/dataset/CIFAR100/horse/data_batch_1_00037.png: 9.025 ms
/ultralytics/zoo/dataset/CIFAR100/horse/data_batch_1_00043.png: 9.172 ms
/ultralytics/zoo/dataset/CIFAR100/horse/data_batch_1_00052.png: 8.998 ms
/ultralytics/zoo/dataset/CIFAR100/horse/data_batch_1_00068.png: 10.789 ms
/ultralytics/zoo/dataset/CIFAR100/horse/data_batch_1_00073.png: 8.870 ms
/ultralytics/zoo/dataset/CIFAR100/horse/data_batch_1_00084.png: 8.869 ms
/ultralytics/zoo/dataset/CIFAR100/horse/data_batch_1_00085.png: 8.981 ms
/ultralytics/zoo/dataset/CIFAR100/ship/data_batch_1_00008.png: 8.884 ms
/ultralytics/zoo/dataset/CIFAR100/ship/data_batch_1_00062.png: 8.835 ms
/ultralytics/zoo/dataset/CIFAR100/ship/data_batch_1_00069.png: 8.604 ms
/ultralytics/zoo/dataset/CIFAR100/ship/data_batch_1_00092.png: 8.713 ms
/ultralytics/zoo/dataset/CIFAR100/ship/data_batch_1_00100.png: 8.972 ms
/ultralytics/zoo/dataset/CIFAR100/ship/data_batch_1_00106.png: 8.951 ms
/ultralytics/zoo/dataset/CIFAR100/ship/data_batch_1_00111.png: 8.787 ms
/ultralytics/zoo/dataset/CIFAR100/ship/data_batch_1_00135.png: 8.689 ms
/ultralytics/zoo/dataset/CIFAR100/ship/data_batch_1_00139.png: 8.594 ms
/ultralytics/zoo/dataset/CIFAR100/ship/data_batch_1_00155.png: 9.010 ms
/ultralytics/zoo/dataset/CIFAR100/truck/data_batch_1_00001.png: 8.937 ms
/ultralytics/zoo/dataset/CIFAR100/truck/data_batch_1_00002.png: 8.796 ms
/ultralytics/zoo/dataset/CIFAR100/truck/data_batch_1_00014.png: 8.870 ms
/ultralytics/zoo/dataset/CIFAR100/truck/data_batch_1_00015.png: 8.787 ms
/ultralytics/zoo/dataset/CIFAR100/truck/data_batch_1_00016.png: 8.913 ms
/ultralytics/zoo/dataset/CIFAR100/truck/data_batch_1_00031.png: 8.814 ms
/ultralytics/zoo/dataset/CIFAR100/truck/data_batch_1_00050.png: 8.613 ms
/ultralytics/zoo/dataset/CIFAR100/truck/data_batch_1_00053.png: 8.642 ms
/ultralytics/zoo/dataset/CIFAR100/truck/data_batch_1_00067.png: 8.632 ms
/ultralytics/zoo/dataset/CIFAR100/truck/data_batch_1_00071.png: 8.902 ms
avg: 8.434 ms

