[yolo11n-cls] dataset=/ultralytics/zoo/dataset/CIFAR100 count=100 imgsz=224
/ultralytics/zoo/dataset/CIFAR100/airplane/data_batch_1_00029.png: 8.918 ms
/ultralytics/zoo/dataset/CIFAR100/airplane/data_batch_1_00030.png: 7.452 ms
/ultralytics/zoo/dataset/CIFAR100/airplane/data_batch_1_00035.png: 7.253 ms
/ultralytics/zoo/dataset/CIFAR100/airplane/data_batch_1_00049.png: 7.172 ms
/ultralytics/zoo/dataset/CIFAR100/airplane/data_batch_1_00077.png: 7.127 ms
/ultralytics/zoo/dataset/CIFAR100/airplane/data_batch_1_00093.png: 7.114 ms
/ultralytics/zoo/dataset/CIFAR100/airplane/data_batch_1_00115.png: 7.014 ms
/ultralytics/zoo/dataset/CIFAR100/airplane/data_batch_1_00116.png: 7.001 ms
/ultralytics/zoo/dataset/CIFAR100/airplane/data_batch_1_00129.png: 7.295 ms
/ultralytics/zoo/dataset/CIFAR100/airplane/data_batch_1_00165.png: 7.259 ms
/ultralytics/zoo/dataset/CIFAR100/automobile/data_batch_1_00004.png: 7.316 ms
/ultralytics/zoo/dataset/CIFAR100/automobile/data_batch_1_00005.png: 7.221 ms
/ultralytics/zoo/dataset/CIFAR100/automobile/data_batch_1_00032.png: 7.121 ms
/ultralytics/zoo/dataset/CIFAR100/automobile/data_batch_1_00044.png: 7.239 ms
/ultralytics/zoo/dataset/CIFAR100/automobile/data_batch_1_00045.png: 7.252 ms
/ultralytics/zoo/dataset/CIFAR100/automobile/data_batch_1_00046.png: 7.238 ms
/ultralytics/zoo/dataset/CIFAR100/automobile/data_batch_1_00060.png: 7.296 ms
/ultralytics/zoo/dataset/CIFAR100/automobile/data_batch_1_00061.png: 7.249 ms
/ultralytics/zoo/dataset/CIFAR100/automobile/data_batch_1_00064.png: 7.299 ms
/ultralytics/zoo/dataset/CIFAR100/automobile/data_batch_1_00065.png: 7.369 ms
/ultralytics/zoo/dataset/CIFAR100/bird/data_batch_1_00006.png: 7.431 ms
/ultralytics/zoo/dataset/CIFAR100/bird/data_batch_1_00013.png: 8.020 ms
/ultralytics/zoo/dataset/CIFAR100/bird/data_batch_1_00018.png: 8.661 ms
/ultralytics/zoo/dataset/CIFAR100/bird/data_batch_1_00024.png: 7.916 ms
/ultralytics/zoo/dataset/CIFAR100/bird/data_batch_1_00041.png: 7.864 ms
/ultralytics/zoo/dataset/CIFAR100/bird/data_batch_1_00042.png: 8.520 ms
/ultralytics/zoo/dataset/CIFAR100/bird/data_batch_1_00047.png: 7.739 ms
/ultralytics/zoo/dataset/CIFAR100/bird/data_batch_1_00048.png: 7.972 ms
/ultralytics/zoo/dataset/CIFAR100/bird/data_batch_1_00054.png: 8.555 ms
/ultralytics/zoo/dataset/CIFAR100/bird/data_batch_1_00055.png: 7.494 ms
/ultralytics/zoo/dataset/CIFAR100/cat/data_batch_1_00009.png: 7.569 ms
/ultralytics/zoo/dataset/CIFAR100/cat/data_batch_1_00017.png: 8.727 ms
/ultralytics/zoo/dataset/CIFAR100/cat/data_batch_1_00021.png: 8.246 ms
/ultralytics/zoo/dataset/CIFAR100/cat/data_batch_1_00026.png: 7.750 ms
/ultralytics/zoo/dataset/CIFAR100/cat/data_batch_1_00033.png: 8.673 ms
/ultralytics/zoo/dataset/CIFAR100/cat/data_batch_1_00036.png: 8.722 ms
/ultralytics/zoo/dataset/CIFAR100/cat/data_batch_1_00038.png: 8.957 ms
/ultralytics/zoo/dataset/CIFAR100/cat/data_batch_1_00039.png: 9.011 ms
/ultralytics/zoo/dataset/CIFAR100/cat/data_batch_1_00059.png: 8.741 ms
/ultralytics/zoo/dataset/CIFAR100/cat/data_batch_1_00074.png: 8.654 ms
/ultralytics/zoo/dataset/CIFAR100/deer/data_batch_1_00003.png: 8.693 ms
/ultralytics/zoo/dataset/CIFAR100/deer/data_batch_1_00010.png: 9.095 ms
/ultralytics/zoo/dataset/CIFAR100/deer/data_batch_1_00020.png: 8.916 ms
/ultralytics/zoo/dataset/CIFAR100/deer/data_batch_1_00028.png: 8.671 ms
/ultralytics/zoo/dataset/CIFAR100/deer/data_batch_1_00034.png: 8.645 ms
/ultralytics/zoo/dataset/CIFAR100/deer/data_batch_1_00058.png: 8.658 ms
/ultralytics/zoo/dataset/CIFAR100/deer/data_batch_1_00066.png: 9.028 ms
/ultralytics/zoo/dataset/CIFAR100/deer/data_batch_1_00082.png: 8.866 ms
/ultralytics/zoo/dataset/CIFAR100/deer/data_batch_1_00086.png: 8.561 ms
/ultralytics/zoo/dataset/CIFAR100/deer/data_batch_1_00089.png: 8.604 ms
/ultralytics/zoo/dataset/CIFAR100/dog/data_batch_1_00027.png: 8.792 ms
/ultralytics/zoo/dataset/CIFAR100/dog/data_batch_1_00040.png: 9.125 ms
/ultralytics/zoo/dataset/CIFAR100/dog/data_batch_1_00051.png: 8.964 ms
/ultralytics/zoo/dataset/CIFAR100/dog/data_batch_1_00056.png: 8.741 ms
/ultralytics/zoo/dataset/CIFAR100/dog/data_batch_1_00070.png: 8.741 ms
/ultralytics/zoo/dataset/CIFAR100/dog/data_batch_1_00081.png: 9.041 ms
/ultralytics/zoo/dataset/CIFAR100/dog/data_batch_1_00083.png: 8.815 ms
/ultralytics/zoo/dataset/CIFAR100/dog/data_batch_1_00107.png: 8.735 ms
/ultralytics/zoo/dataset/CIFAR100/dog/data_batch_1_00128.png: 8.623 ms
/ultralytics/zoo/dataset/CIFAR100/dog/data_batch_1_00148.png: 8.542 ms
/ultralytics/zoo/dataset/CIFAR100/frog/data_batch_1_00000.png: 8.951 ms
/ultralytics/zoo/dataset/CIFAR100/frog/data_batch_1_00019.png: 8.936 ms
/ultralytics/zoo/dataset/CIFAR100/frog/data_batch_1_00022.png: 8.710 ms
/ultralytics/zoo/dataset/CIFAR100/frog/data_batch_1_00023.png: 8.595 ms
/ultralytics/zoo/dataset/CIFAR100/frog/data_batch_1_00025.png: 8.763 ms
/ultralytics/zoo/dataset/CIFAR100/frog/data_batch_1_00072.png: 9.202 ms
/ultralytics/zoo/dataset/CIFAR100/frog/data_batch_1_00095.png: 8.870 ms
/ultralytics/zoo/dataset/CIFAR100/frog/data_batch_1_00103.png: 8.884 ms
/ultralytics/zoo/dataset/CIFAR100/frog/data_batch_1_00104.png: 8.806 ms
/ultralytics/zoo/dataset/CIFAR100/frog/data_batch_1_00117.png: 9.020 ms
/ultralytics/zoo/dataset/CIFAR100/horse/data_batch_1_00007.png: 8.994 ms
/ultralytics/zoo/dataset/CIFAR100/horse/data_batch_1_00011.png: 8.775 ms
/ultralytics/zoo/dataset/CIFAR100/horse/data_batch_1_00012.png: 9.012 ms
/ultralytics/zoo/dataset/CIFAR100/horse/data_batch_1_00037.png: 9.025 ms
/ultralytics/zoo/dataset/CIFAR100/horse/data_batch_1_00043.png: 9.172 ms
/ultralytics/zoo/dataset/CIFAR100/horse/data_batch_1_00052.png: 8.998 ms
/ultralytics/zoo/dataset/CIFAR100/horse/data_batch_1_00068.png: 10.789 ms
/ultralytics/zoo/dataset/CIFAR100/horse/data_batch_1_00073.png: 8.870 ms
/ultralytics/zoo/dataset/CIFAR100/horse/data_batch_1_00084.png: 8.869 ms
/ultralytics/zoo/dataset/CIFAR100/horse/data_batch_1_00085.png: 8.981 ms
/ultralytics/zoo/dataset/CIFAR100/ship/data_batch_1_00008.png: 8.884 ms
/ultralytics/zoo/dataset/CIFAR100/ship/data_batch_1_00062.png: 8.835 ms
/ultralytics/zoo/dataset/CIFAR100/ship/data_batch_1_00069.png: 8.604 ms
/ultralytics/zoo/dataset/CIFAR100/ship/data_batch_1_00092.png: 8.713 ms
/ultralytics/zoo/dataset/CIFAR100/ship/data_batch_1_00100.png: 8.972 ms
/ultralytics/zoo/dataset/CIFAR100/ship/data_batch_1_00106.png: 8.951 ms
/ultralytics/zoo/dataset/CIFAR100/ship/data_batch_1_00111.png: 8.787 ms
/ultralytics/zoo/dataset/CIFAR100/ship/data_batch_1_00135.png: 8.689 ms
/ultralytics/zoo/dataset/CIFAR100/ship/data_batch_1_00139.png: 8.594 ms
/ultralytics/zoo/dataset/CIFAR100/ship/data_batch_1_00155.png: 9.010 ms
/ultralytics/zoo/dataset/CIFAR100/truck/data_batch_1_00001.png: 8.937 ms
/ultralytics/zoo/dataset/CIFAR100/truck/data_batch_1_00002.png: 8.796 ms
/ultralytics/zoo/dataset/CIFAR100/truck/data_batch_1_00014.png: 8.870 ms
/ultralytics/zoo/dataset/CIFAR100/truck/data_batch_1_00015.png: 8.787 ms
/ultralytics/zoo/dataset/CIFAR100/truck/data_batch_1_00016.png: 8.913 ms
/ultralytics/zoo/dataset/CIFAR100/truck/data_batch_1_00031.png: 8.814 ms
/ultralytics/zoo/dataset/CIFAR100/truck/data_batch_1_00050.png: 8.613 ms
/ultralytics/zoo/dataset/CIFAR100/truck/data_batch_1_00053.png: 8.642 ms
/ultralytics/zoo/dataset/CIFAR100/truck/data_batch_1_00067.png: 8.632 ms
/ultralytics/zoo/dataset/CIFAR100/truck/data_batch_1_00071.png: 8.902 ms
avg: 8.434 ms
