[yolo11n-obb] dataset=/ultralytics/zoo/dataset/DOTA100/images count=100 imgsz=640
Using CUDA runtime cudaDeviceSynchronize() for accurate TensorRT synchronization
/ultralytics/zoo/dataset/DOTA100/images/train/000000000025.jpg: 24.197 ms
/ultralytics/zoo/dataset/DOTA100/images/train/000000000034.jpg: 19.715 ms
/ultralytics/zoo/dataset/DOTA100/images/train/000000000036.jpg: 15.119 ms
/ultralytics/zoo/dataset/DOTA100/images/train/000000000042.jpg: 27.196 ms
/ultralytics/zoo/dataset/DOTA100/images/train/000000000064.jpg: 30.698 ms
/ultralytics/zoo/dataset/DOTA100/images/train/000000000071.jpg: 31.191 ms
/ultralytics/zoo/dataset/DOTA100/images/train/000000000073.jpg: 29.330 ms
/ultralytics/zoo/dataset/DOTA100/images/train/000000000074.jpg: 25.847 ms
/ultralytics/zoo/dataset/DOTA100/images/train/000000000078.jpg: 33.681 ms
/ultralytics/zoo/dataset/DOTA100/images/train/000000000089.jpg: 21.576 ms
/ultralytics/zoo/dataset/DOTA100/images/train/000000000094.jpg: 24.532 ms
/ultralytics/zoo/dataset/DOTA100/images/train/000000000110.jpg: 21.767 ms
/ultralytics/zoo/dataset/DOTA100/images/train/000000000136.jpg: 25.644 ms
/ultralytics/zoo/dataset/DOTA100/images/train/000000000138.jpg: 23.874 ms
/ultralytics/zoo/dataset/DOTA100/images/train/000000000142.jpg: 26.954 ms
/ultralytics/zoo/dataset/DOTA100/images/train/000000000143.jpg: 25.715 ms
/ultralytics/zoo/dataset/DOTA100/images/train/000000000151.jpg: 19.643 ms
/ultralytics/zoo/dataset/DOTA100/images/train/000000000154.jpg: 23.488 ms
/ultralytics/zoo/dataset/DOTA100/images/train/000000000164.jpg: 17.008 ms
/ultralytics/zoo/dataset/DOTA100/images/train/000000000196.jpg: 25.189 ms
/ultralytics/zoo/dataset/DOTA100/images/train/000000000208.jpg: 19.266 ms
/ultralytics/zoo/dataset/DOTA100/images/train/000000000241.jpg: 22.935 ms
/ultralytics/zoo/dataset/DOTA100/images/train/000000000247.jpg: 18.153 ms
/ultralytics/zoo/dataset/DOTA100/images/train/000000000260.jpg: 20.347 ms
/ultralytics/zoo/dataset/DOTA100/images/train/000000000294.jpg: 29.430 ms
/ultralytics/zoo/dataset/DOTA100/images/train/000000000308.jpg: 22.728 ms
/ultralytics/zoo/dataset/DOTA100/images/train/000000000309.jpg: 26.364 ms
/ultralytics/zoo/dataset/DOTA100/images/train/000000000312.jpg: 17.204 ms
/ultralytics/zoo/dataset/DOTA100/images/train/000000000321.jpg: 21.656 ms
/ultralytics/zoo/dataset/DOTA100/images/train/000000000322.jpg: 24.522 ms
/ultralytics/zoo/dataset/DOTA100/images/train/000000000326.jpg: 21.470 ms
/ultralytics/zoo/dataset/DOTA100/images/train/000000000328.jpg: 28.670 ms
/ultralytics/zoo/dataset/DOTA100/images/train/000000000338.jpg: 20.266 ms
/ultralytics/zoo/dataset/DOTA100/images/train/000000000357.jpg: 19.591 ms
/ultralytics/zoo/dataset/DOTA100/images/train/000000000360.jpg: 20.991 ms
/ultralytics/zoo/dataset/DOTA100/images/train/000000000368.jpg: 16.604 ms
/ultralytics/zoo/dataset/DOTA100/images/train/000000000382.jpg: 23.097 ms
/ultralytics/zoo/dataset/DOTA100/images/train/000000000387.jpg: 21.407 ms
/ultralytics/zoo/dataset/DOTA100/images/train/000000000389.jpg: 26.144 ms
/ultralytics/zoo/dataset/DOTA100/images/train/000000000395.jpg: 18.313 ms
/ultralytics/zoo/dataset/DOTA100/images/train/000000000400.jpg: 22.765 ms
/ultralytics/zoo/dataset/DOTA100/images/train/000000000404.jpg: 17.735 ms
/ultralytics/zoo/dataset/DOTA100/images/train/000000000415.jpg: 21.845 ms
/ultralytics/zoo/dataset/DOTA100/images/train/000000000419.jpg: 21.003 ms
/ultralytics/zoo/dataset/DOTA100/images/train/000000000431.jpg: 17.663 ms
/ultralytics/zoo/dataset/DOTA100/images/train/000000000436.jpg: 19.442 ms
/ultralytics/zoo/dataset/DOTA100/images/train/000000000438.jpg: 28.642 ms
/ultralytics/zoo/dataset/DOTA100/images/train/000000000443.jpg: 23.855 ms
/ultralytics/zoo/dataset/DOTA100/images/train/000000000450.jpg: 17.165 ms
/ultralytics/zoo/dataset/DOTA100/images/train/000000000459.jpg: 28.829 ms
/ultralytics/zoo/dataset/DOTA100/images/train/000000000471.jpg: 15.729 ms
/ultralytics/zoo/dataset/DOTA100/images/train/000000000472.jpg: 16.574 ms
/ultralytics/zoo/dataset/DOTA100/images/train/000000000488.jpg: 15.928 ms
/ultralytics/zoo/dataset/DOTA100/images/train/000000000491.jpg: 23.749 ms
/ultralytics/zoo/dataset/DOTA100/images/train/000000000502.jpg: 18.625 ms
/ultralytics/zoo/dataset/DOTA100/images/train/000000000508.jpg: 21.725 ms
/ultralytics/zoo/dataset/DOTA100/images/train/000000000520.jpg: 21.517 ms
/ultralytics/zoo/dataset/DOTA100/images/train/000000000529.jpg: 18.932 ms
/ultralytics/zoo/dataset/DOTA100/images/train/000000000531.jpg: 17.216 ms
/ultralytics/zoo/dataset/DOTA100/images/train/000000000540.jpg: 25.338 ms
/ultralytics/zoo/dataset/DOTA100/images/train/000000000544.jpg: 23.065 ms
/ultralytics/zoo/dataset/DOTA100/images/train/000000000560.jpg: 29.777 ms
/ultralytics/zoo/dataset/DOTA100/images/train/000000000562.jpg: 22.037 ms
/ultralytics/zoo/dataset/DOTA100/images/train/000000000564.jpg: 25.470 ms
/ultralytics/zoo/dataset/DOTA100/images/train/000000000572.jpg: 14.005 ms
/ultralytics/zoo/dataset/DOTA100/images/train/000000000575.jpg: 20.117 ms
/ultralytics/zoo/dataset/DOTA100/images/train/000000000581.jpg: 18.116 ms
/ultralytics/zoo/dataset/DOTA100/images/train/000000000584.jpg: 19.327 ms
/ultralytics/zoo/dataset/DOTA100/images/train/000000000590.jpg: 26.704 ms
/ultralytics/zoo/dataset/DOTA100/images/train/000000000595.jpg: 19.985 ms
/ultralytics/zoo/dataset/DOTA100/images/train/000000000597.jpg: 14.555 ms
/ultralytics/zoo/dataset/DOTA100/images/train/000000000599.jpg: 26.829 ms
/ultralytics/zoo/dataset/DOTA100/images/train/000000000620.jpg: 19.002 ms
/ultralytics/zoo/dataset/DOTA100/images/train/000000000625.jpg: 19.003 ms
/ultralytics/zoo/dataset/DOTA100/images/train/000000000626.jpg: 23.675 ms
/ultralytics/zoo/dataset/DOTA100/images/train/000000000629.jpg: 19.943 ms
/ultralytics/zoo/dataset/DOTA100/images/train/000000000636.jpg: 25.661 ms
/ultralytics/zoo/dataset/DOTA100/images/train/000000000641.jpg: 13.849 ms
/ultralytics/zoo/dataset/DOTA100/images/train/000000000643.jpg: 29.980 ms
/ultralytics/zoo/dataset/DOTA100/images/train/000000000650.jpg: 19.717 ms
/ultralytics/zoo/dataset/DOTA100/images/val/000000000009.jpg: 19.822 ms
/ultralytics/zoo/dataset/DOTA100/images/val/000000000049.jpg: 22.096 ms
/ultralytics/zoo/dataset/DOTA100/images/val/000000000077.jpg: 24.251 ms
/ultralytics/zoo/dataset/DOTA100/images/val/000000000133.jpg: 22.799 ms
/ultralytics/zoo/dataset/DOTA100/images/val/000000000144.jpg: 25.069 ms
/ultralytics/zoo/dataset/DOTA100/images/val/000000000201.jpg: 20.216 ms
/ultralytics/zoo/dataset/DOTA100/images/val/000000000263.jpg: 17.215 ms
/ultralytics/zoo/dataset/DOTA100/images/val/000000000315.jpg: 14.621 ms
/ultralytics/zoo/dataset/DOTA100/images/val/000000000332.jpg: 20.826 ms
/ultralytics/zoo/dataset/DOTA100/images/val/000000000370.jpg: 23.834 ms
/ultralytics/zoo/dataset/DOTA100/images/val/000000000397.jpg: 23.223 ms
/ultralytics/zoo/dataset/DOTA100/images/val/000000000428.jpg: 14.708 ms
/ultralytics/zoo/dataset/DOTA100/images/val/000000000446.jpg: 22.076 ms
/ultralytics/zoo/dataset/DOTA100/images/val/000000000474.jpg: 21.678 ms
/ultralytics/zoo/dataset/DOTA100/images/val/000000000510.jpg: 26.613 ms
/ultralytics/zoo/dataset/DOTA100/images/val/000000000542.jpg: 22.779 ms
/ultralytics/zoo/dataset/DOTA100/images/val/000000000569.jpg: 18.743 ms
/ultralytics/zoo/dataset/DOTA100/images/val/000000000589.jpg: 16.901 ms
/ultralytics/zoo/dataset/DOTA100/images/val/000000000612.jpg: 29.263 ms
/ultralytics/zoo/dataset/DOTA100/images/val/000000000634.jpg: 22.363 ms
avg: 22.057 ms

[yolo11n-pose] dataset=/ultralytics/zoo/dataset/coco128/images/train2017 count=100 imgsz=640
Using CUDA runtime cudaDeviceSynchronize() for accurate TensorRT synchronization
/ultralytics/zoo/dataset/coco128/images/train2017/000000000009.jpg: 24.122 ms
/ultralytics/zoo/dataset/coco128/images/train2017/000000000025.jpg: 18.332 ms
/ultralytics/zoo/dataset/coco128/images/train2017/000000000030.jpg: 23.572 ms
/ultralytics/zoo/dataset/coco128/images/train2017/000000000034.jpg: 20.277 ms
/ultralytics/zoo/dataset/coco128/images/train2017/000000000036.jpg: 23.630 ms
/ultralytics/zoo/dataset/coco128/images/train2017/000000000042.jpg: 18.632 ms
/ultralytics/zoo/dataset/coco128/images/train2017/000000000049.jpg: 33.162 ms
/ultralytics/zoo/dataset/coco128/images/train2017/000000000061.jpg: 35.976 ms
/ultralytics/zoo/dataset/coco128/images/train2017/000000000064.jpg: 19.746 ms
/ultralytics/zoo/dataset/coco128/images/train2017/000000000071.jpg: 23.285 ms
/ultralytics/zoo/dataset/coco128/images/train2017/000000000072.jpg: 26.495 ms
/ultralytics/zoo/dataset/coco128/images/train2017/000000000073.jpg: 26.462 ms
/ultralytics/zoo/dataset/coco128/images/train2017/000000000074.jpg: 22.038 ms
/ultralytics/zoo/dataset/coco128/images/train2017/000000000077.jpg: 33.252 ms
/ultralytics/zoo/dataset/coco128/images/train2017/000000000078.jpg: 26.783 ms
/ultralytics/zoo/dataset/coco128/images/train2017/000000000081.jpg: 19.852 ms
/ultralytics/zoo/dataset/coco128/images/train2017/000000000086.jpg: 25.912 ms
/ultralytics/zoo/dataset/coco128/images/train2017/000000000089.jpg: 23.817 ms
/ultralytics/zoo/dataset/coco128/images/train2017/000000000092.jpg: 18.940 ms
/ultralytics/zoo/dataset/coco128/images/train2017/000000000094.jpg: 17.806 ms
/ultralytics/zoo/dataset/coco128/images/train2017/000000000109.jpg: 17.627 ms
/ultralytics/zoo/dataset/coco128/images/train2017/000000000110.jpg: 44.467 ms
/ultralytics/zoo/dataset/coco128/images/train2017/000000000113.jpg: 27.218 ms
/ultralytics/zoo/dataset/coco128/images/train2017/000000000127.jpg: 15.895 ms
/ultralytics/zoo/dataset/coco128/images/train2017/000000000133.jpg: 22.450 ms
/ultralytics/zoo/dataset/coco128/images/train2017/000000000136.jpg: 29.989 ms
/ultralytics/zoo/dataset/coco128/images/train2017/000000000138.jpg: 24.423 ms
/ultralytics/zoo/dataset/coco128/images/train2017/000000000142.jpg: 17.986 ms
/ultralytics/zoo/dataset/coco128/images/train2017/000000000143.jpg: 22.079 ms
/ultralytics/zoo/dataset/coco128/images/train2017/000000000144.jpg: 20.633 ms
/ultralytics/zoo/dataset/coco128/images/train2017/000000000149.jpg: 22.259 ms
/ultralytics/zoo/dataset/coco128/images/train2017/000000000151.jpg: 27.320 ms
/ultralytics/zoo/dataset/coco128/images/train2017/000000000154.jpg: 21.864 ms
/ultralytics/zoo/dataset/coco128/images/train2017/000000000164.jpg: 22.529 ms
/ultralytics/zoo/dataset/coco128/images/train2017/000000000165.jpg: 29.107 ms
/ultralytics/zoo/dataset/coco128/images/train2017/000000000192.jpg: 33.534 ms
/ultralytics/zoo/dataset/coco128/images/train2017/000000000194.jpg: 22.678 ms
/ultralytics/zoo/dataset/coco128/images/train2017/000000000196.jpg: 18.733 ms
/ultralytics/zoo/dataset/coco128/images/train2017/000000000201.jpg: 19.261 ms
/ultralytics/zoo/dataset/coco128/images/train2017/000000000208.jpg: 26.817 ms
/ultralytics/zoo/dataset/coco128/images/train2017/000000000241.jpg: 28.776 ms
/ultralytics/zoo/dataset/coco128/images/train2017/000000000247.jpg: 22.922 ms
/ultralytics/zoo/dataset/coco128/images/train2017/000000000250.jpg: 18.307 ms
/ultralytics/zoo/dataset/coco128/images/train2017/000000000257.jpg: 34.378 ms
/ultralytics/zoo/dataset/coco128/images/train2017/000000000260.jpg: 21.351 ms
/ultralytics/zoo/dataset/coco128/images/train2017/000000000263.jpg: 24.422 ms
/ultralytics/zoo/dataset/coco128/images/train2017/000000000283.jpg: 19.836 ms
/ultralytics/zoo/dataset/coco128/images/train2017/000000000294.jpg: 25.027 ms
/ultralytics/zoo/dataset/coco128/images/train2017/000000000307.jpg: 18.755 ms
/ultralytics/zoo/dataset/coco128/images/train2017/000000000308.jpg: 31.827 ms
/ultralytics/zoo/dataset/coco128/images/train2017/000000000309.jpg: 24.155 ms
/ultralytics/zoo/dataset/coco128/images/train2017/000000000312.jpg: 18.596 ms
/ultralytics/zoo/dataset/coco128/images/train2017/000000000315.jpg: 25.926 ms
/ultralytics/zoo/dataset/coco128/images/train2017/000000000321.jpg: 19.197 ms
/ultralytics/zoo/dataset/coco128/images/train2017/000000000322.jpg: 21.587 ms
/ultralytics/zoo/dataset/coco128/images/train2017/000000000326.jpg: 23.997 ms
/ultralytics/zoo/dataset/coco128/images/train2017/000000000328.jpg: 25.849 ms
/ultralytics/zoo/dataset/coco128/images/train2017/000000000332.jpg: 22.963 ms
/ultralytics/zoo/dataset/coco128/images/train2017/000000000338.jpg: 22.192 ms
/ultralytics/zoo/dataset/coco128/images/train2017/000000000349.jpg: 17.373 ms
/ultralytics/zoo/dataset/coco128/images/train2017/000000000357.jpg: 26.784 ms
/ultralytics/zoo/dataset/coco128/images/train2017/000000000359.jpg: 19.335 ms
/ultralytics/zoo/dataset/coco128/images/train2017/000000000360.jpg: 22.063 ms
/ultralytics/zoo/dataset/coco128/images/train2017/000000000368.jpg: 37.083 ms
/ultralytics/zoo/dataset/coco128/images/train2017/000000000370.jpg: 23.945 ms
/ultralytics/zoo/dataset/coco128/images/train2017/000000000382.jpg: 21.936 ms
/ultralytics/zoo/dataset/coco128/images/train2017/000000000384.jpg: 22.885 ms
/ultralytics/zoo/dataset/coco128/images/train2017/000000000387.jpg: 23.009 ms
/ultralytics/zoo/dataset/coco128/images/train2017/000000000389.jpg: 35.329 ms
/ultralytics/zoo/dataset/coco128/images/train2017/000000000394.jpg: 25.984 ms
/ultralytics/zoo/dataset/coco128/images/train2017/000000000395.jpg: 38.752 ms
/ultralytics/zoo/dataset/coco128/images/train2017/000000000397.jpg: 28.336 ms
/ultralytics/zoo/dataset/coco128/images/train2017/000000000400.jpg: 24.521 ms
/ultralytics/zoo/dataset/coco128/images/train2017/000000000404.jpg: 20.987 ms
/ultralytics/zoo/dataset/coco128/images/train2017/000000000415.jpg: 24.823 ms
/ultralytics/zoo/dataset/coco128/images/train2017/000000000419.jpg: 28.142 ms
/ultralytics/zoo/dataset/coco128/images/train2017/000000000428.jpg: 22.820 ms
/ultralytics/zoo/dataset/coco128/images/train2017/000000000431.jpg: 25.404 ms
/ultralytics/zoo/dataset/coco128/images/train2017/000000000436.jpg: 23.658 ms
/ultralytics/zoo/dataset/coco128/images/train2017/000000000438.jpg: 17.210 ms
/ultralytics/zoo/dataset/coco128/images/train2017/000000000443.jpg: 36.325 ms
/ultralytics/zoo/dataset/coco128/images/train2017/000000000446.jpg: 21.634 ms
/ultralytics/zoo/dataset/coco128/images/train2017/000000000450.jpg: 24.337 ms
/ultralytics/zoo/dataset/coco128/images/train2017/000000000459.jpg: 25.947 ms
/ultralytics/zoo/dataset/coco128/images/train2017/000000000471.jpg: 20.753 ms
/ultralytics/zoo/dataset/coco128/images/train2017/000000000472.jpg: 17.838 ms
/ultralytics/zoo/dataset/coco128/images/train2017/000000000474.jpg: 21.291 ms
/ultralytics/zoo/dataset/coco128/images/train2017/000000000486.jpg: 17.153 ms
/ultralytics/zoo/dataset/coco128/images/train2017/000000000488.jpg: 29.315 ms
/ultralytics/zoo/dataset/coco128/images/train2017/000000000490.jpg: 27.125 ms
/ultralytics/zoo/dataset/coco128/images/train2017/000000000491.jpg: 25.610 ms
/ultralytics/zoo/dataset/coco128/images/train2017/000000000502.jpg: 19.277 ms
/ultralytics/zoo/dataset/coco128/images/train2017/000000000508.jpg: 17.184 ms
/ultralytics/zoo/dataset/coco128/images/train2017/000000000510.jpg: 20.570 ms
/ultralytics/zoo/dataset/coco128/images/train2017/000000000514.jpg: 18.301 ms
/ultralytics/zoo/dataset/coco128/images/train2017/000000000520.jpg: 18.918 ms
/ultralytics/zoo/dataset/coco128/images/train2017/000000000529.jpg: 19.825 ms
/ultralytics/zoo/dataset/coco128/images/train2017/000000000531.jpg: 20.470 ms
/ultralytics/zoo/dataset/coco128/images/train2017/000000000532.jpg: 23.094 ms
/ultralytics/zoo/dataset/coco128/images/train2017/000000000536.jpg: 22.604 ms
avg: 23.970 ms

[yolo11n-detect] dataset=/ultralytics/zoo/dataset/coco128/images/train2017 count=100 imgsz=640
Using CUDA runtime cudaDeviceSynchronize() for accurate TensorRT synchronization
/ultralytics/zoo/dataset/coco128/images/train2017/000000000009.jpg: 38.206 ms
/ultralytics/zoo/dataset/coco128/images/train2017/000000000025.jpg: 27.669 ms
/ultralytics/zoo/dataset/coco128/images/train2017/000000000030.jpg: 24.235 ms
/ultralytics/zoo/dataset/coco128/images/train2017/000000000034.jpg: 23.725 ms
/ultralytics/zoo/dataset/coco128/images/train2017/000000000036.jpg: 25.761 ms
/ultralytics/zoo/dataset/coco128/images/train2017/000000000042.jpg: 26.295 ms
/ultralytics/zoo/dataset/coco128/images/train2017/000000000049.jpg: 38.422 ms
/ultralytics/zoo/dataset/coco128/images/train2017/000000000061.jpg: 30.908 ms
/ultralytics/zoo/dataset/coco128/images/train2017/000000000064.jpg: 25.612 ms
/ultralytics/zoo/dataset/coco128/images/train2017/000000000071.jpg: 22.542 ms
/ultralytics/zoo/dataset/coco128/images/train2017/000000000072.jpg: 25.383 ms
/ultralytics/zoo/dataset/coco128/images/train2017/000000000073.jpg: 31.017 ms
/ultralytics/zoo/dataset/coco128/images/train2017/000000000074.jpg: 44.522 ms
/ultralytics/zoo/dataset/coco128/images/train2017/000000000077.jpg: 38.308 ms
/ultralytics/zoo/dataset/coco128/images/train2017/000000000078.jpg: 33.421 ms
/ultralytics/zoo/dataset/coco128/images/train2017/000000000081.jpg: 26.911 ms
/ultralytics/zoo/dataset/coco128/images/train2017/000000000086.jpg: 34.077 ms
/ultralytics/zoo/dataset/coco128/images/train2017/000000000089.jpg: 37.324 ms
/ultralytics/zoo/dataset/coco128/images/train2017/000000000092.jpg: 28.541 ms
/ultralytics/zoo/dataset/coco128/images/train2017/000000000094.jpg: 25.774 ms
/ultralytics/zoo/dataset/coco128/images/train2017/000000000109.jpg: 39.615 ms
/ultralytics/zoo/dataset/coco128/images/train2017/000000000110.jpg: 54.958 ms
/ultralytics/zoo/dataset/coco128/images/train2017/000000000113.jpg: 37.008 ms
/ultralytics/zoo/dataset/coco128/images/train2017/000000000127.jpg: 29.788 ms
/ultralytics/zoo/dataset/coco128/images/train2017/000000000133.jpg: 22.938 ms
/ultralytics/zoo/dataset/coco128/images/train2017/000000000136.jpg: 32.136 ms
/ultralytics/zoo/dataset/coco128/images/train2017/000000000138.jpg: 36.686 ms
/ultralytics/zoo/dataset/coco128/images/train2017/000000000142.jpg: 27.009 ms
/ultralytics/zoo/dataset/coco128/images/train2017/000000000143.jpg: 41.561 ms
/ultralytics/zoo/dataset/coco128/images/train2017/000000000144.jpg: 27.404 ms
/ultralytics/zoo/dataset/coco128/images/train2017/000000000149.jpg: 38.585 ms
/ultralytics/zoo/dataset/coco128/images/train2017/000000000151.jpg: 23.591 ms
/ultralytics/zoo/dataset/coco128/images/train2017/000000000154.jpg: 22.103 ms
/ultralytics/zoo/dataset/coco128/images/train2017/000000000164.jpg: 28.438 ms
/ultralytics/zoo/dataset/coco128/images/train2017/000000000165.jpg: 26.622 ms
/ultralytics/zoo/dataset/coco128/images/train2017/000000000192.jpg: 32.430 ms
/ultralytics/zoo/dataset/coco128/images/train2017/000000000194.jpg: 21.041 ms
/ultralytics/zoo/dataset/coco128/images/train2017/000000000196.jpg: 66.391 ms
/ultralytics/zoo/dataset/coco128/images/train2017/000000000201.jpg: 34.078 ms
/ultralytics/zoo/dataset/coco128/images/train2017/000000000208.jpg: 26.193 ms
/ultralytics/zoo/dataset/coco128/images/train2017/000000000241.jpg: 33.643 ms
/ultralytics/zoo/dataset/coco128/images/train2017/000000000247.jpg: 27.562 ms
/ultralytics/zoo/dataset/coco128/images/train2017/000000000250.jpg: 18.672 ms
/ultralytics/zoo/dataset/coco128/images/train2017/000000000257.jpg: 51.043 ms
/ultralytics/zoo/dataset/coco128/images/train2017/000000000260.jpg: 31.786 ms
/ultralytics/zoo/dataset/coco128/images/train2017/000000000263.jpg: 23.156 ms
/ultralytics/zoo/dataset/coco128/images/train2017/000000000283.jpg: 31.056 ms
/ultralytics/zoo/dataset/coco128/images/train2017/000000000294.jpg: 30.303 ms
/ultralytics/zoo/dataset/coco128/images/train2017/000000000307.jpg: 25.614 ms
/ultralytics/zoo/dataset/coco128/images/train2017/000000000308.jpg: 36.027 ms
/ultralytics/zoo/dataset/coco128/images/train2017/000000000309.jpg: 34.097 ms
/ultralytics/zoo/dataset/coco128/images/train2017/000000000312.jpg: 30.624 ms
/ultralytics/zoo/dataset/coco128/images/train2017/000000000315.jpg: 47.819 ms
/ultralytics/zoo/dataset/coco128/images/train2017/000000000321.jpg: 24.140 ms
/ultralytics/zoo/dataset/coco128/images/train2017/000000000322.jpg: 24.386 ms
/ultralytics/zoo/dataset/coco128/images/train2017/000000000326.jpg: 24.823 ms
/ultralytics/zoo/dataset/coco128/images/train2017/000000000328.jpg: 30.112 ms
/ultralytics/zoo/dataset/coco128/images/train2017/000000000332.jpg: 35.253 ms
/ultralytics/zoo/dataset/coco128/images/train2017/000000000338.jpg: 25.470 ms
/ultralytics/zoo/dataset/coco128/images/train2017/000000000349.jpg: 22.375 ms
/ultralytics/zoo/dataset/coco128/images/train2017/000000000357.jpg: 37.855 ms
/ultralytics/zoo/dataset/coco128/images/train2017/000000000359.jpg: 23.111 ms
/ultralytics/zoo/dataset/coco128/images/train2017/000000000360.jpg: 28.168 ms
/ultralytics/zoo/dataset/coco128/images/train2017/000000000368.jpg: 45.180 ms
/ultralytics/zoo/dataset/coco128/images/train2017/000000000370.jpg: 25.075 ms
/ultralytics/zoo/dataset/coco128/images/train2017/000000000382.jpg: 25.008 ms
/ultralytics/zoo/dataset/coco128/images/train2017/000000000384.jpg: 31.449 ms
/ultralytics/zoo/dataset/coco128/images/train2017/000000000387.jpg: 23.026 ms
/ultralytics/zoo/dataset/coco128/images/train2017/000000000389.jpg: 38.155 ms
/ultralytics/zoo/dataset/coco128/images/train2017/000000000394.jpg: 27.902 ms
/ultralytics/zoo/dataset/coco128/images/train2017/000000000395.jpg: 31.090 ms
/ultralytics/zoo/dataset/coco128/images/train2017/000000000397.jpg: 27.225 ms
/ultralytics/zoo/dataset/coco128/images/train2017/000000000400.jpg: 27.354 ms
/ultralytics/zoo/dataset/coco128/images/train2017/000000000404.jpg: 20.333 ms
/ultralytics/zoo/dataset/coco128/images/train2017/000000000415.jpg: 26.975 ms
/ultralytics/zoo/dataset/coco128/images/train2017/000000000419.jpg: 29.880 ms
/ultralytics/zoo/dataset/coco128/images/train2017/000000000428.jpg: 24.718 ms
/ultralytics/zoo/dataset/coco128/images/train2017/000000000431.jpg: 27.248 ms
/ultralytics/zoo/dataset/coco128/images/train2017/000000000436.jpg: 28.146 ms
/ultralytics/zoo/dataset/coco128/images/train2017/000000000438.jpg: 49.994 ms
/ultralytics/zoo/dataset/coco128/images/train2017/000000000443.jpg: 27.726 ms
/ultralytics/zoo/dataset/coco128/images/train2017/000000000446.jpg: 23.719 ms
/ultralytics/zoo/dataset/coco128/images/train2017/000000000450.jpg: 25.118 ms
/ultralytics/zoo/dataset/coco128/images/train2017/000000000459.jpg: 21.673 ms
/ultralytics/zoo/dataset/coco128/images/train2017/000000000471.jpg: 18.094 ms
/ultralytics/zoo/dataset/coco128/images/train2017/000000000472.jpg: 15.292 ms
/ultralytics/zoo/dataset/coco128/images/train2017/000000000474.jpg: 20.961 ms
/ultralytics/zoo/dataset/coco128/images/train2017/000000000486.jpg: 18.336 ms
/ultralytics/zoo/dataset/coco128/images/train2017/000000000488.jpg: 28.595 ms
/ultralytics/zoo/dataset/coco128/images/train2017/000000000490.jpg: 23.812 ms
/ultralytics/zoo/dataset/coco128/images/train2017/000000000491.jpg: 25.993 ms
/ultralytics/zoo/dataset/coco128/images/train2017/000000000502.jpg: 17.834 ms
/ultralytics/zoo/dataset/coco128/images/train2017/000000000508.jpg: 14.040 ms
/ultralytics/zoo/dataset/coco128/images/train2017/000000000510.jpg: 19.961 ms
/ultralytics/zoo/dataset/coco128/images/train2017/000000000514.jpg: 18.712 ms
/ultralytics/zoo/dataset/coco128/images/train2017/000000000520.jpg: 26.149 ms
/ultralytics/zoo/dataset/coco128/images/train2017/000000000529.jpg: 19.366 ms
/ultralytics/zoo/dataset/coco128/images/train2017/000000000531.jpg: 30.196 ms
/ultralytics/zoo/dataset/coco128/images/train2017/000000000532.jpg: 24.015 ms
/ultralytics/zoo/dataset/coco128/images/train2017/000000000536.jpg: 24.238 ms
avg: 29.269 ms

[yolo11n-seg] dataset=/ultralytics/zoo/dataset/coco128/images/train2017 count=100 imgsz=640
Using CUDA runtime cudaDeviceSynchronize() for accurate TensorRT synchronization
/ultralytics/zoo/dataset/coco128/images/train2017/000000000009.jpg: 43.237 ms
/ultralytics/zoo/dataset/coco128/images/train2017/000000000025.jpg: 32.196 ms
/ultralytics/zoo/dataset/coco128/images/train2017/000000000030.jpg: 37.417 ms
/ultralytics/zoo/dataset/coco128/images/train2017/000000000034.jpg: 32.138 ms
/ultralytics/zoo/dataset/coco128/images/train2017/000000000036.jpg: 35.342 ms
/ultralytics/zoo/dataset/coco128/images/train2017/000000000042.jpg: 30.661 ms
/ultralytics/zoo/dataset/coco128/images/train2017/000000000049.jpg: 53.096 ms
/ultralytics/zoo/dataset/coco128/images/train2017/000000000061.jpg: 38.505 ms
/ultralytics/zoo/dataset/coco128/images/train2017/000000000064.jpg: 29.856 ms
/ultralytics/zoo/dataset/coco128/images/train2017/000000000071.jpg: 29.629 ms
/ultralytics/zoo/dataset/coco128/images/train2017/000000000072.jpg: 27.760 ms
/ultralytics/zoo/dataset/coco128/images/train2017/000000000073.jpg: 29.861 ms
/ultralytics/zoo/dataset/coco128/images/train2017/000000000074.jpg: 45.323 ms
/ultralytics/zoo/dataset/coco128/images/train2017/000000000077.jpg: 34.469 ms
/ultralytics/zoo/dataset/coco128/images/train2017/000000000078.jpg: 32.733 ms
/ultralytics/zoo/dataset/coco128/images/train2017/000000000081.jpg: 23.294 ms
/ultralytics/zoo/dataset/coco128/images/train2017/000000000086.jpg: 30.184 ms
/ultralytics/zoo/dataset/coco128/images/train2017/000000000089.jpg: 40.149 ms
/ultralytics/zoo/dataset/coco128/images/train2017/000000000092.jpg: 30.534 ms
/ultralytics/zoo/dataset/coco128/images/train2017/000000000094.jpg: 28.529 ms
/ultralytics/zoo/dataset/coco128/images/train2017/000000000109.jpg: 44.850 ms
/ultralytics/zoo/dataset/coco128/images/train2017/000000000110.jpg: 62.470 ms
/ultralytics/zoo/dataset/coco128/images/train2017/000000000113.jpg: 37.637 ms
/ultralytics/zoo/dataset/coco128/images/train2017/000000000127.jpg: 36.369 ms
/ultralytics/zoo/dataset/coco128/images/train2017/000000000133.jpg: 24.757 ms
/ultralytics/zoo/dataset/coco128/images/train2017/000000000136.jpg: 32.635 ms
/ultralytics/zoo/dataset/coco128/images/train2017/000000000138.jpg: 42.621 ms
/ultralytics/zoo/dataset/coco128/images/train2017/000000000142.jpg: 34.768 ms
/ultralytics/zoo/dataset/coco128/images/train2017/000000000143.jpg: 44.332 ms
/ultralytics/zoo/dataset/coco128/images/train2017/000000000144.jpg: 35.055 ms
/ultralytics/zoo/dataset/coco128/images/train2017/000000000149.jpg: 44.532 ms
/ultralytics/zoo/dataset/coco128/images/train2017/000000000151.jpg: 30.815 ms
/ultralytics/zoo/dataset/coco128/images/train2017/000000000154.jpg: 30.050 ms
/ultralytics/zoo/dataset/coco128/images/train2017/000000000164.jpg: 29.940 ms
/ultralytics/zoo/dataset/coco128/images/train2017/000000000165.jpg: 27.866 ms
/ultralytics/zoo/dataset/coco128/images/train2017/000000000192.jpg: 33.302 ms
/ultralytics/zoo/dataset/coco128/images/train2017/000000000194.jpg: 27.387 ms
/ultralytics/zoo/dataset/coco128/images/train2017/000000000196.jpg: 77.477 ms
/ultralytics/zoo/dataset/coco128/images/train2017/000000000201.jpg: 31.630 ms
/ultralytics/zoo/dataset/coco128/images/train2017/000000000208.jpg: 28.643 ms
/ultralytics/zoo/dataset/coco128/images/train2017/000000000241.jpg: 38.131 ms
/ultralytics/zoo/dataset/coco128/images/train2017/000000000247.jpg: 25.315 ms
/ultralytics/zoo/dataset/coco128/images/train2017/000000000250.jpg: 22.840 ms
/ultralytics/zoo/dataset/coco128/images/train2017/000000000257.jpg: 62.168 ms
/ultralytics/zoo/dataset/coco128/images/train2017/000000000260.jpg: 38.956 ms
/ultralytics/zoo/dataset/coco128/images/train2017/000000000263.jpg: 25.465 ms
/ultralytics/zoo/dataset/coco128/images/train2017/000000000283.jpg: 30.252 ms
/ultralytics/zoo/dataset/coco128/images/train2017/000000000294.jpg: 34.605 ms
/ultralytics/zoo/dataset/coco128/images/train2017/000000000307.jpg: 32.140 ms
/ultralytics/zoo/dataset/coco128/images/train2017/000000000308.jpg: 49.215 ms
/ultralytics/zoo/dataset/coco128/images/train2017/000000000309.jpg: 38.498 ms
/ultralytics/zoo/dataset/coco128/images/train2017/000000000312.jpg: 39.207 ms
/ultralytics/zoo/dataset/coco128/images/train2017/000000000315.jpg: 60.250 ms
/ultralytics/zoo/dataset/coco128/images/train2017/000000000321.jpg: 32.183 ms
/ultralytics/zoo/dataset/coco128/images/train2017/000000000322.jpg: 31.381 ms
/ultralytics/zoo/dataset/coco128/images/train2017/000000000326.jpg: 29.413 ms
/ultralytics/zoo/dataset/coco128/images/train2017/000000000328.jpg: 34.784 ms
/ultralytics/zoo/dataset/coco128/images/train2017/000000000332.jpg: 35.210 ms
/ultralytics/zoo/dataset/coco128/images/train2017/000000000338.jpg: 32.805 ms
/ultralytics/zoo/dataset/coco128/images/train2017/000000000349.jpg: 25.163 ms
/ultralytics/zoo/dataset/coco128/images/train2017/000000000357.jpg: 34.499 ms
/ultralytics/zoo/dataset/coco128/images/train2017/000000000359.jpg: 29.274 ms
/ultralytics/zoo/dataset/coco128/images/train2017/000000000360.jpg: 22.657 ms
/ultralytics/zoo/dataset/coco128/images/train2017/000000000368.jpg: 36.239 ms
/ultralytics/zoo/dataset/coco128/images/train2017/000000000370.jpg: 21.038 ms
/ultralytics/zoo/dataset/coco128/images/train2017/000000000382.jpg: 26.072 ms
/ultralytics/zoo/dataset/coco128/images/train2017/000000000384.jpg: 28.548 ms
/ultralytics/zoo/dataset/coco128/images/train2017/000000000387.jpg: 22.110 ms
/ultralytics/zoo/dataset/coco128/images/train2017/000000000389.jpg: 34.607 ms
/ultralytics/zoo/dataset/coco128/images/train2017/000000000394.jpg: 23.611 ms
/ultralytics/zoo/dataset/coco128/images/train2017/000000000395.jpg: 30.653 ms
/ultralytics/zoo/dataset/coco128/images/train2017/000000000397.jpg: 23.956 ms
/ultralytics/zoo/dataset/coco128/images/train2017/000000000400.jpg: 23.072 ms
/ultralytics/zoo/dataset/coco128/images/train2017/000000000404.jpg: 18.977 ms
/ultralytics/zoo/dataset/coco128/images/train2017/000000000415.jpg: 21.052 ms
/ultralytics/zoo/dataset/coco128/images/train2017/000000000419.jpg: 21.323 ms
/ultralytics/zoo/dataset/coco128/images/train2017/000000000428.jpg: 20.732 ms
/ultralytics/zoo/dataset/coco128/images/train2017/000000000431.jpg: 20.664 ms
/ultralytics/zoo/dataset/coco128/images/train2017/000000000436.jpg: 22.584 ms
/ultralytics/zoo/dataset/coco128/images/train2017/000000000438.jpg: 47.557 ms
/ultralytics/zoo/dataset/coco128/images/train2017/000000000443.jpg: 26.465 ms
/ultralytics/zoo/dataset/coco128/images/train2017/000000000446.jpg: 20.612 ms
/ultralytics/zoo/dataset/coco128/images/train2017/000000000450.jpg: 27.329 ms
/ultralytics/zoo/dataset/coco128/images/train2017/000000000459.jpg: 21.467 ms
/ultralytics/zoo/dataset/coco128/images/train2017/000000000471.jpg: 19.002 ms
/ultralytics/zoo/dataset/coco128/images/train2017/000000000472.jpg: 17.980 ms
/ultralytics/zoo/dataset/coco128/images/train2017/000000000474.jpg: 22.717 ms
/ultralytics/zoo/dataset/coco128/images/train2017/000000000486.jpg: 21.089 ms
/ultralytics/zoo/dataset/coco128/images/train2017/000000000488.jpg: 26.375 ms
/ultralytics/zoo/dataset/coco128/images/train2017/000000000490.jpg: 24.252 ms
/ultralytics/zoo/dataset/coco128/images/train2017/000000000491.jpg: 26.726 ms
/ultralytics/zoo/dataset/coco128/images/train2017/000000000502.jpg: 21.559 ms
/ultralytics/zoo/dataset/coco128/images/train2017/000000000508.jpg: 15.810 ms
/ultralytics/zoo/dataset/coco128/images/train2017/000000000510.jpg: 22.642 ms
/ultralytics/zoo/dataset/coco128/images/train2017/000000000514.jpg: 20.512 ms
/ultralytics/zoo/dataset/coco128/images/train2017/000000000520.jpg: 28.082 ms
/ultralytics/zoo/dataset/coco128/images/train2017/000000000529.jpg: 22.187 ms
/ultralytics/zoo/dataset/coco128/images/train2017/000000000531.jpg: 34.632 ms
/ultralytics/zoo/dataset/coco128/images/train2017/000000000532.jpg: 28.917 ms
/ultralytics/zoo/dataset/coco128/images/train2017/000000000536.jpg: 28.841 ms
avg: 31.665 ms

[yolo11n-cls] dataset=/ultralytics/zoo/dataset/CIFAR100 count=100 imgsz=224
Using CUDA runtime cudaDeviceSynchronize() for accurate TensorRT synchronization
/ultralytics/zoo/dataset/CIFAR100/airplane/data_batch_1_00029.png: 8.145 ms
/ultralytics/zoo/dataset/CIFAR100/airplane/data_batch_1_00030.png: 7.536 ms
/ultralytics/zoo/dataset/CIFAR100/airplane/data_batch_1_00035.png: 7.250 ms
/ultralytics/zoo/dataset/CIFAR100/airplane/data_batch_1_00049.png: 7.174 ms
/ultralytics/zoo/dataset/CIFAR100/airplane/data_batch_1_00077.png: 7.013 ms
/ultralytics/zoo/dataset/CIFAR100/airplane/data_batch_1_00093.png: 6.933 ms
/ultralytics/zoo/dataset/CIFAR100/airplane/data_batch_1_00115.png: 6.930 ms
/ultralytics/zoo/dataset/CIFAR100/airplane/data_batch_1_00116.png: 6.957 ms
/ultralytics/zoo/dataset/CIFAR100/airplane/data_batch_1_00129.png: 7.027 ms
/ultralytics/zoo/dataset/CIFAR100/airplane/data_batch_1_00165.png: 7.109 ms
/ultralytics/zoo/dataset/CIFAR100/automobile/data_batch_1_00004.png: 7.027 ms
/ultralytics/zoo/dataset/CIFAR100/automobile/data_batch_1_00005.png: 7.126 ms
/ultralytics/zoo/dataset/CIFAR100/automobile/data_batch_1_00032.png: 7.138 ms
/ultralytics/zoo/dataset/CIFAR100/automobile/data_batch_1_00044.png: 7.247 ms
/ultralytics/zoo/dataset/CIFAR100/automobile/data_batch_1_00045.png: 7.395 ms
/ultralytics/zoo/dataset/CIFAR100/automobile/data_batch_1_00046.png: 7.373 ms
/ultralytics/zoo/dataset/CIFAR100/automobile/data_batch_1_00060.png: 7.635 ms
/ultralytics/zoo/dataset/CIFAR100/automobile/data_batch_1_00061.png: 7.777 ms
/ultralytics/zoo/dataset/CIFAR100/automobile/data_batch_1_00064.png: 7.614 ms
/ultralytics/zoo/dataset/CIFAR100/automobile/data_batch_1_00065.png: 7.572 ms
/ultralytics/zoo/dataset/CIFAR100/bird/data_batch_1_00006.png: 7.473 ms
/ultralytics/zoo/dataset/CIFAR100/bird/data_batch_1_00013.png: 7.765 ms
/ultralytics/zoo/dataset/CIFAR100/bird/data_batch_1_00018.png: 8.447 ms
/ultralytics/zoo/dataset/CIFAR100/bird/data_batch_1_00024.png: 7.775 ms
/ultralytics/zoo/dataset/CIFAR100/bird/data_batch_1_00041.png: 7.719 ms
/ultralytics/zoo/dataset/CIFAR100/bird/data_batch_1_00042.png: 8.713 ms
/ultralytics/zoo/dataset/CIFAR100/bird/data_batch_1_00047.png: 7.865 ms
/ultralytics/zoo/dataset/CIFAR100/bird/data_batch_1_00048.png: 8.189 ms
/ultralytics/zoo/dataset/CIFAR100/bird/data_batch_1_00054.png: 9.010 ms
/ultralytics/zoo/dataset/CIFAR100/bird/data_batch_1_00055.png: 8.731 ms
/ultralytics/zoo/dataset/CIFAR100/cat/data_batch_1_00009.png: 8.720 ms
/ultralytics/zoo/dataset/CIFAR100/cat/data_batch_1_00017.png: 8.736 ms
/ultralytics/zoo/dataset/CIFAR100/cat/data_batch_1_00021.png: 8.945 ms
/ultralytics/zoo/dataset/CIFAR100/cat/data_batch_1_00026.png: 9.304 ms
/ultralytics/zoo/dataset/CIFAR100/cat/data_batch_1_00033.png: 8.947 ms
/ultralytics/zoo/dataset/CIFAR100/cat/data_batch_1_00036.png: 8.487 ms
/ultralytics/zoo/dataset/CIFAR100/cat/data_batch_1_00038.png: 9.061 ms
/ultralytics/zoo/dataset/CIFAR100/cat/data_batch_1_00039.png: 8.780 ms
/ultralytics/zoo/dataset/CIFAR100/cat/data_batch_1_00059.png: 8.319 ms
/ultralytics/zoo/dataset/CIFAR100/cat/data_batch_1_00074.png: 9.337 ms
/ultralytics/zoo/dataset/CIFAR100/deer/data_batch_1_00003.png: 9.502 ms
/ultralytics/zoo/dataset/CIFAR100/deer/data_batch_1_00010.png: 8.817 ms
/ultralytics/zoo/dataset/CIFAR100/deer/data_batch_1_00020.png: 8.734 ms
/ultralytics/zoo/dataset/CIFAR100/deer/data_batch_1_00028.png: 8.660 ms
/ultralytics/zoo/dataset/CIFAR100/deer/data_batch_1_00034.png: 8.760 ms
/ultralytics/zoo/dataset/CIFAR100/deer/data_batch_1_00058.png: 8.789 ms
/ultralytics/zoo/dataset/CIFAR100/deer/data_batch_1_00066.png: 8.624 ms
/ultralytics/zoo/dataset/CIFAR100/deer/data_batch_1_00082.png: 8.469 ms
/ultralytics/zoo/dataset/CIFAR100/deer/data_batch_1_00086.png: 8.457 ms
/ultralytics/zoo/dataset/CIFAR100/deer/data_batch_1_00089.png: 8.065 ms
/ultralytics/zoo/dataset/CIFAR100/dog/data_batch_1_00027.png: 8.053 ms
/ultralytics/zoo/dataset/CIFAR100/dog/data_batch_1_00040.png: 9.166 ms
/ultralytics/zoo/dataset/CIFAR100/dog/data_batch_1_00051.png: 9.927 ms
/ultralytics/zoo/dataset/CIFAR100/dog/data_batch_1_00056.png: 9.107 ms
/ultralytics/zoo/dataset/CIFAR100/dog/data_batch_1_00070.png: 9.042 ms
/ultralytics/zoo/dataset/CIFAR100/dog/data_batch_1_00081.png: 8.898 ms
/ultralytics/zoo/dataset/CIFAR100/dog/data_batch_1_00083.png: 8.561 ms
/ultralytics/zoo/dataset/CIFAR100/dog/data_batch_1_00107.png: 8.487 ms
/ultralytics/zoo/dataset/CIFAR100/dog/data_batch_1_00128.png: 8.444 ms
/ultralytics/zoo/dataset/CIFAR100/dog/data_batch_1_00148.png: 8.809 ms
/ultralytics/zoo/dataset/CIFAR100/frog/data_batch_1_00000.png: 8.744 ms
/ultralytics/zoo/dataset/CIFAR100/frog/data_batch_1_00019.png: 8.611 ms
/ultralytics/zoo/dataset/CIFAR100/frog/data_batch_1_00022.png: 8.314 ms
/ultralytics/zoo/dataset/CIFAR100/frog/data_batch_1_00023.png: 9.378 ms
/ultralytics/zoo/dataset/CIFAR100/frog/data_batch_1_00025.png: 7.389 ms
/ultralytics/zoo/dataset/CIFAR100/frog/data_batch_1_00072.png: 7.312 ms
/ultralytics/zoo/dataset/CIFAR100/frog/data_batch_1_00095.png: 7.631 ms
/ultralytics/zoo/dataset/CIFAR100/frog/data_batch_1_00103.png: 7.397 ms
/ultralytics/zoo/dataset/CIFAR100/frog/data_batch_1_00104.png: 7.360 ms
/ultralytics/zoo/dataset/CIFAR100/frog/data_batch_1_00117.png: 7.347 ms
/ultralytics/zoo/dataset/CIFAR100/horse/data_batch_1_00007.png: 7.395 ms
/ultralytics/zoo/dataset/CIFAR100/horse/data_batch_1_00011.png: 7.740 ms
/ultralytics/zoo/dataset/CIFAR100/horse/data_batch_1_00012.png: 8.644 ms
/ultralytics/zoo/dataset/CIFAR100/horse/data_batch_1_00037.png: 7.885 ms
/ultralytics/zoo/dataset/CIFAR100/horse/data_batch_1_00043.png: 7.750 ms
/ultralytics/zoo/dataset/CIFAR100/horse/data_batch_1_00052.png: 8.030 ms
/ultralytics/zoo/dataset/CIFAR100/horse/data_batch_1_00068.png: 8.011 ms
/ultralytics/zoo/dataset/CIFAR100/horse/data_batch_1_00073.png: 8.273 ms
/ultralytics/zoo/dataset/CIFAR100/horse/data_batch_1_00084.png: 9.129 ms
/ultralytics/zoo/dataset/CIFAR100/horse/data_batch_1_00085.png: 9.001 ms
/ultralytics/zoo/dataset/CIFAR100/ship/data_batch_1_00008.png: 8.936 ms
/ultralytics/zoo/dataset/CIFAR100/ship/data_batch_1_00062.png: 8.854 ms
/ultralytics/zoo/dataset/CIFAR100/ship/data_batch_1_00069.png: 9.255 ms
/ultralytics/zoo/dataset/CIFAR100/ship/data_batch_1_00092.png: 8.213 ms
/ultralytics/zoo/dataset/CIFAR100/ship/data_batch_1_00100.png: 7.387 ms
/ultralytics/zoo/dataset/CIFAR100/ship/data_batch_1_00106.png: 7.162 ms
/ultralytics/zoo/dataset/CIFAR100/ship/data_batch_1_00111.png: 7.163 ms
/ultralytics/zoo/dataset/CIFAR100/ship/data_batch_1_00135.png: 7.614 ms
/ultralytics/zoo/dataset/CIFAR100/ship/data_batch_1_00139.png: 8.006 ms
/ultralytics/zoo/dataset/CIFAR100/ship/data_batch_1_00155.png: 7.962 ms
/ultralytics/zoo/dataset/CIFAR100/truck/data_batch_1_00001.png: 7.484 ms
/ultralytics/zoo/dataset/CIFAR100/truck/data_batch_1_00002.png: 8.353 ms
/ultralytics/zoo/dataset/CIFAR100/truck/data_batch_1_00014.png: 8.601 ms
/ultralytics/zoo/dataset/CIFAR100/truck/data_batch_1_00015.png: 9.287 ms
/ultralytics/zoo/dataset/CIFAR100/truck/data_batch_1_00016.png: 8.997 ms
/ultralytics/zoo/dataset/CIFAR100/truck/data_batch_1_00031.png: 8.816 ms
/ultralytics/zoo/dataset/CIFAR100/truck/data_batch_1_00050.png: 8.366 ms
/ultralytics/zoo/dataset/CIFAR100/truck/data_batch_1_00053.png: 7.859 ms
/ultralytics/zoo/dataset/CIFAR100/truck/data_batch_1_00067.png: 8.406 ms
/ultralytics/zoo/dataset/CIFAR100/truck/data_batch_1_00071.png: 8.234 ms
avg: 8.180 ms

