[yolo11n-obb] dataset=/ultralytics/zoo/dataset/DOTA100/images count=100 imgsz=640
Using CUDA runtime cudaDeviceSynchronize() for accurate TensorRT synchronization
/ultralytics/zoo/dataset/DOTA100/images/train/000000000025.jpg: 24.197 ms
/ultralytics/zoo/dataset/DOTA100/images/train/000000000034.jpg: 19.715 ms
/ultralytics/zoo/dataset/DOTA100/images/train/000000000036.jpg: 15.119 ms
/ultralytics/zoo/dataset/DOTA100/images/train/000000000042.jpg: 27.196 ms
/ultralytics/zoo/dataset/DOTA100/images/train/000000000064.jpg: 30.698 ms
/ultralytics/zoo/dataset/DOTA100/images/train/000000000071.jpg: 31.191 ms
/ultralytics/zoo/dataset/DOTA100/images/train/000000000073.jpg: 29.330 ms
/ultralytics/zoo/dataset/DOTA100/images/train/000000000074.jpg: 25.847 ms
/ultralytics/zoo/dataset/DOTA100/images/train/000000000078.jpg: 33.681 ms
/ultralytics/zoo/dataset/DOTA100/images/train/000000000089.jpg: 21.576 ms
/ultralytics/zoo/dataset/DOTA100/images/train/000000000094.jpg: 24.532 ms
/ultralytics/zoo/dataset/DOTA100/images/train/000000000110.jpg: 21.767 ms
/ultralytics/zoo/dataset/DOTA100/images/train/000000000136.jpg: 25.644 ms
/ultralytics/zoo/dataset/DOTA100/images/train/000000000138.jpg: 23.874 ms
/ultralytics/zoo/dataset/DOTA100/images/train/000000000142.jpg: 26.954 ms
/ultralytics/zoo/dataset/DOTA100/images/train/000000000143.jpg: 25.715 ms
/ultralytics/zoo/dataset/DOTA100/images/train/000000000151.jpg: 19.643 ms
/ultralytics/zoo/dataset/DOTA100/images/train/000000000154.jpg: 23.488 ms
/ultralytics/zoo/dataset/DOTA100/images/train/000000000164.jpg: 17.008 ms
/ultralytics/zoo/dataset/DOTA100/images/train/000000000196.jpg: 25.189 ms
/ultralytics/zoo/dataset/DOTA100/images/train/000000000208.jpg: 19.266 ms
/ultralytics/zoo/dataset/DOTA100/images/train/000000000241.jpg: 22.935 ms
/ultralytics/zoo/dataset/DOTA100/images/train/000000000247.jpg: 18.153 ms
/ultralytics/zoo/dataset/DOTA100/images/train/000000000260.jpg: 20.347 ms
/ultralytics/zoo/dataset/DOTA100/images/train/000000000294.jpg: 29.430 ms
/ultralytics/zoo/dataset/DOTA100/images/train/000000000308.jpg: 22.728 ms
/ultralytics/zoo/dataset/DOTA100/images/train/000000000309.jpg: 26.364 ms
/ultralytics/zoo/dataset/DOTA100/images/train/000000000312.jpg: 17.204 ms
/ultralytics/zoo/dataset/DOTA100/images/train/000000000321.jpg: 21.656 ms
/ultralytics/zoo/dataset/DOTA100/images/train/000000000322.jpg: 24.522 ms
/ultralytics/zoo/dataset/DOTA100/images/train/000000000326.jpg: 21.470 ms
/ultralytics/zoo/dataset/DOTA100/images/train/000000000328.jpg: 28.670 ms
/ultralytics/zoo/dataset/DOTA100/images/train/000000000338.jpg: 20.266 ms
/ultralytics/zoo/dataset/DOTA100/images/train/000000000357.jpg: 19.591 ms
/ultralytics/zoo/dataset/DOTA100/images/train/000000000360.jpg: 20.991 ms
/ultralytics/zoo/dataset/DOTA100/images/train/000000000368.jpg: 16.604 ms
/ultralytics/zoo/dataset/DOTA100/images/train/000000000382.jpg: 23.097 ms
/ultralytics/zoo/dataset/DOTA100/images/train/000000000387.jpg: 21.407 ms
/ultralytics/zoo/dataset/DOTA100/images/train/000000000389.jpg: 26.144 ms
/ultralytics/zoo/dataset/DOTA100/images/train/000000000395.jpg: 18.313 ms
/ultralytics/zoo/dataset/DOTA100/images/train/000000000400.jpg: 22.765 ms
/ultralytics/zoo/dataset/DOTA100/images/train/000000000404.jpg: 17.735 ms
/ultralytics/zoo/dataset/DOTA100/images/train/000000000415.jpg: 21.845 ms
/ultralytics/zoo/dataset/DOTA100/images/train/000000000419.jpg: 21.003 ms
/ultralytics/zoo/dataset/DOTA100/images/train/000000000431.jpg: 17.663 ms
/ultralytics/zoo/dataset/DOTA100/images/train/000000000436.jpg: 19.442 ms
/ultralytics/zoo/dataset/DOTA100/images/train/000000000438.jpg: 28.642 ms
/ultralytics/zoo/dataset/DOTA100/images/train/000000000443.jpg: 23.855 ms
/ultralytics/zoo/dataset/DOTA100/images/train/000000000450.jpg: 17.165 ms
/ultralytics/zoo/dataset/DOTA100/images/train/000000000459.jpg: 28.829 ms
/ultralytics/zoo/dataset/DOTA100/images/train/000000000471.jpg: 15.729 ms
/ultralytics/zoo/dataset/DOTA100/images/train/000000000472.jpg: 16.574 ms
/ultralytics/zoo/dataset/DOTA100/images/train/000000000488.jpg: 15.928 ms
/ultralytics/zoo/dataset/DOTA100/images/train/000000000491.jpg: 23.749 ms
/ultralytics/zoo/dataset/DOTA100/images/train/000000000502.jpg: 18.625 ms
/ultralytics/zoo/dataset/DOTA100/images/train/000000000508.jpg: 21.725 ms
/ultralytics/zoo/dataset/DOTA100/images/train/000000000520.jpg: 21.517 ms
/ultralytics/zoo/dataset/DOTA100/images/train/000000000529.jpg: 18.932 ms
/ultralytics/zoo/dataset/DOTA100/images/train/000000000531.jpg: 17.216 ms
/ultralytics/zoo/dataset/DOTA100/images/train/000000000540.jpg: 25.338 ms
/ultralytics/zoo/dataset/DOTA100/images/train/000000000544.jpg: 23.065 ms
/ultralytics/zoo/dataset/DOTA100/images/train/000000000560.jpg: 29.777 ms
/ultralytics/zoo/dataset/DOTA100/images/train/000000000562.jpg: 22.037 ms
/ultralytics/zoo/dataset/DOTA100/images/train/000000000564.jpg: 25.470 ms
/ultralytics/zoo/dataset/DOTA100/images/train/000000000572.jpg: 14.005 ms
/ultralytics/zoo/dataset/DOTA100/images/train/000000000575.jpg: 20.117 ms
/ultralytics/zoo/dataset/DOTA100/images/train/000000000581.jpg: 18.116 ms
/ultralytics/zoo/dataset/DOTA100/images/train/000000000584.jpg: 19.327 ms
/ultralytics/zoo/dataset/DOTA100/images/train/000000000590.jpg: 26.704 ms
/ultralytics/zoo/dataset/DOTA100/images/train/000000000595.jpg: 19.985 ms
/ultralytics/zoo/dataset/DOTA100/images/train/000000000597.jpg: 14.555 ms
/ultralytics/zoo/dataset/DOTA100/images/train/000000000599.jpg: 26.829 ms
/ultralytics/zoo/dataset/DOTA100/images/train/000000000620.jpg: 19.002 ms
/ultralytics/zoo/dataset/DOTA100/images/train/000000000625.jpg: 19.003 ms
/ultralytics/zoo/dataset/DOTA100/images/train/000000000626.jpg: 23.675 ms
/ultralytics/zoo/dataset/DOTA100/images/train/000000000629.jpg: 19.943 ms
/ultralytics/zoo/dataset/DOTA100/images/train/000000000636.jpg: 25.661 ms
/ultralytics/zoo/dataset/DOTA100/images/train/000000000641.jpg: 13.849 ms
/ultralytics/zoo/dataset/DOTA100/images/train/000000000643.jpg: 29.980 ms
/ultralytics/zoo/dataset/DOTA100/images/train/000000000650.jpg: 19.717 ms
/ultralytics/zoo/dataset/DOTA100/images/val/000000000009.jpg: 19.822 ms
/ultralytics/zoo/dataset/DOTA100/images/val/000000000049.jpg: 22.096 ms
/ultralytics/zoo/dataset/DOTA100/images/val/000000000077.jpg: 24.251 ms
/ultralytics/zoo/dataset/DOTA100/images/val/000000000133.jpg: 22.799 ms
/ultralytics/zoo/dataset/DOTA100/images/val/000000000144.jpg: 25.069 ms
/ultralytics/zoo/dataset/DOTA100/images/val/000000000201.jpg: 20.216 ms
/ultralytics/zoo/dataset/DOTA100/images/val/000000000263.jpg: 17.215 ms
/ultralytics/zoo/dataset/DOTA100/images/val/000000000315.jpg: 14.621 ms
/ultralytics/zoo/dataset/DOTA100/images/val/000000000332.jpg: 20.826 ms
/ultralytics/zoo/dataset/DOTA100/images/val/000000000370.jpg: 23.834 ms
/ultralytics/zoo/dataset/DOTA100/images/val/000000000397.jpg: 23.223 ms
/ultralytics/zoo/dataset/DOTA100/images/val/000000000428.jpg: 14.708 ms
/ultralytics/zoo/dataset/DOTA100/images/val/000000000446.jpg: 22.076 ms
/ultralytics/zoo/dataset/DOTA100/images/val/000000000474.jpg: 21.678 ms
/ultralytics/zoo/dataset/DOTA100/images/val/000000000510.jpg: 26.613 ms
/ultralytics/zoo/dataset/DOTA100/images/val/000000000542.jpg: 22.779 ms
/ultralytics/zoo/dataset/DOTA100/images/val/000000000569.jpg: 18.743 ms
/ultralytics/zoo/dataset/DOTA100/images/val/000000000589.jpg: 16.901 ms
/ultralytics/zoo/dataset/DOTA100/images/val/000000000612.jpg: 29.263 ms
/ultralytics/zoo/dataset/DOTA100/images/val/000000000634.jpg: 22.363 ms
avg: 22.057 ms
