[yolo11n-cls] dataset=/ultralytics/zoo/dataset/CIFAR100 count=100 imgsz=224
Using CUDA runtime cudaDeviceSynchronize() for accurate TensorRT synchronization
/ultralytics/zoo/dataset/CIFAR100/airplane/data_batch_1_00029.png: 8.145 ms
/ultralytics/zoo/dataset/CIFAR100/airplane/data_batch_1_00030.png: 7.536 ms
/ultralytics/zoo/dataset/CIFAR100/airplane/data_batch_1_00035.png: 7.250 ms
/ultralytics/zoo/dataset/CIFAR100/airplane/data_batch_1_00049.png: 7.174 ms
/ultralytics/zoo/dataset/CIFAR100/airplane/data_batch_1_00077.png: 7.013 ms
/ultralytics/zoo/dataset/CIFAR100/airplane/data_batch_1_00093.png: 6.933 ms
/ultralytics/zoo/dataset/CIFAR100/airplane/data_batch_1_00115.png: 6.930 ms
/ultralytics/zoo/dataset/CIFAR100/airplane/data_batch_1_00116.png: 6.957 ms
/ultralytics/zoo/dataset/CIFAR100/airplane/data_batch_1_00129.png: 7.027 ms
/ultralytics/zoo/dataset/CIFAR100/airplane/data_batch_1_00165.png: 7.109 ms
/ultralytics/zoo/dataset/CIFAR100/automobile/data_batch_1_00004.png: 7.027 ms
/ultralytics/zoo/dataset/CIFAR100/automobile/data_batch_1_00005.png: 7.126 ms
/ultralytics/zoo/dataset/CIFAR100/automobile/data_batch_1_00032.png: 7.138 ms
/ultralytics/zoo/dataset/CIFAR100/automobile/data_batch_1_00044.png: 7.247 ms
/ultralytics/zoo/dataset/CIFAR100/automobile/data_batch_1_00045.png: 7.395 ms
/ultralytics/zoo/dataset/CIFAR100/automobile/data_batch_1_00046.png: 7.373 ms
/ultralytics/zoo/dataset/CIFAR100/automobile/data_batch_1_00060.png: 7.635 ms
/ultralytics/zoo/dataset/CIFAR100/automobile/data_batch_1_00061.png: 7.777 ms
/ultralytics/zoo/dataset/CIFAR100/automobile/data_batch_1_00064.png: 7.614 ms
/ultralytics/zoo/dataset/CIFAR100/automobile/data_batch_1_00065.png: 7.572 ms
/ultralytics/zoo/dataset/CIFAR100/bird/data_batch_1_00006.png: 7.473 ms
/ultralytics/zoo/dataset/CIFAR100/bird/data_batch_1_00013.png: 7.765 ms
/ultralytics/zoo/dataset/CIFAR100/bird/data_batch_1_00018.png: 8.447 ms
/ultralytics/zoo/dataset/CIFAR100/bird/data_batch_1_00024.png: 7.775 ms
/ultralytics/zoo/dataset/CIFAR100/bird/data_batch_1_00041.png: 7.719 ms
/ultralytics/zoo/dataset/CIFAR100/bird/data_batch_1_00042.png: 8.713 ms
/ultralytics/zoo/dataset/CIFAR100/bird/data_batch_1_00047.png: 7.865 ms
/ultralytics/zoo/dataset/CIFAR100/bird/data_batch_1_00048.png: 8.189 ms
/ultralytics/zoo/dataset/CIFAR100/bird/data_batch_1_00054.png: 9.010 ms
/ultralytics/zoo/dataset/CIFAR100/bird/data_batch_1_00055.png: 8.731 ms
/ultralytics/zoo/dataset/CIFAR100/cat/data_batch_1_00009.png: 8.720 ms
/ultralytics/zoo/dataset/CIFAR100/cat/data_batch_1_00017.png: 8.736 ms
/ultralytics/zoo/dataset/CIFAR100/cat/data_batch_1_00021.png: 8.945 ms
/ultralytics/zoo/dataset/CIFAR100/cat/data_batch_1_00026.png: 9.304 ms
/ultralytics/zoo/dataset/CIFAR100/cat/data_batch_1_00033.png: 8.947 ms
/ultralytics/zoo/dataset/CIFAR100/cat/data_batch_1_00036.png: 8.487 ms
/ultralytics/zoo/dataset/CIFAR100/cat/data_batch_1_00038.png: 9.061 ms
/ultralytics/zoo/dataset/CIFAR100/cat/data_batch_1_00039.png: 8.780 ms
/ultralytics/zoo/dataset/CIFAR100/cat/data_batch_1_00059.png: 8.319 ms
/ultralytics/zoo/dataset/CIFAR100/cat/data_batch_1_00074.png: 9.337 ms
/ultralytics/zoo/dataset/CIFAR100/deer/data_batch_1_00003.png: 9.502 ms
/ultralytics/zoo/dataset/CIFAR100/deer/data_batch_1_00010.png: 8.817 ms
/ultralytics/zoo/dataset/CIFAR100/deer/data_batch_1_00020.png: 8.734 ms
/ultralytics/zoo/dataset/CIFAR100/deer/data_batch_1_00028.png: 8.660 ms
/ultralytics/zoo/dataset/CIFAR100/deer/data_batch_1_00034.png: 8.760 ms
/ultralytics/zoo/dataset/CIFAR100/deer/data_batch_1_00058.png: 8.789 ms
/ultralytics/zoo/dataset/CIFAR100/deer/data_batch_1_00066.png: 8.624 ms
/ultralytics/zoo/dataset/CIFAR100/deer/data_batch_1_00082.png: 8.469 ms
/ultralytics/zoo/dataset/CIFAR100/deer/data_batch_1_00086.png: 8.457 ms
/ultralytics/zoo/dataset/CIFAR100/deer/data_batch_1_00089.png: 8.065 ms
/ultralytics/zoo/dataset/CIFAR100/dog/data_batch_1_00027.png: 8.053 ms
/ultralytics/zoo/dataset/CIFAR100/dog/data_batch_1_00040.png: 9.166 ms
/ultralytics/zoo/dataset/CIFAR100/dog/data_batch_1_00051.png: 9.927 ms
/ultralytics/zoo/dataset/CIFAR100/dog/data_batch_1_00056.png: 9.107 ms
/ultralytics/zoo/dataset/CIFAR100/dog/data_batch_1_00070.png: 9.042 ms
/ultralytics/zoo/dataset/CIFAR100/dog/data_batch_1_00081.png: 8.898 ms
/ultralytics/zoo/dataset/CIFAR100/dog/data_batch_1_00083.png: 8.561 ms
/ultralytics/zoo/dataset/CIFAR100/dog/data_batch_1_00107.png: 8.487 ms
/ultralytics/zoo/dataset/CIFAR100/dog/data_batch_1_00128.png: 8.444 ms
/ultralytics/zoo/dataset/CIFAR100/dog/data_batch_1_00148.png: 8.809 ms
/ultralytics/zoo/dataset/CIFAR100/frog/data_batch_1_00000.png: 8.744 ms
/ultralytics/zoo/dataset/CIFAR100/frog/data_batch_1_00019.png: 8.611 ms
/ultralytics/zoo/dataset/CIFAR100/frog/data_batch_1_00022.png: 8.314 ms
/ultralytics/zoo/dataset/CIFAR100/frog/data_batch_1_00023.png: 9.378 ms
/ultralytics/zoo/dataset/CIFAR100/frog/data_batch_1_00025.png: 7.389 ms
/ultralytics/zoo/dataset/CIFAR100/frog/data_batch_1_00072.png: 7.312 ms
/ultralytics/zoo/dataset/CIFAR100/frog/data_batch_1_00095.png: 7.631 ms
/ultralytics/zoo/dataset/CIFAR100/frog/data_batch_1_00103.png: 7.397 ms
/ultralytics/zoo/dataset/CIFAR100/frog/data_batch_1_00104.png: 7.360 ms
/ultralytics/zoo/dataset/CIFAR100/frog/data_batch_1_00117.png: 7.347 ms
/ultralytics/zoo/dataset/CIFAR100/horse/data_batch_1_00007.png: 7.395 ms
/ultralytics/zoo/dataset/CIFAR100/horse/data_batch_1_00011.png: 7.740 ms
/ultralytics/zoo/dataset/CIFAR100/horse/data_batch_1_00012.png: 8.644 ms
/ultralytics/zoo/dataset/CIFAR100/horse/data_batch_1_00037.png: 7.885 ms
/ultralytics/zoo/dataset/CIFAR100/horse/data_batch_1_00043.png: 7.750 ms
/ultralytics/zoo/dataset/CIFAR100/horse/data_batch_1_00052.png: 8.030 ms
/ultralytics/zoo/dataset/CIFAR100/horse/data_batch_1_00068.png: 8.011 ms
/ultralytics/zoo/dataset/CIFAR100/horse/data_batch_1_00073.png: 8.273 ms
/ultralytics/zoo/dataset/CIFAR100/horse/data_batch_1_00084.png: 9.129 ms
/ultralytics/zoo/dataset/CIFAR100/horse/data_batch_1_00085.png: 9.001 ms
/ultralytics/zoo/dataset/CIFAR100/ship/data_batch_1_00008.png: 8.936 ms
/ultralytics/zoo/dataset/CIFAR100/ship/data_batch_1_00062.png: 8.854 ms
/ultralytics/zoo/dataset/CIFAR100/ship/data_batch_1_00069.png: 9.255 ms
/ultralytics/zoo/dataset/CIFAR100/ship/data_batch_1_00092.png: 8.213 ms
/ultralytics/zoo/dataset/CIFAR100/ship/data_batch_1_00100.png: 7.387 ms
/ultralytics/zoo/dataset/CIFAR100/ship/data_batch_1_00106.png: 7.162 ms
/ultralytics/zoo/dataset/CIFAR100/ship/data_batch_1_00111.png: 7.163 ms
/ultralytics/zoo/dataset/CIFAR100/ship/data_batch_1_00135.png: 7.614 ms
/ultralytics/zoo/dataset/CIFAR100/ship/data_batch_1_00139.png: 8.006 ms
/ultralytics/zoo/dataset/CIFAR100/ship/data_batch_1_00155.png: 7.962 ms
/ultralytics/zoo/dataset/CIFAR100/truck/data_batch_1_00001.png: 7.484 ms
/ultralytics/zoo/dataset/CIFAR100/truck/data_batch_1_00002.png: 8.353 ms
/ultralytics/zoo/dataset/CIFAR100/truck/data_batch_1_00014.png: 8.601 ms
/ultralytics/zoo/dataset/CIFAR100/truck/data_batch_1_00015.png: 9.287 ms
/ultralytics/zoo/dataset/CIFAR100/truck/data_batch_1_00016.png: 8.997 ms
/ultralytics/zoo/dataset/CIFAR100/truck/data_batch_1_00031.png: 8.816 ms
/ultralytics/zoo/dataset/CIFAR100/truck/data_batch_1_00050.png: 8.366 ms
/ultralytics/zoo/dataset/CIFAR100/truck/data_batch_1_00053.png: 7.859 ms
/ultralytics/zoo/dataset/CIFAR100/truck/data_batch_1_00067.png: 8.406 ms
/ultralytics/zoo/dataset/CIFAR100/truck/data_batch_1_00071.png: 8.234 ms
avg: 8.180 ms
