=== Improved measurement started at 2025-12-17 17:35:52 ===
Using CUDA runtime cudaDeviceSynchronize() for accurate TensorRT synchronization

[yolo11n-cls] dataset=/ultralytics/zoo/dataset/CIFAR100 count=100 imgsz=224
Format: image_path | preprocess_ms | inference_ms | postprocess_ms | total_ms
/ultralytics/zoo/dataset/CIFAR100/airplane/data_batch_1_00029.png | 8.857 ms (total, includes preprocess+inference+postprocess)
/ultralytics/zoo/dataset/CIFAR100/airplane/data_batch_1_00030.png | 7.720 ms (total, includes preprocess+inference+postprocess)
/ultralytics/zoo/dataset/CIFAR100/airplane/data_batch_1_00035.png | 7.248 ms (total, includes preprocess+inference+postprocess)
/ultralytics/zoo/dataset/CIFAR100/airplane/data_batch_1_00049.png | 7.119 ms (total, includes preprocess+inference+postprocess)
/ultralytics/zoo/dataset/CIFAR100/airplane/data_batch_1_00077.png | 7.067 ms (total, includes preprocess+inference+postprocess)
/ultralytics/zoo/dataset/CIFAR100/airplane/data_batch_1_00093.png | 7.023 ms (total, includes preprocess+inference+postprocess)
/ultralytics/zoo/dataset/CIFAR100/airplane/data_batch_1_00115.png | 7.068 ms (total, includes preprocess+inference+postprocess)
/ultralytics/zoo/dataset/CIFAR100/airplane/data_batch_1_00116.png | 7.213 ms (total, includes preprocess+inference+postprocess)
/ultralytics/zoo/dataset/CIFAR100/airplane/data_batch_1_00129.png | 7.193 ms (total, includes preprocess+inference+postprocess)
/ultralytics/zoo/dataset/CIFAR100/airplane/data_batch_1_00165.png | 7.269 ms (total, includes preprocess+inference+postprocess)
/ultralytics/zoo/dataset/CIFAR100/automobile/data_batch_1_00004.png | 7.077 ms (total, includes preprocess+inference+postprocess)
/ultralytics/zoo/dataset/CIFAR100/automobile/data_batch_1_00005.png | 7.253 ms (total, includes preprocess+inference+postprocess)
/ultralytics/zoo/dataset/CIFAR100/automobile/data_batch_1_00032.png | 7.246 ms (total, includes preprocess+inference+postprocess)
/ultralytics/zoo/dataset/CIFAR100/automobile/data_batch_1_00044.png | 7.308 ms (total, includes preprocess+inference+postprocess)
/ultralytics/zoo/dataset/CIFAR100/automobile/data_batch_1_00045.png | 7.306 ms (total, includes preprocess+inference+postprocess)
/ultralytics/zoo/dataset/CIFAR100/automobile/data_batch_1_00046.png | 7.211 ms (total, includes preprocess+inference+postprocess)
/ultralytics/zoo/dataset/CIFAR100/automobile/data_batch_1_00060.png | 7.316 ms (total, includes preprocess+inference+postprocess)
/ultralytics/zoo/dataset/CIFAR100/automobile/data_batch_1_00061.png | 7.313 ms (total, includes preprocess+inference+postprocess)
/ultralytics/zoo/dataset/CIFAR100/automobile/data_batch_1_00064.png | 7.389 ms (total, includes preprocess+inference+postprocess)
/ultralytics/zoo/dataset/CIFAR100/automobile/data_batch_1_00065.png | 7.795 ms (total, includes preprocess+inference+postprocess)
/ultralytics/zoo/dataset/CIFAR100/bird/data_batch_1_00006.png | 7.386 ms (total, includes preprocess+inference+postprocess)
/ultralytics/zoo/dataset/CIFAR100/bird/data_batch_1_00013.png | 7.653 ms (total, includes preprocess+inference+postprocess)
/ultralytics/zoo/dataset/CIFAR100/bird/data_batch_1_00018.png | 7.585 ms (total, includes preprocess+inference+postprocess)
/ultralytics/zoo/dataset/CIFAR100/bird/data_batch_1_00024.png | 7.435 ms (total, includes preprocess+inference+postprocess)
/ultralytics/zoo/dataset/CIFAR100/bird/data_batch_1_00041.png | 7.402 ms (total, includes preprocess+inference+postprocess)
/ultralytics/zoo/dataset/CIFAR100/bird/data_batch_1_00042.png | 7.435 ms (total, includes preprocess+inference+postprocess)
/ultralytics/zoo/dataset/CIFAR100/bird/data_batch_1_00047.png | 7.914 ms (total, includes preprocess+inference+postprocess)
/ultralytics/zoo/dataset/CIFAR100/bird/data_batch_1_00048.png | 8.943 ms (total, includes preprocess+inference+postprocess)
/ultralytics/zoo/dataset/CIFAR100/bird/data_batch_1_00054.png | 7.582 ms (total, includes preprocess+inference+postprocess)
/ultralytics/zoo/dataset/CIFAR100/bird/data_batch_1_00055.png | 8.325 ms (total, includes preprocess+inference+postprocess)
/ultralytics/zoo/dataset/CIFAR100/cat/data_batch_1_00009.png | 8.661 ms (total, includes preprocess+inference+postprocess)
/ultralytics/zoo/dataset/CIFAR100/cat/data_batch_1_00017.png | 8.688 ms (total, includes preprocess+inference+postprocess)
/ultralytics/zoo/dataset/CIFAR100/cat/data_batch_1_00021.png | 9.105 ms (total, includes preprocess+inference+postprocess)
/ultralytics/zoo/dataset/CIFAR100/cat/data_batch_1_00026.png | 9.669 ms (total, includes preprocess+inference+postprocess)
/ultralytics/zoo/dataset/CIFAR100/cat/data_batch_1_00033.png | 8.980 ms (total, includes preprocess+inference+postprocess)
/ultralytics/zoo/dataset/CIFAR100/cat/data_batch_1_00036.png | 8.372 ms (total, includes preprocess+inference+postprocess)
/ultralytics/zoo/dataset/CIFAR100/cat/data_batch_1_00038.png | 7.771 ms (total, includes preprocess+inference+postprocess)
/ultralytics/zoo/dataset/CIFAR100/cat/data_batch_1_00039.png | 8.717 ms (total, includes preprocess+inference+postprocess)
/ultralytics/zoo/dataset/CIFAR100/cat/data_batch_1_00059.png | 8.980 ms (total, includes preprocess+inference+postprocess)
/ultralytics/zoo/dataset/CIFAR100/cat/data_batch_1_00074.png | 8.739 ms (total, includes preprocess+inference+postprocess)
/ultralytics/zoo/dataset/CIFAR100/deer/data_batch_1_00003.png | 8.739 ms (total, includes preprocess+inference+postprocess)
/ultralytics/zoo/dataset/CIFAR100/deer/data_batch_1_00010.png | 8.690 ms (total, includes preprocess+inference+postprocess)
/ultralytics/zoo/dataset/CIFAR100/deer/data_batch_1_00020.png | 8.905 ms (total, includes preprocess+inference+postprocess)
/ultralytics/zoo/dataset/CIFAR100/deer/data_batch_1_00028.png | 9.024 ms (total, includes preprocess+inference+postprocess)
/ultralytics/zoo/dataset/CIFAR100/deer/data_batch_1_00034.png | 8.631 ms (total, includes preprocess+inference+postprocess)
/ultralytics/zoo/dataset/CIFAR100/deer/data_batch_1_00058.png | 8.601 ms (total, includes preprocess+inference+postprocess)
/ultralytics/zoo/dataset/CIFAR100/deer/data_batch_1_00066.png | 8.651 ms (total, includes preprocess+inference+postprocess)
/ultralytics/zoo/dataset/CIFAR100/deer/data_batch_1_00082.png | 8.932 ms (total, includes preprocess+inference+postprocess)
/ultralytics/zoo/dataset/CIFAR100/deer/data_batch_1_00086.png | 8.803 ms (total, includes preprocess+inference+postprocess)
/ultralytics/zoo/dataset/CIFAR100/deer/data_batch_1_00089.png | 8.717 ms (total, includes preprocess+inference+postprocess)
/ultralytics/zoo/dataset/CIFAR100/dog/data_batch_1_00027.png | 9.218 ms (total, includes preprocess+inference+postprocess)
/ultralytics/zoo/dataset/CIFAR100/dog/data_batch_1_00040.png | 9.101 ms (total, includes preprocess+inference+postprocess)
/ultralytics/zoo/dataset/CIFAR100/dog/data_batch_1_00051.png | 9.041 ms (total, includes preprocess+inference+postprocess)
/ultralytics/zoo/dataset/CIFAR100/dog/data_batch_1_00056.png | 8.750 ms (total, includes preprocess+inference+postprocess)
/ultralytics/zoo/dataset/CIFAR100/dog/data_batch_1_00070.png | 8.689 ms (total, includes preprocess+inference+postprocess)
/ultralytics/zoo/dataset/CIFAR100/dog/data_batch_1_00081.png | 9.066 ms (total, includes preprocess+inference+postprocess)
/ultralytics/zoo/dataset/CIFAR100/dog/data_batch_1_00083.png | 8.875 ms (total, includes preprocess+inference+postprocess)
/ultralytics/zoo/dataset/CIFAR100/dog/data_batch_1_00107.png | 8.684 ms (total, includes preprocess+inference+postprocess)
/ultralytics/zoo/dataset/CIFAR100/dog/data_batch_1_00128.png | 8.662 ms (total, includes preprocess+inference+postprocess)
/ultralytics/zoo/dataset/CIFAR100/dog/data_batch_1_00148.png | 8.589 ms (total, includes preprocess+inference+postprocess)
/ultralytics/zoo/dataset/CIFAR100/frog/data_batch_1_00000.png | 8.972 ms (total, includes preprocess+inference+postprocess)
/ultralytics/zoo/dataset/CIFAR100/frog/data_batch_1_00019.png | 8.913 ms (total, includes preprocess+inference+postprocess)
/ultralytics/zoo/dataset/CIFAR100/frog/data_batch_1_00022.png | 8.709 ms (total, includes preprocess+inference+postprocess)
/ultralytics/zoo/dataset/CIFAR100/frog/data_batch_1_00023.png | 8.594 ms (total, includes preprocess+inference+postprocess)
/ultralytics/zoo/dataset/CIFAR100/frog/data_batch_1_00025.png | 8.599 ms (total, includes preprocess+inference+postprocess)
/ultralytics/zoo/dataset/CIFAR100/frog/data_batch_1_00072.png | 9.026 ms (total, includes preprocess+inference+postprocess)
/ultralytics/zoo/dataset/CIFAR100/frog/data_batch_1_00095.png | 8.795 ms (total, includes preprocess+inference+postprocess)
/ultralytics/zoo/dataset/CIFAR100/frog/data_batch_1_00103.png | 8.728 ms (total, includes preprocess+inference+postprocess)
/ultralytics/zoo/dataset/CIFAR100/frog/data_batch_1_00104.png | 8.594 ms (total, includes preprocess+inference+postprocess)
/ultralytics/zoo/dataset/CIFAR100/frog/data_batch_1_00117.png | 8.742 ms (total, includes preprocess+inference+postprocess)
/ultralytics/zoo/dataset/CIFAR100/horse/data_batch_1_00007.png | 8.971 ms (total, includes preprocess+inference+postprocess)
/ultralytics/zoo/dataset/CIFAR100/horse/data_batch_1_00011.png | 8.912 ms (total, includes preprocess+inference+postprocess)
/ultralytics/zoo/dataset/CIFAR100/horse/data_batch_1_00012.png | 8.621 ms (total, includes preprocess+inference+postprocess)
/ultralytics/zoo/dataset/CIFAR100/horse/data_batch_1_00037.png | 8.514 ms (total, includes preprocess+inference+postprocess)
/ultralytics/zoo/dataset/CIFAR100/horse/data_batch_1_00043.png | 8.601 ms (total, includes preprocess+inference+postprocess)
/ultralytics/zoo/dataset/CIFAR100/horse/data_batch_1_00052.png | 8.959 ms (total, includes preprocess+inference+postprocess)
/ultralytics/zoo/dataset/CIFAR100/horse/data_batch_1_00068.png | 8.937 ms (total, includes preprocess+inference+postprocess)
/ultralytics/zoo/dataset/CIFAR100/horse/data_batch_1_00073.png | 10.756 ms (total, includes preprocess+inference+postprocess)
/ultralytics/zoo/dataset/CIFAR100/horse/data_batch_1_00084.png | 10.077 ms (total, includes preprocess+inference+postprocess)
/ultralytics/zoo/dataset/CIFAR100/horse/data_batch_1_00085.png | 8.962 ms (total, includes preprocess+inference+postprocess)
/ultralytics/zoo/dataset/CIFAR100/ship/data_batch_1_00008.png | 8.866 ms (total, includes preprocess+inference+postprocess)
/ultralytics/zoo/dataset/CIFAR100/ship/data_batch_1_00062.png | 9.390 ms (total, includes preprocess+inference+postprocess)
/ultralytics/zoo/dataset/CIFAR100/ship/data_batch_1_00069.png | 8.994 ms (total, includes preprocess+inference+postprocess)
/ultralytics/zoo/dataset/CIFAR100/ship/data_batch_1_00092.png | 8.887 ms (total, includes preprocess+inference+postprocess)
/ultralytics/zoo/dataset/CIFAR100/ship/data_batch_1_00100.png | 9.093 ms (total, includes preprocess+inference+postprocess)
/ultralytics/zoo/dataset/CIFAR100/ship/data_batch_1_00106.png | 8.793 ms (total, includes preprocess+inference+postprocess)
/ultralytics/zoo/dataset/CIFAR100/ship/data_batch_1_00111.png | 8.706 ms (total, includes preprocess+inference+postprocess)
/ultralytics/zoo/dataset/CIFAR100/ship/data_batch_1_00135.png | 8.566 ms (total, includes preprocess+inference+postprocess)
/ultralytics/zoo/dataset/CIFAR100/ship/data_batch_1_00139.png | 8.575 ms (total, includes preprocess+inference+postprocess)
/ultralytics/zoo/dataset/CIFAR100/ship/data_batch_1_00155.png | 8.923 ms (total, includes preprocess+inference+postprocess)
/ultralytics/zoo/dataset/CIFAR100/truck/data_batch_1_00001.png | 8.701 ms (total, includes preprocess+inference+postprocess)
/ultralytics/zoo/dataset/CIFAR100/truck/data_batch_1_00002.png | 8.681 ms (total, includes preprocess+inference+postprocess)
/ultralytics/zoo/dataset/CIFAR100/truck/data_batch_1_00014.png | 8.573 ms (total, includes preprocess+inference+postprocess)
/ultralytics/zoo/dataset/CIFAR100/truck/data_batch_1_00015.png | 8.928 ms (total, includes preprocess+inference+postprocess)
/ultralytics/zoo/dataset/CIFAR100/truck/data_batch_1_00016.png | 9.833 ms (total, includes preprocess+inference+postprocess)
/ultralytics/zoo/dataset/CIFAR100/truck/data_batch_1_00031.png | 8.766 ms (total, includes preprocess+inference+postprocess)
/ultralytics/zoo/dataset/CIFAR100/truck/data_batch_1_00050.png | 8.416 ms (total, includes preprocess+inference+postprocess)
/ultralytics/zoo/dataset/CIFAR100/truck/data_batch_1_00053.png | 9.170 ms (total, includes preprocess+inference+postprocess)
/ultralytics/zoo/dataset/CIFAR100/truck/data_batch_1_00067.png | 8.271 ms (total, includes preprocess+inference+postprocess)
/ultralytics/zoo/dataset/CIFAR100/truck/data_batch_1_00071.png | 8.963 ms (total, includes preprocess+inference+postprocess)
avg_total: 8.448 ms

[yolo11n-detect] dataset=/ultralytics/zoo/dataset/coco128/images/train2017 count=100 imgsz=640
Format: image_path | preprocess_ms | inference_ms | postprocess_ms | total_ms
/ultralytics/zoo/dataset/coco128/images/train2017/000000000009.jpg | 22.787 ms (total, includes preprocess+inference+postprocess)
/ultralytics/zoo/dataset/coco128/images/train2017/000000000025.jpg | 21.524 ms (total, includes preprocess+inference+postprocess)
/ultralytics/zoo/dataset/coco128/images/train2017/000000000030.jpg | 20.701 ms (total, includes preprocess+inference+postprocess)
/ultralytics/zoo/dataset/coco128/images/train2017/000000000034.jpg | 24.565 ms (total, includes preprocess+inference+postprocess)
/ultralytics/zoo/dataset/coco128/images/train2017/000000000036.jpg | 24.717 ms (total, includes preprocess+inference+postprocess)
/ultralytics/zoo/dataset/coco128/images/train2017/000000000042.jpg | 24.659 ms (total, includes preprocess+inference+postprocess)
/ultralytics/zoo/dataset/coco128/images/train2017/000000000049.jpg | 26.519 ms (total, includes preprocess+inference+postprocess)
/ultralytics/zoo/dataset/coco128/images/train2017/000000000061.jpg | 23.430 ms (total, includes preprocess+inference+postprocess)
/ultralytics/zoo/dataset/coco128/images/train2017/000000000064.jpg | 23.478 ms (total, includes preprocess+inference+postprocess)
/ultralytics/zoo/dataset/coco128/images/train2017/000000000071.jpg | 23.363 ms (total, includes preprocess+inference+postprocess)
/ultralytics/zoo/dataset/coco128/images/train2017/000000000072.jpg | 25.765 ms (total, includes preprocess+inference+postprocess)
/ultralytics/zoo/dataset/coco128/images/train2017/000000000073.jpg | 28.220 ms (total, includes preprocess+inference+postprocess)
/ultralytics/zoo/dataset/coco128/images/train2017/000000000074.jpg | 25.034 ms (total, includes preprocess+inference+postprocess)
/ultralytics/zoo/dataset/coco128/images/train2017/000000000077.jpg | 28.672 ms (total, includes preprocess+inference+postprocess)
/ultralytics/zoo/dataset/coco128/images/train2017/000000000078.jpg | 31.426 ms (total, includes preprocess+inference+postprocess)
/ultralytics/zoo/dataset/coco128/images/train2017/000000000081.jpg | 24.161 ms (total, includes preprocess+inference+postprocess)
/ultralytics/zoo/dataset/coco128/images/train2017/000000000086.jpg | 25.312 ms (total, includes preprocess+inference+postprocess)
/ultralytics/zoo/dataset/coco128/images/train2017/000000000089.jpg | 24.976 ms (total, includes preprocess+inference+postprocess)
/ultralytics/zoo/dataset/coco128/images/train2017/000000000092.jpg | 24.723 ms (total, includes preprocess+inference+postprocess)
/ultralytics/zoo/dataset/coco128/images/train2017/000000000094.jpg | 25.570 ms (total, includes preprocess+inference+postprocess)
/ultralytics/zoo/dataset/coco128/images/train2017/000000000109.jpg | 25.415 ms (total, includes preprocess+inference+postprocess)
/ultralytics/zoo/dataset/coco128/images/train2017/000000000110.jpg | 25.449 ms (total, includes preprocess+inference+postprocess)
/ultralytics/zoo/dataset/coco128/images/train2017/000000000113.jpg | 25.447 ms (total, includes preprocess+inference+postprocess)
/ultralytics/zoo/dataset/coco128/images/train2017/000000000127.jpg | 26.454 ms (total, includes preprocess+inference+postprocess)
/ultralytics/zoo/dataset/coco128/images/train2017/000000000133.jpg | 25.539 ms (total, includes preprocess+inference+postprocess)
/ultralytics/zoo/dataset/coco128/images/train2017/000000000136.jpg | 28.343 ms (total, includes preprocess+inference+postprocess)
/ultralytics/zoo/dataset/coco128/images/train2017/000000000138.jpg | 26.377 ms (total, includes preprocess+inference+postprocess)
/ultralytics/zoo/dataset/coco128/images/train2017/000000000142.jpg | 25.865 ms (total, includes preprocess+inference+postprocess)
/ultralytics/zoo/dataset/coco128/images/train2017/000000000143.jpg | 32.992 ms (total, includes preprocess+inference+postprocess)
/ultralytics/zoo/dataset/coco128/images/train2017/000000000144.jpg | 26.687 ms (total, includes preprocess+inference+postprocess)
/ultralytics/zoo/dataset/coco128/images/train2017/000000000149.jpg | 24.685 ms (total, includes preprocess+inference+postprocess)
/ultralytics/zoo/dataset/coco128/images/train2017/000000000151.jpg | 26.996 ms (total, includes preprocess+inference+postprocess)
/ultralytics/zoo/dataset/coco128/images/train2017/000000000154.jpg | 26.020 ms (total, includes preprocess+inference+postprocess)
/ultralytics/zoo/dataset/coco128/images/train2017/000000000164.jpg | 25.367 ms (total, includes preprocess+inference+postprocess)
/ultralytics/zoo/dataset/coco128/images/train2017/000000000165.jpg | 25.981 ms (total, includes preprocess+inference+postprocess)
/ultralytics/zoo/dataset/coco128/images/train2017/000000000192.jpg | 25.959 ms (total, includes preprocess+inference+postprocess)
/ultralytics/zoo/dataset/coco128/images/train2017/000000000194.jpg | 25.319 ms (total, includes preprocess+inference+postprocess)
/ultralytics/zoo/dataset/coco128/images/train2017/000000000196.jpg | 26.328 ms (total, includes preprocess+inference+postprocess)
/ultralytics/zoo/dataset/coco128/images/train2017/000000000201.jpg | 25.031 ms (total, includes preprocess+inference+postprocess)
/ultralytics/zoo/dataset/coco128/images/train2017/000000000208.jpg | 25.260 ms (total, includes preprocess+inference+postprocess)
/ultralytics/zoo/dataset/coco128/images/train2017/000000000241.jpg | 25.578 ms (total, includes preprocess+inference+postprocess)
/ultralytics/zoo/dataset/coco128/images/train2017/000000000247.jpg | 25.144 ms (total, includes preprocess+inference+postprocess)
/ultralytics/zoo/dataset/coco128/images/train2017/000000000250.jpg | 23.175 ms (total, includes preprocess+inference+postprocess)
/ultralytics/zoo/dataset/coco128/images/train2017/000000000257.jpg | 32.802 ms (total, includes preprocess+inference+postprocess)
/ultralytics/zoo/dataset/coco128/images/train2017/000000000260.jpg | 30.102 ms (total, includes preprocess+inference+postprocess)
/ultralytics/zoo/dataset/coco128/images/train2017/000000000263.jpg | 26.567 ms (total, includes preprocess+inference+postprocess)
/ultralytics/zoo/dataset/coco128/images/train2017/000000000283.jpg | 26.009 ms (total, includes preprocess+inference+postprocess)
/ultralytics/zoo/dataset/coco128/images/train2017/000000000294.jpg | 30.852 ms (total, includes preprocess+inference+postprocess)
/ultralytics/zoo/dataset/coco128/images/train2017/000000000307.jpg | 28.553 ms (total, includes preprocess+inference+postprocess)
/ultralytics/zoo/dataset/coco128/images/train2017/000000000308.jpg | 25.628 ms (total, includes preprocess+inference+postprocess)
/ultralytics/zoo/dataset/coco128/images/train2017/000000000309.jpg | 33.468 ms (total, includes preprocess+inference+postprocess)
/ultralytics/zoo/dataset/coco128/images/train2017/000000000312.jpg | 25.943 ms (total, includes preprocess+inference+postprocess)
/ultralytics/zoo/dataset/coco128/images/train2017/000000000315.jpg | 25.319 ms (total, includes preprocess+inference+postprocess)
/ultralytics/zoo/dataset/coco128/images/train2017/000000000321.jpg | 25.248 ms (total, includes preprocess+inference+postprocess)
/ultralytics/zoo/dataset/coco128/images/train2017/000000000322.jpg | 25.462 ms (total, includes preprocess+inference+postprocess)
/ultralytics/zoo/dataset/coco128/images/train2017/000000000326.jpg | 24.834 ms (total, includes preprocess+inference+postprocess)
/ultralytics/zoo/dataset/coco128/images/train2017/000000000328.jpg | 25.867 ms (total, includes preprocess+inference+postprocess)
/ultralytics/zoo/dataset/coco128/images/train2017/000000000332.jpg | 25.152 ms (total, includes preprocess+inference+postprocess)
/ultralytics/zoo/dataset/coco128/images/train2017/000000000338.jpg | 24.555 ms (total, includes preprocess+inference+postprocess)
/ultralytics/zoo/dataset/coco128/images/train2017/000000000349.jpg | 26.244 ms (total, includes preprocess+inference+postprocess)
/ultralytics/zoo/dataset/coco128/images/train2017/000000000357.jpg | 31.579 ms (total, includes preprocess+inference+postprocess)
/ultralytics/zoo/dataset/coco128/images/train2017/000000000359.jpg | 28.803 ms (total, includes preprocess+inference+postprocess)
/ultralytics/zoo/dataset/coco128/images/train2017/000000000360.jpg | 28.134 ms (total, includes preprocess+inference+postprocess)
/ultralytics/zoo/dataset/coco128/images/train2017/000000000368.jpg | 27.124 ms (total, includes preprocess+inference+postprocess)
/ultralytics/zoo/dataset/coco128/images/train2017/000000000370.jpg | 25.777 ms (total, includes preprocess+inference+postprocess)
/ultralytics/zoo/dataset/coco128/images/train2017/000000000382.jpg | 26.020 ms (total, includes preprocess+inference+postprocess)
/ultralytics/zoo/dataset/coco128/images/train2017/000000000384.jpg | 29.992 ms (total, includes preprocess+inference+postprocess)
/ultralytics/zoo/dataset/coco128/images/train2017/000000000387.jpg | 34.094 ms (total, includes preprocess+inference+postprocess)
/ultralytics/zoo/dataset/coco128/images/train2017/000000000389.jpg | 27.993 ms (total, includes preprocess+inference+postprocess)
/ultralytics/zoo/dataset/coco128/images/train2017/000000000394.jpg | 30.370 ms (total, includes preprocess+inference+postprocess)
/ultralytics/zoo/dataset/coco128/images/train2017/000000000395.jpg | 26.454 ms (total, includes preprocess+inference+postprocess)
/ultralytics/zoo/dataset/coco128/images/train2017/000000000397.jpg | 25.621 ms (total, includes preprocess+inference+postprocess)
/ultralytics/zoo/dataset/coco128/images/train2017/000000000400.jpg | 26.613 ms (total, includes preprocess+inference+postprocess)
/ultralytics/zoo/dataset/coco128/images/train2017/000000000404.jpg | 28.794 ms (total, includes preprocess+inference+postprocess)
/ultralytics/zoo/dataset/coco128/images/train2017/000000000415.jpg | 29.846 ms (total, includes preprocess+inference+postprocess)
/ultralytics/zoo/dataset/coco128/images/train2017/000000000419.jpg | 29.690 ms (total, includes preprocess+inference+postprocess)
/ultralytics/zoo/dataset/coco128/images/train2017/000000000428.jpg | 31.840 ms (total, includes preprocess+inference+postprocess)
/ultralytics/zoo/dataset/coco128/images/train2017/000000000431.jpg | 34.156 ms (total, includes preprocess+inference+postprocess)
/ultralytics/zoo/dataset/coco128/images/train2017/000000000436.jpg | 28.862 ms (total, includes preprocess+inference+postprocess)
/ultralytics/zoo/dataset/coco128/images/train2017/000000000438.jpg | 28.002 ms (total, includes preprocess+inference+postprocess)
/ultralytics/zoo/dataset/coco128/images/train2017/000000000443.jpg | 33.395 ms (total, includes preprocess+inference+postprocess)
/ultralytics/zoo/dataset/coco128/images/train2017/000000000446.jpg | 33.587 ms (total, includes preprocess+inference+postprocess)
/ultralytics/zoo/dataset/coco128/images/train2017/000000000450.jpg | 26.534 ms (total, includes preprocess+inference+postprocess)
/ultralytics/zoo/dataset/coco128/images/train2017/000000000459.jpg | 34.637 ms (total, includes preprocess+inference+postprocess)
/ultralytics/zoo/dataset/coco128/images/train2017/000000000471.jpg | 27.110 ms (total, includes preprocess+inference+postprocess)
/ultralytics/zoo/dataset/coco128/images/train2017/000000000472.jpg | 31.445 ms (total, includes preprocess+inference+postprocess)
/ultralytics/zoo/dataset/coco128/images/train2017/000000000474.jpg | 31.586 ms (total, includes preprocess+inference+postprocess)
/ultralytics/zoo/dataset/coco128/images/train2017/000000000486.jpg | 29.314 ms (total, includes preprocess+inference+postprocess)
/ultralytics/zoo/dataset/coco128/images/train2017/000000000488.jpg | 32.957 ms (total, includes preprocess+inference+postprocess)
/ultralytics/zoo/dataset/coco128/images/train2017/000000000490.jpg | 32.836 ms (total, includes preprocess+inference+postprocess)
/ultralytics/zoo/dataset/coco128/images/train2017/000000000491.jpg | 27.652 ms (total, includes preprocess+inference+postprocess)
/ultralytics/zoo/dataset/coco128/images/train2017/000000000502.jpg | 30.250 ms (total, includes preprocess+inference+postprocess)
/ultralytics/zoo/dataset/coco128/images/train2017/000000000508.jpg | 23.156 ms (total, includes preprocess+inference+postprocess)
/ultralytics/zoo/dataset/coco128/images/train2017/000000000510.jpg | 32.935 ms (total, includes preprocess+inference+postprocess)
/ultralytics/zoo/dataset/coco128/images/train2017/000000000514.jpg | 30.575 ms (total, includes preprocess+inference+postprocess)
/ultralytics/zoo/dataset/coco128/images/train2017/000000000520.jpg | 28.830 ms (total, includes preprocess+inference+postprocess)
/ultralytics/zoo/dataset/coco128/images/train2017/000000000529.jpg | 26.741 ms (total, includes preprocess+inference+postprocess)
/ultralytics/zoo/dataset/coco128/images/train2017/000000000531.jpg | 32.649 ms (total, includes preprocess+inference+postprocess)
/ultralytics/zoo/dataset/coco128/images/train2017/000000000532.jpg | 27.974 ms (total, includes preprocess+inference+postprocess)
/ultralytics/zoo/dataset/coco128/images/train2017/000000000536.jpg | 30.728 ms (total, includes preprocess+inference+postprocess)
avg_total: 27.463 ms

[yolo11n-pose] dataset=/ultralytics/zoo/dataset/coco128/images/train2017 count=100 imgsz=640
Format: image_path | preprocess_ms | inference_ms | postprocess_ms | total_ms
/ultralytics/zoo/dataset/coco128/images/train2017/000000000009.jpg | 22.081 ms (total, includes preprocess+inference+postprocess)
/ultralytics/zoo/dataset/coco128/images/train2017/000000000025.jpg | 24.223 ms (total, includes preprocess+inference+postprocess)
/ultralytics/zoo/dataset/coco128/images/train2017/000000000030.jpg | 25.650 ms (total, includes preprocess+inference+postprocess)
/ultralytics/zoo/dataset/coco128/images/train2017/000000000034.jpg | 24.618 ms (total, includes preprocess+inference+postprocess)
/ultralytics/zoo/dataset/coco128/images/train2017/000000000036.jpg | 27.672 ms (total, includes preprocess+inference+postprocess)
/ultralytics/zoo/dataset/coco128/images/train2017/000000000042.jpg | 24.222 ms (total, includes preprocess+inference+postprocess)
/ultralytics/zoo/dataset/coco128/images/train2017/000000000049.jpg | 30.321 ms (total, includes preprocess+inference+postprocess)
/ultralytics/zoo/dataset/coco128/images/train2017/000000000061.jpg | 28.982 ms (total, includes preprocess+inference+postprocess)
/ultralytics/zoo/dataset/coco128/images/train2017/000000000064.jpg | 24.664 ms (total, includes preprocess+inference+postprocess)
/ultralytics/zoo/dataset/coco128/images/train2017/000000000071.jpg | 24.082 ms (total, includes preprocess+inference+postprocess)
/ultralytics/zoo/dataset/coco128/images/train2017/000000000072.jpg | 24.880 ms (total, includes preprocess+inference+postprocess)
/ultralytics/zoo/dataset/coco128/images/train2017/000000000073.jpg | 26.900 ms (total, includes preprocess+inference+postprocess)
/ultralytics/zoo/dataset/coco128/images/train2017/000000000074.jpg | 23.899 ms (total, includes preprocess+inference+postprocess)
/ultralytics/zoo/dataset/coco128/images/train2017/000000000077.jpg | 38.779 ms (total, includes preprocess+inference+postprocess)
/ultralytics/zoo/dataset/coco128/images/train2017/000000000078.jpg | 32.475 ms (total, includes preprocess+inference+postprocess)
/ultralytics/zoo/dataset/coco128/images/train2017/000000000081.jpg | 28.168 ms (total, includes preprocess+inference+postprocess)
/ultralytics/zoo/dataset/coco128/images/train2017/000000000086.jpg | 35.742 ms (total, includes preprocess+inference+postprocess)
/ultralytics/zoo/dataset/coco128/images/train2017/000000000089.jpg | 31.950 ms (total, includes preprocess+inference+postprocess)
/ultralytics/zoo/dataset/coco128/images/train2017/000000000092.jpg | 26.564 ms (total, includes preprocess+inference+postprocess)
/ultralytics/zoo/dataset/coco128/images/train2017/000000000094.jpg | 32.280 ms (total, includes preprocess+inference+postprocess)
/ultralytics/zoo/dataset/coco128/images/train2017/000000000109.jpg | 27.822 ms (total, includes preprocess+inference+postprocess)
/ultralytics/zoo/dataset/coco128/images/train2017/000000000110.jpg | 34.104 ms (total, includes preprocess+inference+postprocess)
/ultralytics/zoo/dataset/coco128/images/train2017/000000000113.jpg | 30.973 ms (total, includes preprocess+inference+postprocess)
/ultralytics/zoo/dataset/coco128/images/train2017/000000000127.jpg | 29.295 ms (total, includes preprocess+inference+postprocess)
/ultralytics/zoo/dataset/coco128/images/train2017/000000000133.jpg | 29.940 ms (total, includes preprocess+inference+postprocess)
/ultralytics/zoo/dataset/coco128/images/train2017/000000000136.jpg | 34.982 ms (total, includes preprocess+inference+postprocess)
/ultralytics/zoo/dataset/coco128/images/train2017/000000000138.jpg | 31.341 ms (total, includes preprocess+inference+postprocess)
/ultralytics/zoo/dataset/coco128/images/train2017/000000000142.jpg | 29.146 ms (total, includes preprocess+inference+postprocess)
/ultralytics/zoo/dataset/coco128/images/train2017/000000000143.jpg | 36.104 ms (total, includes preprocess+inference+postprocess)
/ultralytics/zoo/dataset/coco128/images/train2017/000000000144.jpg | 30.600 ms (total, includes preprocess+inference+postprocess)
/ultralytics/zoo/dataset/coco128/images/train2017/000000000149.jpg | 23.905 ms (total, includes preprocess+inference+postprocess)
/ultralytics/zoo/dataset/coco128/images/train2017/000000000151.jpg | 36.839 ms (total, includes preprocess+inference+postprocess)
/ultralytics/zoo/dataset/coco128/images/train2017/000000000154.jpg | 25.996 ms (total, includes preprocess+inference+postprocess)
/ultralytics/zoo/dataset/coco128/images/train2017/000000000164.jpg | 24.757 ms (total, includes preprocess+inference+postprocess)
/ultralytics/zoo/dataset/coco128/images/train2017/000000000165.jpg | 37.139 ms (total, includes preprocess+inference+postprocess)
/ultralytics/zoo/dataset/coco128/images/train2017/000000000192.jpg | 29.297 ms (total, includes preprocess+inference+postprocess)
/ultralytics/zoo/dataset/coco128/images/train2017/000000000194.jpg | 24.654 ms (total, includes preprocess+inference+postprocess)
/ultralytics/zoo/dataset/coco128/images/train2017/000000000196.jpg | 25.179 ms (total, includes preprocess+inference+postprocess)
/ultralytics/zoo/dataset/coco128/images/train2017/000000000201.jpg | 30.072 ms (total, includes preprocess+inference+postprocess)
/ultralytics/zoo/dataset/coco128/images/train2017/000000000208.jpg | 30.885 ms (total, includes preprocess+inference+postprocess)
/ultralytics/zoo/dataset/coco128/images/train2017/000000000241.jpg | 28.898 ms (total, includes preprocess+inference+postprocess)
/ultralytics/zoo/dataset/coco128/images/train2017/000000000247.jpg | 28.251 ms (total, includes preprocess+inference+postprocess)
/ultralytics/zoo/dataset/coco128/images/train2017/000000000250.jpg | 31.245 ms (total, includes preprocess+inference+postprocess)
/ultralytics/zoo/dataset/coco128/images/train2017/000000000257.jpg | 35.752 ms (total, includes preprocess+inference+postprocess)
/ultralytics/zoo/dataset/coco128/images/train2017/000000000260.jpg | 35.900 ms (total, includes preprocess+inference+postprocess)
/ultralytics/zoo/dataset/coco128/images/train2017/000000000263.jpg | 26.356 ms (total, includes preprocess+inference+postprocess)
/ultralytics/zoo/dataset/coco128/images/train2017/000000000283.jpg | 24.647 ms (total, includes preprocess+inference+postprocess)
/ultralytics/zoo/dataset/coco128/images/train2017/000000000294.jpg | 37.178 ms (total, includes preprocess+inference+postprocess)
/ultralytics/zoo/dataset/coco128/images/train2017/000000000307.jpg | 26.310 ms (total, includes preprocess+inference+postprocess)
/ultralytics/zoo/dataset/coco128/images/train2017/000000000308.jpg | 36.473 ms (total, includes preprocess+inference+postprocess)
/ultralytics/zoo/dataset/coco128/images/train2017/000000000309.jpg | 34.504 ms (total, includes preprocess+inference+postprocess)
/ultralytics/zoo/dataset/coco128/images/train2017/000000000312.jpg | 31.215 ms (total, includes preprocess+inference+postprocess)
/ultralytics/zoo/dataset/coco128/images/train2017/000000000315.jpg | 27.081 ms (total, includes preprocess+inference+postprocess)
/ultralytics/zoo/dataset/coco128/images/train2017/000000000321.jpg | 24.272 ms (total, includes preprocess+inference+postprocess)
/ultralytics/zoo/dataset/coco128/images/train2017/000000000322.jpg | 27.670 ms (total, includes preprocess+inference+postprocess)
/ultralytics/zoo/dataset/coco128/images/train2017/000000000326.jpg | 33.515 ms (total, includes preprocess+inference+postprocess)
/ultralytics/zoo/dataset/coco128/images/train2017/000000000328.jpg | 30.185 ms (total, includes preprocess+inference+postprocess)
/ultralytics/zoo/dataset/coco128/images/train2017/000000000332.jpg | 24.506 ms (total, includes preprocess+inference+postprocess)
/ultralytics/zoo/dataset/coco128/images/train2017/000000000338.jpg | 34.500 ms (total, includes preprocess+inference+postprocess)
/ultralytics/zoo/dataset/coco128/images/train2017/000000000349.jpg | 31.202 ms (total, includes preprocess+inference+postprocess)
/ultralytics/zoo/dataset/coco128/images/train2017/000000000357.jpg | 32.349 ms (total, includes preprocess+inference+postprocess)
/ultralytics/zoo/dataset/coco128/images/train2017/000000000359.jpg | 26.687 ms (total, includes preprocess+inference+postprocess)
/ultralytics/zoo/dataset/coco128/images/train2017/000000000360.jpg | 27.418 ms (total, includes preprocess+inference+postprocess)
/ultralytics/zoo/dataset/coco128/images/train2017/000000000368.jpg | 33.201 ms (total, includes preprocess+inference+postprocess)
/ultralytics/zoo/dataset/coco128/images/train2017/000000000370.jpg | 28.649 ms (total, includes preprocess+inference+postprocess)
/ultralytics/zoo/dataset/coco128/images/train2017/000000000382.jpg | 31.870 ms (total, includes preprocess+inference+postprocess)
/ultralytics/zoo/dataset/coco128/images/train2017/000000000384.jpg | 26.524 ms (total, includes preprocess+inference+postprocess)
/ultralytics/zoo/dataset/coco128/images/train2017/000000000387.jpg | 28.951 ms (total, includes preprocess+inference+postprocess)
/ultralytics/zoo/dataset/coco128/images/train2017/000000000389.jpg | 29.875 ms (total, includes preprocess+inference+postprocess)
/ultralytics/zoo/dataset/coco128/images/train2017/000000000394.jpg | 26.570 ms (total, includes preprocess+inference+postprocess)
/ultralytics/zoo/dataset/coco128/images/train2017/000000000395.jpg | 29.629 ms (total, includes preprocess+inference+postprocess)
/ultralytics/zoo/dataset/coco128/images/train2017/000000000397.jpg | 28.695 ms (total, includes preprocess+inference+postprocess)
/ultralytics/zoo/dataset/coco128/images/train2017/000000000400.jpg | 25.706 ms (total, includes preprocess+inference+postprocess)
/ultralytics/zoo/dataset/coco128/images/train2017/000000000404.jpg | 24.369 ms (total, includes preprocess+inference+postprocess)
/ultralytics/zoo/dataset/coco128/images/train2017/000000000415.jpg | 26.063 ms (total, includes preprocess+inference+postprocess)
/ultralytics/zoo/dataset/coco128/images/train2017/000000000419.jpg | 25.711 ms (total, includes preprocess+inference+postprocess)
/ultralytics/zoo/dataset/coco128/images/train2017/000000000428.jpg | 25.038 ms (total, includes preprocess+inference+postprocess)
/ultralytics/zoo/dataset/coco128/images/train2017/000000000431.jpg | 26.536 ms (total, includes preprocess+inference+postprocess)
/ultralytics/zoo/dataset/coco128/images/train2017/000000000436.jpg | 26.568 ms (total, includes preprocess+inference+postprocess)
/ultralytics/zoo/dataset/coco128/images/train2017/000000000438.jpg | 24.880 ms (total, includes preprocess+inference+postprocess)
/ultralytics/zoo/dataset/coco128/images/train2017/000000000443.jpg | 26.923 ms (total, includes preprocess+inference+postprocess)
/ultralytics/zoo/dataset/coco128/images/train2017/000000000446.jpg | 27.247 ms (total, includes preprocess+inference+postprocess)
/ultralytics/zoo/dataset/coco128/images/train2017/000000000450.jpg | 24.653 ms (total, includes preprocess+inference+postprocess)
/ultralytics/zoo/dataset/coco128/images/train2017/000000000459.jpg | 27.576 ms (total, includes preprocess+inference+postprocess)
/ultralytics/zoo/dataset/coco128/images/train2017/000000000471.jpg | 24.047 ms (total, includes preprocess+inference+postprocess)
/ultralytics/zoo/dataset/coco128/images/train2017/000000000472.jpg | 22.215 ms (total, includes preprocess+inference+postprocess)
/ultralytics/zoo/dataset/coco128/images/train2017/000000000474.jpg | 30.077 ms (total, includes preprocess+inference+postprocess)
/ultralytics/zoo/dataset/coco128/images/train2017/000000000486.jpg | 24.288 ms (total, includes preprocess+inference+postprocess)
/ultralytics/zoo/dataset/coco128/images/train2017/000000000488.jpg | 27.480 ms (total, includes preprocess+inference+postprocess)
/ultralytics/zoo/dataset/coco128/images/train2017/000000000490.jpg | 29.524 ms (total, includes preprocess+inference+postprocess)
/ultralytics/zoo/dataset/coco128/images/train2017/000000000491.jpg | 25.601 ms (total, includes preprocess+inference+postprocess)
/ultralytics/zoo/dataset/coco128/images/train2017/000000000502.jpg | 24.424 ms (total, includes preprocess+inference+postprocess)
/ultralytics/zoo/dataset/coco128/images/train2017/000000000508.jpg | 23.664 ms (total, includes preprocess+inference+postprocess)
/ultralytics/zoo/dataset/coco128/images/train2017/000000000510.jpg | 27.836 ms (total, includes preprocess+inference+postprocess)
/ultralytics/zoo/dataset/coco128/images/train2017/000000000514.jpg | 23.849 ms (total, includes preprocess+inference+postprocess)
/ultralytics/zoo/dataset/coco128/images/train2017/000000000520.jpg | 24.628 ms (total, includes preprocess+inference+postprocess)
/ultralytics/zoo/dataset/coco128/images/train2017/000000000529.jpg | 28.387 ms (total, includes preprocess+inference+postprocess)
/ultralytics/zoo/dataset/coco128/images/train2017/000000000531.jpg | 27.273 ms (total, includes preprocess+inference+postprocess)
/ultralytics/zoo/dataset/coco128/images/train2017/000000000532.jpg | 27.958 ms (total, includes preprocess+inference+postprocess)
/ultralytics/zoo/dataset/coco128/images/train2017/000000000536.jpg | 29.354 ms (total, includes preprocess+inference+postprocess)
avg_total: 28.531 ms

[yolo11n-seg] dataset=/ultralytics/zoo/dataset/coco128/images/train2017 count=100 imgsz=640
Format: image_path | preprocess_ms | inference_ms | postprocess_ms | total_ms
/ultralytics/zoo/dataset/coco128/images/train2017/000000000009.jpg | 28.153 ms (total, includes preprocess+inference+postprocess)
/ultralytics/zoo/dataset/coco128/images/train2017/000000000025.jpg | 26.054 ms (total, includes preprocess+inference+postprocess)
/ultralytics/zoo/dataset/coco128/images/train2017/000000000030.jpg | 28.094 ms (total, includes preprocess+inference+postprocess)
/ultralytics/zoo/dataset/coco128/images/train2017/000000000034.jpg | 33.898 ms (total, includes preprocess+inference+postprocess)
/ultralytics/zoo/dataset/coco128/images/train2017/000000000036.jpg | 29.660 ms (total, includes preprocess+inference+postprocess)
/ultralytics/zoo/dataset/coco128/images/train2017/000000000042.jpg | 25.721 ms (total, includes preprocess+inference+postprocess)
/ultralytics/zoo/dataset/coco128/images/train2017/000000000049.jpg | 40.899 ms (total, includes preprocess+inference+postprocess)
/ultralytics/zoo/dataset/coco128/images/train2017/000000000061.jpg | 34.181 ms (total, includes preprocess+inference+postprocess)
/ultralytics/zoo/dataset/coco128/images/train2017/000000000064.jpg | 32.328 ms (total, includes preprocess+inference+postprocess)
/ultralytics/zoo/dataset/coco128/images/train2017/000000000071.jpg | 30.063 ms (total, includes preprocess+inference+postprocess)
/ultralytics/zoo/dataset/coco128/images/train2017/000000000072.jpg | 31.188 ms (total, includes preprocess+inference+postprocess)
/ultralytics/zoo/dataset/coco128/images/train2017/000000000073.jpg | 33.478 ms (total, includes preprocess+inference+postprocess)
/ultralytics/zoo/dataset/coco128/images/train2017/000000000074.jpg | 32.611 ms (total, includes preprocess+inference+postprocess)
/ultralytics/zoo/dataset/coco128/images/train2017/000000000077.jpg | 36.586 ms (total, includes preprocess+inference+postprocess)
/ultralytics/zoo/dataset/coco128/images/train2017/000000000078.jpg | 37.854 ms (total, includes preprocess+inference+postprocess)
/ultralytics/zoo/dataset/coco128/images/train2017/000000000081.jpg | 27.877 ms (total, includes preprocess+inference+postprocess)
/ultralytics/zoo/dataset/coco128/images/train2017/000000000086.jpg | 31.411 ms (total, includes preprocess+inference+postprocess)
/ultralytics/zoo/dataset/coco128/images/train2017/000000000089.jpg | 33.308 ms (total, includes preprocess+inference+postprocess)
/ultralytics/zoo/dataset/coco128/images/train2017/000000000092.jpg | 30.370 ms (total, includes preprocess+inference+postprocess)
/ultralytics/zoo/dataset/coco128/images/train2017/000000000094.jpg | 31.182 ms (total, includes preprocess+inference+postprocess)
/ultralytics/zoo/dataset/coco128/images/train2017/000000000109.jpg | 33.985 ms (total, includes preprocess+inference+postprocess)
/ultralytics/zoo/dataset/coco128/images/train2017/000000000110.jpg | 41.049 ms (total, includes preprocess+inference+postprocess)
/ultralytics/zoo/dataset/coco128/images/train2017/000000000113.jpg | 35.617 ms (total, includes preprocess+inference+postprocess)
/ultralytics/zoo/dataset/coco128/images/train2017/000000000127.jpg | 33.583 ms (total, includes preprocess+inference+postprocess)
/ultralytics/zoo/dataset/coco128/images/train2017/000000000133.jpg | 32.003 ms (total, includes preprocess+inference+postprocess)
/ultralytics/zoo/dataset/coco128/images/train2017/000000000136.jpg | 35.623 ms (total, includes preprocess+inference+postprocess)
/ultralytics/zoo/dataset/coco128/images/train2017/000000000138.jpg | 35.302 ms (total, includes preprocess+inference+postprocess)
/ultralytics/zoo/dataset/coco128/images/train2017/000000000142.jpg | 33.811 ms (total, includes preprocess+inference+postprocess)
/ultralytics/zoo/dataset/coco128/images/train2017/000000000143.jpg | 41.471 ms (total, includes preprocess+inference+postprocess)
/ultralytics/zoo/dataset/coco128/images/train2017/000000000144.jpg | 34.865 ms (total, includes preprocess+inference+postprocess)
/ultralytics/zoo/dataset/coco128/images/train2017/000000000149.jpg | 34.984 ms (total, includes preprocess+inference+postprocess)
/ultralytics/zoo/dataset/coco128/images/train2017/000000000151.jpg | 34.360 ms (total, includes preprocess+inference+postprocess)
/ultralytics/zoo/dataset/coco128/images/train2017/000000000154.jpg | 32.364 ms (total, includes preprocess+inference+postprocess)
/ultralytics/zoo/dataset/coco128/images/train2017/000000000164.jpg | 32.632 ms (total, includes preprocess+inference+postprocess)
/ultralytics/zoo/dataset/coco128/images/train2017/000000000165.jpg | 32.108 ms (total, includes preprocess+inference+postprocess)
/ultralytics/zoo/dataset/coco128/images/train2017/000000000192.jpg | 32.541 ms (total, includes preprocess+inference+postprocess)
/ultralytics/zoo/dataset/coco128/images/train2017/000000000194.jpg | 32.155 ms (total, includes preprocess+inference+postprocess)
/ultralytics/zoo/dataset/coco128/images/train2017/000000000196.jpg | 45.158 ms (total, includes preprocess+inference+postprocess)
/ultralytics/zoo/dataset/coco128/images/train2017/000000000201.jpg | 32.395 ms (total, includes preprocess+inference+postprocess)
/ultralytics/zoo/dataset/coco128/images/train2017/000000000208.jpg | 32.997 ms (total, includes preprocess+inference+postprocess)
/ultralytics/zoo/dataset/coco128/images/train2017/000000000241.jpg | 35.181 ms (total, includes preprocess+inference+postprocess)
/ultralytics/zoo/dataset/coco128/images/train2017/000000000247.jpg | 32.444 ms (total, includes preprocess+inference+postprocess)
/ultralytics/zoo/dataset/coco128/images/train2017/000000000250.jpg | 26.385 ms (total, includes preprocess+inference+postprocess)
/ultralytics/zoo/dataset/coco128/images/train2017/000000000257.jpg | 39.431 ms (total, includes preprocess+inference+postprocess)
/ultralytics/zoo/dataset/coco128/images/train2017/000000000260.jpg | 37.038 ms (total, includes preprocess+inference+postprocess)
/ultralytics/zoo/dataset/coco128/images/train2017/000000000263.jpg | 33.722 ms (total, includes preprocess+inference+postprocess)
/ultralytics/zoo/dataset/coco128/images/train2017/000000000283.jpg | 32.278 ms (total, includes preprocess+inference+postprocess)
/ultralytics/zoo/dataset/coco128/images/train2017/000000000294.jpg | 32.692 ms (total, includes preprocess+inference+postprocess)
/ultralytics/zoo/dataset/coco128/images/train2017/000000000307.jpg | 33.444 ms (total, includes preprocess+inference+postprocess)
/ultralytics/zoo/dataset/coco128/images/train2017/000000000308.jpg | 35.846 ms (total, includes preprocess+inference+postprocess)
/ultralytics/zoo/dataset/coco128/images/train2017/000000000309.jpg | 40.184 ms (total, includes preprocess+inference+postprocess)
/ultralytics/zoo/dataset/coco128/images/train2017/000000000312.jpg | 33.076 ms (total, includes preprocess+inference+postprocess)
/ultralytics/zoo/dataset/coco128/images/train2017/000000000315.jpg | 39.168 ms (total, includes preprocess+inference+postprocess)
/ultralytics/zoo/dataset/coco128/images/train2017/000000000321.jpg | 32.502 ms (total, includes preprocess+inference+postprocess)
/ultralytics/zoo/dataset/coco128/images/train2017/000000000322.jpg | 32.218 ms (total, includes preprocess+inference+postprocess)
/ultralytics/zoo/dataset/coco128/images/train2017/000000000326.jpg | 31.050 ms (total, includes preprocess+inference+postprocess)
/ultralytics/zoo/dataset/coco128/images/train2017/000000000328.jpg | 33.145 ms (total, includes preprocess+inference+postprocess)
/ultralytics/zoo/dataset/coco128/images/train2017/000000000332.jpg | 34.107 ms (total, includes preprocess+inference+postprocess)
/ultralytics/zoo/dataset/coco128/images/train2017/000000000338.jpg | 31.741 ms (total, includes preprocess+inference+postprocess)
/ultralytics/zoo/dataset/coco128/images/train2017/000000000349.jpg | 31.771 ms (total, includes preprocess+inference+postprocess)
/ultralytics/zoo/dataset/coco128/images/train2017/000000000357.jpg | 32.372 ms (total, includes preprocess+inference+postprocess)
/ultralytics/zoo/dataset/coco128/images/train2017/000000000359.jpg | 34.922 ms (total, includes preprocess+inference+postprocess)
/ultralytics/zoo/dataset/coco128/images/train2017/000000000360.jpg | 34.900 ms (total, includes preprocess+inference+postprocess)
/ultralytics/zoo/dataset/coco128/images/train2017/000000000368.jpg | 36.525 ms (total, includes preprocess+inference+postprocess)
/ultralytics/zoo/dataset/coco128/images/train2017/000000000370.jpg | 31.520 ms (total, includes preprocess+inference+postprocess)
/ultralytics/zoo/dataset/coco128/images/train2017/000000000382.jpg | 31.128 ms (total, includes preprocess+inference+postprocess)
/ultralytics/zoo/dataset/coco128/images/train2017/000000000384.jpg | 33.239 ms (total, includes preprocess+inference+postprocess)
/ultralytics/zoo/dataset/coco128/images/train2017/000000000387.jpg | 32.186 ms (total, includes preprocess+inference+postprocess)
/ultralytics/zoo/dataset/coco128/images/train2017/000000000389.jpg | 34.191 ms (total, includes preprocess+inference+postprocess)
/ultralytics/zoo/dataset/coco128/images/train2017/000000000394.jpg | 33.017 ms (total, includes preprocess+inference+postprocess)
/ultralytics/zoo/dataset/coco128/images/train2017/000000000395.jpg | 34.574 ms (total, includes preprocess+inference+postprocess)
/ultralytics/zoo/dataset/coco128/images/train2017/000000000397.jpg | 32.245 ms (total, includes preprocess+inference+postprocess)
/ultralytics/zoo/dataset/coco128/images/train2017/000000000400.jpg | 32.918 ms (total, includes preprocess+inference+postprocess)
/ultralytics/zoo/dataset/coco128/images/train2017/000000000404.jpg | 30.611 ms (total, includes preprocess+inference+postprocess)
/ultralytics/zoo/dataset/coco128/images/train2017/000000000415.jpg | 30.297 ms (total, includes preprocess+inference+postprocess)
/ultralytics/zoo/dataset/coco128/images/train2017/000000000419.jpg | 31.583 ms (total, includes preprocess+inference+postprocess)
/ultralytics/zoo/dataset/coco128/images/train2017/000000000428.jpg | 29.992 ms (total, includes preprocess+inference+postprocess)
/ultralytics/zoo/dataset/coco128/images/train2017/000000000431.jpg | 30.360 ms (total, includes preprocess+inference+postprocess)
/ultralytics/zoo/dataset/coco128/images/train2017/000000000436.jpg | 30.924 ms (total, includes preprocess+inference+postprocess)
/ultralytics/zoo/dataset/coco128/images/train2017/000000000438.jpg | 38.732 ms (total, includes preprocess+inference+postprocess)
/ultralytics/zoo/dataset/coco128/images/train2017/000000000443.jpg | 33.339 ms (total, includes preprocess+inference+postprocess)
/ultralytics/zoo/dataset/coco128/images/train2017/000000000446.jpg | 31.927 ms (total, includes preprocess+inference+postprocess)
/ultralytics/zoo/dataset/coco128/images/train2017/000000000450.jpg | 33.373 ms (total, includes preprocess+inference+postprocess)
/ultralytics/zoo/dataset/coco128/images/train2017/000000000459.jpg | 31.704 ms (total, includes preprocess+inference+postprocess)
/ultralytics/zoo/dataset/coco128/images/train2017/000000000471.jpg | 30.236 ms (total, includes preprocess+inference+postprocess)
/ultralytics/zoo/dataset/coco128/images/train2017/000000000472.jpg | 28.537 ms (total, includes preprocess+inference+postprocess)
/ultralytics/zoo/dataset/coco128/images/train2017/000000000474.jpg | 34.001 ms (total, includes preprocess+inference+postprocess)
/ultralytics/zoo/dataset/coco128/images/train2017/000000000486.jpg | 31.302 ms (total, includes preprocess+inference+postprocess)
/ultralytics/zoo/dataset/coco128/images/train2017/000000000488.jpg | 32.567 ms (total, includes preprocess+inference+postprocess)
/ultralytics/zoo/dataset/coco128/images/train2017/000000000490.jpg | 36.736 ms (total, includes preprocess+inference+postprocess)
/ultralytics/zoo/dataset/coco128/images/train2017/000000000491.jpg | 33.475 ms (total, includes preprocess+inference+postprocess)
/ultralytics/zoo/dataset/coco128/images/train2017/000000000502.jpg | 31.643 ms (total, includes preprocess+inference+postprocess)
/ultralytics/zoo/dataset/coco128/images/train2017/000000000508.jpg | 25.076 ms (total, includes preprocess+inference+postprocess)
/ultralytics/zoo/dataset/coco128/images/train2017/000000000510.jpg | 31.735 ms (total, includes preprocess+inference+postprocess)
/ultralytics/zoo/dataset/coco128/images/train2017/000000000514.jpg | 30.306 ms (total, includes preprocess+inference+postprocess)
/ultralytics/zoo/dataset/coco128/images/train2017/000000000520.jpg | 33.079 ms (total, includes preprocess+inference+postprocess)
/ultralytics/zoo/dataset/coco128/images/train2017/000000000529.jpg | 31.911 ms (total, includes preprocess+inference+postprocess)
/ultralytics/zoo/dataset/coco128/images/train2017/000000000531.jpg | 34.502 ms (total, includes preprocess+inference+postprocess)
/ultralytics/zoo/dataset/coco128/images/train2017/000000000532.jpg | 33.042 ms (total, includes preprocess+inference+postprocess)
/ultralytics/zoo/dataset/coco128/images/train2017/000000000536.jpg | 35.093 ms (total, includes preprocess+inference+postprocess)
avg_total: 33.112 ms

[yolo11n-obb] dataset=/ultralytics/zoo/dataset/DOTA100/images count=100 imgsz=640
Format: image_path | preprocess_ms | inference_ms | postprocess_ms | total_ms
/ultralytics/zoo/dataset/DOTA100/images/train/000000000025.jpg | 26.799 ms (total, includes preprocess+inference+postprocess)
/ultralytics/zoo/dataset/DOTA100/images/train/000000000034.jpg | 20.337 ms (total, includes preprocess+inference+postprocess)
/ultralytics/zoo/dataset/DOTA100/images/train/000000000036.jpg | 19.627 ms (total, includes preprocess+inference+postprocess)
/ultralytics/zoo/dataset/DOTA100/images/train/000000000042.jpg | 25.789 ms (total, includes preprocess+inference+postprocess)
/ultralytics/zoo/dataset/DOTA100/images/train/000000000064.jpg | 27.303 ms (total, includes preprocess+inference+postprocess)
/ultralytics/zoo/dataset/DOTA100/images/train/000000000071.jpg | 28.595 ms (total, includes preprocess+inference+postprocess)
/ultralytics/zoo/dataset/DOTA100/images/train/000000000073.jpg | 24.164 ms (total, includes preprocess+inference+postprocess)
/ultralytics/zoo/dataset/DOTA100/images/train/000000000074.jpg | 28.482 ms (total, includes preprocess+inference+postprocess)
/ultralytics/zoo/dataset/DOTA100/images/train/000000000078.jpg | 34.866 ms (total, includes preprocess+inference+postprocess)
/ultralytics/zoo/dataset/DOTA100/images/train/000000000089.jpg | 21.336 ms (total, includes preprocess+inference+postprocess)
/ultralytics/zoo/dataset/DOTA100/images/train/000000000094.jpg | 22.965 ms (total, includes preprocess+inference+postprocess)
/ultralytics/zoo/dataset/DOTA100/images/train/000000000110.jpg | 22.844 ms (total, includes preprocess+inference+postprocess)
/ultralytics/zoo/dataset/DOTA100/images/train/000000000136.jpg | 25.940 ms (total, includes preprocess+inference+postprocess)
/ultralytics/zoo/dataset/DOTA100/images/train/000000000138.jpg | 24.321 ms (total, includes preprocess+inference+postprocess)
/ultralytics/zoo/dataset/DOTA100/images/train/000000000142.jpg | 31.162 ms (total, includes preprocess+inference+postprocess)
/ultralytics/zoo/dataset/DOTA100/images/train/000000000143.jpg | 28.713 ms (total, includes preprocess+inference+postprocess)
/ultralytics/zoo/dataset/DOTA100/images/train/000000000151.jpg | 25.072 ms (total, includes preprocess+inference+postprocess)
/ultralytics/zoo/dataset/DOTA100/images/train/000000000154.jpg | 23.660 ms (total, includes preprocess+inference+postprocess)
/ultralytics/zoo/dataset/DOTA100/images/train/000000000164.jpg | 23.226 ms (total, includes preprocess+inference+postprocess)
/ultralytics/zoo/dataset/DOTA100/images/train/000000000196.jpg | 32.689 ms (total, includes preprocess+inference+postprocess)
/ultralytics/zoo/dataset/DOTA100/images/train/000000000208.jpg | 23.229 ms (total, includes preprocess+inference+postprocess)
/ultralytics/zoo/dataset/DOTA100/images/train/000000000241.jpg | 31.216 ms (total, includes preprocess+inference+postprocess)
/ultralytics/zoo/dataset/DOTA100/images/train/000000000247.jpg | 23.240 ms (total, includes preprocess+inference+postprocess)
/ultralytics/zoo/dataset/DOTA100/images/train/000000000260.jpg | 25.128 ms (total, includes preprocess+inference+postprocess)
/ultralytics/zoo/dataset/DOTA100/images/train/000000000294.jpg | 31.007 ms (total, includes preprocess+inference+postprocess)
/ultralytics/zoo/dataset/DOTA100/images/train/000000000308.jpg | 23.373 ms (total, includes preprocess+inference+postprocess)
/ultralytics/zoo/dataset/DOTA100/images/train/000000000309.jpg | 30.621 ms (total, includes preprocess+inference+postprocess)
/ultralytics/zoo/dataset/DOTA100/images/train/000000000312.jpg | 24.021 ms (total, includes preprocess+inference+postprocess)
/ultralytics/zoo/dataset/DOTA100/images/train/000000000321.jpg | 23.565 ms (total, includes preprocess+inference+postprocess)
/ultralytics/zoo/dataset/DOTA100/images/train/000000000322.jpg | 31.584 ms (total, includes preprocess+inference+postprocess)
/ultralytics/zoo/dataset/DOTA100/images/train/000000000326.jpg | 22.792 ms (total, includes preprocess+inference+postprocess)
/ultralytics/zoo/dataset/DOTA100/images/train/000000000328.jpg | 31.247 ms (total, includes preprocess+inference+postprocess)
/ultralytics/zoo/dataset/DOTA100/images/train/000000000338.jpg | 22.473 ms (total, includes preprocess+inference+postprocess)
/ultralytics/zoo/dataset/DOTA100/images/train/000000000357.jpg | 22.662 ms (total, includes preprocess+inference+postprocess)
/ultralytics/zoo/dataset/DOTA100/images/train/000000000360.jpg | 24.971 ms (total, includes preprocess+inference+postprocess)
/ultralytics/zoo/dataset/DOTA100/images/train/000000000368.jpg | 23.530 ms (total, includes preprocess+inference+postprocess)
/ultralytics/zoo/dataset/DOTA100/images/train/000000000382.jpg | 23.015 ms (total, includes preprocess+inference+postprocess)
/ultralytics/zoo/dataset/DOTA100/images/train/000000000387.jpg | 31.833 ms (total, includes preprocess+inference+postprocess)
/ultralytics/zoo/dataset/DOTA100/images/train/000000000389.jpg | 31.556 ms (total, includes preprocess+inference+postprocess)
/ultralytics/zoo/dataset/DOTA100/images/train/000000000395.jpg | 23.553 ms (total, includes preprocess+inference+postprocess)
/ultralytics/zoo/dataset/DOTA100/images/train/000000000400.jpg | 24.452 ms (total, includes preprocess+inference+postprocess)
/ultralytics/zoo/dataset/DOTA100/images/train/000000000404.jpg | 23.368 ms (total, includes preprocess+inference+postprocess)
/ultralytics/zoo/dataset/DOTA100/images/train/000000000415.jpg | 29.990 ms (total, includes preprocess+inference+postprocess)
/ultralytics/zoo/dataset/DOTA100/images/train/000000000419.jpg | 23.583 ms (total, includes preprocess+inference+postprocess)
/ultralytics/zoo/dataset/DOTA100/images/train/000000000431.jpg | 22.665 ms (total, includes preprocess+inference+postprocess)
/ultralytics/zoo/dataset/DOTA100/images/train/000000000436.jpg | 23.025 ms (total, includes preprocess+inference+postprocess)
/ultralytics/zoo/dataset/DOTA100/images/train/000000000438.jpg | 31.491 ms (total, includes preprocess+inference+postprocess)
/ultralytics/zoo/dataset/DOTA100/images/train/000000000443.jpg | 23.207 ms (total, includes preprocess+inference+postprocess)
/ultralytics/zoo/dataset/DOTA100/images/train/000000000450.jpg | 23.321 ms (total, includes preprocess+inference+postprocess)
/ultralytics/zoo/dataset/DOTA100/images/train/000000000459.jpg | 31.395 ms (total, includes preprocess+inference+postprocess)
/ultralytics/zoo/dataset/DOTA100/images/train/000000000471.jpg | 22.984 ms (total, includes preprocess+inference+postprocess)
/ultralytics/zoo/dataset/DOTA100/images/train/000000000472.jpg | 21.676 ms (total, includes preprocess+inference+postprocess)
/ultralytics/zoo/dataset/DOTA100/images/train/000000000488.jpg | 22.998 ms (total, includes preprocess+inference+postprocess)
/ultralytics/zoo/dataset/DOTA100/images/train/000000000491.jpg | 33.095 ms (total, includes preprocess+inference+postprocess)
/ultralytics/zoo/dataset/DOTA100/images/train/000000000502.jpg | 24.188 ms (total, includes preprocess+inference+postprocess)
/ultralytics/zoo/dataset/DOTA100/images/train/000000000508.jpg | 23.203 ms (total, includes preprocess+inference+postprocess)
/ultralytics/zoo/dataset/DOTA100/images/train/000000000520.jpg | 31.824 ms (total, includes preprocess+inference+postprocess)
/ultralytics/zoo/dataset/DOTA100/images/train/000000000529.jpg | 23.765 ms (total, includes preprocess+inference+postprocess)
/ultralytics/zoo/dataset/DOTA100/images/train/000000000531.jpg | 23.011 ms (total, includes preprocess+inference+postprocess)
/ultralytics/zoo/dataset/DOTA100/images/train/000000000540.jpg | 31.577 ms (total, includes preprocess+inference+postprocess)
/ultralytics/zoo/dataset/DOTA100/images/train/000000000544.jpg | 31.234 ms (total, includes preprocess+inference+postprocess)
/ultralytics/zoo/dataset/DOTA100/images/train/000000000560.jpg | 32.001 ms (total, includes preprocess+inference+postprocess)
/ultralytics/zoo/dataset/DOTA100/images/train/000000000562.jpg | 21.978 ms (total, includes preprocess+inference+postprocess)
/ultralytics/zoo/dataset/DOTA100/images/train/000000000564.jpg | 30.679 ms (total, includes preprocess+inference+postprocess)
/ultralytics/zoo/dataset/DOTA100/images/train/000000000572.jpg | 22.801 ms (total, includes preprocess+inference+postprocess)
/ultralytics/zoo/dataset/DOTA100/images/train/000000000575.jpg | 25.358 ms (total, includes preprocess+inference+postprocess)
/ultralytics/zoo/dataset/DOTA100/images/train/000000000581.jpg | 27.912 ms (total, includes preprocess+inference+postprocess)
/ultralytics/zoo/dataset/DOTA100/images/train/000000000584.jpg | 23.723 ms (total, includes preprocess+inference+postprocess)
/ultralytics/zoo/dataset/DOTA100/images/train/000000000590.jpg | 27.499 ms (total, includes preprocess+inference+postprocess)
/ultralytics/zoo/dataset/DOTA100/images/train/000000000595.jpg | 24.165 ms (total, includes preprocess+inference+postprocess)
/ultralytics/zoo/dataset/DOTA100/images/train/000000000597.jpg | 21.844 ms (total, includes preprocess+inference+postprocess)
/ultralytics/zoo/dataset/DOTA100/images/train/000000000599.jpg | 32.016 ms (total, includes preprocess+inference+postprocess)
/ultralytics/zoo/dataset/DOTA100/images/train/000000000620.jpg | 23.450 ms (total, includes preprocess+inference+postprocess)
/ultralytics/zoo/dataset/DOTA100/images/train/000000000625.jpg | 23.604 ms (total, includes preprocess+inference+postprocess)
/ultralytics/zoo/dataset/DOTA100/images/train/000000000626.jpg | 31.650 ms (total, includes preprocess+inference+postprocess)
/ultralytics/zoo/dataset/DOTA100/images/train/000000000629.jpg | 23.955 ms (total, includes preprocess+inference+postprocess)
/ultralytics/zoo/dataset/DOTA100/images/train/000000000636.jpg | 30.971 ms (total, includes preprocess+inference+postprocess)
/ultralytics/zoo/dataset/DOTA100/images/train/000000000641.jpg | 23.566 ms (total, includes preprocess+inference+postprocess)
/ultralytics/zoo/dataset/DOTA100/images/train/000000000643.jpg | 34.080 ms (total, includes preprocess+inference+postprocess)
/ultralytics/zoo/dataset/DOTA100/images/train/000000000650.jpg | 22.762 ms (total, includes preprocess+inference+postprocess)
/ultralytics/zoo/dataset/DOTA100/images/val/000000000009.jpg | 23.318 ms (total, includes preprocess+inference+postprocess)
/ultralytics/zoo/dataset/DOTA100/images/val/000000000049.jpg | 26.424 ms (total, includes preprocess+inference+postprocess)
/ultralytics/zoo/dataset/DOTA100/images/val/000000000077.jpg | 26.601 ms (total, includes preprocess+inference+postprocess)
/ultralytics/zoo/dataset/DOTA100/images/val/000000000133.jpg | 23.282 ms (total, includes preprocess+inference+postprocess)
/ultralytics/zoo/dataset/DOTA100/images/val/000000000144.jpg | 33.183 ms (total, includes preprocess+inference+postprocess)
/ultralytics/zoo/dataset/DOTA100/images/val/000000000201.jpg | 30.821 ms (total, includes preprocess+inference+postprocess)
/ultralytics/zoo/dataset/DOTA100/images/val/000000000263.jpg | 23.899 ms (total, includes preprocess+inference+postprocess)
/ultralytics/zoo/dataset/DOTA100/images/val/000000000315.jpg | 22.876 ms (total, includes preprocess+inference+postprocess)
/ultralytics/zoo/dataset/DOTA100/images/val/000000000332.jpg | 23.353 ms (total, includes preprocess+inference+postprocess)
/ultralytics/zoo/dataset/DOTA100/images/val/000000000370.jpg | 23.582 ms (total, includes preprocess+inference+postprocess)
/ultralytics/zoo/dataset/DOTA100/images/val/000000000397.jpg | 28.064 ms (total, includes preprocess+inference+postprocess)
/ultralytics/zoo/dataset/DOTA100/images/val/000000000428.jpg | 22.092 ms (total, includes preprocess+inference+postprocess)
/ultralytics/zoo/dataset/DOTA100/images/val/000000000446.jpg | 23.186 ms (total, includes preprocess+inference+postprocess)
/ultralytics/zoo/dataset/DOTA100/images/val/000000000474.jpg | 25.348 ms (total, includes preprocess+inference+postprocess)
/ultralytics/zoo/dataset/DOTA100/images/val/000000000510.jpg | 32.255 ms (total, includes preprocess+inference+postprocess)
/ultralytics/zoo/dataset/DOTA100/images/val/000000000542.jpg | 22.365 ms (total, includes preprocess+inference+postprocess)
/ultralytics/zoo/dataset/DOTA100/images/val/000000000569.jpg | 19.829 ms (total, includes preprocess+inference+postprocess)
/ultralytics/zoo/dataset/DOTA100/images/val/000000000589.jpg | 20.782 ms (total, includes preprocess+inference+postprocess)
/ultralytics/zoo/dataset/DOTA100/images/val/000000000612.jpg | 31.664 ms (total, includes preprocess+inference+postprocess)
/ultralytics/zoo/dataset/DOTA100/images/val/000000000634.jpg | 22.851 ms (total, includes preprocess+inference+postprocess)
avg_total: 25.983 ms


=== Measurement completed at 2025-12-17 17:36:10 ===