[yolo11n-obb] dataset=/ultralytics/zoo/dataset/DOTA100/images count=100 imgsz=640
Using CUDA runtime cudaDeviceSynchronize() for accurate TensorRT synchronization
/ultralytics/zoo/dataset/DOTA100/images/train/000000000025.jpg: 33.788 ms
/ultralytics/zoo/dataset/DOTA100/images/train/000000000034.jpg: 22.902 ms
/ultralytics/zoo/dataset/DOTA100/images/train/000000000036.jpg: 17.858 ms
/ultralytics/zoo/dataset/DOTA100/images/train/000000000042.jpg: 37.804 ms
/ultralytics/zoo/dataset/DOTA100/images/train/000000000064.jpg: 46.976 ms
/ultralytics/zoo/dataset/DOTA100/images/train/000000000071.jpg: 28.949 ms
/ultralytics/zoo/dataset/DOTA100/images/train/000000000073.jpg: 35.409 ms
/ultralytics/zoo/dataset/DOTA100/images/train/000000000074.jpg: 30.195 ms
/ultralytics/zoo/dataset/DOTA100/images/train/000000000078.jpg: 40.564 ms
/ultralytics/zoo/dataset/DOTA100/images/train/000000000089.jpg: 17.255 ms
/ultralytics/zoo/dataset/DOTA100/images/train/000000000094.jpg: 19.726 ms
/ultralytics/zoo/dataset/DOTA100/images/train/000000000110.jpg: 29.877 ms
/ultralytics/zoo/dataset/DOTA100/images/train/000000000136.jpg: 25.813 ms
/ultralytics/zoo/dataset/DOTA100/images/train/000000000138.jpg: 17.997 ms
/ultralytics/zoo/dataset/DOTA100/images/train/000000000142.jpg: 34.280 ms
/ultralytics/zoo/dataset/DOTA100/images/train/000000000143.jpg: 35.108 ms
/ultralytics/zoo/dataset/DOTA100/images/train/000000000151.jpg: 23.076 ms
/ultralytics/zoo/dataset/DOTA100/images/train/000000000154.jpg: 22.818 ms
/ultralytics/zoo/dataset/DOTA100/images/train/000000000164.jpg: 27.253 ms
/ultralytics/zoo/dataset/DOTA100/images/train/000000000196.jpg: 24.019 ms
/ultralytics/zoo/dataset/DOTA100/images/train/000000000208.jpg: 17.820 ms
/ultralytics/zoo/dataset/DOTA100/images/train/000000000241.jpg: 36.128 ms
/ultralytics/zoo/dataset/DOTA100/images/train/000000000247.jpg: 17.831 ms
/ultralytics/zoo/dataset/DOTA100/images/train/000000000260.jpg: 31.720 ms
/ultralytics/zoo/dataset/DOTA100/images/train/000000000294.jpg: 27.510 ms
/ultralytics/zoo/dataset/DOTA100/images/train/000000000308.jpg: 25.445 ms
/ultralytics/zoo/dataset/DOTA100/images/train/000000000309.jpg: 30.754 ms
/ultralytics/zoo/dataset/DOTA100/images/train/000000000312.jpg: 19.151 ms
/ultralytics/zoo/dataset/DOTA100/images/train/000000000321.jpg: 26.235 ms
/ultralytics/zoo/dataset/DOTA100/images/train/000000000322.jpg: 28.535 ms
/ultralytics/zoo/dataset/DOTA100/images/train/000000000326.jpg: 20.814 ms
/ultralytics/zoo/dataset/DOTA100/images/train/000000000328.jpg: 29.450 ms
/ultralytics/zoo/dataset/DOTA100/images/train/000000000338.jpg: 21.553 ms
/ultralytics/zoo/dataset/DOTA100/images/train/000000000357.jpg: 15.183 ms
/ultralytics/zoo/dataset/DOTA100/images/train/000000000360.jpg: 22.510 ms
/ultralytics/zoo/dataset/DOTA100/images/train/000000000368.jpg: 33.144 ms
/ultralytics/zoo/dataset/DOTA100/images/train/000000000382.jpg: 20.493 ms
/ultralytics/zoo/dataset/DOTA100/images/train/000000000387.jpg: 24.610 ms
/ultralytics/zoo/dataset/DOTA100/images/train/000000000389.jpg: 34.490 ms
/ultralytics/zoo/dataset/DOTA100/images/train/000000000395.jpg: 22.473 ms
/ultralytics/zoo/dataset/DOTA100/images/train/000000000400.jpg: 26.484 ms
/ultralytics/zoo/dataset/DOTA100/images/train/000000000404.jpg: 23.739 ms
/ultralytics/zoo/dataset/DOTA100/images/train/000000000415.jpg: 33.919 ms
/ultralytics/zoo/dataset/DOTA100/images/train/000000000419.jpg: 21.446 ms
/ultralytics/zoo/dataset/DOTA100/images/train/000000000431.jpg: 29.936 ms
/ultralytics/zoo/dataset/DOTA100/images/train/000000000436.jpg: 17.438 ms
/ultralytics/zoo/dataset/DOTA100/images/train/000000000438.jpg: 24.107 ms
/ultralytics/zoo/dataset/DOTA100/images/train/000000000443.jpg: 27.204 ms
/ultralytics/zoo/dataset/DOTA100/images/train/000000000450.jpg: 17.433 ms
/ultralytics/zoo/dataset/DOTA100/images/train/000000000459.jpg: 30.228 ms
/ultralytics/zoo/dataset/DOTA100/images/train/000000000471.jpg: 22.326 ms
/ultralytics/zoo/dataset/DOTA100/images/train/000000000472.jpg: 23.970 ms
/ultralytics/zoo/dataset/DOTA100/images/train/000000000488.jpg: 22.534 ms
/ultralytics/zoo/dataset/DOTA100/images/train/000000000491.jpg: 36.402 ms
/ultralytics/zoo/dataset/DOTA100/images/train/000000000502.jpg: 17.788 ms
/ultralytics/zoo/dataset/DOTA100/images/train/000000000508.jpg: 21.151 ms
/ultralytics/zoo/dataset/DOTA100/images/train/000000000520.jpg: 29.004 ms
/ultralytics/zoo/dataset/DOTA100/images/train/000000000529.jpg: 25.617 ms
/ultralytics/zoo/dataset/DOTA100/images/train/000000000531.jpg: 25.780 ms
/ultralytics/zoo/dataset/DOTA100/images/train/000000000540.jpg: 27.625 ms
/ultralytics/zoo/dataset/DOTA100/images/train/000000000544.jpg: 24.967 ms
/ultralytics/zoo/dataset/DOTA100/images/train/000000000560.jpg: 34.299 ms
/ultralytics/zoo/dataset/DOTA100/images/train/000000000562.jpg: 18.690 ms
/ultralytics/zoo/dataset/DOTA100/images/train/000000000564.jpg: 37.020 ms
/ultralytics/zoo/dataset/DOTA100/images/train/000000000572.jpg: 24.435 ms
/ultralytics/zoo/dataset/DOTA100/images/train/000000000575.jpg: 29.915 ms
/ultralytics/zoo/dataset/DOTA100/images/train/000000000581.jpg: 21.190 ms
/ultralytics/zoo/dataset/DOTA100/images/train/000000000584.jpg: 23.843 ms
/ultralytics/zoo/dataset/DOTA100/images/train/000000000590.jpg: 36.481 ms
/ultralytics/zoo/dataset/DOTA100/images/train/000000000595.jpg: 17.948 ms
/ultralytics/zoo/dataset/DOTA100/images/train/000000000597.jpg: 16.952 ms
/ultralytics/zoo/dataset/DOTA100/images/train/000000000599.jpg: 30.860 ms
/ultralytics/zoo/dataset/DOTA100/images/train/000000000620.jpg: 16.927 ms
/ultralytics/zoo/dataset/DOTA100/images/train/000000000625.jpg: 24.229 ms
/ultralytics/zoo/dataset/DOTA100/images/train/000000000626.jpg: 27.629 ms
/ultralytics/zoo/dataset/DOTA100/images/train/000000000629.jpg: 21.874 ms
/ultralytics/zoo/dataset/DOTA100/images/train/000000000636.jpg: 30.289 ms
/ultralytics/zoo/dataset/DOTA100/images/train/000000000641.jpg: 17.612 ms
/ultralytics/zoo/dataset/DOTA100/images/train/000000000643.jpg: 35.277 ms
/ultralytics/zoo/dataset/DOTA100/images/train/000000000650.jpg: 23.326 ms
/ultralytics/zoo/dataset/DOTA100/images/val/000000000009.jpg: 24.210 ms
/ultralytics/zoo/dataset/DOTA100/images/val/000000000049.jpg: 25.624 ms
/ultralytics/zoo/dataset/DOTA100/images/val/000000000077.jpg: 19.966 ms
/ultralytics/zoo/dataset/DOTA100/images/val/000000000133.jpg: 19.041 ms
/ultralytics/zoo/dataset/DOTA100/images/val/000000000144.jpg: 27.813 ms
/ultralytics/zoo/dataset/DOTA100/images/val/000000000201.jpg: 23.824 ms
/ultralytics/zoo/dataset/DOTA100/images/val/000000000263.jpg: 30.327 ms
/ultralytics/zoo/dataset/DOTA100/images/val/000000000315.jpg: 22.600 ms
/ultralytics/zoo/dataset/DOTA100/images/val/000000000332.jpg: 19.849 ms
/ultralytics/zoo/dataset/DOTA100/images/val/000000000370.jpg: 18.563 ms
/ultralytics/zoo/dataset/DOTA100/images/val/000000000397.jpg: 34.642 ms
/ultralytics/zoo/dataset/DOTA100/images/val/000000000428.jpg: 23.075 ms
/ultralytics/zoo/dataset/DOTA100/images/val/000000000446.jpg: 22.553 ms
/ultralytics/zoo/dataset/DOTA100/images/val/000000000474.jpg: 20.828 ms
/ultralytics/zoo/dataset/DOTA100/images/val/000000000510.jpg: 26.706 ms
/ultralytics/zoo/dataset/DOTA100/images/val/000000000542.jpg: 31.006 ms
/ultralytics/zoo/dataset/DOTA100/images/val/000000000569.jpg: 17.510 ms
/ultralytics/zoo/dataset/DOTA100/images/val/000000000589.jpg: 25.391 ms
/ultralytics/zoo/dataset/DOTA100/images/val/000000000612.jpg: 27.414 ms
/ultralytics/zoo/dataset/DOTA100/images/val/000000000634.jpg: 16.931 ms
avg: 25.733 ms
