[yolo11n-cls] dataset=/ultralytics/zoo/datset/ImageNet100/train count=80 imgsz=224
/ultralytics/zoo/datset/ImageNet100/train/class_0001/000000000025.jpg: 14.086 ms
/ultralytics/zoo/datset/ImageNet100/train/class_0002/000000000034.jpg: 13.113 ms
/ultralytics/zoo/datset/ImageNet100/train/class_0003/000000000036.jpg: 12.647 ms
/ultralytics/zoo/datset/ImageNet100/train/class_0004/000000000042.jpg: 12.658 ms
/ultralytics/zoo/datset/ImageNet100/train/class_0006/000000000064.jpg: 12.454 ms
/ultralytics/zoo/datset/ImageNet100/train/class_0007/000000000071.jpg: 12.035 ms
/ultralytics/zoo/datset/ImageNet100/train/class_0008/000000000073.jpg: 14.225 ms
/ultralytics/zoo/datset/ImageNet100/train/class_0009/000000000074.jpg: 11.890 ms
/ultralytics/zoo/datset/ImageNet100/train/class_0011/000000000078.jpg: 13.315 ms
/ultralytics/zoo/datset/ImageNet100/train/class_0012/000000000089.jpg: 12.107 ms
/ultralytics/zoo/datset/ImageNet100/train/class_0013/000000000094.jpg: 12.228 ms
/ultralytics/zoo/datset/ImageNet100/train/class_0014/000000000110.jpg: 12.342 ms
/ultralytics/zoo/datset/ImageNet100/train/class_0016/000000000136.jpg: 10.482 ms
/ultralytics/zoo/datset/ImageNet100/train/class_0017/000000000138.jpg: 13.074 ms
/ultralytics/zoo/datset/ImageNet100/train/class_0018/000000000142.jpg: 12.218 ms
/ultralytics/zoo/datset/ImageNet100/train/class_0019/000000000143.jpg: 11.837 ms
/ultralytics/zoo/datset/ImageNet100/train/class_0021/000000000151.jpg: 13.229 ms
/ultralytics/zoo/datset/ImageNet100/train/class_0022/000000000154.jpg: 12.163 ms
/ultralytics/zoo/datset/ImageNet100/train/class_0023/000000000164.jpg: 12.084 ms
/ultralytics/zoo/datset/ImageNet100/train/class_0024/000000000196.jpg: 12.630 ms
/ultralytics/zoo/datset/ImageNet100/train/class_0026/000000000208.jpg: 12.114 ms
/ultralytics/zoo/datset/ImageNet100/train/class_0027/000000000241.jpg: 12.231 ms
/ultralytics/zoo/datset/ImageNet100/train/class_0028/000000000247.jpg: 11.903 ms
/ultralytics/zoo/datset/ImageNet100/train/class_0029/000000000260.jpg: 10.238 ms
/ultralytics/zoo/datset/ImageNet100/train/class_0031/000000000294.jpg: 11.595 ms
/ultralytics/zoo/datset/ImageNet100/train/class_0032/000000000308.jpg: 12.230 ms
/ultralytics/zoo/datset/ImageNet100/train/class_0033/000000000309.jpg: 13.717 ms
/ultralytics/zoo/datset/ImageNet100/train/class_0034/000000000312.jpg: 12.713 ms
/ultralytics/zoo/datset/ImageNet100/train/class_0036/000000000321.jpg: 12.254 ms
/ultralytics/zoo/datset/ImageNet100/train/class_0037/000000000322.jpg: 12.116 ms
/ultralytics/zoo/datset/ImageNet100/train/class_0038/000000000326.jpg: 11.445 ms
/ultralytics/zoo/datset/ImageNet100/train/class_0039/000000000328.jpg: 12.524 ms
/ultralytics/zoo/datset/ImageNet100/train/class_0041/000000000338.jpg: 11.144 ms
/ultralytics/zoo/datset/ImageNet100/train/class_0042/000000000357.jpg: 10.491 ms
/ultralytics/zoo/datset/ImageNet100/train/class_0043/000000000360.jpg: 10.543 ms
/ultralytics/zoo/datset/ImageNet100/train/class_0044/000000000368.jpg: 13.512 ms
/ultralytics/zoo/datset/ImageNet100/train/class_0046/000000000382.jpg: 12.026 ms
/ultralytics/zoo/datset/ImageNet100/train/class_0047/000000000387.jpg: 12.321 ms
/ultralytics/zoo/datset/ImageNet100/train/class_0048/000000000389.jpg: 12.350 ms
/ultralytics/zoo/datset/ImageNet100/train/class_0049/000000000395.jpg: 13.083 ms
/ultralytics/zoo/datset/ImageNet100/train/class_0051/000000000400.jpg: 14.588 ms
/ultralytics/zoo/datset/ImageNet100/train/class_0052/000000000404.jpg: 11.972 ms
/ultralytics/zoo/datset/ImageNet100/train/class_0053/000000000415.jpg: 11.310 ms
/ultralytics/zoo/datset/ImageNet100/train/class_0054/000000000419.jpg: 12.470 ms
/ultralytics/zoo/datset/ImageNet100/train/class_0056/000000000431.jpg: 11.625 ms
/ultralytics/zoo/datset/ImageNet100/train/class_0057/000000000436.jpg: 11.625 ms
/ultralytics/zoo/datset/ImageNet100/train/class_0058/000000000438.jpg: 12.329 ms
/ultralytics/zoo/datset/ImageNet100/train/class_0059/000000000443.jpg: 11.878 ms
/ultralytics/zoo/datset/ImageNet100/train/class_0061/000000000450.jpg: 12.263 ms
/ultralytics/zoo/datset/ImageNet100/train/class_0062/000000000459.jpg: 12.211 ms
/ultralytics/zoo/datset/ImageNet100/train/class_0063/000000000471.jpg: 11.599 ms
/ultralytics/zoo/datset/ImageNet100/train/class_0064/000000000472.jpg: 10.157 ms
/ultralytics/zoo/datset/ImageNet100/train/class_0066/000000000488.jpg: 11.798 ms
/ultralytics/zoo/datset/ImageNet100/train/class_0067/000000000491.jpg: 10.015 ms
/ultralytics/zoo/datset/ImageNet100/train/class_0068/000000000502.jpg: 12.441 ms
/ultralytics/zoo/datset/ImageNet100/train/class_0069/000000000508.jpg: 11.910 ms
/ultralytics/zoo/datset/ImageNet100/train/class_0071/000000000520.jpg: 12.184 ms
/ultralytics/zoo/datset/ImageNet100/train/class_0072/000000000529.jpg: 12.079 ms
/ultralytics/zoo/datset/ImageNet100/train/class_0073/000000000531.jpg: 11.876 ms
/ultralytics/zoo/datset/ImageNet100/train/class_0074/000000000540.jpg: 12.274 ms
/ultralytics/zoo/datset/ImageNet100/train/class_0076/000000000544.jpg: 12.498 ms
/ultralytics/zoo/datset/ImageNet100/train/class_0077/000000000560.jpg: 10.258 ms
/ultralytics/zoo/datset/ImageNet100/train/class_0078/000000000562.jpg: 11.277 ms
/ultralytics/zoo/datset/ImageNet100/train/class_0079/000000000564.jpg: 12.398 ms
/ultralytics/zoo/datset/ImageNet100/train/class_0081/000000000572.jpg: 11.710 ms
/ultralytics/zoo/datset/ImageNet100/train/class_0082/000000000575.jpg: 14.153 ms
/ultralytics/zoo/datset/ImageNet100/train/class_0083/000000000581.jpg: 11.121 ms
/ultralytics/zoo/datset/ImageNet100/train/class_0084/000000000584.jpg: 11.732 ms
/ultralytics/zoo/datset/ImageNet100/train/class_0086/000000000590.jpg: 10.750 ms
/ultralytics/zoo/datset/ImageNet100/train/class_0087/000000000595.jpg: 12.918 ms
/ultralytics/zoo/datset/ImageNet100/train/class_0088/000000000597.jpg: 10.507 ms
/ultralytics/zoo/datset/ImageNet100/train/class_0089/000000000599.jpg: 11.802 ms
/ultralytics/zoo/datset/ImageNet100/train/class_0091/000000000620.jpg: 12.277 ms
/ultralytics/zoo/datset/ImageNet100/train/class_0092/000000000625.jpg: 12.493 ms
/ultralytics/zoo/datset/ImageNet100/train/class_0093/000000000626.jpg: 12.053 ms
/ultralytics/zoo/datset/ImageNet100/train/class_0094/000000000629.jpg: 12.446 ms
/ultralytics/zoo/datset/ImageNet100/train/class_0096/000000000636.jpg: 12.211 ms
/ultralytics/zoo/datset/ImageNet100/train/class_0097/000000000641.jpg: 12.217 ms
/ultralytics/zoo/datset/ImageNet100/train/class_0098/000000000643.jpg: 10.509 ms
/ultralytics/zoo/datset/ImageNet100/train/class_0099/000000000650.jpg: 11.609 ms
avg: 12.086 ms

[yolo11n-detect] dataset=/ultralytics/zoo/datset/coco128/images/train2017 count=128 imgsz=640
/ultralytics/zoo/datset/coco128/images/train2017/000000000009.jpg: 22.553 ms
/ultralytics/zoo/datset/coco128/images/train2017/000000000025.jpg: 21.136 ms
/ultralytics/zoo/datset/coco128/images/train2017/000000000030.jpg: 19.899 ms
/ultralytics/zoo/datset/coco128/images/train2017/000000000034.jpg: 21.562 ms
/ultralytics/zoo/datset/coco128/images/train2017/000000000036.jpg: 22.662 ms
/ultralytics/zoo/datset/coco128/images/train2017/000000000042.jpg: 24.108 ms
/ultralytics/zoo/datset/coco128/images/train2017/000000000049.jpg: 28.138 ms
/ultralytics/zoo/datset/coco128/images/train2017/000000000061.jpg: 26.332 ms
/ultralytics/zoo/datset/coco128/images/train2017/000000000064.jpg: 25.123 ms
/ultralytics/zoo/datset/coco128/images/train2017/000000000071.jpg: 24.793 ms
/ultralytics/zoo/datset/coco128/images/train2017/000000000072.jpg: 26.038 ms
/ultralytics/zoo/datset/coco128/images/train2017/000000000073.jpg: 28.062 ms
/ultralytics/zoo/datset/coco128/images/train2017/000000000074.jpg: 25.099 ms
/ultralytics/zoo/datset/coco128/images/train2017/000000000077.jpg: 28.553 ms
/ultralytics/zoo/datset/coco128/images/train2017/000000000078.jpg: 31.750 ms
/ultralytics/zoo/datset/coco128/images/train2017/000000000081.jpg: 24.473 ms
/ultralytics/zoo/datset/coco128/images/train2017/000000000086.jpg: 25.433 ms
/ultralytics/zoo/datset/coco128/images/train2017/000000000089.jpg: 25.275 ms
/ultralytics/zoo/datset/coco128/images/train2017/000000000092.jpg: 24.573 ms
/ultralytics/zoo/datset/coco128/images/train2017/000000000094.jpg: 25.566 ms
/ultralytics/zoo/datset/coco128/images/train2017/000000000109.jpg: 25.479 ms
/ultralytics/zoo/datset/coco128/images/train2017/000000000110.jpg: 25.734 ms
/ultralytics/zoo/datset/coco128/images/train2017/000000000113.jpg: 27.681 ms
/ultralytics/zoo/datset/coco128/images/train2017/000000000127.jpg: 29.105 ms
/ultralytics/zoo/datset/coco128/images/train2017/000000000133.jpg: 30.989 ms
/ultralytics/zoo/datset/coco128/images/train2017/000000000136.jpg: 31.381 ms
/ultralytics/zoo/datset/coco128/images/train2017/000000000138.jpg: 30.378 ms
/ultralytics/zoo/datset/coco128/images/train2017/000000000142.jpg: 31.911 ms
/ultralytics/zoo/datset/coco128/images/train2017/000000000143.jpg: 33.967 ms
/ultralytics/zoo/datset/coco128/images/train2017/000000000144.jpg: 36.633 ms
/ultralytics/zoo/datset/coco128/images/train2017/000000000149.jpg: 22.906 ms
/ultralytics/zoo/datset/coco128/images/train2017/000000000151.jpg: 25.219 ms
/ultralytics/zoo/datset/coco128/images/train2017/000000000154.jpg: 25.426 ms
/ultralytics/zoo/datset/coco128/images/train2017/000000000164.jpg: 25.487 ms
/ultralytics/zoo/datset/coco128/images/train2017/000000000165.jpg: 32.262 ms
/ultralytics/zoo/datset/coco128/images/train2017/000000000192.jpg: 26.998 ms
/ultralytics/zoo/datset/coco128/images/train2017/000000000194.jpg: 28.892 ms
/ultralytics/zoo/datset/coco128/images/train2017/000000000196.jpg: 31.003 ms
/ultralytics/zoo/datset/coco128/images/train2017/000000000201.jpg: 26.905 ms
/ultralytics/zoo/datset/coco128/images/train2017/000000000208.jpg: 33.251 ms
/ultralytics/zoo/datset/coco128/images/train2017/000000000241.jpg: 27.975 ms
/ultralytics/zoo/datset/coco128/images/train2017/000000000247.jpg: 28.582 ms
/ultralytics/zoo/datset/coco128/images/train2017/000000000250.jpg: 29.774 ms
/ultralytics/zoo/datset/coco128/images/train2017/000000000257.jpg: 28.902 ms
/ultralytics/zoo/datset/coco128/images/train2017/000000000260.jpg: 31.704 ms
/ultralytics/zoo/datset/coco128/images/train2017/000000000263.jpg: 30.520 ms
/ultralytics/zoo/datset/coco128/images/train2017/000000000283.jpg: 29.242 ms
/ultralytics/zoo/datset/coco128/images/train2017/000000000294.jpg: 25.503 ms
/ultralytics/zoo/datset/coco128/images/train2017/000000000307.jpg: 30.813 ms
/ultralytics/zoo/datset/coco128/images/train2017/000000000308.jpg: 32.668 ms
/ultralytics/zoo/datset/coco128/images/train2017/000000000309.jpg: 35.545 ms
/ultralytics/zoo/datset/coco128/images/train2017/000000000312.jpg: 26.212 ms
/ultralytics/zoo/datset/coco128/images/train2017/000000000315.jpg: 25.495 ms
/ultralytics/zoo/datset/coco128/images/train2017/000000000321.jpg: 26.689 ms
/ultralytics/zoo/datset/coco128/images/train2017/000000000322.jpg: 29.263 ms
/ultralytics/zoo/datset/coco128/images/train2017/000000000326.jpg: 31.620 ms
/ultralytics/zoo/datset/coco128/images/train2017/000000000328.jpg: 30.649 ms
/ultralytics/zoo/datset/coco128/images/train2017/000000000332.jpg: 29.245 ms
/ultralytics/zoo/datset/coco128/images/train2017/000000000338.jpg: 31.160 ms
/ultralytics/zoo/datset/coco128/images/train2017/000000000349.jpg: 30.556 ms
/ultralytics/zoo/datset/coco128/images/train2017/000000000357.jpg: 27.152 ms
/ultralytics/zoo/datset/coco128/images/train2017/000000000359.jpg: 30.729 ms
/ultralytics/zoo/datset/coco128/images/train2017/000000000360.jpg: 31.726 ms
/ultralytics/zoo/datset/coco128/images/train2017/000000000368.jpg: 35.844 ms
/ultralytics/zoo/datset/coco128/images/train2017/000000000370.jpg: 26.990 ms
/ultralytics/zoo/datset/coco128/images/train2017/000000000382.jpg: 32.929 ms
/ultralytics/zoo/datset/coco128/images/train2017/000000000384.jpg: 31.312 ms
/ultralytics/zoo/datset/coco128/images/train2017/000000000387.jpg: 27.464 ms
/ultralytics/zoo/datset/coco128/images/train2017/000000000389.jpg: 30.747 ms
/ultralytics/zoo/datset/coco128/images/train2017/000000000394.jpg: 33.245 ms
/ultralytics/zoo/datset/coco128/images/train2017/000000000395.jpg: 26.162 ms
/ultralytics/zoo/datset/coco128/images/train2017/000000000397.jpg: 30.014 ms
/ultralytics/zoo/datset/coco128/images/train2017/000000000400.jpg: 28.289 ms
/ultralytics/zoo/datset/coco128/images/train2017/000000000404.jpg: 27.510 ms
/ultralytics/zoo/datset/coco128/images/train2017/000000000415.jpg: 25.221 ms
/ultralytics/zoo/datset/coco128/images/train2017/000000000419.jpg: 33.966 ms
/ultralytics/zoo/datset/coco128/images/train2017/000000000428.jpg: 26.008 ms
/ultralytics/zoo/datset/coco128/images/train2017/000000000431.jpg: 29.472 ms
/ultralytics/zoo/datset/coco128/images/train2017/000000000436.jpg: 32.546 ms
/ultralytics/zoo/datset/coco128/images/train2017/000000000438.jpg: 28.985 ms
/ultralytics/zoo/datset/coco128/images/train2017/000000000443.jpg: 29.943 ms
/ultralytics/zoo/datset/coco128/images/train2017/000000000446.jpg: 32.543 ms
/ultralytics/zoo/datset/coco128/images/train2017/000000000450.jpg: 27.196 ms
/ultralytics/zoo/datset/coco128/images/train2017/000000000459.jpg: 34.254 ms
/ultralytics/zoo/datset/coco128/images/train2017/000000000471.jpg: 29.787 ms
/ultralytics/zoo/datset/coco128/images/train2017/000000000472.jpg: 25.128 ms
/ultralytics/zoo/datset/coco128/images/train2017/000000000474.jpg: 33.040 ms
/ultralytics/zoo/datset/coco128/images/train2017/000000000486.jpg: 27.870 ms
/ultralytics/zoo/datset/coco128/images/train2017/000000000488.jpg: 32.152 ms
/ultralytics/zoo/datset/coco128/images/train2017/000000000490.jpg: 34.186 ms
/ultralytics/zoo/datset/coco128/images/train2017/000000000491.jpg: 30.431 ms
/ultralytics/zoo/datset/coco128/images/train2017/000000000502.jpg: 36.091 ms
/ultralytics/zoo/datset/coco128/images/train2017/000000000508.jpg: 22.650 ms
/ultralytics/zoo/datset/coco128/images/train2017/000000000510.jpg: 27.454 ms
/ultralytics/zoo/datset/coco128/images/train2017/000000000514.jpg: 31.500 ms
/ultralytics/zoo/datset/coco128/images/train2017/000000000520.jpg: 29.142 ms
/ultralytics/zoo/datset/coco128/images/train2017/000000000529.jpg: 25.565 ms
/ultralytics/zoo/datset/coco128/images/train2017/000000000531.jpg: 23.338 ms
/ultralytics/zoo/datset/coco128/images/train2017/000000000532.jpg: 22.502 ms
/ultralytics/zoo/datset/coco128/images/train2017/000000000536.jpg: 27.098 ms
/ultralytics/zoo/datset/coco128/images/train2017/000000000540.jpg: 33.187 ms
/ultralytics/zoo/datset/coco128/images/train2017/000000000542.jpg: 29.397 ms
/ultralytics/zoo/datset/coco128/images/train2017/000000000544.jpg: 29.985 ms
/ultralytics/zoo/datset/coco128/images/train2017/000000000560.jpg: 32.401 ms
/ultralytics/zoo/datset/coco128/images/train2017/000000000562.jpg: 31.300 ms
/ultralytics/zoo/datset/coco128/images/train2017/000000000564.jpg: 30.401 ms
/ultralytics/zoo/datset/coco128/images/train2017/000000000569.jpg: 31.037 ms
/ultralytics/zoo/datset/coco128/images/train2017/000000000572.jpg: 29.035 ms
/ultralytics/zoo/datset/coco128/images/train2017/000000000575.jpg: 35.536 ms
/ultralytics/zoo/datset/coco128/images/train2017/000000000581.jpg: 32.261 ms
/ultralytics/zoo/datset/coco128/images/train2017/000000000584.jpg: 32.470 ms
/ultralytics/zoo/datset/coco128/images/train2017/000000000589.jpg: 27.639 ms
/ultralytics/zoo/datset/coco128/images/train2017/000000000590.jpg: 32.840 ms
/ultralytics/zoo/datset/coco128/images/train2017/000000000595.jpg: 31.024 ms
/ultralytics/zoo/datset/coco128/images/train2017/000000000597.jpg: 29.544 ms
/ultralytics/zoo/datset/coco128/images/train2017/000000000599.jpg: 29.851 ms
/ultralytics/zoo/datset/coco128/images/train2017/000000000605.jpg: 27.178 ms
/ultralytics/zoo/datset/coco128/images/train2017/000000000612.jpg: 26.869 ms
/ultralytics/zoo/datset/coco128/images/train2017/000000000620.jpg: 32.698 ms
/ultralytics/zoo/datset/coco128/images/train2017/000000000623.jpg: 31.914 ms
/ultralytics/zoo/datset/coco128/images/train2017/000000000625.jpg: 26.201 ms
/ultralytics/zoo/datset/coco128/images/train2017/000000000626.jpg: 25.384 ms
/ultralytics/zoo/datset/coco128/images/train2017/000000000629.jpg: 27.633 ms
/ultralytics/zoo/datset/coco128/images/train2017/000000000634.jpg: 29.972 ms
/ultralytics/zoo/datset/coco128/images/train2017/000000000636.jpg: 29.295 ms
/ultralytics/zoo/datset/coco128/images/train2017/000000000641.jpg: 27.867 ms
/ultralytics/zoo/datset/coco128/images/train2017/000000000643.jpg: 31.281 ms
/ultralytics/zoo/datset/coco128/images/train2017/000000000650.jpg: 24.935 ms
avg: 28.845 ms

[yolo11n-pose] dataset=/ultralytics/zoo/datset/coco128/images/train2017 count=128 imgsz=640
/ultralytics/zoo/datset/coco128/images/train2017/000000000009.jpg: 22.150 ms
/ultralytics/zoo/datset/coco128/images/train2017/000000000025.jpg: 23.117 ms
/ultralytics/zoo/datset/coco128/images/train2017/000000000030.jpg: 25.865 ms
/ultralytics/zoo/datset/coco128/images/train2017/000000000034.jpg: 24.470 ms
/ultralytics/zoo/datset/coco128/images/train2017/000000000036.jpg: 27.115 ms
/ultralytics/zoo/datset/coco128/images/train2017/000000000042.jpg: 23.991 ms
/ultralytics/zoo/datset/coco128/images/train2017/000000000049.jpg: 29.753 ms
/ultralytics/zoo/datset/coco128/images/train2017/000000000061.jpg: 28.271 ms
/ultralytics/zoo/datset/coco128/images/train2017/000000000064.jpg: 24.208 ms
/ultralytics/zoo/datset/coco128/images/train2017/000000000071.jpg: 24.294 ms
/ultralytics/zoo/datset/coco128/images/train2017/000000000072.jpg: 32.393 ms
/ultralytics/zoo/datset/coco128/images/train2017/000000000073.jpg: 26.297 ms
/ultralytics/zoo/datset/coco128/images/train2017/000000000074.jpg: 23.784 ms
/ultralytics/zoo/datset/coco128/images/train2017/000000000077.jpg: 32.638 ms
/ultralytics/zoo/datset/coco128/images/train2017/000000000078.jpg: 31.119 ms
/ultralytics/zoo/datset/coco128/images/train2017/000000000081.jpg: 23.005 ms
/ultralytics/zoo/datset/coco128/images/train2017/000000000086.jpg: 27.328 ms
/ultralytics/zoo/datset/coco128/images/train2017/000000000089.jpg: 26.956 ms
/ultralytics/zoo/datset/coco128/images/train2017/000000000092.jpg: 24.187 ms
/ultralytics/zoo/datset/coco128/images/train2017/000000000094.jpg: 24.145 ms
/ultralytics/zoo/datset/coco128/images/train2017/000000000109.jpg: 24.398 ms
/ultralytics/zoo/datset/coco128/images/train2017/000000000110.jpg: 29.546 ms
/ultralytics/zoo/datset/coco128/images/train2017/000000000113.jpg: 29.924 ms
/ultralytics/zoo/datset/coco128/images/train2017/000000000127.jpg: 24.882 ms
/ultralytics/zoo/datset/coco128/images/train2017/000000000133.jpg: 24.393 ms
/ultralytics/zoo/datset/coco128/images/train2017/000000000136.jpg: 30.470 ms
/ultralytics/zoo/datset/coco128/images/train2017/000000000138.jpg: 28.540 ms
/ultralytics/zoo/datset/coco128/images/train2017/000000000142.jpg: 24.401 ms
/ultralytics/zoo/datset/coco128/images/train2017/000000000143.jpg: 28.606 ms
/ultralytics/zoo/datset/coco128/images/train2017/000000000144.jpg: 28.432 ms
/ultralytics/zoo/datset/coco128/images/train2017/000000000149.jpg: 23.492 ms
/ultralytics/zoo/datset/coco128/images/train2017/000000000151.jpg: 29.130 ms
/ultralytics/zoo/datset/coco128/images/train2017/000000000154.jpg: 24.428 ms
/ultralytics/zoo/datset/coco128/images/train2017/000000000164.jpg: 24.143 ms
/ultralytics/zoo/datset/coco128/images/train2017/000000000165.jpg: 27.390 ms
/ultralytics/zoo/datset/coco128/images/train2017/000000000192.jpg: 27.389 ms
/ultralytics/zoo/datset/coco128/images/train2017/000000000194.jpg: 24.104 ms
/ultralytics/zoo/datset/coco128/images/train2017/000000000196.jpg: 24.915 ms
/ultralytics/zoo/datset/coco128/images/train2017/000000000201.jpg: 23.883 ms
/ultralytics/zoo/datset/coco128/images/train2017/000000000208.jpg: 31.437 ms
/ultralytics/zoo/datset/coco128/images/train2017/000000000241.jpg: 29.169 ms
/ultralytics/zoo/datset/coco128/images/train2017/000000000247.jpg: 28.295 ms
/ultralytics/zoo/datset/coco128/images/train2017/000000000250.jpg: 31.332 ms
/ultralytics/zoo/datset/coco128/images/train2017/000000000257.jpg: 33.847 ms
/ultralytics/zoo/datset/coco128/images/train2017/000000000260.jpg: 32.813 ms
/ultralytics/zoo/datset/coco128/images/train2017/000000000263.jpg: 27.260 ms
/ultralytics/zoo/datset/coco128/images/train2017/000000000283.jpg: 24.586 ms
/ultralytics/zoo/datset/coco128/images/train2017/000000000294.jpg: 36.624 ms
/ultralytics/zoo/datset/coco128/images/train2017/000000000307.jpg: 27.438 ms
/ultralytics/zoo/datset/coco128/images/train2017/000000000308.jpg: 34.165 ms
/ultralytics/zoo/datset/coco128/images/train2017/000000000309.jpg: 32.664 ms
/ultralytics/zoo/datset/coco128/images/train2017/000000000312.jpg: 25.120 ms
/ultralytics/zoo/datset/coco128/images/train2017/000000000315.jpg: 33.899 ms
/ultralytics/zoo/datset/coco128/images/train2017/000000000321.jpg: 24.487 ms
/ultralytics/zoo/datset/coco128/images/train2017/000000000322.jpg: 28.062 ms
/ultralytics/zoo/datset/coco128/images/train2017/000000000326.jpg: 31.072 ms
/ultralytics/zoo/datset/coco128/images/train2017/000000000328.jpg: 32.180 ms
/ultralytics/zoo/datset/coco128/images/train2017/000000000332.jpg: 27.311 ms
/ultralytics/zoo/datset/coco128/images/train2017/000000000338.jpg: 26.245 ms
/ultralytics/zoo/datset/coco128/images/train2017/000000000349.jpg: 28.592 ms
/ultralytics/zoo/datset/coco128/images/train2017/000000000357.jpg: 34.877 ms
/ultralytics/zoo/datset/coco128/images/train2017/000000000359.jpg: 29.350 ms
/ultralytics/zoo/datset/coco128/images/train2017/000000000360.jpg: 29.062 ms
/ultralytics/zoo/datset/coco128/images/train2017/000000000368.jpg: 33.396 ms
/ultralytics/zoo/datset/coco128/images/train2017/000000000370.jpg: 28.591 ms
/ultralytics/zoo/datset/coco128/images/train2017/000000000382.jpg: 33.117 ms
/ultralytics/zoo/datset/coco128/images/train2017/000000000384.jpg: 27.154 ms
/ultralytics/zoo/datset/coco128/images/train2017/000000000387.jpg: 32.255 ms
/ultralytics/zoo/datset/coco128/images/train2017/000000000389.jpg: 26.902 ms
/ultralytics/zoo/datset/coco128/images/train2017/000000000394.jpg: 26.012 ms
/ultralytics/zoo/datset/coco128/images/train2017/000000000395.jpg: 29.872 ms
/ultralytics/zoo/datset/coco128/images/train2017/000000000397.jpg: 30.262 ms
/ultralytics/zoo/datset/coco128/images/train2017/000000000400.jpg: 26.097 ms
/ultralytics/zoo/datset/coco128/images/train2017/000000000404.jpg: 32.166 ms
/ultralytics/zoo/datset/coco128/images/train2017/000000000415.jpg: 36.044 ms
/ultralytics/zoo/datset/coco128/images/train2017/000000000419.jpg: 27.888 ms
/ultralytics/zoo/datset/coco128/images/train2017/000000000428.jpg: 25.547 ms
/ultralytics/zoo/datset/coco128/images/train2017/000000000431.jpg: 31.721 ms
/ultralytics/zoo/datset/coco128/images/train2017/000000000436.jpg: 29.804 ms
/ultralytics/zoo/datset/coco128/images/train2017/000000000438.jpg: 25.052 ms
/ultralytics/zoo/datset/coco128/images/train2017/000000000443.jpg: 23.094 ms
/ultralytics/zoo/datset/coco128/images/train2017/000000000446.jpg: 26.345 ms
/ultralytics/zoo/datset/coco128/images/train2017/000000000450.jpg: 24.368 ms
/ultralytics/zoo/datset/coco128/images/train2017/000000000459.jpg: 26.880 ms
/ultralytics/zoo/datset/coco128/images/train2017/000000000471.jpg: 23.658 ms
/ultralytics/zoo/datset/coco128/images/train2017/000000000472.jpg: 21.868 ms
/ultralytics/zoo/datset/coco128/images/train2017/000000000474.jpg: 29.796 ms
/ultralytics/zoo/datset/coco128/images/train2017/000000000486.jpg: 24.127 ms
/ultralytics/zoo/datset/coco128/images/train2017/000000000488.jpg: 26.622 ms
/ultralytics/zoo/datset/coco128/images/train2017/000000000490.jpg: 29.458 ms
/ultralytics/zoo/datset/coco128/images/train2017/000000000491.jpg: 25.822 ms
/ultralytics/zoo/datset/coco128/images/train2017/000000000502.jpg: 25.012 ms
/ultralytics/zoo/datset/coco128/images/train2017/000000000508.jpg: 24.312 ms
/ultralytics/zoo/datset/coco128/images/train2017/000000000510.jpg: 27.619 ms
/ultralytics/zoo/datset/coco128/images/train2017/000000000514.jpg: 24.036 ms
/ultralytics/zoo/datset/coco128/images/train2017/000000000520.jpg: 24.772 ms
/ultralytics/zoo/datset/coco128/images/train2017/000000000529.jpg: 27.787 ms
/ultralytics/zoo/datset/coco128/images/train2017/000000000531.jpg: 27.080 ms
/ultralytics/zoo/datset/coco128/images/train2017/000000000532.jpg: 27.688 ms
/ultralytics/zoo/datset/coco128/images/train2017/000000000536.jpg: 30.206 ms
/ultralytics/zoo/datset/coco128/images/train2017/000000000540.jpg: 24.631 ms
/ultralytics/zoo/datset/coco128/images/train2017/000000000542.jpg: 27.344 ms
/ultralytics/zoo/datset/coco128/images/train2017/000000000544.jpg: 28.091 ms
/ultralytics/zoo/datset/coco128/images/train2017/000000000560.jpg: 26.878 ms
/ultralytics/zoo/datset/coco128/images/train2017/000000000562.jpg: 23.897 ms
/ultralytics/zoo/datset/coco128/images/train2017/000000000564.jpg: 27.744 ms
/ultralytics/zoo/datset/coco128/images/train2017/000000000569.jpg: 27.421 ms
/ultralytics/zoo/datset/coco128/images/train2017/000000000572.jpg: 26.993 ms
/ultralytics/zoo/datset/coco128/images/train2017/000000000575.jpg: 29.755 ms
/ultralytics/zoo/datset/coco128/images/train2017/000000000581.jpg: 31.873 ms
/ultralytics/zoo/datset/coco128/images/train2017/000000000584.jpg: 23.834 ms
/ultralytics/zoo/datset/coco128/images/train2017/000000000589.jpg: 26.645 ms
/ultralytics/zoo/datset/coco128/images/train2017/000000000590.jpg: 28.543 ms
/ultralytics/zoo/datset/coco128/images/train2017/000000000595.jpg: 25.101 ms
/ultralytics/zoo/datset/coco128/images/train2017/000000000597.jpg: 22.555 ms
/ultralytics/zoo/datset/coco128/images/train2017/000000000599.jpg: 27.285 ms
/ultralytics/zoo/datset/coco128/images/train2017/000000000605.jpg: 25.892 ms
/ultralytics/zoo/datset/coco128/images/train2017/000000000612.jpg: 24.503 ms
/ultralytics/zoo/datset/coco128/images/train2017/000000000620.jpg: 24.350 ms
/ultralytics/zoo/datset/coco128/images/train2017/000000000623.jpg: 30.048 ms
/ultralytics/zoo/datset/coco128/images/train2017/000000000625.jpg: 27.258 ms
/ultralytics/zoo/datset/coco128/images/train2017/000000000626.jpg: 23.968 ms
/ultralytics/zoo/datset/coco128/images/train2017/000000000629.jpg: 27.486 ms
/ultralytics/zoo/datset/coco128/images/train2017/000000000634.jpg: 26.565 ms
/ultralytics/zoo/datset/coco128/images/train2017/000000000636.jpg: 24.365 ms
/ultralytics/zoo/datset/coco128/images/train2017/000000000641.jpg: 24.426 ms
/ultralytics/zoo/datset/coco128/images/train2017/000000000643.jpg: 27.573 ms
/ultralytics/zoo/datset/coco128/images/train2017/000000000650.jpg: 23.771 ms
avg: 27.411 ms

[yolo11n-seg] dataset=/ultralytics/zoo/datset/coco128/images/train2017 count=128 imgsz=640
/ultralytics/zoo/datset/coco128/images/train2017/000000000009.jpg: 28.073 ms
/ultralytics/zoo/datset/coco128/images/train2017/000000000025.jpg: 26.184 ms
/ultralytics/zoo/datset/coco128/images/train2017/000000000030.jpg: 27.362 ms
/ultralytics/zoo/datset/coco128/images/train2017/000000000034.jpg: 34.036 ms
/ultralytics/zoo/datset/coco128/images/train2017/000000000036.jpg: 30.124 ms
/ultralytics/zoo/datset/coco128/images/train2017/000000000042.jpg: 28.012 ms
/ultralytics/zoo/datset/coco128/images/train2017/000000000049.jpg: 41.429 ms
/ultralytics/zoo/datset/coco128/images/train2017/000000000061.jpg: 35.176 ms
/ultralytics/zoo/datset/coco128/images/train2017/000000000064.jpg: 32.317 ms
/ultralytics/zoo/datset/coco128/images/train2017/000000000071.jpg: 30.237 ms
/ultralytics/zoo/datset/coco128/images/train2017/000000000072.jpg: 31.142 ms
/ultralytics/zoo/datset/coco128/images/train2017/000000000073.jpg: 32.193 ms
/ultralytics/zoo/datset/coco128/images/train2017/000000000074.jpg: 32.677 ms
/ultralytics/zoo/datset/coco128/images/train2017/000000000077.jpg: 35.336 ms
/ultralytics/zoo/datset/coco128/images/train2017/000000000078.jpg: 39.432 ms
/ultralytics/zoo/datset/coco128/images/train2017/000000000081.jpg: 28.857 ms
/ultralytics/zoo/datset/coco128/images/train2017/000000000086.jpg: 30.441 ms
/ultralytics/zoo/datset/coco128/images/train2017/000000000089.jpg: 33.102 ms
/ultralytics/zoo/datset/coco128/images/train2017/000000000092.jpg: 29.761 ms
/ultralytics/zoo/datset/coco128/images/train2017/000000000094.jpg: 31.314 ms
/ultralytics/zoo/datset/coco128/images/train2017/000000000109.jpg: 34.778 ms
/ultralytics/zoo/datset/coco128/images/train2017/000000000110.jpg: 39.772 ms
/ultralytics/zoo/datset/coco128/images/train2017/000000000113.jpg: 35.317 ms
/ultralytics/zoo/datset/coco128/images/train2017/000000000127.jpg: 33.853 ms
/ultralytics/zoo/datset/coco128/images/train2017/000000000133.jpg: 30.480 ms
/ultralytics/zoo/datset/coco128/images/train2017/000000000136.jpg: 35.603 ms
/ultralytics/zoo/datset/coco128/images/train2017/000000000138.jpg: 35.727 ms
/ultralytics/zoo/datset/coco128/images/train2017/000000000142.jpg: 32.941 ms
/ultralytics/zoo/datset/coco128/images/train2017/000000000143.jpg: 39.486 ms
/ultralytics/zoo/datset/coco128/images/train2017/000000000144.jpg: 32.129 ms
/ultralytics/zoo/datset/coco128/images/train2017/000000000149.jpg: 34.131 ms
/ultralytics/zoo/datset/coco128/images/train2017/000000000151.jpg: 33.421 ms
/ultralytics/zoo/datset/coco128/images/train2017/000000000154.jpg: 32.210 ms
/ultralytics/zoo/datset/coco128/images/train2017/000000000164.jpg: 31.289 ms
/ultralytics/zoo/datset/coco128/images/train2017/000000000165.jpg: 30.458 ms
/ultralytics/zoo/datset/coco128/images/train2017/000000000192.jpg: 32.526 ms
/ultralytics/zoo/datset/coco128/images/train2017/000000000194.jpg: 30.414 ms
/ultralytics/zoo/datset/coco128/images/train2017/000000000196.jpg: 42.792 ms
/ultralytics/zoo/datset/coco128/images/train2017/000000000201.jpg: 29.587 ms
/ultralytics/zoo/datset/coco128/images/train2017/000000000208.jpg: 27.586 ms
/ultralytics/zoo/datset/coco128/images/train2017/000000000241.jpg: 34.625 ms
/ultralytics/zoo/datset/coco128/images/train2017/000000000247.jpg: 30.750 ms
/ultralytics/zoo/datset/coco128/images/train2017/000000000250.jpg: 25.279 ms
/ultralytics/zoo/datset/coco128/images/train2017/000000000257.jpg: 39.312 ms
/ultralytics/zoo/datset/coco128/images/train2017/000000000260.jpg: 35.743 ms
/ultralytics/zoo/datset/coco128/images/train2017/000000000263.jpg: 33.522 ms
/ultralytics/zoo/datset/coco128/images/train2017/000000000283.jpg: 32.541 ms
/ultralytics/zoo/datset/coco128/images/train2017/000000000294.jpg: 32.414 ms
/ultralytics/zoo/datset/coco128/images/train2017/000000000307.jpg: 33.852 ms
/ultralytics/zoo/datset/coco128/images/train2017/000000000308.jpg: 36.506 ms
/ultralytics/zoo/datset/coco128/images/train2017/000000000309.jpg: 41.290 ms
/ultralytics/zoo/datset/coco128/images/train2017/000000000312.jpg: 32.784 ms
/ultralytics/zoo/datset/coco128/images/train2017/000000000315.jpg: 39.070 ms
/ultralytics/zoo/datset/coco128/images/train2017/000000000321.jpg: 32.128 ms
/ultralytics/zoo/datset/coco128/images/train2017/000000000322.jpg: 31.533 ms
/ultralytics/zoo/datset/coco128/images/train2017/000000000326.jpg: 30.336 ms
/ultralytics/zoo/datset/coco128/images/train2017/000000000328.jpg: 33.029 ms
/ultralytics/zoo/datset/coco128/images/train2017/000000000332.jpg: 32.918 ms
/ultralytics/zoo/datset/coco128/images/train2017/000000000338.jpg: 29.580 ms
/ultralytics/zoo/datset/coco128/images/train2017/000000000349.jpg: 31.141 ms
/ultralytics/zoo/datset/coco128/images/train2017/000000000357.jpg: 31.722 ms
/ultralytics/zoo/datset/coco128/images/train2017/000000000359.jpg: 34.890 ms
/ultralytics/zoo/datset/coco128/images/train2017/000000000360.jpg: 34.001 ms
/ultralytics/zoo/datset/coco128/images/train2017/000000000368.jpg: 36.573 ms
/ultralytics/zoo/datset/coco128/images/train2017/000000000370.jpg: 31.537 ms
/ultralytics/zoo/datset/coco128/images/train2017/000000000382.jpg: 31.173 ms
/ultralytics/zoo/datset/coco128/images/train2017/000000000384.jpg: 33.392 ms
/ultralytics/zoo/datset/coco128/images/train2017/000000000387.jpg: 31.457 ms
/ultralytics/zoo/datset/coco128/images/train2017/000000000389.jpg: 34.780 ms
/ultralytics/zoo/datset/coco128/images/train2017/000000000394.jpg: 32.396 ms
/ultralytics/zoo/datset/coco128/images/train2017/000000000395.jpg: 34.450 ms
/ultralytics/zoo/datset/coco128/images/train2017/000000000397.jpg: 32.121 ms
/ultralytics/zoo/datset/coco128/images/train2017/000000000400.jpg: 32.537 ms
/ultralytics/zoo/datset/coco128/images/train2017/000000000404.jpg: 30.679 ms
/ultralytics/zoo/datset/coco128/images/train2017/000000000415.jpg: 29.869 ms
/ultralytics/zoo/datset/coco128/images/train2017/000000000419.jpg: 31.622 ms
/ultralytics/zoo/datset/coco128/images/train2017/000000000428.jpg: 29.431 ms
/ultralytics/zoo/datset/coco128/images/train2017/000000000431.jpg: 30.500 ms
/ultralytics/zoo/datset/coco128/images/train2017/000000000436.jpg: 30.443 ms
/ultralytics/zoo/datset/coco128/images/train2017/000000000438.jpg: 38.104 ms
/ultralytics/zoo/datset/coco128/images/train2017/000000000443.jpg: 33.255 ms
/ultralytics/zoo/datset/coco128/images/train2017/000000000446.jpg: 31.816 ms
/ultralytics/zoo/datset/coco128/images/train2017/000000000450.jpg: 33.634 ms
/ultralytics/zoo/datset/coco128/images/train2017/000000000459.jpg: 31.705 ms
/ultralytics/zoo/datset/coco128/images/train2017/000000000471.jpg: 30.560 ms
/ultralytics/zoo/datset/coco128/images/train2017/000000000472.jpg: 28.140 ms
/ultralytics/zoo/datset/coco128/images/train2017/000000000474.jpg: 33.811 ms
/ultralytics/zoo/datset/coco128/images/train2017/000000000486.jpg: 30.551 ms
/ultralytics/zoo/datset/coco128/images/train2017/000000000488.jpg: 33.296 ms
/ultralytics/zoo/datset/coco128/images/train2017/000000000490.jpg: 35.761 ms
/ultralytics/zoo/datset/coco128/images/train2017/000000000491.jpg: 33.464 ms
/ultralytics/zoo/datset/coco128/images/train2017/000000000502.jpg: 31.439 ms
/ultralytics/zoo/datset/coco128/images/train2017/000000000508.jpg: 25.174 ms
/ultralytics/zoo/datset/coco128/images/train2017/000000000510.jpg: 31.469 ms
/ultralytics/zoo/datset/coco128/images/train2017/000000000514.jpg: 29.971 ms
/ultralytics/zoo/datset/coco128/images/train2017/000000000520.jpg: 32.644 ms
/ultralytics/zoo/datset/coco128/images/train2017/000000000529.jpg: 32.094 ms
/ultralytics/zoo/datset/coco128/images/train2017/000000000531.jpg: 34.273 ms
/ultralytics/zoo/datset/coco128/images/train2017/000000000532.jpg: 32.573 ms
/ultralytics/zoo/datset/coco128/images/train2017/000000000536.jpg: 34.876 ms
/ultralytics/zoo/datset/coco128/images/train2017/000000000540.jpg: 32.915 ms
/ultralytics/zoo/datset/coco128/images/train2017/000000000542.jpg: 34.832 ms
/ultralytics/zoo/datset/coco128/images/train2017/000000000544.jpg: 34.981 ms
/ultralytics/zoo/datset/coco128/images/train2017/000000000560.jpg: 34.207 ms
/ultralytics/zoo/datset/coco128/images/train2017/000000000562.jpg: 29.664 ms
/ultralytics/zoo/datset/coco128/images/train2017/000000000564.jpg: 36.767 ms
/ultralytics/zoo/datset/coco128/images/train2017/000000000569.jpg: 31.674 ms
/ultralytics/zoo/datset/coco128/images/train2017/000000000572.jpg: 31.462 ms
/ultralytics/zoo/datset/coco128/images/train2017/000000000575.jpg: 31.687 ms
/ultralytics/zoo/datset/coco128/images/train2017/000000000581.jpg: 35.401 ms
/ultralytics/zoo/datset/coco128/images/train2017/000000000584.jpg: 32.878 ms
/ultralytics/zoo/datset/coco128/images/train2017/000000000589.jpg: 30.148 ms
/ultralytics/zoo/datset/coco128/images/train2017/000000000590.jpg: 33.643 ms
/ultralytics/zoo/datset/coco128/images/train2017/000000000595.jpg: 31.073 ms
/ultralytics/zoo/datset/coco128/images/train2017/000000000597.jpg: 31.153 ms
/ultralytics/zoo/datset/coco128/images/train2017/000000000599.jpg: 30.634 ms
/ultralytics/zoo/datset/coco128/images/train2017/000000000605.jpg: 34.911 ms
/ultralytics/zoo/datset/coco128/images/train2017/000000000612.jpg: 34.697 ms
/ultralytics/zoo/datset/coco128/images/train2017/000000000620.jpg: 32.137 ms
/ultralytics/zoo/datset/coco128/images/train2017/000000000623.jpg: 34.667 ms
/ultralytics/zoo/datset/coco128/images/train2017/000000000625.jpg: 32.342 ms
/ultralytics/zoo/datset/coco128/images/train2017/000000000626.jpg: 30.118 ms
/ultralytics/zoo/datset/coco128/images/train2017/000000000629.jpg: 30.898 ms
/ultralytics/zoo/datset/coco128/images/train2017/000000000634.jpg: 31.951 ms
/ultralytics/zoo/datset/coco128/images/train2017/000000000636.jpg: 31.014 ms
/ultralytics/zoo/datset/coco128/images/train2017/000000000641.jpg: 33.258 ms
/ultralytics/zoo/datset/coco128/images/train2017/000000000643.jpg: 35.201 ms
/ultralytics/zoo/datset/coco128/images/train2017/000000000650.jpg: 30.553 ms
avg: 32.712 ms

[yolo11n-obb] dataset=/ultralytics/zoo/datset/DOTA100/images count=100 imgsz=640
/ultralytics/zoo/datset/DOTA100/images/train/000000000025.jpg: 26.874 ms
/ultralytics/zoo/datset/DOTA100/images/train/000000000034.jpg: 20.459 ms
/ultralytics/zoo/datset/DOTA100/images/train/000000000036.jpg: 19.736 ms
/ultralytics/zoo/datset/DOTA100/images/train/000000000042.jpg: 26.402 ms
/ultralytics/zoo/datset/DOTA100/images/train/000000000064.jpg: 29.007 ms
/ultralytics/zoo/datset/DOTA100/images/train/000000000071.jpg: 27.166 ms
/ultralytics/zoo/datset/DOTA100/images/train/000000000073.jpg: 23.584 ms
/ultralytics/zoo/datset/DOTA100/images/train/000000000074.jpg: 28.832 ms
/ultralytics/zoo/datset/DOTA100/images/train/000000000078.jpg: 34.837 ms
/ultralytics/zoo/datset/DOTA100/images/train/000000000089.jpg: 21.936 ms
/ultralytics/zoo/datset/DOTA100/images/train/000000000094.jpg: 23.537 ms
/ultralytics/zoo/datset/DOTA100/images/train/000000000110.jpg: 23.129 ms
/ultralytics/zoo/datset/DOTA100/images/train/000000000136.jpg: 26.157 ms
/ultralytics/zoo/datset/DOTA100/images/train/000000000138.jpg: 24.102 ms
/ultralytics/zoo/datset/DOTA100/images/train/000000000142.jpg: 30.713 ms
/ultralytics/zoo/datset/DOTA100/images/train/000000000143.jpg: 28.299 ms
/ultralytics/zoo/datset/DOTA100/images/train/000000000151.jpg: 24.886 ms
/ultralytics/zoo/datset/DOTA100/images/train/000000000154.jpg: 23.901 ms
/ultralytics/zoo/datset/DOTA100/images/train/000000000164.jpg: 23.072 ms
/ultralytics/zoo/datset/DOTA100/images/train/000000000196.jpg: 31.412 ms
/ultralytics/zoo/datset/DOTA100/images/train/000000000208.jpg: 23.273 ms
/ultralytics/zoo/datset/DOTA100/images/train/000000000241.jpg: 30.446 ms
/ultralytics/zoo/datset/DOTA100/images/train/000000000247.jpg: 23.172 ms
/ultralytics/zoo/datset/DOTA100/images/train/000000000260.jpg: 25.088 ms
/ultralytics/zoo/datset/DOTA100/images/train/000000000294.jpg: 30.899 ms
/ultralytics/zoo/datset/DOTA100/images/train/000000000308.jpg: 23.370 ms
/ultralytics/zoo/datset/DOTA100/images/train/000000000309.jpg: 30.282 ms
/ultralytics/zoo/datset/DOTA100/images/train/000000000312.jpg: 24.219 ms
/ultralytics/zoo/datset/DOTA100/images/train/000000000321.jpg: 23.681 ms
/ultralytics/zoo/datset/DOTA100/images/train/000000000322.jpg: 31.103 ms
/ultralytics/zoo/datset/DOTA100/images/train/000000000326.jpg: 22.976 ms
/ultralytics/zoo/datset/DOTA100/images/train/000000000328.jpg: 30.586 ms
/ultralytics/zoo/datset/DOTA100/images/train/000000000338.jpg: 23.114 ms
/ultralytics/zoo/datset/DOTA100/images/train/000000000357.jpg: 21.675 ms
/ultralytics/zoo/datset/DOTA100/images/train/000000000360.jpg: 26.517 ms
/ultralytics/zoo/datset/DOTA100/images/train/000000000368.jpg: 25.419 ms
/ultralytics/zoo/datset/DOTA100/images/train/000000000382.jpg: 23.875 ms
/ultralytics/zoo/datset/DOTA100/images/train/000000000387.jpg: 31.225 ms
/ultralytics/zoo/datset/DOTA100/images/train/000000000389.jpg: 29.745 ms
/ultralytics/zoo/datset/DOTA100/images/train/000000000395.jpg: 24.158 ms
/ultralytics/zoo/datset/DOTA100/images/train/000000000400.jpg: 25.304 ms
/ultralytics/zoo/datset/DOTA100/images/train/000000000404.jpg: 24.214 ms
/ultralytics/zoo/datset/DOTA100/images/train/000000000415.jpg: 30.012 ms
/ultralytics/zoo/datset/DOTA100/images/train/000000000419.jpg: 23.910 ms
/ultralytics/zoo/datset/DOTA100/images/train/000000000431.jpg: 22.882 ms
/ultralytics/zoo/datset/DOTA100/images/train/000000000436.jpg: 23.240 ms
/ultralytics/zoo/datset/DOTA100/images/train/000000000438.jpg: 31.613 ms
/ultralytics/zoo/datset/DOTA100/images/train/000000000443.jpg: 23.965 ms
/ultralytics/zoo/datset/DOTA100/images/train/000000000450.jpg: 23.605 ms
/ultralytics/zoo/datset/DOTA100/images/train/000000000459.jpg: 30.196 ms
/ultralytics/zoo/datset/DOTA100/images/train/000000000471.jpg: 22.583 ms
/ultralytics/zoo/datset/DOTA100/images/train/000000000472.jpg: 20.908 ms
/ultralytics/zoo/datset/DOTA100/images/train/000000000488.jpg: 21.069 ms
/ultralytics/zoo/datset/DOTA100/images/train/000000000491.jpg: 32.632 ms
/ultralytics/zoo/datset/DOTA100/images/train/000000000502.jpg: 24.191 ms
/ultralytics/zoo/datset/DOTA100/images/train/000000000508.jpg: 23.013 ms
/ultralytics/zoo/datset/DOTA100/images/train/000000000520.jpg: 30.908 ms
/ultralytics/zoo/datset/DOTA100/images/train/000000000529.jpg: 24.243 ms
/ultralytics/zoo/datset/DOTA100/images/train/000000000531.jpg: 23.773 ms
/ultralytics/zoo/datset/DOTA100/images/train/000000000540.jpg: 31.309 ms
/ultralytics/zoo/datset/DOTA100/images/train/000000000544.jpg: 31.632 ms
/ultralytics/zoo/datset/DOTA100/images/train/000000000560.jpg: 32.661 ms
/ultralytics/zoo/datset/DOTA100/images/train/000000000562.jpg: 22.488 ms
/ultralytics/zoo/datset/DOTA100/images/train/000000000564.jpg: 30.072 ms
/ultralytics/zoo/datset/DOTA100/images/train/000000000572.jpg: 22.924 ms
/ultralytics/zoo/datset/DOTA100/images/train/000000000575.jpg: 26.139 ms
/ultralytics/zoo/datset/DOTA100/images/train/000000000581.jpg: 28.135 ms
/ultralytics/zoo/datset/DOTA100/images/train/000000000584.jpg: 22.924 ms
/ultralytics/zoo/datset/DOTA100/images/train/000000000590.jpg: 27.095 ms
/ultralytics/zoo/datset/DOTA100/images/train/000000000595.jpg: 24.144 ms
/ultralytics/zoo/datset/DOTA100/images/train/000000000597.jpg: 22.133 ms
/ultralytics/zoo/datset/DOTA100/images/train/000000000599.jpg: 31.009 ms
/ultralytics/zoo/datset/DOTA100/images/train/000000000620.jpg: 24.183 ms
/ultralytics/zoo/datset/DOTA100/images/train/000000000625.jpg: 24.056 ms
/ultralytics/zoo/datset/DOTA100/images/train/000000000626.jpg: 30.805 ms
/ultralytics/zoo/datset/DOTA100/images/train/000000000629.jpg: 24.194 ms
/ultralytics/zoo/datset/DOTA100/images/train/000000000636.jpg: 30.628 ms
/ultralytics/zoo/datset/DOTA100/images/train/000000000641.jpg: 23.695 ms
/ultralytics/zoo/datset/DOTA100/images/train/000000000643.jpg: 33.419 ms
/ultralytics/zoo/datset/DOTA100/images/train/000000000650.jpg: 22.980 ms
/ultralytics/zoo/datset/DOTA100/images/val/000000000009.jpg: 23.643 ms
/ultralytics/zoo/datset/DOTA100/images/val/000000000049.jpg: 26.957 ms
/ultralytics/zoo/datset/DOTA100/images/val/000000000077.jpg: 27.171 ms
/ultralytics/zoo/datset/DOTA100/images/val/000000000133.jpg: 23.910 ms
/ultralytics/zoo/datset/DOTA100/images/val/000000000144.jpg: 32.591 ms
/ultralytics/zoo/datset/DOTA100/images/val/000000000201.jpg: 30.049 ms
/ultralytics/zoo/datset/DOTA100/images/val/000000000263.jpg: 24.418 ms
/ultralytics/zoo/datset/DOTA100/images/val/000000000315.jpg: 23.487 ms
/ultralytics/zoo/datset/DOTA100/images/val/000000000332.jpg: 23.672 ms
/ultralytics/zoo/datset/DOTA100/images/val/000000000370.jpg: 23.560 ms
/ultralytics/zoo/datset/DOTA100/images/val/000000000397.jpg: 31.611 ms
/ultralytics/zoo/datset/DOTA100/images/val/000000000428.jpg: 22.559 ms
/ultralytics/zoo/datset/DOTA100/images/val/000000000446.jpg: 23.469 ms
/ultralytics/zoo/datset/DOTA100/images/val/000000000474.jpg: 26.771 ms
/ultralytics/zoo/datset/DOTA100/images/val/000000000510.jpg: 31.663 ms
/ultralytics/zoo/datset/DOTA100/images/val/000000000542.jpg: 23.790 ms
/ultralytics/zoo/datset/DOTA100/images/val/000000000569.jpg: 24.027 ms
/ultralytics/zoo/datset/DOTA100/images/val/000000000589.jpg: 23.737 ms
/ultralytics/zoo/datset/DOTA100/images/val/000000000612.jpg: 31.934 ms
/ultralytics/zoo/datset/DOTA100/images/val/000000000634.jpg: 23.445 ms
avg: 26.142 ms
