[yolo11n-cls] dataset=/ultralytics/zoo/dataset/CIFAR100 count=100 imgsz=224
/ultralytics/zoo/dataset/CIFAR100/airplane/data_batch_1_00029.png: 9.089 ms
/ultralytics/zoo/dataset/CIFAR100/airplane/data_batch_1_00030.png: 7.823 ms
/ultralytics/zoo/dataset/CIFAR100/airplane/data_batch_1_00035.png: 7.592 ms
/ultralytics/zoo/dataset/CIFAR100/airplane/data_batch_1_00049.png: 7.428 ms
/ultralytics/zoo/dataset/CIFAR100/airplane/data_batch_1_00077.png: 7.390 ms
/ultralytics/zoo/dataset/CIFAR100/airplane/data_batch_1_00093.png: 7.481 ms
/ultralytics/zoo/dataset/CIFAR100/airplane/data_batch_1_00115.png: 7.248 ms
/ultralytics/zoo/dataset/CIFAR100/airplane/data_batch_1_00116.png: 7.145 ms
/ultralytics/zoo/dataset/CIFAR100/airplane/data_batch_1_00129.png: 7.049 ms
/ultralytics/zoo/dataset/CIFAR100/airplane/data_batch_1_00165.png: 7.108 ms
/ultralytics/zoo/dataset/CIFAR100/automobile/data_batch_1_00004.png: 7.108 ms
/ultralytics/zoo/dataset/CIFAR100/automobile/data_batch_1_00005.png: 7.447 ms
/ultralytics/zoo/dataset/CIFAR100/automobile/data_batch_1_00032.png: 7.441 ms
/ultralytics/zoo/dataset/CIFAR100/automobile/data_batch_1_00044.png: 7.900 ms
/ultralytics/zoo/dataset/CIFAR100/automobile/data_batch_1_00045.png: 7.478 ms
/ultralytics/zoo/dataset/CIFAR100/automobile/data_batch_1_00046.png: 7.304 ms
/ultralytics/zoo/dataset/CIFAR100/automobile/data_batch_1_00060.png: 7.206 ms
/ultralytics/zoo/dataset/CIFAR100/automobile/data_batch_1_00061.png: 7.197 ms
/ultralytics/zoo/dataset/CIFAR100/automobile/data_batch_1_00064.png: 7.341 ms
/ultralytics/zoo/dataset/CIFAR100/automobile/data_batch_1_00065.png: 7.487 ms
/ultralytics/zoo/dataset/CIFAR100/bird/data_batch_1_00006.png: 7.555 ms
/ultralytics/zoo/dataset/CIFAR100/bird/data_batch_1_00013.png: 7.351 ms
/ultralytics/zoo/dataset/CIFAR100/bird/data_batch_1_00018.png: 7.450 ms
/ultralytics/zoo/dataset/CIFAR100/bird/data_batch_1_00024.png: 7.471 ms
/ultralytics/zoo/dataset/CIFAR100/bird/data_batch_1_00041.png: 7.467 ms
/ultralytics/zoo/dataset/CIFAR100/bird/data_batch_1_00042.png: 7.917 ms
/ultralytics/zoo/dataset/CIFAR100/bird/data_batch_1_00047.png: 8.486 ms
/ultralytics/zoo/dataset/CIFAR100/bird/data_batch_1_00048.png: 7.975 ms
/ultralytics/zoo/dataset/CIFAR100/bird/data_batch_1_00054.png: 7.990 ms
/ultralytics/zoo/dataset/CIFAR100/bird/data_batch_1_00055.png: 8.396 ms
/ultralytics/zoo/dataset/CIFAR100/cat/data_batch_1_00009.png: 7.560 ms
/ultralytics/zoo/dataset/CIFAR100/cat/data_batch_1_00017.png: 8.203 ms
/ultralytics/zoo/dataset/CIFAR100/cat/data_batch_1_00021.png: 8.528 ms
/ultralytics/zoo/dataset/CIFAR100/cat/data_batch_1_00026.png: 9.415 ms
/ultralytics/zoo/dataset/CIFAR100/cat/data_batch_1_00033.png: 8.398 ms
/ultralytics/zoo/dataset/CIFAR100/cat/data_batch_1_00036.png: 8.108 ms
/ultralytics/zoo/dataset/CIFAR100/cat/data_batch_1_00038.png: 8.862 ms
/ultralytics/zoo/dataset/CIFAR100/cat/data_batch_1_00039.png: 8.852 ms
/ultralytics/zoo/dataset/CIFAR100/cat/data_batch_1_00059.png: 8.569 ms
/ultralytics/zoo/dataset/CIFAR100/cat/data_batch_1_00074.png: 9.192 ms
/ultralytics/zoo/dataset/CIFAR100/deer/data_batch_1_00003.png: 9.217 ms
/ultralytics/zoo/dataset/CIFAR100/deer/data_batch_1_00010.png: 9.141 ms
/ultralytics/zoo/dataset/CIFAR100/deer/data_batch_1_00020.png: 8.824 ms
/ultralytics/zoo/dataset/CIFAR100/deer/data_batch_1_00028.png: 8.836 ms
/ultralytics/zoo/dataset/CIFAR100/deer/data_batch_1_00034.png: 9.015 ms
/ultralytics/zoo/dataset/CIFAR100/deer/data_batch_1_00058.png: 8.993 ms
/ultralytics/zoo/dataset/CIFAR100/deer/data_batch_1_00066.png: 8.658 ms
/ultralytics/zoo/dataset/CIFAR100/deer/data_batch_1_00082.png: 8.819 ms
/ultralytics/zoo/dataset/CIFAR100/deer/data_batch_1_00086.png: 9.418 ms
/ultralytics/zoo/dataset/CIFAR100/deer/data_batch_1_00089.png: 8.915 ms
/ultralytics/zoo/dataset/CIFAR100/dog/data_batch_1_00027.png: 8.639 ms
/ultralytics/zoo/dataset/CIFAR100/dog/data_batch_1_00040.png: 8.781 ms
/ultralytics/zoo/dataset/CIFAR100/dog/data_batch_1_00051.png: 9.161 ms
/ultralytics/zoo/dataset/CIFAR100/dog/data_batch_1_00056.png: 9.383 ms
/ultralytics/zoo/dataset/CIFAR100/dog/data_batch_1_00070.png: 9.001 ms
/ultralytics/zoo/dataset/CIFAR100/dog/data_batch_1_00081.png: 7.824 ms
/ultralytics/zoo/dataset/CIFAR100/dog/data_batch_1_00083.png: 8.357 ms
/ultralytics/zoo/dataset/CIFAR100/dog/data_batch_1_00107.png: 10.592 ms
/ultralytics/zoo/dataset/CIFAR100/dog/data_batch_1_00128.png: 9.618 ms
/ultralytics/zoo/dataset/CIFAR100/dog/data_batch_1_00148.png: 8.257 ms
/ultralytics/zoo/dataset/CIFAR100/frog/data_batch_1_00000.png: 8.630 ms
/ultralytics/zoo/dataset/CIFAR100/frog/data_batch_1_00019.png: 7.867 ms
/ultralytics/zoo/dataset/CIFAR100/frog/data_batch_1_00022.png: 8.906 ms
/ultralytics/zoo/dataset/CIFAR100/frog/data_batch_1_00023.png: 7.824 ms
/ultralytics/zoo/dataset/CIFAR100/frog/data_batch_1_00025.png: 7.956 ms
/ultralytics/zoo/dataset/CIFAR100/frog/data_batch_1_00072.png: 8.611 ms
/ultralytics/zoo/dataset/CIFAR100/frog/data_batch_1_00095.png: 8.195 ms
/ultralytics/zoo/dataset/CIFAR100/frog/data_batch_1_00103.png: 7.707 ms
/ultralytics/zoo/dataset/CIFAR100/frog/data_batch_1_00104.png: 8.780 ms
/ultralytics/zoo/dataset/CIFAR100/frog/data_batch_1_00117.png: 8.202 ms
/ultralytics/zoo/dataset/CIFAR100/horse/data_batch_1_00007.png: 7.871 ms
/ultralytics/zoo/dataset/CIFAR100/horse/data_batch_1_00011.png: 8.699 ms
/ultralytics/zoo/dataset/CIFAR100/horse/data_batch_1_00012.png: 7.966 ms
/ultralytics/zoo/dataset/CIFAR100/horse/data_batch_1_00037.png: 8.635 ms
/ultralytics/zoo/dataset/CIFAR100/horse/data_batch_1_00043.png: 9.279 ms
/ultralytics/zoo/dataset/CIFAR100/horse/data_batch_1_00052.png: 8.830 ms
/ultralytics/zoo/dataset/CIFAR100/horse/data_batch_1_00068.png: 8.116 ms
/ultralytics/zoo/dataset/CIFAR100/horse/data_batch_1_00073.png: 7.693 ms
/ultralytics/zoo/dataset/CIFAR100/horse/data_batch_1_00084.png: 8.711 ms
/ultralytics/zoo/dataset/CIFAR100/horse/data_batch_1_00085.png: 8.705 ms
/ultralytics/zoo/dataset/CIFAR100/ship/data_batch_1_00008.png: 9.016 ms
/ultralytics/zoo/dataset/CIFAR100/ship/data_batch_1_00062.png: 8.927 ms
/ultralytics/zoo/dataset/CIFAR100/ship/data_batch_1_00069.png: 8.695 ms
/ultralytics/zoo/dataset/CIFAR100/ship/data_batch_1_00092.png: 10.268 ms
/ultralytics/zoo/dataset/CIFAR100/ship/data_batch_1_00100.png: 7.685 ms
/ultralytics/zoo/dataset/CIFAR100/ship/data_batch_1_00106.png: 8.967 ms
/ultralytics/zoo/dataset/CIFAR100/ship/data_batch_1_00111.png: 8.976 ms
/ultralytics/zoo/dataset/CIFAR100/ship/data_batch_1_00135.png: 8.780 ms
/ultralytics/zoo/dataset/CIFAR100/ship/data_batch_1_00139.png: 9.025 ms
/ultralytics/zoo/dataset/CIFAR100/ship/data_batch_1_00155.png: 8.909 ms
/ultralytics/zoo/dataset/CIFAR100/truck/data_batch_1_00001.png: 8.753 ms
/ultralytics/zoo/dataset/CIFAR100/truck/data_batch_1_00002.png: 8.752 ms
/ultralytics/zoo/dataset/CIFAR100/truck/data_batch_1_00014.png: 8.736 ms
/ultralytics/zoo/dataset/CIFAR100/truck/data_batch_1_00015.png: 8.932 ms
/ultralytics/zoo/dataset/CIFAR100/truck/data_batch_1_00016.png: 8.854 ms
/ultralytics/zoo/dataset/CIFAR100/truck/data_batch_1_00031.png: 8.699 ms
/ultralytics/zoo/dataset/CIFAR100/truck/data_batch_1_00050.png: 8.727 ms
/ultralytics/zoo/dataset/CIFAR100/truck/data_batch_1_00053.png: 9.103 ms
/ultralytics/zoo/dataset/CIFAR100/truck/data_batch_1_00067.png: 8.982 ms
/ultralytics/zoo/dataset/CIFAR100/truck/data_batch_1_00071.png: 8.775 ms
avg: 8.372 ms

[yolo11n-detect] dataset=/ultralytics/zoo/dataset/coco128/images/train2017 count=100 imgsz=640
/ultralytics/zoo/dataset/coco128/images/train2017/000000000009.jpg: 23.171 ms
/ultralytics/zoo/dataset/coco128/images/train2017/000000000025.jpg: 22.295 ms
/ultralytics/zoo/dataset/coco128/images/train2017/000000000030.jpg: 20.577 ms
/ultralytics/zoo/dataset/coco128/images/train2017/000000000034.jpg: 25.051 ms
/ultralytics/zoo/dataset/coco128/images/train2017/000000000036.jpg: 25.858 ms
/ultralytics/zoo/dataset/coco128/images/train2017/000000000042.jpg: 27.543 ms
/ultralytics/zoo/dataset/coco128/images/train2017/000000000049.jpg: 30.673 ms
/ultralytics/zoo/dataset/coco128/images/train2017/000000000061.jpg: 29.071 ms
/ultralytics/zoo/dataset/coco128/images/train2017/000000000064.jpg: 27.903 ms
/ultralytics/zoo/dataset/coco128/images/train2017/000000000071.jpg: 33.345 ms
/ultralytics/zoo/dataset/coco128/images/train2017/000000000072.jpg: 35.166 ms
/ultralytics/zoo/dataset/coco128/images/train2017/000000000073.jpg: 33.304 ms
/ultralytics/zoo/dataset/coco128/images/train2017/000000000074.jpg: 28.644 ms
/ultralytics/zoo/dataset/coco128/images/train2017/000000000077.jpg: 31.856 ms
/ultralytics/zoo/dataset/coco128/images/train2017/000000000078.jpg: 34.214 ms
/ultralytics/zoo/dataset/coco128/images/train2017/000000000081.jpg: 24.606 ms
/ultralytics/zoo/dataset/coco128/images/train2017/000000000086.jpg: 26.977 ms
/ultralytics/zoo/dataset/coco128/images/train2017/000000000089.jpg: 25.683 ms
/ultralytics/zoo/dataset/coco128/images/train2017/000000000092.jpg: 24.346 ms
/ultralytics/zoo/dataset/coco128/images/train2017/000000000094.jpg: 25.372 ms
/ultralytics/zoo/dataset/coco128/images/train2017/000000000109.jpg: 25.268 ms
/ultralytics/zoo/dataset/coco128/images/train2017/000000000110.jpg: 25.754 ms
/ultralytics/zoo/dataset/coco128/images/train2017/000000000113.jpg: 25.632 ms
/ultralytics/zoo/dataset/coco128/images/train2017/000000000127.jpg: 25.892 ms
/ultralytics/zoo/dataset/coco128/images/train2017/000000000133.jpg: 25.139 ms
/ultralytics/zoo/dataset/coco128/images/train2017/000000000136.jpg: 27.814 ms
/ultralytics/zoo/dataset/coco128/images/train2017/000000000138.jpg: 26.388 ms
/ultralytics/zoo/dataset/coco128/images/train2017/000000000142.jpg: 25.295 ms
/ultralytics/zoo/dataset/coco128/images/train2017/000000000143.jpg: 30.347 ms
/ultralytics/zoo/dataset/coco128/images/train2017/000000000144.jpg: 26.181 ms
/ultralytics/zoo/dataset/coco128/images/train2017/000000000149.jpg: 24.000 ms
/ultralytics/zoo/dataset/coco128/images/train2017/000000000151.jpg: 26.675 ms
/ultralytics/zoo/dataset/coco128/images/train2017/000000000154.jpg: 25.553 ms
/ultralytics/zoo/dataset/coco128/images/train2017/000000000164.jpg: 24.868 ms
/ultralytics/zoo/dataset/coco128/images/train2017/000000000165.jpg: 26.271 ms
/ultralytics/zoo/dataset/coco128/images/train2017/000000000192.jpg: 27.328 ms
/ultralytics/zoo/dataset/coco128/images/train2017/000000000194.jpg: 25.290 ms
/ultralytics/zoo/dataset/coco128/images/train2017/000000000196.jpg: 26.730 ms
/ultralytics/zoo/dataset/coco128/images/train2017/000000000201.jpg: 25.157 ms
/ultralytics/zoo/dataset/coco128/images/train2017/000000000208.jpg: 24.844 ms
/ultralytics/zoo/dataset/coco128/images/train2017/000000000241.jpg: 25.361 ms
/ultralytics/zoo/dataset/coco128/images/train2017/000000000247.jpg: 25.587 ms
/ultralytics/zoo/dataset/coco128/images/train2017/000000000250.jpg: 22.509 ms
/ultralytics/zoo/dataset/coco128/images/train2017/000000000257.jpg: 26.007 ms
/ultralytics/zoo/dataset/coco128/images/train2017/000000000260.jpg: 27.108 ms
/ultralytics/zoo/dataset/coco128/images/train2017/000000000263.jpg: 25.953 ms
/ultralytics/zoo/dataset/coco128/images/train2017/000000000283.jpg: 24.758 ms
/ultralytics/zoo/dataset/coco128/images/train2017/000000000294.jpg: 25.009 ms
/ultralytics/zoo/dataset/coco128/images/train2017/000000000307.jpg: 26.372 ms
/ultralytics/zoo/dataset/coco128/images/train2017/000000000308.jpg: 25.142 ms
/ultralytics/zoo/dataset/coco128/images/train2017/000000000309.jpg: 32.966 ms
/ultralytics/zoo/dataset/coco128/images/train2017/000000000312.jpg: 25.474 ms
/ultralytics/zoo/dataset/coco128/images/train2017/000000000315.jpg: 25.238 ms
/ultralytics/zoo/dataset/coco128/images/train2017/000000000321.jpg: 24.570 ms
/ultralytics/zoo/dataset/coco128/images/train2017/000000000322.jpg: 25.011 ms
/ultralytics/zoo/dataset/coco128/images/train2017/000000000326.jpg: 24.865 ms
/ultralytics/zoo/dataset/coco128/images/train2017/000000000328.jpg: 25.714 ms
/ultralytics/zoo/dataset/coco128/images/train2017/000000000332.jpg: 25.232 ms
/ultralytics/zoo/dataset/coco128/images/train2017/000000000338.jpg: 24.973 ms
/ultralytics/zoo/dataset/coco128/images/train2017/000000000349.jpg: 24.767 ms
/ultralytics/zoo/dataset/coco128/images/train2017/000000000357.jpg: 23.476 ms
/ultralytics/zoo/dataset/coco128/images/train2017/000000000359.jpg: 26.806 ms
/ultralytics/zoo/dataset/coco128/images/train2017/000000000360.jpg: 28.287 ms
/ultralytics/zoo/dataset/coco128/images/train2017/000000000368.jpg: 27.106 ms
/ultralytics/zoo/dataset/coco128/images/train2017/000000000370.jpg: 25.154 ms
/ultralytics/zoo/dataset/coco128/images/train2017/000000000382.jpg: 24.875 ms
/ultralytics/zoo/dataset/coco128/images/train2017/000000000384.jpg: 25.284 ms
/ultralytics/zoo/dataset/coco128/images/train2017/000000000387.jpg: 25.386 ms
/ultralytics/zoo/dataset/coco128/images/train2017/000000000389.jpg: 25.337 ms
/ultralytics/zoo/dataset/coco128/images/train2017/000000000394.jpg: 26.105 ms
/ultralytics/zoo/dataset/coco128/images/train2017/000000000395.jpg: 23.979 ms
/ultralytics/zoo/dataset/coco128/images/train2017/000000000397.jpg: 25.440 ms
/ultralytics/zoo/dataset/coco128/images/train2017/000000000400.jpg: 26.498 ms
/ultralytics/zoo/dataset/coco128/images/train2017/000000000404.jpg: 25.016 ms
/ultralytics/zoo/dataset/coco128/images/train2017/000000000415.jpg: 24.400 ms
/ultralytics/zoo/dataset/coco128/images/train2017/000000000419.jpg: 25.770 ms
/ultralytics/zoo/dataset/coco128/images/train2017/000000000428.jpg: 24.234 ms
/ultralytics/zoo/dataset/coco128/images/train2017/000000000431.jpg: 24.687 ms
/ultralytics/zoo/dataset/coco128/images/train2017/000000000436.jpg: 24.670 ms
/ultralytics/zoo/dataset/coco128/images/train2017/000000000438.jpg: 25.765 ms
/ultralytics/zoo/dataset/coco128/images/train2017/000000000443.jpg: 25.430 ms
/ultralytics/zoo/dataset/coco128/images/train2017/000000000446.jpg: 26.375 ms
/ultralytics/zoo/dataset/coco128/images/train2017/000000000450.jpg: 26.077 ms
/ultralytics/zoo/dataset/coco128/images/train2017/000000000459.jpg: 25.590 ms
/ultralytics/zoo/dataset/coco128/images/train2017/000000000471.jpg: 24.588 ms
/ultralytics/zoo/dataset/coco128/images/train2017/000000000472.jpg: 23.096 ms
/ultralytics/zoo/dataset/coco128/images/train2017/000000000474.jpg: 28.104 ms
/ultralytics/zoo/dataset/coco128/images/train2017/000000000486.jpg: 25.569 ms
/ultralytics/zoo/dataset/coco128/images/train2017/000000000488.jpg: 25.165 ms
/ultralytics/zoo/dataset/coco128/images/train2017/000000000490.jpg: 29.731 ms
/ultralytics/zoo/dataset/coco128/images/train2017/000000000491.jpg: 27.489 ms
/ultralytics/zoo/dataset/coco128/images/train2017/000000000502.jpg: 25.486 ms
/ultralytics/zoo/dataset/coco128/images/train2017/000000000508.jpg: 22.931 ms
/ultralytics/zoo/dataset/coco128/images/train2017/000000000510.jpg: 25.403 ms
/ultralytics/zoo/dataset/coco128/images/train2017/000000000514.jpg: 25.464 ms
/ultralytics/zoo/dataset/coco128/images/train2017/000000000520.jpg: 25.501 ms
/ultralytics/zoo/dataset/coco128/images/train2017/000000000529.jpg: 27.129 ms
/ultralytics/zoo/dataset/coco128/images/train2017/000000000531.jpg: 25.153 ms
/ultralytics/zoo/dataset/coco128/images/train2017/000000000532.jpg: 26.029 ms
/ultralytics/zoo/dataset/coco128/images/train2017/000000000536.jpg: 27.534 ms
avg: 26.148 ms

[yolo11n-pose] dataset=/ultralytics/zoo/dataset/coco128/images/train2017 count=100 imgsz=640
/ultralytics/zoo/dataset/coco128/images/train2017/000000000009.jpg: 21.664 ms
/ultralytics/zoo/dataset/coco128/images/train2017/000000000025.jpg: 23.917 ms
/ultralytics/zoo/dataset/coco128/images/train2017/000000000030.jpg: 25.786 ms
/ultralytics/zoo/dataset/coco128/images/train2017/000000000034.jpg: 25.200 ms
/ultralytics/zoo/dataset/coco128/images/train2017/000000000036.jpg: 27.506 ms
/ultralytics/zoo/dataset/coco128/images/train2017/000000000042.jpg: 24.007 ms
/ultralytics/zoo/dataset/coco128/images/train2017/000000000049.jpg: 29.981 ms
/ultralytics/zoo/dataset/coco128/images/train2017/000000000061.jpg: 28.432 ms
/ultralytics/zoo/dataset/coco128/images/train2017/000000000064.jpg: 24.326 ms
/ultralytics/zoo/dataset/coco128/images/train2017/000000000071.jpg: 23.740 ms
/ultralytics/zoo/dataset/coco128/images/train2017/000000000072.jpg: 24.975 ms
/ultralytics/zoo/dataset/coco128/images/train2017/000000000073.jpg: 26.799 ms
/ultralytics/zoo/dataset/coco128/images/train2017/000000000074.jpg: 24.068 ms
/ultralytics/zoo/dataset/coco128/images/train2017/000000000077.jpg: 30.112 ms
/ultralytics/zoo/dataset/coco128/images/train2017/000000000078.jpg: 31.448 ms
/ultralytics/zoo/dataset/coco128/images/train2017/000000000081.jpg: 23.038 ms
/ultralytics/zoo/dataset/coco128/images/train2017/000000000086.jpg: 27.216 ms
/ultralytics/zoo/dataset/coco128/images/train2017/000000000089.jpg: 26.752 ms
/ultralytics/zoo/dataset/coco128/images/train2017/000000000092.jpg: 23.451 ms
/ultralytics/zoo/dataset/coco128/images/train2017/000000000094.jpg: 24.813 ms
/ultralytics/zoo/dataset/coco128/images/train2017/000000000109.jpg: 24.696 ms
/ultralytics/zoo/dataset/coco128/images/train2017/000000000110.jpg: 27.767 ms
/ultralytics/zoo/dataset/coco128/images/train2017/000000000113.jpg: 27.562 ms
/ultralytics/zoo/dataset/coco128/images/train2017/000000000127.jpg: 25.127 ms
/ultralytics/zoo/dataset/coco128/images/train2017/000000000133.jpg: 24.822 ms
/ultralytics/zoo/dataset/coco128/images/train2017/000000000136.jpg: 30.918 ms
/ultralytics/zoo/dataset/coco128/images/train2017/000000000138.jpg: 28.857 ms
/ultralytics/zoo/dataset/coco128/images/train2017/000000000142.jpg: 24.347 ms
/ultralytics/zoo/dataset/coco128/images/train2017/000000000143.jpg: 29.994 ms
/ultralytics/zoo/dataset/coco128/images/train2017/000000000144.jpg: 28.686 ms
/ultralytics/zoo/dataset/coco128/images/train2017/000000000149.jpg: 23.642 ms
/ultralytics/zoo/dataset/coco128/images/train2017/000000000151.jpg: 28.536 ms
/ultralytics/zoo/dataset/coco128/images/train2017/000000000154.jpg: 24.943 ms
/ultralytics/zoo/dataset/coco128/images/train2017/000000000164.jpg: 22.330 ms
/ultralytics/zoo/dataset/coco128/images/train2017/000000000165.jpg: 27.184 ms
/ultralytics/zoo/dataset/coco128/images/train2017/000000000192.jpg: 27.476 ms
/ultralytics/zoo/dataset/coco128/images/train2017/000000000194.jpg: 24.468 ms
/ultralytics/zoo/dataset/coco128/images/train2017/000000000196.jpg: 24.835 ms
/ultralytics/zoo/dataset/coco128/images/train2017/000000000201.jpg: 24.393 ms
/ultralytics/zoo/dataset/coco128/images/train2017/000000000208.jpg: 27.204 ms
/ultralytics/zoo/dataset/coco128/images/train2017/000000000241.jpg: 27.837 ms
/ultralytics/zoo/dataset/coco128/images/train2017/000000000247.jpg: 24.484 ms
/ultralytics/zoo/dataset/coco128/images/train2017/000000000250.jpg: 24.759 ms
/ultralytics/zoo/dataset/coco128/images/train2017/000000000257.jpg: 27.771 ms
/ultralytics/zoo/dataset/coco128/images/train2017/000000000260.jpg: 30.001 ms
/ultralytics/zoo/dataset/coco128/images/train2017/000000000263.jpg: 25.436 ms
/ultralytics/zoo/dataset/coco128/images/train2017/000000000283.jpg: 23.972 ms
/ultralytics/zoo/dataset/coco128/images/train2017/000000000294.jpg: 26.827 ms
/ultralytics/zoo/dataset/coco128/images/train2017/000000000307.jpg: 25.789 ms
/ultralytics/zoo/dataset/coco128/images/train2017/000000000308.jpg: 27.100 ms
/ultralytics/zoo/dataset/coco128/images/train2017/000000000309.jpg: 32.914 ms
/ultralytics/zoo/dataset/coco128/images/train2017/000000000312.jpg: 24.640 ms
/ultralytics/zoo/dataset/coco128/images/train2017/000000000315.jpg: 26.955 ms
/ultralytics/zoo/dataset/coco128/images/train2017/000000000321.jpg: 24.470 ms
/ultralytics/zoo/dataset/coco128/images/train2017/000000000322.jpg: 26.695 ms
/ultralytics/zoo/dataset/coco128/images/train2017/000000000326.jpg: 26.085 ms
/ultralytics/zoo/dataset/coco128/images/train2017/000000000328.jpg: 28.076 ms
/ultralytics/zoo/dataset/coco128/images/train2017/000000000332.jpg: 24.874 ms
/ultralytics/zoo/dataset/coco128/images/train2017/000000000338.jpg: 26.364 ms
/ultralytics/zoo/dataset/coco128/images/train2017/000000000349.jpg: 24.313 ms
/ultralytics/zoo/dataset/coco128/images/train2017/000000000357.jpg: 26.297 ms
/ultralytics/zoo/dataset/coco128/images/train2017/000000000359.jpg: 27.364 ms
/ultralytics/zoo/dataset/coco128/images/train2017/000000000360.jpg: 28.436 ms
/ultralytics/zoo/dataset/coco128/images/train2017/000000000368.jpg: 29.563 ms
/ultralytics/zoo/dataset/coco128/images/train2017/000000000370.jpg: 27.230 ms
/ultralytics/zoo/dataset/coco128/images/train2017/000000000382.jpg: 27.286 ms
/ultralytics/zoo/dataset/coco128/images/train2017/000000000384.jpg: 24.704 ms
/ultralytics/zoo/dataset/coco128/images/train2017/000000000387.jpg: 27.605 ms
/ultralytics/zoo/dataset/coco128/images/train2017/000000000389.jpg: 27.743 ms
/ultralytics/zoo/dataset/coco128/images/train2017/000000000394.jpg: 26.679 ms
/ultralytics/zoo/dataset/coco128/images/train2017/000000000395.jpg: 27.854 ms
/ultralytics/zoo/dataset/coco128/images/train2017/000000000397.jpg: 27.627 ms
/ultralytics/zoo/dataset/coco128/images/train2017/000000000400.jpg: 25.504 ms
/ultralytics/zoo/dataset/coco128/images/train2017/000000000404.jpg: 24.081 ms
/ultralytics/zoo/dataset/coco128/images/train2017/000000000415.jpg: 26.834 ms
/ultralytics/zoo/dataset/coco128/images/train2017/000000000419.jpg: 28.238 ms
/ultralytics/zoo/dataset/coco128/images/train2017/000000000428.jpg: 25.835 ms
/ultralytics/zoo/dataset/coco128/images/train2017/000000000431.jpg: 26.900 ms
/ultralytics/zoo/dataset/coco128/images/train2017/000000000436.jpg: 27.201 ms
/ultralytics/zoo/dataset/coco128/images/train2017/000000000438.jpg: 25.100 ms
/ultralytics/zoo/dataset/coco128/images/train2017/000000000443.jpg: 25.162 ms
/ultralytics/zoo/dataset/coco128/images/train2017/000000000446.jpg: 27.781 ms
/ultralytics/zoo/dataset/coco128/images/train2017/000000000450.jpg: 25.093 ms
/ultralytics/zoo/dataset/coco128/images/train2017/000000000459.jpg: 27.442 ms
/ultralytics/zoo/dataset/coco128/images/train2017/000000000471.jpg: 23.640 ms
/ultralytics/zoo/dataset/coco128/images/train2017/000000000472.jpg: 21.336 ms
/ultralytics/zoo/dataset/coco128/images/train2017/000000000474.jpg: 27.270 ms
/ultralytics/zoo/dataset/coco128/images/train2017/000000000486.jpg: 22.687 ms
/ultralytics/zoo/dataset/coco128/images/train2017/000000000488.jpg: 27.182 ms
/ultralytics/zoo/dataset/coco128/images/train2017/000000000490.jpg: 29.027 ms
/ultralytics/zoo/dataset/coco128/images/train2017/000000000491.jpg: 25.836 ms
/ultralytics/zoo/dataset/coco128/images/train2017/000000000502.jpg: 25.100 ms
/ultralytics/zoo/dataset/coco128/images/train2017/000000000508.jpg: 24.203 ms
/ultralytics/zoo/dataset/coco128/images/train2017/000000000510.jpg: 28.280 ms
/ultralytics/zoo/dataset/coco128/images/train2017/000000000514.jpg: 24.225 ms
/ultralytics/zoo/dataset/coco128/images/train2017/000000000520.jpg: 24.819 ms
/ultralytics/zoo/dataset/coco128/images/train2017/000000000529.jpg: 28.017 ms
/ultralytics/zoo/dataset/coco128/images/train2017/000000000531.jpg: 26.729 ms
/ultralytics/zoo/dataset/coco128/images/train2017/000000000532.jpg: 26.580 ms
/ultralytics/zoo/dataset/coco128/images/train2017/000000000536.jpg: 26.580 ms
avg: 26.295 ms

[yolo11n-seg] dataset=/ultralytics/zoo/dataset/coco128/images/train2017 count=100 imgsz=640
/ultralytics/zoo/dataset/coco128/images/train2017/000000000009.jpg: 27.572 ms
/ultralytics/zoo/dataset/coco128/images/train2017/000000000025.jpg: 25.755 ms
/ultralytics/zoo/dataset/coco128/images/train2017/000000000030.jpg: 27.635 ms
/ultralytics/zoo/dataset/coco128/images/train2017/000000000034.jpg: 33.792 ms
/ultralytics/zoo/dataset/coco128/images/train2017/000000000036.jpg: 31.851 ms
/ultralytics/zoo/dataset/coco128/images/train2017/000000000042.jpg: 28.787 ms
/ultralytics/zoo/dataset/coco128/images/train2017/000000000049.jpg: 41.471 ms
/ultralytics/zoo/dataset/coco128/images/train2017/000000000061.jpg: 34.495 ms
/ultralytics/zoo/dataset/coco128/images/train2017/000000000064.jpg: 31.883 ms
/ultralytics/zoo/dataset/coco128/images/train2017/000000000071.jpg: 29.855 ms
/ultralytics/zoo/dataset/coco128/images/train2017/000000000072.jpg: 30.971 ms
/ultralytics/zoo/dataset/coco128/images/train2017/000000000073.jpg: 32.001 ms
/ultralytics/zoo/dataset/coco128/images/train2017/000000000074.jpg: 32.627 ms
/ultralytics/zoo/dataset/coco128/images/train2017/000000000077.jpg: 35.803 ms
/ultralytics/zoo/dataset/coco128/images/train2017/000000000078.jpg: 39.276 ms
/ultralytics/zoo/dataset/coco128/images/train2017/000000000081.jpg: 28.890 ms
/ultralytics/zoo/dataset/coco128/images/train2017/000000000086.jpg: 30.261 ms
/ultralytics/zoo/dataset/coco128/images/train2017/000000000089.jpg: 32.433 ms
/ultralytics/zoo/dataset/coco128/images/train2017/000000000092.jpg: 29.734 ms
/ultralytics/zoo/dataset/coco128/images/train2017/000000000094.jpg: 30.604 ms
/ultralytics/zoo/dataset/coco128/images/train2017/000000000109.jpg: 33.597 ms
/ultralytics/zoo/dataset/coco128/images/train2017/000000000110.jpg: 40.589 ms
/ultralytics/zoo/dataset/coco128/images/train2017/000000000113.jpg: 35.023 ms
/ultralytics/zoo/dataset/coco128/images/train2017/000000000127.jpg: 33.660 ms
/ultralytics/zoo/dataset/coco128/images/train2017/000000000133.jpg: 31.760 ms
/ultralytics/zoo/dataset/coco128/images/train2017/000000000136.jpg: 34.976 ms
/ultralytics/zoo/dataset/coco128/images/train2017/000000000138.jpg: 35.149 ms
/ultralytics/zoo/dataset/coco128/images/train2017/000000000142.jpg: 33.407 ms
/ultralytics/zoo/dataset/coco128/images/train2017/000000000143.jpg: 40.699 ms
/ultralytics/zoo/dataset/coco128/images/train2017/000000000144.jpg: 34.818 ms
/ultralytics/zoo/dataset/coco128/images/train2017/000000000149.jpg: 35.002 ms
/ultralytics/zoo/dataset/coco128/images/train2017/000000000151.jpg: 34.869 ms
/ultralytics/zoo/dataset/coco128/images/train2017/000000000154.jpg: 32.176 ms
/ultralytics/zoo/dataset/coco128/images/train2017/000000000164.jpg: 31.955 ms
/ultralytics/zoo/dataset/coco128/images/train2017/000000000165.jpg: 32.146 ms
/ultralytics/zoo/dataset/coco128/images/train2017/000000000192.jpg: 32.063 ms
/ultralytics/zoo/dataset/coco128/images/train2017/000000000194.jpg: 31.615 ms
/ultralytics/zoo/dataset/coco128/images/train2017/000000000196.jpg: 44.082 ms
/ultralytics/zoo/dataset/coco128/images/train2017/000000000201.jpg: 32.462 ms
/ultralytics/zoo/dataset/coco128/images/train2017/000000000208.jpg: 32.358 ms
/ultralytics/zoo/dataset/coco128/images/train2017/000000000241.jpg: 35.069 ms
/ultralytics/zoo/dataset/coco128/images/train2017/000000000247.jpg: 31.511 ms
/ultralytics/zoo/dataset/coco128/images/train2017/000000000250.jpg: 25.887 ms
/ultralytics/zoo/dataset/coco128/images/train2017/000000000257.jpg: 39.422 ms
/ultralytics/zoo/dataset/coco128/images/train2017/000000000260.jpg: 36.666 ms
/ultralytics/zoo/dataset/coco128/images/train2017/000000000263.jpg: 33.194 ms
/ultralytics/zoo/dataset/coco128/images/train2017/000000000283.jpg: 32.553 ms
/ultralytics/zoo/dataset/coco128/images/train2017/000000000294.jpg: 32.877 ms
/ultralytics/zoo/dataset/coco128/images/train2017/000000000307.jpg: 33.997 ms
/ultralytics/zoo/dataset/coco128/images/train2017/000000000308.jpg: 36.066 ms
/ultralytics/zoo/dataset/coco128/images/train2017/000000000309.jpg: 41.115 ms
/ultralytics/zoo/dataset/coco128/images/train2017/000000000312.jpg: 33.144 ms
/ultralytics/zoo/dataset/coco128/images/train2017/000000000315.jpg: 38.951 ms
/ultralytics/zoo/dataset/coco128/images/train2017/000000000321.jpg: 32.382 ms
/ultralytics/zoo/dataset/coco128/images/train2017/000000000322.jpg: 31.536 ms
/ultralytics/zoo/dataset/coco128/images/train2017/000000000326.jpg: 30.653 ms
/ultralytics/zoo/dataset/coco128/images/train2017/000000000328.jpg: 32.962 ms
/ultralytics/zoo/dataset/coco128/images/train2017/000000000332.jpg: 34.777 ms
/ultralytics/zoo/dataset/coco128/images/train2017/000000000338.jpg: 31.896 ms
/ultralytics/zoo/dataset/coco128/images/train2017/000000000349.jpg: 31.580 ms
/ultralytics/zoo/dataset/coco128/images/train2017/000000000357.jpg: 32.122 ms
/ultralytics/zoo/dataset/coco128/images/train2017/000000000359.jpg: 35.335 ms
/ultralytics/zoo/dataset/coco128/images/train2017/000000000360.jpg: 35.003 ms
/ultralytics/zoo/dataset/coco128/images/train2017/000000000368.jpg: 37.325 ms
/ultralytics/zoo/dataset/coco128/images/train2017/000000000370.jpg: 31.667 ms
/ultralytics/zoo/dataset/coco128/images/train2017/000000000382.jpg: 31.173 ms
/ultralytics/zoo/dataset/coco128/images/train2017/000000000384.jpg: 33.649 ms
/ultralytics/zoo/dataset/coco128/images/train2017/000000000387.jpg: 32.364 ms
/ultralytics/zoo/dataset/coco128/images/train2017/000000000389.jpg: 35.436 ms
/ultralytics/zoo/dataset/coco128/images/train2017/000000000394.jpg: 33.759 ms
/ultralytics/zoo/dataset/coco128/images/train2017/000000000395.jpg: 34.803 ms
/ultralytics/zoo/dataset/coco128/images/train2017/000000000397.jpg: 32.601 ms
/ultralytics/zoo/dataset/coco128/images/train2017/000000000400.jpg: 33.528 ms
/ultralytics/zoo/dataset/coco128/images/train2017/000000000404.jpg: 31.106 ms
/ultralytics/zoo/dataset/coco128/images/train2017/000000000415.jpg: 30.330 ms
/ultralytics/zoo/dataset/coco128/images/train2017/000000000419.jpg: 31.752 ms
/ultralytics/zoo/dataset/coco128/images/train2017/000000000428.jpg: 29.623 ms
/ultralytics/zoo/dataset/coco128/images/train2017/000000000431.jpg: 30.689 ms
/ultralytics/zoo/dataset/coco128/images/train2017/000000000436.jpg: 30.557 ms
/ultralytics/zoo/dataset/coco128/images/train2017/000000000438.jpg: 39.991 ms
/ultralytics/zoo/dataset/coco128/images/train2017/000000000443.jpg: 34.354 ms
/ultralytics/zoo/dataset/coco128/images/train2017/000000000446.jpg: 33.339 ms
/ultralytics/zoo/dataset/coco128/images/train2017/000000000450.jpg: 36.516 ms
/ultralytics/zoo/dataset/coco128/images/train2017/000000000459.jpg: 33.474 ms
/ultralytics/zoo/dataset/coco128/images/train2017/000000000471.jpg: 32.741 ms
/ultralytics/zoo/dataset/coco128/images/train2017/000000000472.jpg: 30.077 ms
/ultralytics/zoo/dataset/coco128/images/train2017/000000000474.jpg: 35.048 ms
/ultralytics/zoo/dataset/coco128/images/train2017/000000000486.jpg: 32.350 ms
/ultralytics/zoo/dataset/coco128/images/train2017/000000000488.jpg: 33.027 ms
/ultralytics/zoo/dataset/coco128/images/train2017/000000000490.jpg: 36.928 ms
/ultralytics/zoo/dataset/coco128/images/train2017/000000000491.jpg: 33.403 ms
/ultralytics/zoo/dataset/coco128/images/train2017/000000000502.jpg: 31.979 ms
/ultralytics/zoo/dataset/coco128/images/train2017/000000000508.jpg: 25.876 ms
/ultralytics/zoo/dataset/coco128/images/train2017/000000000510.jpg: 31.534 ms
/ultralytics/zoo/dataset/coco128/images/train2017/000000000514.jpg: 31.079 ms
/ultralytics/zoo/dataset/coco128/images/train2017/000000000520.jpg: 32.779 ms
/ultralytics/zoo/dataset/coco128/images/train2017/000000000529.jpg: 31.589 ms
/ultralytics/zoo/dataset/coco128/images/train2017/000000000531.jpg: 34.055 ms
/ultralytics/zoo/dataset/coco128/images/train2017/000000000532.jpg: 32.837 ms
/ultralytics/zoo/dataset/coco128/images/train2017/000000000536.jpg: 33.170 ms
avg: 33.233 ms

[yolo11n-obb] dataset=/ultralytics/zoo/dataset/DOTA100/images count=100 imgsz=640
/ultralytics/zoo/dataset/DOTA100/images/train/000000000025.jpg: 26.449 ms
/ultralytics/zoo/dataset/DOTA100/images/train/000000000034.jpg: 20.533 ms
/ultralytics/zoo/dataset/DOTA100/images/train/000000000036.jpg: 19.737 ms
/ultralytics/zoo/dataset/DOTA100/images/train/000000000042.jpg: 25.299 ms
/ultralytics/zoo/dataset/DOTA100/images/train/000000000064.jpg: 27.237 ms
/ultralytics/zoo/dataset/DOTA100/images/train/000000000071.jpg: 27.654 ms
/ultralytics/zoo/dataset/DOTA100/images/train/000000000073.jpg: 24.164 ms
/ultralytics/zoo/dataset/DOTA100/images/train/000000000074.jpg: 27.707 ms
/ultralytics/zoo/dataset/DOTA100/images/train/000000000078.jpg: 34.114 ms
/ultralytics/zoo/dataset/DOTA100/images/train/000000000089.jpg: 21.652 ms
/ultralytics/zoo/dataset/DOTA100/images/train/000000000094.jpg: 22.047 ms
/ultralytics/zoo/dataset/DOTA100/images/train/000000000110.jpg: 23.503 ms
/ultralytics/zoo/dataset/DOTA100/images/train/000000000136.jpg: 26.018 ms
/ultralytics/zoo/dataset/DOTA100/images/train/000000000138.jpg: 24.136 ms
/ultralytics/zoo/dataset/DOTA100/images/train/000000000142.jpg: 30.437 ms
/ultralytics/zoo/dataset/DOTA100/images/train/000000000143.jpg: 28.359 ms
/ultralytics/zoo/dataset/DOTA100/images/train/000000000151.jpg: 24.559 ms
/ultralytics/zoo/dataset/DOTA100/images/train/000000000154.jpg: 23.204 ms
/ultralytics/zoo/dataset/DOTA100/images/train/000000000164.jpg: 23.071 ms
/ultralytics/zoo/dataset/DOTA100/images/train/000000000196.jpg: 31.782 ms
/ultralytics/zoo/dataset/DOTA100/images/train/000000000208.jpg: 23.296 ms
/ultralytics/zoo/dataset/DOTA100/images/train/000000000241.jpg: 30.901 ms
/ultralytics/zoo/dataset/DOTA100/images/train/000000000247.jpg: 23.325 ms
/ultralytics/zoo/dataset/DOTA100/images/train/000000000260.jpg: 25.592 ms
/ultralytics/zoo/dataset/DOTA100/images/train/000000000294.jpg: 30.714 ms
/ultralytics/zoo/dataset/DOTA100/images/train/000000000308.jpg: 23.407 ms
/ultralytics/zoo/dataset/DOTA100/images/train/000000000309.jpg: 30.809 ms
/ultralytics/zoo/dataset/DOTA100/images/train/000000000312.jpg: 24.102 ms
/ultralytics/zoo/dataset/DOTA100/images/train/000000000321.jpg: 24.018 ms
/ultralytics/zoo/dataset/DOTA100/images/train/000000000322.jpg: 31.218 ms
/ultralytics/zoo/dataset/DOTA100/images/train/000000000326.jpg: 22.698 ms
/ultralytics/zoo/dataset/DOTA100/images/train/000000000328.jpg: 31.506 ms
/ultralytics/zoo/dataset/DOTA100/images/train/000000000338.jpg: 22.928 ms
/ultralytics/zoo/dataset/DOTA100/images/train/000000000357.jpg: 21.906 ms
/ultralytics/zoo/dataset/DOTA100/images/train/000000000360.jpg: 27.353 ms
/ultralytics/zoo/dataset/DOTA100/images/train/000000000368.jpg: 26.115 ms
/ultralytics/zoo/dataset/DOTA100/images/train/000000000382.jpg: 23.486 ms
/ultralytics/zoo/dataset/DOTA100/images/train/000000000387.jpg: 31.727 ms
/ultralytics/zoo/dataset/DOTA100/images/train/000000000389.jpg: 32.028 ms
/ultralytics/zoo/dataset/DOTA100/images/train/000000000395.jpg: 24.325 ms
/ultralytics/zoo/dataset/DOTA100/images/train/000000000400.jpg: 25.025 ms
/ultralytics/zoo/dataset/DOTA100/images/train/000000000404.jpg: 23.265 ms
/ultralytics/zoo/dataset/DOTA100/images/train/000000000415.jpg: 31.252 ms
/ultralytics/zoo/dataset/DOTA100/images/train/000000000419.jpg: 24.328 ms
/ultralytics/zoo/dataset/DOTA100/images/train/000000000431.jpg: 23.208 ms
/ultralytics/zoo/dataset/DOTA100/images/train/000000000436.jpg: 23.241 ms
/ultralytics/zoo/dataset/DOTA100/images/train/000000000438.jpg: 31.652 ms
/ultralytics/zoo/dataset/DOTA100/images/train/000000000443.jpg: 23.662 ms
/ultralytics/zoo/dataset/DOTA100/images/train/000000000450.jpg: 23.701 ms
/ultralytics/zoo/dataset/DOTA100/images/train/000000000459.jpg: 31.562 ms
/ultralytics/zoo/dataset/DOTA100/images/train/000000000471.jpg: 23.335 ms
/ultralytics/zoo/dataset/DOTA100/images/train/000000000472.jpg: 21.350 ms
/ultralytics/zoo/dataset/DOTA100/images/train/000000000488.jpg: 23.587 ms
/ultralytics/zoo/dataset/DOTA100/images/train/000000000491.jpg: 30.258 ms
/ultralytics/zoo/dataset/DOTA100/images/train/000000000502.jpg: 24.898 ms
/ultralytics/zoo/dataset/DOTA100/images/train/000000000508.jpg: 23.337 ms
/ultralytics/zoo/dataset/DOTA100/images/train/000000000520.jpg: 31.864 ms
/ultralytics/zoo/dataset/DOTA100/images/train/000000000529.jpg: 24.200 ms
/ultralytics/zoo/dataset/DOTA100/images/train/000000000531.jpg: 23.403 ms
/ultralytics/zoo/dataset/DOTA100/images/train/000000000540.jpg: 32.016 ms
/ultralytics/zoo/dataset/DOTA100/images/train/000000000544.jpg: 32.130 ms
/ultralytics/zoo/dataset/DOTA100/images/train/000000000560.jpg: 34.105 ms
/ultralytics/zoo/dataset/DOTA100/images/train/000000000562.jpg: 22.985 ms
/ultralytics/zoo/dataset/DOTA100/images/train/000000000564.jpg: 30.816 ms
/ultralytics/zoo/dataset/DOTA100/images/train/000000000572.jpg: 23.491 ms
/ultralytics/zoo/dataset/DOTA100/images/train/000000000575.jpg: 26.471 ms
/ultralytics/zoo/dataset/DOTA100/images/train/000000000581.jpg: 27.351 ms
/ultralytics/zoo/dataset/DOTA100/images/train/000000000584.jpg: 22.343 ms
/ultralytics/zoo/dataset/DOTA100/images/train/000000000590.jpg: 28.441 ms
/ultralytics/zoo/dataset/DOTA100/images/train/000000000595.jpg: 25.431 ms
/ultralytics/zoo/dataset/DOTA100/images/train/000000000597.jpg: 22.306 ms
/ultralytics/zoo/dataset/DOTA100/images/train/000000000599.jpg: 30.632 ms
/ultralytics/zoo/dataset/DOTA100/images/train/000000000620.jpg: 23.249 ms
/ultralytics/zoo/dataset/DOTA100/images/train/000000000625.jpg: 21.828 ms
/ultralytics/zoo/dataset/DOTA100/images/train/000000000626.jpg: 28.936 ms
/ultralytics/zoo/dataset/DOTA100/images/train/000000000629.jpg: 24.252 ms
/ultralytics/zoo/dataset/DOTA100/images/train/000000000636.jpg: 31.262 ms
/ultralytics/zoo/dataset/DOTA100/images/train/000000000641.jpg: 23.573 ms
/ultralytics/zoo/dataset/DOTA100/images/train/000000000643.jpg: 32.989 ms
/ultralytics/zoo/dataset/DOTA100/images/train/000000000650.jpg: 22.850 ms
/ultralytics/zoo/dataset/DOTA100/images/val/000000000009.jpg: 24.732 ms
/ultralytics/zoo/dataset/DOTA100/images/val/000000000049.jpg: 26.957 ms
/ultralytics/zoo/dataset/DOTA100/images/val/000000000077.jpg: 26.995 ms
/ultralytics/zoo/dataset/DOTA100/images/val/000000000133.jpg: 23.508 ms
/ultralytics/zoo/dataset/DOTA100/images/val/000000000144.jpg: 32.720 ms
/ultralytics/zoo/dataset/DOTA100/images/val/000000000201.jpg: 30.501 ms
/ultralytics/zoo/dataset/DOTA100/images/val/000000000263.jpg: 24.530 ms
/ultralytics/zoo/dataset/DOTA100/images/val/000000000315.jpg: 23.266 ms
/ultralytics/zoo/dataset/DOTA100/images/val/000000000332.jpg: 23.777 ms
/ultralytics/zoo/dataset/DOTA100/images/val/000000000370.jpg: 23.748 ms
/ultralytics/zoo/dataset/DOTA100/images/val/000000000397.jpg: 31.808 ms
/ultralytics/zoo/dataset/DOTA100/images/val/000000000428.jpg: 22.555 ms
/ultralytics/zoo/dataset/DOTA100/images/val/000000000446.jpg: 23.734 ms
/ultralytics/zoo/dataset/DOTA100/images/val/000000000474.jpg: 26.098 ms
/ultralytics/zoo/dataset/DOTA100/images/val/000000000510.jpg: 31.358 ms
/ultralytics/zoo/dataset/DOTA100/images/val/000000000542.jpg: 23.599 ms
/ultralytics/zoo/dataset/DOTA100/images/val/000000000569.jpg: 23.576 ms
/ultralytics/zoo/dataset/DOTA100/images/val/000000000589.jpg: 24.463 ms
/ultralytics/zoo/dataset/DOTA100/images/val/000000000612.jpg: 32.824 ms
/ultralytics/zoo/dataset/DOTA100/images/val/000000000634.jpg: 23.750 ms
avg: 26.222 ms
