[yolo11n-obb] dataset=/ultralytics/zoo/dataset/DOTA100/images count=100 imgsz=640
Using CUDA runtime cudaDeviceSynchronize() for accurate TensorRT synchronization
/ultralytics/zoo/dataset/DOTA100/images/train/000000000025.jpg: 33.788 ms
/ultralytics/zoo/dataset/DOTA100/images/train/000000000034.jpg: 22.902 ms
/ultralytics/zoo/dataset/DOTA100/images/train/000000000036.jpg: 17.858 ms
/ultralytics/zoo/dataset/DOTA100/images/train/000000000042.jpg: 37.804 ms
/ultralytics/zoo/dataset/DOTA100/images/train/000000000064.jpg: 46.976 ms
/ultralytics/zoo/dataset/DOTA100/images/train/000000000071.jpg: 28.949 ms
/ultralytics/zoo/dataset/DOTA100/images/train/000000000073.jpg: 35.409 ms
/ultralytics/zoo/dataset/DOTA100/images/train/000000000074.jpg: 30.195 ms
/ultralytics/zoo/dataset/DOTA100/images/train/000000000078.jpg: 40.564 ms
/ultralytics/zoo/dataset/DOTA100/images/train/000000000089.jpg: 17.255 ms
/ultralytics/zoo/dataset/DOTA100/images/train/000000000094.jpg: 19.726 ms
/ultralytics/zoo/dataset/DOTA100/images/train/000000000110.jpg: 29.877 ms
/ultralytics/zoo/dataset/DOTA100/images/train/000000000136.jpg: 25.813 ms
/ultralytics/zoo/dataset/DOTA100/images/train/000000000138.jpg: 17.997 ms
/ultralytics/zoo/dataset/DOTA100/images/train/000000000142.jpg: 34.280 ms
/ultralytics/zoo/dataset/DOTA100/images/train/000000000143.jpg: 35.108 ms
/ultralytics/zoo/dataset/DOTA100/images/train/000000000151.jpg: 23.076 ms
/ultralytics/zoo/dataset/DOTA100/images/train/000000000154.jpg: 22.818 ms
/ultralytics/zoo/dataset/DOTA100/images/train/000000000164.jpg: 27.253 ms
/ultralytics/zoo/dataset/DOTA100/images/train/000000000196.jpg: 24.019 ms
/ultralytics/zoo/dataset/DOTA100/images/train/000000000208.jpg: 17.820 ms
/ultralytics/zoo/dataset/DOTA100/images/train/000000000241.jpg: 36.128 ms
/ultralytics/zoo/dataset/DOTA100/images/train/000000000247.jpg: 17.831 ms
/ultralytics/zoo/dataset/DOTA100/images/train/000000000260.jpg: 31.720 ms
/ultralytics/zoo/dataset/DOTA100/images/train/000000000294.jpg: 27.510 ms
/ultralytics/zoo/dataset/DOTA100/images/train/000000000308.jpg: 25.445 ms
/ultralytics/zoo/dataset/DOTA100/images/train/000000000309.jpg: 30.754 ms
/ultralytics/zoo/dataset/DOTA100/images/train/000000000312.jpg: 19.151 ms
/ultralytics/zoo/dataset/DOTA100/images/train/000000000321.jpg: 26.235 ms
/ultralytics/zoo/dataset/DOTA100/images/train/000000000322.jpg: 28.535 ms
/ultralytics/zoo/dataset/DOTA100/images/train/000000000326.jpg: 20.814 ms
/ultralytics/zoo/dataset/DOTA100/images/train/000000000328.jpg: 29.450 ms
/ultralytics/zoo/dataset/DOTA100/images/train/000000000338.jpg: 21.553 ms
/ultralytics/zoo/dataset/DOTA100/images/train/000000000357.jpg: 15.183 ms
/ultralytics/zoo/dataset/DOTA100/images/train/000000000360.jpg: 22.510 ms
/ultralytics/zoo/dataset/DOTA100/images/train/000000000368.jpg: 33.144 ms
/ultralytics/zoo/dataset/DOTA100/images/train/000000000382.jpg: 20.493 ms
/ultralytics/zoo/dataset/DOTA100/images/train/000000000387.jpg: 24.610 ms
/ultralytics/zoo/dataset/DOTA100/images/train/000000000389.jpg: 34.490 ms
/ultralytics/zoo/dataset/DOTA100/images/train/000000000395.jpg: 22.473 ms
/ultralytics/zoo/dataset/DOTA100/images/train/000000000400.jpg: 26.484 ms
/ultralytics/zoo/dataset/DOTA100/images/train/000000000404.jpg: 23.739 ms
/ultralytics/zoo/dataset/DOTA100/images/train/000000000415.jpg: 33.919 ms
/ultralytics/zoo/dataset/DOTA100/images/train/000000000419.jpg: 21.446 ms
/ultralytics/zoo/dataset/DOTA100/images/train/000000000431.jpg: 29.936 ms
/ultralytics/zoo/dataset/DOTA100/images/train/000000000436.jpg: 17.438 ms
/ultralytics/zoo/dataset/DOTA100/images/train/000000000438.jpg: 24.107 ms
/ultralytics/zoo/dataset/DOTA100/images/train/000000000443.jpg: 27.204 ms
/ultralytics/zoo/dataset/DOTA100/images/train/000000000450.jpg: 17.433 ms
/ultralytics/zoo/dataset/DOTA100/images/train/000000000459.jpg: 30.228 ms
/ultralytics/zoo/dataset/DOTA100/images/train/000000000471.jpg: 22.326 ms
/ultralytics/zoo/dataset/DOTA100/images/train/000000000472.jpg: 23.970 ms
/ultralytics/zoo/dataset/DOTA100/images/train/000000000488.jpg: 22.534 ms
/ultralytics/zoo/dataset/DOTA100/images/train/000000000491.jpg: 36.402 ms
/ultralytics/zoo/dataset/DOTA100/images/train/000000000502.jpg: 17.788 ms
/ultralytics/zoo/dataset/DOTA100/images/train/000000000508.jpg: 21.151 ms
/ultralytics/zoo/dataset/DOTA100/images/train/000000000520.jpg: 29.004 ms
/ultralytics/zoo/dataset/DOTA100/images/train/000000000529.jpg: 25.617 ms
/ultralytics/zoo/dataset/DOTA100/images/train/000000000531.jpg: 25.780 ms
/ultralytics/zoo/dataset/DOTA100/images/train/000000000540.jpg: 27.625 ms
/ultralytics/zoo/dataset/DOTA100/images/train/000000000544.jpg: 24.967 ms
/ultralytics/zoo/dataset/DOTA100/images/train/000000000560.jpg: 34.299 ms
/ultralytics/zoo/dataset/DOTA100/images/train/000000000562.jpg: 18.690 ms
/ultralytics/zoo/dataset/DOTA100/images/train/000000000564.jpg: 37.020 ms
/ultralytics/zoo/dataset/DOTA100/images/train/000000000572.jpg: 24.435 ms
/ultralytics/zoo/dataset/DOTA100/images/train/000000000575.jpg: 29.915 ms
/ultralytics/zoo/dataset/DOTA100/images/train/000000000581.jpg: 21.190 ms
/ultralytics/zoo/dataset/DOTA100/images/train/000000000584.jpg: 23.843 ms
/ultralytics/zoo/dataset/DOTA100/images/train/000000000590.jpg: 36.481 ms
/ultralytics/zoo/dataset/DOTA100/images/train/000000000595.jpg: 17.948 ms
/ultralytics/zoo/dataset/DOTA100/images/train/000000000597.jpg: 16.952 ms
/ultralytics/zoo/dataset/DOTA100/images/train/000000000599.jpg: 30.860 ms
/ultralytics/zoo/dataset/DOTA100/images/train/000000000620.jpg: 16.927 ms
/ultralytics/zoo/dataset/DOTA100/images/train/000000000625.jpg: 24.229 ms
/ultralytics/zoo/dataset/DOTA100/images/train/000000000626.jpg: 27.629 ms
/ultralytics/zoo/dataset/DOTA100/images/train/000000000629.jpg: 21.874 ms
/ultralytics/zoo/dataset/DOTA100/images/train/000000000636.jpg: 30.289 ms
/ultralytics/zoo/dataset/DOTA100/images/train/000000000641.jpg: 17.612 ms
/ultralytics/zoo/dataset/DOTA100/images/train/000000000643.jpg: 35.277 ms
/ultralytics/zoo/dataset/DOTA100/images/train/000000000650.jpg: 23.326 ms
/ultralytics/zoo/dataset/DOTA100/images/val/000000000009.jpg: 24.210 ms
/ultralytics/zoo/dataset/DOTA100/images/val/000000000049.jpg: 25.624 ms
/ultralytics/zoo/dataset/DOTA100/images/val/000000000077.jpg: 19.966 ms
/ultralytics/zoo/dataset/DOTA100/images/val/000000000133.jpg: 19.041 ms
/ultralytics/zoo/dataset/DOTA100/images/val/000000000144.jpg: 27.813 ms
/ultralytics/zoo/dataset/DOTA100/images/val/000000000201.jpg: 23.824 ms
/ultralytics/zoo/dataset/DOTA100/images/val/000000000263.jpg: 30.327 ms
/ultralytics/zoo/dataset/DOTA100/images/val/000000000315.jpg: 22.600 ms
/ultralytics/zoo/dataset/DOTA100/images/val/000000000332.jpg: 19.849 ms
/ultralytics/zoo/dataset/DOTA100/images/val/000000000370.jpg: 18.563 ms
/ultralytics/zoo/dataset/DOTA100/images/val/000000000397.jpg: 34.642 ms
/ultralytics/zoo/dataset/DOTA100/images/val/000000000428.jpg: 23.075 ms
/ultralytics/zoo/dataset/DOTA100/images/val/000000000446.jpg: 22.553 ms
/ultralytics/zoo/dataset/DOTA100/images/val/000000000474.jpg: 20.828 ms
/ultralytics/zoo/dataset/DOTA100/images/val/000000000510.jpg: 26.706 ms
/ultralytics/zoo/dataset/DOTA100/images/val/000000000542.jpg: 31.006 ms
/ultralytics/zoo/dataset/DOTA100/images/val/000000000569.jpg: 17.510 ms
/ultralytics/zoo/dataset/DOTA100/images/val/000000000589.jpg: 25.391 ms
/ultralytics/zoo/dataset/DOTA100/images/val/000000000612.jpg: 27.414 ms
/ultralytics/zoo/dataset/DOTA100/images/val/000000000634.jpg: 16.931 ms
avg: 25.733 ms

[yolo11n-pose] dataset=/ultralytics/zoo/dataset/coco128/images/train2017 count=100 imgsz=640
Using CUDA runtime cudaDeviceSynchronize() for accurate TensorRT synchronization
/ultralytics/zoo/dataset/coco128/images/train2017/000000000009.jpg: 20.702 ms
/ultralytics/zoo/dataset/coco128/images/train2017/000000000025.jpg: 33.451 ms
/ultralytics/zoo/dataset/coco128/images/train2017/000000000030.jpg: 32.552 ms
/ultralytics/zoo/dataset/coco128/images/train2017/000000000034.jpg: 33.638 ms
/ultralytics/zoo/dataset/coco128/images/train2017/000000000036.jpg: 34.157 ms
/ultralytics/zoo/dataset/coco128/images/train2017/000000000042.jpg: 22.730 ms
/ultralytics/zoo/dataset/coco128/images/train2017/000000000049.jpg: 63.335 ms
/ultralytics/zoo/dataset/coco128/images/train2017/000000000061.jpg: 45.882 ms
/ultralytics/zoo/dataset/coco128/images/train2017/000000000064.jpg: 36.752 ms
/ultralytics/zoo/dataset/coco128/images/train2017/000000000071.jpg: 20.100 ms
/ultralytics/zoo/dataset/coco128/images/train2017/000000000072.jpg: 18.508 ms
/ultralytics/zoo/dataset/coco128/images/train2017/000000000073.jpg: 38.355 ms
/ultralytics/zoo/dataset/coco128/images/train2017/000000000074.jpg: 24.267 ms
/ultralytics/zoo/dataset/coco128/images/train2017/000000000077.jpg: 65.933 ms
/ultralytics/zoo/dataset/coco128/images/train2017/000000000078.jpg: 29.622 ms
/ultralytics/zoo/dataset/coco128/images/train2017/000000000081.jpg: 20.446 ms
/ultralytics/zoo/dataset/coco128/images/train2017/000000000086.jpg: 33.753 ms
/ultralytics/zoo/dataset/coco128/images/train2017/000000000089.jpg: 38.235 ms
/ultralytics/zoo/dataset/coco128/images/train2017/000000000092.jpg: 26.853 ms
/ultralytics/zoo/dataset/coco128/images/train2017/000000000094.jpg: 27.319 ms
/ultralytics/zoo/dataset/coco128/images/train2017/000000000109.jpg: 22.241 ms
/ultralytics/zoo/dataset/coco128/images/train2017/000000000110.jpg: 132.506 ms
/ultralytics/zoo/dataset/coco128/images/train2017/000000000113.jpg: 62.267 ms
/ultralytics/zoo/dataset/coco128/images/train2017/000000000127.jpg: 28.689 ms
/ultralytics/zoo/dataset/coco128/images/train2017/000000000133.jpg: 34.903 ms
/ultralytics/zoo/dataset/coco128/images/train2017/000000000136.jpg: 60.233 ms
/ultralytics/zoo/dataset/coco128/images/train2017/000000000138.jpg: 42.020 ms
/ultralytics/zoo/dataset/coco128/images/train2017/000000000142.jpg: 27.879 ms
/ultralytics/zoo/dataset/coco128/images/train2017/000000000143.jpg: 34.037 ms
/ultralytics/zoo/dataset/coco128/images/train2017/000000000144.jpg: 44.308 ms
/ultralytics/zoo/dataset/coco128/images/train2017/000000000149.jpg: 27.650 ms
/ultralytics/zoo/dataset/coco128/images/train2017/000000000151.jpg: 48.012 ms
/ultralytics/zoo/dataset/coco128/images/train2017/000000000154.jpg: 41.556 ms
/ultralytics/zoo/dataset/coco128/images/train2017/000000000164.jpg: 29.164 ms
/ultralytics/zoo/dataset/coco128/images/train2017/000000000165.jpg: 52.629 ms
/ultralytics/zoo/dataset/coco128/images/train2017/000000000192.jpg: 77.375 ms
/ultralytics/zoo/dataset/coco128/images/train2017/000000000194.jpg: 33.541 ms
/ultralytics/zoo/dataset/coco128/images/train2017/000000000196.jpg: 30.505 ms
/ultralytics/zoo/dataset/coco128/images/train2017/000000000201.jpg: 27.706 ms
/ultralytics/zoo/dataset/coco128/images/train2017/000000000208.jpg: 51.485 ms
/ultralytics/zoo/dataset/coco128/images/train2017/000000000241.jpg: 78.151 ms
/ultralytics/zoo/dataset/coco128/images/train2017/000000000247.jpg: 24.015 ms
/ultralytics/zoo/dataset/coco128/images/train2017/000000000250.jpg: 40.694 ms
/ultralytics/zoo/dataset/coco128/images/train2017/000000000257.jpg: 66.343 ms
/ultralytics/zoo/dataset/coco128/images/train2017/000000000260.jpg: 52.117 ms
/ultralytics/zoo/dataset/coco128/images/train2017/000000000263.jpg: 30.968 ms
/ultralytics/zoo/dataset/coco128/images/train2017/000000000283.jpg: 30.601 ms
/ultralytics/zoo/dataset/coco128/images/train2017/000000000294.jpg: 40.429 ms
/ultralytics/zoo/dataset/coco128/images/train2017/000000000307.jpg: 30.250 ms
/ultralytics/zoo/dataset/coco128/images/train2017/000000000308.jpg: 106.515 ms
/ultralytics/zoo/dataset/coco128/images/train2017/000000000309.jpg: 41.867 ms
/ultralytics/zoo/dataset/coco128/images/train2017/000000000312.jpg: 25.895 ms
/ultralytics/zoo/dataset/coco128/images/train2017/000000000315.jpg: 69.848 ms
/ultralytics/zoo/dataset/coco128/images/train2017/000000000321.jpg: 30.124 ms
/ultralytics/zoo/dataset/coco128/images/train2017/000000000322.jpg: 55.755 ms
/ultralytics/zoo/dataset/coco128/images/train2017/000000000326.jpg: 44.681 ms
/ultralytics/zoo/dataset/coco128/images/train2017/000000000328.jpg: 64.583 ms
/ultralytics/zoo/dataset/coco128/images/train2017/000000000332.jpg: 36.579 ms
/ultralytics/zoo/dataset/coco128/images/train2017/000000000338.jpg: 55.587 ms
/ultralytics/zoo/dataset/coco128/images/train2017/000000000349.jpg: 31.823 ms
/ultralytics/zoo/dataset/coco128/images/train2017/000000000357.jpg: 56.447 ms
/ultralytics/zoo/dataset/coco128/images/train2017/000000000359.jpg: 29.774 ms
/ultralytics/zoo/dataset/coco128/images/train2017/000000000360.jpg: 41.689 ms
/ultralytics/zoo/dataset/coco128/images/train2017/000000000368.jpg: 101.170 ms
/ultralytics/zoo/dataset/coco128/images/train2017/000000000370.jpg: 31.316 ms
/ultralytics/zoo/dataset/coco128/images/train2017/000000000382.jpg: 43.791 ms
/ultralytics/zoo/dataset/coco128/images/train2017/000000000384.jpg: 23.715 ms
/ultralytics/zoo/dataset/coco128/images/train2017/000000000387.jpg: 31.368 ms
/ultralytics/zoo/dataset/coco128/images/train2017/000000000389.jpg: 58.271 ms
/ultralytics/zoo/dataset/coco128/images/train2017/000000000394.jpg: 25.857 ms
/ultralytics/zoo/dataset/coco128/images/train2017/000000000395.jpg: 86.798 ms
/ultralytics/zoo/dataset/coco128/images/train2017/000000000397.jpg: 36.834 ms
/ultralytics/zoo/dataset/coco128/images/train2017/000000000400.jpg: 21.361 ms
/ultralytics/zoo/dataset/coco128/images/train2017/000000000404.jpg: 20.706 ms
/ultralytics/zoo/dataset/coco128/images/train2017/000000000415.jpg: 40.768 ms
/ultralytics/zoo/dataset/coco128/images/train2017/000000000419.jpg: 35.617 ms
/ultralytics/zoo/dataset/coco128/images/train2017/000000000428.jpg: 35.557 ms
/ultralytics/zoo/dataset/coco128/images/train2017/000000000431.jpg: 33.857 ms
/ultralytics/zoo/dataset/coco128/images/train2017/000000000436.jpg: 30.296 ms
/ultralytics/zoo/dataset/coco128/images/train2017/000000000438.jpg: 22.846 ms
/ultralytics/zoo/dataset/coco128/images/train2017/000000000443.jpg: 53.936 ms
/ultralytics/zoo/dataset/coco128/images/train2017/000000000446.jpg: 35.113 ms
/ultralytics/zoo/dataset/coco128/images/train2017/000000000450.jpg: 28.324 ms
/ultralytics/zoo/dataset/coco128/images/train2017/000000000459.jpg: 31.450 ms
/ultralytics/zoo/dataset/coco128/images/train2017/000000000471.jpg: 30.252 ms
/ultralytics/zoo/dataset/coco128/images/train2017/000000000472.jpg: 19.839 ms
/ultralytics/zoo/dataset/coco128/images/train2017/000000000474.jpg: 47.842 ms
/ultralytics/zoo/dataset/coco128/images/train2017/000000000486.jpg: 31.113 ms
/ultralytics/zoo/dataset/coco128/images/train2017/000000000488.jpg: 39.026 ms
/ultralytics/zoo/dataset/coco128/images/train2017/000000000490.jpg: 22.389 ms
/ultralytics/zoo/dataset/coco128/images/train2017/000000000491.jpg: 22.450 ms
/ultralytics/zoo/dataset/coco128/images/train2017/000000000502.jpg: 21.077 ms
/ultralytics/zoo/dataset/coco128/images/train2017/000000000508.jpg: 28.676 ms
/ultralytics/zoo/dataset/coco128/images/train2017/000000000510.jpg: 29.662 ms
/ultralytics/zoo/dataset/coco128/images/train2017/000000000514.jpg: 26.605 ms
/ultralytics/zoo/dataset/coco128/images/train2017/000000000520.jpg: 17.673 ms
/ultralytics/zoo/dataset/coco128/images/train2017/000000000529.jpg: 29.767 ms
/ultralytics/zoo/dataset/coco128/images/train2017/000000000531.jpg: 34.944 ms
/ultralytics/zoo/dataset/coco128/images/train2017/000000000532.jpg: 34.681 ms
/ultralytics/zoo/dataset/coco128/images/train2017/000000000536.jpg: 35.538 ms
avg: 39.605 ms

[yolo11n-cls] dataset=/ultralytics/zoo/dataset/CIFAR100 count=100 imgsz=224
Using CUDA runtime cudaDeviceSynchronize() for accurate TensorRT synchronization
/ultralytics/zoo/dataset/CIFAR100/airplane/data_batch_1_00029.png: 7.934 ms
/ultralytics/zoo/dataset/CIFAR100/airplane/data_batch_1_00030.png: 6.010 ms
/ultralytics/zoo/dataset/CIFAR100/airplane/data_batch_1_00035.png: 7.123 ms
/ultralytics/zoo/dataset/CIFAR100/airplane/data_batch_1_00049.png: 8.685 ms
/ultralytics/zoo/dataset/CIFAR100/airplane/data_batch_1_00077.png: 7.147 ms
/ultralytics/zoo/dataset/CIFAR100/airplane/data_batch_1_00093.png: 5.908 ms
/ultralytics/zoo/dataset/CIFAR100/airplane/data_batch_1_00115.png: 6.189 ms
/ultralytics/zoo/dataset/CIFAR100/airplane/data_batch_1_00116.png: 6.169 ms
/ultralytics/zoo/dataset/CIFAR100/airplane/data_batch_1_00129.png: 5.818 ms
/ultralytics/zoo/dataset/CIFAR100/airplane/data_batch_1_00165.png: 6.840 ms
/ultralytics/zoo/dataset/CIFAR100/automobile/data_batch_1_00004.png: 7.011 ms
/ultralytics/zoo/dataset/CIFAR100/automobile/data_batch_1_00005.png: 5.828 ms
/ultralytics/zoo/dataset/CIFAR100/automobile/data_batch_1_00032.png: 7.963 ms
/ultralytics/zoo/dataset/CIFAR100/automobile/data_batch_1_00044.png: 6.490 ms
/ultralytics/zoo/dataset/CIFAR100/automobile/data_batch_1_00045.png: 7.067 ms
/ultralytics/zoo/dataset/CIFAR100/automobile/data_batch_1_00046.png: 8.273 ms
/ultralytics/zoo/dataset/CIFAR100/automobile/data_batch_1_00060.png: 7.111 ms
/ultralytics/zoo/dataset/CIFAR100/automobile/data_batch_1_00061.png: 6.575 ms
/ultralytics/zoo/dataset/CIFAR100/automobile/data_batch_1_00064.png: 6.027 ms
/ultralytics/zoo/dataset/CIFAR100/automobile/data_batch_1_00065.png: 6.101 ms
/ultralytics/zoo/dataset/CIFAR100/bird/data_batch_1_00006.png: 5.979 ms
/ultralytics/zoo/dataset/CIFAR100/bird/data_batch_1_00013.png: 7.886 ms
/ultralytics/zoo/dataset/CIFAR100/bird/data_batch_1_00018.png: 6.353 ms
/ultralytics/zoo/dataset/CIFAR100/bird/data_batch_1_00024.png: 5.897 ms
/ultralytics/zoo/dataset/CIFAR100/bird/data_batch_1_00041.png: 8.092 ms
/ultralytics/zoo/dataset/CIFAR100/bird/data_batch_1_00042.png: 7.042 ms
/ultralytics/zoo/dataset/CIFAR100/bird/data_batch_1_00047.png: 6.558 ms
/ultralytics/zoo/dataset/CIFAR100/bird/data_batch_1_00048.png: 5.991 ms
/ultralytics/zoo/dataset/CIFAR100/bird/data_batch_1_00054.png: 7.104 ms
/ultralytics/zoo/dataset/CIFAR100/bird/data_batch_1_00055.png: 8.826 ms
/ultralytics/zoo/dataset/CIFAR100/cat/data_batch_1_00009.png: 7.174 ms
/ultralytics/zoo/dataset/CIFAR100/cat/data_batch_1_00017.png: 6.271 ms
/ultralytics/zoo/dataset/CIFAR100/cat/data_batch_1_00021.png: 6.062 ms
/ultralytics/zoo/dataset/CIFAR100/cat/data_batch_1_00026.png: 7.087 ms
/ultralytics/zoo/dataset/CIFAR100/cat/data_batch_1_00033.png: 6.669 ms
/ultralytics/zoo/dataset/CIFAR100/cat/data_batch_1_00036.png: 6.247 ms
/ultralytics/zoo/dataset/CIFAR100/cat/data_batch_1_00038.png: 6.185 ms
/ultralytics/zoo/dataset/CIFAR100/cat/data_batch_1_00039.png: 6.052 ms
/ultralytics/zoo/dataset/CIFAR100/cat/data_batch_1_00059.png: 6.111 ms
/ultralytics/zoo/dataset/CIFAR100/cat/data_batch_1_00074.png: 7.905 ms
/ultralytics/zoo/dataset/CIFAR100/deer/data_batch_1_00003.png: 6.182 ms
/ultralytics/zoo/dataset/CIFAR100/deer/data_batch_1_00010.png: 7.745 ms
/ultralytics/zoo/dataset/CIFAR100/deer/data_batch_1_00020.png: 8.088 ms
/ultralytics/zoo/dataset/CIFAR100/deer/data_batch_1_00028.png: 6.761 ms
/ultralytics/zoo/dataset/CIFAR100/deer/data_batch_1_00034.png: 6.324 ms
/ultralytics/zoo/dataset/CIFAR100/deer/data_batch_1_00058.png: 6.744 ms
/ultralytics/zoo/dataset/CIFAR100/deer/data_batch_1_00066.png: 5.841 ms
/ultralytics/zoo/dataset/CIFAR100/deer/data_batch_1_00082.png: 7.059 ms
/ultralytics/zoo/dataset/CIFAR100/deer/data_batch_1_00086.png: 7.971 ms
/ultralytics/zoo/dataset/CIFAR100/deer/data_batch_1_00089.png: 6.723 ms
/ultralytics/zoo/dataset/CIFAR100/dog/data_batch_1_00027.png: 6.298 ms
/ultralytics/zoo/dataset/CIFAR100/dog/data_batch_1_00040.png: 5.881 ms
/ultralytics/zoo/dataset/CIFAR100/dog/data_batch_1_00051.png: 7.484 ms
/ultralytics/zoo/dataset/CIFAR100/dog/data_batch_1_00056.png: 6.519 ms
/ultralytics/zoo/dataset/CIFAR100/dog/data_batch_1_00070.png: 6.175 ms
/ultralytics/zoo/dataset/CIFAR100/dog/data_batch_1_00081.png: 6.156 ms
/ultralytics/zoo/dataset/CIFAR100/dog/data_batch_1_00083.png: 5.765 ms
/ultralytics/zoo/dataset/CIFAR100/dog/data_batch_1_00107.png: 8.295 ms
/ultralytics/zoo/dataset/CIFAR100/dog/data_batch_1_00128.png: 7.071 ms
/ultralytics/zoo/dataset/CIFAR100/dog/data_batch_1_00148.png: 5.983 ms
/ultralytics/zoo/dataset/CIFAR100/frog/data_batch_1_00000.png: 6.192 ms
/ultralytics/zoo/dataset/CIFAR100/frog/data_batch_1_00019.png: 7.206 ms
/ultralytics/zoo/dataset/CIFAR100/frog/data_batch_1_00022.png: 6.523 ms
/ultralytics/zoo/dataset/CIFAR100/frog/data_batch_1_00023.png: 6.800 ms
/ultralytics/zoo/dataset/CIFAR100/frog/data_batch_1_00025.png: 7.980 ms
/ultralytics/zoo/dataset/CIFAR100/frog/data_batch_1_00072.png: 6.623 ms
/ultralytics/zoo/dataset/CIFAR100/frog/data_batch_1_00095.png: 6.333 ms
/ultralytics/zoo/dataset/CIFAR100/frog/data_batch_1_00103.png: 6.685 ms
/ultralytics/zoo/dataset/CIFAR100/frog/data_batch_1_00104.png: 6.131 ms
/ultralytics/zoo/dataset/CIFAR100/frog/data_batch_1_00117.png: 7.529 ms
/ultralytics/zoo/dataset/CIFAR100/horse/data_batch_1_00007.png: 6.423 ms
/ultralytics/zoo/dataset/CIFAR100/horse/data_batch_1_00011.png: 6.131 ms
/ultralytics/zoo/dataset/CIFAR100/horse/data_batch_1_00012.png: 6.231 ms
/ultralytics/zoo/dataset/CIFAR100/horse/data_batch_1_00037.png: 5.853 ms
/ultralytics/zoo/dataset/CIFAR100/horse/data_batch_1_00043.png: 5.928 ms
/ultralytics/zoo/dataset/CIFAR100/horse/data_batch_1_00052.png: 10.097 ms
/ultralytics/zoo/dataset/CIFAR100/horse/data_batch_1_00068.png: 6.450 ms
/ultralytics/zoo/dataset/CIFAR100/horse/data_batch_1_00073.png: 5.979 ms
/ultralytics/zoo/dataset/CIFAR100/horse/data_batch_1_00084.png: 6.414 ms
/ultralytics/zoo/dataset/CIFAR100/horse/data_batch_1_00085.png: 6.648 ms
/ultralytics/zoo/dataset/CIFAR100/ship/data_batch_1_00008.png: 6.028 ms
/ultralytics/zoo/dataset/CIFAR100/ship/data_batch_1_00062.png: 7.924 ms
/ultralytics/zoo/dataset/CIFAR100/ship/data_batch_1_00069.png: 8.222 ms
/ultralytics/zoo/dataset/CIFAR100/ship/data_batch_1_00092.png: 5.947 ms
/ultralytics/zoo/dataset/CIFAR100/ship/data_batch_1_00100.png: 5.756 ms
/ultralytics/zoo/dataset/CIFAR100/ship/data_batch_1_00106.png: 5.694 ms
/ultralytics/zoo/dataset/CIFAR100/ship/data_batch_1_00111.png: 5.969 ms
/ultralytics/zoo/dataset/CIFAR100/ship/data_batch_1_00135.png: 9.386 ms
/ultralytics/zoo/dataset/CIFAR100/ship/data_batch_1_00139.png: 10.697 ms
/ultralytics/zoo/dataset/CIFAR100/ship/data_batch_1_00155.png: 7.174 ms
/ultralytics/zoo/dataset/CIFAR100/truck/data_batch_1_00001.png: 6.588 ms
/ultralytics/zoo/dataset/CIFAR100/truck/data_batch_1_00002.png: 6.563 ms
/ultralytics/zoo/dataset/CIFAR100/truck/data_batch_1_00014.png: 9.227 ms
/ultralytics/zoo/dataset/CIFAR100/truck/data_batch_1_00015.png: 6.960 ms
/ultralytics/zoo/dataset/CIFAR100/truck/data_batch_1_00016.png: 5.957 ms
/ultralytics/zoo/dataset/CIFAR100/truck/data_batch_1_00031.png: 5.639 ms
/ultralytics/zoo/dataset/CIFAR100/truck/data_batch_1_00050.png: 5.735 ms
/ultralytics/zoo/dataset/CIFAR100/truck/data_batch_1_00053.png: 6.038 ms
/ultralytics/zoo/dataset/CIFAR100/truck/data_batch_1_00067.png: 9.163 ms
/ultralytics/zoo/dataset/CIFAR100/truck/data_batch_1_00071.png: 9.195 ms
avg: 6.848 ms

[yolo11n-seg] dataset=/ultralytics/zoo/dataset/coco128/images/train2017 count=100 imgsz=640
Using CUDA runtime cudaDeviceSynchronize() for accurate TensorRT synchronization
/ultralytics/zoo/dataset/coco128/images/train2017/000000000009.jpg: 48.405 ms
/ultralytics/zoo/dataset/coco128/images/train2017/000000000025.jpg: 49.133 ms
/ultralytics/zoo/dataset/coco128/images/train2017/000000000030.jpg: 44.958 ms
/ultralytics/zoo/dataset/coco128/images/train2017/000000000034.jpg: 44.956 ms
/ultralytics/zoo/dataset/coco128/images/train2017/000000000036.jpg: 59.737 ms
/ultralytics/zoo/dataset/coco128/images/train2017/000000000042.jpg: 41.304 ms
/ultralytics/zoo/dataset/coco128/images/train2017/000000000049.jpg: 143.949 ms
/ultralytics/zoo/dataset/coco128/images/train2017/000000000061.jpg: 93.497 ms
/ultralytics/zoo/dataset/coco128/images/train2017/000000000064.jpg: 73.756 ms
/ultralytics/zoo/dataset/coco128/images/train2017/000000000071.jpg: 59.397 ms
/ultralytics/zoo/dataset/coco128/images/train2017/000000000072.jpg: 68.207 ms
/ultralytics/zoo/dataset/coco128/images/train2017/000000000073.jpg: 60.376 ms
/ultralytics/zoo/dataset/coco128/images/train2017/000000000074.jpg: 142.777 ms
/ultralytics/zoo/dataset/coco128/images/train2017/000000000077.jpg: 80.991 ms
/ultralytics/zoo/dataset/coco128/images/train2017/000000000078.jpg: 59.665 ms
/ultralytics/zoo/dataset/coco128/images/train2017/000000000081.jpg: 44.388 ms
/ultralytics/zoo/dataset/coco128/images/train2017/000000000086.jpg: 57.791 ms
/ultralytics/zoo/dataset/coco128/images/train2017/000000000089.jpg: 109.664 ms
/ultralytics/zoo/dataset/coco128/images/train2017/000000000092.jpg: 75.067 ms
/ultralytics/zoo/dataset/coco128/images/train2017/000000000094.jpg: 38.446 ms
/ultralytics/zoo/dataset/coco128/images/train2017/000000000109.jpg: 122.127 ms
/ultralytics/zoo/dataset/coco128/images/train2017/000000000110.jpg: 199.009 ms
/ultralytics/zoo/dataset/coco128/images/train2017/000000000113.jpg: 141.033 ms
/ultralytics/zoo/dataset/coco128/images/train2017/000000000127.jpg: 88.160 ms
/ultralytics/zoo/dataset/coco128/images/train2017/000000000133.jpg: 35.663 ms
/ultralytics/zoo/dataset/coco128/images/train2017/000000000136.jpg: 70.260 ms
/ultralytics/zoo/dataset/coco128/images/train2017/000000000138.jpg: 87.740 ms
/ultralytics/zoo/dataset/coco128/images/train2017/000000000142.jpg: 68.767 ms
/ultralytics/zoo/dataset/coco128/images/train2017/000000000143.jpg: 130.623 ms
/ultralytics/zoo/dataset/coco128/images/train2017/000000000144.jpg: 93.013 ms
/ultralytics/zoo/dataset/coco128/images/train2017/000000000149.jpg: 147.553 ms
/ultralytics/zoo/dataset/coco128/images/train2017/000000000151.jpg: 78.116 ms
/ultralytics/zoo/dataset/coco128/images/train2017/000000000154.jpg: 65.198 ms
/ultralytics/zoo/dataset/coco128/images/train2017/000000000164.jpg: 73.275 ms
/ultralytics/zoo/dataset/coco128/images/train2017/000000000165.jpg: 60.484 ms
/ultralytics/zoo/dataset/coco128/images/train2017/000000000192.jpg: 60.669 ms
/ultralytics/zoo/dataset/coco128/images/train2017/000000000194.jpg: 38.871 ms
/ultralytics/zoo/dataset/coco128/images/train2017/000000000196.jpg: 165.300 ms
/ultralytics/zoo/dataset/coco128/images/train2017/000000000201.jpg: 61.707 ms
/ultralytics/zoo/dataset/coco128/images/train2017/000000000208.jpg: 45.783 ms
/ultralytics/zoo/dataset/coco128/images/train2017/000000000241.jpg: 77.866 ms
/ultralytics/zoo/dataset/coco128/images/train2017/000000000247.jpg: 41.987 ms
/ultralytics/zoo/dataset/coco128/images/train2017/000000000250.jpg: 23.311 ms
/ultralytics/zoo/dataset/coco128/images/train2017/000000000257.jpg: 137.920 ms
/ultralytics/zoo/dataset/coco128/images/train2017/000000000260.jpg: 53.623 ms
/ultralytics/zoo/dataset/coco128/images/train2017/000000000263.jpg: 33.568 ms
/ultralytics/zoo/dataset/coco128/images/train2017/000000000283.jpg: 52.652 ms
/ultralytics/zoo/dataset/coco128/images/train2017/000000000294.jpg: 57.061 ms
/ultralytics/zoo/dataset/coco128/images/train2017/000000000307.jpg: 47.333 ms
/ultralytics/zoo/dataset/coco128/images/train2017/000000000308.jpg: 120.813 ms
/ultralytics/zoo/dataset/coco128/images/train2017/000000000309.jpg: 68.404 ms
/ultralytics/zoo/dataset/coco128/images/train2017/000000000312.jpg: 70.012 ms
/ultralytics/zoo/dataset/coco128/images/train2017/000000000315.jpg: 134.148 ms
/ultralytics/zoo/dataset/coco128/images/train2017/000000000321.jpg: 38.962 ms
/ultralytics/zoo/dataset/coco128/images/train2017/000000000322.jpg: 39.105 ms
/ultralytics/zoo/dataset/coco128/images/train2017/000000000326.jpg: 31.768 ms
/ultralytics/zoo/dataset/coco128/images/train2017/000000000328.jpg: 43.409 ms
/ultralytics/zoo/dataset/coco128/images/train2017/000000000332.jpg: 37.368 ms
/ultralytics/zoo/dataset/coco128/images/train2017/000000000338.jpg: 35.006 ms
/ultralytics/zoo/dataset/coco128/images/train2017/000000000349.jpg: 39.088 ms
/ultralytics/zoo/dataset/coco128/images/train2017/000000000357.jpg: 54.995 ms
/ultralytics/zoo/dataset/coco128/images/train2017/000000000359.jpg: 34.432 ms
/ultralytics/zoo/dataset/coco128/images/train2017/000000000360.jpg: 27.746 ms
/ultralytics/zoo/dataset/coco128/images/train2017/000000000368.jpg: 70.213 ms
/ultralytics/zoo/dataset/coco128/images/train2017/000000000370.jpg: 38.683 ms
/ultralytics/zoo/dataset/coco128/images/train2017/000000000382.jpg: 42.745 ms
/ultralytics/zoo/dataset/coco128/images/train2017/000000000384.jpg: 59.825 ms
/ultralytics/zoo/dataset/coco128/images/train2017/000000000387.jpg: 31.398 ms
/ultralytics/zoo/dataset/coco128/images/train2017/000000000389.jpg: 81.704 ms
/ultralytics/zoo/dataset/coco128/images/train2017/000000000394.jpg: 41.588 ms
/ultralytics/zoo/dataset/coco128/images/train2017/000000000395.jpg: 69.599 ms
/ultralytics/zoo/dataset/coco128/images/train2017/000000000397.jpg: 34.887 ms
/ultralytics/zoo/dataset/coco128/images/train2017/000000000400.jpg: 43.743 ms
/ultralytics/zoo/dataset/coco128/images/train2017/000000000404.jpg: 38.785 ms
/ultralytics/zoo/dataset/coco128/images/train2017/000000000415.jpg: 41.335 ms
/ultralytics/zoo/dataset/coco128/images/train2017/000000000419.jpg: 41.851 ms
/ultralytics/zoo/dataset/coco128/images/train2017/000000000428.jpg: 42.062 ms
/ultralytics/zoo/dataset/coco128/images/train2017/000000000431.jpg: 36.952 ms
/ultralytics/zoo/dataset/coco128/images/train2017/000000000436.jpg: 41.464 ms
/ultralytics/zoo/dataset/coco128/images/train2017/000000000438.jpg: 101.026 ms
/ultralytics/zoo/dataset/coco128/images/train2017/000000000443.jpg: 50.184 ms
/ultralytics/zoo/dataset/coco128/images/train2017/000000000446.jpg: 32.644 ms
/ultralytics/zoo/dataset/coco128/images/train2017/000000000450.jpg: 54.201 ms
/ultralytics/zoo/dataset/coco128/images/train2017/000000000459.jpg: 32.469 ms
/ultralytics/zoo/dataset/coco128/images/train2017/000000000471.jpg: 28.846 ms
/ultralytics/zoo/dataset/coco128/images/train2017/000000000472.jpg: 25.959 ms
/ultralytics/zoo/dataset/coco128/images/train2017/000000000474.jpg: 35.026 ms
/ultralytics/zoo/dataset/coco128/images/train2017/000000000486.jpg: 30.327 ms
/ultralytics/zoo/dataset/coco128/images/train2017/000000000488.jpg: 48.296 ms
/ultralytics/zoo/dataset/coco128/images/train2017/000000000490.jpg: 42.334 ms
/ultralytics/zoo/dataset/coco128/images/train2017/000000000491.jpg: 49.922 ms
/ultralytics/zoo/dataset/coco128/images/train2017/000000000502.jpg: 37.253 ms
/ultralytics/zoo/dataset/coco128/images/train2017/000000000508.jpg: 21.984 ms
/ultralytics/zoo/dataset/coco128/images/train2017/000000000510.jpg: 30.250 ms
/ultralytics/zoo/dataset/coco128/images/train2017/000000000514.jpg: 28.097 ms
/ultralytics/zoo/dataset/coco128/images/train2017/000000000520.jpg: 48.060 ms
/ultralytics/zoo/dataset/coco128/images/train2017/000000000529.jpg: 35.906 ms
/ultralytics/zoo/dataset/coco128/images/train2017/000000000531.jpg: 72.314 ms
/ultralytics/zoo/dataset/coco128/images/train2017/000000000532.jpg: 58.330 ms
/ultralytics/zoo/dataset/coco128/images/train2017/000000000536.jpg: 55.470 ms
avg: 62.061 ms

[yolo11n-detect] dataset=/ultralytics/zoo/dataset/coco128/images/train2017 count=100 imgsz=640
Using CUDA runtime cudaDeviceSynchronize() for accurate TensorRT synchronization
/ultralytics/zoo/dataset/coco128/images/train2017/000000000009.jpg: 69.855 ms
/ultralytics/zoo/dataset/coco128/images/train2017/000000000025.jpg: 43.764 ms
/ultralytics/zoo/dataset/coco128/images/train2017/000000000030.jpg: 43.967 ms
/ultralytics/zoo/dataset/coco128/images/train2017/000000000034.jpg: 43.839 ms
/ultralytics/zoo/dataset/coco128/images/train2017/000000000036.jpg: 67.870 ms
/ultralytics/zoo/dataset/coco128/images/train2017/000000000042.jpg: 70.033 ms
/ultralytics/zoo/dataset/coco128/images/train2017/000000000049.jpg: 175.876 ms
/ultralytics/zoo/dataset/coco128/images/train2017/000000000061.jpg: 88.183 ms
/ultralytics/zoo/dataset/coco128/images/train2017/000000000064.jpg: 61.828 ms
/ultralytics/zoo/dataset/coco128/images/train2017/000000000071.jpg: 61.421 ms
/ultralytics/zoo/dataset/coco128/images/train2017/000000000072.jpg: 57.226 ms
/ultralytics/zoo/dataset/coco128/images/train2017/000000000073.jpg: 79.974 ms
/ultralytics/zoo/dataset/coco128/images/train2017/000000000074.jpg: 162.689 ms
/ultralytics/zoo/dataset/coco128/images/train2017/000000000077.jpg: 102.359 ms
/ultralytics/zoo/dataset/coco128/images/train2017/000000000078.jpg: 78.730 ms
/ultralytics/zoo/dataset/coco128/images/train2017/000000000081.jpg: 41.234 ms
/ultralytics/zoo/dataset/coco128/images/train2017/000000000086.jpg: 85.560 ms
/ultralytics/zoo/dataset/coco128/images/train2017/000000000089.jpg: 136.087 ms
/ultralytics/zoo/dataset/coco128/images/train2017/000000000092.jpg: 66.830 ms
/ultralytics/zoo/dataset/coco128/images/train2017/000000000094.jpg: 54.577 ms
/ultralytics/zoo/dataset/coco128/images/train2017/000000000109.jpg: 138.435 ms
/ultralytics/zoo/dataset/coco128/images/train2017/000000000110.jpg: 224.077 ms
/ultralytics/zoo/dataset/coco128/images/train2017/000000000113.jpg: 159.363 ms
/ultralytics/zoo/dataset/coco128/images/train2017/000000000127.jpg: 99.302 ms
/ultralytics/zoo/dataset/coco128/images/train2017/000000000133.jpg: 55.626 ms
/ultralytics/zoo/dataset/coco128/images/train2017/000000000136.jpg: 81.990 ms
/ultralytics/zoo/dataset/coco128/images/train2017/000000000138.jpg: 121.630 ms
/ultralytics/zoo/dataset/coco128/images/train2017/000000000142.jpg: 101.939 ms
/ultralytics/zoo/dataset/coco128/images/train2017/000000000143.jpg: 124.152 ms
/ultralytics/zoo/dataset/coco128/images/train2017/000000000144.jpg: 53.459 ms
/ultralytics/zoo/dataset/coco128/images/train2017/000000000149.jpg: 91.663 ms
/ultralytics/zoo/dataset/coco128/images/train2017/000000000151.jpg: 53.226 ms
/ultralytics/zoo/dataset/coco128/images/train2017/000000000154.jpg: 42.912 ms
/ultralytics/zoo/dataset/coco128/images/train2017/000000000164.jpg: 60.854 ms
/ultralytics/zoo/dataset/coco128/images/train2017/000000000165.jpg: 49.613 ms
/ultralytics/zoo/dataset/coco128/images/train2017/000000000192.jpg: 70.628 ms
/ultralytics/zoo/dataset/coco128/images/train2017/000000000194.jpg: 48.626 ms
/ultralytics/zoo/dataset/coco128/images/train2017/000000000196.jpg: 221.608 ms
/ultralytics/zoo/dataset/coco128/images/train2017/000000000201.jpg: 69.384 ms
/ultralytics/zoo/dataset/coco128/images/train2017/000000000208.jpg: 42.685 ms
/ultralytics/zoo/dataset/coco128/images/train2017/000000000241.jpg: 81.769 ms
/ultralytics/zoo/dataset/coco128/images/train2017/000000000247.jpg: 41.828 ms
/ultralytics/zoo/dataset/coco128/images/train2017/000000000250.jpg: 23.065 ms
/ultralytics/zoo/dataset/coco128/images/train2017/000000000257.jpg: 154.629 ms
/ultralytics/zoo/dataset/coco128/images/train2017/000000000260.jpg: 63.056 ms
/ultralytics/zoo/dataset/coco128/images/train2017/000000000263.jpg: 30.415 ms
/ultralytics/zoo/dataset/coco128/images/train2017/000000000283.jpg: 40.909 ms
/ultralytics/zoo/dataset/coco128/images/train2017/000000000294.jpg: 39.725 ms
/ultralytics/zoo/dataset/coco128/images/train2017/000000000307.jpg: 30.814 ms
/ultralytics/zoo/dataset/coco128/images/train2017/000000000308.jpg: 61.941 ms
/ultralytics/zoo/dataset/coco128/images/train2017/000000000309.jpg: 40.366 ms
/ultralytics/zoo/dataset/coco128/images/train2017/000000000312.jpg: 43.334 ms
/ultralytics/zoo/dataset/coco128/images/train2017/000000000315.jpg: 92.261 ms
/ultralytics/zoo/dataset/coco128/images/train2017/000000000321.jpg: 34.343 ms
/ultralytics/zoo/dataset/coco128/images/train2017/000000000322.jpg: 36.183 ms
/ultralytics/zoo/dataset/coco128/images/train2017/000000000326.jpg: 24.030 ms
/ultralytics/zoo/dataset/coco128/images/train2017/000000000328.jpg: 66.776 ms
/ultralytics/zoo/dataset/coco128/images/train2017/000000000332.jpg: 60.002 ms
/ultralytics/zoo/dataset/coco128/images/train2017/000000000338.jpg: 49.607 ms
/ultralytics/zoo/dataset/coco128/images/train2017/000000000349.jpg: 36.542 ms
/ultralytics/zoo/dataset/coco128/images/train2017/000000000357.jpg: 54.705 ms
/ultralytics/zoo/dataset/coco128/images/train2017/000000000359.jpg: 39.685 ms
/ultralytics/zoo/dataset/coco128/images/train2017/000000000360.jpg: 32.050 ms
/ultralytics/zoo/dataset/coco128/images/train2017/000000000368.jpg: 80.073 ms
/ultralytics/zoo/dataset/coco128/images/train2017/000000000370.jpg: 32.470 ms
/ultralytics/zoo/dataset/coco128/images/train2017/000000000382.jpg: 40.863 ms
/ultralytics/zoo/dataset/coco128/images/train2017/000000000384.jpg: 48.488 ms
/ultralytics/zoo/dataset/coco128/images/train2017/000000000387.jpg: 32.642 ms
/ultralytics/zoo/dataset/coco128/images/train2017/000000000389.jpg: 90.733 ms
/ultralytics/zoo/dataset/coco128/images/train2017/000000000394.jpg: 27.394 ms
/ultralytics/zoo/dataset/coco128/images/train2017/000000000395.jpg: 38.788 ms
/ultralytics/zoo/dataset/coco128/images/train2017/000000000397.jpg: 27.892 ms
/ultralytics/zoo/dataset/coco128/images/train2017/000000000400.jpg: 26.102 ms
/ultralytics/zoo/dataset/coco128/images/train2017/000000000404.jpg: 30.472 ms
/ultralytics/zoo/dataset/coco128/images/train2017/000000000415.jpg: 26.178 ms
/ultralytics/zoo/dataset/coco128/images/train2017/000000000419.jpg: 35.041 ms
/ultralytics/zoo/dataset/coco128/images/train2017/000000000428.jpg: 28.427 ms
/ultralytics/zoo/dataset/coco128/images/train2017/000000000431.jpg: 23.281 ms
/ultralytics/zoo/dataset/coco128/images/train2017/000000000436.jpg: 31.916 ms
/ultralytics/zoo/dataset/coco128/images/train2017/000000000438.jpg: 82.404 ms
/ultralytics/zoo/dataset/coco128/images/train2017/000000000443.jpg: 36.242 ms
/ultralytics/zoo/dataset/coco128/images/train2017/000000000446.jpg: 31.892 ms
/ultralytics/zoo/dataset/coco128/images/train2017/000000000450.jpg: 28.173 ms
/ultralytics/zoo/dataset/coco128/images/train2017/000000000459.jpg: 27.814 ms
/ultralytics/zoo/dataset/coco128/images/train2017/000000000471.jpg: 17.302 ms
/ultralytics/zoo/dataset/coco128/images/train2017/000000000472.jpg: 24.456 ms
/ultralytics/zoo/dataset/coco128/images/train2017/000000000474.jpg: 21.629 ms
/ultralytics/zoo/dataset/coco128/images/train2017/000000000486.jpg: 30.612 ms
/ultralytics/zoo/dataset/coco128/images/train2017/000000000488.jpg: 44.499 ms
/ultralytics/zoo/dataset/coco128/images/train2017/000000000490.jpg: 32.666 ms
/ultralytics/zoo/dataset/coco128/images/train2017/000000000491.jpg: 39.372 ms
/ultralytics/zoo/dataset/coco128/images/train2017/000000000502.jpg: 20.047 ms
/ultralytics/zoo/dataset/coco128/images/train2017/000000000508.jpg: 20.037 ms
/ultralytics/zoo/dataset/coco128/images/train2017/000000000510.jpg: 29.362 ms
/ultralytics/zoo/dataset/coco128/images/train2017/000000000514.jpg: 19.764 ms
/ultralytics/zoo/dataset/coco128/images/train2017/000000000520.jpg: 37.983 ms
/ultralytics/zoo/dataset/coco128/images/train2017/000000000529.jpg: 30.949 ms
/ultralytics/zoo/dataset/coco128/images/train2017/000000000531.jpg: 32.826 ms
/ultralytics/zoo/dataset/coco128/images/train2017/000000000532.jpg: 37.887 ms
/ultralytics/zoo/dataset/coco128/images/train2017/000000000536.jpg: 23.715 ms
avg: 59.715 ms

