[yolo11n-cls] dataset=/ultralytics/zoo/dataset/CIFAR100 count=100 imgsz=224
Using CUDA runtime cudaDeviceSynchronize() for accurate TensorRT synchronization
/ultralytics/zoo/dataset/CIFAR100/airplane/data_batch_1_00029.png: 7.934 ms
/ultralytics/zoo/dataset/CIFAR100/airplane/data_batch_1_00030.png: 6.010 ms
/ultralytics/zoo/dataset/CIFAR100/airplane/data_batch_1_00035.png: 7.123 ms
/ultralytics/zoo/dataset/CIFAR100/airplane/data_batch_1_00049.png: 8.685 ms
/ultralytics/zoo/dataset/CIFAR100/airplane/data_batch_1_00077.png: 7.147 ms
/ultralytics/zoo/dataset/CIFAR100/airplane/data_batch_1_00093.png: 5.908 ms
/ultralytics/zoo/dataset/CIFAR100/airplane/data_batch_1_00115.png: 6.189 ms
/ultralytics/zoo/dataset/CIFAR100/airplane/data_batch_1_00116.png: 6.169 ms
/ultralytics/zoo/dataset/CIFAR100/airplane/data_batch_1_00129.png: 5.818 ms
/ultralytics/zoo/dataset/CIFAR100/airplane/data_batch_1_00165.png: 6.840 ms
/ultralytics/zoo/dataset/CIFAR100/automobile/data_batch_1_00004.png: 7.011 ms
/ultralytics/zoo/dataset/CIFAR100/automobile/data_batch_1_00005.png: 5.828 ms
/ultralytics/zoo/dataset/CIFAR100/automobile/data_batch_1_00032.png: 7.963 ms
/ultralytics/zoo/dataset/CIFAR100/automobile/data_batch_1_00044.png: 6.490 ms
/ultralytics/zoo/dataset/CIFAR100/automobile/data_batch_1_00045.png: 7.067 ms
/ultralytics/zoo/dataset/CIFAR100/automobile/data_batch_1_00046.png: 8.273 ms
/ultralytics/zoo/dataset/CIFAR100/automobile/data_batch_1_00060.png: 7.111 ms
/ultralytics/zoo/dataset/CIFAR100/automobile/data_batch_1_00061.png: 6.575 ms
/ultralytics/zoo/dataset/CIFAR100/automobile/data_batch_1_00064.png: 6.027 ms
/ultralytics/zoo/dataset/CIFAR100/automobile/data_batch_1_00065.png: 6.101 ms
/ultralytics/zoo/dataset/CIFAR100/bird/data_batch_1_00006.png: 5.979 ms
/ultralytics/zoo/dataset/CIFAR100/bird/data_batch_1_00013.png: 7.886 ms
/ultralytics/zoo/dataset/CIFAR100/bird/data_batch_1_00018.png: 6.353 ms
/ultralytics/zoo/dataset/CIFAR100/bird/data_batch_1_00024.png: 5.897 ms
/ultralytics/zoo/dataset/CIFAR100/bird/data_batch_1_00041.png: 8.092 ms
/ultralytics/zoo/dataset/CIFAR100/bird/data_batch_1_00042.png: 7.042 ms
/ultralytics/zoo/dataset/CIFAR100/bird/data_batch_1_00047.png: 6.558 ms
/ultralytics/zoo/dataset/CIFAR100/bird/data_batch_1_00048.png: 5.991 ms
/ultralytics/zoo/dataset/CIFAR100/bird/data_batch_1_00054.png: 7.104 ms
/ultralytics/zoo/dataset/CIFAR100/bird/data_batch_1_00055.png: 8.826 ms
/ultralytics/zoo/dataset/CIFAR100/cat/data_batch_1_00009.png: 7.174 ms
/ultralytics/zoo/dataset/CIFAR100/cat/data_batch_1_00017.png: 6.271 ms
/ultralytics/zoo/dataset/CIFAR100/cat/data_batch_1_00021.png: 6.062 ms
/ultralytics/zoo/dataset/CIFAR100/cat/data_batch_1_00026.png: 7.087 ms
/ultralytics/zoo/dataset/CIFAR100/cat/data_batch_1_00033.png: 6.669 ms
/ultralytics/zoo/dataset/CIFAR100/cat/data_batch_1_00036.png: 6.247 ms
/ultralytics/zoo/dataset/CIFAR100/cat/data_batch_1_00038.png: 6.185 ms
/ultralytics/zoo/dataset/CIFAR100/cat/data_batch_1_00039.png: 6.052 ms
/ultralytics/zoo/dataset/CIFAR100/cat/data_batch_1_00059.png: 6.111 ms
/ultralytics/zoo/dataset/CIFAR100/cat/data_batch_1_00074.png: 7.905 ms
/ultralytics/zoo/dataset/CIFAR100/deer/data_batch_1_00003.png: 6.182 ms
/ultralytics/zoo/dataset/CIFAR100/deer/data_batch_1_00010.png: 7.745 ms
/ultralytics/zoo/dataset/CIFAR100/deer/data_batch_1_00020.png: 8.088 ms
/ultralytics/zoo/dataset/CIFAR100/deer/data_batch_1_00028.png: 6.761 ms
/ultralytics/zoo/dataset/CIFAR100/deer/data_batch_1_00034.png: 6.324 ms
/ultralytics/zoo/dataset/CIFAR100/deer/data_batch_1_00058.png: 6.744 ms
/ultralytics/zoo/dataset/CIFAR100/deer/data_batch_1_00066.png: 5.841 ms
/ultralytics/zoo/dataset/CIFAR100/deer/data_batch_1_00082.png: 7.059 ms
/ultralytics/zoo/dataset/CIFAR100/deer/data_batch_1_00086.png: 7.971 ms
/ultralytics/zoo/dataset/CIFAR100/deer/data_batch_1_00089.png: 6.723 ms
/ultralytics/zoo/dataset/CIFAR100/dog/data_batch_1_00027.png: 6.298 ms
/ultralytics/zoo/dataset/CIFAR100/dog/data_batch_1_00040.png: 5.881 ms
/ultralytics/zoo/dataset/CIFAR100/dog/data_batch_1_00051.png: 7.484 ms
/ultralytics/zoo/dataset/CIFAR100/dog/data_batch_1_00056.png: 6.519 ms
/ultralytics/zoo/dataset/CIFAR100/dog/data_batch_1_00070.png: 6.175 ms
/ultralytics/zoo/dataset/CIFAR100/dog/data_batch_1_00081.png: 6.156 ms
/ultralytics/zoo/dataset/CIFAR100/dog/data_batch_1_00083.png: 5.765 ms
/ultralytics/zoo/dataset/CIFAR100/dog/data_batch_1_00107.png: 8.295 ms
/ultralytics/zoo/dataset/CIFAR100/dog/data_batch_1_00128.png: 7.071 ms
/ultralytics/zoo/dataset/CIFAR100/dog/data_batch_1_00148.png: 5.983 ms
/ultralytics/zoo/dataset/CIFAR100/frog/data_batch_1_00000.png: 6.192 ms
/ultralytics/zoo/dataset/CIFAR100/frog/data_batch_1_00019.png: 7.206 ms
/ultralytics/zoo/dataset/CIFAR100/frog/data_batch_1_00022.png: 6.523 ms
/ultralytics/zoo/dataset/CIFAR100/frog/data_batch_1_00023.png: 6.800 ms
/ultralytics/zoo/dataset/CIFAR100/frog/data_batch_1_00025.png: 7.980 ms
/ultralytics/zoo/dataset/CIFAR100/frog/data_batch_1_00072.png: 6.623 ms
/ultralytics/zoo/dataset/CIFAR100/frog/data_batch_1_00095.png: 6.333 ms
/ultralytics/zoo/dataset/CIFAR100/frog/data_batch_1_00103.png: 6.685 ms
/ultralytics/zoo/dataset/CIFAR100/frog/data_batch_1_00104.png: 6.131 ms
/ultralytics/zoo/dataset/CIFAR100/frog/data_batch_1_00117.png: 7.529 ms
/ultralytics/zoo/dataset/CIFAR100/horse/data_batch_1_00007.png: 6.423 ms
/ultralytics/zoo/dataset/CIFAR100/horse/data_batch_1_00011.png: 6.131 ms
/ultralytics/zoo/dataset/CIFAR100/horse/data_batch_1_00012.png: 6.231 ms
/ultralytics/zoo/dataset/CIFAR100/horse/data_batch_1_00037.png: 5.853 ms
/ultralytics/zoo/dataset/CIFAR100/horse/data_batch_1_00043.png: 5.928 ms
/ultralytics/zoo/dataset/CIFAR100/horse/data_batch_1_00052.png: 10.097 ms
/ultralytics/zoo/dataset/CIFAR100/horse/data_batch_1_00068.png: 6.450 ms
/ultralytics/zoo/dataset/CIFAR100/horse/data_batch_1_00073.png: 5.979 ms
/ultralytics/zoo/dataset/CIFAR100/horse/data_batch_1_00084.png: 6.414 ms
/ultralytics/zoo/dataset/CIFAR100/horse/data_batch_1_00085.png: 6.648 ms
/ultralytics/zoo/dataset/CIFAR100/ship/data_batch_1_00008.png: 6.028 ms
/ultralytics/zoo/dataset/CIFAR100/ship/data_batch_1_00062.png: 7.924 ms
/ultralytics/zoo/dataset/CIFAR100/ship/data_batch_1_00069.png: 8.222 ms
/ultralytics/zoo/dataset/CIFAR100/ship/data_batch_1_00092.png: 5.947 ms
/ultralytics/zoo/dataset/CIFAR100/ship/data_batch_1_00100.png: 5.756 ms
/ultralytics/zoo/dataset/CIFAR100/ship/data_batch_1_00106.png: 5.694 ms
/ultralytics/zoo/dataset/CIFAR100/ship/data_batch_1_00111.png: 5.969 ms
/ultralytics/zoo/dataset/CIFAR100/ship/data_batch_1_00135.png: 9.386 ms
/ultralytics/zoo/dataset/CIFAR100/ship/data_batch_1_00139.png: 10.697 ms
/ultralytics/zoo/dataset/CIFAR100/ship/data_batch_1_00155.png: 7.174 ms
/ultralytics/zoo/dataset/CIFAR100/truck/data_batch_1_00001.png: 6.588 ms
/ultralytics/zoo/dataset/CIFAR100/truck/data_batch_1_00002.png: 6.563 ms
/ultralytics/zoo/dataset/CIFAR100/truck/data_batch_1_00014.png: 9.227 ms
/ultralytics/zoo/dataset/CIFAR100/truck/data_batch_1_00015.png: 6.960 ms
/ultralytics/zoo/dataset/CIFAR100/truck/data_batch_1_00016.png: 5.957 ms
/ultralytics/zoo/dataset/CIFAR100/truck/data_batch_1_00031.png: 5.639 ms
/ultralytics/zoo/dataset/CIFAR100/truck/data_batch_1_00050.png: 5.735 ms
/ultralytics/zoo/dataset/CIFAR100/truck/data_batch_1_00053.png: 6.038 ms
/ultralytics/zoo/dataset/CIFAR100/truck/data_batch_1_00067.png: 9.163 ms
/ultralytics/zoo/dataset/CIFAR100/truck/data_batch_1_00071.png: 9.195 ms
avg: 6.848 ms
