[yolo11n-cls] dataset=/ultralytics/zoo/dataset/CIFAR100 count=100 imgsz=224
/ultralytics/zoo/dataset/CIFAR100/airplane/data_batch_1_00029.png: 8.025 ms
/ultralytics/zoo/dataset/CIFAR100/airplane/data_batch_1_00030.png: 7.352 ms
/ultralytics/zoo/dataset/CIFAR100/airplane/data_batch_1_00035.png: 7.438 ms
/ultralytics/zoo/dataset/CIFAR100/airplane/data_batch_1_00049.png: 7.073 ms
/ultralytics/zoo/dataset/CIFAR100/airplane/data_batch_1_00077.png: 7.006 ms
/ultralytics/zoo/dataset/CIFAR100/airplane/data_batch_1_00093.png: 7.094 ms
/ultralytics/zoo/dataset/CIFAR100/airplane/data_batch_1_00115.png: 7.079 ms
/ultralytics/zoo/dataset/CIFAR100/airplane/data_batch_1_00116.png: 7.224 ms
/ultralytics/zoo/dataset/CIFAR100/airplane/data_batch_1_00129.png: 7.271 ms
/ultralytics/zoo/dataset/CIFAR100/airplane/data_batch_1_00165.png: 7.258 ms
/ultralytics/zoo/dataset/CIFAR100/automobile/data_batch_1_00004.png: 7.076 ms
/ultralytics/zoo/dataset/CIFAR100/automobile/data_batch_1_00005.png: 7.140 ms
/ultralytics/zoo/dataset/CIFAR100/automobile/data_batch_1_00032.png: 7.249 ms
/ultralytics/zoo/dataset/CIFAR100/automobile/data_batch_1_00044.png: 7.343 ms
/ultralytics/zoo/dataset/CIFAR100/automobile/data_batch_1_00045.png: 7.899 ms
/ultralytics/zoo/dataset/CIFAR100/automobile/data_batch_1_00046.png: 7.625 ms
/ultralytics/zoo/dataset/CIFAR100/automobile/data_batch_1_00060.png: 8.273 ms
/ultralytics/zoo/dataset/CIFAR100/automobile/data_batch_1_00061.png: 7.436 ms
/ultralytics/zoo/dataset/CIFAR100/automobile/data_batch_1_00064.png: 7.324 ms
/ultralytics/zoo/dataset/CIFAR100/automobile/data_batch_1_00065.png: 7.348 ms
/ultralytics/zoo/dataset/CIFAR100/bird/data_batch_1_00006.png: 7.801 ms
/ultralytics/zoo/dataset/CIFAR100/bird/data_batch_1_00013.png: 8.824 ms
/ultralytics/zoo/dataset/CIFAR100/bird/data_batch_1_00018.png: 7.608 ms
/ultralytics/zoo/dataset/CIFAR100/bird/data_batch_1_00024.png: 7.980 ms
/ultralytics/zoo/dataset/CIFAR100/bird/data_batch_1_00041.png: 8.671 ms
/ultralytics/zoo/dataset/CIFAR100/bird/data_batch_1_00042.png: 8.041 ms
/ultralytics/zoo/dataset/CIFAR100/bird/data_batch_1_00047.png: 7.773 ms
/ultralytics/zoo/dataset/CIFAR100/bird/data_batch_1_00048.png: 8.676 ms
/ultralytics/zoo/dataset/CIFAR100/bird/data_batch_1_00054.png: 8.556 ms
/ultralytics/zoo/dataset/CIFAR100/bird/data_batch_1_00055.png: 8.899 ms
/ultralytics/zoo/dataset/CIFAR100/cat/data_batch_1_00009.png: 8.763 ms
/ultralytics/zoo/dataset/CIFAR100/cat/data_batch_1_00017.png: 8.632 ms
/ultralytics/zoo/dataset/CIFAR100/cat/data_batch_1_00021.png: 8.442 ms
/ultralytics/zoo/dataset/CIFAR100/cat/data_batch_1_00026.png: 8.475 ms
/ultralytics/zoo/dataset/CIFAR100/cat/data_batch_1_00033.png: 8.420 ms
/ultralytics/zoo/dataset/CIFAR100/cat/data_batch_1_00036.png: 8.994 ms
/ultralytics/zoo/dataset/CIFAR100/cat/data_batch_1_00038.png: 8.863 ms
/ultralytics/zoo/dataset/CIFAR100/cat/data_batch_1_00039.png: 8.688 ms
/ultralytics/zoo/dataset/CIFAR100/cat/data_batch_1_00059.png: 8.469 ms
/ultralytics/zoo/dataset/CIFAR100/cat/data_batch_1_00074.png: 8.473 ms
/ultralytics/zoo/dataset/CIFAR100/deer/data_batch_1_00003.png: 8.480 ms
/ultralytics/zoo/dataset/CIFAR100/deer/data_batch_1_00010.png: 8.820 ms
/ultralytics/zoo/dataset/CIFAR100/deer/data_batch_1_00020.png: 8.795 ms
/ultralytics/zoo/dataset/CIFAR100/deer/data_batch_1_00028.png: 8.761 ms
/ultralytics/zoo/dataset/CIFAR100/deer/data_batch_1_00034.png: 8.595 ms
/ultralytics/zoo/dataset/CIFAR100/deer/data_batch_1_00058.png: 8.565 ms
/ultralytics/zoo/dataset/CIFAR100/deer/data_batch_1_00066.png: 8.502 ms
/ultralytics/zoo/dataset/CIFAR100/deer/data_batch_1_00082.png: 8.820 ms
/ultralytics/zoo/dataset/CIFAR100/deer/data_batch_1_00086.png: 8.747 ms
/ultralytics/zoo/dataset/CIFAR100/deer/data_batch_1_00089.png: 8.583 ms
/ultralytics/zoo/dataset/CIFAR100/dog/data_batch_1_00027.png: 8.441 ms
/ultralytics/zoo/dataset/CIFAR100/dog/data_batch_1_00040.png: 8.461 ms
/ultralytics/zoo/dataset/CIFAR100/dog/data_batch_1_00051.png: 8.699 ms
/ultralytics/zoo/dataset/CIFAR100/dog/data_batch_1_00056.png: 8.836 ms
/ultralytics/zoo/dataset/CIFAR100/dog/data_batch_1_00070.png: 8.817 ms
/ultralytics/zoo/dataset/CIFAR100/dog/data_batch_1_00081.png: 8.616 ms
/ultralytics/zoo/dataset/CIFAR100/dog/data_batch_1_00083.png: 8.529 ms
/ultralytics/zoo/dataset/CIFAR100/dog/data_batch_1_00107.png: 8.749 ms
/ultralytics/zoo/dataset/CIFAR100/dog/data_batch_1_00128.png: 8.684 ms
/ultralytics/zoo/dataset/CIFAR100/dog/data_batch_1_00148.png: 8.889 ms
/ultralytics/zoo/dataset/CIFAR100/frog/data_batch_1_00000.png: 8.822 ms
/ultralytics/zoo/dataset/CIFAR100/frog/data_batch_1_00019.png: 8.669 ms
/ultralytics/zoo/dataset/CIFAR100/frog/data_batch_1_00022.png: 8.666 ms
/ultralytics/zoo/dataset/CIFAR100/frog/data_batch_1_00023.png: 8.673 ms
/ultralytics/zoo/dataset/CIFAR100/frog/data_batch_1_00025.png: 8.824 ms
/ultralytics/zoo/dataset/CIFAR100/frog/data_batch_1_00072.png: 8.802 ms
/ultralytics/zoo/dataset/CIFAR100/frog/data_batch_1_00095.png: 8.948 ms
/ultralytics/zoo/dataset/CIFAR100/frog/data_batch_1_00103.png: 8.974 ms
/ultralytics/zoo/dataset/CIFAR100/frog/data_batch_1_00104.png: 9.060 ms
/ultralytics/zoo/dataset/CIFAR100/frog/data_batch_1_00117.png: 8.981 ms
/ultralytics/zoo/dataset/CIFAR100/horse/data_batch_1_00007.png: 8.839 ms
/ultralytics/zoo/dataset/CIFAR100/horse/data_batch_1_00011.png: 8.897 ms
/ultralytics/zoo/dataset/CIFAR100/horse/data_batch_1_00012.png: 9.124 ms
/ultralytics/zoo/dataset/CIFAR100/horse/data_batch_1_00037.png: 8.907 ms
/ultralytics/zoo/dataset/CIFAR100/horse/data_batch_1_00043.png: 8.800 ms
/ultralytics/zoo/dataset/CIFAR100/horse/data_batch_1_00052.png: 8.683 ms
/ultralytics/zoo/dataset/CIFAR100/horse/data_batch_1_00068.png: 8.692 ms
/ultralytics/zoo/dataset/CIFAR100/horse/data_batch_1_00073.png: 9.018 ms
/ultralytics/zoo/dataset/CIFAR100/horse/data_batch_1_00084.png: 8.820 ms
/ultralytics/zoo/dataset/CIFAR100/horse/data_batch_1_00085.png: 8.556 ms
/ultralytics/zoo/dataset/CIFAR100/ship/data_batch_1_00008.png: 7.676 ms
/ultralytics/zoo/dataset/CIFAR100/ship/data_batch_1_00062.png: 7.809 ms
/ultralytics/zoo/dataset/CIFAR100/ship/data_batch_1_00069.png: 8.686 ms
/ultralytics/zoo/dataset/CIFAR100/ship/data_batch_1_00092.png: 8.656 ms
/ultralytics/zoo/dataset/CIFAR100/ship/data_batch_1_00100.png: 8.699 ms
/ultralytics/zoo/dataset/CIFAR100/ship/data_batch_1_00106.png: 8.871 ms
/ultralytics/zoo/dataset/CIFAR100/ship/data_batch_1_00111.png: 8.851 ms
/ultralytics/zoo/dataset/CIFAR100/ship/data_batch_1_00135.png: 8.684 ms
/ultralytics/zoo/dataset/CIFAR100/ship/data_batch_1_00139.png: 8.633 ms
/ultralytics/zoo/dataset/CIFAR100/ship/data_batch_1_00155.png: 8.843 ms
/ultralytics/zoo/dataset/CIFAR100/truck/data_batch_1_00001.png: 8.943 ms
/ultralytics/zoo/dataset/CIFAR100/truck/data_batch_1_00002.png: 8.934 ms
/ultralytics/zoo/dataset/CIFAR100/truck/data_batch_1_00014.png: 8.759 ms
/ultralytics/zoo/dataset/CIFAR100/truck/data_batch_1_00015.png: 8.760 ms
/ultralytics/zoo/dataset/CIFAR100/truck/data_batch_1_00016.png: 9.106 ms
/ultralytics/zoo/dataset/CIFAR100/truck/data_batch_1_00031.png: 8.957 ms
/ultralytics/zoo/dataset/CIFAR100/truck/data_batch_1_00050.png: 8.910 ms
/ultralytics/zoo/dataset/CIFAR100/truck/data_batch_1_00053.png: 8.958 ms
/ultralytics/zoo/dataset/CIFAR100/truck/data_batch_1_00067.png: 9.020 ms
/ultralytics/zoo/dataset/CIFAR100/truck/data_batch_1_00071.png: 8.943 ms
avg: 8.414 ms

[yolo11n-detect] dataset=/ultralytics/zoo/dataset/coco128/images/train2017 count=128 imgsz=640
/ultralytics/zoo/dataset/coco128/images/train2017/000000000009.jpg: 23.175 ms
/ultralytics/zoo/dataset/coco128/images/train2017/000000000025.jpg: 21.658 ms
/ultralytics/zoo/dataset/coco128/images/train2017/000000000030.jpg: 20.348 ms
/ultralytics/zoo/dataset/coco128/images/train2017/000000000034.jpg: 23.819 ms
/ultralytics/zoo/dataset/coco128/images/train2017/000000000036.jpg: 25.226 ms
/ultralytics/zoo/dataset/coco128/images/train2017/000000000042.jpg: 27.776 ms
/ultralytics/zoo/dataset/coco128/images/train2017/000000000049.jpg: 31.191 ms
/ultralytics/zoo/dataset/coco128/images/train2017/000000000061.jpg: 32.755 ms
/ultralytics/zoo/dataset/coco128/images/train2017/000000000064.jpg: 33.987 ms
/ultralytics/zoo/dataset/coco128/images/train2017/000000000071.jpg: 34.658 ms
/ultralytics/zoo/dataset/coco128/images/train2017/000000000072.jpg: 30.157 ms
/ultralytics/zoo/dataset/coco128/images/train2017/000000000073.jpg: 29.893 ms
/ultralytics/zoo/dataset/coco128/images/train2017/000000000074.jpg: 30.693 ms
/ultralytics/zoo/dataset/coco128/images/train2017/000000000077.jpg: 31.491 ms
/ultralytics/zoo/dataset/coco128/images/train2017/000000000078.jpg: 33.976 ms
/ultralytics/zoo/dataset/coco128/images/train2017/000000000081.jpg: 28.315 ms
/ultralytics/zoo/dataset/coco128/images/train2017/000000000086.jpg: 26.382 ms
/ultralytics/zoo/dataset/coco128/images/train2017/000000000089.jpg: 31.250 ms
/ultralytics/zoo/dataset/coco128/images/train2017/000000000092.jpg: 24.889 ms
/ultralytics/zoo/dataset/coco128/images/train2017/000000000094.jpg: 29.742 ms
/ultralytics/zoo/dataset/coco128/images/train2017/000000000109.jpg: 26.383 ms
/ultralytics/zoo/dataset/coco128/images/train2017/000000000110.jpg: 34.166 ms
/ultralytics/zoo/dataset/coco128/images/train2017/000000000113.jpg: 31.009 ms
/ultralytics/zoo/dataset/coco128/images/train2017/000000000127.jpg: 27.179 ms
/ultralytics/zoo/dataset/coco128/images/train2017/000000000133.jpg: 23.545 ms
/ultralytics/zoo/dataset/coco128/images/train2017/000000000136.jpg: 26.752 ms
/ultralytics/zoo/dataset/coco128/images/train2017/000000000138.jpg: 26.765 ms
/ultralytics/zoo/dataset/coco128/images/train2017/000000000142.jpg: 25.387 ms
/ultralytics/zoo/dataset/coco128/images/train2017/000000000143.jpg: 30.762 ms
/ultralytics/zoo/dataset/coco128/images/train2017/000000000144.jpg: 26.787 ms
/ultralytics/zoo/dataset/coco128/images/train2017/000000000149.jpg: 24.810 ms
/ultralytics/zoo/dataset/coco128/images/train2017/000000000151.jpg: 26.950 ms
/ultralytics/zoo/dataset/coco128/images/train2017/000000000154.jpg: 25.516 ms
/ultralytics/zoo/dataset/coco128/images/train2017/000000000164.jpg: 25.260 ms
/ultralytics/zoo/dataset/coco128/images/train2017/000000000165.jpg: 26.583 ms
/ultralytics/zoo/dataset/coco128/images/train2017/000000000192.jpg: 32.301 ms
/ultralytics/zoo/dataset/coco128/images/train2017/000000000194.jpg: 30.998 ms
/ultralytics/zoo/dataset/coco128/images/train2017/000000000196.jpg: 30.907 ms
/ultralytics/zoo/dataset/coco128/images/train2017/000000000201.jpg: 29.680 ms
/ultralytics/zoo/dataset/coco128/images/train2017/000000000208.jpg: 28.467 ms
/ultralytics/zoo/dataset/coco128/images/train2017/000000000241.jpg: 33.045 ms
/ultralytics/zoo/dataset/coco128/images/train2017/000000000247.jpg: 33.227 ms
/ultralytics/zoo/dataset/coco128/images/train2017/000000000250.jpg: 24.380 ms
/ultralytics/zoo/dataset/coco128/images/train2017/000000000257.jpg: 33.624 ms
/ultralytics/zoo/dataset/coco128/images/train2017/000000000260.jpg: 33.746 ms
/ultralytics/zoo/dataset/coco128/images/train2017/000000000263.jpg: 26.945 ms
/ultralytics/zoo/dataset/coco128/images/train2017/000000000283.jpg: 29.633 ms
/ultralytics/zoo/dataset/coco128/images/train2017/000000000294.jpg: 26.983 ms
/ultralytics/zoo/dataset/coco128/images/train2017/000000000307.jpg: 30.536 ms
/ultralytics/zoo/dataset/coco128/images/train2017/000000000308.jpg: 33.409 ms
/ultralytics/zoo/dataset/coco128/images/train2017/000000000309.jpg: 34.272 ms
/ultralytics/zoo/dataset/coco128/images/train2017/000000000312.jpg: 26.916 ms
/ultralytics/zoo/dataset/coco128/images/train2017/000000000315.jpg: 28.743 ms
/ultralytics/zoo/dataset/coco128/images/train2017/000000000321.jpg: 29.955 ms
/ultralytics/zoo/dataset/coco128/images/train2017/000000000322.jpg: 26.335 ms
/ultralytics/zoo/dataset/coco128/images/train2017/000000000326.jpg: 24.672 ms
/ultralytics/zoo/dataset/coco128/images/train2017/000000000328.jpg: 25.350 ms
/ultralytics/zoo/dataset/coco128/images/train2017/000000000332.jpg: 30.525 ms
/ultralytics/zoo/dataset/coco128/images/train2017/000000000338.jpg: 29.242 ms
/ultralytics/zoo/dataset/coco128/images/train2017/000000000349.jpg: 27.571 ms
/ultralytics/zoo/dataset/coco128/images/train2017/000000000357.jpg: 28.473 ms
/ultralytics/zoo/dataset/coco128/images/train2017/000000000359.jpg: 30.225 ms
/ultralytics/zoo/dataset/coco128/images/train2017/000000000360.jpg: 29.485 ms
/ultralytics/zoo/dataset/coco128/images/train2017/000000000368.jpg: 30.882 ms
/ultralytics/zoo/dataset/coco128/images/train2017/000000000370.jpg: 31.208 ms
/ultralytics/zoo/dataset/coco128/images/train2017/000000000382.jpg: 32.857 ms
/ultralytics/zoo/dataset/coco128/images/train2017/000000000384.jpg: 26.496 ms
/ultralytics/zoo/dataset/coco128/images/train2017/000000000387.jpg: 29.790 ms
/ultralytics/zoo/dataset/coco128/images/train2017/000000000389.jpg: 27.017 ms
/ultralytics/zoo/dataset/coco128/images/train2017/000000000394.jpg: 31.260 ms
/ultralytics/zoo/dataset/coco128/images/train2017/000000000395.jpg: 26.454 ms
/ultralytics/zoo/dataset/coco128/images/train2017/000000000397.jpg: 33.399 ms
/ultralytics/zoo/dataset/coco128/images/train2017/000000000400.jpg: 30.128 ms
/ultralytics/zoo/dataset/coco128/images/train2017/000000000404.jpg: 30.387 ms
/ultralytics/zoo/dataset/coco128/images/train2017/000000000415.jpg: 27.122 ms
/ultralytics/zoo/dataset/coco128/images/train2017/000000000419.jpg: 26.387 ms
/ultralytics/zoo/dataset/coco128/images/train2017/000000000428.jpg: 31.513 ms
/ultralytics/zoo/dataset/coco128/images/train2017/000000000431.jpg: 28.343 ms
/ultralytics/zoo/dataset/coco128/images/train2017/000000000436.jpg: 32.658 ms
/ultralytics/zoo/dataset/coco128/images/train2017/000000000438.jpg: 33.856 ms
/ultralytics/zoo/dataset/coco128/images/train2017/000000000443.jpg: 26.078 ms
/ultralytics/zoo/dataset/coco128/images/train2017/000000000446.jpg: 27.000 ms
/ultralytics/zoo/dataset/coco128/images/train2017/000000000450.jpg: 31.470 ms
/ultralytics/zoo/dataset/coco128/images/train2017/000000000459.jpg: 31.147 ms
/ultralytics/zoo/dataset/coco128/images/train2017/000000000471.jpg: 25.287 ms
/ultralytics/zoo/dataset/coco128/images/train2017/000000000472.jpg: 30.445 ms
/ultralytics/zoo/dataset/coco128/images/train2017/000000000474.jpg: 33.328 ms
/ultralytics/zoo/dataset/coco128/images/train2017/000000000486.jpg: 30.990 ms
/ultralytics/zoo/dataset/coco128/images/train2017/000000000488.jpg: 27.382 ms
/ultralytics/zoo/dataset/coco128/images/train2017/000000000490.jpg: 34.680 ms
/ultralytics/zoo/dataset/coco128/images/train2017/000000000491.jpg: 29.691 ms
/ultralytics/zoo/dataset/coco128/images/train2017/000000000502.jpg: 30.155 ms
/ultralytics/zoo/dataset/coco128/images/train2017/000000000508.jpg: 29.405 ms
/ultralytics/zoo/dataset/coco128/images/train2017/000000000510.jpg: 33.134 ms
/ultralytics/zoo/dataset/coco128/images/train2017/000000000514.jpg: 28.777 ms
/ultralytics/zoo/dataset/coco128/images/train2017/000000000520.jpg: 29.985 ms
/ultralytics/zoo/dataset/coco128/images/train2017/000000000529.jpg: 29.711 ms
/ultralytics/zoo/dataset/coco128/images/train2017/000000000531.jpg: 30.085 ms
/ultralytics/zoo/dataset/coco128/images/train2017/000000000532.jpg: 28.319 ms
/ultralytics/zoo/dataset/coco128/images/train2017/000000000536.jpg: 34.959 ms
/ultralytics/zoo/dataset/coco128/images/train2017/000000000540.jpg: 25.885 ms
/ultralytics/zoo/dataset/coco128/images/train2017/000000000542.jpg: 26.600 ms
/ultralytics/zoo/dataset/coco128/images/train2017/000000000544.jpg: 30.143 ms
/ultralytics/zoo/dataset/coco128/images/train2017/000000000560.jpg: 30.649 ms
/ultralytics/zoo/dataset/coco128/images/train2017/000000000562.jpg: 23.688 ms
/ultralytics/zoo/dataset/coco128/images/train2017/000000000564.jpg: 30.810 ms
/ultralytics/zoo/dataset/coco128/images/train2017/000000000569.jpg: 25.985 ms
/ultralytics/zoo/dataset/coco128/images/train2017/000000000572.jpg: 25.439 ms
/ultralytics/zoo/dataset/coco128/images/train2017/000000000575.jpg: 26.853 ms
/ultralytics/zoo/dataset/coco128/images/train2017/000000000581.jpg: 24.627 ms
/ultralytics/zoo/dataset/coco128/images/train2017/000000000584.jpg: 22.530 ms
/ultralytics/zoo/dataset/coco128/images/train2017/000000000589.jpg: 24.629 ms
/ultralytics/zoo/dataset/coco128/images/train2017/000000000590.jpg: 28.593 ms
/ultralytics/zoo/dataset/coco128/images/train2017/000000000595.jpg: 26.072 ms
/ultralytics/zoo/dataset/coco128/images/train2017/000000000597.jpg: 23.457 ms
/ultralytics/zoo/dataset/coco128/images/train2017/000000000599.jpg: 24.651 ms
/ultralytics/zoo/dataset/coco128/images/train2017/000000000605.jpg: 25.443 ms
/ultralytics/zoo/dataset/coco128/images/train2017/000000000612.jpg: 25.462 ms
/ultralytics/zoo/dataset/coco128/images/train2017/000000000620.jpg: 25.042 ms
/ultralytics/zoo/dataset/coco128/images/train2017/000000000623.jpg: 28.083 ms
/ultralytics/zoo/dataset/coco128/images/train2017/000000000625.jpg: 25.444 ms
/ultralytics/zoo/dataset/coco128/images/train2017/000000000626.jpg: 24.424 ms
/ultralytics/zoo/dataset/coco128/images/train2017/000000000629.jpg: 25.397 ms
/ultralytics/zoo/dataset/coco128/images/train2017/000000000634.jpg: 24.815 ms
/ultralytics/zoo/dataset/coco128/images/train2017/000000000636.jpg: 25.354 ms
/ultralytics/zoo/dataset/coco128/images/train2017/000000000641.jpg: 25.290 ms
/ultralytics/zoo/dataset/coco128/images/train2017/000000000643.jpg: 28.745 ms
/ultralytics/zoo/dataset/coco128/images/train2017/000000000650.jpg: 32.387 ms
avg: 28.572 ms

[yolo11n-pose] dataset=/ultralytics/zoo/dataset/coco128/images/train2017 count=128 imgsz=640
/ultralytics/zoo/dataset/coco128/images/train2017/000000000009.jpg: 22.759 ms
/ultralytics/zoo/dataset/coco128/images/train2017/000000000025.jpg: 24.182 ms
/ultralytics/zoo/dataset/coco128/images/train2017/000000000030.jpg: 25.862 ms
/ultralytics/zoo/dataset/coco128/images/train2017/000000000034.jpg: 24.731 ms
/ultralytics/zoo/dataset/coco128/images/train2017/000000000036.jpg: 27.556 ms
/ultralytics/zoo/dataset/coco128/images/train2017/000000000042.jpg: 24.179 ms
/ultralytics/zoo/dataset/coco128/images/train2017/000000000049.jpg: 30.214 ms
/ultralytics/zoo/dataset/coco128/images/train2017/000000000061.jpg: 28.540 ms
/ultralytics/zoo/dataset/coco128/images/train2017/000000000064.jpg: 24.291 ms
/ultralytics/zoo/dataset/coco128/images/train2017/000000000071.jpg: 24.017 ms
/ultralytics/zoo/dataset/coco128/images/train2017/000000000072.jpg: 24.706 ms
/ultralytics/zoo/dataset/coco128/images/train2017/000000000073.jpg: 26.846 ms
/ultralytics/zoo/dataset/coco128/images/train2017/000000000074.jpg: 23.871 ms
/ultralytics/zoo/dataset/coco128/images/train2017/000000000077.jpg: 29.862 ms
/ultralytics/zoo/dataset/coco128/images/train2017/000000000078.jpg: 31.716 ms
/ultralytics/zoo/dataset/coco128/images/train2017/000000000081.jpg: 22.674 ms
/ultralytics/zoo/dataset/coco128/images/train2017/000000000086.jpg: 27.387 ms
/ultralytics/zoo/dataset/coco128/images/train2017/000000000089.jpg: 26.288 ms
/ultralytics/zoo/dataset/coco128/images/train2017/000000000092.jpg: 23.699 ms
/ultralytics/zoo/dataset/coco128/images/train2017/000000000094.jpg: 30.694 ms
/ultralytics/zoo/dataset/coco128/images/train2017/000000000109.jpg: 24.771 ms
/ultralytics/zoo/dataset/coco128/images/train2017/000000000110.jpg: 36.539 ms
/ultralytics/zoo/dataset/coco128/images/train2017/000000000113.jpg: 30.685 ms
/ultralytics/zoo/dataset/coco128/images/train2017/000000000127.jpg: 27.589 ms
/ultralytics/zoo/dataset/coco128/images/train2017/000000000133.jpg: 30.429 ms
/ultralytics/zoo/dataset/coco128/images/train2017/000000000136.jpg: 31.971 ms
/ultralytics/zoo/dataset/coco128/images/train2017/000000000138.jpg: 35.650 ms
/ultralytics/zoo/dataset/coco128/images/train2017/000000000142.jpg: 27.526 ms
/ultralytics/zoo/dataset/coco128/images/train2017/000000000143.jpg: 29.304 ms
/ultralytics/zoo/dataset/coco128/images/train2017/000000000144.jpg: 33.164 ms
/ultralytics/zoo/dataset/coco128/images/train2017/000000000149.jpg: 30.412 ms
/ultralytics/zoo/dataset/coco128/images/train2017/000000000151.jpg: 31.597 ms
/ultralytics/zoo/dataset/coco128/images/train2017/000000000154.jpg: 27.189 ms
/ultralytics/zoo/dataset/coco128/images/train2017/000000000164.jpg: 24.362 ms
/ultralytics/zoo/dataset/coco128/images/train2017/000000000165.jpg: 35.038 ms
/ultralytics/zoo/dataset/coco128/images/train2017/000000000192.jpg: 32.909 ms
/ultralytics/zoo/dataset/coco128/images/train2017/000000000194.jpg: 24.860 ms
/ultralytics/zoo/dataset/coco128/images/train2017/000000000196.jpg: 33.634 ms
/ultralytics/zoo/dataset/coco128/images/train2017/000000000201.jpg: 26.662 ms
/ultralytics/zoo/dataset/coco128/images/train2017/000000000208.jpg: 35.048 ms
/ultralytics/zoo/dataset/coco128/images/train2017/000000000241.jpg: 29.708 ms
/ultralytics/zoo/dataset/coco128/images/train2017/000000000247.jpg: 30.451 ms
/ultralytics/zoo/dataset/coco128/images/train2017/000000000250.jpg: 33.556 ms
/ultralytics/zoo/dataset/coco128/images/train2017/000000000257.jpg: 32.830 ms
/ultralytics/zoo/dataset/coco128/images/train2017/000000000260.jpg: 29.748 ms
/ultralytics/zoo/dataset/coco128/images/train2017/000000000263.jpg: 28.400 ms
/ultralytics/zoo/dataset/coco128/images/train2017/000000000283.jpg: 25.843 ms
/ultralytics/zoo/dataset/coco128/images/train2017/000000000294.jpg: 34.178 ms
/ultralytics/zoo/dataset/coco128/images/train2017/000000000307.jpg: 30.954 ms
/ultralytics/zoo/dataset/coco128/images/train2017/000000000308.jpg: 28.651 ms
/ultralytics/zoo/dataset/coco128/images/train2017/000000000309.jpg: 35.411 ms
/ultralytics/zoo/dataset/coco128/images/train2017/000000000312.jpg: 29.442 ms
/ultralytics/zoo/dataset/coco128/images/train2017/000000000315.jpg: 31.419 ms
/ultralytics/zoo/dataset/coco128/images/train2017/000000000321.jpg: 28.290 ms
/ultralytics/zoo/dataset/coco128/images/train2017/000000000322.jpg: 27.445 ms
/ultralytics/zoo/dataset/coco128/images/train2017/000000000326.jpg: 34.756 ms
/ultralytics/zoo/dataset/coco128/images/train2017/000000000328.jpg: 30.184 ms
/ultralytics/zoo/dataset/coco128/images/train2017/000000000332.jpg: 28.306 ms
/ultralytics/zoo/dataset/coco128/images/train2017/000000000338.jpg: 27.001 ms
/ultralytics/zoo/dataset/coco128/images/train2017/000000000349.jpg: 29.434 ms
/ultralytics/zoo/dataset/coco128/images/train2017/000000000357.jpg: 27.470 ms
/ultralytics/zoo/dataset/coco128/images/train2017/000000000359.jpg: 28.575 ms
/ultralytics/zoo/dataset/coco128/images/train2017/000000000360.jpg: 27.670 ms
/ultralytics/zoo/dataset/coco128/images/train2017/000000000368.jpg: 37.332 ms
/ultralytics/zoo/dataset/coco128/images/train2017/000000000370.jpg: 27.164 ms
/ultralytics/zoo/dataset/coco128/images/train2017/000000000382.jpg: 27.643 ms
/ultralytics/zoo/dataset/coco128/images/train2017/000000000384.jpg: 28.145 ms
/ultralytics/zoo/dataset/coco128/images/train2017/000000000387.jpg: 33.416 ms
/ultralytics/zoo/dataset/coco128/images/train2017/000000000389.jpg: 30.523 ms
/ultralytics/zoo/dataset/coco128/images/train2017/000000000394.jpg: 29.265 ms
/ultralytics/zoo/dataset/coco128/images/train2017/000000000395.jpg: 28.071 ms
/ultralytics/zoo/dataset/coco128/images/train2017/000000000397.jpg: 27.934 ms
/ultralytics/zoo/dataset/coco128/images/train2017/000000000400.jpg: 25.452 ms
/ultralytics/zoo/dataset/coco128/images/train2017/000000000404.jpg: 23.827 ms
/ultralytics/zoo/dataset/coco128/images/train2017/000000000415.jpg: 25.359 ms
/ultralytics/zoo/dataset/coco128/images/train2017/000000000419.jpg: 25.218 ms
/ultralytics/zoo/dataset/coco128/images/train2017/000000000428.jpg: 26.562 ms
/ultralytics/zoo/dataset/coco128/images/train2017/000000000431.jpg: 32.371 ms
/ultralytics/zoo/dataset/coco128/images/train2017/000000000436.jpg: 32.690 ms
/ultralytics/zoo/dataset/coco128/images/train2017/000000000438.jpg: 31.237 ms
/ultralytics/zoo/dataset/coco128/images/train2017/000000000443.jpg: 29.246 ms
/ultralytics/zoo/dataset/coco128/images/train2017/000000000446.jpg: 32.087 ms
/ultralytics/zoo/dataset/coco128/images/train2017/000000000450.jpg: 28.418 ms
/ultralytics/zoo/dataset/coco128/images/train2017/000000000459.jpg: 36.092 ms
/ultralytics/zoo/dataset/coco128/images/train2017/000000000471.jpg: 25.540 ms
/ultralytics/zoo/dataset/coco128/images/train2017/000000000472.jpg: 22.866 ms
/ultralytics/zoo/dataset/coco128/images/train2017/000000000474.jpg: 32.401 ms
/ultralytics/zoo/dataset/coco128/images/train2017/000000000486.jpg: 24.169 ms
/ultralytics/zoo/dataset/coco128/images/train2017/000000000488.jpg: 27.889 ms
/ultralytics/zoo/dataset/coco128/images/train2017/000000000490.jpg: 30.838 ms
/ultralytics/zoo/dataset/coco128/images/train2017/000000000491.jpg: 25.942 ms
/ultralytics/zoo/dataset/coco128/images/train2017/000000000502.jpg: 31.240 ms
/ultralytics/zoo/dataset/coco128/images/train2017/000000000508.jpg: 29.025 ms
/ultralytics/zoo/dataset/coco128/images/train2017/000000000510.jpg: 29.860 ms
/ultralytics/zoo/dataset/coco128/images/train2017/000000000514.jpg: 27.654 ms
/ultralytics/zoo/dataset/coco128/images/train2017/000000000520.jpg: 24.517 ms
/ultralytics/zoo/dataset/coco128/images/train2017/000000000529.jpg: 28.878 ms
/ultralytics/zoo/dataset/coco128/images/train2017/000000000531.jpg: 30.159 ms
/ultralytics/zoo/dataset/coco128/images/train2017/000000000532.jpg: 27.795 ms
/ultralytics/zoo/dataset/coco128/images/train2017/000000000536.jpg: 29.478 ms
/ultralytics/zoo/dataset/coco128/images/train2017/000000000540.jpg: 29.879 ms
/ultralytics/zoo/dataset/coco128/images/train2017/000000000542.jpg: 27.117 ms
/ultralytics/zoo/dataset/coco128/images/train2017/000000000544.jpg: 31.742 ms
/ultralytics/zoo/dataset/coco128/images/train2017/000000000560.jpg: 27.255 ms
/ultralytics/zoo/dataset/coco128/images/train2017/000000000562.jpg: 30.708 ms
/ultralytics/zoo/dataset/coco128/images/train2017/000000000564.jpg: 31.011 ms
/ultralytics/zoo/dataset/coco128/images/train2017/000000000569.jpg: 27.651 ms
/ultralytics/zoo/dataset/coco128/images/train2017/000000000572.jpg: 32.927 ms
/ultralytics/zoo/dataset/coco128/images/train2017/000000000575.jpg: 34.171 ms
/ultralytics/zoo/dataset/coco128/images/train2017/000000000581.jpg: 33.248 ms
/ultralytics/zoo/dataset/coco128/images/train2017/000000000584.jpg: 31.254 ms
/ultralytics/zoo/dataset/coco128/images/train2017/000000000589.jpg: 31.455 ms
/ultralytics/zoo/dataset/coco128/images/train2017/000000000590.jpg: 31.659 ms
/ultralytics/zoo/dataset/coco128/images/train2017/000000000595.jpg: 31.165 ms
/ultralytics/zoo/dataset/coco128/images/train2017/000000000597.jpg: 28.019 ms
/ultralytics/zoo/dataset/coco128/images/train2017/000000000599.jpg: 35.480 ms
/ultralytics/zoo/dataset/coco128/images/train2017/000000000605.jpg: 29.641 ms
/ultralytics/zoo/dataset/coco128/images/train2017/000000000612.jpg: 30.854 ms
/ultralytics/zoo/dataset/coco128/images/train2017/000000000620.jpg: 27.286 ms
/ultralytics/zoo/dataset/coco128/images/train2017/000000000623.jpg: 32.341 ms
/ultralytics/zoo/dataset/coco128/images/train2017/000000000625.jpg: 35.786 ms
/ultralytics/zoo/dataset/coco128/images/train2017/000000000626.jpg: 24.690 ms
/ultralytics/zoo/dataset/coco128/images/train2017/000000000629.jpg: 36.881 ms
/ultralytics/zoo/dataset/coco128/images/train2017/000000000634.jpg: 29.317 ms
/ultralytics/zoo/dataset/coco128/images/train2017/000000000636.jpg: 29.221 ms
/ultralytics/zoo/dataset/coco128/images/train2017/000000000641.jpg: 26.376 ms
/ultralytics/zoo/dataset/coco128/images/train2017/000000000643.jpg: 30.756 ms
/ultralytics/zoo/dataset/coco128/images/train2017/000000000650.jpg: 31.059 ms
avg: 29.284 ms

[yolo11n-seg] dataset=/ultralytics/zoo/dataset/coco128/images/train2017 count=128 imgsz=640
/ultralytics/zoo/dataset/coco128/images/train2017/000000000009.jpg: 27.991 ms
/ultralytics/zoo/dataset/coco128/images/train2017/000000000025.jpg: 25.174 ms
/ultralytics/zoo/dataset/coco128/images/train2017/000000000030.jpg: 26.207 ms
/ultralytics/zoo/dataset/coco128/images/train2017/000000000034.jpg: 31.981 ms
/ultralytics/zoo/dataset/coco128/images/train2017/000000000036.jpg: 30.382 ms
/ultralytics/zoo/dataset/coco128/images/train2017/000000000042.jpg: 28.176 ms
/ultralytics/zoo/dataset/coco128/images/train2017/000000000049.jpg: 41.114 ms
/ultralytics/zoo/dataset/coco128/images/train2017/000000000061.jpg: 34.808 ms
/ultralytics/zoo/dataset/coco128/images/train2017/000000000064.jpg: 30.979 ms
/ultralytics/zoo/dataset/coco128/images/train2017/000000000071.jpg: 30.126 ms
/ultralytics/zoo/dataset/coco128/images/train2017/000000000072.jpg: 30.570 ms
/ultralytics/zoo/dataset/coco128/images/train2017/000000000073.jpg: 31.536 ms
/ultralytics/zoo/dataset/coco128/images/train2017/000000000074.jpg: 32.625 ms
/ultralytics/zoo/dataset/coco128/images/train2017/000000000077.jpg: 35.456 ms
/ultralytics/zoo/dataset/coco128/images/train2017/000000000078.jpg: 38.456 ms
/ultralytics/zoo/dataset/coco128/images/train2017/000000000081.jpg: 29.230 ms
/ultralytics/zoo/dataset/coco128/images/train2017/000000000086.jpg: 30.077 ms
/ultralytics/zoo/dataset/coco128/images/train2017/000000000089.jpg: 32.969 ms
/ultralytics/zoo/dataset/coco128/images/train2017/000000000092.jpg: 30.603 ms
/ultralytics/zoo/dataset/coco128/images/train2017/000000000094.jpg: 31.255 ms
/ultralytics/zoo/dataset/coco128/images/train2017/000000000109.jpg: 34.199 ms
/ultralytics/zoo/dataset/coco128/images/train2017/000000000110.jpg: 50.636 ms
/ultralytics/zoo/dataset/coco128/images/train2017/000000000113.jpg: 35.357 ms
/ultralytics/zoo/dataset/coco128/images/train2017/000000000127.jpg: 33.734 ms
/ultralytics/zoo/dataset/coco128/images/train2017/000000000133.jpg: 31.855 ms
/ultralytics/zoo/dataset/coco128/images/train2017/000000000136.jpg: 34.898 ms
/ultralytics/zoo/dataset/coco128/images/train2017/000000000138.jpg: 34.618 ms
/ultralytics/zoo/dataset/coco128/images/train2017/000000000142.jpg: 32.855 ms
/ultralytics/zoo/dataset/coco128/images/train2017/000000000143.jpg: 40.232 ms
/ultralytics/zoo/dataset/coco128/images/train2017/000000000144.jpg: 35.164 ms
/ultralytics/zoo/dataset/coco128/images/train2017/000000000149.jpg: 35.531 ms
/ultralytics/zoo/dataset/coco128/images/train2017/000000000151.jpg: 33.651 ms
/ultralytics/zoo/dataset/coco128/images/train2017/000000000154.jpg: 31.908 ms
/ultralytics/zoo/dataset/coco128/images/train2017/000000000164.jpg: 32.012 ms
/ultralytics/zoo/dataset/coco128/images/train2017/000000000165.jpg: 32.054 ms
/ultralytics/zoo/dataset/coco128/images/train2017/000000000192.jpg: 32.096 ms
/ultralytics/zoo/dataset/coco128/images/train2017/000000000194.jpg: 31.141 ms
/ultralytics/zoo/dataset/coco128/images/train2017/000000000196.jpg: 50.051 ms
/ultralytics/zoo/dataset/coco128/images/train2017/000000000201.jpg: 30.854 ms
/ultralytics/zoo/dataset/coco128/images/train2017/000000000208.jpg: 30.773 ms
/ultralytics/zoo/dataset/coco128/images/train2017/000000000241.jpg: 33.556 ms
/ultralytics/zoo/dataset/coco128/images/train2017/000000000247.jpg: 29.923 ms
/ultralytics/zoo/dataset/coco128/images/train2017/000000000250.jpg: 23.028 ms
/ultralytics/zoo/dataset/coco128/images/train2017/000000000257.jpg: 36.646 ms
/ultralytics/zoo/dataset/coco128/images/train2017/000000000260.jpg: 35.448 ms
/ultralytics/zoo/dataset/coco128/images/train2017/000000000263.jpg: 32.549 ms
/ultralytics/zoo/dataset/coco128/images/train2017/000000000283.jpg: 32.805 ms
/ultralytics/zoo/dataset/coco128/images/train2017/000000000294.jpg: 32.039 ms
/ultralytics/zoo/dataset/coco128/images/train2017/000000000307.jpg: 33.283 ms
/ultralytics/zoo/dataset/coco128/images/train2017/000000000308.jpg: 36.463 ms
/ultralytics/zoo/dataset/coco128/images/train2017/000000000309.jpg: 40.784 ms
/ultralytics/zoo/dataset/coco128/images/train2017/000000000312.jpg: 33.148 ms
/ultralytics/zoo/dataset/coco128/images/train2017/000000000315.jpg: 39.023 ms
/ultralytics/zoo/dataset/coco128/images/train2017/000000000321.jpg: 32.908 ms
/ultralytics/zoo/dataset/coco128/images/train2017/000000000322.jpg: 31.992 ms
/ultralytics/zoo/dataset/coco128/images/train2017/000000000326.jpg: 30.521 ms
/ultralytics/zoo/dataset/coco128/images/train2017/000000000328.jpg: 32.703 ms
/ultralytics/zoo/dataset/coco128/images/train2017/000000000332.jpg: 34.963 ms
/ultralytics/zoo/dataset/coco128/images/train2017/000000000338.jpg: 31.475 ms
/ultralytics/zoo/dataset/coco128/images/train2017/000000000349.jpg: 31.749 ms
/ultralytics/zoo/dataset/coco128/images/train2017/000000000357.jpg: 32.132 ms
/ultralytics/zoo/dataset/coco128/images/train2017/000000000359.jpg: 34.275 ms
/ultralytics/zoo/dataset/coco128/images/train2017/000000000360.jpg: 35.187 ms
/ultralytics/zoo/dataset/coco128/images/train2017/000000000368.jpg: 36.663 ms
/ultralytics/zoo/dataset/coco128/images/train2017/000000000370.jpg: 31.297 ms
/ultralytics/zoo/dataset/coco128/images/train2017/000000000382.jpg: 30.953 ms
/ultralytics/zoo/dataset/coco128/images/train2017/000000000384.jpg: 33.228 ms
/ultralytics/zoo/dataset/coco128/images/train2017/000000000387.jpg: 32.026 ms
/ultralytics/zoo/dataset/coco128/images/train2017/000000000389.jpg: 34.789 ms
/ultralytics/zoo/dataset/coco128/images/train2017/000000000394.jpg: 33.443 ms
/ultralytics/zoo/dataset/coco128/images/train2017/000000000395.jpg: 34.138 ms
/ultralytics/zoo/dataset/coco128/images/train2017/000000000397.jpg: 31.743 ms
/ultralytics/zoo/dataset/coco128/images/train2017/000000000400.jpg: 32.673 ms
/ultralytics/zoo/dataset/coco128/images/train2017/000000000404.jpg: 30.684 ms
/ultralytics/zoo/dataset/coco128/images/train2017/000000000415.jpg: 29.958 ms
/ultralytics/zoo/dataset/coco128/images/train2017/000000000419.jpg: 31.329 ms
/ultralytics/zoo/dataset/coco128/images/train2017/000000000428.jpg: 29.735 ms
/ultralytics/zoo/dataset/coco128/images/train2017/000000000431.jpg: 30.386 ms
/ultralytics/zoo/dataset/coco128/images/train2017/000000000436.jpg: 30.421 ms
/ultralytics/zoo/dataset/coco128/images/train2017/000000000438.jpg: 39.188 ms
/ultralytics/zoo/dataset/coco128/images/train2017/000000000443.jpg: 33.540 ms
/ultralytics/zoo/dataset/coco128/images/train2017/000000000446.jpg: 32.209 ms
/ultralytics/zoo/dataset/coco128/images/train2017/000000000450.jpg: 33.631 ms
/ultralytics/zoo/dataset/coco128/images/train2017/000000000459.jpg: 32.174 ms
/ultralytics/zoo/dataset/coco128/images/train2017/000000000471.jpg: 30.639 ms
/ultralytics/zoo/dataset/coco128/images/train2017/000000000472.jpg: 28.528 ms
/ultralytics/zoo/dataset/coco128/images/train2017/000000000474.jpg: 33.298 ms
/ultralytics/zoo/dataset/coco128/images/train2017/000000000486.jpg: 30.458 ms
/ultralytics/zoo/dataset/coco128/images/train2017/000000000488.jpg: 32.649 ms
/ultralytics/zoo/dataset/coco128/images/train2017/000000000490.jpg: 36.936 ms
/ultralytics/zoo/dataset/coco128/images/train2017/000000000491.jpg: 33.989 ms
/ultralytics/zoo/dataset/coco128/images/train2017/000000000502.jpg: 32.141 ms
/ultralytics/zoo/dataset/coco128/images/train2017/000000000508.jpg: 25.201 ms
/ultralytics/zoo/dataset/coco128/images/train2017/000000000510.jpg: 31.532 ms
/ultralytics/zoo/dataset/coco128/images/train2017/000000000514.jpg: 30.358 ms
/ultralytics/zoo/dataset/coco128/images/train2017/000000000520.jpg: 32.581 ms
/ultralytics/zoo/dataset/coco128/images/train2017/000000000529.jpg: 32.006 ms
/ultralytics/zoo/dataset/coco128/images/train2017/000000000531.jpg: 34.143 ms
/ultralytics/zoo/dataset/coco128/images/train2017/000000000532.jpg: 33.290 ms
/ultralytics/zoo/dataset/coco128/images/train2017/000000000536.jpg: 35.495 ms
/ultralytics/zoo/dataset/coco128/images/train2017/000000000540.jpg: 32.149 ms
/ultralytics/zoo/dataset/coco128/images/train2017/000000000542.jpg: 35.594 ms
/ultralytics/zoo/dataset/coco128/images/train2017/000000000544.jpg: 35.313 ms
/ultralytics/zoo/dataset/coco128/images/train2017/000000000560.jpg: 33.149 ms
/ultralytics/zoo/dataset/coco128/images/train2017/000000000562.jpg: 26.618 ms
/ultralytics/zoo/dataset/coco128/images/train2017/000000000564.jpg: 37.424 ms
/ultralytics/zoo/dataset/coco128/images/train2017/000000000569.jpg: 31.548 ms
/ultralytics/zoo/dataset/coco128/images/train2017/000000000572.jpg: 31.039 ms
/ultralytics/zoo/dataset/coco128/images/train2017/000000000575.jpg: 34.156 ms
/ultralytics/zoo/dataset/coco128/images/train2017/000000000581.jpg: 35.713 ms
/ultralytics/zoo/dataset/coco128/images/train2017/000000000584.jpg: 32.877 ms
/ultralytics/zoo/dataset/coco128/images/train2017/000000000589.jpg: 31.550 ms
/ultralytics/zoo/dataset/coco128/images/train2017/000000000590.jpg: 34.612 ms
/ultralytics/zoo/dataset/coco128/images/train2017/000000000595.jpg: 30.769 ms
/ultralytics/zoo/dataset/coco128/images/train2017/000000000597.jpg: 30.626 ms
/ultralytics/zoo/dataset/coco128/images/train2017/000000000599.jpg: 32.192 ms
/ultralytics/zoo/dataset/coco128/images/train2017/000000000605.jpg: 34.308 ms
/ultralytics/zoo/dataset/coco128/images/train2017/000000000612.jpg: 34.688 ms
/ultralytics/zoo/dataset/coco128/images/train2017/000000000620.jpg: 32.289 ms
/ultralytics/zoo/dataset/coco128/images/train2017/000000000623.jpg: 34.917 ms
/ultralytics/zoo/dataset/coco128/images/train2017/000000000625.jpg: 31.189 ms
/ultralytics/zoo/dataset/coco128/images/train2017/000000000626.jpg: 30.834 ms
/ultralytics/zoo/dataset/coco128/images/train2017/000000000629.jpg: 30.703 ms
/ultralytics/zoo/dataset/coco128/images/train2017/000000000634.jpg: 31.606 ms
/ultralytics/zoo/dataset/coco128/images/train2017/000000000636.jpg: 31.199 ms
/ultralytics/zoo/dataset/coco128/images/train2017/000000000641.jpg: 32.607 ms
/ultralytics/zoo/dataset/coco128/images/train2017/000000000643.jpg: 34.986 ms
/ultralytics/zoo/dataset/coco128/images/train2017/000000000650.jpg: 30.502 ms
avg: 32.910 ms

[yolo11n-obb] dataset=/ultralytics/zoo/dataset/DOTA100/images count=100 imgsz=640
/ultralytics/zoo/dataset/DOTA100/images/train/000000000025.jpg: 26.906 ms
/ultralytics/zoo/dataset/DOTA100/images/train/000000000034.jpg: 20.387 ms
/ultralytics/zoo/dataset/DOTA100/images/train/000000000036.jpg: 19.609 ms
/ultralytics/zoo/dataset/DOTA100/images/train/000000000042.jpg: 26.249 ms
/ultralytics/zoo/dataset/DOTA100/images/train/000000000064.jpg: 27.926 ms
/ultralytics/zoo/dataset/DOTA100/images/train/000000000071.jpg: 27.365 ms
/ultralytics/zoo/dataset/DOTA100/images/train/000000000073.jpg: 24.175 ms
/ultralytics/zoo/dataset/DOTA100/images/train/000000000074.jpg: 29.471 ms
/ultralytics/zoo/dataset/DOTA100/images/train/000000000078.jpg: 35.994 ms
/ultralytics/zoo/dataset/DOTA100/images/train/000000000089.jpg: 21.884 ms
/ultralytics/zoo/dataset/DOTA100/images/train/000000000094.jpg: 22.928 ms
/ultralytics/zoo/dataset/DOTA100/images/train/000000000110.jpg: 23.136 ms
/ultralytics/zoo/dataset/DOTA100/images/train/000000000136.jpg: 26.170 ms
/ultralytics/zoo/dataset/DOTA100/images/train/000000000138.jpg: 24.369 ms
/ultralytics/zoo/dataset/DOTA100/images/train/000000000142.jpg: 31.244 ms
/ultralytics/zoo/dataset/DOTA100/images/train/000000000143.jpg: 28.544 ms
/ultralytics/zoo/dataset/DOTA100/images/train/000000000151.jpg: 24.794 ms
/ultralytics/zoo/dataset/DOTA100/images/train/000000000154.jpg: 23.296 ms
/ultralytics/zoo/dataset/DOTA100/images/train/000000000164.jpg: 23.359 ms
/ultralytics/zoo/dataset/DOTA100/images/train/000000000196.jpg: 32.524 ms
/ultralytics/zoo/dataset/DOTA100/images/train/000000000208.jpg: 23.413 ms
/ultralytics/zoo/dataset/DOTA100/images/train/000000000241.jpg: 32.008 ms
/ultralytics/zoo/dataset/DOTA100/images/train/000000000247.jpg: 23.469 ms
/ultralytics/zoo/dataset/DOTA100/images/train/000000000260.jpg: 25.727 ms
/ultralytics/zoo/dataset/DOTA100/images/train/000000000294.jpg: 31.867 ms
/ultralytics/zoo/dataset/DOTA100/images/train/000000000308.jpg: 23.660 ms
/ultralytics/zoo/dataset/DOTA100/images/train/000000000309.jpg: 31.858 ms
/ultralytics/zoo/dataset/DOTA100/images/train/000000000312.jpg: 24.190 ms
/ultralytics/zoo/dataset/DOTA100/images/train/000000000321.jpg: 23.234 ms
/ultralytics/zoo/dataset/DOTA100/images/train/000000000322.jpg: 31.546 ms
/ultralytics/zoo/dataset/DOTA100/images/train/000000000326.jpg: 22.813 ms
/ultralytics/zoo/dataset/DOTA100/images/train/000000000328.jpg: 31.888 ms
/ultralytics/zoo/dataset/DOTA100/images/train/000000000338.jpg: 22.419 ms
/ultralytics/zoo/dataset/DOTA100/images/train/000000000357.jpg: 21.537 ms
/ultralytics/zoo/dataset/DOTA100/images/train/000000000360.jpg: 26.510 ms
/ultralytics/zoo/dataset/DOTA100/images/train/000000000368.jpg: 25.530 ms
/ultralytics/zoo/dataset/DOTA100/images/train/000000000382.jpg: 23.300 ms
/ultralytics/zoo/dataset/DOTA100/images/train/000000000387.jpg: 32.956 ms
/ultralytics/zoo/dataset/DOTA100/images/train/000000000389.jpg: 31.603 ms
/ultralytics/zoo/dataset/DOTA100/images/train/000000000395.jpg: 23.987 ms
/ultralytics/zoo/dataset/DOTA100/images/train/000000000400.jpg: 24.498 ms
/ultralytics/zoo/dataset/DOTA100/images/train/000000000404.jpg: 23.390 ms
/ultralytics/zoo/dataset/DOTA100/images/train/000000000415.jpg: 31.691 ms
/ultralytics/zoo/dataset/DOTA100/images/train/000000000419.jpg: 24.068 ms
/ultralytics/zoo/dataset/DOTA100/images/train/000000000431.jpg: 22.841 ms
/ultralytics/zoo/dataset/DOTA100/images/train/000000000436.jpg: 22.877 ms
/ultralytics/zoo/dataset/DOTA100/images/train/000000000438.jpg: 32.604 ms
/ultralytics/zoo/dataset/DOTA100/images/train/000000000443.jpg: 23.604 ms
/ultralytics/zoo/dataset/DOTA100/images/train/000000000450.jpg: 23.573 ms
/ultralytics/zoo/dataset/DOTA100/images/train/000000000459.jpg: 32.224 ms
/ultralytics/zoo/dataset/DOTA100/images/train/000000000471.jpg: 23.187 ms
/ultralytics/zoo/dataset/DOTA100/images/train/000000000472.jpg: 21.534 ms
/ultralytics/zoo/dataset/DOTA100/images/train/000000000488.jpg: 23.408 ms
/ultralytics/zoo/dataset/DOTA100/images/train/000000000491.jpg: 34.433 ms
/ultralytics/zoo/dataset/DOTA100/images/train/000000000502.jpg: 24.423 ms
/ultralytics/zoo/dataset/DOTA100/images/train/000000000508.jpg: 23.334 ms
/ultralytics/zoo/dataset/DOTA100/images/train/000000000520.jpg: 32.106 ms
/ultralytics/zoo/dataset/DOTA100/images/train/000000000529.jpg: 24.509 ms
/ultralytics/zoo/dataset/DOTA100/images/train/000000000531.jpg: 23.308 ms
/ultralytics/zoo/dataset/DOTA100/images/train/000000000540.jpg: 32.212 ms
/ultralytics/zoo/dataset/DOTA100/images/train/000000000544.jpg: 32.619 ms
/ultralytics/zoo/dataset/DOTA100/images/train/000000000560.jpg: 33.784 ms
/ultralytics/zoo/dataset/DOTA100/images/train/000000000562.jpg: 22.259 ms
/ultralytics/zoo/dataset/DOTA100/images/train/000000000564.jpg: 31.159 ms
/ultralytics/zoo/dataset/DOTA100/images/train/000000000572.jpg: 22.991 ms
/ultralytics/zoo/dataset/DOTA100/images/train/000000000575.jpg: 26.150 ms
/ultralytics/zoo/dataset/DOTA100/images/train/000000000581.jpg: 27.937 ms
/ultralytics/zoo/dataset/DOTA100/images/train/000000000584.jpg: 22.847 ms
/ultralytics/zoo/dataset/DOTA100/images/train/000000000590.jpg: 26.978 ms
/ultralytics/zoo/dataset/DOTA100/images/train/000000000595.jpg: 24.188 ms
/ultralytics/zoo/dataset/DOTA100/images/train/000000000597.jpg: 22.326 ms
/ultralytics/zoo/dataset/DOTA100/images/train/000000000599.jpg: 32.351 ms
/ultralytics/zoo/dataset/DOTA100/images/train/000000000620.jpg: 24.189 ms
/ultralytics/zoo/dataset/DOTA100/images/train/000000000625.jpg: 24.140 ms
/ultralytics/zoo/dataset/DOTA100/images/train/000000000626.jpg: 32.170 ms
/ultralytics/zoo/dataset/DOTA100/images/train/000000000629.jpg: 24.185 ms
/ultralytics/zoo/dataset/DOTA100/images/train/000000000636.jpg: 31.394 ms
/ultralytics/zoo/dataset/DOTA100/images/train/000000000641.jpg: 23.583 ms
/ultralytics/zoo/dataset/DOTA100/images/train/000000000643.jpg: 34.241 ms
/ultralytics/zoo/dataset/DOTA100/images/train/000000000650.jpg: 22.842 ms
/ultralytics/zoo/dataset/DOTA100/images/val/000000000009.jpg: 23.585 ms
/ultralytics/zoo/dataset/DOTA100/images/val/000000000049.jpg: 26.787 ms
/ultralytics/zoo/dataset/DOTA100/images/val/000000000077.jpg: 27.071 ms
/ultralytics/zoo/dataset/DOTA100/images/val/000000000133.jpg: 23.243 ms
/ultralytics/zoo/dataset/DOTA100/images/val/000000000144.jpg: 33.722 ms
/ultralytics/zoo/dataset/DOTA100/images/val/000000000201.jpg: 31.529 ms
/ultralytics/zoo/dataset/DOTA100/images/val/000000000263.jpg: 24.458 ms
/ultralytics/zoo/dataset/DOTA100/images/val/000000000315.jpg: 23.031 ms
/ultralytics/zoo/dataset/DOTA100/images/val/000000000332.jpg: 23.531 ms
/ultralytics/zoo/dataset/DOTA100/images/val/000000000370.jpg: 23.453 ms
/ultralytics/zoo/dataset/DOTA100/images/val/000000000397.jpg: 32.919 ms
/ultralytics/zoo/dataset/DOTA100/images/val/000000000428.jpg: 22.600 ms
/ultralytics/zoo/dataset/DOTA100/images/val/000000000446.jpg: 23.630 ms
/ultralytics/zoo/dataset/DOTA100/images/val/000000000474.jpg: 26.767 ms
/ultralytics/zoo/dataset/DOTA100/images/val/000000000510.jpg: 32.488 ms
/ultralytics/zoo/dataset/DOTA100/images/val/000000000542.jpg: 23.581 ms
/ultralytics/zoo/dataset/DOTA100/images/val/000000000569.jpg: 23.673 ms
/ultralytics/zoo/dataset/DOTA100/images/val/000000000589.jpg: 23.389 ms
/ultralytics/zoo/dataset/DOTA100/images/val/000000000612.jpg: 32.894 ms
/ultralytics/zoo/dataset/DOTA100/images/val/000000000634.jpg: 23.560 ms
avg: 26.459 ms
