[yolo11n-pose] dataset=/ultralytics/zoo/dataset/coco128/images/train2017 count=100 imgsz=640
Using CUDA runtime cudaDeviceSynchronize() for accurate TensorRT synchronization
/ultralytics/zoo/dataset/coco128/images/train2017/000000000009.jpg: 23.812 ms
/ultralytics/zoo/dataset/coco128/images/train2017/000000000025.jpg: 22.925 ms
/ultralytics/zoo/dataset/coco128/images/train2017/000000000030.jpg: 28.412 ms
/ultralytics/zoo/dataset/coco128/images/train2017/000000000034.jpg: 23.718 ms
/ultralytics/zoo/dataset/coco128/images/train2017/000000000036.jpg: 34.521 ms
/ultralytics/zoo/dataset/coco128/images/train2017/000000000042.jpg: 23.259 ms
/ultralytics/zoo/dataset/coco128/images/train2017/000000000049.jpg: 35.855 ms
/ultralytics/zoo/dataset/coco128/images/train2017/000000000061.jpg: 26.053 ms
/ultralytics/zoo/dataset/coco128/images/train2017/000000000064.jpg: 23.851 ms
/ultralytics/zoo/dataset/coco128/images/train2017/000000000071.jpg: 24.872 ms
/ultralytics/zoo/dataset/coco128/images/train2017/000000000072.jpg: 24.869 ms
/ultralytics/zoo/dataset/coco128/images/train2017/000000000073.jpg: 20.823 ms
/ultralytics/zoo/dataset/coco128/images/train2017/000000000074.jpg: 15.123 ms
/ultralytics/zoo/dataset/coco128/images/train2017/000000000077.jpg: 25.351 ms
/ultralytics/zoo/dataset/coco128/images/train2017/000000000078.jpg: 24.944 ms
/ultralytics/zoo/dataset/coco128/images/train2017/000000000081.jpg: 16.496 ms
/ultralytics/zoo/dataset/coco128/images/train2017/000000000086.jpg: 25.987 ms
/ultralytics/zoo/dataset/coco128/images/train2017/000000000089.jpg: 27.333 ms
/ultralytics/zoo/dataset/coco128/images/train2017/000000000092.jpg: 21.009 ms
/ultralytics/zoo/dataset/coco128/images/train2017/000000000094.jpg: 20.036 ms
/ultralytics/zoo/dataset/coco128/images/train2017/000000000109.jpg: 21.034 ms
/ultralytics/zoo/dataset/coco128/images/train2017/000000000110.jpg: 41.387 ms
/ultralytics/zoo/dataset/coco128/images/train2017/000000000113.jpg: 29.794 ms
/ultralytics/zoo/dataset/coco128/images/train2017/000000000127.jpg: 23.513 ms
/ultralytics/zoo/dataset/coco128/images/train2017/000000000133.jpg: 18.196 ms
/ultralytics/zoo/dataset/coco128/images/train2017/000000000136.jpg: 28.856 ms
/ultralytics/zoo/dataset/coco128/images/train2017/000000000138.jpg: 25.566 ms
/ultralytics/zoo/dataset/coco128/images/train2017/000000000142.jpg: 23.291 ms
/ultralytics/zoo/dataset/coco128/images/train2017/000000000143.jpg: 27.715 ms
/ultralytics/zoo/dataset/coco128/images/train2017/000000000144.jpg: 19.835 ms
/ultralytics/zoo/dataset/coco128/images/train2017/000000000149.jpg: 24.045 ms
/ultralytics/zoo/dataset/coco128/images/train2017/000000000151.jpg: 29.822 ms
/ultralytics/zoo/dataset/coco128/images/train2017/000000000154.jpg: 24.854 ms
/ultralytics/zoo/dataset/coco128/images/train2017/000000000164.jpg: 18.889 ms
/ultralytics/zoo/dataset/coco128/images/train2017/000000000165.jpg: 28.123 ms
/ultralytics/zoo/dataset/coco128/images/train2017/000000000192.jpg: 28.300 ms
/ultralytics/zoo/dataset/coco128/images/train2017/000000000194.jpg: 27.445 ms
/ultralytics/zoo/dataset/coco128/images/train2017/000000000196.jpg: 20.778 ms
/ultralytics/zoo/dataset/coco128/images/train2017/000000000201.jpg: 25.041 ms
/ultralytics/zoo/dataset/coco128/images/train2017/000000000208.jpg: 27.856 ms
/ultralytics/zoo/dataset/coco128/images/train2017/000000000241.jpg: 36.152 ms
/ultralytics/zoo/dataset/coco128/images/train2017/000000000247.jpg: 22.622 ms
/ultralytics/zoo/dataset/coco128/images/train2017/000000000250.jpg: 22.156 ms
/ultralytics/zoo/dataset/coco128/images/train2017/000000000257.jpg: 30.858 ms
/ultralytics/zoo/dataset/coco128/images/train2017/000000000260.jpg: 32.581 ms
/ultralytics/zoo/dataset/coco128/images/train2017/000000000263.jpg: 21.181 ms
/ultralytics/zoo/dataset/coco128/images/train2017/000000000283.jpg: 22.043 ms
/ultralytics/zoo/dataset/coco128/images/train2017/000000000294.jpg: 23.828 ms
/ultralytics/zoo/dataset/coco128/images/train2017/000000000307.jpg: 20.534 ms
/ultralytics/zoo/dataset/coco128/images/train2017/000000000308.jpg: 36.423 ms
/ultralytics/zoo/dataset/coco128/images/train2017/000000000309.jpg: 34.491 ms
/ultralytics/zoo/dataset/coco128/images/train2017/000000000312.jpg: 20.296 ms
/ultralytics/zoo/dataset/coco128/images/train2017/000000000315.jpg: 28.873 ms
/ultralytics/zoo/dataset/coco128/images/train2017/000000000321.jpg: 21.376 ms
/ultralytics/zoo/dataset/coco128/images/train2017/000000000322.jpg: 22.941 ms
/ultralytics/zoo/dataset/coco128/images/train2017/000000000326.jpg: 21.851 ms
/ultralytics/zoo/dataset/coco128/images/train2017/000000000328.jpg: 24.852 ms
/ultralytics/zoo/dataset/coco128/images/train2017/000000000332.jpg: 18.789 ms
/ultralytics/zoo/dataset/coco128/images/train2017/000000000338.jpg: 25.560 ms
/ultralytics/zoo/dataset/coco128/images/train2017/000000000349.jpg: 17.649 ms
/ultralytics/zoo/dataset/coco128/images/train2017/000000000357.jpg: 28.038 ms
/ultralytics/zoo/dataset/coco128/images/train2017/000000000359.jpg: 18.921 ms
/ultralytics/zoo/dataset/coco128/images/train2017/000000000360.jpg: 21.208 ms
/ultralytics/zoo/dataset/coco128/images/train2017/000000000368.jpg: 33.909 ms
/ultralytics/zoo/dataset/coco128/images/train2017/000000000370.jpg: 28.007 ms
/ultralytics/zoo/dataset/coco128/images/train2017/000000000382.jpg: 22.147 ms
/ultralytics/zoo/dataset/coco128/images/train2017/000000000384.jpg: 17.441 ms
/ultralytics/zoo/dataset/coco128/images/train2017/000000000387.jpg: 26.811 ms
/ultralytics/zoo/dataset/coco128/images/train2017/000000000389.jpg: 39.690 ms
/ultralytics/zoo/dataset/coco128/images/train2017/000000000394.jpg: 20.054 ms
/ultralytics/zoo/dataset/coco128/images/train2017/000000000395.jpg: 36.592 ms
/ultralytics/zoo/dataset/coco128/images/train2017/000000000397.jpg: 25.373 ms
/ultralytics/zoo/dataset/coco128/images/train2017/000000000400.jpg: 21.107 ms
/ultralytics/zoo/dataset/coco128/images/train2017/000000000404.jpg: 22.477 ms
/ultralytics/zoo/dataset/coco128/images/train2017/000000000415.jpg: 22.192 ms
/ultralytics/zoo/dataset/coco128/images/train2017/000000000419.jpg: 26.925 ms
/ultralytics/zoo/dataset/coco128/images/train2017/000000000428.jpg: 23.725 ms
/ultralytics/zoo/dataset/coco128/images/train2017/000000000431.jpg: 19.889 ms
/ultralytics/zoo/dataset/coco128/images/train2017/000000000436.jpg: 24.524 ms
/ultralytics/zoo/dataset/coco128/images/train2017/000000000438.jpg: 19.352 ms
/ultralytics/zoo/dataset/coco128/images/train2017/000000000443.jpg: 31.391 ms
/ultralytics/zoo/dataset/coco128/images/train2017/000000000446.jpg: 28.821 ms
/ultralytics/zoo/dataset/coco128/images/train2017/000000000450.jpg: 18.602 ms
/ultralytics/zoo/dataset/coco128/images/train2017/000000000459.jpg: 23.096 ms
/ultralytics/zoo/dataset/coco128/images/train2017/000000000471.jpg: 23.880 ms
/ultralytics/zoo/dataset/coco128/images/train2017/000000000472.jpg: 17.014 ms
/ultralytics/zoo/dataset/coco128/images/train2017/000000000474.jpg: 26.875 ms
/ultralytics/zoo/dataset/coco128/images/train2017/000000000486.jpg: 21.315 ms
/ultralytics/zoo/dataset/coco128/images/train2017/000000000488.jpg: 28.073 ms
/ultralytics/zoo/dataset/coco128/images/train2017/000000000490.jpg: 23.580 ms
/ultralytics/zoo/dataset/coco128/images/train2017/000000000491.jpg: 21.680 ms
/ultralytics/zoo/dataset/coco128/images/train2017/000000000502.jpg: 22.065 ms
/ultralytics/zoo/dataset/coco128/images/train2017/000000000508.jpg: 22.400 ms
/ultralytics/zoo/dataset/coco128/images/train2017/000000000510.jpg: 25.058 ms
/ultralytics/zoo/dataset/coco128/images/train2017/000000000514.jpg: 18.562 ms
/ultralytics/zoo/dataset/coco128/images/train2017/000000000520.jpg: 19.307 ms
/ultralytics/zoo/dataset/coco128/images/train2017/000000000529.jpg: 32.362 ms
/ultralytics/zoo/dataset/coco128/images/train2017/000000000531.jpg: 26.673 ms
/ultralytics/zoo/dataset/coco128/images/train2017/000000000532.jpg: 25.972 ms
/ultralytics/zoo/dataset/coco128/images/train2017/000000000536.jpg: 30.903 ms
avg: 24.947 ms

[yolo11n-obb] dataset=/ultralytics/zoo/dataset/DOTA100/images count=100 imgsz=640
Using CUDA runtime cudaDeviceSynchronize() for accurate TensorRT synchronization
/ultralytics/zoo/dataset/DOTA100/images/train/000000000025.jpg: 32.271 ms
/ultralytics/zoo/dataset/DOTA100/images/train/000000000034.jpg: 24.689 ms
/ultralytics/zoo/dataset/DOTA100/images/train/000000000036.jpg: 22.693 ms
/ultralytics/zoo/dataset/DOTA100/images/train/000000000042.jpg: 26.317 ms
/ultralytics/zoo/dataset/DOTA100/images/train/000000000064.jpg: 24.411 ms
/ultralytics/zoo/dataset/DOTA100/images/train/000000000071.jpg: 24.691 ms
/ultralytics/zoo/dataset/DOTA100/images/train/000000000073.jpg: 25.846 ms
/ultralytics/zoo/dataset/DOTA100/images/train/000000000074.jpg: 21.717 ms
/ultralytics/zoo/dataset/DOTA100/images/train/000000000078.jpg: 29.843 ms
/ultralytics/zoo/dataset/DOTA100/images/train/000000000089.jpg: 20.649 ms
/ultralytics/zoo/dataset/DOTA100/images/train/000000000094.jpg: 17.682 ms
/ultralytics/zoo/dataset/DOTA100/images/train/000000000110.jpg: 18.697 ms
/ultralytics/zoo/dataset/DOTA100/images/train/000000000136.jpg: 22.278 ms
/ultralytics/zoo/dataset/DOTA100/images/train/000000000138.jpg: 21.690 ms
/ultralytics/zoo/dataset/DOTA100/images/train/000000000142.jpg: 21.316 ms
/ultralytics/zoo/dataset/DOTA100/images/train/000000000143.jpg: 28.062 ms
/ultralytics/zoo/dataset/DOTA100/images/train/000000000151.jpg: 23.520 ms
/ultralytics/zoo/dataset/DOTA100/images/train/000000000154.jpg: 14.655 ms
/ultralytics/zoo/dataset/DOTA100/images/train/000000000164.jpg: 21.997 ms
/ultralytics/zoo/dataset/DOTA100/images/train/000000000196.jpg: 22.449 ms
/ultralytics/zoo/dataset/DOTA100/images/train/000000000208.jpg: 18.832 ms
/ultralytics/zoo/dataset/DOTA100/images/train/000000000241.jpg: 23.134 ms
/ultralytics/zoo/dataset/DOTA100/images/train/000000000247.jpg: 14.250 ms
/ultralytics/zoo/dataset/DOTA100/images/train/000000000260.jpg: 21.432 ms
/ultralytics/zoo/dataset/DOTA100/images/train/000000000294.jpg: 24.503 ms
/ultralytics/zoo/dataset/DOTA100/images/train/000000000308.jpg: 21.101 ms
/ultralytics/zoo/dataset/DOTA100/images/train/000000000309.jpg: 24.597 ms
/ultralytics/zoo/dataset/DOTA100/images/train/000000000312.jpg: 22.085 ms
/ultralytics/zoo/dataset/DOTA100/images/train/000000000321.jpg: 15.558 ms
/ultralytics/zoo/dataset/DOTA100/images/train/000000000322.jpg: 26.598 ms
/ultralytics/zoo/dataset/DOTA100/images/train/000000000326.jpg: 17.727 ms
/ultralytics/zoo/dataset/DOTA100/images/train/000000000328.jpg: 25.966 ms
/ultralytics/zoo/dataset/DOTA100/images/train/000000000338.jpg: 13.584 ms
/ultralytics/zoo/dataset/DOTA100/images/train/000000000357.jpg: 21.746 ms
/ultralytics/zoo/dataset/DOTA100/images/train/000000000360.jpg: 19.712 ms
/ultralytics/zoo/dataset/DOTA100/images/train/000000000368.jpg: 24.169 ms
/ultralytics/zoo/dataset/DOTA100/images/train/000000000382.jpg: 20.422 ms
/ultralytics/zoo/dataset/DOTA100/images/train/000000000387.jpg: 22.387 ms
/ultralytics/zoo/dataset/DOTA100/images/train/000000000389.jpg: 31.030 ms
/ultralytics/zoo/dataset/DOTA100/images/train/000000000395.jpg: 19.507 ms
/ultralytics/zoo/dataset/DOTA100/images/train/000000000400.jpg: 23.035 ms
/ultralytics/zoo/dataset/DOTA100/images/train/000000000404.jpg: 18.084 ms
/ultralytics/zoo/dataset/DOTA100/images/train/000000000415.jpg: 28.014 ms
/ultralytics/zoo/dataset/DOTA100/images/train/000000000419.jpg: 20.896 ms
/ultralytics/zoo/dataset/DOTA100/images/train/000000000431.jpg: 18.348 ms
/ultralytics/zoo/dataset/DOTA100/images/train/000000000436.jpg: 19.127 ms
/ultralytics/zoo/dataset/DOTA100/images/train/000000000438.jpg: 24.956 ms
/ultralytics/zoo/dataset/DOTA100/images/train/000000000443.jpg: 15.186 ms
/ultralytics/zoo/dataset/DOTA100/images/train/000000000450.jpg: 15.870 ms
/ultralytics/zoo/dataset/DOTA100/images/train/000000000459.jpg: 24.618 ms
/ultralytics/zoo/dataset/DOTA100/images/train/000000000471.jpg: 17.064 ms
/ultralytics/zoo/dataset/DOTA100/images/train/000000000472.jpg: 23.052 ms
/ultralytics/zoo/dataset/DOTA100/images/train/000000000488.jpg: 15.700 ms
/ultralytics/zoo/dataset/DOTA100/images/train/000000000491.jpg: 23.700 ms
/ultralytics/zoo/dataset/DOTA100/images/train/000000000502.jpg: 20.427 ms
/ultralytics/zoo/dataset/DOTA100/images/train/000000000508.jpg: 18.923 ms
/ultralytics/zoo/dataset/DOTA100/images/train/000000000520.jpg: 28.563 ms
/ultralytics/zoo/dataset/DOTA100/images/train/000000000529.jpg: 19.020 ms
/ultralytics/zoo/dataset/DOTA100/images/train/000000000531.jpg: 18.055 ms
/ultralytics/zoo/dataset/DOTA100/images/train/000000000540.jpg: 29.732 ms
/ultralytics/zoo/dataset/DOTA100/images/train/000000000544.jpg: 31.411 ms
/ultralytics/zoo/dataset/DOTA100/images/train/000000000560.jpg: 27.609 ms
/ultralytics/zoo/dataset/DOTA100/images/train/000000000562.jpg: 20.459 ms
/ultralytics/zoo/dataset/DOTA100/images/train/000000000564.jpg: 19.256 ms
/ultralytics/zoo/dataset/DOTA100/images/train/000000000572.jpg: 21.091 ms
/ultralytics/zoo/dataset/DOTA100/images/train/000000000575.jpg: 22.126 ms
/ultralytics/zoo/dataset/DOTA100/images/train/000000000581.jpg: 23.896 ms
/ultralytics/zoo/dataset/DOTA100/images/train/000000000584.jpg: 16.772 ms
/ultralytics/zoo/dataset/DOTA100/images/train/000000000590.jpg: 24.454 ms
/ultralytics/zoo/dataset/DOTA100/images/train/000000000595.jpg: 20.995 ms
/ultralytics/zoo/dataset/DOTA100/images/train/000000000597.jpg: 16.715 ms
/ultralytics/zoo/dataset/DOTA100/images/train/000000000599.jpg: 21.581 ms
/ultralytics/zoo/dataset/DOTA100/images/train/000000000620.jpg: 19.499 ms
/ultralytics/zoo/dataset/DOTA100/images/train/000000000625.jpg: 18.658 ms
/ultralytics/zoo/dataset/DOTA100/images/train/000000000626.jpg: 24.953 ms
/ultralytics/zoo/dataset/DOTA100/images/train/000000000629.jpg: 23.244 ms
/ultralytics/zoo/dataset/DOTA100/images/train/000000000636.jpg: 20.805 ms
/ultralytics/zoo/dataset/DOTA100/images/train/000000000641.jpg: 22.581 ms
/ultralytics/zoo/dataset/DOTA100/images/train/000000000643.jpg: 27.742 ms
/ultralytics/zoo/dataset/DOTA100/images/train/000000000650.jpg: 16.067 ms
/ultralytics/zoo/dataset/DOTA100/images/val/000000000009.jpg: 23.255 ms
/ultralytics/zoo/dataset/DOTA100/images/val/000000000049.jpg: 25.184 ms
/ultralytics/zoo/dataset/DOTA100/images/val/000000000077.jpg: 19.416 ms
/ultralytics/zoo/dataset/DOTA100/images/val/000000000133.jpg: 20.377 ms
/ultralytics/zoo/dataset/DOTA100/images/val/000000000144.jpg: 22.830 ms
/ultralytics/zoo/dataset/DOTA100/images/val/000000000201.jpg: 22.197 ms
/ultralytics/zoo/dataset/DOTA100/images/val/000000000263.jpg: 16.295 ms
/ultralytics/zoo/dataset/DOTA100/images/val/000000000315.jpg: 20.779 ms
/ultralytics/zoo/dataset/DOTA100/images/val/000000000332.jpg: 19.058 ms
/ultralytics/zoo/dataset/DOTA100/images/val/000000000370.jpg: 21.246 ms
/ultralytics/zoo/dataset/DOTA100/images/val/000000000397.jpg: 25.567 ms
/ultralytics/zoo/dataset/DOTA100/images/val/000000000428.jpg: 22.408 ms
/ultralytics/zoo/dataset/DOTA100/images/val/000000000446.jpg: 15.861 ms
/ultralytics/zoo/dataset/DOTA100/images/val/000000000474.jpg: 19.970 ms
/ultralytics/zoo/dataset/DOTA100/images/val/000000000510.jpg: 24.016 ms
/ultralytics/zoo/dataset/DOTA100/images/val/000000000542.jpg: 18.663 ms
/ultralytics/zoo/dataset/DOTA100/images/val/000000000569.jpg: 19.279 ms
/ultralytics/zoo/dataset/DOTA100/images/val/000000000589.jpg: 14.135 ms
/ultralytics/zoo/dataset/DOTA100/images/val/000000000612.jpg: 22.507 ms
/ultralytics/zoo/dataset/DOTA100/images/val/000000000634.jpg: 19.964 ms
avg: 21.691 ms

[yolo11n-detect] dataset=/ultralytics/zoo/dataset/coco128/images/train2017 count=100 imgsz=640
Using CUDA runtime cudaDeviceSynchronize() for accurate TensorRT synchronization
/ultralytics/zoo/dataset/coco128/images/train2017/000000000009.jpg: 36.112 ms
/ultralytics/zoo/dataset/coco128/images/train2017/000000000025.jpg: 27.259 ms
/ultralytics/zoo/dataset/coco128/images/train2017/000000000030.jpg: 26.112 ms
/ultralytics/zoo/dataset/coco128/images/train2017/000000000034.jpg: 20.272 ms
/ultralytics/zoo/dataset/coco128/images/train2017/000000000036.jpg: 19.926 ms
/ultralytics/zoo/dataset/coco128/images/train2017/000000000042.jpg: 22.359 ms
/ultralytics/zoo/dataset/coco128/images/train2017/000000000049.jpg: 38.019 ms
/ultralytics/zoo/dataset/coco128/images/train2017/000000000061.jpg: 28.821 ms
/ultralytics/zoo/dataset/coco128/images/train2017/000000000064.jpg: 29.855 ms
/ultralytics/zoo/dataset/coco128/images/train2017/000000000071.jpg: 23.725 ms
/ultralytics/zoo/dataset/coco128/images/train2017/000000000072.jpg: 26.494 ms
/ultralytics/zoo/dataset/coco128/images/train2017/000000000073.jpg: 29.588 ms
/ultralytics/zoo/dataset/coco128/images/train2017/000000000074.jpg: 42.915 ms
/ultralytics/zoo/dataset/coco128/images/train2017/000000000077.jpg: 36.485 ms
/ultralytics/zoo/dataset/coco128/images/train2017/000000000078.jpg: 32.960 ms
/ultralytics/zoo/dataset/coco128/images/train2017/000000000081.jpg: 24.345 ms
/ultralytics/zoo/dataset/coco128/images/train2017/000000000086.jpg: 30.734 ms
/ultralytics/zoo/dataset/coco128/images/train2017/000000000089.jpg: 38.350 ms
/ultralytics/zoo/dataset/coco128/images/train2017/000000000092.jpg: 31.506 ms
/ultralytics/zoo/dataset/coco128/images/train2017/000000000094.jpg: 27.641 ms
/ultralytics/zoo/dataset/coco128/images/train2017/000000000109.jpg: 45.420 ms
/ultralytics/zoo/dataset/coco128/images/train2017/000000000110.jpg: 54.518 ms
/ultralytics/zoo/dataset/coco128/images/train2017/000000000113.jpg: 48.124 ms
/ultralytics/zoo/dataset/coco128/images/train2017/000000000127.jpg: 37.760 ms
/ultralytics/zoo/dataset/coco128/images/train2017/000000000133.jpg: 24.235 ms
/ultralytics/zoo/dataset/coco128/images/train2017/000000000136.jpg: 29.012 ms
/ultralytics/zoo/dataset/coco128/images/train2017/000000000138.jpg: 36.939 ms
/ultralytics/zoo/dataset/coco128/images/train2017/000000000142.jpg: 31.781 ms
/ultralytics/zoo/dataset/coco128/images/train2017/000000000143.jpg: 46.877 ms
/ultralytics/zoo/dataset/coco128/images/train2017/000000000144.jpg: 30.311 ms
/ultralytics/zoo/dataset/coco128/images/train2017/000000000149.jpg: 39.678 ms
/ultralytics/zoo/dataset/coco128/images/train2017/000000000151.jpg: 31.884 ms
/ultralytics/zoo/dataset/coco128/images/train2017/000000000154.jpg: 28.976 ms
/ultralytics/zoo/dataset/coco128/images/train2017/000000000164.jpg: 31.015 ms
/ultralytics/zoo/dataset/coco128/images/train2017/000000000165.jpg: 31.693 ms
/ultralytics/zoo/dataset/coco128/images/train2017/000000000192.jpg: 34.580 ms
/ultralytics/zoo/dataset/coco128/images/train2017/000000000194.jpg: 25.744 ms
/ultralytics/zoo/dataset/coco128/images/train2017/000000000196.jpg: 66.769 ms
/ultralytics/zoo/dataset/coco128/images/train2017/000000000201.jpg: 29.673 ms
/ultralytics/zoo/dataset/coco128/images/train2017/000000000208.jpg: 25.885 ms
/ultralytics/zoo/dataset/coco128/images/train2017/000000000241.jpg: 35.729 ms
/ultralytics/zoo/dataset/coco128/images/train2017/000000000247.jpg: 25.567 ms
/ultralytics/zoo/dataset/coco128/images/train2017/000000000250.jpg: 16.170 ms
/ultralytics/zoo/dataset/coco128/images/train2017/000000000257.jpg: 57.070 ms
/ultralytics/zoo/dataset/coco128/images/train2017/000000000260.jpg: 36.173 ms
/ultralytics/zoo/dataset/coco128/images/train2017/000000000263.jpg: 28.662 ms
/ultralytics/zoo/dataset/coco128/images/train2017/000000000283.jpg: 29.243 ms
/ultralytics/zoo/dataset/coco128/images/train2017/000000000294.jpg: 29.682 ms
/ultralytics/zoo/dataset/coco128/images/train2017/000000000307.jpg: 22.849 ms
/ultralytics/zoo/dataset/coco128/images/train2017/000000000308.jpg: 36.227 ms
/ultralytics/zoo/dataset/coco128/images/train2017/000000000309.jpg: 31.009 ms
/ultralytics/zoo/dataset/coco128/images/train2017/000000000312.jpg: 31.218 ms
/ultralytics/zoo/dataset/coco128/images/train2017/000000000315.jpg: 51.201 ms
/ultralytics/zoo/dataset/coco128/images/train2017/000000000321.jpg: 28.232 ms
/ultralytics/zoo/dataset/coco128/images/train2017/000000000322.jpg: 23.933 ms
/ultralytics/zoo/dataset/coco128/images/train2017/000000000326.jpg: 20.356 ms
/ultralytics/zoo/dataset/coco128/images/train2017/000000000328.jpg: 35.226 ms
/ultralytics/zoo/dataset/coco128/images/train2017/000000000332.jpg: 36.280 ms
/ultralytics/zoo/dataset/coco128/images/train2017/000000000338.jpg: 32.207 ms
/ultralytics/zoo/dataset/coco128/images/train2017/000000000349.jpg: 28.144 ms
/ultralytics/zoo/dataset/coco128/images/train2017/000000000357.jpg: 37.402 ms
/ultralytics/zoo/dataset/coco128/images/train2017/000000000359.jpg: 32.004 ms
/ultralytics/zoo/dataset/coco128/images/train2017/000000000360.jpg: 23.109 ms
/ultralytics/zoo/dataset/coco128/images/train2017/000000000368.jpg: 45.395 ms
/ultralytics/zoo/dataset/coco128/images/train2017/000000000370.jpg: 21.002 ms
/ultralytics/zoo/dataset/coco128/images/train2017/000000000382.jpg: 27.534 ms
/ultralytics/zoo/dataset/coco128/images/train2017/000000000384.jpg: 29.481 ms
/ultralytics/zoo/dataset/coco128/images/train2017/000000000387.jpg: 26.249 ms
/ultralytics/zoo/dataset/coco128/images/train2017/000000000389.jpg: 43.825 ms
/ultralytics/zoo/dataset/coco128/images/train2017/000000000394.jpg: 24.526 ms
/ultralytics/zoo/dataset/coco128/images/train2017/000000000395.jpg: 30.085 ms
/ultralytics/zoo/dataset/coco128/images/train2017/000000000397.jpg: 25.009 ms
/ultralytics/zoo/dataset/coco128/images/train2017/000000000400.jpg: 25.503 ms
/ultralytics/zoo/dataset/coco128/images/train2017/000000000404.jpg: 18.191 ms
/ultralytics/zoo/dataset/coco128/images/train2017/000000000415.jpg: 19.440 ms
/ultralytics/zoo/dataset/coco128/images/train2017/000000000419.jpg: 23.476 ms
/ultralytics/zoo/dataset/coco128/images/train2017/000000000428.jpg: 19.595 ms
/ultralytics/zoo/dataset/coco128/images/train2017/000000000431.jpg: 18.559 ms
/ultralytics/zoo/dataset/coco128/images/train2017/000000000436.jpg: 23.201 ms
/ultralytics/zoo/dataset/coco128/images/train2017/000000000438.jpg: 48.590 ms
/ultralytics/zoo/dataset/coco128/images/train2017/000000000443.jpg: 24.730 ms
/ultralytics/zoo/dataset/coco128/images/train2017/000000000446.jpg: 21.709 ms
/ultralytics/zoo/dataset/coco128/images/train2017/000000000450.jpg: 29.348 ms
/ultralytics/zoo/dataset/coco128/images/train2017/000000000459.jpg: 25.208 ms
/ultralytics/zoo/dataset/coco128/images/train2017/000000000471.jpg: 22.201 ms
/ultralytics/zoo/dataset/coco128/images/train2017/000000000472.jpg: 21.182 ms
/ultralytics/zoo/dataset/coco128/images/train2017/000000000474.jpg: 24.225 ms
/ultralytics/zoo/dataset/coco128/images/train2017/000000000486.jpg: 20.262 ms
/ultralytics/zoo/dataset/coco128/images/train2017/000000000488.jpg: 28.029 ms
/ultralytics/zoo/dataset/coco128/images/train2017/000000000490.jpg: 22.480 ms
/ultralytics/zoo/dataset/coco128/images/train2017/000000000491.jpg: 24.869 ms
/ultralytics/zoo/dataset/coco128/images/train2017/000000000502.jpg: 19.185 ms
/ultralytics/zoo/dataset/coco128/images/train2017/000000000508.jpg: 14.597 ms
/ultralytics/zoo/dataset/coco128/images/train2017/000000000510.jpg: 19.375 ms
/ultralytics/zoo/dataset/coco128/images/train2017/000000000514.jpg: 18.524 ms
/ultralytics/zoo/dataset/coco128/images/train2017/000000000520.jpg: 30.910 ms
/ultralytics/zoo/dataset/coco128/images/train2017/000000000529.jpg: 20.420 ms
/ultralytics/zoo/dataset/coco128/images/train2017/000000000531.jpg: 30.766 ms
/ultralytics/zoo/dataset/coco128/images/train2017/000000000532.jpg: 25.661 ms
/ultralytics/zoo/dataset/coco128/images/train2017/000000000536.jpg: 28.593 ms
avg: 29.940 ms

[yolo11n-seg] dataset=/ultralytics/zoo/dataset/coco128/images/train2017 count=100 imgsz=640
Using CUDA runtime cudaDeviceSynchronize() for accurate TensorRT synchronization
/ultralytics/zoo/dataset/coco128/images/train2017/000000000009.jpg: 33.808 ms
/ultralytics/zoo/dataset/coco128/images/train2017/000000000025.jpg: 30.307 ms
/ultralytics/zoo/dataset/coco128/images/train2017/000000000030.jpg: 34.460 ms
/ultralytics/zoo/dataset/coco128/images/train2017/000000000034.jpg: 32.026 ms
/ultralytics/zoo/dataset/coco128/images/train2017/000000000036.jpg: 29.786 ms
/ultralytics/zoo/dataset/coco128/images/train2017/000000000042.jpg: 25.612 ms
/ultralytics/zoo/dataset/coco128/images/train2017/000000000049.jpg: 46.580 ms
/ultralytics/zoo/dataset/coco128/images/train2017/000000000061.jpg: 31.348 ms
/ultralytics/zoo/dataset/coco128/images/train2017/000000000064.jpg: 32.767 ms
/ultralytics/zoo/dataset/coco128/images/train2017/000000000071.jpg: 30.388 ms
/ultralytics/zoo/dataset/coco128/images/train2017/000000000072.jpg: 32.747 ms
/ultralytics/zoo/dataset/coco128/images/train2017/000000000073.jpg: 27.614 ms
/ultralytics/zoo/dataset/coco128/images/train2017/000000000074.jpg: 34.342 ms
/ultralytics/zoo/dataset/coco128/images/train2017/000000000077.jpg: 41.411 ms
/ultralytics/zoo/dataset/coco128/images/train2017/000000000078.jpg: 34.650 ms
/ultralytics/zoo/dataset/coco128/images/train2017/000000000081.jpg: 26.663 ms
/ultralytics/zoo/dataset/coco128/images/train2017/000000000086.jpg: 29.610 ms
/ultralytics/zoo/dataset/coco128/images/train2017/000000000089.jpg: 37.510 ms
/ultralytics/zoo/dataset/coco128/images/train2017/000000000092.jpg: 27.834 ms
/ultralytics/zoo/dataset/coco128/images/train2017/000000000094.jpg: 22.234 ms
/ultralytics/zoo/dataset/coco128/images/train2017/000000000109.jpg: 43.877 ms
/ultralytics/zoo/dataset/coco128/images/train2017/000000000110.jpg: 65.969 ms
/ultralytics/zoo/dataset/coco128/images/train2017/000000000113.jpg: 49.178 ms
/ultralytics/zoo/dataset/coco128/images/train2017/000000000127.jpg: 37.387 ms
/ultralytics/zoo/dataset/coco128/images/train2017/000000000133.jpg: 22.280 ms
/ultralytics/zoo/dataset/coco128/images/train2017/000000000136.jpg: 28.730 ms
/ultralytics/zoo/dataset/coco128/images/train2017/000000000138.jpg: 37.573 ms
/ultralytics/zoo/dataset/coco128/images/train2017/000000000142.jpg: 30.878 ms
/ultralytics/zoo/dataset/coco128/images/train2017/000000000143.jpg: 41.251 ms
/ultralytics/zoo/dataset/coco128/images/train2017/000000000144.jpg: 36.347 ms
/ultralytics/zoo/dataset/coco128/images/train2017/000000000149.jpg: 44.834 ms
/ultralytics/zoo/dataset/coco128/images/train2017/000000000151.jpg: 29.612 ms
/ultralytics/zoo/dataset/coco128/images/train2017/000000000154.jpg: 31.134 ms
/ultralytics/zoo/dataset/coco128/images/train2017/000000000164.jpg: 31.303 ms
/ultralytics/zoo/dataset/coco128/images/train2017/000000000165.jpg: 23.785 ms
/ultralytics/zoo/dataset/coco128/images/train2017/000000000192.jpg: 34.749 ms
/ultralytics/zoo/dataset/coco128/images/train2017/000000000194.jpg: 31.765 ms
/ultralytics/zoo/dataset/coco128/images/train2017/000000000196.jpg: 81.477 ms
/ultralytics/zoo/dataset/coco128/images/train2017/000000000201.jpg: 32.984 ms
/ultralytics/zoo/dataset/coco128/images/train2017/000000000208.jpg: 32.345 ms
/ultralytics/zoo/dataset/coco128/images/train2017/000000000241.jpg: 42.729 ms
/ultralytics/zoo/dataset/coco128/images/train2017/000000000247.jpg: 26.435 ms
/ultralytics/zoo/dataset/coco128/images/train2017/000000000250.jpg: 16.638 ms
/ultralytics/zoo/dataset/coco128/images/train2017/000000000257.jpg: 61.389 ms
/ultralytics/zoo/dataset/coco128/images/train2017/000000000260.jpg: 42.034 ms
/ultralytics/zoo/dataset/coco128/images/train2017/000000000263.jpg: 30.724 ms
/ultralytics/zoo/dataset/coco128/images/train2017/000000000283.jpg: 36.511 ms
/ultralytics/zoo/dataset/coco128/images/train2017/000000000294.jpg: 37.457 ms
/ultralytics/zoo/dataset/coco128/images/train2017/000000000307.jpg: 28.456 ms
/ultralytics/zoo/dataset/coco128/images/train2017/000000000308.jpg: 50.206 ms
/ultralytics/zoo/dataset/coco128/images/train2017/000000000309.jpg: 35.160 ms
/ultralytics/zoo/dataset/coco128/images/train2017/000000000312.jpg: 34.661 ms
/ultralytics/zoo/dataset/coco128/images/train2017/000000000315.jpg: 66.791 ms
/ultralytics/zoo/dataset/coco128/images/train2017/000000000321.jpg: 27.482 ms
/ultralytics/zoo/dataset/coco128/images/train2017/000000000322.jpg: 27.894 ms
/ultralytics/zoo/dataset/coco128/images/train2017/000000000326.jpg: 24.086 ms
/ultralytics/zoo/dataset/coco128/images/train2017/000000000328.jpg: 31.258 ms
/ultralytics/zoo/dataset/coco128/images/train2017/000000000332.jpg: 36.827 ms
/ultralytics/zoo/dataset/coco128/images/train2017/000000000338.jpg: 28.727 ms
/ultralytics/zoo/dataset/coco128/images/train2017/000000000349.jpg: 24.960 ms
/ultralytics/zoo/dataset/coco128/images/train2017/000000000357.jpg: 34.485 ms
/ultralytics/zoo/dataset/coco128/images/train2017/000000000359.jpg: 26.520 ms
/ultralytics/zoo/dataset/coco128/images/train2017/000000000360.jpg: 25.174 ms
/ultralytics/zoo/dataset/coco128/images/train2017/000000000368.jpg: 38.379 ms
/ultralytics/zoo/dataset/coco128/images/train2017/000000000370.jpg: 22.128 ms
/ultralytics/zoo/dataset/coco128/images/train2017/000000000382.jpg: 24.164 ms
/ultralytics/zoo/dataset/coco128/images/train2017/000000000384.jpg: 28.338 ms
/ultralytics/zoo/dataset/coco128/images/train2017/000000000387.jpg: 21.325 ms
/ultralytics/zoo/dataset/coco128/images/train2017/000000000389.jpg: 34.229 ms
/ultralytics/zoo/dataset/coco128/images/train2017/000000000394.jpg: 26.932 ms
/ultralytics/zoo/dataset/coco128/images/train2017/000000000395.jpg: 34.479 ms
/ultralytics/zoo/dataset/coco128/images/train2017/000000000397.jpg: 22.030 ms
/ultralytics/zoo/dataset/coco128/images/train2017/000000000400.jpg: 22.532 ms
/ultralytics/zoo/dataset/coco128/images/train2017/000000000404.jpg: 20.626 ms
/ultralytics/zoo/dataset/coco128/images/train2017/000000000415.jpg: 22.284 ms
/ultralytics/zoo/dataset/coco128/images/train2017/000000000419.jpg: 23.525 ms
/ultralytics/zoo/dataset/coco128/images/train2017/000000000428.jpg: 20.958 ms
/ultralytics/zoo/dataset/coco128/images/train2017/000000000431.jpg: 23.230 ms
/ultralytics/zoo/dataset/coco128/images/train2017/000000000436.jpg: 26.153 ms
/ultralytics/zoo/dataset/coco128/images/train2017/000000000438.jpg: 52.687 ms
/ultralytics/zoo/dataset/coco128/images/train2017/000000000443.jpg: 31.064 ms
/ultralytics/zoo/dataset/coco128/images/train2017/000000000446.jpg: 24.259 ms
/ultralytics/zoo/dataset/coco128/images/train2017/000000000450.jpg: 28.788 ms
/ultralytics/zoo/dataset/coco128/images/train2017/000000000459.jpg: 21.760 ms
/ultralytics/zoo/dataset/coco128/images/train2017/000000000471.jpg: 19.519 ms
/ultralytics/zoo/dataset/coco128/images/train2017/000000000472.jpg: 18.200 ms
/ultralytics/zoo/dataset/coco128/images/train2017/000000000474.jpg: 23.390 ms
/ultralytics/zoo/dataset/coco128/images/train2017/000000000486.jpg: 21.521 ms
/ultralytics/zoo/dataset/coco128/images/train2017/000000000488.jpg: 27.616 ms
/ultralytics/zoo/dataset/coco128/images/train2017/000000000490.jpg: 24.768 ms
/ultralytics/zoo/dataset/coco128/images/train2017/000000000491.jpg: 27.384 ms
/ultralytics/zoo/dataset/coco128/images/train2017/000000000502.jpg: 20.458 ms
/ultralytics/zoo/dataset/coco128/images/train2017/000000000508.jpg: 14.786 ms
/ultralytics/zoo/dataset/coco128/images/train2017/000000000510.jpg: 21.996 ms
/ultralytics/zoo/dataset/coco128/images/train2017/000000000514.jpg: 20.061 ms
/ultralytics/zoo/dataset/coco128/images/train2017/000000000520.jpg: 29.533 ms
/ultralytics/zoo/dataset/coco128/images/train2017/000000000529.jpg: 22.942 ms
/ultralytics/zoo/dataset/coco128/images/train2017/000000000531.jpg: 37.481 ms
/ultralytics/zoo/dataset/coco128/images/train2017/000000000532.jpg: 28.557 ms
/ultralytics/zoo/dataset/coco128/images/train2017/000000000536.jpg: 29.862 ms
avg: 31.637 ms

[yolo11n-cls] dataset=/ultralytics/zoo/dataset/CIFAR100 count=100 imgsz=224
Using CUDA runtime cudaDeviceSynchronize() for accurate TensorRT synchronization
/ultralytics/zoo/dataset/CIFAR100/airplane/data_batch_1_00029.png: 8.101 ms
/ultralytics/zoo/dataset/CIFAR100/airplane/data_batch_1_00030.png: 7.545 ms
/ultralytics/zoo/dataset/CIFAR100/airplane/data_batch_1_00035.png: 7.290 ms
/ultralytics/zoo/dataset/CIFAR100/airplane/data_batch_1_00049.png: 7.111 ms
/ultralytics/zoo/dataset/CIFAR100/airplane/data_batch_1_00077.png: 7.046 ms
/ultralytics/zoo/dataset/CIFAR100/airplane/data_batch_1_00093.png: 6.988 ms
/ultralytics/zoo/dataset/CIFAR100/airplane/data_batch_1_00115.png: 7.036 ms
/ultralytics/zoo/dataset/CIFAR100/airplane/data_batch_1_00116.png: 7.120 ms
/ultralytics/zoo/dataset/CIFAR100/airplane/data_batch_1_00129.png: 6.977 ms
/ultralytics/zoo/dataset/CIFAR100/airplane/data_batch_1_00165.png: 7.164 ms
/ultralytics/zoo/dataset/CIFAR100/automobile/data_batch_1_00004.png: 7.118 ms
/ultralytics/zoo/dataset/CIFAR100/automobile/data_batch_1_00005.png: 7.054 ms
/ultralytics/zoo/dataset/CIFAR100/automobile/data_batch_1_00032.png: 7.043 ms
/ultralytics/zoo/dataset/CIFAR100/automobile/data_batch_1_00044.png: 7.136 ms
/ultralytics/zoo/dataset/CIFAR100/automobile/data_batch_1_00045.png: 7.205 ms
/ultralytics/zoo/dataset/CIFAR100/automobile/data_batch_1_00046.png: 7.160 ms
/ultralytics/zoo/dataset/CIFAR100/automobile/data_batch_1_00060.png: 7.266 ms
/ultralytics/zoo/dataset/CIFAR100/automobile/data_batch_1_00061.png: 7.154 ms
/ultralytics/zoo/dataset/CIFAR100/automobile/data_batch_1_00064.png: 7.404 ms
/ultralytics/zoo/dataset/CIFAR100/automobile/data_batch_1_00065.png: 7.361 ms
/ultralytics/zoo/dataset/CIFAR100/bird/data_batch_1_00006.png: 7.427 ms
/ultralytics/zoo/dataset/CIFAR100/bird/data_batch_1_00013.png: 7.395 ms
/ultralytics/zoo/dataset/CIFAR100/bird/data_batch_1_00018.png: 7.651 ms
/ultralytics/zoo/dataset/CIFAR100/bird/data_batch_1_00024.png: 8.774 ms
/ultralytics/zoo/dataset/CIFAR100/bird/data_batch_1_00041.png: 7.767 ms
/ultralytics/zoo/dataset/CIFAR100/bird/data_batch_1_00042.png: 7.674 ms
/ultralytics/zoo/dataset/CIFAR100/bird/data_batch_1_00047.png: 8.313 ms
/ultralytics/zoo/dataset/CIFAR100/bird/data_batch_1_00048.png: 7.602 ms
/ultralytics/zoo/dataset/CIFAR100/bird/data_batch_1_00054.png: 8.262 ms
/ultralytics/zoo/dataset/CIFAR100/bird/data_batch_1_00055.png: 8.829 ms
/ultralytics/zoo/dataset/CIFAR100/cat/data_batch_1_00009.png: 9.314 ms
/ultralytics/zoo/dataset/CIFAR100/cat/data_batch_1_00017.png: 9.230 ms
/ultralytics/zoo/dataset/CIFAR100/cat/data_batch_1_00021.png: 8.481 ms
/ultralytics/zoo/dataset/CIFAR100/cat/data_batch_1_00026.png: 7.928 ms
/ultralytics/zoo/dataset/CIFAR100/cat/data_batch_1_00033.png: 8.442 ms
/ultralytics/zoo/dataset/CIFAR100/cat/data_batch_1_00036.png: 9.019 ms
/ultralytics/zoo/dataset/CIFAR100/cat/data_batch_1_00038.png: 7.820 ms
/ultralytics/zoo/dataset/CIFAR100/cat/data_batch_1_00039.png: 7.454 ms
/ultralytics/zoo/dataset/CIFAR100/cat/data_batch_1_00059.png: 8.142 ms
/ultralytics/zoo/dataset/CIFAR100/cat/data_batch_1_00074.png: 8.390 ms
/ultralytics/zoo/dataset/CIFAR100/deer/data_batch_1_00003.png: 7.446 ms
/ultralytics/zoo/dataset/CIFAR100/deer/data_batch_1_00010.png: 8.023 ms
/ultralytics/zoo/dataset/CIFAR100/deer/data_batch_1_00020.png: 9.212 ms
/ultralytics/zoo/dataset/CIFAR100/deer/data_batch_1_00028.png: 8.184 ms
/ultralytics/zoo/dataset/CIFAR100/deer/data_batch_1_00034.png: 7.616 ms
/ultralytics/zoo/dataset/CIFAR100/deer/data_batch_1_00058.png: 8.301 ms
/ultralytics/zoo/dataset/CIFAR100/deer/data_batch_1_00066.png: 7.565 ms
/ultralytics/zoo/dataset/CIFAR100/deer/data_batch_1_00082.png: 7.313 ms
/ultralytics/zoo/dataset/CIFAR100/deer/data_batch_1_00086.png: 7.334 ms
/ultralytics/zoo/dataset/CIFAR100/deer/data_batch_1_00089.png: 7.597 ms
/ultralytics/zoo/dataset/CIFAR100/dog/data_batch_1_00027.png: 8.733 ms
/ultralytics/zoo/dataset/CIFAR100/dog/data_batch_1_00040.png: 7.716 ms
/ultralytics/zoo/dataset/CIFAR100/dog/data_batch_1_00051.png: 7.822 ms
/ultralytics/zoo/dataset/CIFAR100/dog/data_batch_1_00056.png: 8.634 ms
/ultralytics/zoo/dataset/CIFAR100/dog/data_batch_1_00070.png: 9.212 ms
/ultralytics/zoo/dataset/CIFAR100/dog/data_batch_1_00081.png: 9.470 ms
/ultralytics/zoo/dataset/CIFAR100/dog/data_batch_1_00083.png: 8.820 ms
/ultralytics/zoo/dataset/CIFAR100/dog/data_batch_1_00107.png: 8.956 ms
/ultralytics/zoo/dataset/CIFAR100/dog/data_batch_1_00128.png: 8.581 ms
/ultralytics/zoo/dataset/CIFAR100/dog/data_batch_1_00148.png: 8.496 ms
/ultralytics/zoo/dataset/CIFAR100/frog/data_batch_1_00000.png: 8.829 ms
/ultralytics/zoo/dataset/CIFAR100/frog/data_batch_1_00019.png: 8.866 ms
/ultralytics/zoo/dataset/CIFAR100/frog/data_batch_1_00022.png: 9.107 ms
/ultralytics/zoo/dataset/CIFAR100/frog/data_batch_1_00023.png: 8.979 ms
/ultralytics/zoo/dataset/CIFAR100/frog/data_batch_1_00025.png: 8.051 ms
/ultralytics/zoo/dataset/CIFAR100/frog/data_batch_1_00072.png: 7.775 ms
/ultralytics/zoo/dataset/CIFAR100/frog/data_batch_1_00095.png: 8.502 ms
/ultralytics/zoo/dataset/CIFAR100/frog/data_batch_1_00103.png: 8.735 ms
/ultralytics/zoo/dataset/CIFAR100/frog/data_batch_1_00104.png: 8.706 ms
/ultralytics/zoo/dataset/CIFAR100/frog/data_batch_1_00117.png: 8.606 ms
/ultralytics/zoo/dataset/CIFAR100/horse/data_batch_1_00007.png: 8.418 ms
/ultralytics/zoo/dataset/CIFAR100/horse/data_batch_1_00011.png: 8.635 ms
/ultralytics/zoo/dataset/CIFAR100/horse/data_batch_1_00012.png: 8.428 ms
/ultralytics/zoo/dataset/CIFAR100/horse/data_batch_1_00037.png: 8.843 ms
/ultralytics/zoo/dataset/CIFAR100/horse/data_batch_1_00043.png: 8.680 ms
/ultralytics/zoo/dataset/CIFAR100/horse/data_batch_1_00052.png: 8.541 ms
/ultralytics/zoo/dataset/CIFAR100/horse/data_batch_1_00068.png: 8.391 ms
/ultralytics/zoo/dataset/CIFAR100/horse/data_batch_1_00073.png: 8.457 ms
/ultralytics/zoo/dataset/CIFAR100/horse/data_batch_1_00084.png: 8.619 ms
/ultralytics/zoo/dataset/CIFAR100/horse/data_batch_1_00085.png: 9.466 ms
/ultralytics/zoo/dataset/CIFAR100/ship/data_batch_1_00008.png: 9.352 ms
/ultralytics/zoo/dataset/CIFAR100/ship/data_batch_1_00062.png: 8.681 ms
/ultralytics/zoo/dataset/CIFAR100/ship/data_batch_1_00069.png: 8.652 ms
/ultralytics/zoo/dataset/CIFAR100/ship/data_batch_1_00092.png: 9.054 ms
/ultralytics/zoo/dataset/CIFAR100/ship/data_batch_1_00100.png: 8.679 ms
/ultralytics/zoo/dataset/CIFAR100/ship/data_batch_1_00106.png: 8.585 ms
/ultralytics/zoo/dataset/CIFAR100/ship/data_batch_1_00111.png: 8.420 ms
/ultralytics/zoo/dataset/CIFAR100/ship/data_batch_1_00135.png: 8.411 ms
/ultralytics/zoo/dataset/CIFAR100/ship/data_batch_1_00139.png: 8.394 ms
/ultralytics/zoo/dataset/CIFAR100/ship/data_batch_1_00155.png: 8.833 ms
/ultralytics/zoo/dataset/CIFAR100/truck/data_batch_1_00001.png: 8.695 ms
/ultralytics/zoo/dataset/CIFAR100/truck/data_batch_1_00002.png: 8.902 ms
/ultralytics/zoo/dataset/CIFAR100/truck/data_batch_1_00014.png: 8.529 ms
/ultralytics/zoo/dataset/CIFAR100/truck/data_batch_1_00015.png: 8.659 ms
/ultralytics/zoo/dataset/CIFAR100/truck/data_batch_1_00016.png: 8.594 ms
/ultralytics/zoo/dataset/CIFAR100/truck/data_batch_1_00031.png: 8.603 ms
/ultralytics/zoo/dataset/CIFAR100/truck/data_batch_1_00050.png: 8.571 ms
/ultralytics/zoo/dataset/CIFAR100/truck/data_batch_1_00053.png: 8.842 ms
/ultralytics/zoo/dataset/CIFAR100/truck/data_batch_1_00067.png: 8.854 ms
/ultralytics/zoo/dataset/CIFAR100/truck/data_batch_1_00071.png: 8.563 ms
avg: 8.197 ms

