[yolo11n-obb] dataset=/ultralytics/zoo/dataset/DOTA100/images count=100 imgsz=640
Using CUDA runtime cudaDeviceSynchronize() for accurate TensorRT synchronization
/ultralytics/zoo/dataset/DOTA100/images/train/000000000025.jpg: 32.271 ms
/ultralytics/zoo/dataset/DOTA100/images/train/000000000034.jpg: 24.689 ms
/ultralytics/zoo/dataset/DOTA100/images/train/000000000036.jpg: 22.693 ms
/ultralytics/zoo/dataset/DOTA100/images/train/000000000042.jpg: 26.317 ms
/ultralytics/zoo/dataset/DOTA100/images/train/000000000064.jpg: 24.411 ms
/ultralytics/zoo/dataset/DOTA100/images/train/000000000071.jpg: 24.691 ms
/ultralytics/zoo/dataset/DOTA100/images/train/000000000073.jpg: 25.846 ms
/ultralytics/zoo/dataset/DOTA100/images/train/000000000074.jpg: 21.717 ms
/ultralytics/zoo/dataset/DOTA100/images/train/000000000078.jpg: 29.843 ms
/ultralytics/zoo/dataset/DOTA100/images/train/000000000089.jpg: 20.649 ms
/ultralytics/zoo/dataset/DOTA100/images/train/000000000094.jpg: 17.682 ms
/ultralytics/zoo/dataset/DOTA100/images/train/000000000110.jpg: 18.697 ms
/ultralytics/zoo/dataset/DOTA100/images/train/000000000136.jpg: 22.278 ms
/ultralytics/zoo/dataset/DOTA100/images/train/000000000138.jpg: 21.690 ms
/ultralytics/zoo/dataset/DOTA100/images/train/000000000142.jpg: 21.316 ms
/ultralytics/zoo/dataset/DOTA100/images/train/000000000143.jpg: 28.062 ms
/ultralytics/zoo/dataset/DOTA100/images/train/000000000151.jpg: 23.520 ms
/ultralytics/zoo/dataset/DOTA100/images/train/000000000154.jpg: 14.655 ms
/ultralytics/zoo/dataset/DOTA100/images/train/000000000164.jpg: 21.997 ms
/ultralytics/zoo/dataset/DOTA100/images/train/000000000196.jpg: 22.449 ms
/ultralytics/zoo/dataset/DOTA100/images/train/000000000208.jpg: 18.832 ms
/ultralytics/zoo/dataset/DOTA100/images/train/000000000241.jpg: 23.134 ms
/ultralytics/zoo/dataset/DOTA100/images/train/000000000247.jpg: 14.250 ms
/ultralytics/zoo/dataset/DOTA100/images/train/000000000260.jpg: 21.432 ms
/ultralytics/zoo/dataset/DOTA100/images/train/000000000294.jpg: 24.503 ms
/ultralytics/zoo/dataset/DOTA100/images/train/000000000308.jpg: 21.101 ms
/ultralytics/zoo/dataset/DOTA100/images/train/000000000309.jpg: 24.597 ms
/ultralytics/zoo/dataset/DOTA100/images/train/000000000312.jpg: 22.085 ms
/ultralytics/zoo/dataset/DOTA100/images/train/000000000321.jpg: 15.558 ms
/ultralytics/zoo/dataset/DOTA100/images/train/000000000322.jpg: 26.598 ms
/ultralytics/zoo/dataset/DOTA100/images/train/000000000326.jpg: 17.727 ms
/ultralytics/zoo/dataset/DOTA100/images/train/000000000328.jpg: 25.966 ms
/ultralytics/zoo/dataset/DOTA100/images/train/000000000338.jpg: 13.584 ms
/ultralytics/zoo/dataset/DOTA100/images/train/000000000357.jpg: 21.746 ms
/ultralytics/zoo/dataset/DOTA100/images/train/000000000360.jpg: 19.712 ms
/ultralytics/zoo/dataset/DOTA100/images/train/000000000368.jpg: 24.169 ms
/ultralytics/zoo/dataset/DOTA100/images/train/000000000382.jpg: 20.422 ms
/ultralytics/zoo/dataset/DOTA100/images/train/000000000387.jpg: 22.387 ms
/ultralytics/zoo/dataset/DOTA100/images/train/000000000389.jpg: 31.030 ms
/ultralytics/zoo/dataset/DOTA100/images/train/000000000395.jpg: 19.507 ms
/ultralytics/zoo/dataset/DOTA100/images/train/000000000400.jpg: 23.035 ms
/ultralytics/zoo/dataset/DOTA100/images/train/000000000404.jpg: 18.084 ms
/ultralytics/zoo/dataset/DOTA100/images/train/000000000415.jpg: 28.014 ms
/ultralytics/zoo/dataset/DOTA100/images/train/000000000419.jpg: 20.896 ms
/ultralytics/zoo/dataset/DOTA100/images/train/000000000431.jpg: 18.348 ms
/ultralytics/zoo/dataset/DOTA100/images/train/000000000436.jpg: 19.127 ms
/ultralytics/zoo/dataset/DOTA100/images/train/000000000438.jpg: 24.956 ms
/ultralytics/zoo/dataset/DOTA100/images/train/000000000443.jpg: 15.186 ms
/ultralytics/zoo/dataset/DOTA100/images/train/000000000450.jpg: 15.870 ms
/ultralytics/zoo/dataset/DOTA100/images/train/000000000459.jpg: 24.618 ms
/ultralytics/zoo/dataset/DOTA100/images/train/000000000471.jpg: 17.064 ms
/ultralytics/zoo/dataset/DOTA100/images/train/000000000472.jpg: 23.052 ms
/ultralytics/zoo/dataset/DOTA100/images/train/000000000488.jpg: 15.700 ms
/ultralytics/zoo/dataset/DOTA100/images/train/000000000491.jpg: 23.700 ms
/ultralytics/zoo/dataset/DOTA100/images/train/000000000502.jpg: 20.427 ms
/ultralytics/zoo/dataset/DOTA100/images/train/000000000508.jpg: 18.923 ms
/ultralytics/zoo/dataset/DOTA100/images/train/000000000520.jpg: 28.563 ms
/ultralytics/zoo/dataset/DOTA100/images/train/000000000529.jpg: 19.020 ms
/ultralytics/zoo/dataset/DOTA100/images/train/000000000531.jpg: 18.055 ms
/ultralytics/zoo/dataset/DOTA100/images/train/000000000540.jpg: 29.732 ms
/ultralytics/zoo/dataset/DOTA100/images/train/000000000544.jpg: 31.411 ms
/ultralytics/zoo/dataset/DOTA100/images/train/000000000560.jpg: 27.609 ms
/ultralytics/zoo/dataset/DOTA100/images/train/000000000562.jpg: 20.459 ms
/ultralytics/zoo/dataset/DOTA100/images/train/000000000564.jpg: 19.256 ms
/ultralytics/zoo/dataset/DOTA100/images/train/000000000572.jpg: 21.091 ms
/ultralytics/zoo/dataset/DOTA100/images/train/000000000575.jpg: 22.126 ms
/ultralytics/zoo/dataset/DOTA100/images/train/000000000581.jpg: 23.896 ms
/ultralytics/zoo/dataset/DOTA100/images/train/000000000584.jpg: 16.772 ms
/ultralytics/zoo/dataset/DOTA100/images/train/000000000590.jpg: 24.454 ms
/ultralytics/zoo/dataset/DOTA100/images/train/000000000595.jpg: 20.995 ms
/ultralytics/zoo/dataset/DOTA100/images/train/000000000597.jpg: 16.715 ms
/ultralytics/zoo/dataset/DOTA100/images/train/000000000599.jpg: 21.581 ms
/ultralytics/zoo/dataset/DOTA100/images/train/000000000620.jpg: 19.499 ms
/ultralytics/zoo/dataset/DOTA100/images/train/000000000625.jpg: 18.658 ms
/ultralytics/zoo/dataset/DOTA100/images/train/000000000626.jpg: 24.953 ms
/ultralytics/zoo/dataset/DOTA100/images/train/000000000629.jpg: 23.244 ms
/ultralytics/zoo/dataset/DOTA100/images/train/000000000636.jpg: 20.805 ms
/ultralytics/zoo/dataset/DOTA100/images/train/000000000641.jpg: 22.581 ms
/ultralytics/zoo/dataset/DOTA100/images/train/000000000643.jpg: 27.742 ms
/ultralytics/zoo/dataset/DOTA100/images/train/000000000650.jpg: 16.067 ms
/ultralytics/zoo/dataset/DOTA100/images/val/000000000009.jpg: 23.255 ms
/ultralytics/zoo/dataset/DOTA100/images/val/000000000049.jpg: 25.184 ms
/ultralytics/zoo/dataset/DOTA100/images/val/000000000077.jpg: 19.416 ms
/ultralytics/zoo/dataset/DOTA100/images/val/000000000133.jpg: 20.377 ms
/ultralytics/zoo/dataset/DOTA100/images/val/000000000144.jpg: 22.830 ms
/ultralytics/zoo/dataset/DOTA100/images/val/000000000201.jpg: 22.197 ms
/ultralytics/zoo/dataset/DOTA100/images/val/000000000263.jpg: 16.295 ms
/ultralytics/zoo/dataset/DOTA100/images/val/000000000315.jpg: 20.779 ms
/ultralytics/zoo/dataset/DOTA100/images/val/000000000332.jpg: 19.058 ms
/ultralytics/zoo/dataset/DOTA100/images/val/000000000370.jpg: 21.246 ms
/ultralytics/zoo/dataset/DOTA100/images/val/000000000397.jpg: 25.567 ms
/ultralytics/zoo/dataset/DOTA100/images/val/000000000428.jpg: 22.408 ms
/ultralytics/zoo/dataset/DOTA100/images/val/000000000446.jpg: 15.861 ms
/ultralytics/zoo/dataset/DOTA100/images/val/000000000474.jpg: 19.970 ms
/ultralytics/zoo/dataset/DOTA100/images/val/000000000510.jpg: 24.016 ms
/ultralytics/zoo/dataset/DOTA100/images/val/000000000542.jpg: 18.663 ms
/ultralytics/zoo/dataset/DOTA100/images/val/000000000569.jpg: 19.279 ms
/ultralytics/zoo/dataset/DOTA100/images/val/000000000589.jpg: 14.135 ms
/ultralytics/zoo/dataset/DOTA100/images/val/000000000612.jpg: 22.507 ms
/ultralytics/zoo/dataset/DOTA100/images/val/000000000634.jpg: 19.964 ms
avg: 21.691 ms
