[yolo11n-cls] dataset=/ultralytics/zoo/dataset/CIFAR100 count=100 imgsz=224
Using CUDA runtime cudaDeviceSynchronize() for accurate TensorRT synchronization
/ultralytics/zoo/dataset/CIFAR100/airplane/data_batch_1_00029.png: 8.101 ms
/ultralytics/zoo/dataset/CIFAR100/airplane/data_batch_1_00030.png: 7.545 ms
/ultralytics/zoo/dataset/CIFAR100/airplane/data_batch_1_00035.png: 7.290 ms
/ultralytics/zoo/dataset/CIFAR100/airplane/data_batch_1_00049.png: 7.111 ms
/ultralytics/zoo/dataset/CIFAR100/airplane/data_batch_1_00077.png: 7.046 ms
/ultralytics/zoo/dataset/CIFAR100/airplane/data_batch_1_00093.png: 6.988 ms
/ultralytics/zoo/dataset/CIFAR100/airplane/data_batch_1_00115.png: 7.036 ms
/ultralytics/zoo/dataset/CIFAR100/airplane/data_batch_1_00116.png: 7.120 ms
/ultralytics/zoo/dataset/CIFAR100/airplane/data_batch_1_00129.png: 6.977 ms
/ultralytics/zoo/dataset/CIFAR100/airplane/data_batch_1_00165.png: 7.164 ms
/ultralytics/zoo/dataset/CIFAR100/automobile/data_batch_1_00004.png: 7.118 ms
/ultralytics/zoo/dataset/CIFAR100/automobile/data_batch_1_00005.png: 7.054 ms
/ultralytics/zoo/dataset/CIFAR100/automobile/data_batch_1_00032.png: 7.043 ms
/ultralytics/zoo/dataset/CIFAR100/automobile/data_batch_1_00044.png: 7.136 ms
/ultralytics/zoo/dataset/CIFAR100/automobile/data_batch_1_00045.png: 7.205 ms
/ultralytics/zoo/dataset/CIFAR100/automobile/data_batch_1_00046.png: 7.160 ms
/ultralytics/zoo/dataset/CIFAR100/automobile/data_batch_1_00060.png: 7.266 ms
/ultralytics/zoo/dataset/CIFAR100/automobile/data_batch_1_00061.png: 7.154 ms
/ultralytics/zoo/dataset/CIFAR100/automobile/data_batch_1_00064.png: 7.404 ms
/ultralytics/zoo/dataset/CIFAR100/automobile/data_batch_1_00065.png: 7.361 ms
/ultralytics/zoo/dataset/CIFAR100/bird/data_batch_1_00006.png: 7.427 ms
/ultralytics/zoo/dataset/CIFAR100/bird/data_batch_1_00013.png: 7.395 ms
/ultralytics/zoo/dataset/CIFAR100/bird/data_batch_1_00018.png: 7.651 ms
/ultralytics/zoo/dataset/CIFAR100/bird/data_batch_1_00024.png: 8.774 ms
/ultralytics/zoo/dataset/CIFAR100/bird/data_batch_1_00041.png: 7.767 ms
/ultralytics/zoo/dataset/CIFAR100/bird/data_batch_1_00042.png: 7.674 ms
/ultralytics/zoo/dataset/CIFAR100/bird/data_batch_1_00047.png: 8.313 ms
/ultralytics/zoo/dataset/CIFAR100/bird/data_batch_1_00048.png: 7.602 ms
/ultralytics/zoo/dataset/CIFAR100/bird/data_batch_1_00054.png: 8.262 ms
/ultralytics/zoo/dataset/CIFAR100/bird/data_batch_1_00055.png: 8.829 ms
/ultralytics/zoo/dataset/CIFAR100/cat/data_batch_1_00009.png: 9.314 ms
/ultralytics/zoo/dataset/CIFAR100/cat/data_batch_1_00017.png: 9.230 ms
/ultralytics/zoo/dataset/CIFAR100/cat/data_batch_1_00021.png: 8.481 ms
/ultralytics/zoo/dataset/CIFAR100/cat/data_batch_1_00026.png: 7.928 ms
/ultralytics/zoo/dataset/CIFAR100/cat/data_batch_1_00033.png: 8.442 ms
/ultralytics/zoo/dataset/CIFAR100/cat/data_batch_1_00036.png: 9.019 ms
/ultralytics/zoo/dataset/CIFAR100/cat/data_batch_1_00038.png: 7.820 ms
/ultralytics/zoo/dataset/CIFAR100/cat/data_batch_1_00039.png: 7.454 ms
/ultralytics/zoo/dataset/CIFAR100/cat/data_batch_1_00059.png: 8.142 ms
/ultralytics/zoo/dataset/CIFAR100/cat/data_batch_1_00074.png: 8.390 ms
/ultralytics/zoo/dataset/CIFAR100/deer/data_batch_1_00003.png: 7.446 ms
/ultralytics/zoo/dataset/CIFAR100/deer/data_batch_1_00010.png: 8.023 ms
/ultralytics/zoo/dataset/CIFAR100/deer/data_batch_1_00020.png: 9.212 ms
/ultralytics/zoo/dataset/CIFAR100/deer/data_batch_1_00028.png: 8.184 ms
/ultralytics/zoo/dataset/CIFAR100/deer/data_batch_1_00034.png: 7.616 ms
/ultralytics/zoo/dataset/CIFAR100/deer/data_batch_1_00058.png: 8.301 ms
/ultralytics/zoo/dataset/CIFAR100/deer/data_batch_1_00066.png: 7.565 ms
/ultralytics/zoo/dataset/CIFAR100/deer/data_batch_1_00082.png: 7.313 ms
/ultralytics/zoo/dataset/CIFAR100/deer/data_batch_1_00086.png: 7.334 ms
/ultralytics/zoo/dataset/CIFAR100/deer/data_batch_1_00089.png: 7.597 ms
/ultralytics/zoo/dataset/CIFAR100/dog/data_batch_1_00027.png: 8.733 ms
/ultralytics/zoo/dataset/CIFAR100/dog/data_batch_1_00040.png: 7.716 ms
/ultralytics/zoo/dataset/CIFAR100/dog/data_batch_1_00051.png: 7.822 ms
/ultralytics/zoo/dataset/CIFAR100/dog/data_batch_1_00056.png: 8.634 ms
/ultralytics/zoo/dataset/CIFAR100/dog/data_batch_1_00070.png: 9.212 ms
/ultralytics/zoo/dataset/CIFAR100/dog/data_batch_1_00081.png: 9.470 ms
/ultralytics/zoo/dataset/CIFAR100/dog/data_batch_1_00083.png: 8.820 ms
/ultralytics/zoo/dataset/CIFAR100/dog/data_batch_1_00107.png: 8.956 ms
/ultralytics/zoo/dataset/CIFAR100/dog/data_batch_1_00128.png: 8.581 ms
/ultralytics/zoo/dataset/CIFAR100/dog/data_batch_1_00148.png: 8.496 ms
/ultralytics/zoo/dataset/CIFAR100/frog/data_batch_1_00000.png: 8.829 ms
/ultralytics/zoo/dataset/CIFAR100/frog/data_batch_1_00019.png: 8.866 ms
/ultralytics/zoo/dataset/CIFAR100/frog/data_batch_1_00022.png: 9.107 ms
/ultralytics/zoo/dataset/CIFAR100/frog/data_batch_1_00023.png: 8.979 ms
/ultralytics/zoo/dataset/CIFAR100/frog/data_batch_1_00025.png: 8.051 ms
/ultralytics/zoo/dataset/CIFAR100/frog/data_batch_1_00072.png: 7.775 ms
/ultralytics/zoo/dataset/CIFAR100/frog/data_batch_1_00095.png: 8.502 ms
/ultralytics/zoo/dataset/CIFAR100/frog/data_batch_1_00103.png: 8.735 ms
/ultralytics/zoo/dataset/CIFAR100/frog/data_batch_1_00104.png: 8.706 ms
/ultralytics/zoo/dataset/CIFAR100/frog/data_batch_1_00117.png: 8.606 ms
/ultralytics/zoo/dataset/CIFAR100/horse/data_batch_1_00007.png: 8.418 ms
/ultralytics/zoo/dataset/CIFAR100/horse/data_batch_1_00011.png: 8.635 ms
/ultralytics/zoo/dataset/CIFAR100/horse/data_batch_1_00012.png: 8.428 ms
/ultralytics/zoo/dataset/CIFAR100/horse/data_batch_1_00037.png: 8.843 ms
/ultralytics/zoo/dataset/CIFAR100/horse/data_batch_1_00043.png: 8.680 ms
/ultralytics/zoo/dataset/CIFAR100/horse/data_batch_1_00052.png: 8.541 ms
/ultralytics/zoo/dataset/CIFAR100/horse/data_batch_1_00068.png: 8.391 ms
/ultralytics/zoo/dataset/CIFAR100/horse/data_batch_1_00073.png: 8.457 ms
/ultralytics/zoo/dataset/CIFAR100/horse/data_batch_1_00084.png: 8.619 ms
/ultralytics/zoo/dataset/CIFAR100/horse/data_batch_1_00085.png: 9.466 ms
/ultralytics/zoo/dataset/CIFAR100/ship/data_batch_1_00008.png: 9.352 ms
/ultralytics/zoo/dataset/CIFAR100/ship/data_batch_1_00062.png: 8.681 ms
/ultralytics/zoo/dataset/CIFAR100/ship/data_batch_1_00069.png: 8.652 ms
/ultralytics/zoo/dataset/CIFAR100/ship/data_batch_1_00092.png: 9.054 ms
/ultralytics/zoo/dataset/CIFAR100/ship/data_batch_1_00100.png: 8.679 ms
/ultralytics/zoo/dataset/CIFAR100/ship/data_batch_1_00106.png: 8.585 ms
/ultralytics/zoo/dataset/CIFAR100/ship/data_batch_1_00111.png: 8.420 ms
/ultralytics/zoo/dataset/CIFAR100/ship/data_batch_1_00135.png: 8.411 ms
/ultralytics/zoo/dataset/CIFAR100/ship/data_batch_1_00139.png: 8.394 ms
/ultralytics/zoo/dataset/CIFAR100/ship/data_batch_1_00155.png: 8.833 ms
/ultralytics/zoo/dataset/CIFAR100/truck/data_batch_1_00001.png: 8.695 ms
/ultralytics/zoo/dataset/CIFAR100/truck/data_batch_1_00002.png: 8.902 ms
/ultralytics/zoo/dataset/CIFAR100/truck/data_batch_1_00014.png: 8.529 ms
/ultralytics/zoo/dataset/CIFAR100/truck/data_batch_1_00015.png: 8.659 ms
/ultralytics/zoo/dataset/CIFAR100/truck/data_batch_1_00016.png: 8.594 ms
/ultralytics/zoo/dataset/CIFAR100/truck/data_batch_1_00031.png: 8.603 ms
/ultralytics/zoo/dataset/CIFAR100/truck/data_batch_1_00050.png: 8.571 ms
/ultralytics/zoo/dataset/CIFAR100/truck/data_batch_1_00053.png: 8.842 ms
/ultralytics/zoo/dataset/CIFAR100/truck/data_batch_1_00067.png: 8.854 ms
/ultralytics/zoo/dataset/CIFAR100/truck/data_batch_1_00071.png: 8.563 ms
avg: 8.197 ms
