[yolo11n-obb] dataset=/ultralytics/zoo/dataset/DOTA100/images count=100 imgsz=640
Using CUDA runtime cudaDeviceSynchronize() for accurate TensorRT synchronization
/ultralytics/zoo/dataset/DOTA100/images/train/000000000025.jpg: 28.772 ms
/ultralytics/zoo/dataset/DOTA100/images/train/000000000034.jpg: 23.226 ms
/ultralytics/zoo/dataset/DOTA100/images/train/000000000036.jpg: 25.148 ms
/ultralytics/zoo/dataset/DOTA100/images/train/000000000042.jpg: 22.743 ms
/ultralytics/zoo/dataset/DOTA100/images/train/000000000064.jpg: 21.984 ms
/ultralytics/zoo/dataset/DOTA100/images/train/000000000071.jpg: 20.500 ms
/ultralytics/zoo/dataset/DOTA100/images/train/000000000073.jpg: 25.059 ms
/ultralytics/zoo/dataset/DOTA100/images/train/000000000074.jpg: 26.158 ms
/ultralytics/zoo/dataset/DOTA100/images/train/000000000078.jpg: 42.613 ms
/ultralytics/zoo/dataset/DOTA100/images/train/000000000089.jpg: 40.099 ms
/ultralytics/zoo/dataset/DOTA100/images/train/000000000094.jpg: 21.114 ms
/ultralytics/zoo/dataset/DOTA100/images/train/000000000110.jpg: 22.725 ms
/ultralytics/zoo/dataset/DOTA100/images/train/000000000136.jpg: 25.028 ms
/ultralytics/zoo/dataset/DOTA100/images/train/000000000138.jpg: 27.203 ms
/ultralytics/zoo/dataset/DOTA100/images/train/000000000142.jpg: 32.024 ms
/ultralytics/zoo/dataset/DOTA100/images/train/000000000143.jpg: 29.705 ms
/ultralytics/zoo/dataset/DOTA100/images/train/000000000151.jpg: 24.602 ms
/ultralytics/zoo/dataset/DOTA100/images/train/000000000154.jpg: 16.106 ms
/ultralytics/zoo/dataset/DOTA100/images/train/000000000164.jpg: 21.322 ms
/ultralytics/zoo/dataset/DOTA100/images/train/000000000196.jpg: 34.061 ms
/ultralytics/zoo/dataset/DOTA100/images/train/000000000208.jpg: 25.280 ms
/ultralytics/zoo/dataset/DOTA100/images/train/000000000241.jpg: 30.624 ms
/ultralytics/zoo/dataset/DOTA100/images/train/000000000247.jpg: 21.618 ms
/ultralytics/zoo/dataset/DOTA100/images/train/000000000260.jpg: 18.469 ms
/ultralytics/zoo/dataset/DOTA100/images/train/000000000294.jpg: 29.159 ms
/ultralytics/zoo/dataset/DOTA100/images/train/000000000308.jpg: 20.749 ms
/ultralytics/zoo/dataset/DOTA100/images/train/000000000309.jpg: 26.781 ms
/ultralytics/zoo/dataset/DOTA100/images/train/000000000312.jpg: 23.452 ms
/ultralytics/zoo/dataset/DOTA100/images/train/000000000321.jpg: 20.705 ms
/ultralytics/zoo/dataset/DOTA100/images/train/000000000322.jpg: 22.836 ms
/ultralytics/zoo/dataset/DOTA100/images/train/000000000326.jpg: 19.756 ms
/ultralytics/zoo/dataset/DOTA100/images/train/000000000328.jpg: 25.631 ms
/ultralytics/zoo/dataset/DOTA100/images/train/000000000338.jpg: 17.692 ms
/ultralytics/zoo/dataset/DOTA100/images/train/000000000357.jpg: 17.065 ms
/ultralytics/zoo/dataset/DOTA100/images/train/000000000360.jpg: 20.658 ms
/ultralytics/zoo/dataset/DOTA100/images/train/000000000368.jpg: 26.290 ms
/ultralytics/zoo/dataset/DOTA100/images/train/000000000382.jpg: 18.269 ms
/ultralytics/zoo/dataset/DOTA100/images/train/000000000387.jpg: 27.865 ms
/ultralytics/zoo/dataset/DOTA100/images/train/000000000389.jpg: 23.551 ms
/ultralytics/zoo/dataset/DOTA100/images/train/000000000395.jpg: 20.855 ms
/ultralytics/zoo/dataset/DOTA100/images/train/000000000400.jpg: 22.729 ms
/ultralytics/zoo/dataset/DOTA100/images/train/000000000404.jpg: 21.313 ms
/ultralytics/zoo/dataset/DOTA100/images/train/000000000415.jpg: 23.627 ms
/ultralytics/zoo/dataset/DOTA100/images/train/000000000419.jpg: 19.768 ms
/ultralytics/zoo/dataset/DOTA100/images/train/000000000431.jpg: 19.388 ms
/ultralytics/zoo/dataset/DOTA100/images/train/000000000436.jpg: 18.446 ms
/ultralytics/zoo/dataset/DOTA100/images/train/000000000438.jpg: 25.239 ms
/ultralytics/zoo/dataset/DOTA100/images/train/000000000443.jpg: 19.131 ms
/ultralytics/zoo/dataset/DOTA100/images/train/000000000450.jpg: 16.728 ms
/ultralytics/zoo/dataset/DOTA100/images/train/000000000459.jpg: 27.486 ms
/ultralytics/zoo/dataset/DOTA100/images/train/000000000471.jpg: 16.964 ms
/ultralytics/zoo/dataset/DOTA100/images/train/000000000472.jpg: 14.794 ms
/ultralytics/zoo/dataset/DOTA100/images/train/000000000488.jpg: 33.616 ms
/ultralytics/zoo/dataset/DOTA100/images/train/000000000491.jpg: 25.065 ms
/ultralytics/zoo/dataset/DOTA100/images/train/000000000502.jpg: 25.879 ms
/ultralytics/zoo/dataset/DOTA100/images/train/000000000508.jpg: 26.530 ms
/ultralytics/zoo/dataset/DOTA100/images/train/000000000520.jpg: 31.339 ms
/ultralytics/zoo/dataset/DOTA100/images/train/000000000529.jpg: 18.712 ms
/ultralytics/zoo/dataset/DOTA100/images/train/000000000531.jpg: 24.632 ms
/ultralytics/zoo/dataset/DOTA100/images/train/000000000540.jpg: 21.332 ms
/ultralytics/zoo/dataset/DOTA100/images/train/000000000544.jpg: 22.477 ms
/ultralytics/zoo/dataset/DOTA100/images/train/000000000560.jpg: 26.077 ms
/ultralytics/zoo/dataset/DOTA100/images/train/000000000562.jpg: 20.807 ms
/ultralytics/zoo/dataset/DOTA100/images/train/000000000564.jpg: 22.632 ms
/ultralytics/zoo/dataset/DOTA100/images/train/000000000572.jpg: 19.655 ms
/ultralytics/zoo/dataset/DOTA100/images/train/000000000575.jpg: 20.402 ms
/ultralytics/zoo/dataset/DOTA100/images/train/000000000581.jpg: 18.456 ms
/ultralytics/zoo/dataset/DOTA100/images/train/000000000584.jpg: 16.054 ms
/ultralytics/zoo/dataset/DOTA100/images/train/000000000590.jpg: 23.473 ms
/ultralytics/zoo/dataset/DOTA100/images/train/000000000595.jpg: 19.734 ms
/ultralytics/zoo/dataset/DOTA100/images/train/000000000597.jpg: 18.506 ms
/ultralytics/zoo/dataset/DOTA100/images/train/000000000599.jpg: 24.076 ms
/ultralytics/zoo/dataset/DOTA100/images/train/000000000620.jpg: 20.749 ms
/ultralytics/zoo/dataset/DOTA100/images/train/000000000625.jpg: 15.674 ms
/ultralytics/zoo/dataset/DOTA100/images/train/000000000626.jpg: 31.643 ms
/ultralytics/zoo/dataset/DOTA100/images/train/000000000629.jpg: 22.268 ms
/ultralytics/zoo/dataset/DOTA100/images/train/000000000636.jpg: 21.255 ms
/ultralytics/zoo/dataset/DOTA100/images/train/000000000641.jpg: 25.110 ms
/ultralytics/zoo/dataset/DOTA100/images/train/000000000643.jpg: 28.738 ms
/ultralytics/zoo/dataset/DOTA100/images/train/000000000650.jpg: 21.098 ms
/ultralytics/zoo/dataset/DOTA100/images/val/000000000009.jpg: 14.795 ms
/ultralytics/zoo/dataset/DOTA100/images/val/000000000049.jpg: 19.310 ms
/ultralytics/zoo/dataset/DOTA100/images/val/000000000077.jpg: 25.800 ms
/ultralytics/zoo/dataset/DOTA100/images/val/000000000133.jpg: 18.549 ms
/ultralytics/zoo/dataset/DOTA100/images/val/000000000144.jpg: 27.349 ms
/ultralytics/zoo/dataset/DOTA100/images/val/000000000201.jpg: 20.284 ms
/ultralytics/zoo/dataset/DOTA100/images/val/000000000263.jpg: 15.939 ms
/ultralytics/zoo/dataset/DOTA100/images/val/000000000315.jpg: 23.240 ms
/ultralytics/zoo/dataset/DOTA100/images/val/000000000332.jpg: 14.103 ms
/ultralytics/zoo/dataset/DOTA100/images/val/000000000370.jpg: 22.472 ms
/ultralytics/zoo/dataset/DOTA100/images/val/000000000397.jpg: 28.666 ms
/ultralytics/zoo/dataset/DOTA100/images/val/000000000428.jpg: 23.691 ms
/ultralytics/zoo/dataset/DOTA100/images/val/000000000446.jpg: 17.419 ms
/ultralytics/zoo/dataset/DOTA100/images/val/000000000474.jpg: 20.834 ms
/ultralytics/zoo/dataset/DOTA100/images/val/000000000510.jpg: 25.220 ms
/ultralytics/zoo/dataset/DOTA100/images/val/000000000542.jpg: 14.376 ms
/ultralytics/zoo/dataset/DOTA100/images/val/000000000569.jpg: 22.259 ms
/ultralytics/zoo/dataset/DOTA100/images/val/000000000589.jpg: 16.928 ms
/ultralytics/zoo/dataset/DOTA100/images/val/000000000612.jpg: 28.258 ms
/ultralytics/zoo/dataset/DOTA100/images/val/000000000634.jpg: 25.444 ms
avg: 23.040 ms
